[37m2024-08-11 19:41:22,846 [INFO] - Instantiated Logger. WandB init and config update finished.
[37m2024-08-11 19:41:22,848 [INFO] - Run ist stored here: /cellvit/logs_paper/Head-Evaluation/ocelot/Virchow/Amount/No-Aug/5/Seed-5/2024-08-11T194112_CellViT-Virchow-5Percent
[37m2024-08-11 19:41:22,959 [INFO] - Cuda devices: [<torch.cuda.device object at 0x7fb620bd9630>]
[37m2024-08-11 19:41:22,966 [INFO] - Using GPU: cuda:0
[37m2024-08-11 19:41:22,971 [INFO] - Using device: cuda:0
[37m2024-08-11 19:41:22,976 [INFO] - Loss function:
[37m2024-08-11 19:41:22,982 [INFO] - CrossEntropyLoss()
[37m2024-08-11 19:41:28,428 [INFO] - <All keys matched successfully>
[37m2024-08-11 19:41:29,412 [INFO] -
==========================================================================================
Layer (type:depth-idx)                   Output Shape              Param #
==========================================================================================
LinearClassifier                         [1, 2]                    --
├─Linear: 1-1                            [1, 128]                  163,968
├─ReLU: 1-2                              [1, 128]                  --
├─Dropout: 1-3                           [1, 128]                  --
├─Linear: 1-4                            [1, 2]                    258
==========================================================================================
Total params: 164,226
Trainable params: 164,226
Non-trainable params: 0
Total mult-adds (M): 0.16
==========================================================================================
Input size (MB): 0.01
Forward/backward pass size (MB): 0.00
Params size (MB): 0.66
Estimated Total Size (MB): 0.66
==========================================================================================
[37m2024-08-11 19:41:29,414 [INFO] - Loaded AdamW Optimizer with following hyperparameters:
[37m2024-08-11 19:41:29,419 [INFO] - {'betas': [0.85, 0.9], 'lr': 0.0004303882065443299, 'weight_decay': 0.0006034678620960006}
[37m2024-08-11 19:41:29,424 [INFO] - Using early stopping with a range of 20 and maximize strategy
[37m2024-08-11 19:41:29,439 [INFO] - Caching datasets
[37m2024-08-11 19:41:31,310 [INFO] - Instantiate Trainer
[37m2024-08-11 19:41:31,320 [INFO] - Calling Trainer Fit
[37m2024-08-11 19:41:31,325 [INFO] - Dataset is cached after first epoch
[37m2024-08-11 19:41:31,329 [INFO] - Starting training, total number of epochs: 50
[37m2024-08-11 19:41:31,334 [INFO] - Epoch: 1/50
[37m2024-08-11 19:41:31,897 [INFO] - Loaded dataset from cache: /OCELOT-Orig/cache/e9314d76c2e1129f38e6fcb5b3ac71974840f657ccba7d21b407b8fa36ddadce.h5
[37m2024-08-11 19:41:32,344 [INFO] - Training epoch stats:     Loss: 0.5117 - F1-Score: 0.8093 - Accuracy-Score: 0.8258 - AUROC: 0.9089 - AP: 0.8876
[37m2024-08-11 19:41:36,615 [INFO] - Loaded dataset from cache: /OCELOT-Orig/cache/b9c748f76a42e9a5b6619f0756b1e70745a509b6263a3cac0bf6f7cad71394d3.h5
[37m2024-08-11 19:41:37,055 [INFO] - Validation epoch stats:   Loss: 0.5913 - F1-Score: 0.6690 - Accuracy-Score: 0.6722 - AUROC: 0.8887 - AP: 0.9248
[37m2024-08-11 19:41:37,061 [INFO] - New best model - save checkpoint
[37m2024-08-11 19:41:37,252 [INFO] - Epoch: 2/50
[37m2024-08-11 19:41:37,372 [INFO] - Training epoch stats:     Loss: 0.2448 - F1-Score: 0.9130 - Accuracy-Score: 0.9248 - AUROC: 0.9791 - AP: 0.9732
[37m2024-08-11 19:41:37,820 [INFO] - Validation epoch stats:   Loss: 0.5278 - F1-Score: 0.7652 - Accuracy-Score: 0.7463 - AUROC: 0.8949 - AP: 0.9308
[37m2024-08-11 19:41:37,826 [INFO] - New best model - save checkpoint
[37m2024-08-11 19:41:38,002 [INFO] - Epoch: 3/50
[37m2024-08-11 19:41:38,125 [INFO] - Training epoch stats:     Loss: 0.1662 - F1-Score: 0.9311 - Accuracy-Score: 0.9399 - AUROC: 0.9857 - AP: 0.9818
[37m2024-08-11 19:41:38,565 [INFO] - Validation epoch stats:   Loss: 0.5410 - F1-Score: 0.7804 - Accuracy-Score: 0.7604 - AUROC: 0.8984 - AP: 0.9348
[37m2024-08-11 19:41:38,572 [INFO] - New best model - save checkpoint
[37m2024-08-11 19:41:38,757 [INFO] - Epoch: 4/50
[37m2024-08-11 19:41:38,888 [INFO] - Training epoch stats:     Loss: 0.1389 - F1-Score: 0.9333 - Accuracy-Score: 0.9415 - AUROC: 0.9892 - AP: 0.9863
[37m2024-08-11 19:41:39,318 [INFO] - Validation epoch stats:   Loss: 0.5854 - F1-Score: 0.7634 - Accuracy-Score: 0.7467 - AUROC: 0.8984 - AP: 0.9363
[37m2024-08-11 19:41:39,325 [INFO] - New best model - save checkpoint
[37m2024-08-11 19:41:39,508 [INFO] - Epoch: 5/50
[37m2024-08-11 19:41:39,610 [INFO] - Training epoch stats:     Loss: 0.1239 - F1-Score: 0.9428 - Accuracy-Score: 0.9497 - AUROC: 0.9913 - AP: 0.9889
[37m2024-08-11 19:41:40,063 [INFO] - Validation epoch stats:   Loss: 0.6043 - F1-Score: 0.7657 - Accuracy-Score: 0.7484 - AUROC: 0.8970 - AP: 0.9363
[37m2024-08-11 19:41:40,129 [INFO] - Epoch: 6/50
[37m2024-08-11 19:41:40,228 [INFO] - Training epoch stats:     Loss: 0.1107 - F1-Score: 0.9491 - Accuracy-Score: 0.9554 - AUROC: 0.9931 - AP: 0.9912
[37m2024-08-11 19:41:40,677 [INFO] - Validation epoch stats:   Loss: 0.6465 - F1-Score: 0.7543 - Accuracy-Score: 0.7395 - AUROC: 0.8962 - AP: 0.9370
[37m2024-08-11 19:41:40,742 [INFO] - Epoch: 7/50
[37m2024-08-11 19:41:40,856 [INFO] - Training epoch stats:     Loss: 0.1011 - F1-Score: 0.9565 - Accuracy-Score: 0.9620 - AUROC: 0.9943 - AP: 0.9927
[37m2024-08-11 19:41:41,293 [INFO] - Validation epoch stats:   Loss: 0.6266 - F1-Score: 0.7732 - Accuracy-Score: 0.7546 - AUROC: 0.8957 - AP: 0.9370
[37m2024-08-11 19:41:41,340 [INFO] - Epoch: 8/50
[37m2024-08-11 19:41:41,454 [INFO] - Training epoch stats:     Loss: 0.0924 - F1-Score: 0.9559 - Accuracy-Score: 0.9616 - AUROC: 0.9953 - AP: 0.9939
[37m2024-08-11 19:41:41,852 [INFO] - Validation epoch stats:   Loss: 0.6832 - F1-Score: 0.7513 - Accuracy-Score: 0.7364 - AUROC: 0.8930 - AP: 0.9353
[37m2024-08-11 19:41:41,912 [INFO] - Epoch: 9/50
[37m2024-08-11 19:41:41,994 [INFO] - Training epoch stats:     Loss: 0.0857 - F1-Score: 0.9646 - Accuracy-Score: 0.9693 - AUROC: 0.9960 - AP: 0.9948
[37m2024-08-11 19:41:42,373 [INFO] - Validation epoch stats:   Loss: 0.6330 - F1-Score: 0.7851 - Accuracy-Score: 0.7639 - AUROC: 0.8922 - AP: 0.9351
[37m2024-08-11 19:41:42,428 [INFO] - Epoch: 10/50
[37m2024-08-11 19:41:42,514 [INFO] - Training epoch stats:     Loss: 0.0845 - F1-Score: 0.9634 - Accuracy-Score: 0.9681 - AUROC: 0.9963 - AP: 0.9952
[37m2024-08-11 19:41:42,896 [INFO] - Validation epoch stats:   Loss: 0.6948 - F1-Score: 0.7619 - Accuracy-Score: 0.7448 - AUROC: 0.8907 - AP: 0.9343
[37m2024-08-11 19:41:42,955 [INFO] - Epoch: 11/50
[37m2024-08-11 19:41:43,038 [INFO] - Training epoch stats:     Loss: 0.0773 - F1-Score: 0.9700 - Accuracy-Score: 0.9738 - AUROC: 0.9970 - AP: 0.9962
[37m2024-08-11 19:41:43,400 [INFO] - Validation epoch stats:   Loss: 0.7035 - F1-Score: 0.7638 - Accuracy-Score: 0.7461 - AUROC: 0.8891 - AP: 0.9331
[37m2024-08-11 19:41:43,462 [INFO] - Epoch: 12/50
[37m2024-08-11 19:41:43,623 [INFO] - Training epoch stats:     Loss: 0.0732 - F1-Score: 0.9681 - Accuracy-Score: 0.9722 - AUROC: 0.9973 - AP: 0.9965
[37m2024-08-11 19:41:43,978 [INFO] - Validation epoch stats:   Loss: 0.7280 - F1-Score: 0.7588 - Accuracy-Score: 0.7420 - AUROC: 0.8888 - AP: 0.9332
[37m2024-08-11 19:41:44,035 [INFO] - Epoch: 13/50
[37m2024-08-11 19:41:44,132 [INFO] - Training epoch stats:     Loss: 0.0703 - F1-Score: 0.9715 - Accuracy-Score: 0.9751 - AUROC: 0.9976 - AP: 0.9969
[37m2024-08-11 19:41:44,495 [INFO] - Validation epoch stats:   Loss: 0.7556 - F1-Score: 0.7542 - Accuracy-Score: 0.7382 - AUROC: 0.8872 - AP: 0.9316
[37m2024-08-11 19:41:44,553 [INFO] - Epoch: 14/50
[37m2024-08-11 19:41:44,648 [INFO] - Training epoch stats:     Loss: 0.0664 - F1-Score: 0.9734 - Accuracy-Score: 0.9767 - AUROC: 0.9980 - AP: 0.9974
[37m2024-08-11 19:41:45,014 [INFO] - Validation epoch stats:   Loss: 0.7621 - F1-Score: 0.7559 - Accuracy-Score: 0.7394 - AUROC: 0.8857 - AP: 0.9308
[37m2024-08-11 19:41:45,069 [INFO] - Epoch: 15/50
[37m2024-08-11 19:41:45,164 [INFO] - Training epoch stats:     Loss: 0.0630 - F1-Score: 0.9760 - Accuracy-Score: 0.9791 - AUROC: 0.9981 - AP: 0.9976
[37m2024-08-11 19:41:45,507 [INFO] - Validation epoch stats:   Loss: 0.7689 - F1-Score: 0.7582 - Accuracy-Score: 0.7409 - AUROC: 0.8847 - AP: 0.9303
[37m2024-08-11 19:41:45,584 [INFO] - Epoch: 16/50
[37m2024-08-11 19:41:45,679 [INFO] - Training epoch stats:     Loss: 0.0609 - F1-Score: 0.9757 - Accuracy-Score: 0.9787 - AUROC: 0.9982 - AP: 0.9977
[37m2024-08-11 19:41:46,026 [INFO] - Validation epoch stats:   Loss: 0.7838 - F1-Score: 0.7570 - Accuracy-Score: 0.7399 - AUROC: 0.8839 - AP: 0.9300
[37m2024-08-11 19:41:46,109 [INFO] - Epoch: 17/50
[37m2024-08-11 19:41:46,209 [INFO] - Training epoch stats:     Loss: 0.0586 - F1-Score: 0.9766 - Accuracy-Score: 0.9796 - AUROC: 0.9985 - AP: 0.9981
[37m2024-08-11 19:41:46,571 [INFO] - Validation epoch stats:   Loss: 0.8020 - F1-Score: 0.7543 - Accuracy-Score: 0.7376 - AUROC: 0.8829 - AP: 0.9293
[37m2024-08-11 19:41:46,647 [INFO] - Epoch: 18/50
[37m2024-08-11 19:41:46,770 [INFO] - Training epoch stats:     Loss: 0.0558 - F1-Score: 0.9779 - Accuracy-Score: 0.9808 - AUROC: 0.9987 - AP: 0.9984
[37m2024-08-11 19:41:47,152 [INFO] - Validation epoch stats:   Loss: 0.7867 - F1-Score: 0.7634 - Accuracy-Score: 0.7446 - AUROC: 0.8826 - AP: 0.9287
[37m2024-08-11 19:41:47,225 [INFO] - Epoch: 19/50
[37m2024-08-11 19:41:47,324 [INFO] - Training epoch stats:     Loss: 0.0530 - F1-Score: 0.9814 - Accuracy-Score: 0.9836 - AUROC: 0.9988 - AP: 0.9985
[37m2024-08-11 19:41:47,895 [INFO] - Validation epoch stats:   Loss: 0.8555 - F1-Score: 0.7442 - Accuracy-Score: 0.7295 - AUROC: 0.8809 - AP: 0.9277
[37m2024-08-11 19:41:47,974 [INFO] - Epoch: 20/50
[37m2024-08-11 19:41:48,083 [INFO] - Training epoch stats:     Loss: 0.0516 - F1-Score: 0.9808 - Accuracy-Score: 0.9832 - AUROC: 0.9990 - AP: 0.9987
[37m2024-08-11 19:41:48,456 [INFO] - Validation epoch stats:   Loss: 0.8225 - F1-Score: 0.7602 - Accuracy-Score: 0.7419 - AUROC: 0.8807 - AP: 0.9278
[37m2024-08-11 19:41:48,532 [INFO] - Epoch: 21/50
[37m2024-08-11 19:41:48,653 [INFO] - Training epoch stats:     Loss: 0.0510 - F1-Score: 0.9817 - Accuracy-Score: 0.9841 - AUROC: 0.9989 - AP: 0.9986
[37m2024-08-11 19:41:49,056 [INFO] - Validation epoch stats:   Loss: 0.8370 - F1-Score: 0.7583 - Accuracy-Score: 0.7405 - AUROC: 0.8802 - AP: 0.9274
[37m2024-08-11 19:41:49,124 [INFO] - Epoch: 22/50
[37m2024-08-11 19:41:49,248 [INFO] - Training epoch stats:     Loss: 0.0472 - F1-Score: 0.9841 - Accuracy-Score: 0.9861 - AUROC: 0.9992 - AP: 0.9989
[37m2024-08-11 19:41:49,656 [INFO] - Validation epoch stats:   Loss: 0.8512 - F1-Score: 0.7570 - Accuracy-Score: 0.7393 - AUROC: 0.8793 - AP: 0.9268
[37m2024-08-11 19:41:49,731 [INFO] - Epoch: 23/50
[37m2024-08-11 19:41:49,851 [INFO] - Training epoch stats:     Loss: 0.0463 - F1-Score: 0.9837 - Accuracy-Score: 0.9857 - AUROC: 0.9993 - AP: 0.9991
[37m2024-08-11 19:41:50,259 [INFO] - Validation epoch stats:   Loss: 0.8886 - F1-Score: 0.7471 - Accuracy-Score: 0.7313 - AUROC: 0.8783 - AP: 0.9259
[37m2024-08-11 19:41:50,345 [INFO] - Epoch: 24/50
[37m2024-08-11 19:41:50,473 [INFO] - Training epoch stats:     Loss: 0.0461 - F1-Score: 0.9837 - Accuracy-Score: 0.9857 - AUROC: 0.9992 - AP: 0.9989
[37m2024-08-11 19:41:50,869 [INFO] - Validation epoch stats:   Loss: 0.8761 - F1-Score: 0.7551 - Accuracy-Score: 0.7377 - AUROC: 0.8782 - AP: 0.9260
[37m2024-08-11 19:41:50,875 [INFO] - Performing early stopping!
[37m2024-08-11 19:41:50,882 [INFO] - Finished run lfeq4t5h
