[37m2024-06-28 06:30:06,730 [INFO] - Instantiated Logger. WandB init and config update finished.
[37m2024-06-28 06:30:06,732 [INFO] - Run ist stored here: /cellvit/logs_paper/Head-Evaluation/CoNSeP/SAM-H/Amount/2024-06-28T062950_Amount-10-Seed-2
[37m2024-06-28 06:30:06,794 [INFO] - Cuda devices: [<torch.cuda.device object at 0x7efacc59c700>]
[37m2024-06-28 06:30:06,795 [INFO] - Using GPU: cuda:0
[37m2024-06-28 06:30:06,800 [INFO] - Using device: cuda:0
[37m2024-06-28 06:30:06,805 [INFO] - Loss function:
[37m2024-06-28 06:30:06,810 [INFO] - CrossEntropyLoss()
[37m2024-06-28 06:30:29,858 [INFO] - <All keys matched successfully>
[37m2024-06-28 06:30:31,297 [INFO] -
==========================================================================================
Layer (type:depth-idx)                   Output Shape              Param #
==========================================================================================
LinearClassifier                         [1, 4]                    --
├─Linear: 1-1                            [1, 128]                  163,968
├─ReLU: 1-2                              [1, 128]                  --
├─Dropout: 1-3                           [1, 128]                  --
├─Linear: 1-4                            [1, 4]                    516
==========================================================================================
Total params: 164,484
Trainable params: 164,484
Non-trainable params: 0
Total mult-adds (M): 0.16
==========================================================================================
Input size (MB): 0.01
Forward/backward pass size (MB): 0.00
Params size (MB): 0.66
Estimated Total Size (MB): 0.66
==========================================================================================
[37m2024-06-28 06:30:31,298 [INFO] - Loaded AdamW Optimizer with following hyperparameters:
[37m2024-06-28 06:30:31,302 [INFO] - {'betas': [0.85, 0.9], 'lr': 0.0005, 'weight_decay': 0.0005}
[37m2024-06-28 06:30:31,308 [INFO] - Using early stopping with a range of 20 and maximize strategy
[37m2024-06-28 06:30:31,322 [INFO] - Caching datasets
[37m2024-06-28 06:30:32,307 [INFO] - Instantiate Trainer
[37m2024-06-28 06:30:32,311 [INFO] - Calling Trainer Fit
[37m2024-06-28 06:30:32,313 [INFO] - Dataset is cached after first epoch
[37m2024-06-28 06:30:32,318 [INFO] - Starting training, total number of epochs: 50
[37m2024-06-28 06:30:32,324 [INFO] - Epoch: 1/50
[37m2024-06-28 06:30:32,329 [INFO] - Extracting training cells
[37m2024-06-28 06:31:15,384 [INFO] - Extraction detection metrics - F1: 0.790, Precision: 0.849, Recall: 0.757, Detected-Cells: 4383
[37m2024-06-28 06:31:15,387 [INFO] - Caching dataset 2d6c5476f56a1ccefff58935139cea867744e8569d9ffcdf2a9eb7e88d5d12ce to disk...
[37m2024-06-28 06:31:45,163 [INFO] - Training epoch stats:     Loss: 0.5086 - F1-Score: 0.8047 - Accuracy-Score: 0.8047 - AUROC: 0.9153 - AP: 0.7283
[37m2024-06-28 06:31:50,162 [INFO] - Loaded dataset from cache: /Consep/cache/1f728da27af6daed7b166ce5447f5dec18916e3679cb7b74ddaefb4a67df10d2.h5
[37m2024-06-28 06:31:52,766 [INFO] - Validation epoch stats:   Loss: 0.3798 - F1-Score: 0.8635 - Accuracy-Score: 0.8635 - AUROC: 0.9516 - AP: 0.8387
[37m2024-06-28 06:31:52,858 [INFO] - New best model - save checkpoint
[37m2024-06-28 06:31:53,256 [INFO] - Epoch: 2/50
[37m2024-06-28 06:31:57,459 [INFO] - Training epoch stats:     Loss: 0.2361 - F1-Score: 0.9158 - Accuracy-Score: 0.9158 - AUROC: 0.9802 - AP: 0.9149
[37m2024-06-28 06:32:07,360 [INFO] - Validation epoch stats:   Loss: 0.3534 - F1-Score: 0.8651 - Accuracy-Score: 0.8651 - AUROC: 0.9582 - AP: 0.8451
[37m2024-06-28 06:32:07,366 [INFO] - New best model - save checkpoint
[37m2024-06-28 06:32:08,455 [INFO] - Epoch: 3/50
[37m2024-06-28 06:32:11,054 [INFO] - Training epoch stats:     Loss: 0.1784 - F1-Score: 0.9350 - Accuracy-Score: 0.9350 - AUROC: 0.9889 - AP: 0.9536
[37m2024-06-28 06:32:12,767 [INFO] - Validation epoch stats:   Loss: 0.3393 - F1-Score: 0.8706 - Accuracy-Score: 0.8706 - AUROC: 0.9622 - AP: 0.8514
[37m2024-06-28 06:32:12,769 [INFO] - New best model - save checkpoint
[37m2024-06-28 06:32:13,155 [INFO] - Epoch: 4/50
[37m2024-06-28 06:32:13,472 [INFO] - Training epoch stats:     Loss: 0.1377 - F1-Score: 0.9509 - Accuracy-Score: 0.9509 - AUROC: 0.9942 - AP: 0.9740
[37m2024-06-28 06:32:13,866 [INFO] - Validation epoch stats:   Loss: 0.3531 - F1-Score: 0.8720 - Accuracy-Score: 0.8720 - AUROC: 0.9588 - AP: 0.8477
[37m2024-06-28 06:32:13,955 [INFO] - Epoch: 5/50
[37m2024-06-28 06:32:14,265 [INFO] - Training epoch stats:     Loss: 0.1119 - F1-Score: 0.9578 - Accuracy-Score: 0.9578 - AUROC: 0.9961 - AP: 0.9840
[37m2024-06-28 06:32:14,569 [INFO] - Validation epoch stats:   Loss: 0.3686 - F1-Score: 0.8711 - Accuracy-Score: 0.8711 - AUROC: 0.9548 - AP: 0.8469
[37m2024-06-28 06:32:14,628 [INFO] - Epoch: 6/50
[37m2024-06-28 06:32:16,365 [INFO] - Training epoch stats:     Loss: 0.0903 - F1-Score: 0.9676 - Accuracy-Score: 0.9676 - AUROC: 0.9976 - AP: 0.9889
[37m2024-06-28 06:32:18,061 [INFO] - Validation epoch stats:   Loss: 0.3928 - F1-Score: 0.8618 - Accuracy-Score: 0.8618 - AUROC: 0.9560 - AP: 0.8469
[37m2024-06-28 06:32:18,256 [INFO] - Epoch: 7/50
[37m2024-06-28 06:32:19,672 [INFO] - Training epoch stats:     Loss: 0.0730 - F1-Score: 0.9749 - Accuracy-Score: 0.9749 - AUROC: 0.9987 - AP: 0.9941
[37m2024-06-28 06:32:19,809 [INFO] - Validation epoch stats:   Loss: 0.4231 - F1-Score: 0.8611 - Accuracy-Score: 0.8611 - AUROC: 0.9505 - AP: 0.8428
[37m2024-06-28 06:32:19,875 [INFO] - Epoch: 8/50
[37m2024-06-28 06:32:20,084 [INFO] - Training epoch stats:     Loss: 0.0614 - F1-Score: 0.9799 - Accuracy-Score: 0.9799 - AUROC: 0.9992 - AP: 0.9968
[37m2024-06-28 06:32:20,226 [INFO] - Validation epoch stats:   Loss: 0.4078 - F1-Score: 0.8690 - Accuracy-Score: 0.8690 - AUROC: 0.9517 - AP: 0.8423
[37m2024-06-28 06:32:20,280 [INFO] - Epoch: 9/50
[37m2024-06-28 06:32:20,478 [INFO] - Training epoch stats:     Loss: 0.0605 - F1-Score: 0.9827 - Accuracy-Score: 0.9827 - AUROC: 0.9992 - AP: 0.9970
[37m2024-06-28 06:32:20,611 [INFO] - Validation epoch stats:   Loss: 0.4169 - F1-Score: 0.8709 - Accuracy-Score: 0.8709 - AUROC: 0.9534 - AP: 0.8471
[37m2024-06-28 06:32:20,683 [INFO] - Epoch: 10/50
[37m2024-06-28 06:32:20,884 [INFO] - Training epoch stats:     Loss: 0.0461 - F1-Score: 0.9843 - Accuracy-Score: 0.9843 - AUROC: 0.9994 - AP: 0.9977
[37m2024-06-28 06:32:21,019 [INFO] - Validation epoch stats:   Loss: 0.4309 - F1-Score: 0.8665 - Accuracy-Score: 0.8665 - AUROC: 0.9488 - AP: 0.8453
[37m2024-06-28 06:32:21,083 [INFO] - Epoch: 11/50
[37m2024-06-28 06:32:21,274 [INFO] - Training epoch stats:     Loss: 0.0367 - F1-Score: 0.9920 - Accuracy-Score: 0.9920 - AUROC: 0.9998 - AP: 0.9993
[37m2024-06-28 06:32:21,415 [INFO] - Validation epoch stats:   Loss: 0.4556 - F1-Score: 0.8696 - Accuracy-Score: 0.8696 - AUROC: 0.9479 - AP: 0.8420
[37m2024-06-28 06:32:21,472 [INFO] - Epoch: 12/50
[37m2024-06-28 06:32:21,672 [INFO] - Training epoch stats:     Loss: 0.0306 - F1-Score: 0.9922 - Accuracy-Score: 0.9922 - AUROC: 0.9998 - AP: 0.9994
[37m2024-06-28 06:32:21,823 [INFO] - Validation epoch stats:   Loss: 0.4861 - F1-Score: 0.8601 - Accuracy-Score: 0.8601 - AUROC: 0.9463 - AP: 0.8418
[37m2024-06-28 06:32:21,884 [INFO] - Epoch: 13/50
[37m2024-06-28 06:32:22,101 [INFO] - Training epoch stats:     Loss: 0.0279 - F1-Score: 0.9922 - Accuracy-Score: 0.9922 - AUROC: 0.9998 - AP: 0.9992
[37m2024-06-28 06:32:22,238 [INFO] - Validation epoch stats:   Loss: 0.4775 - F1-Score: 0.8685 - Accuracy-Score: 0.8685 - AUROC: 0.9493 - AP: 0.8444
[37m2024-06-28 06:32:22,301 [INFO] - Epoch: 14/50
[37m2024-06-28 06:32:22,590 [INFO] - Training epoch stats:     Loss: 0.0333 - F1-Score: 0.9948 - Accuracy-Score: 0.9948 - AUROC: 0.9999 - AP: 0.9994
[37m2024-06-28 06:32:22,737 [INFO] - Validation epoch stats:   Loss: 0.4863 - F1-Score: 0.8708 - Accuracy-Score: 0.8708 - AUROC: 0.9479 - AP: 0.8392
[37m2024-06-28 06:32:22,820 [INFO] - Epoch: 15/50
[37m2024-06-28 06:32:23,013 [INFO] - Training epoch stats:     Loss: 0.0199 - F1-Score: 0.9973 - Accuracy-Score: 0.9973 - AUROC: 0.9999 - AP: 0.9998
[37m2024-06-28 06:32:23,150 [INFO] - Validation epoch stats:   Loss: 0.5355 - F1-Score: 0.8630 - Accuracy-Score: 0.8630 - AUROC: 0.9477 - AP: 0.8328
[37m2024-06-28 06:32:23,234 [INFO] - Epoch: 16/50
[37m2024-06-28 06:32:23,428 [INFO] - Training epoch stats:     Loss: 0.0211 - F1-Score: 0.9954 - Accuracy-Score: 0.9954 - AUROC: 0.9999 - AP: 0.9997
[37m2024-06-28 06:32:23,561 [INFO] - Validation epoch stats:   Loss: 0.5415 - F1-Score: 0.8632 - Accuracy-Score: 0.8632 - AUROC: 0.9488 - AP: 0.8410
[37m2024-06-28 06:32:23,642 [INFO] - Epoch: 17/50
[37m2024-06-28 06:32:23,837 [INFO] - Training epoch stats:     Loss: 0.0157 - F1-Score: 0.9968 - Accuracy-Score: 0.9968 - AUROC: 0.9999 - AP: 0.9996
[37m2024-06-28 06:32:23,974 [INFO] - Validation epoch stats:   Loss: 0.5225 - F1-Score: 0.8668 - Accuracy-Score: 0.8668 - AUROC: 0.9470 - AP: 0.8375
[37m2024-06-28 06:32:24,039 [INFO] - Epoch: 18/50
[37m2024-06-28 06:32:24,232 [INFO] - Training epoch stats:     Loss: 0.0155 - F1-Score: 0.9966 - Accuracy-Score: 0.9966 - AUROC: 0.9999 - AP: 0.9997
[37m2024-06-28 06:32:24,375 [INFO] - Validation epoch stats:   Loss: 0.5425 - F1-Score: 0.8687 - Accuracy-Score: 0.8687 - AUROC: 0.9468 - AP: 0.8404
[37m2024-06-28 06:32:24,462 [INFO] - Epoch: 19/50
[37m2024-06-28 06:32:24,656 [INFO] - Training epoch stats:     Loss: 0.0123 - F1-Score: 0.9979 - Accuracy-Score: 0.9979 - AUROC: 1.0000 - AP: 0.9999
[37m2024-06-28 06:32:24,793 [INFO] - Validation epoch stats:   Loss: 0.5678 - F1-Score: 0.8642 - Accuracy-Score: 0.8642 - AUROC: 0.9445 - AP: 0.8388
[37m2024-06-28 06:32:24,867 [INFO] - Epoch: 20/50
[37m2024-06-28 06:32:25,061 [INFO] - Training epoch stats:     Loss: 0.0115 - F1-Score: 0.9977 - Accuracy-Score: 0.9977 - AUROC: 1.0000 - AP: 0.9998
[37m2024-06-28 06:32:25,196 [INFO] - Validation epoch stats:   Loss: 0.5680 - F1-Score: 0.8733 - Accuracy-Score: 0.8733 - AUROC: 0.9493 - AP: 0.8443
[37m2024-06-28 06:32:25,252 [INFO] - Epoch: 21/50
[37m2024-06-28 06:32:26,565 [INFO] - Training epoch stats:     Loss: 0.0110 - F1-Score: 0.9982 - Accuracy-Score: 0.9982 - AUROC: 0.9999 - AP: 0.9998
[37m2024-06-28 06:32:26,772 [INFO] - Validation epoch stats:   Loss: 0.5830 - F1-Score: 0.8708 - Accuracy-Score: 0.8708 - AUROC: 0.9473 - AP: 0.8328
[37m2024-06-28 06:32:26,870 [INFO] - Epoch: 22/50
[37m2024-06-28 06:32:27,120 [INFO] - Training epoch stats:     Loss: 0.0099 - F1-Score: 0.9984 - Accuracy-Score: 0.9984 - AUROC: 0.9999 - AP: 0.9998
[37m2024-06-28 06:32:27,575 [INFO] - Validation epoch stats:   Loss: 0.5707 - F1-Score: 0.8740 - Accuracy-Score: 0.8740 - AUROC: 0.9484 - AP: 0.8374
[37m2024-06-28 06:32:27,637 [INFO] - Epoch: 23/50
[37m2024-06-28 06:32:28,001 [INFO] - Training epoch stats:     Loss: 0.0074 - F1-Score: 0.9986 - Accuracy-Score: 0.9986 - AUROC: 0.9999 - AP: 0.9997
[37m2024-06-28 06:32:28,283 [INFO] - Validation epoch stats:   Loss: 0.6190 - F1-Score: 0.8653 - Accuracy-Score: 0.8653 - AUROC: 0.9455 - AP: 0.8374
[37m2024-06-28 06:32:28,284 [INFO] - Performing early stopping!
[37m2024-06-28 06:32:28,292 [INFO] - Finished run kk3azjnt
