[37m2024-06-25 09:22:36,137 [INFO] - Instantiated Logger. WandB init and config update finished.
[37m2024-06-25 09:22:36,139 [INFO] - Run ist stored here: /cellvit/logs_paper/Head-Evaluation/ocelot/ViT256/Amount/Aug/25/2024-06-25T092226_CellViT-ViT256-25Percent
[37m2024-06-25 09:22:36,204 [INFO] - Cuda devices: [<torch.cuda.device object at 0x7f3bd0784670>]
[37m2024-06-25 09:22:36,205 [INFO] - Using GPU: cuda:0
[37m2024-06-25 09:22:36,210 [INFO] - Using device: cuda:0
[37m2024-06-25 09:22:36,215 [INFO] - Loss function:
[37m2024-06-25 09:22:36,221 [INFO] - CrossEntropyLoss()
[37m2024-06-25 09:22:38,972 [INFO] - <All keys matched successfully>
[37m2024-06-25 09:22:39,346 [INFO] -
==========================================================================================
Layer (type:depth-idx)                   Output Shape              Param #
==========================================================================================
LinearClassifier                         [1, 2]                    --
├─Linear: 1-1                            [1, 256]                  98,560
├─ReLU: 1-2                              [1, 256]                  --
├─Dropout: 1-3                           [1, 256]                  --
├─Linear: 1-4                            [1, 2]                    514
==========================================================================================
Total params: 99,074
Trainable params: 99,074
Non-trainable params: 0
Total mult-adds (M): 0.10
==========================================================================================
Input size (MB): 0.00
Forward/backward pass size (MB): 0.00
Params size (MB): 0.40
Estimated Total Size (MB): 0.40
==========================================================================================
[37m2024-06-25 09:22:39,347 [INFO] - Loaded AdamW Optimizer with following hyperparameters:
[37m2024-06-25 09:22:39,352 [INFO] - {'betas': [0.85, 0.9], 'lr': 4.4403255414468894e-05, 'weight_decay': 8.22969479387945e-05}
[37m2024-06-25 09:22:39,358 [INFO] - Using early stopping with a range of 10 and maximize strategy
[37m2024-06-25 09:22:39,379 [INFO] - Caching datasets
[37m2024-06-25 09:22:42,437 [INFO] - Instantiate Trainer
[37m2024-06-25 09:22:42,441 [INFO] - Calling Trainer Fit
[37m2024-06-25 09:22:42,444 [INFO] - Starting training, total number of epochs: 50
[37m2024-06-25 09:22:42,450 [INFO] - Epoch: 1/50
[37m2024-06-25 09:22:42,454 [INFO] - Extracting training cells
[37m2024-06-25 09:23:25,467 [INFO] - Extraction detection metrics - F1: 0.700, Precision: 0.681, Recall: 0.785, Detected-Cells: 13474
[37m2024-06-25 09:23:25,953 [INFO] - Training epoch stats:     Loss: 0.6539 - F1-Score: 0.7709 - Accuracy-Score: 0.6817 - AUROC: 0.7126 - AP: 0.8123
[37m2024-06-25 09:23:27,275 [INFO] - Loaded dataset from cache: /OCELOT-Orig/cache/84a96648cf0731d52e69bfe32a74428f944857015825e7a06ae5f471f93f4855.h5
[37m2024-06-25 09:23:27,559 [INFO] - Validation epoch stats:   Loss: 0.6239 - F1-Score: 0.8075 - Accuracy-Score: 0.7009 - AUROC: 0.8311 - AP: 0.8883
[37m2024-06-25 09:23:27,560 [INFO] - New best model - save checkpoint
[37m2024-06-25 09:23:27,703 [INFO] - Epoch: 2/50
[37m2024-06-25 09:23:27,704 [INFO] - Extracting training cells
[37m2024-06-25 09:24:05,664 [INFO] - Extraction detection metrics - F1: 0.707, Precision: 0.683, Recall: 0.800, Detected-Cells: 13668
[37m2024-06-25 09:24:06,190 [INFO] - Training epoch stats:     Loss: 0.5822 - F1-Score: 0.8264 - Accuracy-Score: 0.7341 - AUROC: 0.8633 - AP: 0.9047
[37m2024-06-25 09:24:06,512 [INFO] - Validation epoch stats:   Loss: 0.5683 - F1-Score: 0.8261 - Accuracy-Score: 0.7391 - AUROC: 0.8647 - AP: 0.9164
[37m2024-06-25 09:24:06,513 [INFO] - New best model - save checkpoint
[37m2024-06-25 09:24:06,647 [INFO] - Epoch: 3/50
[37m2024-06-25 09:24:06,648 [INFO] - Extracting training cells
[37m2024-06-25 09:24:44,344 [INFO] - Extraction detection metrics - F1: 0.706, Precision: 0.684, Recall: 0.792, Detected-Cells: 13725
[37m2024-06-25 09:24:44,849 [INFO] - Training epoch stats:     Loss: 0.5256 - F1-Score: 0.8480 - Accuracy-Score: 0.7770 - AUROC: 0.8899 - AP: 0.9219
[37m2024-06-25 09:24:45,301 [INFO] - Validation epoch stats:   Loss: 0.5209 - F1-Score: 0.8443 - Accuracy-Score: 0.7795 - AUROC: 0.8742 - AP: 0.9246
[37m2024-06-25 09:24:45,302 [INFO] - New best model - save checkpoint
[37m2024-06-25 09:24:45,458 [INFO] - Epoch: 4/50
[37m2024-06-25 09:24:45,458 [INFO] - Extracting training cells
[37m2024-06-25 09:25:24,268 [INFO] - Extraction detection metrics - F1: 0.704, Precision: 0.681, Recall: 0.797, Detected-Cells: 13594
[37m2024-06-25 09:25:24,677 [INFO] - Training epoch stats:     Loss: 0.4727 - F1-Score: 0.8642 - Accuracy-Score: 0.8082 - AUROC: 0.9008 - AP: 0.9332
[37m2024-06-25 09:25:24,981 [INFO] - Validation epoch stats:   Loss: 0.4837 - F1-Score: 0.8501 - Accuracy-Score: 0.7980 - AUROC: 0.8794 - AP: 0.9284
[37m2024-06-25 09:25:24,982 [INFO] - New best model - save checkpoint
[37m2024-06-25 09:25:25,126 [INFO] - Epoch: 5/50
[37m2024-06-25 09:25:25,127 [INFO] - Extracting training cells
[37m2024-06-25 09:26:02,265 [INFO] - Extraction detection metrics - F1: 0.696, Precision: 0.673, Recall: 0.778, Detected-Cells: 13395
[37m2024-06-25 09:26:02,788 [INFO] - Training epoch stats:     Loss: 0.4282 - F1-Score: 0.8799 - Accuracy-Score: 0.8347 - AUROC: 0.9100 - AP: 0.9419
[37m2024-06-25 09:26:03,235 [INFO] - Validation epoch stats:   Loss: 0.4584 - F1-Score: 0.8492 - Accuracy-Score: 0.8029 - AUROC: 0.8807 - AP: 0.9302
[37m2024-06-25 09:26:03,236 [INFO] - New best model - save checkpoint
[37m2024-06-25 09:26:03,394 [INFO] - Epoch: 6/50
[37m2024-06-25 09:26:03,395 [INFO] - Extracting training cells
[37m2024-06-25 09:26:41,161 [INFO] - Extraction detection metrics - F1: 0.691, Precision: 0.671, Recall: 0.776, Detected-Cells: 13604
[37m2024-06-25 09:26:41,670 [INFO] - Training epoch stats:     Loss: 0.4034 - F1-Score: 0.8813 - Accuracy-Score: 0.8409 - AUROC: 0.9065 - AP: 0.9338
[37m2024-06-25 09:26:42,132 [INFO] - Validation epoch stats:   Loss: 0.4361 - F1-Score: 0.8528 - Accuracy-Score: 0.8077 - AUROC: 0.8847 - AP: 0.9330
[37m2024-06-25 09:26:42,133 [INFO] - New best model - save checkpoint
[37m2024-06-25 09:26:42,299 [INFO] - Epoch: 7/50
[37m2024-06-25 09:26:42,299 [INFO] - Extracting training cells
[37m2024-06-25 09:27:19,880 [INFO] - Extraction detection metrics - F1: 0.714, Precision: 0.695, Recall: 0.802, Detected-Cells: 13933
[37m2024-06-25 09:27:20,404 [INFO] - Training epoch stats:     Loss: 0.3899 - F1-Score: 0.8788 - Accuracy-Score: 0.8386 - AUROC: 0.9069 - AP: 0.9375
[37m2024-06-25 09:27:21,167 [INFO] - Validation epoch stats:   Loss: 0.4319 - F1-Score: 0.8492 - Accuracy-Score: 0.8092 - AUROC: 0.8852 - AP: 0.9334
[37m2024-06-25 09:27:21,168 [INFO] - New best model - save checkpoint
[37m2024-06-25 09:27:21,317 [INFO] - Epoch: 8/50
[37m2024-06-25 09:27:21,318 [INFO] - Extracting training cells
[37m2024-06-25 09:27:58,823 [INFO] - Extraction detection metrics - F1: 0.699, Precision: 0.682, Recall: 0.779, Detected-Cells: 13645
[37m2024-06-25 09:27:59,340 [INFO] - Training epoch stats:     Loss: 0.3614 - F1-Score: 0.8965 - Accuracy-Score: 0.8606 - AUROC: 0.9177 - AP: 0.9478
[37m2024-06-25 09:27:59,810 [INFO] - Validation epoch stats:   Loss: 0.4197 - F1-Score: 0.8518 - Accuracy-Score: 0.8113 - AUROC: 0.8873 - AP: 0.9347
[37m2024-06-25 09:27:59,811 [INFO] - New best model - save checkpoint
[37m2024-06-25 09:27:59,963 [INFO] - Epoch: 9/50
[37m2024-06-25 09:27:59,964 [INFO] - Extracting training cells
[37m2024-06-25 09:28:39,382 [INFO] - Extraction detection metrics - F1: 0.703, Precision: 0.684, Recall: 0.788, Detected-Cells: 13768
[37m2024-06-25 09:28:39,791 [INFO] - Training epoch stats:     Loss: 0.3593 - F1-Score: 0.8879 - Accuracy-Score: 0.8515 - AUROC: 0.9165 - AP: 0.9463
[37m2024-06-25 09:28:40,104 [INFO] - Validation epoch stats:   Loss: 0.4141 - F1-Score: 0.8541 - Accuracy-Score: 0.8151 - AUROC: 0.8900 - AP: 0.9359
[37m2024-06-25 09:28:40,105 [INFO] - New best model - save checkpoint
[37m2024-06-25 09:28:40,280 [INFO] - Epoch: 10/50
[37m2024-06-25 09:28:40,280 [INFO] - Extracting training cells
[37m2024-06-25 09:29:19,536 [INFO] - Extraction detection metrics - F1: 0.698, Precision: 0.668, Recall: 0.794, Detected-Cells: 13576
[37m2024-06-25 09:29:19,945 [INFO] - Training epoch stats:     Loss: 0.3583 - F1-Score: 0.8863 - Accuracy-Score: 0.8504 - AUROC: 0.9148 - AP: 0.9433
[37m2024-06-25 09:29:20,261 [INFO] - Validation epoch stats:   Loss: 0.4076 - F1-Score: 0.8576 - Accuracy-Score: 0.8196 - AUROC: 0.8927 - AP: 0.9373
[37m2024-06-25 09:29:20,262 [INFO] - New best model - save checkpoint
[37m2024-06-25 09:29:20,421 [INFO] - Epoch: 11/50
[37m2024-06-25 09:29:20,421 [INFO] - Extracting training cells
[37m2024-06-25 09:29:58,645 [INFO] - Extraction detection metrics - F1: 0.700, Precision: 0.677, Recall: 0.791, Detected-Cells: 13969
[37m2024-06-25 09:29:59,247 [INFO] - Training epoch stats:     Loss: 0.3523 - F1-Score: 0.8870 - Accuracy-Score: 0.8523 - AUROC: 0.9179 - AP: 0.9460
[37m2024-06-25 09:29:59,559 [INFO] - Validation epoch stats:   Loss: 0.4114 - F1-Score: 0.8546 - Accuracy-Score: 0.8181 - AUROC: 0.8922 - AP: 0.9372
[37m2024-06-25 09:29:59,601 [INFO] - Epoch: 12/50
[37m2024-06-25 09:29:59,602 [INFO] - Extracting training cells
[37m2024-06-25 09:30:36,390 [INFO] - Extraction detection metrics - F1: 0.693, Precision: 0.669, Recall: 0.788, Detected-Cells: 13553
[37m2024-06-25 09:30:36,793 [INFO] - Training epoch stats:     Loss: 0.3453 - F1-Score: 0.8859 - Accuracy-Score: 0.8548 - AUROC: 0.9218 - AP: 0.9453
[37m2024-06-25 09:30:37,102 [INFO] - Validation epoch stats:   Loss: 0.4110 - F1-Score: 0.8548 - Accuracy-Score: 0.8178 - AUROC: 0.8913 - AP: 0.9367
[37m2024-06-25 09:30:37,146 [INFO] - Epoch: 13/50
[37m2024-06-25 09:30:37,146 [INFO] - Extracting training cells
[37m2024-06-25 09:31:15,815 [INFO] - Extraction detection metrics - F1: 0.709, Precision: 0.689, Recall: 0.795, Detected-Cells: 13826
[37m2024-06-25 09:31:16,242 [INFO] - Training epoch stats:     Loss: 0.3416 - F1-Score: 0.8868 - Accuracy-Score: 0.8506 - AUROC: 0.9209 - AP: 0.9505
[37m2024-06-25 09:31:16,550 [INFO] - Validation epoch stats:   Loss: 0.4094 - F1-Score: 0.8555 - Accuracy-Score: 0.8182 - AUROC: 0.8913 - AP: 0.9367
[37m2024-06-25 09:31:16,604 [INFO] - Epoch: 14/50
[37m2024-06-25 09:31:16,605 [INFO] - Extracting training cells
[37m2024-06-25 09:31:53,986 [INFO] - Extraction detection metrics - F1: 0.702, Precision: 0.677, Recall: 0.796, Detected-Cells: 13587
[37m2024-06-25 09:31:54,498 [INFO] - Training epoch stats:     Loss: 0.3275 - F1-Score: 0.8928 - Accuracy-Score: 0.8580 - AUROC: 0.9267 - AP: 0.9533
[37m2024-06-25 09:31:54,952 [INFO] - Validation epoch stats:   Loss: 0.4061 - F1-Score: 0.8585 - Accuracy-Score: 0.8219 - AUROC: 0.8933 - AP: 0.9376
[37m2024-06-25 09:31:54,953 [INFO] - New best model - save checkpoint
[37m2024-06-25 09:31:55,104 [INFO] - Epoch: 15/50
[37m2024-06-25 09:31:55,105 [INFO] - Extracting training cells
[37m2024-06-25 09:32:33,827 [INFO] - Extraction detection metrics - F1: 0.704, Precision: 0.678, Recall: 0.793, Detected-Cells: 13751
[37m2024-06-25 09:32:34,452 [INFO] - Training epoch stats:     Loss: 0.3275 - F1-Score: 0.8914 - Accuracy-Score: 0.8600 - AUROC: 0.9302 - AP: 0.9515
[37m2024-06-25 09:32:34,861 [INFO] - Validation epoch stats:   Loss: 0.4061 - F1-Score: 0.8584 - Accuracy-Score: 0.8222 - AUROC: 0.8936 - AP: 0.9376
[37m2024-06-25 09:32:34,862 [INFO] - New best model - save checkpoint
[37m2024-06-25 09:32:35,014 [INFO] - Epoch: 16/50
[37m2024-06-25 09:32:35,014 [INFO] - Extracting training cells
[37m2024-06-25 09:33:13,019 [INFO] - Extraction detection metrics - F1: 0.700, Precision: 0.677, Recall: 0.784, Detected-Cells: 13674
[37m2024-06-25 09:33:13,528 [INFO] - Training epoch stats:     Loss: 0.3150 - F1-Score: 0.8998 - Accuracy-Score: 0.8654 - AUROC: 0.9306 - AP: 0.9586
[37m2024-06-25 09:33:13,998 [INFO] - Validation epoch stats:   Loss: 0.4045 - F1-Score: 0.8596 - Accuracy-Score: 0.8230 - AUROC: 0.8935 - AP: 0.9376
[37m2024-06-25 09:33:14,052 [INFO] - Epoch: 17/50
[37m2024-06-25 09:33:14,053 [INFO] - Extracting training cells
[37m2024-06-25 09:33:53,299 [INFO] - Extraction detection metrics - F1: 0.705, Precision: 0.681, Recall: 0.796, Detected-Cells: 14059
[37m2024-06-25 09:33:53,820 [INFO] - Training epoch stats:     Loss: 0.3062 - F1-Score: 0.9024 - Accuracy-Score: 0.8724 - AUROC: 0.9402 - AP: 0.9611
[37m2024-06-25 09:33:54,287 [INFO] - Validation epoch stats:   Loss: 0.4064 - F1-Score: 0.8579 - Accuracy-Score: 0.8218 - AUROC: 0.8932 - AP: 0.9373
[37m2024-06-25 09:33:54,357 [INFO] - Epoch: 18/50
[37m2024-06-25 09:33:54,358 [INFO] - Extracting training cells
[37m2024-06-25 09:34:33,679 [INFO] - Extraction detection metrics - F1: 0.698, Precision: 0.672, Recall: 0.788, Detected-Cells: 13349
[37m2024-06-25 09:34:34,083 [INFO] - Training epoch stats:     Loss: 0.3188 - F1-Score: 0.8975 - Accuracy-Score: 0.8670 - AUROC: 0.9328 - AP: 0.9548
[37m2024-06-25 09:34:34,397 [INFO] - Validation epoch stats:   Loss: 0.4091 - F1-Score: 0.8557 - Accuracy-Score: 0.8201 - AUROC: 0.8935 - AP: 0.9373
[37m2024-06-25 09:34:34,454 [INFO] - Epoch: 19/50
[37m2024-06-25 09:34:34,455 [INFO] - Extracting training cells
[37m2024-06-25 09:35:11,931 [INFO] - Extraction detection metrics - F1: 0.707, Precision: 0.680, Recall: 0.795, Detected-Cells: 14006
[37m2024-06-25 09:35:12,529 [INFO] - Training epoch stats:     Loss: 0.3043 - F1-Score: 0.9014 - Accuracy-Score: 0.8713 - AUROC: 0.9382 - AP: 0.9613
[37m2024-06-25 09:35:12,841 [INFO] - Validation epoch stats:   Loss: 0.4034 - F1-Score: 0.8601 - Accuracy-Score: 0.8234 - AUROC: 0.8938 - AP: 0.9376
[37m2024-06-25 09:35:12,841 [INFO] - New best model - save checkpoint
[37m2024-06-25 09:35:12,977 [INFO] - Epoch: 20/50
[37m2024-06-25 09:35:12,977 [INFO] - Extracting training cells
[37m2024-06-25 09:35:51,333 [INFO] - Extraction detection metrics - F1: 0.708, Precision: 0.685, Recall: 0.802, Detected-Cells: 13929
[37m2024-06-25 09:35:51,861 [INFO] - Training epoch stats:     Loss: 0.3053 - F1-Score: 0.9023 - Accuracy-Score: 0.8721 - AUROC: 0.9382 - AP: 0.9602
[37m2024-06-25 09:35:52,325 [INFO] - Validation epoch stats:   Loss: 0.4063 - F1-Score: 0.8583 - Accuracy-Score: 0.8221 - AUROC: 0.8934 - AP: 0.9374
[37m2024-06-25 09:35:52,366 [INFO] - Epoch: 21/50
[37m2024-06-25 09:35:52,366 [INFO] - Extracting training cells
[37m2024-06-25 09:36:29,576 [INFO] - Extraction detection metrics - F1: 0.706, Precision: 0.677, Recall: 0.799, Detected-Cells: 13852
[37m2024-06-25 09:36:30,121 [INFO] - Training epoch stats:     Loss: 0.3030 - F1-Score: 0.9042 - Accuracy-Score: 0.8741 - AUROC: 0.9379 - AP: 0.9603
[37m2024-06-25 09:36:30,586 [INFO] - Validation epoch stats:   Loss: 0.4063 - F1-Score: 0.8577 - Accuracy-Score: 0.8217 - AUROC: 0.8939 - AP: 0.9374
[37m2024-06-25 09:36:30,587 [INFO] - New best model - save checkpoint
[37m2024-06-25 09:36:30,754 [INFO] - Epoch: 22/50
[37m2024-06-25 09:36:30,755 [INFO] - Extracting training cells
[37m2024-06-25 09:37:08,833 [INFO] - Extraction detection metrics - F1: 0.702, Precision: 0.683, Recall: 0.785, Detected-Cells: 13906
[37m2024-06-25 09:37:09,263 [INFO] - Training epoch stats:     Loss: 0.3116 - F1-Score: 0.9000 - Accuracy-Score: 0.8693 - AUROC: 0.9343 - AP: 0.9586
[37m2024-06-25 09:37:09,574 [INFO] - Validation epoch stats:   Loss: 0.4098 - F1-Score: 0.8557 - Accuracy-Score: 0.8204 - AUROC: 0.8932 - AP: 0.9370
[37m2024-06-25 09:37:09,615 [INFO] - Epoch: 23/50
[37m2024-06-25 09:37:09,615 [INFO] - Extracting training cells
[37m2024-06-25 09:37:45,083 [INFO] - Extraction detection metrics - F1: 0.693, Precision: 0.672, Recall: 0.777, Detected-Cells: 13340
[37m2024-06-25 09:37:45,667 [INFO] - Training epoch stats:     Loss: 0.3058 - F1-Score: 0.8996 - Accuracy-Score: 0.8691 - AUROC: 0.9375 - AP: 0.9590
[37m2024-06-25 09:37:45,967 [INFO] - Validation epoch stats:   Loss: 0.4087 - F1-Score: 0.8562 - Accuracy-Score: 0.8204 - AUROC: 0.8932 - AP: 0.9369
[37m2024-06-25 09:37:46,016 [INFO] - Epoch: 24/50
[37m2024-06-25 09:37:46,016 [INFO] - Extracting training cells
[37m2024-06-25 09:38:24,290 [INFO] - Extraction detection metrics - F1: 0.695, Precision: 0.669, Recall: 0.791, Detected-Cells: 13659
[37m2024-06-25 09:38:24,691 [INFO] - Training epoch stats:     Loss: 0.2966 - F1-Score: 0.9023 - Accuracy-Score: 0.8744 - AUROC: 0.9420 - AP: 0.9624
[37m2024-06-25 09:38:24,996 [INFO] - Validation epoch stats:   Loss: 0.4088 - F1-Score: 0.8565 - Accuracy-Score: 0.8209 - AUROC: 0.8932 - AP: 0.9369
[37m2024-06-25 09:38:25,047 [INFO] - Epoch: 25/50
[37m2024-06-25 09:38:25,048 [INFO] - Extracting training cells
[37m2024-06-25 09:39:02,154 [INFO] - Extraction detection metrics - F1: 0.699, Precision: 0.682, Recall: 0.789, Detected-Cells: 14005
[37m2024-06-25 09:39:02,670 [INFO] - Training epoch stats:     Loss: 0.3088 - F1-Score: 0.8992 - Accuracy-Score: 0.8665 - AUROC: 0.9346 - AP: 0.9609
[37m2024-06-25 09:39:03,109 [INFO] - Validation epoch stats:   Loss: 0.4085 - F1-Score: 0.8565 - Accuracy-Score: 0.8208 - AUROC: 0.8933 - AP: 0.9369
[37m2024-06-25 09:39:03,162 [INFO] - Epoch: 26/50
[37m2024-06-25 09:39:03,163 [INFO] - Extracting training cells
[37m2024-06-25 09:39:40,089 [INFO] - Extraction detection metrics - F1: 0.695, Precision: 0.673, Recall: 0.787, Detected-Cells: 13310
[37m2024-06-25 09:39:40,485 [INFO] - Training epoch stats:     Loss: 0.3150 - F1-Score: 0.8956 - Accuracy-Score: 0.8625 - AUROC: 0.9325 - AP: 0.9592
[37m2024-06-25 09:39:40,788 [INFO] - Validation epoch stats:   Loss: 0.4056 - F1-Score: 0.8588 - Accuracy-Score: 0.8220 - AUROC: 0.8928 - AP: 0.9367
[37m2024-06-25 09:39:40,829 [INFO] - Epoch: 27/50
[37m2024-06-25 09:39:40,830 [INFO] - Extracting training cells
[37m2024-06-25 09:40:17,904 [INFO] - Extraction detection metrics - F1: 0.704, Precision: 0.678, Recall: 0.797, Detected-Cells: 13375
[37m2024-06-25 09:40:18,490 [INFO] - Training epoch stats:     Loss: 0.2965 - F1-Score: 0.9055 - Accuracy-Score: 0.8761 - AUROC: 0.9419 - AP: 0.9633
[37m2024-06-25 09:40:18,794 [INFO] - Validation epoch stats:   Loss: 0.4074 - F1-Score: 0.8575 - Accuracy-Score: 0.8210 - AUROC: 0.8925 - AP: 0.9366
[37m2024-06-25 09:40:18,858 [INFO] - Epoch: 28/50
[37m2024-06-25 09:40:18,858 [INFO] - Extracting training cells
[37m2024-06-25 09:40:56,192 [INFO] - Extraction detection metrics - F1: 0.703, Precision: 0.687, Recall: 0.790, Detected-Cells: 13712
[37m2024-06-25 09:40:56,614 [INFO] - Training epoch stats:     Loss: 0.3053 - F1-Score: 0.8996 - Accuracy-Score: 0.8699 - AUROC: 0.9377 - AP: 0.9604
[37m2024-06-25 09:40:56,924 [INFO] - Validation epoch stats:   Loss: 0.4104 - F1-Score: 0.8552 - Accuracy-Score: 0.8189 - AUROC: 0.8918 - AP: 0.9362
[37m2024-06-25 09:40:56,969 [INFO] - Epoch: 29/50
[37m2024-06-25 09:40:56,970 [INFO] - Extracting training cells
[37m2024-06-25 09:41:35,534 [INFO] - Extraction detection metrics - F1: 0.695, Precision: 0.674, Recall: 0.785, Detected-Cells: 13855
[37m2024-06-25 09:41:35,952 [INFO] - Training epoch stats:     Loss: 0.3014 - F1-Score: 0.9023 - Accuracy-Score: 0.8698 - AUROC: 0.9376 - AP: 0.9633
[37m2024-06-25 09:41:36,260 [INFO] - Validation epoch stats:   Loss: 0.4082 - F1-Score: 0.8571 - Accuracy-Score: 0.8205 - AUROC: 0.8919 - AP: 0.9362
[37m2024-06-25 09:41:36,303 [INFO] - Epoch: 30/50
[37m2024-06-25 09:41:36,303 [INFO] - Extracting training cells
[37m2024-06-25 09:42:14,661 [INFO] - Extraction detection metrics - F1: 0.696, Precision: 0.682, Recall: 0.778, Detected-Cells: 13392
[37m2024-06-25 09:42:15,154 [INFO] - Training epoch stats:     Loss: 0.2892 - F1-Score: 0.9072 - Accuracy-Score: 0.8774 - AUROC: 0.9432 - AP: 0.9652
[37m2024-06-25 09:42:15,622 [INFO] - Validation epoch stats:   Loss: 0.4075 - F1-Score: 0.8569 - Accuracy-Score: 0.8203 - AUROC: 0.8923 - AP: 0.9364
[37m2024-06-25 09:42:15,684 [INFO] - Epoch: 31/50
[37m2024-06-25 09:42:15,684 [INFO] - Extracting training cells
[37m2024-06-25 09:42:59,311 [INFO] - Extraction detection metrics - F1: 0.704, Precision: 0.682, Recall: 0.793, Detected-Cells: 13255
[37m2024-06-25 09:42:59,904 [INFO] - Training epoch stats:     Loss: 0.2999 - F1-Score: 0.8999 - Accuracy-Score: 0.8716 - AUROC: 0.9414 - AP: 0.9608
[37m2024-06-25 09:43:00,235 [INFO] - Validation epoch stats:   Loss: 0.4094 - F1-Score: 0.8566 - Accuracy-Score: 0.8205 - AUROC: 0.8922 - AP: 0.9363
[37m2024-06-25 09:43:00,236 [INFO] - Performing early stopping!
[37m2024-06-25 09:43:00,242 [INFO] - Finished run kx767dhs
