[37m2024-05-16 13:41:05,669 [INFO] - Instantiated Logger. WandB init and config update finished.
[37m2024-05-16 13:41:05,671 [INFO] - Run ist stored here: /cellvit/logs_paper/Head-Evaluation/CoNSeP/SAM-H/Amount-DA/2024-05-16T134050_Amount-6
[37m2024-05-16 13:41:05,752 [INFO] - Cuda devices: [<torch.cuda.device object at 0x7f7faf24e770>]
[37m2024-05-16 13:41:05,764 [INFO] - Using GPU: cuda:0
[37m2024-05-16 13:41:05,774 [INFO] - Using device: cuda:0
[37m2024-05-16 13:41:05,786 [INFO] - Loss function:
[37m2024-05-16 13:41:05,796 [INFO] - CrossEntropyLoss()
[37m2024-05-16 13:41:17,962 [INFO] - <All keys matched successfully>
[37m2024-05-16 13:41:18,812 [INFO] -
==========================================================================================
Layer (type:depth-idx)                   Output Shape              Param #
==========================================================================================
LinearClassifier                         [1, 4]                    --
├─Linear: 1-1                            [1, 128]                  163,968
├─ReLU: 1-2                              [1, 128]                  --
├─Dropout: 1-3                           [1, 128]                  --
├─Linear: 1-4                            [1, 4]                    516
==========================================================================================
Total params: 164,484
Trainable params: 164,484
Non-trainable params: 0
Total mult-adds (M): 0.16
==========================================================================================
Input size (MB): 0.01
Forward/backward pass size (MB): 0.00
Params size (MB): 0.66
Estimated Total Size (MB): 0.66
==========================================================================================
[37m2024-05-16 13:41:18,813 [INFO] - Loaded AdamW Optimizer with following hyperparameters:
[37m2024-05-16 13:41:18,823 [INFO] - {'betas': [0.85, 0.9], 'lr': 0.0005, 'weight_decay': 0.0005}
[37m2024-05-16 13:41:18,834 [INFO] - Using early stopping with a range of 20 and maximize strategy
[37m2024-05-16 13:41:18,864 [INFO] - Caching datasets
[37m2024-05-16 13:41:19,579 [INFO] - Instantiate Trainer
[37m2024-05-16 13:41:19,582 [INFO] - Calling Trainer Fit
[37m2024-05-16 13:41:19,591 [INFO] - Starting training, total number of epochs: 50
[37m2024-05-16 13:41:19,602 [INFO] - Epoch: 1/50
[37m2024-05-16 13:41:19,613 [INFO] - Extracting training cells
[37m2024-05-16 13:41:26,864 [INFO] - Extraction detection metrics - F1: 0.780, Precision: 0.872, Recall: 0.714, Detected-Cells: 2649
[37m2024-05-16 13:41:27,033 [INFO] - Training epoch stats:     Loss: 0.6311 - F1-Score: 0.7746 - Accuracy-Score: 0.7746 - AUROC: 0.8787 - AP: 0.6766
[37m2024-05-16 13:41:27,716 [INFO] - Loaded dataset from cache: /Consep/cache/1f728da27af6daed7b166ce5447f5dec18916e3679cb7b74ddaefb4a67df10d2.h5
[37m2024-05-16 13:41:27,807 [INFO] - Validation epoch stats:   Loss: 0.5080 - F1-Score: 0.8165 - Accuracy-Score: 0.8165 - AUROC: 0.9414 - AP: 0.8244
[37m2024-05-16 13:41:27,808 [INFO] - New best model - save checkpoint
[37m2024-05-16 13:41:28,061 [INFO] - Epoch: 2/50
[37m2024-05-16 13:41:28,063 [INFO] - Extracting training cells
[37m2024-05-16 13:41:32,273 [INFO] - Extraction detection metrics - F1: 0.803, Precision: 0.897, Recall: 0.739, Detected-Cells: 2795
[37m2024-05-16 13:41:32,389 [INFO] - Training epoch stats:     Loss: 0.3213 - F1-Score: 0.8812 - Accuracy-Score: 0.8812 - AUROC: 0.9661 - AP: 0.8560
[37m2024-05-16 13:41:32,539 [INFO] - Validation epoch stats:   Loss: 0.4710 - F1-Score: 0.8263 - Accuracy-Score: 0.8263 - AUROC: 0.9485 - AP: 0.8393
[37m2024-05-16 13:41:32,540 [INFO] - New best model - save checkpoint
[37m2024-05-16 13:41:32,794 [INFO] - Epoch: 3/50
[37m2024-05-16 13:41:32,795 [INFO] - Extracting training cells
[37m2024-05-16 13:41:37,717 [INFO] - Extraction detection metrics - F1: 0.768, Precision: 0.868, Recall: 0.704, Detected-Cells: 2733
[37m2024-05-16 13:41:37,833 [INFO] - Training epoch stats:     Loss: 0.2694 - F1-Score: 0.8994 - Accuracy-Score: 0.8994 - AUROC: 0.9745 - AP: 0.9035
[37m2024-05-16 13:41:37,984 [INFO] - Validation epoch stats:   Loss: 0.4093 - F1-Score: 0.8488 - Accuracy-Score: 0.8488 - AUROC: 0.9531 - AP: 0.8436
[37m2024-05-16 13:41:37,985 [INFO] - New best model - save checkpoint
[37m2024-05-16 13:41:38,222 [INFO] - Epoch: 4/50
[37m2024-05-16 13:41:38,223 [INFO] - Extracting training cells
[37m2024-05-16 13:41:43,438 [INFO] - Extraction detection metrics - F1: 0.741, Precision: 0.881, Recall: 0.670, Detected-Cells: 2711
[37m2024-05-16 13:41:43,533 [INFO] - Training epoch stats:     Loss: 0.2587 - F1-Score: 0.9096 - Accuracy-Score: 0.9096 - AUROC: 0.9792 - AP: 0.9210
[37m2024-05-16 13:41:43,835 [INFO] - Validation epoch stats:   Loss: 0.4858 - F1-Score: 0.8042 - Accuracy-Score: 0.8042 - AUROC: 0.9448 - AP: 0.8416
[37m2024-05-16 13:41:43,903 [INFO] - Epoch: 5/50
[37m2024-05-16 13:41:43,904 [INFO] - Extracting training cells
[37m2024-05-16 13:41:48,914 [INFO] - Extraction detection metrics - F1: 0.761, Precision: 0.882, Recall: 0.692, Detected-Cells: 2724
[37m2024-05-16 13:41:49,029 [INFO] - Training epoch stats:     Loss: 0.2397 - F1-Score: 0.9170 - Accuracy-Score: 0.9170 - AUROC: 0.9832 - AP: 0.9310
[37m2024-05-16 13:41:49,171 [INFO] - Validation epoch stats:   Loss: 0.4274 - F1-Score: 0.8388 - Accuracy-Score: 0.8388 - AUROC: 0.9527 - AP: 0.8469
[37m2024-05-16 13:41:49,238 [INFO] - Epoch: 6/50
[37m2024-05-16 13:41:49,238 [INFO] - Extracting training cells
[37m2024-05-16 13:41:54,242 [INFO] - Extraction detection metrics - F1: 0.697, Precision: 0.824, Recall: 0.621, Detected-Cells: 2401
[37m2024-05-16 13:41:54,334 [INFO] - Training epoch stats:     Loss: 0.3918 - F1-Score: 0.8601 - Accuracy-Score: 0.8601 - AUROC: 0.9589 - AP: 0.8728
[37m2024-05-16 13:41:54,439 [INFO] - Validation epoch stats:   Loss: 0.4068 - F1-Score: 0.8375 - Accuracy-Score: 0.8375 - AUROC: 0.9578 - AP: 0.8491
[37m2024-05-16 13:41:54,440 [INFO] - New best model - save checkpoint
[37m2024-05-16 13:41:54,668 [INFO] - Epoch: 7/50
[37m2024-05-16 13:41:54,669 [INFO] - Extracting training cells
[37m2024-05-16 13:41:58,790 [INFO] - Extraction detection metrics - F1: 0.756, Precision: 0.864, Recall: 0.690, Detected-Cells: 2691
[37m2024-05-16 13:41:58,906 [INFO] - Training epoch stats:     Loss: 0.2342 - F1-Score: 0.9090 - Accuracy-Score: 0.9090 - AUROC: 0.9838 - AP: 0.9367
[37m2024-05-16 13:41:59,068 [INFO] - Validation epoch stats:   Loss: 0.4049 - F1-Score: 0.8429 - Accuracy-Score: 0.8429 - AUROC: 0.9576 - AP: 0.8486
[37m2024-05-16 13:41:59,134 [INFO] - Epoch: 8/50
[37m2024-05-16 13:41:59,134 [INFO] - Extracting training cells
[37m2024-05-16 13:42:04,400 [INFO] - Extraction detection metrics - F1: 0.780, Precision: 0.880, Recall: 0.717, Detected-Cells: 2803
[37m2024-05-16 13:42:04,500 [INFO] - Training epoch stats:     Loss: 0.2101 - F1-Score: 0.9194 - Accuracy-Score: 0.9194 - AUROC: 0.9872 - AP: 0.9407
[37m2024-05-16 13:42:04,607 [INFO] - Validation epoch stats:   Loss: 0.4582 - F1-Score: 0.8273 - Accuracy-Score: 0.8273 - AUROC: 0.9532 - AP: 0.8452
[37m2024-05-16 13:42:04,666 [INFO] - Epoch: 9/50
[37m2024-05-16 13:42:04,667 [INFO] - Extracting training cells
[37m2024-05-16 13:42:09,215 [INFO] - Extraction detection metrics - F1: 0.737, Precision: 0.863, Recall: 0.671, Detected-Cells: 2591
[37m2024-05-16 13:42:09,334 [INFO] - Training epoch stats:     Loss: 0.5749 - F1-Score: 0.8406 - Accuracy-Score: 0.8406 - AUROC: 0.9294 - AP: 0.8512
[37m2024-05-16 13:42:09,482 [INFO] - Validation epoch stats:   Loss: 0.5846 - F1-Score: 0.7669 - Accuracy-Score: 0.7669 - AUROC: 0.9342 - AP: 0.8051
[37m2024-05-16 13:42:09,551 [INFO] - Epoch: 10/50
[37m2024-05-16 13:42:09,552 [INFO] - Extracting training cells
[37m2024-05-16 13:42:15,016 [INFO] - Extraction detection metrics - F1: 0.763, Precision: 0.897, Recall: 0.689, Detected-Cells: 2736
[37m2024-05-16 13:42:15,114 [INFO] - Training epoch stats:     Loss: 0.2770 - F1-Score: 0.9137 - Accuracy-Score: 0.9137 - AUROC: 0.9810 - AP: 0.9307
[37m2024-05-16 13:42:15,220 [INFO] - Validation epoch stats:   Loss: 0.4907 - F1-Score: 0.8237 - Accuracy-Score: 0.8237 - AUROC: 0.9483 - AP: 0.8304
[37m2024-05-16 13:42:15,276 [INFO] - Epoch: 11/50
[37m2024-05-16 13:42:15,276 [INFO] - Extracting training cells
[37m2024-05-16 13:42:20,001 [INFO] - Extraction detection metrics - F1: 0.750, Precision: 0.894, Recall: 0.654, Detected-Cells: 2474
[37m2024-05-16 13:42:20,104 [INFO] - Training epoch stats:     Loss: 0.2401 - F1-Score: 0.9127 - Accuracy-Score: 0.9127 - AUROC: 0.9827 - AP: 0.9389
[37m2024-05-16 13:42:20,252 [INFO] - Validation epoch stats:   Loss: 0.4986 - F1-Score: 0.8199 - Accuracy-Score: 0.8199 - AUROC: 0.9476 - AP: 0.8341
[37m2024-05-16 13:42:20,326 [INFO] - Epoch: 12/50
[37m2024-05-16 13:42:20,326 [INFO] - Extracting training cells
[37m2024-05-16 13:42:26,488 [INFO] - Extraction detection metrics - F1: 0.735, Precision: 0.893, Recall: 0.657, Detected-Cells: 2722
[37m2024-05-16 13:42:26,628 [INFO] - Training epoch stats:     Loss: 0.1876 - F1-Score: 0.9287 - Accuracy-Score: 0.9287 - AUROC: 0.9888 - AP: 0.9526
[37m2024-05-16 13:42:26,787 [INFO] - Validation epoch stats:   Loss: 0.4695 - F1-Score: 0.8208 - Accuracy-Score: 0.8208 - AUROC: 0.9509 - AP: 0.8403
[37m2024-05-16 13:42:26,858 [INFO] - Epoch: 13/50
[37m2024-05-16 13:42:26,859 [INFO] - Extracting training cells
[37m2024-05-16 13:42:31,506 [INFO] - Extraction detection metrics - F1: 0.766, Precision: 0.873, Recall: 0.712, Detected-Cells: 2479
[37m2024-05-16 13:42:31,593 [INFO] - Training epoch stats:     Loss: 0.4582 - F1-Score: 0.8588 - Accuracy-Score: 0.8588 - AUROC: 0.9608 - AP: 0.8761
[37m2024-05-16 13:42:31,699 [INFO] - Validation epoch stats:   Loss: 0.5551 - F1-Score: 0.7674 - Accuracy-Score: 0.7674 - AUROC: 0.9461 - AP: 0.8263
[37m2024-05-16 13:42:31,768 [INFO] - Epoch: 14/50
[37m2024-05-16 13:42:31,768 [INFO] - Extracting training cells
[37m2024-05-16 13:42:36,661 [INFO] - Extraction detection metrics - F1: 0.754, Precision: 0.907, Recall: 0.661, Detected-Cells: 2579
[37m2024-05-16 13:42:36,775 [INFO] - Training epoch stats:     Loss: 0.2292 - F1-Score: 0.9259 - Accuracy-Score: 0.9259 - AUROC: 0.9878 - AP: 0.9557
[37m2024-05-16 13:42:36,925 [INFO] - Validation epoch stats:   Loss: 0.4026 - F1-Score: 0.8539 - Accuracy-Score: 0.8539 - AUROC: 0.9577 - AP: 0.8514
[37m2024-05-16 13:42:36,991 [INFO] - Epoch: 15/50
[37m2024-05-16 13:42:36,992 [INFO] - Extracting training cells
[37m2024-05-16 13:42:42,013 [INFO] - Extraction detection metrics - F1: 0.760, Precision: 0.883, Recall: 0.693, Detected-Cells: 2709
[37m2024-05-16 13:42:42,126 [INFO] - Training epoch stats:     Loss: 0.2362 - F1-Score: 0.9144 - Accuracy-Score: 0.9144 - AUROC: 0.9844 - AP: 0.9403
[37m2024-05-16 13:42:42,265 [INFO] - Validation epoch stats:   Loss: 0.4324 - F1-Score: 0.8313 - Accuracy-Score: 0.8313 - AUROC: 0.9582 - AP: 0.8567
[37m2024-05-16 13:42:42,265 [INFO] - New best model - save checkpoint
[37m2024-05-16 13:42:42,505 [INFO] - Epoch: 16/50
[37m2024-05-16 13:42:42,506 [INFO] - Extracting training cells
[37m2024-05-16 13:42:47,453 [INFO] - Extraction detection metrics - F1: 0.761, Precision: 0.871, Recall: 0.701, Detected-Cells: 2766
[37m2024-05-16 13:42:47,570 [INFO] - Training epoch stats:     Loss: 0.1505 - F1-Score: 0.9432 - Accuracy-Score: 0.9432 - AUROC: 0.9937 - AP: 0.9712
[37m2024-05-16 13:42:47,720 [INFO] - Validation epoch stats:   Loss: 0.4406 - F1-Score: 0.8450 - Accuracy-Score: 0.8450 - AUROC: 0.9542 - AP: 0.8474
[37m2024-05-16 13:42:47,777 [INFO] - Epoch: 17/50
[37m2024-05-16 13:42:47,778 [INFO] - Extracting training cells
[37m2024-05-16 13:42:52,836 [INFO] - Extraction detection metrics - F1: 0.766, Precision: 0.865, Recall: 0.702, Detected-Cells: 2699
[37m2024-05-16 13:42:52,949 [INFO] - Training epoch stats:     Loss: 0.1701 - F1-Score: 0.9348 - Accuracy-Score: 0.9348 - AUROC: 0.9923 - AP: 0.9704
[37m2024-05-16 13:42:53,103 [INFO] - Validation epoch stats:   Loss: 0.4549 - F1-Score: 0.8347 - Accuracy-Score: 0.8347 - AUROC: 0.9536 - AP: 0.8436
[37m2024-05-16 13:42:53,162 [INFO] - Epoch: 18/50
[37m2024-05-16 13:42:53,163 [INFO] - Extracting training cells
[37m2024-05-16 13:42:58,360 [INFO] - Extraction detection metrics - F1: 0.773, Precision: 0.882, Recall: 0.706, Detected-Cells: 2675
[37m2024-05-16 13:42:58,463 [INFO] - Training epoch stats:     Loss: 0.2524 - F1-Score: 0.9058 - Accuracy-Score: 0.9058 - AUROC: 0.9829 - AP: 0.9403
[37m2024-05-16 13:42:58,597 [INFO] - Validation epoch stats:   Loss: 0.4359 - F1-Score: 0.8347 - Accuracy-Score: 0.8347 - AUROC: 0.9524 - AP: 0.8403
[37m2024-05-16 13:42:58,660 [INFO] - Epoch: 19/50
[37m2024-05-16 13:42:58,661 [INFO] - Extracting training cells
[37m2024-05-16 13:43:03,624 [INFO] - Extraction detection metrics - F1: 0.714, Precision: 0.866, Recall: 0.636, Detected-Cells: 2258
[37m2024-05-16 13:43:03,726 [INFO] - Training epoch stats:     Loss: 0.3161 - F1-Score: 0.8888 - Accuracy-Score: 0.8888 - AUROC: 0.9814 - AP: 0.9378
[37m2024-05-16 13:43:03,833 [INFO] - Validation epoch stats:   Loss: 0.4655 - F1-Score: 0.8105 - Accuracy-Score: 0.8105 - AUROC: 0.9526 - AP: 0.8378
[37m2024-05-16 13:43:03,892 [INFO] - Epoch: 20/50
[37m2024-05-16 13:43:03,892 [INFO] - Extracting training cells
[37m2024-05-16 13:43:08,581 [INFO] - Extraction detection metrics - F1: 0.750, Precision: 0.858, Recall: 0.675, Detected-Cells: 2456
[37m2024-05-16 13:43:08,670 [INFO] - Training epoch stats:     Loss: 0.5349 - F1-Score: 0.8331 - Accuracy-Score: 0.8331 - AUROC: 0.9384 - AP: 0.8622
[37m2024-05-16 13:43:08,775 [INFO] - Validation epoch stats:   Loss: 0.6352 - F1-Score: 0.7159 - Accuracy-Score: 0.7159 - AUROC: 0.9259 - AP: 0.7992
[37m2024-05-16 13:43:08,828 [INFO] - Epoch: 21/50
[37m2024-05-16 13:43:08,828 [INFO] - Extracting training cells
[37m2024-05-16 13:43:13,121 [INFO] - Extraction detection metrics - F1: 0.777, Precision: 0.882, Recall: 0.709, Detected-Cells: 2700
[37m2024-05-16 13:43:13,225 [INFO] - Training epoch stats:     Loss: 0.2263 - F1-Score: 0.9259 - Accuracy-Score: 0.9259 - AUROC: 0.9897 - AP: 0.9613
[37m2024-05-16 13:43:13,330 [INFO] - Validation epoch stats:   Loss: 0.4274 - F1-Score: 0.8490 - Accuracy-Score: 0.8490 - AUROC: 0.9502 - AP: 0.8411
[37m2024-05-16 13:43:13,387 [INFO] - Epoch: 22/50
[37m2024-05-16 13:43:13,387 [INFO] - Extracting training cells
[37m2024-05-16 13:43:17,875 [INFO] - Extraction detection metrics - F1: 0.757, Precision: 0.863, Recall: 0.686, Detected-Cells: 2596
[37m2024-05-16 13:43:17,988 [INFO] - Training epoch stats:     Loss: 0.1409 - F1-Score: 0.9495 - Accuracy-Score: 0.9495 - AUROC: 0.9933 - AP: 0.9726
[37m2024-05-16 13:43:18,140 [INFO] - Validation epoch stats:   Loss: 0.4648 - F1-Score: 0.8405 - Accuracy-Score: 0.8405 - AUROC: 0.9503 - AP: 0.8380
[37m2024-05-16 13:43:18,204 [INFO] - Epoch: 23/50
[37m2024-05-16 13:43:18,205 [INFO] - Extracting training cells
[37m2024-05-16 13:43:23,333 [INFO] - Extraction detection metrics - F1: 0.798, Precision: 0.860, Recall: 0.751, Detected-Cells: 2726
[37m2024-05-16 13:43:23,441 [INFO] - Training epoch stats:     Loss: 0.2540 - F1-Score: 0.8980 - Accuracy-Score: 0.8980 - AUROC: 0.9821 - AP: 0.9344
[37m2024-05-16 13:43:23,578 [INFO] - Validation epoch stats:   Loss: 0.4722 - F1-Score: 0.8199 - Accuracy-Score: 0.8199 - AUROC: 0.9495 - AP: 0.8364
[37m2024-05-16 13:43:23,630 [INFO] - Epoch: 24/50
[37m2024-05-16 13:43:23,630 [INFO] - Extracting training cells
[37m2024-05-16 13:43:29,471 [INFO] - Extraction detection metrics - F1: 0.754, Precision: 0.879, Recall: 0.685, Detected-Cells: 2699
[37m2024-05-16 13:43:29,582 [INFO] - Training epoch stats:     Loss: 0.1586 - F1-Score: 0.9403 - Accuracy-Score: 0.9403 - AUROC: 0.9931 - AP: 0.9733
[37m2024-05-16 13:43:29,748 [INFO] - Validation epoch stats:   Loss: 0.4819 - F1-Score: 0.8163 - Accuracy-Score: 0.8163 - AUROC: 0.9497 - AP: 0.8426
[37m2024-05-16 13:43:29,811 [INFO] - Epoch: 25/50
[37m2024-05-16 13:43:29,811 [INFO] - Extracting training cells
[37m2024-05-16 13:43:35,327 [INFO] - Extraction detection metrics - F1: 0.749, Precision: 0.876, Recall: 0.678, Detected-Cells: 2691
[37m2024-05-16 13:43:35,424 [INFO] - Training epoch stats:     Loss: 0.1681 - F1-Score: 0.9405 - Accuracy-Score: 0.9405 - AUROC: 0.9919 - AP: 0.9688
[37m2024-05-16 13:43:35,533 [INFO] - Validation epoch stats:   Loss: 0.4642 - F1-Score: 0.8234 - Accuracy-Score: 0.8234 - AUROC: 0.9496 - AP: 0.8425
[37m2024-05-16 13:43:35,594 [INFO] - Epoch: 26/50
[37m2024-05-16 13:43:35,594 [INFO] - Extracting training cells
[37m2024-05-16 13:43:39,734 [INFO] - Extraction detection metrics - F1: 0.755, Precision: 0.886, Recall: 0.678, Detected-Cells: 2685
[37m2024-05-16 13:43:39,852 [INFO] - Training epoch stats:     Loss: 0.6554 - F1-Score: 0.8678 - Accuracy-Score: 0.8678 - AUROC: 0.9285 - AP: 0.8505
[37m2024-05-16 13:43:40,010 [INFO] - Validation epoch stats:   Loss: 0.4599 - F1-Score: 0.8201 - Accuracy-Score: 0.8201 - AUROC: 0.9507 - AP: 0.8424
[37m2024-05-16 13:43:40,075 [INFO] - Epoch: 27/50
[37m2024-05-16 13:43:40,076 [INFO] - Extracting training cells
[37m2024-05-16 13:43:45,201 [INFO] - Extraction detection metrics - F1: 0.715, Precision: 0.867, Recall: 0.634, Detected-Cells: 1989
[37m2024-05-16 13:43:45,271 [INFO] - Training epoch stats:     Loss: 0.3412 - F1-Score: 0.8999 - Accuracy-Score: 0.8999 - AUROC: 0.9732 - AP: 0.8766
[37m2024-05-16 13:43:45,378 [INFO] - Validation epoch stats:   Loss: 0.4664 - F1-Score: 0.8163 - Accuracy-Score: 0.8163 - AUROC: 0.9508 - AP: 0.8413
[37m2024-05-16 13:43:45,440 [INFO] - Epoch: 28/50
[37m2024-05-16 13:43:45,441 [INFO] - Extracting training cells
[37m2024-05-16 13:43:49,961 [INFO] - Extraction detection metrics - F1: 0.747, Precision: 0.863, Recall: 0.679, Detected-Cells: 2615
[37m2024-05-16 13:43:50,074 [INFO] - Training epoch stats:     Loss: 0.1847 - F1-Score: 0.9323 - Accuracy-Score: 0.9323 - AUROC: 0.9910 - AP: 0.9693
[37m2024-05-16 13:43:50,225 [INFO] - Validation epoch stats:   Loss: 0.4363 - F1-Score: 0.8340 - Accuracy-Score: 0.8340 - AUROC: 0.9514 - AP: 0.8416
[37m2024-05-16 13:43:50,297 [INFO] - Epoch: 29/50
[37m2024-05-16 13:43:50,297 [INFO] - Extracting training cells
[37m2024-05-16 13:43:54,770 [INFO] - Extraction detection metrics - F1: 0.776, Precision: 0.883, Recall: 0.709, Detected-Cells: 2742
[37m2024-05-16 13:43:54,865 [INFO] - Training epoch stats:     Loss: 0.1312 - F1-Score: 0.9584 - Accuracy-Score: 0.9584 - AUROC: 0.9962 - AP: 0.9816
[37m2024-05-16 13:43:54,978 [INFO] - Validation epoch stats:   Loss: 0.4412 - F1-Score: 0.8320 - Accuracy-Score: 0.8320 - AUROC: 0.9511 - AP: 0.8418
[37m2024-05-16 13:43:55,036 [INFO] - Epoch: 30/50
[37m2024-05-16 13:43:55,036 [INFO] - Extracting training cells
[37m2024-05-16 13:43:59,580 [INFO] - Extraction detection metrics - F1: 0.772, Precision: 0.869, Recall: 0.711, Detected-Cells: 2716
[37m2024-05-16 13:43:59,694 [INFO] - Training epoch stats:     Loss: 0.1715 - F1-Score: 0.9444 - Accuracy-Score: 0.9444 - AUROC: 0.9920 - AP: 0.9653
[37m2024-05-16 13:43:59,854 [INFO] - Validation epoch stats:   Loss: 0.4402 - F1-Score: 0.8323 - Accuracy-Score: 0.8323 - AUROC: 0.9514 - AP: 0.8427
[37m2024-05-16 13:43:59,922 [INFO] - Epoch: 31/50
[37m2024-05-16 13:43:59,923 [INFO] - Extracting training cells
[37m2024-05-16 13:44:04,450 [INFO] - Extraction detection metrics - F1: 0.781, Precision: 0.847, Recall: 0.734, Detected-Cells: 2173
[37m2024-05-16 13:44:04,546 [INFO] - Training epoch stats:     Loss: 0.3315 - F1-Score: 0.9038 - Accuracy-Score: 0.9038 - AUROC: 0.9741 - AP: 0.8778
[37m2024-05-16 13:44:04,693 [INFO] - Validation epoch stats:   Loss: 0.4466 - F1-Score: 0.8323 - Accuracy-Score: 0.8323 - AUROC: 0.9507 - AP: 0.8413
[37m2024-05-16 13:44:04,758 [INFO] - Epoch: 32/50
[37m2024-05-16 13:44:04,759 [INFO] - Extracting training cells
[37m2024-05-16 13:44:09,275 [INFO] - Extraction detection metrics - F1: 0.764, Precision: 0.866, Recall: 0.700, Detected-Cells: 2193
[37m2024-05-16 13:44:09,353 [INFO] - Training epoch stats:     Loss: 0.2704 - F1-Score: 0.9033 - Accuracy-Score: 0.9033 - AUROC: 0.9798 - AP: 0.9125
[37m2024-05-16 13:44:09,457 [INFO] - Validation epoch stats:   Loss: 0.4742 - F1-Score: 0.8186 - Accuracy-Score: 0.8186 - AUROC: 0.9488 - AP: 0.8384
[37m2024-05-16 13:44:09,527 [INFO] - Epoch: 33/50
[37m2024-05-16 13:44:09,528 [INFO] - Extracting training cells
[37m2024-05-16 13:44:14,237 [INFO] - Extraction detection metrics - F1: 0.714, Precision: 0.828, Recall: 0.641, Detected-Cells: 2122
[37m2024-05-16 13:44:14,319 [INFO] - Training epoch stats:     Loss: 0.2434 - F1-Score: 0.9100 - Accuracy-Score: 0.9100 - AUROC: 0.9877 - AP: 0.9626
[37m2024-05-16 13:44:14,425 [INFO] - Validation epoch stats:   Loss: 0.4668 - F1-Score: 0.8217 - Accuracy-Score: 0.8217 - AUROC: 0.9487 - AP: 0.8373
[37m2024-05-16 13:44:14,492 [INFO] - Epoch: 34/50
[37m2024-05-16 13:44:14,492 [INFO] - Extracting training cells
[37m2024-05-16 13:44:18,863 [INFO] - Extraction detection metrics - F1: 0.774, Precision: 0.881, Recall: 0.709, Detected-Cells: 2753
[37m2024-05-16 13:44:18,976 [INFO] - Training epoch stats:     Loss: 0.1220 - F1-Score: 0.9640 - Accuracy-Score: 0.9640 - AUROC: 0.9973 - AP: 0.9881
[37m2024-05-16 13:44:19,124 [INFO] - Validation epoch stats:   Loss: 0.4635 - F1-Score: 0.8196 - Accuracy-Score: 0.8196 - AUROC: 0.9496 - AP: 0.8388
[37m2024-05-16 13:44:19,196 [INFO] - Epoch: 35/50
[37m2024-05-16 13:44:19,197 [INFO] - Extracting training cells
[37m2024-05-16 13:44:24,122 [INFO] - Extraction detection metrics - F1: 0.756, Precision: 0.862, Recall: 0.687, Detected-Cells: 2200
[37m2024-05-16 13:44:24,211 [INFO] - Training epoch stats:     Loss: 0.2128 - F1-Score: 0.9127 - Accuracy-Score: 0.9127 - AUROC: 0.9900 - AP: 0.9706
[37m2024-05-16 13:44:24,317 [INFO] - Validation epoch stats:   Loss: 0.4710 - F1-Score: 0.8172 - Accuracy-Score: 0.8172 - AUROC: 0.9499 - AP: 0.8398
[37m2024-05-16 13:44:24,317 [INFO] - Performing early stopping!
[37m2024-05-16 13:44:24,329 [INFO] - Finished run 31pvirag
