[37m2024-06-28 09:39:52,172 [INFO] - Instantiated Logger. WandB init and config update finished.
[37m2024-06-28 09:39:52,173 [INFO] - Run ist stored here: /cellvit/logs_paper/Head-Evaluation/CoNSeP/SAM-H/Amount-DA/2024-06-28T093944_Amount-1-Seed-4
[37m2024-06-28 09:39:52,235 [INFO] - Cuda devices: [<torch.cuda.device object at 0x7efab8798820>]
[37m2024-06-28 09:39:52,241 [INFO] - Using GPU: cuda:0
[37m2024-06-28 09:39:52,246 [INFO] - Using device: cuda:0
[37m2024-06-28 09:39:52,251 [INFO] - Loss function:
[37m2024-06-28 09:39:52,256 [INFO] - CrossEntropyLoss()
[37m2024-06-28 09:40:08,977 [INFO] - <All keys matched successfully>
[37m2024-06-28 09:40:10,059 [INFO] -
==========================================================================================
Layer (type:depth-idx)                   Output Shape              Param #
==========================================================================================
LinearClassifier                         [1, 4]                    --
├─Linear: 1-1                            [1, 128]                  163,968
├─ReLU: 1-2                              [1, 128]                  --
├─Dropout: 1-3                           [1, 128]                  --
├─Linear: 1-4                            [1, 4]                    516
==========================================================================================
Total params: 164,484
Trainable params: 164,484
Non-trainable params: 0
Total mult-adds (M): 0.16
==========================================================================================
Input size (MB): 0.01
Forward/backward pass size (MB): 0.00
Params size (MB): 0.66
Estimated Total Size (MB): 0.66
==========================================================================================
[37m2024-06-28 09:40:10,060 [INFO] - Loaded AdamW Optimizer with following hyperparameters:
[37m2024-06-28 09:40:10,066 [INFO] - {'betas': [0.85, 0.9], 'lr': 0.0005, 'weight_decay': 0.0005}
[37m2024-06-28 09:40:10,071 [INFO] - Using early stopping with a range of 20 and maximize strategy
[37m2024-06-28 09:40:10,092 [INFO] - Caching datasets
[37m2024-06-28 09:40:10,703 [INFO] - Instantiate Trainer
[37m2024-06-28 09:40:10,707 [INFO] - Calling Trainer Fit
[37m2024-06-28 09:40:10,711 [INFO] - Starting training, total number of epochs: 50
[37m2024-06-28 09:40:10,716 [INFO] - Epoch: 1/50
[37m2024-06-28 09:40:10,722 [INFO] - Extracting training cells
[37m2024-06-28 09:40:14,169 [INFO] - Extraction detection metrics - F1: 0.746, Precision: 0.721, Recall: 0.773, Detected-Cells: 593
[37m2024-06-28 09:40:14,309 [INFO] - Training epoch stats:     Loss: 0.8065 - F1-Score: 0.6189 - Accuracy-Score: 0.6189 - AUROC: 0.7046 - AP: 0.4735
[37m2024-06-28 09:40:15,545 [INFO] - Loaded dataset from cache: /Consep/cache/1f728da27af6daed7b166ce5447f5dec18916e3679cb7b74ddaefb4a67df10d2.h5
[37m2024-06-28 09:40:15,670 [INFO] - Validation epoch stats:   Loss: 1.2479 - F1-Score: 0.6897 - Accuracy-Score: 0.6897 - AUROC: 0.8021 - AP: 0.5282
[37m2024-06-28 09:40:15,671 [INFO] - New best model - save checkpoint
[37m2024-06-28 09:40:15,831 [INFO] - Epoch: 2/50
[37m2024-06-28 09:40:15,833 [INFO] - Extracting training cells
[37m2024-06-28 09:40:17,123 [INFO] - Extraction detection metrics - F1: 0.799, Precision: 0.761, Recall: 0.840, Detected-Cells: 644
[37m2024-06-28 09:40:17,160 [INFO] - Training epoch stats:     Loss: 0.3630 - F1-Score: 0.9193 - Accuracy-Score: 0.9193 - AUROC: 0.9325 - AP: 0.7395
[37m2024-06-28 09:40:17,283 [INFO] - Validation epoch stats:   Loss: 1.3052 - F1-Score: 0.6583 - Accuracy-Score: 0.6583 - AUROC: 0.8189 - AP: 0.5814
[37m2024-06-28 09:40:17,284 [INFO] - New best model - save checkpoint
[37m2024-06-28 09:40:17,464 [INFO] - Epoch: 3/50
[37m2024-06-28 09:40:17,465 [INFO] - Extracting training cells
[37m2024-06-28 09:40:18,818 [INFO] - Extraction detection metrics - F1: 0.813, Precision: 0.766, Recall: 0.867, Detected-Cells: 665
[37m2024-06-28 09:40:18,857 [INFO] - Training epoch stats:     Loss: 0.3289 - F1-Score: 0.9233 - Accuracy-Score: 0.9233 - AUROC: 0.9471 - AP: 0.7689
[37m2024-06-28 09:40:18,978 [INFO] - Validation epoch stats:   Loss: 1.0266 - F1-Score: 0.6735 - Accuracy-Score: 0.6735 - AUROC: 0.8669 - AP: 0.6386
[37m2024-06-28 09:40:18,979 [INFO] - New best model - save checkpoint
[37m2024-06-28 09:40:19,164 [INFO] - Epoch: 4/50
[37m2024-06-28 09:40:19,164 [INFO] - Extracting training cells
[37m2024-06-28 09:40:20,528 [INFO] - Extraction detection metrics - F1: 0.813, Precision: 0.766, Recall: 0.867, Detected-Cells: 665
[37m2024-06-28 09:40:20,566 [INFO] - Training epoch stats:     Loss: 0.2395 - F1-Score: 0.9248 - Accuracy-Score: 0.9248 - AUROC: 0.9699 - AP: 0.8250
[37m2024-06-28 09:40:20,687 [INFO] - Validation epoch stats:   Loss: 0.7343 - F1-Score: 0.7049 - Accuracy-Score: 0.7049 - AUROC: 0.8751 - AP: 0.6542
[37m2024-06-28 09:40:20,689 [INFO] - New best model - save checkpoint
[37m2024-06-28 09:40:20,851 [INFO] - Epoch: 5/50
[37m2024-06-28 09:40:20,852 [INFO] - Extracting training cells
[37m2024-06-28 09:40:22,435 [INFO] - Extraction detection metrics - F1: 0.765, Precision: 0.787, Recall: 0.744, Detected-Cells: 571
[37m2024-06-28 09:40:22,470 [INFO] - Training epoch stats:     Loss: 0.2424 - F1-Score: 0.9194 - Accuracy-Score: 0.9194 - AUROC: 0.9438 - AP: 0.7530
[37m2024-06-28 09:40:22,595 [INFO] - Validation epoch stats:   Loss: 0.6695 - F1-Score: 0.7358 - Accuracy-Score: 0.7358 - AUROC: 0.8716 - AP: 0.6492
[37m2024-06-28 09:40:22,663 [INFO] - Epoch: 6/50
[37m2024-06-28 09:40:22,664 [INFO] - Extracting training cells
[37m2024-06-28 09:40:24,207 [INFO] - Extraction detection metrics - F1: 0.692, Precision: 0.725, Recall: 0.661, Detected-Cells: 507
[37m2024-06-28 09:40:24,237 [INFO] - Training epoch stats:     Loss: 0.2796 - F1-Score: 0.9191 - Accuracy-Score: 0.9191 - AUROC: 0.9663 - AP: 0.8186
[37m2024-06-28 09:40:24,374 [INFO] - Validation epoch stats:   Loss: 0.5789 - F1-Score: 0.7667 - Accuracy-Score: 0.7667 - AUROC: 0.8931 - AP: 0.6673
[37m2024-06-28 09:40:24,375 [INFO] - New best model - save checkpoint
[37m2024-06-28 09:40:24,540 [INFO] - Epoch: 7/50
[37m2024-06-28 09:40:24,540 [INFO] - Extracting training cells
[37m2024-06-28 09:40:26,002 [INFO] - Extraction detection metrics - F1: 0.797, Precision: 0.772, Recall: 0.823, Detected-Cells: 631
[37m2024-06-28 09:40:26,042 [INFO] - Training epoch stats:     Loss: 0.2613 - F1-Score: 0.9223 - Accuracy-Score: 0.9223 - AUROC: 0.9656 - AP: 0.7885
[37m2024-06-28 09:40:26,173 [INFO] - Validation epoch stats:   Loss: 0.6876 - F1-Score: 0.7226 - Accuracy-Score: 0.7226 - AUROC: 0.8981 - AP: 0.6677
[37m2024-06-28 09:40:26,174 [INFO] - New best model - save checkpoint
[37m2024-06-28 09:40:26,346 [INFO] - Epoch: 8/50
[37m2024-06-28 09:40:26,347 [INFO] - Extracting training cells
[37m2024-06-28 09:40:27,653 [INFO] - Extraction detection metrics - F1: 0.804, Precision: 0.771, Recall: 0.839, Detected-Cells: 637
[37m2024-06-28 09:40:27,688 [INFO] - Training epoch stats:     Loss: 1.8947 - F1-Score: 0.6311 - Accuracy-Score: 0.6311 - AUROC: 0.6599 - AP: 0.3573
[37m2024-06-28 09:40:27,811 [INFO] - Validation epoch stats:   Loss: 0.8338 - F1-Score: 0.6349 - Accuracy-Score: 0.6349 - AUROC: 0.8875 - AP: 0.6527
[37m2024-06-28 09:40:27,865 [INFO] - Epoch: 9/50
[37m2024-06-28 09:40:27,866 [INFO] - Extracting training cells
[37m2024-06-28 09:40:28,916 [INFO] - Extraction detection metrics - F1: 0.726, Precision: 0.687, Recall: 0.770, Detected-Cells: 114
[37m2024-06-28 09:40:28,939 [INFO] - Training epoch stats:     Loss: 1.8493 - F1-Score: 0.4211 - Accuracy-Score: 0.4211 - AUROC: 0.2738 - AP: 0.5564
[37m2024-06-28 09:40:29,063 [INFO] - Validation epoch stats:   Loss: 0.8338 - F1-Score: 0.6349 - Accuracy-Score: 0.6349 - AUROC: 0.8875 - AP: 0.6527
[37m2024-06-28 09:40:29,131 [INFO] - Epoch: 10/50
[37m2024-06-28 09:40:29,131 [INFO] - Extracting training cells
[37m2024-06-28 09:40:30,504 [INFO] - Extraction detection metrics - F1: 0.808, Precision: 0.767, Recall: 0.854, Detected-Cells: 655
[37m2024-06-28 09:40:30,544 [INFO] - Training epoch stats:     Loss: 0.2584 - F1-Score: 0.9252 - Accuracy-Score: 0.9252 - AUROC: 0.9799 - AP: 0.8564
[37m2024-06-28 09:40:30,669 [INFO] - Validation epoch stats:   Loss: 0.8009 - F1-Score: 0.6859 - Accuracy-Score: 0.6859 - AUROC: 0.8826 - AP: 0.6398
[37m2024-06-28 09:40:30,729 [INFO] - Epoch: 11/50
[37m2024-06-28 09:40:30,730 [INFO] - Extracting training cells
[37m2024-06-28 09:40:31,657 [INFO] - Extraction detection metrics - F1: 0.747, Precision: 0.765, Recall: 0.729, Detected-Cells: 137
[37m2024-06-28 09:40:31,679 [INFO] - Training epoch stats:     Loss: 1.2227 - F1-Score: 0.5109 - Accuracy-Score: 0.5109 - AUROC: 0.3047 - AP: 0.6229
[37m2024-06-28 09:40:31,808 [INFO] - Validation epoch stats:   Loss: 0.8424 - F1-Score: 0.6797 - Accuracy-Score: 0.6797 - AUROC: 0.8791 - AP: 0.6346
[37m2024-06-28 09:40:31,872 [INFO] - Epoch: 12/50
[37m2024-06-28 09:40:31,872 [INFO] - Extracting training cells
[37m2024-06-28 09:40:33,313 [INFO] - Extraction detection metrics - F1: 0.799, Precision: 0.761, Recall: 0.840, Detected-Cells: 644
[37m2024-06-28 09:40:33,350 [INFO] - Training epoch stats:     Loss: 0.3047 - F1-Score: 0.9363 - Accuracy-Score: 0.9363 - AUROC: 0.9899 - AP: 0.8809
[37m2024-06-28 09:40:33,470 [INFO] - Validation epoch stats:   Loss: 0.9504 - F1-Score: 0.6722 - Accuracy-Score: 0.6722 - AUROC: 0.8768 - AP: 0.6384
[37m2024-06-28 09:40:33,542 [INFO] - Epoch: 13/50
[37m2024-06-28 09:40:33,543 [INFO] - Extracting training cells
[37m2024-06-28 09:40:34,965 [INFO] - Extraction detection metrics - F1: 0.657, Precision: 0.661, Recall: 0.652, Detected-Cells: 500
[37m2024-06-28 09:40:35,001 [INFO] - Training epoch stats:     Loss: 0.4434 - F1-Score: 0.8700 - Accuracy-Score: 0.8700 - AUROC: 0.9656 - AP: 0.8551
[37m2024-06-28 09:40:35,152 [INFO] - Validation epoch stats:   Loss: 1.0068 - F1-Score: 0.6111 - Accuracy-Score: 0.6111 - AUROC: 0.8811 - AP: 0.6505
[37m2024-06-28 09:40:35,219 [INFO] - Epoch: 14/50
[37m2024-06-28 09:40:35,219 [INFO] - Extracting training cells
[37m2024-06-28 09:40:36,726 [INFO] - Extraction detection metrics - F1: 0.827, Precision: 0.784, Recall: 0.875, Detected-Cells: 671
[37m2024-06-28 09:40:36,771 [INFO] - Training epoch stats:     Loss: 0.2900 - F1-Score: 0.8957 - Accuracy-Score: 0.8957 - AUROC: 0.9783 - AP: 0.8589
[37m2024-06-28 09:40:36,895 [INFO] - Validation epoch stats:   Loss: 1.0370 - F1-Score: 0.6069 - Accuracy-Score: 0.6069 - AUROC: 0.8802 - AP: 0.6405
[37m2024-06-28 09:40:36,959 [INFO] - Epoch: 15/50
[37m2024-06-28 09:40:36,960 [INFO] - Extracting training cells
[37m2024-06-28 09:40:38,337 [INFO] - Extraction detection metrics - F1: 0.815, Precision: 0.780, Recall: 0.853, Detected-Cells: 654
[37m2024-06-28 09:40:38,379 [INFO] - Training epoch stats:     Loss: 0.2343 - F1-Score: 0.9281 - Accuracy-Score: 0.9281 - AUROC: 0.9819 - AP: 0.9010
[37m2024-06-28 09:40:38,501 [INFO] - Validation epoch stats:   Loss: 1.0223 - F1-Score: 0.6643 - Accuracy-Score: 0.6643 - AUROC: 0.8643 - AP: 0.6339
[37m2024-06-28 09:40:38,562 [INFO] - Epoch: 16/50
[37m2024-06-28 09:40:38,562 [INFO] - Extracting training cells
[37m2024-06-28 09:40:40,150 [INFO] - Extraction detection metrics - F1: 0.691, Precision: 0.710, Recall: 0.673, Detected-Cells: 516
[37m2024-06-28 09:40:40,192 [INFO] - Training epoch stats:     Loss: 0.2140 - F1-Score: 0.9283 - Accuracy-Score: 0.9283 - AUROC: 0.9818 - AP: 0.8891
[37m2024-06-28 09:40:40,326 [INFO] - Validation epoch stats:   Loss: 0.9353 - F1-Score: 0.6825 - Accuracy-Score: 0.6825 - AUROC: 0.8724 - AP: 0.6486
[37m2024-06-28 09:40:40,391 [INFO] - Epoch: 17/50
[37m2024-06-28 09:40:40,391 [INFO] - Extracting training cells
[37m2024-06-28 09:40:42,028 [INFO] - Extraction detection metrics - F1: 0.716, Precision: 0.745, Recall: 0.690, Detected-Cells: 529
[37m2024-06-28 09:40:42,060 [INFO] - Training epoch stats:     Loss: 0.2178 - F1-Score: 0.9433 - Accuracy-Score: 0.9433 - AUROC: 0.9867 - AP: 0.9247
[37m2024-06-28 09:40:42,425 [INFO] - Validation epoch stats:   Loss: 0.8352 - F1-Score: 0.6909 - Accuracy-Score: 0.6909 - AUROC: 0.8878 - AP: 0.6648
[37m2024-06-28 09:40:42,488 [INFO] - Epoch: 18/50
[37m2024-06-28 09:40:42,489 [INFO] - Extracting training cells
[37m2024-06-28 09:40:43,996 [INFO] - Extraction detection metrics - F1: 0.799, Precision: 0.761, Recall: 0.840, Detected-Cells: 644
[37m2024-06-28 09:40:44,034 [INFO] - Training epoch stats:     Loss: 0.1449 - F1-Score: 0.9441 - Accuracy-Score: 0.9441 - AUROC: 0.9901 - AP: 0.9099
[37m2024-06-28 09:40:44,158 [INFO] - Validation epoch stats:   Loss: 0.7262 - F1-Score: 0.7003 - Accuracy-Score: 0.7003 - AUROC: 0.8999 - AP: 0.6774
[37m2024-06-28 09:40:44,159 [INFO] - New best model - save checkpoint
[37m2024-06-28 09:40:44,319 [INFO] - Epoch: 19/50
[37m2024-06-28 09:40:44,320 [INFO] - Extracting training cells
[37m2024-06-28 09:40:45,992 [INFO] - Extraction detection metrics - F1: 0.806, Precision: 0.767, Recall: 0.849, Detected-Cells: 651
[37m2024-06-28 09:40:46,031 [INFO] - Training epoch stats:     Loss: 0.1644 - F1-Score: 0.9478 - Accuracy-Score: 0.9478 - AUROC: 0.9848 - AP: 0.8857
[37m2024-06-28 09:40:46,155 [INFO] - Validation epoch stats:   Loss: 0.6593 - F1-Score: 0.7264 - Accuracy-Score: 0.7264 - AUROC: 0.9047 - AP: 0.6826
[37m2024-06-28 09:40:46,156 [INFO] - New best model - save checkpoint
[37m2024-06-28 09:40:46,321 [INFO] - Epoch: 20/50
[37m2024-06-28 09:40:46,321 [INFO] - Extracting training cells
[37m2024-06-28 09:40:47,692 [INFO] - Extraction detection metrics - F1: 0.813, Precision: 0.776, Recall: 0.854, Detected-Cells: 655
[37m2024-06-28 09:40:47,730 [INFO] - Training epoch stats:     Loss: 0.1255 - F1-Score: 0.9618 - Accuracy-Score: 0.9618 - AUROC: 0.9931 - AP: 0.9347
[37m2024-06-28 09:40:47,856 [INFO] - Validation epoch stats:   Loss: 0.6583 - F1-Score: 0.7341 - Accuracy-Score: 0.7341 - AUROC: 0.9032 - AP: 0.6788
[37m2024-06-28 09:40:47,917 [INFO] - Epoch: 21/50
[37m2024-06-28 09:40:47,918 [INFO] - Extracting training cells
[37m2024-06-28 09:40:49,410 [INFO] - Extraction detection metrics - F1: 0.786, Precision: 0.759, Recall: 0.816, Detected-Cells: 626
[37m2024-06-28 09:40:49,450 [INFO] - Training epoch stats:     Loss: 0.1474 - F1-Score: 0.9617 - Accuracy-Score: 0.9617 - AUROC: 0.9875 - AP: 0.9013
[37m2024-06-28 09:40:49,580 [INFO] - Validation epoch stats:   Loss: 0.7189 - F1-Score: 0.7211 - Accuracy-Score: 0.7211 - AUROC: 0.9044 - AP: 0.6788
[37m2024-06-28 09:40:49,641 [INFO] - Epoch: 22/50
[37m2024-06-28 09:40:49,641 [INFO] - Extracting training cells
[37m2024-06-28 09:40:50,961 [INFO] - Extraction detection metrics - F1: 0.793, Precision: 0.764, Recall: 0.824, Detected-Cells: 632
[37m2024-06-28 09:40:50,998 [INFO] - Training epoch stats:     Loss: 0.1862 - F1-Score: 0.9415 - Accuracy-Score: 0.9415 - AUROC: 0.9865 - AP: 0.8785
[37m2024-06-28 09:40:51,121 [INFO] - Validation epoch stats:   Loss: 0.7179 - F1-Score: 0.7273 - Accuracy-Score: 0.7273 - AUROC: 0.9084 - AP: 0.6833
[37m2024-06-28 09:40:51,122 [INFO] - New best model - save checkpoint
[37m2024-06-28 09:40:51,286 [INFO] - Epoch: 23/50
[37m2024-06-28 09:40:51,287 [INFO] - Extracting training cells
[37m2024-06-28 09:40:52,634 [INFO] - Extraction detection metrics - F1: 0.813, Precision: 0.776, Recall: 0.854, Detected-Cells: 655
[37m2024-06-28 09:40:52,669 [INFO] - Training epoch stats:     Loss: 0.1009 - F1-Score: 0.9695 - Accuracy-Score: 0.9695 - AUROC: 0.9961 - AP: 0.9560
[37m2024-06-28 09:40:52,791 [INFO] - Validation epoch stats:   Loss: 0.7251 - F1-Score: 0.7314 - Accuracy-Score: 0.7314 - AUROC: 0.9092 - AP: 0.6861
[37m2024-06-28 09:40:52,793 [INFO] - New best model - save checkpoint
[37m2024-06-28 09:40:52,958 [INFO] - Epoch: 24/50
[37m2024-06-28 09:40:52,959 [INFO] - Extracting training cells
[37m2024-06-28 09:40:54,341 [INFO] - Extraction detection metrics - F1: 0.813, Precision: 0.776, Recall: 0.854, Detected-Cells: 655
[37m2024-06-28 09:40:54,378 [INFO] - Training epoch stats:     Loss: 0.0970 - F1-Score: 0.9679 - Accuracy-Score: 0.9679 - AUROC: 0.9959 - AP: 0.9526
[37m2024-06-28 09:40:54,507 [INFO] - Validation epoch stats:   Loss: 0.7518 - F1-Score: 0.7293 - Accuracy-Score: 0.7293 - AUROC: 0.9127 - AP: 0.7003
[37m2024-06-28 09:40:54,508 [INFO] - New best model - save checkpoint
[37m2024-06-28 09:40:54,660 [INFO] - Epoch: 25/50
[37m2024-06-28 09:40:54,660 [INFO] - Extracting training cells
[37m2024-06-28 09:40:56,264 [INFO] - Extraction detection metrics - F1: 0.736, Precision: 0.717, Recall: 0.755, Detected-Cells: 579
[37m2024-06-28 09:40:56,302 [INFO] - Training epoch stats:     Loss: 0.1677 - F1-Score: 0.9396 - Accuracy-Score: 0.9396 - AUROC: 0.9877 - AP: 0.8898
[37m2024-06-28 09:40:56,424 [INFO] - Validation epoch stats:   Loss: 0.7520 - F1-Score: 0.7302 - Accuracy-Score: 0.7302 - AUROC: 0.9130 - AP: 0.7025
[37m2024-06-28 09:40:56,425 [INFO] - New best model - save checkpoint
[37m2024-06-28 09:40:56,578 [INFO] - Epoch: 26/50
[37m2024-06-28 09:40:56,579 [INFO] - Extracting training cells
[37m2024-06-28 09:40:57,868 [INFO] - Extraction detection metrics - F1: 0.701, Precision: 0.719, Recall: 0.683, Detected-Cells: 524
[37m2024-06-28 09:40:57,907 [INFO] - Training epoch stats:     Loss: 0.2012 - F1-Score: 0.9294 - Accuracy-Score: 0.9294 - AUROC: 0.9851 - AP: 0.8821
[37m2024-06-28 09:40:58,031 [INFO] - Validation epoch stats:   Loss: 0.7401 - F1-Score: 0.7297 - Accuracy-Score: 0.7297 - AUROC: 0.9127 - AP: 0.7035
[37m2024-06-28 09:40:58,093 [INFO] - Epoch: 27/50
[37m2024-06-28 09:40:58,094 [INFO] - Extracting training cells
[37m2024-06-28 09:40:59,402 [INFO] - Extraction detection metrics - F1: 0.754, Precision: 0.737, Recall: 0.773, Detected-Cells: 593
[37m2024-06-28 09:40:59,439 [INFO] - Training epoch stats:     Loss: 0.1353 - F1-Score: 0.9528 - Accuracy-Score: 0.9528 - AUROC: 0.9882 - AP: 0.9215
[37m2024-06-28 09:40:59,562 [INFO] - Validation epoch stats:   Loss: 0.7235 - F1-Score: 0.7307 - Accuracy-Score: 0.7307 - AUROC: 0.9125 - AP: 0.7036
[37m2024-06-28 09:40:59,629 [INFO] - Epoch: 28/50
[37m2024-06-28 09:40:59,630 [INFO] - Extracting training cells
[37m2024-06-28 09:41:00,938 [INFO] - Extraction detection metrics - F1: 0.681, Precision: 0.700, Recall: 0.662, Detected-Cells: 508
[37m2024-06-28 09:41:00,969 [INFO] - Training epoch stats:     Loss: 0.2272 - F1-Score: 0.9311 - Accuracy-Score: 0.9311 - AUROC: 0.9786 - AP: 0.8620
[37m2024-06-28 09:41:01,096 [INFO] - Validation epoch stats:   Loss: 0.7213 - F1-Score: 0.7314 - Accuracy-Score: 0.7314 - AUROC: 0.9115 - AP: 0.7009
[37m2024-06-28 09:41:01,161 [INFO] - Epoch: 29/50
[37m2024-06-28 09:41:01,161 [INFO] - Extracting training cells
[37m2024-06-28 09:41:02,528 [INFO] - Extraction detection metrics - F1: 0.791, Precision: 0.766, Recall: 0.817, Detected-Cells: 627
[37m2024-06-28 09:41:02,563 [INFO] - Training epoch stats:     Loss: 0.0987 - F1-Score: 0.9761 - Accuracy-Score: 0.9761 - AUROC: 0.9970 - AP: 0.9671
[37m2024-06-28 09:41:02,694 [INFO] - Validation epoch stats:   Loss: 0.7241 - F1-Score: 0.7303 - Accuracy-Score: 0.7303 - AUROC: 0.9096 - AP: 0.6962
[37m2024-06-28 09:41:02,755 [INFO] - Epoch: 30/50
[37m2024-06-28 09:41:02,755 [INFO] - Extracting training cells
[37m2024-06-28 09:41:04,091 [INFO] - Extraction detection metrics - F1: 0.808, Precision: 0.767, Recall: 0.854, Detected-Cells: 655
[37m2024-06-28 09:41:04,133 [INFO] - Training epoch stats:     Loss: 0.1411 - F1-Score: 0.9511 - Accuracy-Score: 0.9511 - AUROC: 0.9913 - AP: 0.9235
[37m2024-06-28 09:41:04,258 [INFO] - Validation epoch stats:   Loss: 0.7333 - F1-Score: 0.7333 - Accuracy-Score: 0.7333 - AUROC: 0.9076 - AP: 0.6897
[37m2024-06-28 09:41:04,313 [INFO] - Epoch: 31/50
[37m2024-06-28 09:41:04,313 [INFO] - Extracting training cells
[37m2024-06-28 09:41:05,869 [INFO] - Extraction detection metrics - F1: 0.696, Precision: 0.782, Recall: 0.627, Detected-Cells: 481
[37m2024-06-28 09:41:05,900 [INFO] - Training epoch stats:     Loss: 0.1268 - F1-Score: 0.9605 - Accuracy-Score: 0.9605 - AUROC: 0.9967 - AP: 0.9678
[37m2024-06-28 09:41:06,024 [INFO] - Validation epoch stats:   Loss: 0.7336 - F1-Score: 0.7340 - Accuracy-Score: 0.7340 - AUROC: 0.9066 - AP: 0.6869
[37m2024-06-28 09:41:06,085 [INFO] - Epoch: 32/50
[37m2024-06-28 09:41:06,086 [INFO] - Extracting training cells
[37m2024-06-28 09:41:07,645 [INFO] - Extraction detection metrics - F1: 0.719, Precision: 0.766, Recall: 0.678, Detected-Cells: 520
[37m2024-06-28 09:41:07,676 [INFO] - Training epoch stats:     Loss: 0.1074 - F1-Score: 0.9519 - Accuracy-Score: 0.9519 - AUROC: 0.9901 - AP: 0.9064
[37m2024-06-28 09:41:07,799 [INFO] - Validation epoch stats:   Loss: 0.7249 - F1-Score: 0.7364 - Accuracy-Score: 0.7364 - AUROC: 0.9069 - AP: 0.6869
[37m2024-06-28 09:41:07,857 [INFO] - Epoch: 33/50
[37m2024-06-28 09:41:07,858 [INFO] - Extracting training cells
[37m2024-06-28 09:41:08,908 [INFO] - Extraction detection metrics - F1: 0.767, Precision: 0.813, Recall: 0.726, Detected-Cells: 135
[37m2024-06-28 09:41:08,927 [INFO] - Training epoch stats:     Loss: 1.5663 - F1-Score: 0.4593 - Accuracy-Score: 0.4593 - AUROC: 0.2917 - AP: 0.5848
[37m2024-06-28 09:41:09,052 [INFO] - Validation epoch stats:   Loss: 0.7249 - F1-Score: 0.7364 - Accuracy-Score: 0.7364 - AUROC: 0.9069 - AP: 0.6869
[37m2024-06-28 09:41:09,102 [INFO] - Epoch: 34/50
[37m2024-06-28 09:41:09,102 [INFO] - Extracting training cells
[37m2024-06-28 09:41:10,674 [INFO] - Extraction detection metrics - F1: 0.633, Precision: 0.632, Recall: 0.634, Detected-Cells: 486
[37m2024-06-28 09:41:10,707 [INFO] - Training epoch stats:     Loss: 0.1503 - F1-Score: 0.9506 - Accuracy-Score: 0.9506 - AUROC: 0.9885 - AP: 0.9156
[37m2024-06-28 09:41:10,831 [INFO] - Validation epoch stats:   Loss: 0.7144 - F1-Score: 0.7403 - Accuracy-Score: 0.7403 - AUROC: 0.9074 - AP: 0.6876
[37m2024-06-28 09:41:10,890 [INFO] - Epoch: 35/50
[37m2024-06-28 09:41:10,891 [INFO] - Extracting training cells
[37m2024-06-28 09:41:12,466 [INFO] - Extraction detection metrics - F1: 0.689, Precision: 0.722, Recall: 0.660, Detected-Cells: 506
[37m2024-06-28 09:41:12,504 [INFO] - Training epoch stats:     Loss: 0.1612 - F1-Score: 0.9447 - Accuracy-Score: 0.9447 - AUROC: 0.9905 - AP: 0.9086
[37m2024-06-28 09:41:12,629 [INFO] - Validation epoch stats:   Loss: 0.7005 - F1-Score: 0.7422 - Accuracy-Score: 0.7422 - AUROC: 0.9086 - AP: 0.6896
[37m2024-06-28 09:41:12,685 [INFO] - Epoch: 36/50
[37m2024-06-28 09:41:12,685 [INFO] - Extracting training cells
[37m2024-06-28 09:41:14,045 [INFO] - Extraction detection metrics - F1: 0.799, Precision: 0.761, Recall: 0.840, Detected-Cells: 644
[37m2024-06-28 09:41:14,081 [INFO] - Training epoch stats:     Loss: 0.1177 - F1-Score: 0.9627 - Accuracy-Score: 0.9627 - AUROC: 0.9949 - AP: 0.9517
[37m2024-06-28 09:41:14,207 [INFO] - Validation epoch stats:   Loss: 0.6849 - F1-Score: 0.7442 - Accuracy-Score: 0.7442 - AUROC: 0.9107 - AP: 0.6957
[37m2024-06-28 09:41:14,274 [INFO] - Epoch: 37/50
[37m2024-06-28 09:41:14,275 [INFO] - Extracting training cells
[37m2024-06-28 09:41:15,594 [INFO] - Extraction detection metrics - F1: 0.806, Precision: 0.765, Recall: 0.851, Detected-Cells: 653
[37m2024-06-28 09:41:15,628 [INFO] - Training epoch stats:     Loss: 0.1676 - F1-Score: 0.9326 - Accuracy-Score: 0.9326 - AUROC: 0.9887 - AP: 0.8803
[37m2024-06-28 09:41:15,753 [INFO] - Validation epoch stats:   Loss: 0.6822 - F1-Score: 0.7446 - Accuracy-Score: 0.7446 - AUROC: 0.9127 - AP: 0.6999
[37m2024-06-28 09:41:15,845 [INFO] - Epoch: 38/50
[37m2024-06-28 09:41:15,846 [INFO] - Extracting training cells
[37m2024-06-28 09:41:17,128 [INFO] - Extraction detection metrics - F1: 0.711, Precision: 0.775, Recall: 0.657, Detected-Cells: 504
[37m2024-06-28 09:41:17,161 [INFO] - Training epoch stats:     Loss: 0.2362 - F1-Score: 0.9226 - Accuracy-Score: 0.9226 - AUROC: 0.9847 - AP: 0.9096
[37m2024-06-28 09:41:17,292 [INFO] - Validation epoch stats:   Loss: 0.6823 - F1-Score: 0.7448 - Accuracy-Score: 0.7448 - AUROC: 0.9126 - AP: 0.6994
[37m2024-06-28 09:41:17,354 [INFO] - Epoch: 39/50
[37m2024-06-28 09:41:17,354 [INFO] - Extracting training cells
[37m2024-06-28 09:41:18,843 [INFO] - Extraction detection metrics - F1: 0.819, Precision: 0.773, Recall: 0.871, Detected-Cells: 668
[37m2024-06-28 09:41:18,884 [INFO] - Training epoch stats:     Loss: 0.1380 - F1-Score: 0.9566 - Accuracy-Score: 0.9566 - AUROC: 0.9917 - AP: 0.9138
[37m2024-06-28 09:41:19,024 [INFO] - Validation epoch stats:   Loss: 0.6920 - F1-Score: 0.7408 - Accuracy-Score: 0.7408 - AUROC: 0.9115 - AP: 0.6955
[37m2024-06-28 09:41:19,092 [INFO] - Epoch: 40/50
[37m2024-06-28 09:41:19,093 [INFO] - Extracting training cells
[37m2024-06-28 09:41:20,580 [INFO] - Extraction detection metrics - F1: 0.601, Precision: 0.610, Recall: 0.592, Detected-Cells: 454
[37m2024-06-28 09:41:20,613 [INFO] - Training epoch stats:     Loss: 0.1459 - F1-Score: 0.9537 - Accuracy-Score: 0.9537 - AUROC: 0.9923 - AP: 0.9423
[37m2024-06-28 09:41:20,738 [INFO] - Validation epoch stats:   Loss: 0.6976 - F1-Score: 0.7391 - Accuracy-Score: 0.7391 - AUROC: 0.9107 - AP: 0.6933
[37m2024-06-28 09:41:20,801 [INFO] - Epoch: 41/50
[37m2024-06-28 09:41:20,802 [INFO] - Extracting training cells
[37m2024-06-28 09:41:22,350 [INFO] - Extraction detection metrics - F1: 0.793, Precision: 0.764, Recall: 0.824, Detected-Cells: 632
[37m2024-06-28 09:41:22,390 [INFO] - Training epoch stats:     Loss: 0.1290 - F1-Score: 0.9604 - Accuracy-Score: 0.9604 - AUROC: 0.9941 - AP: 0.9407
[37m2024-06-28 09:41:22,518 [INFO] - Validation epoch stats:   Loss: 0.7084 - F1-Score: 0.7367 - Accuracy-Score: 0.7367 - AUROC: 0.9100 - AP: 0.6924
[37m2024-06-28 09:41:22,573 [INFO] - Epoch: 42/50
[37m2024-06-28 09:41:22,574 [INFO] - Extracting training cells
[37m2024-06-28 09:41:23,922 [INFO] - Extraction detection metrics - F1: 0.774, Precision: 0.755, Recall: 0.793, Detected-Cells: 571
[37m2024-06-28 09:41:23,956 [INFO] - Training epoch stats:     Loss: 2.2038 - F1-Score: 0.6182 - Accuracy-Score: 0.6182 - AUROC: 0.6512 - AP: 0.3583
[37m2024-06-28 09:41:24,088 [INFO] - Validation epoch stats:   Loss: 0.6934 - F1-Score: 0.7391 - Accuracy-Score: 0.7391 - AUROC: 0.9109 - AP: 0.6981
[37m2024-06-28 09:41:24,150 [INFO] - Epoch: 43/50
[37m2024-06-28 09:41:24,151 [INFO] - Extracting training cells
[37m2024-06-28 09:41:25,598 [INFO] - Extraction detection metrics - F1: 0.791, Precision: 0.771, Recall: 0.812, Detected-Cells: 623
[37m2024-06-28 09:41:25,637 [INFO] - Training epoch stats:     Loss: 0.1343 - F1-Score: 0.9518 - Accuracy-Score: 0.9518 - AUROC: 0.9922 - AP: 0.9332
[37m2024-06-28 09:41:25,758 [INFO] - Validation epoch stats:   Loss: 0.6861 - F1-Score: 0.7413 - Accuracy-Score: 0.7413 - AUROC: 0.9112 - AP: 0.7032
[37m2024-06-28 09:41:25,819 [INFO] - Epoch: 44/50
[37m2024-06-28 09:41:25,820 [INFO] - Extracting training cells
[37m2024-06-28 09:41:27,302 [INFO] - Extraction detection metrics - F1: 0.793, Precision: 0.764, Recall: 0.824, Detected-Cells: 632
[37m2024-06-28 09:41:27,342 [INFO] - Training epoch stats:     Loss: 0.1243 - F1-Score: 0.9620 - Accuracy-Score: 0.9620 - AUROC: 0.9956 - AP: 0.9516
[37m2024-06-28 09:41:27,471 [INFO] - Validation epoch stats:   Loss: 0.6852 - F1-Score: 0.7381 - Accuracy-Score: 0.7381 - AUROC: 0.9114 - AP: 0.7076
[37m2024-06-28 09:41:27,541 [INFO] - Epoch: 45/50
[37m2024-06-28 09:41:27,541 [INFO] - Extracting training cells
[37m2024-06-28 09:41:29,097 [INFO] - Extraction detection metrics - F1: 0.723, Precision: 0.849, Recall: 0.630, Detected-Cells: 483
[37m2024-06-28 09:41:29,127 [INFO] - Training epoch stats:     Loss: 0.1827 - F1-Score: 0.9482 - Accuracy-Score: 0.9482 - AUROC: 0.9890 - AP: 0.9100
[37m2024-06-28 09:41:29,250 [INFO] - Validation epoch stats:   Loss: 0.6912 - F1-Score: 0.7367 - Accuracy-Score: 0.7367 - AUROC: 0.9108 - AP: 0.7068
[37m2024-06-28 09:41:29,251 [INFO] - Performing early stopping!
[37m2024-06-28 09:41:29,260 [INFO] - Finished run flnqj8rg
