[37m2024-06-28 06:58:27,138 [INFO] - Instantiated Logger. WandB init and config update finished.
[37m2024-06-28 06:58:27,139 [INFO] - Run ist stored here: /cellvit/logs_paper/Head-Evaluation/CoNSeP/SAM-H/Amount-DA/2024-06-28T065813_Amount-1-Seed-2
[37m2024-06-28 06:58:27,250 [INFO] - Cuda devices: [<torch.cuda.device object at 0x7f03b999c820>]
[37m2024-06-28 06:58:27,256 [INFO] - Using GPU: cuda:0
[37m2024-06-28 06:58:27,261 [INFO] - Using device: cuda:0
[37m2024-06-28 06:58:27,266 [INFO] - Loss function:
[37m2024-06-28 06:58:27,271 [INFO] - CrossEntropyLoss()
[37m2024-06-28 06:58:47,374 [INFO] - <All keys matched successfully>
[37m2024-06-28 06:58:48,828 [INFO] -
==========================================================================================
Layer (type:depth-idx)                   Output Shape              Param #
==========================================================================================
LinearClassifier                         [1, 4]                    --
├─Linear: 1-1                            [1, 128]                  163,968
├─ReLU: 1-2                              [1, 128]                  --
├─Dropout: 1-3                           [1, 128]                  --
├─Linear: 1-4                            [1, 4]                    516
==========================================================================================
Total params: 164,484
Trainable params: 164,484
Non-trainable params: 0
Total mult-adds (M): 0.16
==========================================================================================
Input size (MB): 0.01
Forward/backward pass size (MB): 0.00
Params size (MB): 0.66
Estimated Total Size (MB): 0.66
==========================================================================================
[37m2024-06-28 06:58:48,830 [INFO] - Loaded AdamW Optimizer with following hyperparameters:
[37m2024-06-28 06:58:48,835 [INFO] - {'betas': [0.85, 0.9], 'lr': 0.0005, 'weight_decay': 0.0005}
[37m2024-06-28 06:58:48,841 [INFO] - Using early stopping with a range of 20 and maximize strategy
[37m2024-06-28 06:58:48,855 [INFO] - Caching datasets
[37m2024-06-28 06:58:49,464 [INFO] - Instantiate Trainer
[37m2024-06-28 06:58:49,471 [INFO] - Calling Trainer Fit
[37m2024-06-28 06:58:49,471 [INFO] - Starting training, total number of epochs: 50
[37m2024-06-28 06:58:49,476 [INFO] - Epoch: 1/50
[37m2024-06-28 06:58:49,482 [INFO] - Extracting training cells
[37m2024-06-28 06:58:52,666 [INFO] - Extraction detection metrics - F1: 0.725, Precision: 0.782, Recall: 0.675, Detected-Cells: 518
[37m2024-06-28 06:58:52,831 [INFO] - Training epoch stats:     Loss: 1.1852 - F1-Score: 0.2027 - Accuracy-Score: 0.2027 - AUROC: 0.3694 - AP: 0.2075
[37m2024-06-28 06:58:54,107 [INFO] - Loaded dataset from cache: /Consep/cache/1f728da27af6daed7b166ce5447f5dec18916e3679cb7b74ddaefb4a67df10d2.h5
[37m2024-06-28 06:58:54,227 [INFO] - Validation epoch stats:   Loss: 1.6343 - F1-Score: 0.4418 - Accuracy-Score: 0.4418 - AUROC: 0.6970 - AP: 0.3927
[37m2024-06-28 06:58:54,228 [INFO] - New best model - save checkpoint
[37m2024-06-28 06:58:54,390 [INFO] - Epoch: 2/50
[37m2024-06-28 06:58:54,391 [INFO] - Extracting training cells
[37m2024-06-28 06:58:55,791 [INFO] - Extraction detection metrics - F1: 0.716, Precision: 0.710, Recall: 0.722, Detected-Cells: 554
[37m2024-06-28 06:58:55,833 [INFO] - Training epoch stats:     Loss: 0.8922 - F1-Score: 0.6787 - Accuracy-Score: 0.6787 - AUROC: 0.7215 - AP: 0.4385
[37m2024-06-28 06:58:55,952 [INFO] - Validation epoch stats:   Loss: 1.1618 - F1-Score: 0.7182 - Accuracy-Score: 0.7182 - AUROC: 0.7919 - AP: 0.5539
[37m2024-06-28 06:58:55,953 [INFO] - New best model - save checkpoint
[37m2024-06-28 06:58:56,104 [INFO] - Epoch: 3/50
[37m2024-06-28 06:58:56,105 [INFO] - Extracting training cells
[37m2024-06-28 06:58:57,441 [INFO] - Extraction detection metrics - F1: 0.799, Precision: 0.761, Recall: 0.840, Detected-Cells: 644
[37m2024-06-28 06:58:57,477 [INFO] - Training epoch stats:     Loss: 0.3973 - F1-Score: 0.8882 - Accuracy-Score: 0.8882 - AUROC: 0.9530 - AP: 0.7885
[37m2024-06-28 06:58:57,599 [INFO] - Validation epoch stats:   Loss: 0.9882 - F1-Score: 0.6912 - Accuracy-Score: 0.6912 - AUROC: 0.8162 - AP: 0.6038
[37m2024-06-28 06:58:57,599 [INFO] - New best model - save checkpoint
[37m2024-06-28 06:58:57,755 [INFO] - Epoch: 4/50
[37m2024-06-28 06:58:57,755 [INFO] - Extracting training cells
[37m2024-06-28 06:58:59,096 [INFO] - Extraction detection metrics - F1: 0.697, Precision: 0.812, Recall: 0.610, Detected-Cells: 468
[37m2024-06-28 06:58:59,133 [INFO] - Training epoch stats:     Loss: 0.5197 - F1-Score: 0.8953 - Accuracy-Score: 0.8953 - AUROC: 0.8537 - AP: 0.6995
[37m2024-06-28 06:58:59,261 [INFO] - Validation epoch stats:   Loss: 1.1435 - F1-Score: 0.5841 - Accuracy-Score: 0.5841 - AUROC: 0.7743 - AP: 0.5605
[37m2024-06-28 06:58:59,317 [INFO] - Epoch: 5/50
[37m2024-06-28 06:58:59,317 [INFO] - Extracting training cells
[37m2024-06-28 06:59:00,695 [INFO] - Extraction detection metrics - F1: 0.803, Precision: 0.763, Recall: 0.847, Detected-Cells: 650
[37m2024-06-28 06:59:00,740 [INFO] - Training epoch stats:     Loss: 0.3881 - F1-Score: 0.8846 - Accuracy-Score: 0.8846 - AUROC: 0.9343 - AP: 0.7441
[37m2024-06-28 06:59:00,861 [INFO] - Validation epoch stats:   Loss: 0.9798 - F1-Score: 0.5850 - Accuracy-Score: 0.5850 - AUROC: 0.8314 - AP: 0.6026
[37m2024-06-28 06:59:00,862 [INFO] - New best model - save checkpoint
[37m2024-06-28 06:59:01,035 [INFO] - Epoch: 6/50
[37m2024-06-28 06:59:01,036 [INFO] - Extracting training cells
[37m2024-06-28 06:59:02,604 [INFO] - Extraction detection metrics - F1: 0.808, Precision: 0.767, Recall: 0.854, Detected-Cells: 655
[37m2024-06-28 06:59:02,644 [INFO] - Training epoch stats:     Loss: 0.2688 - F1-Score: 0.9084 - Accuracy-Score: 0.9084 - AUROC: 0.9619 - AP: 0.8011
[37m2024-06-28 06:59:02,778 [INFO] - Validation epoch stats:   Loss: 0.7939 - F1-Score: 0.6735 - Accuracy-Score: 0.6735 - AUROC: 0.8748 - AP: 0.6427
[37m2024-06-28 06:59:02,779 [INFO] - New best model - save checkpoint
[37m2024-06-28 06:59:02,932 [INFO] - Epoch: 7/50
[37m2024-06-28 06:59:02,933 [INFO] - Extracting training cells
[37m2024-06-28 06:59:04,305 [INFO] - Extraction detection metrics - F1: 0.801, Precision: 0.767, Recall: 0.840, Detected-Cells: 644
[37m2024-06-28 06:59:04,342 [INFO] - Training epoch stats:     Loss: 0.2689 - F1-Score: 0.9208 - Accuracy-Score: 0.9208 - AUROC: 0.9691 - AP: 0.8374
[37m2024-06-28 06:59:04,463 [INFO] - Validation epoch stats:   Loss: 0.5928 - F1-Score: 0.7599 - Accuracy-Score: 0.7599 - AUROC: 0.8774 - AP: 0.6601
[37m2024-06-28 06:59:04,464 [INFO] - New best model - save checkpoint
[37m2024-06-28 06:59:04,613 [INFO] - Epoch: 8/50
[37m2024-06-28 06:59:04,614 [INFO] - Extracting training cells
[37m2024-06-28 06:59:06,058 [INFO] - Extraction detection metrics - F1: 0.793, Precision: 0.774, Recall: 0.812, Detected-Cells: 623
[37m2024-06-28 06:59:06,091 [INFO] - Training epoch stats:     Loss: 0.2304 - F1-Score: 0.9246 - Accuracy-Score: 0.9246 - AUROC: 0.9730 - AP: 0.8264
[37m2024-06-28 06:59:06,211 [INFO] - Validation epoch stats:   Loss: 0.6716 - F1-Score: 0.7343 - Accuracy-Score: 0.7343 - AUROC: 0.8646 - AP: 0.6565
[37m2024-06-28 06:59:06,269 [INFO] - Epoch: 9/50
[37m2024-06-28 06:59:06,270 [INFO] - Extracting training cells
[37m2024-06-28 06:59:07,661 [INFO] - Extraction detection metrics - F1: 0.824, Precision: 0.778, Recall: 0.875, Detected-Cells: 671
[37m2024-06-28 06:59:07,698 [INFO] - Training epoch stats:     Loss: 0.2489 - F1-Score: 0.9255 - Accuracy-Score: 0.9255 - AUROC: 0.9664 - AP: 0.8369
[37m2024-06-28 06:59:07,819 [INFO] - Validation epoch stats:   Loss: 0.9330 - F1-Score: 0.6811 - Accuracy-Score: 0.6811 - AUROC: 0.8672 - AP: 0.6452
[37m2024-06-28 06:59:07,873 [INFO] - Epoch: 10/50
[37m2024-06-28 06:59:07,874 [INFO] - Extracting training cells
[37m2024-06-28 06:59:09,387 [INFO] - Extraction detection metrics - F1: 0.718, Precision: 0.807, Recall: 0.647, Detected-Cells: 496
[37m2024-06-28 06:59:09,417 [INFO] - Training epoch stats:     Loss: 0.2605 - F1-Score: 0.9355 - Accuracy-Score: 0.9355 - AUROC: 0.9644 - AP: 0.8288
[37m2024-06-28 06:59:09,537 [INFO] - Validation epoch stats:   Loss: 0.9478 - F1-Score: 0.6627 - Accuracy-Score: 0.6627 - AUROC: 0.8719 - AP: 0.6401
[37m2024-06-28 06:59:09,601 [INFO] - Epoch: 11/50
[37m2024-06-28 06:59:09,602 [INFO] - Extracting training cells
[37m2024-06-28 06:59:11,078 [INFO] - Extraction detection metrics - F1: 0.791, Precision: 0.758, Recall: 0.827, Detected-Cells: 634
[37m2024-06-28 06:59:11,112 [INFO] - Training epoch stats:     Loss: 0.1567 - F1-Score: 0.9543 - Accuracy-Score: 0.9543 - AUROC: 0.9835 - AP: 0.8971
[37m2024-06-28 06:59:11,232 [INFO] - Validation epoch stats:   Loss: 0.8697 - F1-Score: 0.6555 - Accuracy-Score: 0.6555 - AUROC: 0.8842 - AP: 0.6364
[37m2024-06-28 06:59:11,233 [INFO] - New best model - save checkpoint
[37m2024-06-28 06:59:11,402 [INFO] - Epoch: 12/50
[37m2024-06-28 06:59:11,402 [INFO] - Extracting training cells
[37m2024-06-28 06:59:12,417 [INFO] - Extraction detection metrics - F1: 0.690, Precision: 0.672, Recall: 0.709, Detected-Cells: 129
[37m2024-06-28 06:59:12,436 [INFO] - Training epoch stats:     Loss: 2.3191 - F1-Score: 0.4651 - Accuracy-Score: 0.4651 - AUROC: 0.2843 - AP: 0.5804
[37m2024-06-28 06:59:12,557 [INFO] - Validation epoch stats:   Loss: 0.7818 - F1-Score: 0.6770 - Accuracy-Score: 0.6770 - AUROC: 0.8943 - AP: 0.6444
[37m2024-06-28 06:59:12,558 [INFO] - New best model - save checkpoint
[37m2024-06-28 06:59:12,710 [INFO] - Epoch: 13/50
[37m2024-06-28 06:59:12,711 [INFO] - Extracting training cells
[37m2024-06-28 06:59:14,062 [INFO] - Extraction detection metrics - F1: 0.773, Precision: 0.743, Recall: 0.806, Detected-Cells: 618
[37m2024-06-28 06:59:14,104 [INFO] - Training epoch stats:     Loss: 0.2240 - F1-Score: 0.9207 - Accuracy-Score: 0.9207 - AUROC: 0.9802 - AP: 0.8790
[37m2024-06-28 06:59:14,223 [INFO] - Validation epoch stats:   Loss: 0.6672 - F1-Score: 0.7298 - Accuracy-Score: 0.7298 - AUROC: 0.9002 - AP: 0.6499
[37m2024-06-28 06:59:14,224 [INFO] - New best model - save checkpoint
[37m2024-06-28 06:59:14,380 [INFO] - Epoch: 14/50
[37m2024-06-28 06:59:14,380 [INFO] - Extracting training cells
[37m2024-06-28 06:59:15,795 [INFO] - Extraction detection metrics - F1: 0.802, Precision: 0.764, Recall: 0.845, Detected-Cells: 648
[37m2024-06-28 06:59:15,833 [INFO] - Training epoch stats:     Loss: 0.1557 - F1-Score: 0.9522 - Accuracy-Score: 0.9522 - AUROC: 0.9867 - AP: 0.9038
[37m2024-06-28 06:59:15,954 [INFO] - Validation epoch stats:   Loss: 0.7454 - F1-Score: 0.7249 - Accuracy-Score: 0.7249 - AUROC: 0.8972 - AP: 0.6479
[37m2024-06-28 06:59:16,018 [INFO] - Epoch: 15/50
[37m2024-06-28 06:59:16,019 [INFO] - Extracting training cells
[37m2024-06-28 06:59:17,293 [INFO] - Extraction detection metrics - F1: 0.642, Precision: 0.616, Recall: 0.671, Detected-Cells: 157
[37m2024-06-28 06:59:17,309 [INFO] - Training epoch stats:     Loss: 2.1246 - F1-Score: 0.4076 - Accuracy-Score: 0.4076 - AUROC: 0.2842 - AP: 0.5792
[37m2024-06-28 06:59:17,438 [INFO] - Validation epoch stats:   Loss: 0.7454 - F1-Score: 0.7249 - Accuracy-Score: 0.7249 - AUROC: 0.8972 - AP: 0.6479
[37m2024-06-28 06:59:17,494 [INFO] - Epoch: 16/50
[37m2024-06-28 06:59:17,494 [INFO] - Extracting training cells
[37m2024-06-28 06:59:19,203 [INFO] - Extraction detection metrics - F1: 0.827, Precision: 0.784, Recall: 0.875, Detected-Cells: 671
[37m2024-06-28 06:59:19,237 [INFO] - Training epoch stats:     Loss: 0.1508 - F1-Score: 0.9583 - Accuracy-Score: 0.9583 - AUROC: 0.9919 - AP: 0.9442
[37m2024-06-28 06:59:19,369 [INFO] - Validation epoch stats:   Loss: 0.9281 - F1-Score: 0.7039 - Accuracy-Score: 0.7039 - AUROC: 0.8924 - AP: 0.6435
[37m2024-06-28 06:59:19,429 [INFO] - Epoch: 17/50
[37m2024-06-28 06:59:19,430 [INFO] - Extracting training cells
[37m2024-06-28 06:59:21,095 [INFO] - Extraction detection metrics - F1: 0.737, Precision: 0.723, Recall: 0.751, Detected-Cells: 576
[37m2024-06-28 06:59:21,145 [INFO] - Training epoch stats:     Loss: 0.2265 - F1-Score: 0.9462 - Accuracy-Score: 0.9462 - AUROC: 0.9823 - AP: 0.8906
[37m2024-06-28 06:59:21,618 [INFO] - Validation epoch stats:   Loss: 1.0168 - F1-Score: 0.6739 - Accuracy-Score: 0.6739 - AUROC: 0.8928 - AP: 0.6430
[37m2024-06-28 06:59:21,676 [INFO] - Epoch: 18/50
[37m2024-06-28 06:59:21,677 [INFO] - Extracting training cells
[37m2024-06-28 06:59:23,074 [INFO] - Extraction detection metrics - F1: 0.806, Precision: 0.765, Recall: 0.851, Detected-Cells: 653
[37m2024-06-28 06:59:23,108 [INFO] - Training epoch stats:     Loss: 0.1460 - F1-Score: 0.9525 - Accuracy-Score: 0.9525 - AUROC: 0.9875 - AP: 0.9129
[37m2024-06-28 06:59:23,235 [INFO] - Validation epoch stats:   Loss: 0.8424 - F1-Score: 0.6766 - Accuracy-Score: 0.6766 - AUROC: 0.8941 - AP: 0.6476
[37m2024-06-28 06:59:23,299 [INFO] - Epoch: 19/50
[37m2024-06-28 06:59:23,300 [INFO] - Extracting training cells
[37m2024-06-28 06:59:24,630 [INFO] - Extraction detection metrics - F1: 0.743, Precision: 0.757, Recall: 0.730, Detected-Cells: 560
[37m2024-06-28 06:59:24,667 [INFO] - Training epoch stats:     Loss: 0.2059 - F1-Score: 0.9268 - Accuracy-Score: 0.9268 - AUROC: 0.9803 - AP: 0.8446
[37m2024-06-28 06:59:24,792 [INFO] - Validation epoch stats:   Loss: 0.7003 - F1-Score: 0.7115 - Accuracy-Score: 0.7115 - AUROC: 0.8982 - AP: 0.6516
[37m2024-06-28 06:59:24,843 [INFO] - Epoch: 20/50
[37m2024-06-28 06:59:24,843 [INFO] - Extracting training cells
[37m2024-06-28 06:59:26,162 [INFO] - Extraction detection metrics - F1: 0.813, Precision: 0.776, Recall: 0.854, Detected-Cells: 655
[37m2024-06-28 06:59:26,199 [INFO] - Training epoch stats:     Loss: 0.1647 - F1-Score: 0.9527 - Accuracy-Score: 0.9527 - AUROC: 0.9913 - AP: 0.9191
[37m2024-06-28 06:59:26,319 [INFO] - Validation epoch stats:   Loss: 0.8743 - F1-Score: 0.6679 - Accuracy-Score: 0.6679 - AUROC: 0.9016 - AP: 0.6567
[37m2024-06-28 06:59:26,320 [INFO] - New best model - save checkpoint
[37m2024-06-28 06:59:26,481 [INFO] - Epoch: 21/50
[37m2024-06-28 06:59:26,482 [INFO] - Extracting training cells
[37m2024-06-28 06:59:27,951 [INFO] - Extraction detection metrics - F1: 0.810, Precision: 0.772, Recall: 0.853, Detected-Cells: 654
[37m2024-06-28 06:59:27,990 [INFO] - Training epoch stats:     Loss: 0.1260 - F1-Score: 0.9557 - Accuracy-Score: 0.9557 - AUROC: 0.9935 - AP: 0.9427
[37m2024-06-28 06:59:28,111 [INFO] - Validation epoch stats:   Loss: 1.0778 - F1-Score: 0.6722 - Accuracy-Score: 0.6722 - AUROC: 0.8921 - AP: 0.6435
[37m2024-06-28 06:59:28,167 [INFO] - Epoch: 22/50
[37m2024-06-28 06:59:28,167 [INFO] - Extracting training cells
[37m2024-06-28 06:59:29,472 [INFO] - Extraction detection metrics - F1: 0.750, Precision: 0.780, Recall: 0.722, Detected-Cells: 554
[37m2024-06-28 06:59:29,516 [INFO] - Training epoch stats:     Loss: 0.3038 - F1-Score: 0.9368 - Accuracy-Score: 0.9368 - AUROC: 0.9796 - AP: 0.8807
[37m2024-06-28 06:59:29,635 [INFO] - Validation epoch stats:   Loss: 0.9662 - F1-Score: 0.6765 - Accuracy-Score: 0.6765 - AUROC: 0.8865 - AP: 0.6354
[37m2024-06-28 06:59:29,698 [INFO] - Epoch: 23/50
[37m2024-06-28 06:59:29,699 [INFO] - Extracting training cells
[37m2024-06-28 06:59:30,963 [INFO] - Extraction detection metrics - F1: 0.748, Precision: 0.784, Recall: 0.716, Detected-Cells: 549
[37m2024-06-28 06:59:30,998 [INFO] - Training epoch stats:     Loss: 0.1446 - F1-Score: 0.9435 - Accuracy-Score: 0.9435 - AUROC: 0.9826 - AP: 0.8788
[37m2024-06-28 06:59:31,118 [INFO] - Validation epoch stats:   Loss: 0.7740 - F1-Score: 0.6876 - Accuracy-Score: 0.6876 - AUROC: 0.8886 - AP: 0.6421
[37m2024-06-28 06:59:31,174 [INFO] - Epoch: 24/50
[37m2024-06-28 06:59:31,175 [INFO] - Extracting training cells
[37m2024-06-28 06:59:32,478 [INFO] - Extraction detection metrics - F1: 0.827, Precision: 0.784, Recall: 0.875, Detected-Cells: 671
[37m2024-06-28 06:59:32,517 [INFO] - Training epoch stats:     Loss: 0.1351 - F1-Score: 0.9568 - Accuracy-Score: 0.9568 - AUROC: 0.9955 - AP: 0.9634
[37m2024-06-28 06:59:32,639 [INFO] - Validation epoch stats:   Loss: 0.7572 - F1-Score: 0.6941 - Accuracy-Score: 0.6941 - AUROC: 0.8984 - AP: 0.6599
[37m2024-06-28 06:59:32,707 [INFO] - Epoch: 25/50
[37m2024-06-28 06:59:32,707 [INFO] - Extracting training cells
[37m2024-06-28 06:59:34,028 [INFO] - Extraction detection metrics - F1: 0.685, Precision: 0.694, Recall: 0.677, Detected-Cells: 519
[37m2024-06-28 06:59:34,065 [INFO] - Training epoch stats:     Loss: 0.1279 - F1-Score: 0.9403 - Accuracy-Score: 0.9403 - AUROC: 0.9925 - AP: 0.9215
[37m2024-06-28 06:59:34,186 [INFO] - Validation epoch stats:   Loss: 0.7875 - F1-Score: 0.6871 - Accuracy-Score: 0.6871 - AUROC: 0.8990 - AP: 0.6614
[37m2024-06-28 06:59:34,242 [INFO] - Epoch: 26/50
[37m2024-06-28 06:59:34,243 [INFO] - Extracting training cells
[37m2024-06-28 06:59:35,704 [INFO] - Extraction detection metrics - F1: 0.809, Precision: 0.770, Recall: 0.853, Detected-Cells: 654
[37m2024-06-28 06:59:35,741 [INFO] - Training epoch stats:     Loss: 0.1268 - F1-Score: 0.9587 - Accuracy-Score: 0.9587 - AUROC: 0.9939 - AP: 0.9409
[37m2024-06-28 06:59:35,862 [INFO] - Validation epoch stats:   Loss: 0.8219 - F1-Score: 0.6789 - Accuracy-Score: 0.6789 - AUROC: 0.8991 - AP: 0.6628
[37m2024-06-28 06:59:35,919 [INFO] - Epoch: 27/50
[37m2024-06-28 06:59:35,920 [INFO] - Extracting training cells
[37m2024-06-28 06:59:37,244 [INFO] - Extraction detection metrics - F1: 0.751, Precision: 0.767, Recall: 0.737, Detected-Cells: 565
[37m2024-06-28 06:59:37,278 [INFO] - Training epoch stats:     Loss: 0.1312 - F1-Score: 0.9451 - Accuracy-Score: 0.9451 - AUROC: 0.9905 - AP: 0.9137
[37m2024-06-28 06:59:37,402 [INFO] - Validation epoch stats:   Loss: 0.8668 - F1-Score: 0.6715 - Accuracy-Score: 0.6715 - AUROC: 0.8990 - AP: 0.6623
[37m2024-06-28 06:59:37,456 [INFO] - Epoch: 28/50
[37m2024-06-28 06:59:37,457 [INFO] - Extracting training cells
[37m2024-06-28 06:59:39,079 [INFO] - Extraction detection metrics - F1: 0.808, Precision: 0.767, Recall: 0.854, Detected-Cells: 655
[37m2024-06-28 06:59:39,114 [INFO] - Training epoch stats:     Loss: 0.1244 - F1-Score: 0.9618 - Accuracy-Score: 0.9618 - AUROC: 0.9944 - AP: 0.9513
[37m2024-06-28 06:59:39,244 [INFO] - Validation epoch stats:   Loss: 0.9075 - F1-Score: 0.6672 - Accuracy-Score: 0.6672 - AUROC: 0.8982 - AP: 0.6616
[37m2024-06-28 06:59:39,306 [INFO] - Epoch: 29/50
[37m2024-06-28 06:59:39,307 [INFO] - Extracting training cells
[37m2024-06-28 06:59:40,723 [INFO] - Extraction detection metrics - F1: 0.754, Precision: 0.737, Recall: 0.773, Detected-Cells: 593
[37m2024-06-28 06:59:40,757 [INFO] - Training epoch stats:     Loss: 0.1361 - F1-Score: 0.9511 - Accuracy-Score: 0.9511 - AUROC: 0.9927 - AP: 0.9330
[37m2024-06-28 06:59:40,884 [INFO] - Validation epoch stats:   Loss: 0.9299 - F1-Score: 0.6662 - Accuracy-Score: 0.6662 - AUROC: 0.8970 - AP: 0.6605
[37m2024-06-28 06:59:40,936 [INFO] - Epoch: 30/50
[37m2024-06-28 06:59:40,937 [INFO] - Extracting training cells
[37m2024-06-28 06:59:42,393 [INFO] - Extraction detection metrics - F1: 0.803, Precision: 0.765, Recall: 0.845, Detected-Cells: 648
[37m2024-06-28 06:59:42,430 [INFO] - Training epoch stats:     Loss: 0.1052 - F1-Score: 0.9583 - Accuracy-Score: 0.9583 - AUROC: 0.9948 - AP: 0.9517
[37m2024-06-28 06:59:42,551 [INFO] - Validation epoch stats:   Loss: 0.9261 - F1-Score: 0.6722 - Accuracy-Score: 0.6722 - AUROC: 0.8956 - AP: 0.6571
[37m2024-06-28 06:59:42,606 [INFO] - Epoch: 31/50
[37m2024-06-28 06:59:42,606 [INFO] - Extracting training cells
[37m2024-06-28 06:59:44,064 [INFO] - Extraction detection metrics - F1: 0.808, Precision: 0.767, Recall: 0.854, Detected-Cells: 655
[37m2024-06-28 06:59:44,108 [INFO] - Training epoch stats:     Loss: 0.1008 - F1-Score: 0.9618 - Accuracy-Score: 0.9618 - AUROC: 0.9948 - AP: 0.9518
[37m2024-06-28 06:59:44,266 [INFO] - Validation epoch stats:   Loss: 0.9237 - F1-Score: 0.6787 - Accuracy-Score: 0.6787 - AUROC: 0.8933 - AP: 0.6533
[37m2024-06-28 06:59:44,323 [INFO] - Epoch: 32/50
[37m2024-06-28 06:59:44,324 [INFO] - Extracting training cells
[37m2024-06-28 06:59:45,840 [INFO] - Extraction detection metrics - F1: 0.813, Precision: 0.766, Recall: 0.867, Detected-Cells: 665
[37m2024-06-28 06:59:45,878 [INFO] - Training epoch stats:     Loss: 0.1368 - F1-Score: 0.9474 - Accuracy-Score: 0.9474 - AUROC: 0.9917 - AP: 0.9094
[37m2024-06-28 06:59:46,000 [INFO] - Validation epoch stats:   Loss: 0.9121 - F1-Score: 0.6902 - Accuracy-Score: 0.6902 - AUROC: 0.8916 - AP: 0.6485
[37m2024-06-28 06:59:46,054 [INFO] - Epoch: 33/50
[37m2024-06-28 06:59:46,054 [INFO] - Extracting training cells
[37m2024-06-28 06:59:47,401 [INFO] - Extraction detection metrics - F1: 0.808, Precision: 0.767, Recall: 0.854, Detected-Cells: 655
[37m2024-06-28 06:59:47,438 [INFO] - Training epoch stats:     Loss: 0.0927 - F1-Score: 0.9664 - Accuracy-Score: 0.9664 - AUROC: 0.9961 - AP: 0.9662
[37m2024-06-28 06:59:47,564 [INFO] - Validation epoch stats:   Loss: 0.9111 - F1-Score: 0.6943 - Accuracy-Score: 0.6943 - AUROC: 0.8902 - AP: 0.6467
[37m2024-06-28 06:59:47,612 [INFO] - Epoch: 34/50
[37m2024-06-28 06:59:47,613 [INFO] - Extracting training cells
[37m2024-06-28 06:59:49,271 [INFO] - Extraction detection metrics - F1: 0.793, Precision: 0.764, Recall: 0.824, Detected-Cells: 632
[37m2024-06-28 06:59:49,315 [INFO] - Training epoch stats:     Loss: 0.1001 - F1-Score: 0.9668 - Accuracy-Score: 0.9668 - AUROC: 0.9943 - AP: 0.9568
[37m2024-06-28 06:59:49,461 [INFO] - Validation epoch stats:   Loss: 0.9047 - F1-Score: 0.6981 - Accuracy-Score: 0.6981 - AUROC: 0.8907 - AP: 0.6479
[37m2024-06-28 06:59:49,522 [INFO] - Epoch: 35/50
[37m2024-06-28 06:59:49,523 [INFO] - Extracting training cells
[37m2024-06-28 06:59:50,827 [INFO] - Extraction detection metrics - F1: 0.754, Precision: 0.737, Recall: 0.773, Detected-Cells: 593
[37m2024-06-28 06:59:50,864 [INFO] - Training epoch stats:     Loss: 0.1044 - F1-Score: 0.9629 - Accuracy-Score: 0.9629 - AUROC: 0.9924 - AP: 0.9404
[37m2024-06-28 06:59:50,995 [INFO] - Validation epoch stats:   Loss: 0.8950 - F1-Score: 0.7001 - Accuracy-Score: 0.7001 - AUROC: 0.8926 - AP: 0.6518
[37m2024-06-28 06:59:51,046 [INFO] - Epoch: 36/50
[37m2024-06-28 06:59:51,046 [INFO] - Extracting training cells
[37m2024-06-28 06:59:52,525 [INFO] - Extraction detection metrics - F1: 0.635, Precision: 0.669, Recall: 0.605, Detected-Cells: 464
[37m2024-06-28 06:59:52,554 [INFO] - Training epoch stats:     Loss: 0.1217 - F1-Score: 0.9677 - Accuracy-Score: 0.9677 - AUROC: 0.9923 - AP: 0.9495
[37m2024-06-28 06:59:52,676 [INFO] - Validation epoch stats:   Loss: 0.8954 - F1-Score: 0.6988 - Accuracy-Score: 0.6988 - AUROC: 0.8939 - AP: 0.6540
[37m2024-06-28 06:59:52,729 [INFO] - Epoch: 37/50
[37m2024-06-28 06:59:52,729 [INFO] - Extracting training cells
[37m2024-06-28 06:59:54,042 [INFO] - Extraction detection metrics - F1: 0.808, Precision: 0.767, Recall: 0.854, Detected-Cells: 655
[37m2024-06-28 06:59:54,083 [INFO] - Training epoch stats:     Loss: 0.0909 - F1-Score: 0.9695 - Accuracy-Score: 0.9695 - AUROC: 0.9968 - AP: 0.9700
[37m2024-06-28 06:59:54,201 [INFO] - Validation epoch stats:   Loss: 0.8995 - F1-Score: 0.6950 - Accuracy-Score: 0.6950 - AUROC: 0.8949 - AP: 0.6567
[37m2024-06-28 06:59:54,260 [INFO] - Epoch: 38/50
[37m2024-06-28 06:59:54,260 [INFO] - Extracting training cells
[37m2024-06-28 06:59:55,567 [INFO] - Extraction detection metrics - F1: 0.806, Precision: 0.765, Recall: 0.851, Detected-Cells: 653
[37m2024-06-28 06:59:55,605 [INFO] - Training epoch stats:     Loss: 0.1037 - F1-Score: 0.9648 - Accuracy-Score: 0.9648 - AUROC: 0.9958 - AP: 0.9493
[37m2024-06-28 06:59:55,729 [INFO] - Validation epoch stats:   Loss: 0.8919 - F1-Score: 0.6916 - Accuracy-Score: 0.6916 - AUROC: 0.8961 - AP: 0.6597
[37m2024-06-28 06:59:55,790 [INFO] - Epoch: 39/50
[37m2024-06-28 06:59:55,790 [INFO] - Extracting training cells
[37m2024-06-28 06:59:57,145 [INFO] - Extraction detection metrics - F1: 0.685, Precision: 0.694, Recall: 0.677, Detected-Cells: 519
[37m2024-06-28 06:59:57,182 [INFO] - Training epoch stats:     Loss: 0.1982 - F1-Score: 0.9595 - Accuracy-Score: 0.9595 - AUROC: 0.9925 - AP: 0.9301
[37m2024-06-28 06:59:57,304 [INFO] - Validation epoch stats:   Loss: 0.8885 - F1-Score: 0.6881 - Accuracy-Score: 0.6881 - AUROC: 0.8980 - AP: 0.6651
[37m2024-06-28 06:59:57,368 [INFO] - Epoch: 40/50
[37m2024-06-28 06:59:57,369 [INFO] - Extracting training cells
[37m2024-06-28 06:59:58,660 [INFO] - Extraction detection metrics - F1: 0.731, Precision: 0.752, Recall: 0.711, Detected-Cells: 545
[37m2024-06-28 06:59:58,692 [INFO] - Training epoch stats:     Loss: 0.1385 - F1-Score: 0.9596 - Accuracy-Score: 0.9596 - AUROC: 0.9927 - AP: 0.9342
[37m2024-06-28 06:59:58,814 [INFO] - Validation epoch stats:   Loss: 0.8875 - F1-Score: 0.6854 - Accuracy-Score: 0.6854 - AUROC: 0.8997 - AP: 0.6700
[37m2024-06-28 06:59:58,814 [INFO] - Performing early stopping!
[37m2024-06-28 06:59:58,820 [INFO] - Finished run zusssll7
