[37m2024-06-28 07:02:38,826 [INFO] - Instantiated Logger. WandB init and config update finished.
[37m2024-06-28 07:02:38,829 [INFO] - Run ist stored here: /cellvit/logs_paper/Head-Evaluation/CoNSeP/SAM-H/Amount-DA/2024-06-28T070229_Amount-3-Seed-2
[37m2024-06-28 07:02:38,897 [INFO] - Cuda devices: [<torch.cuda.device object at 0x7f5dddb807c0>]
[37m2024-06-28 07:02:38,898 [INFO] - Using GPU: cuda:0
[37m2024-06-28 07:02:38,903 [INFO] - Using device: cuda:0
[37m2024-06-28 07:02:38,908 [INFO] - Loss function:
[37m2024-06-28 07:02:38,913 [INFO] - CrossEntropyLoss()
[37m2024-06-28 07:02:57,272 [INFO] - <All keys matched successfully>
[37m2024-06-28 07:02:58,253 [INFO] -
==========================================================================================
Layer (type:depth-idx)                   Output Shape              Param #
==========================================================================================
LinearClassifier                         [1, 4]                    --
├─Linear: 1-1                            [1, 128]                  163,968
├─ReLU: 1-2                              [1, 128]                  --
├─Dropout: 1-3                           [1, 128]                  --
├─Linear: 1-4                            [1, 4]                    516
==========================================================================================
Total params: 164,484
Trainable params: 164,484
Non-trainable params: 0
Total mult-adds (M): 0.16
==========================================================================================
Input size (MB): 0.01
Forward/backward pass size (MB): 0.00
Params size (MB): 0.66
Estimated Total Size (MB): 0.66
==========================================================================================
[37m2024-06-28 07:02:58,255 [INFO] - Loaded AdamW Optimizer with following hyperparameters:
[37m2024-06-28 07:02:58,259 [INFO] - {'betas': [0.85, 0.9], 'lr': 0.0005, 'weight_decay': 0.0005}
[37m2024-06-28 07:02:58,264 [INFO] - Using early stopping with a range of 20 and maximize strategy
[37m2024-06-28 07:02:58,277 [INFO] - Caching datasets
[37m2024-06-28 07:02:58,967 [INFO] - Instantiate Trainer
[37m2024-06-28 07:02:58,972 [INFO] - Calling Trainer Fit
[37m2024-06-28 07:02:58,973 [INFO] - Starting training, total number of epochs: 50
[37m2024-06-28 07:02:58,979 [INFO] - Epoch: 1/50
[37m2024-06-28 07:02:58,988 [INFO] - Extracting training cells
[37m2024-06-28 07:03:05,256 [INFO] - Extraction detection metrics - F1: 0.739, Precision: 0.787, Recall: 0.711, Detected-Cells: 1835
[37m2024-06-28 07:03:05,469 [INFO] - Training epoch stats:     Loss: 0.8304 - F1-Score: 0.6659 - Accuracy-Score: 0.6659 - AUROC: 0.8044 - AP: 0.5617
[37m2024-06-28 07:03:06,777 [INFO] - Loaded dataset from cache: /Consep/cache/1f728da27af6daed7b166ce5447f5dec18916e3679cb7b74ddaefb4a67df10d2.h5
[37m2024-06-28 07:03:06,918 [INFO] - Validation epoch stats:   Loss: 0.6010 - F1-Score: 0.7511 - Accuracy-Score: 0.7511 - AUROC: 0.9255 - AP: 0.7955
[37m2024-06-28 07:03:06,919 [INFO] - New best model - save checkpoint
[37m2024-06-28 07:03:07,083 [INFO] - Epoch: 2/50
[37m2024-06-28 07:03:07,084 [INFO] - Extracting training cells
[37m2024-06-28 07:03:10,674 [INFO] - Extraction detection metrics - F1: 0.790, Precision: 0.861, Recall: 0.745, Detected-Cells: 1937
[37m2024-06-28 07:03:10,793 [INFO] - Training epoch stats:     Loss: 0.3751 - F1-Score: 0.8601 - Accuracy-Score: 0.8601 - AUROC: 0.9628 - AP: 0.8693
[37m2024-06-28 07:03:10,944 [INFO] - Validation epoch stats:   Loss: 0.6188 - F1-Score: 0.7618 - Accuracy-Score: 0.7618 - AUROC: 0.9319 - AP: 0.8026
[37m2024-06-28 07:03:10,945 [INFO] - New best model - save checkpoint
[37m2024-06-28 07:03:11,104 [INFO] - Epoch: 3/50
[37m2024-06-28 07:03:11,104 [INFO] - Extracting training cells
[37m2024-06-28 07:03:14,396 [INFO] - Extraction detection metrics - F1: 0.780, Precision: 0.822, Recall: 0.760, Detected-Cells: 1657
[37m2024-06-28 07:03:14,482 [INFO] - Training epoch stats:     Loss: 0.6742 - F1-Score: 0.8039 - Accuracy-Score: 0.8039 - AUROC: 0.9202 - AP: 0.8154
[37m2024-06-28 07:03:14,624 [INFO] - Validation epoch stats:   Loss: 0.6041 - F1-Score: 0.7262 - Accuracy-Score: 0.7262 - AUROC: 0.9347 - AP: 0.8048
[37m2024-06-28 07:03:14,626 [INFO] - New best model - save checkpoint
[37m2024-06-28 07:03:14,800 [INFO] - Epoch: 4/50
[37m2024-06-28 07:03:14,801 [INFO] - Extracting training cells
[37m2024-06-28 07:03:18,422 [INFO] - Extraction detection metrics - F1: 0.761, Precision: 0.840, Recall: 0.712, Detected-Cells: 1841
[37m2024-06-28 07:03:18,516 [INFO] - Training epoch stats:     Loss: 0.4321 - F1-Score: 0.8327 - Accuracy-Score: 0.8327 - AUROC: 0.9540 - AP: 0.8550
[37m2024-06-28 07:03:18,663 [INFO] - Validation epoch stats:   Loss: 0.5509 - F1-Score: 0.7758 - Accuracy-Score: 0.7758 - AUROC: 0.9354 - AP: 0.8019
[37m2024-06-28 07:03:18,664 [INFO] - New best model - save checkpoint
[37m2024-06-28 07:03:18,831 [INFO] - Epoch: 5/50
[37m2024-06-28 07:03:18,831 [INFO] - Extracting training cells
[37m2024-06-28 07:03:22,409 [INFO] - Extraction detection metrics - F1: 0.736, Precision: 0.798, Recall: 0.688, Detected-Cells: 1816
[37m2024-06-28 07:03:22,503 [INFO] - Training epoch stats:     Loss: 0.3300 - F1-Score: 0.8711 - Accuracy-Score: 0.8711 - AUROC: 0.9683 - AP: 0.8815
[37m2024-06-28 07:03:22,653 [INFO] - Validation epoch stats:   Loss: 0.7675 - F1-Score: 0.7674 - Accuracy-Score: 0.7674 - AUROC: 0.9354 - AP: 0.8077
[37m2024-06-28 07:03:22,654 [INFO] - New best model - save checkpoint
[37m2024-06-28 07:03:22,830 [INFO] - Epoch: 6/50
[37m2024-06-28 07:03:22,831 [INFO] - Extracting training cells
[37m2024-06-28 07:03:26,857 [INFO] - Extraction detection metrics - F1: 0.749, Precision: 0.839, Recall: 0.689, Detected-Cells: 1811
[37m2024-06-28 07:03:26,942 [INFO] - Training epoch stats:     Loss: 0.3297 - F1-Score: 0.9056 - Accuracy-Score: 0.9056 - AUROC: 0.9791 - AP: 0.9301
[37m2024-06-28 07:03:27,073 [INFO] - Validation epoch stats:   Loss: 0.5612 - F1-Score: 0.7757 - Accuracy-Score: 0.7757 - AUROC: 0.9362 - AP: 0.8161
[37m2024-06-28 07:03:27,074 [INFO] - New best model - save checkpoint
[37m2024-06-28 07:03:27,226 [INFO] - Epoch: 7/50
[37m2024-06-28 07:03:27,227 [INFO] - Extracting training cells
[37m2024-06-28 07:03:31,339 [INFO] - Extraction detection metrics - F1: 0.790, Precision: 0.856, Recall: 0.748, Detected-Cells: 1946
[37m2024-06-28 07:03:31,438 [INFO] - Training epoch stats:     Loss: 0.2400 - F1-Score: 0.9116 - Accuracy-Score: 0.9116 - AUROC: 0.9832 - AP: 0.9334
[37m2024-06-28 07:03:31,595 [INFO] - Validation epoch stats:   Loss: 0.5042 - F1-Score: 0.8148 - Accuracy-Score: 0.8148 - AUROC: 0.9426 - AP: 0.8197
[37m2024-06-28 07:03:31,597 [INFO] - New best model - save checkpoint
[37m2024-06-28 07:03:31,766 [INFO] - Epoch: 8/50
[37m2024-06-28 07:03:31,766 [INFO] - Extracting training cells
[37m2024-06-28 07:03:35,390 [INFO] - Extraction detection metrics - F1: 0.785, Precision: 0.849, Recall: 0.752, Detected-Cells: 1957
[37m2024-06-28 07:03:35,489 [INFO] - Training epoch stats:     Loss: 0.2292 - F1-Score: 0.9234 - Accuracy-Score: 0.9234 - AUROC: 0.9850 - AP: 0.9447
[37m2024-06-28 07:03:35,639 [INFO] - Validation epoch stats:   Loss: 0.5617 - F1-Score: 0.7746 - Accuracy-Score: 0.7746 - AUROC: 0.9392 - AP: 0.8143
[37m2024-06-28 07:03:35,694 [INFO] - Epoch: 9/50
[37m2024-06-28 07:03:35,695 [INFO] - Extracting training cells
[37m2024-06-28 07:03:39,235 [INFO] - Extraction detection metrics - F1: 0.788, Precision: 0.838, Recall: 0.757, Detected-Cells: 1970
[37m2024-06-28 07:03:39,341 [INFO] - Training epoch stats:     Loss: 0.2377 - F1-Score: 0.9183 - Accuracy-Score: 0.9183 - AUROC: 0.9846 - AP: 0.9471
[37m2024-06-28 07:03:39,532 [INFO] - Validation epoch stats:   Loss: 0.5315 - F1-Score: 0.7882 - Accuracy-Score: 0.7882 - AUROC: 0.9438 - AP: 0.8170
[37m2024-06-28 07:03:39,533 [INFO] - New best model - save checkpoint
[37m2024-06-28 07:03:39,689 [INFO] - Epoch: 10/50
[37m2024-06-28 07:03:39,690 [INFO] - Extracting training cells
[37m2024-06-28 07:03:43,879 [INFO] - Extraction detection metrics - F1: 0.683, Precision: 0.767, Recall: 0.623, Detected-Cells: 1635
[37m2024-06-28 07:03:43,961 [INFO] - Training epoch stats:     Loss: 0.3074 - F1-Score: 0.8697 - Accuracy-Score: 0.8697 - AUROC: 0.9763 - AP: 0.9127
[37m2024-06-28 07:03:44,092 [INFO] - Validation epoch stats:   Loss: 0.5269 - F1-Score: 0.7920 - Accuracy-Score: 0.7920 - AUROC: 0.9429 - AP: 0.8138
[37m2024-06-28 07:03:44,152 [INFO] - Epoch: 11/50
[37m2024-06-28 07:03:44,152 [INFO] - Extracting training cells
[37m2024-06-28 07:03:47,803 [INFO] - Extraction detection metrics - F1: 0.773, Precision: 0.843, Recall: 0.732, Detected-Cells: 1905
[37m2024-06-28 07:03:47,880 [INFO] - Training epoch stats:     Loss: 0.2005 - F1-Score: 0.9255 - Accuracy-Score: 0.9255 - AUROC: 0.9893 - AP: 0.9601
[37m2024-06-28 07:03:47,984 [INFO] - Validation epoch stats:   Loss: 0.6094 - F1-Score: 0.7793 - Accuracy-Score: 0.7793 - AUROC: 0.9403 - AP: 0.8057
[37m2024-06-28 07:03:48,043 [INFO] - Epoch: 12/50
[37m2024-06-28 07:03:48,044 [INFO] - Extracting training cells
[37m2024-06-28 07:03:50,576 [INFO] - Extraction detection metrics - F1: 0.767, Precision: 0.805, Recall: 0.739, Detected-Cells: 1334
[37m2024-06-28 07:03:50,633 [INFO] - Training epoch stats:     Loss: 0.3330 - F1-Score: 0.8981 - Accuracy-Score: 0.8981 - AUROC: 0.9615 - AP: 0.7998
[37m2024-06-28 07:03:50,767 [INFO] - Validation epoch stats:   Loss: 0.5969 - F1-Score: 0.7878 - Accuracy-Score: 0.7878 - AUROC: 0.9400 - AP: 0.8075
[37m2024-06-28 07:03:50,846 [INFO] - Epoch: 13/50
[37m2024-06-28 07:03:50,847 [INFO] - Extracting training cells
[37m2024-06-28 07:03:54,373 [INFO] - Extraction detection metrics - F1: 0.784, Precision: 0.824, Recall: 0.755, Detected-Cells: 1837
[37m2024-06-28 07:03:54,462 [INFO] - Training epoch stats:     Loss: 0.5264 - F1-Score: 0.8470 - Accuracy-Score: 0.8470 - AUROC: 0.9219 - AP: 0.7660
[37m2024-06-28 07:03:54,599 [INFO] - Validation epoch stats:   Loss: 0.5968 - F1-Score: 0.7830 - Accuracy-Score: 0.7830 - AUROC: 0.8581 - AP: 0.6655
[37m2024-06-28 07:03:54,655 [INFO] - Epoch: 14/50
[37m2024-06-28 07:03:54,656 [INFO] - Extracting training cells
[37m2024-06-28 07:03:58,304 [INFO] - Extraction detection metrics - F1: 0.787, Precision: 0.828, Recall: 0.762, Detected-Cells: 1984
[37m2024-06-28 07:03:58,380 [INFO] - Training epoch stats:     Loss: 0.2974 - F1-Score: 0.9047 - Accuracy-Score: 0.9047 - AUROC: 0.9669 - AP: 0.8973
[37m2024-06-28 07:03:58,483 [INFO] - Validation epoch stats:   Loss: 0.6118 - F1-Score: 0.7703 - Accuracy-Score: 0.7703 - AUROC: 0.9385 - AP: 0.7708
[37m2024-06-28 07:03:58,546 [INFO] - Epoch: 15/50
[37m2024-06-28 07:03:58,547 [INFO] - Extracting training cells
[37m2024-06-28 07:04:01,549 [INFO] - Extraction detection metrics - F1: 0.713, Precision: 0.796, Recall: 0.647, Detected-Cells: 1247
[37m2024-06-28 07:04:01,607 [INFO] - Training epoch stats:     Loss: 0.3988 - F1-Score: 0.8701 - Accuracy-Score: 0.8701 - AUROC: 0.9373 - AP: 0.8014
[37m2024-06-28 07:04:01,744 [INFO] - Validation epoch stats:   Loss: 0.4159 - F1-Score: 0.8392 - Accuracy-Score: 0.8392 - AUROC: 0.9495 - AP: 0.8168
[37m2024-06-28 07:04:01,745 [INFO] - New best model - save checkpoint
[37m2024-06-28 07:04:01,910 [INFO] - Epoch: 16/50
[37m2024-06-28 07:04:01,911 [INFO] - Extracting training cells
[37m2024-06-28 07:04:05,739 [INFO] - Extraction detection metrics - F1: 0.726, Precision: 0.766, Recall: 0.692, Detected-Cells: 1652
[37m2024-06-28 07:04:05,808 [INFO] - Training epoch stats:     Loss: 0.4310 - F1-Score: 0.8638 - Accuracy-Score: 0.8638 - AUROC: 0.9512 - AP: 0.8013
[37m2024-06-28 07:04:05,948 [INFO] - Validation epoch stats:   Loss: 0.5143 - F1-Score: 0.8040 - Accuracy-Score: 0.8040 - AUROC: 0.9421 - AP: 0.7176
[37m2024-06-28 07:04:06,002 [INFO] - Epoch: 17/50
[37m2024-06-28 07:04:06,002 [INFO] - Extracting training cells
[37m2024-06-28 07:04:09,466 [INFO] - Extraction detection metrics - F1: 0.784, Precision: 0.839, Recall: 0.746, Detected-Cells: 1943
[37m2024-06-28 07:04:09,539 [INFO] - Training epoch stats:     Loss: 0.2322 - F1-Score: 0.9171 - Accuracy-Score: 0.9171 - AUROC: 0.9874 - AP: 0.9471
[37m2024-06-28 07:04:09,643 [INFO] - Validation epoch stats:   Loss: 0.6122 - F1-Score: 0.7702 - Accuracy-Score: 0.7702 - AUROC: 0.9328 - AP: 0.6928
[37m2024-06-28 07:04:09,694 [INFO] - Epoch: 18/50
[37m2024-06-28 07:04:09,695 [INFO] - Extracting training cells
[37m2024-06-28 07:04:13,110 [INFO] - Extraction detection metrics - F1: 0.788, Precision: 0.825, Recall: 0.764, Detected-Cells: 1988
[37m2024-06-28 07:04:13,175 [INFO] - Training epoch stats:     Loss: 0.1907 - F1-Score: 0.9291 - Accuracy-Score: 0.9291 - AUROC: 0.9913 - AP: 0.9655
[37m2024-06-28 07:04:13,278 [INFO] - Validation epoch stats:   Loss: 0.6098 - F1-Score: 0.7901 - Accuracy-Score: 0.7901 - AUROC: 0.9473 - AP: 0.7892
[37m2024-06-28 07:04:13,332 [INFO] - Epoch: 19/50
[37m2024-06-28 07:04:13,333 [INFO] - Extracting training cells
[37m2024-06-28 07:04:16,955 [INFO] - Extraction detection metrics - F1: 0.772, Precision: 0.814, Recall: 0.745, Detected-Cells: 1935
[37m2024-06-28 07:04:17,024 [INFO] - Training epoch stats:     Loss: 0.2432 - F1-Score: 0.9158 - Accuracy-Score: 0.9158 - AUROC: 0.9835 - AP: 0.9472
[37m2024-06-28 07:04:17,134 [INFO] - Validation epoch stats:   Loss: 0.5094 - F1-Score: 0.7968 - Accuracy-Score: 0.7968 - AUROC: 0.9470 - AP: 0.8169
[37m2024-06-28 07:04:17,195 [INFO] - Epoch: 20/50
[37m2024-06-28 07:04:17,195 [INFO] - Extracting training cells
[37m2024-06-28 07:04:20,015 [INFO] - Extraction detection metrics - F1: 0.788, Precision: 0.829, Recall: 0.761, Detected-Cells: 1981
[37m2024-06-28 07:04:20,096 [INFO] - Training epoch stats:     Loss: 0.1591 - F1-Score: 0.9354 - Accuracy-Score: 0.9354 - AUROC: 0.9935 - AP: 0.9741
[37m2024-06-28 07:04:20,224 [INFO] - Validation epoch stats:   Loss: 0.5862 - F1-Score: 0.7854 - Accuracy-Score: 0.7854 - AUROC: 0.9442 - AP: 0.8107
[37m2024-06-28 07:04:20,284 [INFO] - Epoch: 21/50
[37m2024-06-28 07:04:20,284 [INFO] - Extracting training cells
[37m2024-06-28 07:04:23,938 [INFO] - Extraction detection metrics - F1: 0.775, Precision: 0.839, Recall: 0.736, Detected-Cells: 1918
[37m2024-06-28 07:04:24,019 [INFO] - Training epoch stats:     Loss: 0.1787 - F1-Score: 0.9307 - Accuracy-Score: 0.9307 - AUROC: 0.9911 - AP: 0.9674
[37m2024-06-28 07:04:24,121 [INFO] - Validation epoch stats:   Loss: 0.5268 - F1-Score: 0.7992 - Accuracy-Score: 0.7992 - AUROC: 0.9460 - AP: 0.8163
[37m2024-06-28 07:04:24,174 [INFO] - Epoch: 22/50
[37m2024-06-28 07:04:24,174 [INFO] - Extracting training cells
[37m2024-06-28 07:04:26,744 [INFO] - Extraction detection metrics - F1: 0.784, Precision: 0.842, Recall: 0.742, Detected-Cells: 1551
[37m2024-06-28 07:04:26,813 [INFO] - Training epoch stats:     Loss: 0.4937 - F1-Score: 0.8304 - Accuracy-Score: 0.8304 - AUROC: 0.9540 - AP: 0.8659
[37m2024-06-28 07:04:26,927 [INFO] - Validation epoch stats:   Loss: 0.6903 - F1-Score: 0.7657 - Accuracy-Score: 0.7657 - AUROC: 0.9364 - AP: 0.7998
[37m2024-06-28 07:04:26,995 [INFO] - Epoch: 23/50
[37m2024-06-28 07:04:26,995 [INFO] - Extracting training cells
[37m2024-06-28 07:04:29,853 [INFO] - Extraction detection metrics - F1: 0.773, Precision: 0.834, Recall: 0.731, Detected-Cells: 1901
[37m2024-06-28 07:04:29,935 [INFO] - Training epoch stats:     Loss: 0.2311 - F1-Score: 0.9190 - Accuracy-Score: 0.9190 - AUROC: 0.9876 - AP: 0.9504
[37m2024-06-28 07:04:30,072 [INFO] - Validation epoch stats:   Loss: 0.6152 - F1-Score: 0.7791 - Accuracy-Score: 0.7791 - AUROC: 0.9389 - AP: 0.8129
[37m2024-06-28 07:04:30,128 [INFO] - Epoch: 24/50
[37m2024-06-28 07:04:30,129 [INFO] - Extracting training cells
[37m2024-06-28 07:04:33,766 [INFO] - Extraction detection metrics - F1: 0.754, Precision: 0.836, Recall: 0.693, Detected-Cells: 1821
[37m2024-06-28 07:04:33,851 [INFO] - Training epoch stats:     Loss: 0.1983 - F1-Score: 0.9330 - Accuracy-Score: 0.9330 - AUROC: 0.9879 - AP: 0.9659
[37m2024-06-28 07:04:33,998 [INFO] - Validation epoch stats:   Loss: 0.5765 - F1-Score: 0.7875 - Accuracy-Score: 0.7875 - AUROC: 0.9484 - AP: 0.8201
[37m2024-06-28 07:04:34,059 [INFO] - Epoch: 25/50
[37m2024-06-28 07:04:34,060 [INFO] - Extracting training cells
[37m2024-06-28 07:04:37,594 [INFO] - Extraction detection metrics - F1: 0.777, Precision: 0.830, Recall: 0.740, Detected-Cells: 1926
[37m2024-06-28 07:04:37,680 [INFO] - Training epoch stats:     Loss: 0.1941 - F1-Score: 0.9252 - Accuracy-Score: 0.9252 - AUROC: 0.9906 - AP: 0.9642
[37m2024-06-28 07:04:37,816 [INFO] - Validation epoch stats:   Loss: 0.6156 - F1-Score: 0.7829 - Accuracy-Score: 0.7829 - AUROC: 0.9479 - AP: 0.8200
[37m2024-06-28 07:04:37,878 [INFO] - Epoch: 26/50
[37m2024-06-28 07:04:37,878 [INFO] - Extracting training cells
[37m2024-06-28 07:04:41,551 [INFO] - Extraction detection metrics - F1: 0.794, Precision: 0.837, Recall: 0.766, Detected-Cells: 1993
[37m2024-06-28 07:04:41,645 [INFO] - Training epoch stats:     Loss: 0.1643 - F1-Score: 0.9373 - Accuracy-Score: 0.9373 - AUROC: 0.9937 - AP: 0.9758
[37m2024-06-28 07:04:41,795 [INFO] - Validation epoch stats:   Loss: 0.6063 - F1-Score: 0.7878 - Accuracy-Score: 0.7878 - AUROC: 0.9476 - AP: 0.8196
[37m2024-06-28 07:04:41,858 [INFO] - Epoch: 27/50
[37m2024-06-28 07:04:41,859 [INFO] - Extracting training cells
[37m2024-06-28 07:04:45,373 [INFO] - Extraction detection metrics - F1: 0.778, Precision: 0.829, Recall: 0.741, Detected-Cells: 1927
[37m2024-06-28 07:04:45,479 [INFO] - Training epoch stats:     Loss: 0.1583 - F1-Score: 0.9362 - Accuracy-Score: 0.9362 - AUROC: 0.9936 - AP: 0.9750
[37m2024-06-28 07:04:45,632 [INFO] - Validation epoch stats:   Loss: 0.5541 - F1-Score: 0.7976 - Accuracy-Score: 0.7976 - AUROC: 0.9477 - AP: 0.8186
[37m2024-06-28 07:04:45,690 [INFO] - Epoch: 28/50
[37m2024-06-28 07:04:45,691 [INFO] - Extracting training cells
[37m2024-06-28 07:04:49,479 [INFO] - Extraction detection metrics - F1: 0.724, Precision: 0.766, Recall: 0.689, Detected-Cells: 1582
[37m2024-06-28 07:04:49,552 [INFO] - Training epoch stats:     Loss: 0.3527 - F1-Score: 0.8780 - Accuracy-Score: 0.8780 - AUROC: 0.9718 - AP: 0.8889
[37m2024-06-28 07:04:49,701 [INFO] - Validation epoch stats:   Loss: 0.5305 - F1-Score: 0.8083 - Accuracy-Score: 0.8083 - AUROC: 0.9473 - AP: 0.8176
[37m2024-06-28 07:04:49,760 [INFO] - Epoch: 29/50
[37m2024-06-28 07:04:49,761 [INFO] - Extracting training cells
[37m2024-06-28 07:04:53,362 [INFO] - Extraction detection metrics - F1: 0.757, Precision: 0.802, Recall: 0.730, Detected-Cells: 1900
[37m2024-06-28 07:04:53,444 [INFO] - Training epoch stats:     Loss: 0.1827 - F1-Score: 0.9300 - Accuracy-Score: 0.9300 - AUROC: 0.9914 - AP: 0.9665
[37m2024-06-28 07:04:53,589 [INFO] - Validation epoch stats:   Loss: 0.5481 - F1-Score: 0.8004 - Accuracy-Score: 0.8004 - AUROC: 0.9464 - AP: 0.8143
[37m2024-06-28 07:04:53,642 [INFO] - Epoch: 30/50
[37m2024-06-28 07:04:53,643 [INFO] - Extracting training cells
[37m2024-06-28 07:04:56,993 [INFO] - Extraction detection metrics - F1: 0.720, Precision: 0.781, Recall: 0.674, Detected-Cells: 1780
[37m2024-06-28 07:04:57,068 [INFO] - Training epoch stats:     Loss: 0.1444 - F1-Score: 0.9455 - Accuracy-Score: 0.9455 - AUROC: 0.9949 - AP: 0.9809
[37m2024-06-28 07:04:57,197 [INFO] - Validation epoch stats:   Loss: 0.5907 - F1-Score: 0.7872 - Accuracy-Score: 0.7872 - AUROC: 0.9453 - AP: 0.8133
[37m2024-06-28 07:04:57,251 [INFO] - Epoch: 31/50
[37m2024-06-28 07:04:57,252 [INFO] - Extracting training cells
[37m2024-06-28 07:05:00,429 [INFO] - Extraction detection metrics - F1: 0.784, Precision: 0.805, Recall: 0.769, Detected-Cells: 1779
[37m2024-06-28 07:05:00,510 [INFO] - Training epoch stats:     Loss: 0.3521 - F1-Score: 0.8904 - Accuracy-Score: 0.8904 - AUROC: 0.9714 - AP: 0.8859
[37m2024-06-28 07:05:00,653 [INFO] - Validation epoch stats:   Loss: 0.5975 - F1-Score: 0.7865 - Accuracy-Score: 0.7865 - AUROC: 0.9445 - AP: 0.8075
[37m2024-06-28 07:05:00,711 [INFO] - Epoch: 32/50
[37m2024-06-28 07:05:00,712 [INFO] - Extracting training cells
[37m2024-06-28 07:05:04,153 [INFO] - Extraction detection metrics - F1: 0.781, Precision: 0.828, Recall: 0.751, Detected-Cells: 1954
[37m2024-06-28 07:05:04,414 [INFO] - Training epoch stats:     Loss: 0.1836 - F1-Score: 0.9268 - Accuracy-Score: 0.9268 - AUROC: 0.9918 - AP: 0.9670
[37m2024-06-28 07:05:04,521 [INFO] - Validation epoch stats:   Loss: 0.5726 - F1-Score: 0.7904 - Accuracy-Score: 0.7904 - AUROC: 0.9442 - AP: 0.8010
[37m2024-06-28 07:05:04,575 [INFO] - Epoch: 33/50
[37m2024-06-28 07:05:04,576 [INFO] - Extracting training cells
[37m2024-06-28 07:05:07,484 [INFO] - Extraction detection metrics - F1: 0.778, Precision: 0.830, Recall: 0.745, Detected-Cells: 1940
[37m2024-06-28 07:05:07,571 [INFO] - Training epoch stats:     Loss: 0.1402 - F1-Score: 0.9510 - Accuracy-Score: 0.9510 - AUROC: 0.9955 - AP: 0.9819
[37m2024-06-28 07:05:07,699 [INFO] - Validation epoch stats:   Loss: 0.5823 - F1-Score: 0.7904 - Accuracy-Score: 0.7904 - AUROC: 0.9438 - AP: 0.8011
[37m2024-06-28 07:05:07,756 [INFO] - Epoch: 34/50
[37m2024-06-28 07:05:07,757 [INFO] - Extracting training cells
[37m2024-06-28 07:05:11,161 [INFO] - Extraction detection metrics - F1: 0.750, Precision: 0.823, Recall: 0.702, Detected-Cells: 1840
[37m2024-06-28 07:05:11,233 [INFO] - Training epoch stats:     Loss: 0.1550 - F1-Score: 0.9440 - Accuracy-Score: 0.9440 - AUROC: 0.9931 - AP: 0.9757
[37m2024-06-28 07:05:11,369 [INFO] - Validation epoch stats:   Loss: 0.5839 - F1-Score: 0.7873 - Accuracy-Score: 0.7873 - AUROC: 0.9433 - AP: 0.8004
[37m2024-06-28 07:05:11,424 [INFO] - Epoch: 35/50
[37m2024-06-28 07:05:11,424 [INFO] - Extracting training cells
[37m2024-06-28 07:05:14,762 [INFO] - Extraction detection metrics - F1: 0.784, Precision: 0.827, Recall: 0.756, Detected-Cells: 1966
[37m2024-06-28 07:05:14,834 [INFO] - Training epoch stats:     Loss: 0.1516 - F1-Score: 0.9420 - Accuracy-Score: 0.9420 - AUROC: 0.9943 - AP: 0.9787
[37m2024-06-28 07:05:14,935 [INFO] - Validation epoch stats:   Loss: 0.5669 - F1-Score: 0.7930 - Accuracy-Score: 0.7930 - AUROC: 0.9435 - AP: 0.8015
[37m2024-06-28 07:05:14,935 [INFO] - Performing early stopping!
[37m2024-06-28 07:05:14,941 [INFO] - Finished run d6ylrhnn
