[37m2024-06-24 09:05:11,967 [INFO] - Instantiated Logger. WandB init and config update finished.
[37m2024-06-24 09:05:11,969 [INFO] - Run ist stored here: /cellvit/logs_paper/Head-Evaluation/ocelot/UNI/Amount/No-Aug/10/2024-06-24T090504_CellViT-UNI-10Percent
[37m2024-06-24 09:05:12,033 [INFO] - Cuda devices: [<torch.cuda.device object at 0x7f396c59c4c0>]
[37m2024-06-24 09:05:12,033 [INFO] - Using GPU: cuda:0
[37m2024-06-24 09:05:12,038 [INFO] - Using device: cuda:0
[37m2024-06-24 09:05:12,042 [INFO] - Loss function:
[37m2024-06-24 09:05:12,045 [INFO] - CrossEntropyLoss()
[37m2024-06-24 09:05:24,978 [INFO] - <All keys matched successfully>
[37m2024-06-24 09:05:25,715 [INFO] -
==========================================================================================
Layer (type:depth-idx)                   Output Shape              Param #
==========================================================================================
LinearClassifier                         [1, 2]                    --
├─Linear: 1-1                            [1, 256]                  262,400
├─ReLU: 1-2                              [1, 256]                  --
├─Dropout: 1-3                           [1, 256]                  --
├─Linear: 1-4                            [1, 2]                    514
==========================================================================================
Total params: 262,914
Trainable params: 262,914
Non-trainable params: 0
Total mult-adds (M): 0.26
==========================================================================================
Input size (MB): 0.00
Forward/backward pass size (MB): 0.00
Params size (MB): 1.05
Estimated Total Size (MB): 1.06
==========================================================================================
[37m2024-06-24 09:05:25,716 [INFO] - Loaded AdamW Optimizer with following hyperparameters:
[37m2024-06-24 09:05:25,721 [INFO] - {'lr': 5e-05, 'betas': [0.85, 0.9], 'weight_decay': 0.00055}
[37m2024-06-24 09:05:25,726 [INFO] - Using early stopping with a range of 10 and maximize strategy
[37m2024-06-24 09:05:25,745 [INFO] - Caching datasets
[37m2024-06-24 09:05:27,696 [INFO] - Instantiate Trainer
[37m2024-06-24 09:05:27,703 [INFO] - Calling Trainer Fit
[37m2024-06-24 09:05:27,703 [INFO] - Dataset is cached after first epoch
[37m2024-06-24 09:05:27,708 [INFO] - Starting training, total number of epochs: 50
[37m2024-06-24 09:05:27,713 [INFO] - Epoch: 1/50
[37m2024-06-24 09:05:27,718 [INFO] - Extracting training cells
[37m2024-06-24 09:05:51,721 [INFO] - Extraction detection metrics - F1: 0.697, Precision: 0.673, Recall: 0.798, Detected-Cells: 5889
[37m2024-06-24 09:05:51,724 [INFO] - Caching dataset 42e127769762ebabb17431119d907efcc2d862866ac3be1f73c00fadee0d760f to disk...
[37m2024-06-24 09:05:57,155 [INFO] - Training epoch stats:     Loss: 0.6131 - F1-Score: 0.7862 - Accuracy-Score: 0.6740 - AUROC: 0.8064 - AP: 0.8774
[37m2024-06-24 09:06:00,700 [INFO] - Loaded dataset from cache: /OCELOT-Orig/cache/bfeb7101834d8ce2518bc9a605646d8528eb104e9be34cc187c069953e6c8b62.h5
[37m2024-06-24 09:06:01,123 [INFO] - Validation epoch stats:   Loss: 0.5803 - F1-Score: 0.8221 - Accuracy-Score: 0.7272 - AUROC: 0.9022 - AP: 0.9348
[37m2024-06-24 09:06:01,124 [INFO] - New best model - save checkpoint
[37m2024-06-24 09:06:01,298 [INFO] - Epoch: 2/50
[37m2024-06-24 09:06:01,553 [INFO] - Training epoch stats:     Loss: 0.5098 - F1-Score: 0.8642 - Accuracy-Score: 0.8081 - AUROC: 0.9517 - AP: 0.9668
[37m2024-06-24 09:06:01,965 [INFO] - Validation epoch stats:   Loss: 0.5083 - F1-Score: 0.8789 - Accuracy-Score: 0.8323 - AUROC: 0.9213 - AP: 0.9488
[37m2024-06-24 09:06:01,966 [INFO] - New best model - save checkpoint
[37m2024-06-24 09:06:02,141 [INFO] - Epoch: 3/50
[37m2024-06-24 09:06:02,400 [INFO] - Training epoch stats:     Loss: 0.4124 - F1-Score: 0.9244 - Accuracy-Score: 0.9027 - AUROC: 0.9652 - AP: 0.9767
[37m2024-06-24 09:06:02,817 [INFO] - Validation epoch stats:   Loss: 0.4586 - F1-Score: 0.8955 - Accuracy-Score: 0.8608 - AUROC: 0.9235 - AP: 0.9497
[37m2024-06-24 09:06:02,818 [INFO] - New best model - save checkpoint
[37m2024-06-24 09:06:03,001 [INFO] - Epoch: 4/50
[37m2024-06-24 09:06:03,264 [INFO] - Training epoch stats:     Loss: 0.3792 - F1-Score: 0.9317 - Accuracy-Score: 0.9139 - AUROC: 0.9688 - AP: 0.9792
[37m2024-06-24 09:06:03,692 [INFO] - Validation epoch stats:   Loss: 0.4209 - F1-Score: 0.8998 - Accuracy-Score: 0.8692 - AUROC: 0.9243 - AP: 0.9496
[37m2024-06-24 09:06:03,693 [INFO] - New best model - save checkpoint
[37m2024-06-24 09:06:03,869 [INFO] - Epoch: 5/50
[37m2024-06-24 09:06:04,127 [INFO] - Training epoch stats:     Loss: 0.2920 - F1-Score: 0.9346 - Accuracy-Score: 0.9188 - AUROC: 0.9728 - AP: 0.9820
[37m2024-06-24 09:06:04,542 [INFO] - Validation epoch stats:   Loss: 0.3981 - F1-Score: 0.9008 - Accuracy-Score: 0.8715 - AUROC: 0.9249 - AP: 0.9496
[37m2024-06-24 09:06:04,544 [INFO] - New best model - save checkpoint
[37m2024-06-24 09:06:04,718 [INFO] - Epoch: 6/50
[37m2024-06-24 09:06:04,968 [INFO] - Training epoch stats:     Loss: 0.2636 - F1-Score: 0.9382 - Accuracy-Score: 0.9231 - AUROC: 0.9759 - AP: 0.9844
[37m2024-06-24 09:06:05,379 [INFO] - Validation epoch stats:   Loss: 0.3700 - F1-Score: 0.9042 - Accuracy-Score: 0.8754 - AUROC: 0.9260 - AP: 0.9496
[37m2024-06-24 09:06:05,380 [INFO] - New best model - save checkpoint
[37m2024-06-24 09:06:05,564 [INFO] - Epoch: 7/50
[37m2024-06-24 09:06:05,808 [INFO] - Training epoch stats:     Loss: 0.2346 - F1-Score: 0.9415 - Accuracy-Score: 0.9273 - AUROC: 0.9783 - AP: 0.9855
[37m2024-06-24 09:06:06,212 [INFO] - Validation epoch stats:   Loss: 0.3557 - F1-Score: 0.9047 - Accuracy-Score: 0.8765 - AUROC: 0.9262 - AP: 0.9488
[37m2024-06-24 09:06:06,213 [INFO] - New best model - save checkpoint
[37m2024-06-24 09:06:06,395 [INFO] - Epoch: 8/50
[37m2024-06-24 09:06:06,641 [INFO] - Training epoch stats:     Loss: 0.2032 - F1-Score: 0.9450 - Accuracy-Score: 0.9317 - AUROC: 0.9807 - AP: 0.9873
[37m2024-06-24 09:06:07,181 [INFO] - Validation epoch stats:   Loss: 0.3471 - F1-Score: 0.9055 - Accuracy-Score: 0.8777 - AUROC: 0.9262 - AP: 0.9483
[37m2024-06-24 09:06:07,182 [INFO] - New best model - save checkpoint
[37m2024-06-24 09:06:07,341 [INFO] - Epoch: 9/50
[37m2024-06-24 09:06:07,605 [INFO] - Training epoch stats:     Loss: 0.1840 - F1-Score: 0.9468 - Accuracy-Score: 0.9338 - AUROC: 0.9826 - AP: 0.9883
[37m2024-06-24 09:06:08,054 [INFO] - Validation epoch stats:   Loss: 0.3426 - F1-Score: 0.9052 - Accuracy-Score: 0.8780 - AUROC: 0.9257 - AP: 0.9472
[37m2024-06-24 09:06:08,131 [INFO] - Epoch: 10/50
[37m2024-06-24 09:06:08,389 [INFO] - Training epoch stats:     Loss: 0.1692 - F1-Score: 0.9504 - Accuracy-Score: 0.9385 - AUROC: 0.9845 - AP: 0.9895
[37m2024-06-24 09:06:08,854 [INFO] - Validation epoch stats:   Loss: 0.3377 - F1-Score: 0.9043 - Accuracy-Score: 0.8756 - AUROC: 0.9256 - AP: 0.9463
[37m2024-06-24 09:06:08,909 [INFO] - Epoch: 11/50
[37m2024-06-24 09:06:09,172 [INFO] - Training epoch stats:     Loss: 0.1564 - F1-Score: 0.9532 - Accuracy-Score: 0.9418 - AUROC: 0.9859 - AP: 0.9905
[37m2024-06-24 09:06:09,614 [INFO] - Validation epoch stats:   Loss: 0.3408 - F1-Score: 0.9026 - Accuracy-Score: 0.8748 - AUROC: 0.9240 - AP: 0.9443
[37m2024-06-24 09:06:09,675 [INFO] - Epoch: 12/50
[37m2024-06-24 09:06:09,974 [INFO] - Training epoch stats:     Loss: 0.1462 - F1-Score: 0.9559 - Accuracy-Score: 0.9453 - AUROC: 0.9871 - AP: 0.9912
[37m2024-06-24 09:06:10,414 [INFO] - Validation epoch stats:   Loss: 0.3410 - F1-Score: 0.9028 - Accuracy-Score: 0.8745 - AUROC: 0.9235 - AP: 0.9434
[37m2024-06-24 09:06:10,468 [INFO] - Epoch: 13/50
[37m2024-06-24 09:06:10,730 [INFO] - Training epoch stats:     Loss: 0.1529 - F1-Score: 0.9585 - Accuracy-Score: 0.9485 - AUROC: 0.9883 - AP: 0.9922
[37m2024-06-24 09:06:11,169 [INFO] - Validation epoch stats:   Loss: 0.3425 - F1-Score: 0.9024 - Accuracy-Score: 0.8727 - AUROC: 0.9231 - AP: 0.9427
[37m2024-06-24 09:06:11,236 [INFO] - Epoch: 14/50
[37m2024-06-24 09:06:11,492 [INFO] - Training epoch stats:     Loss: 0.1340 - F1-Score: 0.9597 - Accuracy-Score: 0.9497 - AUROC: 0.9888 - AP: 0.9924
[37m2024-06-24 09:06:11,905 [INFO] - Validation epoch stats:   Loss: 0.3446 - F1-Score: 0.9019 - Accuracy-Score: 0.8728 - AUROC: 0.9223 - AP: 0.9415
[37m2024-06-24 09:06:11,971 [INFO] - Epoch: 15/50
[37m2024-06-24 09:06:12,215 [INFO] - Training epoch stats:     Loss: 0.1321 - F1-Score: 0.9601 - Accuracy-Score: 0.9504 - AUROC: 0.9891 - AP: 0.9927
[37m2024-06-24 09:06:12,972 [INFO] - Validation epoch stats:   Loss: 0.3476 - F1-Score: 0.9015 - Accuracy-Score: 0.8726 - AUROC: 0.9215 - AP: 0.9406
[37m2024-06-24 09:06:13,030 [INFO] - Epoch: 16/50
[37m2024-06-24 09:06:13,278 [INFO] - Training epoch stats:     Loss: 0.1258 - F1-Score: 0.9617 - Accuracy-Score: 0.9525 - AUROC: 0.9898 - AP: 0.9931
[37m2024-06-24 09:06:13,691 [INFO] - Validation epoch stats:   Loss: 0.3508 - F1-Score: 0.9006 - Accuracy-Score: 0.8716 - AUROC: 0.9207 - AP: 0.9396
[37m2024-06-24 09:06:13,767 [INFO] - Epoch: 17/50
[37m2024-06-24 09:06:14,016 [INFO] - Training epoch stats:     Loss: 0.1275 - F1-Score: 0.9629 - Accuracy-Score: 0.9540 - AUROC: 0.9904 - AP: 0.9934
[37m2024-06-24 09:06:14,428 [INFO] - Validation epoch stats:   Loss: 0.3543 - F1-Score: 0.9000 - Accuracy-Score: 0.8705 - AUROC: 0.9198 - AP: 0.9387
[37m2024-06-24 09:06:14,494 [INFO] - Epoch: 18/50
[37m2024-06-24 09:06:14,753 [INFO] - Training epoch stats:     Loss: 0.1188 - F1-Score: 0.9621 - Accuracy-Score: 0.9528 - AUROC: 0.9907 - AP: 0.9939
[37m2024-06-24 09:06:15,189 [INFO] - Validation epoch stats:   Loss: 0.3570 - F1-Score: 0.8994 - Accuracy-Score: 0.8698 - AUROC: 0.9193 - AP: 0.9384
[37m2024-06-24 09:06:15,190 [INFO] - Performing early stopping!
[37m2024-06-24 09:06:15,196 [INFO] - Finished run ccwpcpzi
