[37m2024-06-28 07:41:00,549 [INFO] - Instantiated Logger. WandB init and config update finished.
[37m2024-06-28 07:41:00,550 [INFO] - Run ist stored here: /cellvit/logs_paper/Head-Evaluation/CoNSeP/SAM-H/Amount-DA/2024-06-28T074051_Amount-12-Seed-2
[37m2024-06-28 07:41:00,620 [INFO] - Cuda devices: [<torch.cuda.device object at 0x7fb5dc594820>]
[37m2024-06-28 07:41:00,621 [INFO] - Using GPU: cuda:0
[37m2024-06-28 07:41:00,626 [INFO] - Using device: cuda:0
[37m2024-06-28 07:41:00,630 [INFO] - Loss function:
[37m2024-06-28 07:41:00,635 [INFO] - CrossEntropyLoss()
[37m2024-06-28 07:41:18,379 [INFO] - <All keys matched successfully>
[37m2024-06-28 07:41:20,636 [INFO] -
==========================================================================================
Layer (type:depth-idx)                   Output Shape              Param #
==========================================================================================
LinearClassifier                         [1, 4]                    --
├─Linear: 1-1                            [1, 128]                  163,968
├─ReLU: 1-2                              [1, 128]                  --
├─Dropout: 1-3                           [1, 128]                  --
├─Linear: 1-4                            [1, 4]                    516
==========================================================================================
Total params: 164,484
Trainable params: 164,484
Non-trainable params: 0
Total mult-adds (M): 0.16
==========================================================================================
Input size (MB): 0.01
Forward/backward pass size (MB): 0.00
Params size (MB): 0.66
Estimated Total Size (MB): 0.66
==========================================================================================
[37m2024-06-28 07:41:20,639 [INFO] - Loaded AdamW Optimizer with following hyperparameters:
[37m2024-06-28 07:41:20,644 [INFO] - {'betas': [0.85, 0.9], 'lr': 0.0005, 'weight_decay': 0.0005}
[37m2024-06-28 07:41:20,650 [INFO] - Using early stopping with a range of 20 and maximize strategy
[37m2024-06-28 07:41:20,668 [INFO] - Caching datasets
[37m2024-06-28 07:41:21,772 [INFO] - Instantiate Trainer
[37m2024-06-28 07:41:21,780 [INFO] - Calling Trainer Fit
[37m2024-06-28 07:41:21,781 [INFO] - Starting training, total number of epochs: 50
[37m2024-06-28 07:41:21,786 [INFO] - Epoch: 1/50
[37m2024-06-28 07:41:21,792 [INFO] - Extracting training cells
[37m2024-06-28 07:41:35,308 [INFO] - Extraction detection metrics - F1: 0.766, Precision: 0.826, Recall: 0.727, Detected-Cells: 4612
[37m2024-06-28 07:41:35,591 [INFO] - Training epoch stats:     Loss: 0.5421 - F1-Score: 0.8079 - Accuracy-Score: 0.8079 - AUROC: 0.9039 - AP: 0.7113
[37m2024-06-28 07:41:36,854 [INFO] - Loaded dataset from cache: /Consep/cache/1f728da27af6daed7b166ce5447f5dec18916e3679cb7b74ddaefb4a67df10d2.h5
[37m2024-06-28 07:41:36,980 [INFO] - Validation epoch stats:   Loss: 0.3919 - F1-Score: 0.8618 - Accuracy-Score: 0.8618 - AUROC: 0.9493 - AP: 0.8297
[37m2024-06-28 07:41:36,981 [INFO] - New best model - save checkpoint
[37m2024-06-28 07:41:37,141 [INFO] - Epoch: 2/50
[37m2024-06-28 07:41:37,142 [INFO] - Extracting training cells
[37m2024-06-28 07:41:45,586 [INFO] - Extraction detection metrics - F1: 0.767, Precision: 0.851, Recall: 0.724, Detected-Cells: 4750
[37m2024-06-28 07:41:45,751 [INFO] - Training epoch stats:     Loss: 0.2554 - F1-Score: 0.9093 - Accuracy-Score: 0.9093 - AUROC: 0.9742 - AP: 0.8689
[37m2024-06-28 07:41:45,892 [INFO] - Validation epoch stats:   Loss: 0.3507 - F1-Score: 0.8671 - Accuracy-Score: 0.8671 - AUROC: 0.9583 - AP: 0.8441
[37m2024-06-28 07:41:45,893 [INFO] - New best model - save checkpoint
[37m2024-06-28 07:41:46,076 [INFO] - Epoch: 3/50
[37m2024-06-28 07:41:46,077 [INFO] - Extracting training cells
[37m2024-06-28 07:41:54,774 [INFO] - Extraction detection metrics - F1: 0.794, Precision: 0.850, Recall: 0.758, Detected-Cells: 4725
[37m2024-06-28 07:41:54,936 [INFO] - Training epoch stats:     Loss: 0.3038 - F1-Score: 0.8766 - Accuracy-Score: 0.8766 - AUROC: 0.9684 - AP: 0.8666
[37m2024-06-28 07:41:55,063 [INFO] - Validation epoch stats:   Loss: 0.3646 - F1-Score: 0.8581 - Accuracy-Score: 0.8581 - AUROC: 0.9566 - AP: 0.8449
[37m2024-06-28 07:41:55,115 [INFO] - Epoch: 4/50
[37m2024-06-28 07:41:55,115 [INFO] - Extracting training cells
[37m2024-06-28 07:42:04,733 [INFO] - Extraction detection metrics - F1: 0.770, Precision: 0.836, Recall: 0.728, Detected-Cells: 4267
[37m2024-06-28 07:42:04,906 [INFO] - Training epoch stats:     Loss: 0.2823 - F1-Score: 0.8964 - Accuracy-Score: 0.8964 - AUROC: 0.9759 - AP: 0.9149
[37m2024-06-28 07:42:05,053 [INFO] - Validation epoch stats:   Loss: 0.3747 - F1-Score: 0.8558 - Accuracy-Score: 0.8558 - AUROC: 0.9601 - AP: 0.8473
[37m2024-06-28 07:42:05,054 [INFO] - New best model - save checkpoint
[37m2024-06-28 07:42:05,254 [INFO] - Epoch: 5/50
[37m2024-06-28 07:42:05,254 [INFO] - Extracting training cells
[37m2024-06-28 07:42:13,871 [INFO] - Extraction detection metrics - F1: 0.773, Precision: 0.838, Recall: 0.736, Detected-Cells: 4800
[37m2024-06-28 07:42:14,057 [INFO] - Training epoch stats:     Loss: 0.2320 - F1-Score: 0.9165 - Accuracy-Score: 0.9165 - AUROC: 0.9816 - AP: 0.9299
[37m2024-06-28 07:42:14,200 [INFO] - Validation epoch stats:   Loss: 0.3536 - F1-Score: 0.8575 - Accuracy-Score: 0.8575 - AUROC: 0.9625 - AP: 0.8509
[37m2024-06-28 07:42:14,201 [INFO] - New best model - save checkpoint
[37m2024-06-28 07:42:14,359 [INFO] - Epoch: 6/50
[37m2024-06-28 07:42:14,360 [INFO] - Extracting training cells
[37m2024-06-28 07:42:23,249 [INFO] - Extraction detection metrics - F1: 0.778, Precision: 0.850, Recall: 0.734, Detected-Cells: 4786
[37m2024-06-28 07:42:23,420 [INFO] - Training epoch stats:     Loss: 0.1954 - F1-Score: 0.9275 - Accuracy-Score: 0.9275 - AUROC: 0.9871 - AP: 0.9493
[37m2024-06-28 07:42:23,545 [INFO] - Validation epoch stats:   Loss: 0.3376 - F1-Score: 0.8711 - Accuracy-Score: 0.8711 - AUROC: 0.9621 - AP: 0.8539
[37m2024-06-28 07:42:23,596 [INFO] - Epoch: 7/50
[37m2024-06-28 07:42:23,596 [INFO] - Extracting training cells
[37m2024-06-28 07:42:31,787 [INFO] - Extraction detection metrics - F1: 0.790, Precision: 0.855, Recall: 0.747, Detected-Cells: 4819
[37m2024-06-28 07:42:31,950 [INFO] - Training epoch stats:     Loss: 0.2052 - F1-Score: 0.9218 - Accuracy-Score: 0.9218 - AUROC: 0.9866 - AP: 0.9401
[37m2024-06-28 07:42:32,072 [INFO] - Validation epoch stats:   Loss: 0.3383 - F1-Score: 0.8689 - Accuracy-Score: 0.8689 - AUROC: 0.9629 - AP: 0.8604
[37m2024-06-28 07:42:32,073 [INFO] - New best model - save checkpoint
[37m2024-06-28 07:42:32,228 [INFO] - Epoch: 8/50
[37m2024-06-28 07:42:32,228 [INFO] - Extracting training cells
[37m2024-06-28 07:42:41,645 [INFO] - Extraction detection metrics - F1: 0.784, Precision: 0.841, Recall: 0.750, Detected-Cells: 4573
[37m2024-06-28 07:42:41,850 [INFO] - Training epoch stats:     Loss: 0.3729 - F1-Score: 0.8670 - Accuracy-Score: 0.8670 - AUROC: 0.9673 - AP: 0.8824
[37m2024-06-28 07:42:42,039 [INFO] - Validation epoch stats:   Loss: 0.3813 - F1-Score: 0.8522 - Accuracy-Score: 0.8522 - AUROC: 0.9564 - AP: 0.8476
[37m2024-06-28 07:42:42,124 [INFO] - Epoch: 9/50
[37m2024-06-28 07:42:42,125 [INFO] - Extracting training cells
[37m2024-06-28 07:42:51,167 [INFO] - Extraction detection metrics - F1: 0.779, Precision: 0.859, Recall: 0.731, Detected-Cells: 4749
[37m2024-06-28 07:42:51,363 [INFO] - Training epoch stats:     Loss: 0.2284 - F1-Score: 0.9137 - Accuracy-Score: 0.9137 - AUROC: 0.9842 - AP: 0.9352
[37m2024-06-28 07:42:51,518 [INFO] - Validation epoch stats:   Loss: 0.3300 - F1-Score: 0.8771 - Accuracy-Score: 0.8771 - AUROC: 0.9640 - AP: 0.8605
[37m2024-06-28 07:42:51,519 [INFO] - New best model - save checkpoint
[37m2024-06-28 07:42:51,677 [INFO] - Epoch: 10/50
[37m2024-06-28 07:42:51,678 [INFO] - Extracting training cells
[37m2024-06-28 07:43:00,771 [INFO] - Extraction detection metrics - F1: 0.765, Precision: 0.840, Recall: 0.714, Detected-Cells: 3952
[37m2024-06-28 07:43:00,932 [INFO] - Training epoch stats:     Loss: 0.2754 - F1-Score: 0.9008 - Accuracy-Score: 0.9008 - AUROC: 0.9753 - AP: 0.9238
[37m2024-06-28 07:43:01,090 [INFO] - Validation epoch stats:   Loss: 0.3456 - F1-Score: 0.8687 - Accuracy-Score: 0.8687 - AUROC: 0.9606 - AP: 0.8529
[37m2024-06-28 07:43:01,156 [INFO] - Epoch: 11/50
[37m2024-06-28 07:43:01,157 [INFO] - Extracting training cells
[37m2024-06-28 07:43:09,840 [INFO] - Extraction detection metrics - F1: 0.767, Precision: 0.832, Recall: 0.723, Detected-Cells: 4531
[37m2024-06-28 07:43:10,003 [INFO] - Training epoch stats:     Loss: 0.3350 - F1-Score: 0.8645 - Accuracy-Score: 0.8645 - AUROC: 0.9724 - AP: 0.9073
[37m2024-06-28 07:43:10,127 [INFO] - Validation epoch stats:   Loss: 0.3693 - F1-Score: 0.8565 - Accuracy-Score: 0.8565 - AUROC: 0.9603 - AP: 0.8506
[37m2024-06-28 07:43:10,187 [INFO] - Epoch: 12/50
[37m2024-06-28 07:43:10,188 [INFO] - Extracting training cells
[37m2024-06-28 07:43:18,034 [INFO] - Extraction detection metrics - F1: 0.789, Precision: 0.851, Recall: 0.753, Detected-Cells: 3909
[37m2024-06-28 07:43:18,191 [INFO] - Training epoch stats:     Loss: 0.2705 - F1-Score: 0.9000 - Accuracy-Score: 0.9000 - AUROC: 0.9797 - AP: 0.9294
[37m2024-06-28 07:43:18,335 [INFO] - Validation epoch stats:   Loss: 0.3586 - F1-Score: 0.8665 - Accuracy-Score: 0.8665 - AUROC: 0.9593 - AP: 0.8555
[37m2024-06-28 07:43:18,392 [INFO] - Epoch: 13/50
[37m2024-06-28 07:43:18,392 [INFO] - Extracting training cells
[37m2024-06-28 07:43:26,803 [INFO] - Extraction detection metrics - F1: 0.788, Precision: 0.841, Recall: 0.757, Detected-Cells: 4827
[37m2024-06-28 07:43:27,216 [INFO] - Training epoch stats:     Loss: 0.2015 - F1-Score: 0.9211 - Accuracy-Score: 0.9211 - AUROC: 0.9890 - AP: 0.9491
[37m2024-06-28 07:43:27,363 [INFO] - Validation epoch stats:   Loss: 0.3384 - F1-Score: 0.8742 - Accuracy-Score: 0.8742 - AUROC: 0.9644 - AP: 0.8646
[37m2024-06-28 07:43:27,364 [INFO] - New best model - save checkpoint
[37m2024-06-28 07:43:27,540 [INFO] - Epoch: 14/50
[37m2024-06-28 07:43:27,541 [INFO] - Extracting training cells
[37m2024-06-28 07:43:35,947 [INFO] - Extraction detection metrics - F1: 0.781, Precision: 0.849, Recall: 0.743, Detected-Cells: 4831
[37m2024-06-28 07:43:36,117 [INFO] - Training epoch stats:     Loss: 0.2833 - F1-Score: 0.9114 - Accuracy-Score: 0.9114 - AUROC: 0.9785 - AP: 0.9361
[37m2024-06-28 07:43:36,273 [INFO] - Validation epoch stats:   Loss: 0.3433 - F1-Score: 0.8685 - Accuracy-Score: 0.8685 - AUROC: 0.9600 - AP: 0.8590
[37m2024-06-28 07:43:36,332 [INFO] - Epoch: 15/50
[37m2024-06-28 07:43:36,333 [INFO] - Extracting training cells
[37m2024-06-28 07:43:44,648 [INFO] - Extraction detection metrics - F1: 0.758, Precision: 0.841, Recall: 0.708, Detected-Cells: 3935
[37m2024-06-28 07:43:44,787 [INFO] - Training epoch stats:     Loss: 0.3731 - F1-Score: 0.8498 - Accuracy-Score: 0.8498 - AUROC: 0.9659 - AP: 0.9040
[37m2024-06-28 07:43:44,919 [INFO] - Validation epoch stats:   Loss: 0.3819 - F1-Score: 0.8512 - Accuracy-Score: 0.8512 - AUROC: 0.9572 - AP: 0.8491
[37m2024-06-28 07:43:44,979 [INFO] - Epoch: 16/50
[37m2024-06-28 07:43:44,980 [INFO] - Extracting training cells
[37m2024-06-28 07:43:53,530 [INFO] - Extraction detection metrics - F1: 0.776, Precision: 0.836, Recall: 0.736, Detected-Cells: 4325
[37m2024-06-28 07:43:53,679 [INFO] - Training epoch stats:     Loss: 0.2339 - F1-Score: 0.9140 - Accuracy-Score: 0.9140 - AUROC: 0.9863 - AP: 0.9555
[37m2024-06-28 07:43:53,805 [INFO] - Validation epoch stats:   Loss: 0.4157 - F1-Score: 0.8503 - Accuracy-Score: 0.8503 - AUROC: 0.9620 - AP: 0.8596
[37m2024-06-28 07:43:53,864 [INFO] - Epoch: 17/50
[37m2024-06-28 07:43:53,865 [INFO] - Extracting training cells
[37m2024-06-28 07:44:03,586 [INFO] - Extraction detection metrics - F1: 0.769, Precision: 0.845, Recall: 0.718, Detected-Cells: 4722
[37m2024-06-28 07:44:03,769 [INFO] - Training epoch stats:     Loss: 0.1779 - F1-Score: 0.9297 - Accuracy-Score: 0.9297 - AUROC: 0.9907 - AP: 0.9587
[37m2024-06-28 07:44:03,920 [INFO] - Validation epoch stats:   Loss: 0.3335 - F1-Score: 0.8754 - Accuracy-Score: 0.8754 - AUROC: 0.9672 - AP: 0.8695
[37m2024-06-28 07:44:03,921 [INFO] - New best model - save checkpoint
[37m2024-06-28 07:44:04,063 [INFO] - Epoch: 18/50
[37m2024-06-28 07:44:04,064 [INFO] - Extracting training cells
[37m2024-06-28 07:44:12,584 [INFO] - Extraction detection metrics - F1: 0.756, Precision: 0.829, Recall: 0.715, Detected-Cells: 4593
[37m2024-06-28 07:44:12,771 [INFO] - Training epoch stats:     Loss: 0.3345 - F1-Score: 0.9044 - Accuracy-Score: 0.9044 - AUROC: 0.9681 - AP: 0.9100
[37m2024-06-28 07:44:12,921 [INFO] - Validation epoch stats:   Loss: 0.3415 - F1-Score: 0.8702 - Accuracy-Score: 0.8702 - AUROC: 0.9657 - AP: 0.8667
[37m2024-06-28 07:44:12,972 [INFO] - Epoch: 19/50
[37m2024-06-28 07:44:12,973 [INFO] - Extracting training cells
[37m2024-06-28 07:44:22,338 [INFO] - Extraction detection metrics - F1: 0.765, Precision: 0.848, Recall: 0.719, Detected-Cells: 4720
[37m2024-06-28 07:44:22,527 [INFO] - Training epoch stats:     Loss: 0.2063 - F1-Score: 0.9250 - Accuracy-Score: 0.9250 - AUROC: 0.9876 - AP: 0.9464
[37m2024-06-28 07:44:22,683 [INFO] - Validation epoch stats:   Loss: 0.3164 - F1-Score: 0.8781 - Accuracy-Score: 0.8781 - AUROC: 0.9684 - AP: 0.8689
[37m2024-06-28 07:44:22,683 [INFO] - New best model - save checkpoint
[37m2024-06-28 07:44:22,861 [INFO] - Epoch: 20/50
[37m2024-06-28 07:44:22,861 [INFO] - Extracting training cells
[37m2024-06-28 07:44:31,065 [INFO] - Extraction detection metrics - F1: 0.797, Precision: 0.862, Recall: 0.761, Detected-Cells: 4943
[37m2024-06-28 07:44:31,266 [INFO] - Training epoch stats:     Loss: 0.1514 - F1-Score: 0.9434 - Accuracy-Score: 0.9434 - AUROC: 0.9930 - AP: 0.9655
[37m2024-06-28 07:44:31,415 [INFO] - Validation epoch stats:   Loss: 0.3237 - F1-Score: 0.8785 - Accuracy-Score: 0.8785 - AUROC: 0.9675 - AP: 0.8731
[37m2024-06-28 07:44:31,474 [INFO] - Epoch: 21/50
[37m2024-06-28 07:44:31,475 [INFO] - Extracting training cells
[37m2024-06-28 07:44:40,087 [INFO] - Extraction detection metrics - F1: 0.778, Precision: 0.845, Recall: 0.733, Detected-Cells: 4355
[37m2024-06-28 07:44:40,258 [INFO] - Training epoch stats:     Loss: 0.4037 - F1-Score: 0.8703 - Accuracy-Score: 0.8703 - AUROC: 0.9510 - AP: 0.8305
[37m2024-06-28 07:44:40,408 [INFO] - Validation epoch stats:   Loss: 0.3843 - F1-Score: 0.8630 - Accuracy-Score: 0.8630 - AUROC: 0.9194 - AP: 0.7347
[37m2024-06-28 07:44:40,464 [INFO] - Epoch: 22/50
[37m2024-06-28 07:44:40,465 [INFO] - Extracting training cells
[37m2024-06-28 07:44:48,643 [INFO] - Extraction detection metrics - F1: 0.786, Precision: 0.850, Recall: 0.746, Detected-Cells: 4503
[37m2024-06-28 07:44:48,823 [INFO] - Training epoch stats:     Loss: 0.2219 - F1-Score: 0.9136 - Accuracy-Score: 0.9136 - AUROC: 0.9842 - AP: 0.9312
[37m2024-06-28 07:44:48,971 [INFO] - Validation epoch stats:   Loss: 0.3283 - F1-Score: 0.8692 - Accuracy-Score: 0.8692 - AUROC: 0.9708 - AP: 0.8735
[37m2024-06-28 07:44:48,971 [INFO] - New best model - save checkpoint
[37m2024-06-28 07:44:49,141 [INFO] - Epoch: 23/50
[37m2024-06-28 07:44:49,142 [INFO] - Extracting training cells
[37m2024-06-28 07:44:58,291 [INFO] - Extraction detection metrics - F1: 0.748, Precision: 0.840, Recall: 0.696, Detected-Cells: 4082
[37m2024-06-28 07:44:58,456 [INFO] - Training epoch stats:     Loss: 0.1886 - F1-Score: 0.9265 - Accuracy-Score: 0.9265 - AUROC: 0.9892 - AP: 0.9532
[37m2024-06-28 07:44:58,618 [INFO] - Validation epoch stats:   Loss: 0.3446 - F1-Score: 0.8687 - Accuracy-Score: 0.8687 - AUROC: 0.9651 - AP: 0.8682
[37m2024-06-28 07:44:58,698 [INFO] - Epoch: 24/50
[37m2024-06-28 07:44:58,698 [INFO] - Extracting training cells
[37m2024-06-28 07:45:07,490 [INFO] - Extraction detection metrics - F1: 0.775, Precision: 0.851, Recall: 0.723, Detected-Cells: 4647
[37m2024-06-28 07:45:07,653 [INFO] - Training epoch stats:     Loss: 0.1500 - F1-Score: 0.9380 - Accuracy-Score: 0.9380 - AUROC: 0.9936 - AP: 0.9751
[37m2024-06-28 07:45:07,771 [INFO] - Validation epoch stats:   Loss: 0.3803 - F1-Score: 0.8654 - Accuracy-Score: 0.8654 - AUROC: 0.9635 - AP: 0.8621
[37m2024-06-28 07:45:07,834 [INFO] - Epoch: 25/50
[37m2024-06-28 07:45:07,834 [INFO] - Extracting training cells
[37m2024-06-28 07:45:15,736 [INFO] - Extraction detection metrics - F1: 0.794, Precision: 0.848, Recall: 0.763, Detected-Cells: 4899
[37m2024-06-28 07:45:15,927 [INFO] - Training epoch stats:     Loss: 0.1494 - F1-Score: 0.9379 - Accuracy-Score: 0.9379 - AUROC: 0.9925 - AP: 0.9696
[37m2024-06-28 07:45:16,076 [INFO] - Validation epoch stats:   Loss: 0.3505 - F1-Score: 0.8752 - Accuracy-Score: 0.8752 - AUROC: 0.9652 - AP: 0.8662
[37m2024-06-28 07:45:16,134 [INFO] - Epoch: 26/50
[37m2024-06-28 07:45:16,135 [INFO] - Extracting training cells
[37m2024-06-28 07:45:24,852 [INFO] - Extraction detection metrics - F1: 0.789, Precision: 0.854, Recall: 0.751, Detected-Cells: 4878
[37m2024-06-28 07:45:25,034 [INFO] - Training epoch stats:     Loss: 0.1345 - F1-Score: 0.9465 - Accuracy-Score: 0.9465 - AUROC: 0.9944 - AP: 0.9749
[37m2024-06-28 07:45:25,192 [INFO] - Validation epoch stats:   Loss: 0.3384 - F1-Score: 0.8771 - Accuracy-Score: 0.8771 - AUROC: 0.9664 - AP: 0.8682
[37m2024-06-28 07:45:25,250 [INFO] - Epoch: 27/50
[37m2024-06-28 07:45:25,251 [INFO] - Extracting training cells
[37m2024-06-28 07:45:33,685 [INFO] - Extraction detection metrics - F1: 0.786, Precision: 0.846, Recall: 0.748, Detected-Cells: 4866
[37m2024-06-28 07:45:33,831 [INFO] - Training epoch stats:     Loss: 0.1248 - F1-Score: 0.9484 - Accuracy-Score: 0.9484 - AUROC: 0.9951 - AP: 0.9767
[37m2024-06-28 07:45:33,957 [INFO] - Validation epoch stats:   Loss: 0.3364 - F1-Score: 0.8776 - Accuracy-Score: 0.8776 - AUROC: 0.9671 - AP: 0.8695
[37m2024-06-28 07:45:34,023 [INFO] - Epoch: 28/50
[37m2024-06-28 07:45:34,024 [INFO] - Extracting training cells
[37m2024-06-28 07:45:42,263 [INFO] - Extraction detection metrics - F1: 0.759, Precision: 0.848, Recall: 0.709, Detected-Cells: 4016
[37m2024-06-28 07:45:42,441 [INFO] - Training epoch stats:     Loss: 0.3146 - F1-Score: 0.8884 - Accuracy-Score: 0.8884 - AUROC: 0.9766 - AP: 0.9255
[37m2024-06-28 07:45:42,596 [INFO] - Validation epoch stats:   Loss: 0.3283 - F1-Score: 0.8768 - Accuracy-Score: 0.8768 - AUROC: 0.9667 - AP: 0.8695
[37m2024-06-28 07:45:42,663 [INFO] - Epoch: 29/50
[37m2024-06-28 07:45:42,664 [INFO] - Extracting training cells
[37m2024-06-28 07:45:51,201 [INFO] - Extraction detection metrics - F1: 0.753, Precision: 0.817, Recall: 0.718, Detected-Cells: 4355
[37m2024-06-28 07:45:51,388 [INFO] - Training epoch stats:     Loss: 0.2016 - F1-Score: 0.9373 - Accuracy-Score: 0.9373 - AUROC: 0.9902 - AP: 0.9130
[37m2024-06-28 07:45:51,540 [INFO] - Validation epoch stats:   Loss: 0.3395 - F1-Score: 0.8747 - Accuracy-Score: 0.8747 - AUROC: 0.9656 - AP: 0.8692
[37m2024-06-28 07:45:51,594 [INFO] - Epoch: 30/50
[37m2024-06-28 07:45:51,594 [INFO] - Extracting training cells
[37m2024-06-28 07:46:00,425 [INFO] - Extraction detection metrics - F1: 0.773, Precision: 0.839, Recall: 0.730, Detected-Cells: 4714
[37m2024-06-28 07:46:00,608 [INFO] - Training epoch stats:     Loss: 0.1347 - F1-Score: 0.9485 - Accuracy-Score: 0.9485 - AUROC: 0.9946 - AP: 0.9774
[37m2024-06-28 07:46:00,733 [INFO] - Validation epoch stats:   Loss: 0.3305 - F1-Score: 0.8797 - Accuracy-Score: 0.8797 - AUROC: 0.9668 - AP: 0.8698
[37m2024-06-28 07:46:00,790 [INFO] - Epoch: 31/50
[37m2024-06-28 07:46:00,791 [INFO] - Extracting training cells
[37m2024-06-28 07:46:09,639 [INFO] - Extraction detection metrics - F1: 0.737, Precision: 0.796, Recall: 0.697, Detected-Cells: 3329
[37m2024-06-28 07:46:09,843 [INFO] - Training epoch stats:     Loss: 0.1853 - F1-Score: 0.9213 - Accuracy-Score: 0.9213 - AUROC: 0.9898 - AP: 0.9558
[37m2024-06-28 07:46:09,993 [INFO] - Validation epoch stats:   Loss: 0.3282 - F1-Score: 0.8811 - Accuracy-Score: 0.8811 - AUROC: 0.9674 - AP: 0.8707
[37m2024-06-28 07:46:10,055 [INFO] - Epoch: 32/50
[37m2024-06-28 07:46:10,056 [INFO] - Extracting training cells
[37m2024-06-28 07:46:18,845 [INFO] - Extraction detection metrics - F1: 0.783, Precision: 0.855, Recall: 0.738, Detected-Cells: 4766
[37m2024-06-28 07:46:19,007 [INFO] - Training epoch stats:     Loss: 0.1319 - F1-Score: 0.9488 - Accuracy-Score: 0.9488 - AUROC: 0.9950 - AP: 0.9795
[37m2024-06-28 07:46:19,132 [INFO] - Validation epoch stats:   Loss: 0.3273 - F1-Score: 0.8836 - Accuracy-Score: 0.8836 - AUROC: 0.9675 - AP: 0.8714
[37m2024-06-28 07:46:19,186 [INFO] - Epoch: 33/50
[37m2024-06-28 07:46:19,186 [INFO] - Extracting training cells
[37m2024-06-28 07:46:27,578 [INFO] - Extraction detection metrics - F1: 0.782, Precision: 0.856, Recall: 0.741, Detected-Cells: 4845
[37m2024-06-28 07:46:27,746 [INFO] - Training epoch stats:     Loss: 0.1208 - F1-Score: 0.9536 - Accuracy-Score: 0.9536 - AUROC: 0.9957 - AP: 0.9817
[37m2024-06-28 07:46:27,865 [INFO] - Validation epoch stats:   Loss: 0.3284 - F1-Score: 0.8812 - Accuracy-Score: 0.8812 - AUROC: 0.9667 - AP: 0.8716
[37m2024-06-28 07:46:27,921 [INFO] - Epoch: 34/50
[37m2024-06-28 07:46:27,921 [INFO] - Extracting training cells
[37m2024-06-28 07:46:36,183 [INFO] - Extraction detection metrics - F1: 0.782, Precision: 0.845, Recall: 0.741, Detected-Cells: 4831
[37m2024-06-28 07:46:36,373 [INFO] - Training epoch stats:     Loss: 0.1223 - F1-Score: 0.9518 - Accuracy-Score: 0.9518 - AUROC: 0.9953 - AP: 0.9790
[37m2024-06-28 07:46:36,524 [INFO] - Validation epoch stats:   Loss: 0.3266 - F1-Score: 0.8814 - Accuracy-Score: 0.8814 - AUROC: 0.9673 - AP: 0.8721
[37m2024-06-28 07:46:36,589 [INFO] - Epoch: 35/50
[37m2024-06-28 07:46:36,590 [INFO] - Extracting training cells
[37m2024-06-28 07:46:45,286 [INFO] - Extraction detection metrics - F1: 0.754, Precision: 0.825, Recall: 0.724, Detected-Cells: 4577
[37m2024-06-28 07:46:45,474 [INFO] - Training epoch stats:     Loss: 0.1595 - F1-Score: 0.9412 - Accuracy-Score: 0.9412 - AUROC: 0.9937 - AP: 0.9802
[37m2024-06-28 07:46:45,624 [INFO] - Validation epoch stats:   Loss: 0.3279 - F1-Score: 0.8807 - Accuracy-Score: 0.8807 - AUROC: 0.9674 - AP: 0.8727
[37m2024-06-28 07:46:45,686 [INFO] - Epoch: 36/50
[37m2024-06-28 07:46:45,687 [INFO] - Extracting training cells
[37m2024-06-28 07:46:54,686 [INFO] - Extraction detection metrics - F1: 0.763, Precision: 0.854, Recall: 0.707, Detected-Cells: 4598
[37m2024-06-28 07:46:54,869 [INFO] - Training epoch stats:     Loss: 0.1537 - F1-Score: 0.9432 - Accuracy-Score: 0.9432 - AUROC: 0.9930 - AP: 0.9739
[37m2024-06-28 07:46:55,018 [INFO] - Validation epoch stats:   Loss: 0.3229 - F1-Score: 0.8836 - Accuracy-Score: 0.8836 - AUROC: 0.9674 - AP: 0.8724
[37m2024-06-28 07:46:55,071 [INFO] - Epoch: 37/50
[37m2024-06-28 07:46:55,072 [INFO] - Extracting training cells
[37m2024-06-28 07:47:03,781 [INFO] - Extraction detection metrics - F1: 0.797, Precision: 0.846, Recall: 0.763, Detected-Cells: 4797
[37m2024-06-28 07:47:03,967 [INFO] - Training epoch stats:     Loss: 0.3886 - F1-Score: 0.9079 - Accuracy-Score: 0.9079 - AUROC: 0.9681 - AP: 0.9001
[37m2024-06-28 07:47:04,117 [INFO] - Validation epoch stats:   Loss: 0.3191 - F1-Score: 0.8814 - Accuracy-Score: 0.8814 - AUROC: 0.9673 - AP: 0.8724
[37m2024-06-28 07:47:04,178 [INFO] - Epoch: 38/50
[37m2024-06-28 07:47:04,178 [INFO] - Extracting training cells
[37m2024-06-28 07:47:12,502 [INFO] - Extraction detection metrics - F1: 0.785, Precision: 0.848, Recall: 0.743, Detected-Cells: 4787
[37m2024-06-28 07:47:12,702 [INFO] - Training epoch stats:     Loss: 0.1404 - F1-Score: 0.9509 - Accuracy-Score: 0.9509 - AUROC: 0.9929 - AP: 0.9693
[37m2024-06-28 07:47:12,828 [INFO] - Validation epoch stats:   Loss: 0.3160 - F1-Score: 0.8826 - Accuracy-Score: 0.8826 - AUROC: 0.9679 - AP: 0.8730
[37m2024-06-28 07:47:12,900 [INFO] - Epoch: 39/50
[37m2024-06-28 07:47:12,901 [INFO] - Extracting training cells
[37m2024-06-28 07:47:21,408 [INFO] - Extraction detection metrics - F1: 0.750, Precision: 0.831, Recall: 0.705, Detected-Cells: 4556
[37m2024-06-28 07:47:21,582 [INFO] - Training epoch stats:     Loss: 0.2838 - F1-Score: 0.9091 - Accuracy-Score: 0.9091 - AUROC: 0.9743 - AP: 0.9132
[37m2024-06-28 07:47:21,726 [INFO] - Validation epoch stats:   Loss: 0.3164 - F1-Score: 0.8814 - Accuracy-Score: 0.8814 - AUROC: 0.9675 - AP: 0.8712
[37m2024-06-28 07:47:21,779 [INFO] - Epoch: 40/50
[37m2024-06-28 07:47:21,779 [INFO] - Extracting training cells
[37m2024-06-28 07:47:30,278 [INFO] - Extraction detection metrics - F1: 0.776, Precision: 0.850, Recall: 0.726, Detected-Cells: 4599
[37m2024-06-28 07:47:30,445 [INFO] - Training epoch stats:     Loss: 0.1465 - F1-Score: 0.9498 - Accuracy-Score: 0.9498 - AUROC: 0.9950 - AP: 0.9772
[37m2024-06-28 07:47:30,565 [INFO] - Validation epoch stats:   Loss: 0.3187 - F1-Score: 0.8797 - Accuracy-Score: 0.8797 - AUROC: 0.9683 - AP: 0.8726
[37m2024-06-28 07:47:30,619 [INFO] - Epoch: 41/50
[37m2024-06-28 07:47:30,620 [INFO] - Extracting training cells
[37m2024-06-28 07:47:39,324 [INFO] - Extraction detection metrics - F1: 0.789, Precision: 0.867, Recall: 0.740, Detected-Cells: 4741
[37m2024-06-28 07:47:39,507 [INFO] - Training epoch stats:     Loss: 0.1563 - F1-Score: 0.9395 - Accuracy-Score: 0.9395 - AUROC: 0.9934 - AP: 0.9741
[37m2024-06-28 07:47:39,633 [INFO] - Validation epoch stats:   Loss: 0.3172 - F1-Score: 0.8833 - Accuracy-Score: 0.8833 - AUROC: 0.9689 - AP: 0.8741
[37m2024-06-28 07:47:39,695 [INFO] - Epoch: 42/50
[37m2024-06-28 07:47:39,695 [INFO] - Extracting training cells
[37m2024-06-28 07:47:48,073 [INFO] - Extraction detection metrics - F1: 0.778, Precision: 0.844, Recall: 0.735, Detected-Cells: 4674
[37m2024-06-28 07:47:48,268 [INFO] - Training epoch stats:     Loss: 0.2073 - F1-Score: 0.9435 - Accuracy-Score: 0.9435 - AUROC: 0.9903 - AP: 0.9728
[37m2024-06-28 07:47:48,413 [INFO] - Validation epoch stats:   Loss: 0.3211 - F1-Score: 0.8831 - Accuracy-Score: 0.8831 - AUROC: 0.9686 - AP: 0.8730
[37m2024-06-28 07:47:48,414 [INFO] - Performing early stopping!
[37m2024-06-28 07:47:48,419 [INFO] - Finished run wdkm92s5
