[37m2024-06-28 07:17:17,665 [INFO] - Instantiated Logger. WandB init and config update finished.
[37m2024-06-28 07:17:17,667 [INFO] - Run ist stored here: /cellvit/logs_paper/Head-Evaluation/CoNSeP/SAM-H/Amount-DA/2024-06-28T071709_Amount-7-Seed-2
[37m2024-06-28 07:17:18,195 [INFO] - Cuda devices: [<torch.cuda.device object at 0x7f78e235c7c0>]
[37m2024-06-28 07:17:18,196 [INFO] - Using GPU: cuda:0
[37m2024-06-28 07:17:18,208 [INFO] - Using device: cuda:0
[37m2024-06-28 07:17:18,216 [INFO] - Loss function:
[37m2024-06-28 07:17:18,223 [INFO] - CrossEntropyLoss()
[37m2024-06-28 07:17:36,176 [INFO] - <All keys matched successfully>
[37m2024-06-28 07:17:37,263 [INFO] -
==========================================================================================
Layer (type:depth-idx)                   Output Shape              Param #
==========================================================================================
LinearClassifier                         [1, 4]                    --
├─Linear: 1-1                            [1, 128]                  163,968
├─ReLU: 1-2                              [1, 128]                  --
├─Dropout: 1-3                           [1, 128]                  --
├─Linear: 1-4                            [1, 4]                    516
==========================================================================================
Total params: 164,484
Trainable params: 164,484
Non-trainable params: 0
Total mult-adds (M): 0.16
==========================================================================================
Input size (MB): 0.01
Forward/backward pass size (MB): 0.00
Params size (MB): 0.66
Estimated Total Size (MB): 0.66
==========================================================================================
[37m2024-06-28 07:17:37,265 [INFO] - Loaded AdamW Optimizer with following hyperparameters:
[37m2024-06-28 07:17:37,269 [INFO] - {'betas': [0.85, 0.9], 'lr': 0.0005, 'weight_decay': 0.0005}
[37m2024-06-28 07:17:37,274 [INFO] - Using early stopping with a range of 20 and maximize strategy
[37m2024-06-28 07:17:37,289 [INFO] - Caching datasets
[37m2024-06-28 07:17:38,146 [INFO] - Instantiate Trainer
[37m2024-06-28 07:17:38,150 [INFO] - Calling Trainer Fit
[37m2024-06-28 07:17:38,152 [INFO] - Starting training, total number of epochs: 50
[37m2024-06-28 07:17:38,156 [INFO] - Epoch: 1/50
[37m2024-06-28 07:17:38,161 [INFO] - Extracting training cells
[37m2024-06-28 07:17:47,339 [INFO] - Extraction detection metrics - F1: 0.723, Precision: 0.829, Recall: 0.667, Detected-Cells: 2925
[37m2024-06-28 07:17:47,634 [INFO] - Training epoch stats:     Loss: 0.6358 - F1-Score: 0.7655 - Accuracy-Score: 0.7655 - AUROC: 0.8671 - AP: 0.6684
[37m2024-06-28 07:17:48,975 [INFO] - Loaded dataset from cache: /Consep/cache/1f728da27af6daed7b166ce5447f5dec18916e3679cb7b74ddaefb4a67df10d2.h5
[37m2024-06-28 07:17:49,098 [INFO] - Validation epoch stats:   Loss: 0.4476 - F1-Score: 0.8417 - Accuracy-Score: 0.8417 - AUROC: 0.9434 - AP: 0.8154
[37m2024-06-28 07:17:49,099 [INFO] - New best model - save checkpoint
[37m2024-06-28 07:17:49,250 [INFO] - Epoch: 2/50
[37m2024-06-28 07:17:49,251 [INFO] - Extracting training cells
[37m2024-06-28 07:17:54,897 [INFO] - Extraction detection metrics - F1: 0.790, Precision: 0.854, Recall: 0.743, Detected-Cells: 3075
[37m2024-06-28 07:17:55,032 [INFO] - Training epoch stats:     Loss: 0.3109 - F1-Score: 0.8888 - Accuracy-Score: 0.8888 - AUROC: 0.9701 - AP: 0.8475
[37m2024-06-28 07:17:55,173 [INFO] - Validation epoch stats:   Loss: 0.4261 - F1-Score: 0.8407 - Accuracy-Score: 0.8407 - AUROC: 0.9468 - AP: 0.8253
[37m2024-06-28 07:17:55,174 [INFO] - New best model - save checkpoint
[37m2024-06-28 07:17:55,373 [INFO] - Epoch: 3/50
[37m2024-06-28 07:17:55,374 [INFO] - Extracting training cells
[37m2024-06-28 07:18:01,287 [INFO] - Extraction detection metrics - F1: 0.765, Precision: 0.832, Recall: 0.730, Detected-Cells: 2958
[37m2024-06-28 07:18:01,401 [INFO] - Training epoch stats:     Loss: 0.4136 - F1-Score: 0.8682 - Accuracy-Score: 0.8682 - AUROC: 0.9604 - AP: 0.8790
[37m2024-06-28 07:18:01,546 [INFO] - Validation epoch stats:   Loss: 0.4445 - F1-Score: 0.8453 - Accuracy-Score: 0.8453 - AUROC: 0.9487 - AP: 0.8318
[37m2024-06-28 07:18:01,547 [INFO] - New best model - save checkpoint
[37m2024-06-28 07:18:01,774 [INFO] - Epoch: 4/50
[37m2024-06-28 07:18:01,775 [INFO] - Extracting training cells
[37m2024-06-28 07:18:08,398 [INFO] - Extraction detection metrics - F1: 0.745, Precision: 0.860, Recall: 0.686, Detected-Cells: 3054
[37m2024-06-28 07:18:08,848 [INFO] - Training epoch stats:     Loss: 0.3048 - F1-Score: 0.8965 - Accuracy-Score: 0.8965 - AUROC: 0.9722 - AP: 0.9022
[37m2024-06-28 07:18:08,991 [INFO] - Validation epoch stats:   Loss: 0.3889 - F1-Score: 0.8565 - Accuracy-Score: 0.8565 - AUROC: 0.9545 - AP: 0.8364
[37m2024-06-28 07:18:08,992 [INFO] - New best model - save checkpoint
[37m2024-06-28 07:18:09,168 [INFO] - Epoch: 5/50
[37m2024-06-28 07:18:09,169 [INFO] - Extracting training cells
[37m2024-06-28 07:18:14,990 [INFO] - Extraction detection metrics - F1: 0.770, Precision: 0.852, Recall: 0.715, Detected-Cells: 3093
[37m2024-06-28 07:18:15,118 [INFO] - Training epoch stats:     Loss: 0.2685 - F1-Score: 0.9072 - Accuracy-Score: 0.9072 - AUROC: 0.9822 - AP: 0.9128
[37m2024-06-28 07:18:15,260 [INFO] - Validation epoch stats:   Loss: 0.4123 - F1-Score: 0.8503 - Accuracy-Score: 0.8503 - AUROC: 0.9522 - AP: 0.8378
[37m2024-06-28 07:18:15,320 [INFO] - Epoch: 6/50
[37m2024-06-28 07:18:15,321 [INFO] - Extracting training cells
[37m2024-06-28 07:18:21,725 [INFO] - Extraction detection metrics - F1: 0.724, Precision: 0.829, Recall: 0.664, Detected-Cells: 2936
[37m2024-06-28 07:18:21,841 [INFO] - Training epoch stats:     Loss: 0.2588 - F1-Score: 0.9074 - Accuracy-Score: 0.9074 - AUROC: 0.9798 - AP: 0.9240
[37m2024-06-28 07:18:21,984 [INFO] - Validation epoch stats:   Loss: 0.3768 - F1-Score: 0.8639 - Accuracy-Score: 0.8639 - AUROC: 0.9548 - AP: 0.8440
[37m2024-06-28 07:18:21,985 [INFO] - New best model - save checkpoint
[37m2024-06-28 07:18:22,150 [INFO] - Epoch: 7/50
[37m2024-06-28 07:18:22,151 [INFO] - Extracting training cells
[37m2024-06-28 07:18:28,057 [INFO] - Extraction detection metrics - F1: 0.767, Precision: 0.867, Recall: 0.712, Detected-Cells: 3064
[37m2024-06-28 07:18:28,199 [INFO] - Training epoch stats:     Loss: 0.2026 - F1-Score: 0.9262 - Accuracy-Score: 0.9262 - AUROC: 0.9865 - AP: 0.9461
[37m2024-06-28 07:18:28,341 [INFO] - Validation epoch stats:   Loss: 0.3885 - F1-Score: 0.8574 - Accuracy-Score: 0.8574 - AUROC: 0.9556 - AP: 0.8378
[37m2024-06-28 07:18:28,342 [INFO] - New best model - save checkpoint
[37m2024-06-28 07:18:28,501 [INFO] - Epoch: 8/50
[37m2024-06-28 07:18:28,502 [INFO] - Extracting training cells
[37m2024-06-28 07:18:34,761 [INFO] - Extraction detection metrics - F1: 0.770, Precision: 0.849, Recall: 0.727, Detected-Cells: 3051
[37m2024-06-28 07:18:34,903 [INFO] - Training epoch stats:     Loss: 0.3086 - F1-Score: 0.8951 - Accuracy-Score: 0.8951 - AUROC: 0.9659 - AP: 0.8632
[37m2024-06-28 07:18:35,066 [INFO] - Validation epoch stats:   Loss: 0.4164 - F1-Score: 0.8467 - Accuracy-Score: 0.8467 - AUROC: 0.9557 - AP: 0.7736
[37m2024-06-28 07:18:35,067 [INFO] - New best model - save checkpoint
[37m2024-06-28 07:18:35,236 [INFO] - Epoch: 9/50
[37m2024-06-28 07:18:35,237 [INFO] - Extracting training cells
[37m2024-06-28 07:18:41,447 [INFO] - Extraction detection metrics - F1: 0.752, Precision: 0.849, Recall: 0.693, Detected-Cells: 3003
[37m2024-06-28 07:18:41,579 [INFO] - Training epoch stats:     Loss: 0.2219 - F1-Score: 0.9224 - Accuracy-Score: 0.9224 - AUROC: 0.9867 - AP: 0.9354
[37m2024-06-28 07:18:41,723 [INFO] - Validation epoch stats:   Loss: 0.4085 - F1-Score: 0.8483 - Accuracy-Score: 0.8483 - AUROC: 0.9613 - AP: 0.8508
[37m2024-06-28 07:18:41,724 [INFO] - New best model - save checkpoint
[37m2024-06-28 07:18:41,869 [INFO] - Epoch: 10/50
[37m2024-06-28 07:18:41,869 [INFO] - Extracting training cells
[37m2024-06-28 07:18:47,937 [INFO] - Extraction detection metrics - F1: 0.751, Precision: 0.861, Recall: 0.686, Detected-Cells: 2947
[37m2024-06-28 07:18:48,055 [INFO] - Training epoch stats:     Loss: 0.2492 - F1-Score: 0.9046 - Accuracy-Score: 0.9046 - AUROC: 0.9822 - AP: 0.9278
[37m2024-06-28 07:18:48,191 [INFO] - Validation epoch stats:   Loss: 0.3892 - F1-Score: 0.8553 - Accuracy-Score: 0.8553 - AUROC: 0.9566 - AP: 0.8486
[37m2024-06-28 07:18:48,245 [INFO] - Epoch: 11/50
[37m2024-06-28 07:18:48,246 [INFO] - Extracting training cells
[37m2024-06-28 07:18:54,225 [INFO] - Extraction detection metrics - F1: 0.737, Precision: 0.824, Recall: 0.694, Detected-Cells: 2882
[37m2024-06-28 07:18:54,358 [INFO] - Training epoch stats:     Loss: 0.3677 - F1-Score: 0.8761 - Accuracy-Score: 0.8761 - AUROC: 0.9575 - AP: 0.8331
[37m2024-06-28 07:18:54,497 [INFO] - Validation epoch stats:   Loss: 0.4730 - F1-Score: 0.8210 - Accuracy-Score: 0.8210 - AUROC: 0.9548 - AP: 0.7687
[37m2024-06-28 07:18:54,550 [INFO] - Epoch: 12/50
[37m2024-06-28 07:18:54,551 [INFO] - Extracting training cells
[37m2024-06-28 07:18:59,494 [INFO] - Extraction detection metrics - F1: 0.743, Precision: 0.846, Recall: 0.686, Detected-Cells: 2303
[37m2024-06-28 07:18:59,595 [INFO] - Training epoch stats:     Loss: 0.3294 - F1-Score: 0.8897 - Accuracy-Score: 0.8897 - AUROC: 0.9727 - AP: 0.9250
[37m2024-06-28 07:18:59,737 [INFO] - Validation epoch stats:   Loss: 0.4310 - F1-Score: 0.8356 - Accuracy-Score: 0.8356 - AUROC: 0.9445 - AP: 0.7286
[37m2024-06-28 07:18:59,795 [INFO] - Epoch: 13/50
[37m2024-06-28 07:18:59,795 [INFO] - Extracting training cells
[37m2024-06-28 07:19:05,281 [INFO] - Extraction detection metrics - F1: 0.745, Precision: 0.841, Recall: 0.691, Detected-Cells: 2802
[37m2024-06-28 07:19:05,404 [INFO] - Training epoch stats:     Loss: 0.5508 - F1-Score: 0.8194 - Accuracy-Score: 0.8194 - AUROC: 0.9287 - AP: 0.7958
[37m2024-06-28 07:19:05,539 [INFO] - Validation epoch stats:   Loss: 0.4444 - F1-Score: 0.8266 - Accuracy-Score: 0.8266 - AUROC: 0.9571 - AP: 0.8514
[37m2024-06-28 07:19:05,596 [INFO] - Epoch: 14/50
[37m2024-06-28 07:19:05,596 [INFO] - Extracting training cells
[37m2024-06-28 07:19:11,183 [INFO] - Extraction detection metrics - F1: 0.762, Precision: 0.852, Recall: 0.710, Detected-Cells: 3106
[37m2024-06-28 07:19:11,328 [INFO] - Training epoch stats:     Loss: 0.2485 - F1-Score: 0.9160 - Accuracy-Score: 0.9160 - AUROC: 0.9844 - AP: 0.9382
[37m2024-06-28 07:19:11,475 [INFO] - Validation epoch stats:   Loss: 0.3748 - F1-Score: 0.8706 - Accuracy-Score: 0.8706 - AUROC: 0.9612 - AP: 0.8523
[37m2024-06-28 07:19:11,530 [INFO] - Epoch: 15/50
[37m2024-06-28 07:19:11,531 [INFO] - Extracting training cells
[37m2024-06-28 07:19:17,530 [INFO] - Extraction detection metrics - F1: 0.759, Precision: 0.840, Recall: 0.703, Detected-Cells: 2509
[37m2024-06-28 07:19:17,623 [INFO] - Training epoch stats:     Loss: 0.5459 - F1-Score: 0.8350 - Accuracy-Score: 0.8350 - AUROC: 0.9458 - AP: 0.8302
[37m2024-06-28 07:19:17,765 [INFO] - Validation epoch stats:   Loss: 0.3752 - F1-Score: 0.8510 - Accuracy-Score: 0.8510 - AUROC: 0.9589 - AP: 0.8024
[37m2024-06-28 07:19:17,825 [INFO] - Epoch: 16/50
[37m2024-06-28 07:19:17,826 [INFO] - Extracting training cells
[37m2024-06-28 07:19:23,751 [INFO] - Extraction detection metrics - F1: 0.731, Precision: 0.816, Recall: 0.680, Detected-Cells: 2651
[37m2024-06-28 07:19:23,889 [INFO] - Training epoch stats:     Loss: 0.4166 - F1-Score: 0.8370 - Accuracy-Score: 0.8370 - AUROC: 0.9578 - AP: 0.8602
[37m2024-06-28 07:19:24,037 [INFO] - Validation epoch stats:   Loss: 0.3788 - F1-Score: 0.8551 - Accuracy-Score: 0.8551 - AUROC: 0.9614 - AP: 0.8555
[37m2024-06-28 07:19:24,038 [INFO] - New best model - save checkpoint
[37m2024-06-28 07:19:24,194 [INFO] - Epoch: 17/50
[37m2024-06-28 07:19:24,195 [INFO] - Extracting training cells
[37m2024-06-28 07:19:31,074 [INFO] - Extraction detection metrics - F1: 0.762, Precision: 0.859, Recall: 0.714, Detected-Cells: 3156
[37m2024-06-28 07:19:31,178 [INFO] - Training epoch stats:     Loss: 0.2199 - F1-Score: 0.9255 - Accuracy-Score: 0.9255 - AUROC: 0.9874 - AP: 0.9474
[37m2024-06-28 07:19:31,289 [INFO] - Validation epoch stats:   Loss: 0.3823 - F1-Score: 0.8653 - Accuracy-Score: 0.8653 - AUROC: 0.9604 - AP: 0.8508
[37m2024-06-28 07:19:31,341 [INFO] - Epoch: 18/50
[37m2024-06-28 07:19:31,341 [INFO] - Extracting training cells
[37m2024-06-28 07:19:37,707 [INFO] - Extraction detection metrics - F1: 0.773, Precision: 0.856, Recall: 0.731, Detected-Cells: 3208
[37m2024-06-28 07:19:37,835 [INFO] - Training epoch stats:     Loss: 0.1610 - F1-Score: 0.9414 - Accuracy-Score: 0.9414 - AUROC: 0.9919 - AP: 0.9640
[37m2024-06-28 07:19:38,001 [INFO] - Validation epoch stats:   Loss: 0.4015 - F1-Score: 0.8514 - Accuracy-Score: 0.8514 - AUROC: 0.9610 - AP: 0.8511
[37m2024-06-28 07:19:38,056 [INFO] - Epoch: 19/50
[37m2024-06-28 07:19:38,057 [INFO] - Extracting training cells
[37m2024-06-28 07:19:43,896 [INFO] - Extraction detection metrics - F1: 0.753, Precision: 0.854, Recall: 0.705, Detected-Cells: 3106
[37m2024-06-28 07:19:44,234 [INFO] - Training epoch stats:     Loss: 0.1680 - F1-Score: 0.9334 - Accuracy-Score: 0.9334 - AUROC: 0.9906 - AP: 0.9583
[37m2024-06-28 07:19:44,375 [INFO] - Validation epoch stats:   Loss: 0.4339 - F1-Score: 0.8368 - Accuracy-Score: 0.8368 - AUROC: 0.9598 - AP: 0.8519
[37m2024-06-28 07:19:44,430 [INFO] - Epoch: 20/50
[37m2024-06-28 07:19:44,430 [INFO] - Extracting training cells
[37m2024-06-28 07:19:49,898 [INFO] - Extraction detection metrics - F1: 0.786, Precision: 0.856, Recall: 0.746, Detected-Cells: 3227
[37m2024-06-28 07:19:50,045 [INFO] - Training epoch stats:     Loss: 0.1561 - F1-Score: 0.9442 - Accuracy-Score: 0.9442 - AUROC: 0.9927 - AP: 0.9679
[37m2024-06-28 07:19:50,185 [INFO] - Validation epoch stats:   Loss: 0.3721 - F1-Score: 0.8601 - Accuracy-Score: 0.8601 - AUROC: 0.9611 - AP: 0.8525
[37m2024-06-28 07:19:50,244 [INFO] - Epoch: 21/50
[37m2024-06-28 07:19:50,245 [INFO] - Extracting training cells
[37m2024-06-28 07:19:56,358 [INFO] - Extraction detection metrics - F1: 0.731, Precision: 0.827, Recall: 0.682, Detected-Cells: 2982
[37m2024-06-28 07:19:56,471 [INFO] - Training epoch stats:     Loss: 0.1918 - F1-Score: 0.9286 - Accuracy-Score: 0.9286 - AUROC: 0.9880 - AP: 0.9510
[37m2024-06-28 07:19:56,582 [INFO] - Validation epoch stats:   Loss: 0.3778 - F1-Score: 0.8563 - Accuracy-Score: 0.8563 - AUROC: 0.9593 - AP: 0.8533
[37m2024-06-28 07:19:56,634 [INFO] - Epoch: 22/50
[37m2024-06-28 07:19:56,634 [INFO] - Extracting training cells
[37m2024-06-28 07:20:01,843 [INFO] - Extraction detection metrics - F1: 0.749, Precision: 0.848, Recall: 0.692, Detected-Cells: 2869
[37m2024-06-28 07:20:01,972 [INFO] - Training epoch stats:     Loss: 0.2427 - F1-Score: 0.9035 - Accuracy-Score: 0.9035 - AUROC: 0.9860 - AP: 0.9534
[37m2024-06-28 07:20:02,111 [INFO] - Validation epoch stats:   Loss: 0.4291 - F1-Score: 0.8373 - Accuracy-Score: 0.8373 - AUROC: 0.9495 - AP: 0.8366
[37m2024-06-28 07:20:02,162 [INFO] - Epoch: 23/50
[37m2024-06-28 07:20:02,162 [INFO] - Extracting training cells
[37m2024-06-28 07:20:08,180 [INFO] - Extraction detection metrics - F1: 0.743, Precision: 0.838, Recall: 0.689, Detected-Cells: 2674
[37m2024-06-28 07:20:08,307 [INFO] - Training epoch stats:     Loss: 0.2144 - F1-Score: 0.9278 - Accuracy-Score: 0.9278 - AUROC: 0.9868 - AP: 0.9295
[37m2024-06-28 07:20:08,445 [INFO] - Validation epoch stats:   Loss: 0.4198 - F1-Score: 0.8424 - Accuracy-Score: 0.8424 - AUROC: 0.9526 - AP: 0.8338
[37m2024-06-28 07:20:08,501 [INFO] - Epoch: 24/50
[37m2024-06-28 07:20:08,501 [INFO] - Extracting training cells
[37m2024-06-28 07:20:14,302 [INFO] - Extraction detection metrics - F1: 0.720, Precision: 0.823, Recall: 0.657, Detected-Cells: 2869
[37m2024-06-28 07:20:14,424 [INFO] - Training epoch stats:     Loss: 0.1555 - F1-Score: 0.9394 - Accuracy-Score: 0.9394 - AUROC: 0.9939 - AP: 0.9747
[37m2024-06-28 07:20:14,565 [INFO] - Validation epoch stats:   Loss: 0.4983 - F1-Score: 0.8232 - Accuracy-Score: 0.8232 - AUROC: 0.9506 - AP: 0.8412
[37m2024-06-28 07:20:14,637 [INFO] - Epoch: 25/50
[37m2024-06-28 07:20:14,637 [INFO] - Extracting training cells
[37m2024-06-28 07:20:20,409 [INFO] - Extraction detection metrics - F1: 0.779, Precision: 0.858, Recall: 0.732, Detected-Cells: 3146
[37m2024-06-28 07:20:20,547 [INFO] - Training epoch stats:     Loss: 0.1380 - F1-Score: 0.9501 - Accuracy-Score: 0.9501 - AUROC: 0.9952 - AP: 0.9799
[37m2024-06-28 07:20:20,702 [INFO] - Validation epoch stats:   Loss: 0.4062 - F1-Score: 0.8553 - Accuracy-Score: 0.8553 - AUROC: 0.9556 - AP: 0.8443
[37m2024-06-28 07:20:20,755 [INFO] - Epoch: 26/50
[37m2024-06-28 07:20:20,755 [INFO] - Extracting training cells
[37m2024-06-28 07:20:26,843 [INFO] - Extraction detection metrics - F1: 0.773, Precision: 0.863, Recall: 0.722, Detected-Cells: 3183
[37m2024-06-28 07:20:26,973 [INFO] - Training epoch stats:     Loss: 0.1385 - F1-Score: 0.9488 - Accuracy-Score: 0.9488 - AUROC: 0.9945 - AP: 0.9775
[37m2024-06-28 07:20:27,126 [INFO] - Validation epoch stats:   Loss: 0.4105 - F1-Score: 0.8550 - Accuracy-Score: 0.8550 - AUROC: 0.9563 - AP: 0.8438
[37m2024-06-28 07:20:27,182 [INFO] - Epoch: 27/50
[37m2024-06-28 07:20:27,183 [INFO] - Extracting training cells
[37m2024-06-28 07:20:33,447 [INFO] - Extraction detection metrics - F1: 0.774, Precision: 0.852, Recall: 0.723, Detected-Cells: 3122
[37m2024-06-28 07:20:33,587 [INFO] - Training epoch stats:     Loss: 0.1358 - F1-Score: 0.9510 - Accuracy-Score: 0.9510 - AUROC: 0.9947 - AP: 0.9757
[37m2024-06-28 07:20:33,727 [INFO] - Validation epoch stats:   Loss: 0.4162 - F1-Score: 0.8495 - Accuracy-Score: 0.8495 - AUROC: 0.9555 - AP: 0.8440
[37m2024-06-28 07:20:33,795 [INFO] - Epoch: 28/50
[37m2024-06-28 07:20:33,796 [INFO] - Extracting training cells
[37m2024-06-28 07:20:39,207 [INFO] - Extraction detection metrics - F1: 0.717, Precision: 0.804, Recall: 0.668, Detected-Cells: 1817
[37m2024-06-28 07:20:39,295 [INFO] - Training epoch stats:     Loss: 0.6507 - F1-Score: 0.8035 - Accuracy-Score: 0.8035 - AUROC: 0.9341 - AP: 0.8200
[37m2024-06-28 07:20:39,408 [INFO] - Validation epoch stats:   Loss: 0.4030 - F1-Score: 0.8507 - Accuracy-Score: 0.8507 - AUROC: 0.9550 - AP: 0.8431
[37m2024-06-28 07:20:39,473 [INFO] - Epoch: 29/50
[37m2024-06-28 07:20:39,474 [INFO] - Extracting training cells
[37m2024-06-28 07:20:44,435 [INFO] - Extraction detection metrics - F1: 0.738, Precision: 0.815, Recall: 0.696, Detected-Cells: 2984
[37m2024-06-28 07:20:44,564 [INFO] - Training epoch stats:     Loss: 0.2509 - F1-Score: 0.9062 - Accuracy-Score: 0.9062 - AUROC: 0.9821 - AP: 0.9323
[37m2024-06-28 07:20:44,678 [INFO] - Validation epoch stats:   Loss: 0.3925 - F1-Score: 0.8503 - Accuracy-Score: 0.8503 - AUROC: 0.9541 - AP: 0.8412
[37m2024-06-28 07:20:44,745 [INFO] - Epoch: 30/50
[37m2024-06-28 07:20:44,746 [INFO] - Extracting training cells
[37m2024-06-28 07:20:49,905 [INFO] - Extraction detection metrics - F1: 0.756, Precision: 0.850, Recall: 0.705, Detected-Cells: 3133
[37m2024-06-28 07:20:50,055 [INFO] - Training epoch stats:     Loss: 0.1411 - F1-Score: 0.9451 - Accuracy-Score: 0.9451 - AUROC: 0.9957 - AP: 0.9808
[37m2024-06-28 07:20:50,209 [INFO] - Validation epoch stats:   Loss: 0.3934 - F1-Score: 0.8507 - Accuracy-Score: 0.8507 - AUROC: 0.9549 - AP: 0.8440
[37m2024-06-28 07:20:50,267 [INFO] - Epoch: 31/50
[37m2024-06-28 07:20:50,268 [INFO] - Extracting training cells
[37m2024-06-28 07:20:55,876 [INFO] - Extraction detection metrics - F1: 0.733, Precision: 0.786, Recall: 0.698, Detected-Cells: 2221
[37m2024-06-28 07:20:55,956 [INFO] - Training epoch stats:     Loss: 0.4013 - F1-Score: 0.8645 - Accuracy-Score: 0.8645 - AUROC: 0.9646 - AP: 0.8965
[37m2024-06-28 07:20:56,087 [INFO] - Validation epoch stats:   Loss: 0.3856 - F1-Score: 0.8524 - Accuracy-Score: 0.8524 - AUROC: 0.9550 - AP: 0.8432
[37m2024-06-28 07:20:56,149 [INFO] - Epoch: 32/50
[37m2024-06-28 07:20:56,149 [INFO] - Extracting training cells
[37m2024-06-28 07:21:01,690 [INFO] - Extraction detection metrics - F1: 0.753, Precision: 0.856, Recall: 0.697, Detected-Cells: 3102
[37m2024-06-28 07:21:01,847 [INFO] - Training epoch stats:     Loss: 0.1588 - F1-Score: 0.9433 - Accuracy-Score: 0.9433 - AUROC: 0.9945 - AP: 0.9747
[37m2024-06-28 07:21:01,993 [INFO] - Validation epoch stats:   Loss: 0.3899 - F1-Score: 0.8526 - Accuracy-Score: 0.8526 - AUROC: 0.9552 - AP: 0.8430
[37m2024-06-28 07:21:02,071 [INFO] - Epoch: 33/50
[37m2024-06-28 07:21:02,072 [INFO] - Extracting training cells
[37m2024-06-28 07:21:07,835 [INFO] - Extraction detection metrics - F1: 0.755, Precision: 0.842, Recall: 0.706, Detected-Cells: 3020
[37m2024-06-28 07:21:07,945 [INFO] - Training epoch stats:     Loss: 0.1474 - F1-Score: 0.9477 - Accuracy-Score: 0.9477 - AUROC: 0.9944 - AP: 0.9744
[37m2024-06-28 07:21:08,060 [INFO] - Validation epoch stats:   Loss: 0.3818 - F1-Score: 0.8556 - Accuracy-Score: 0.8556 - AUROC: 0.9551 - AP: 0.8426
[37m2024-06-28 07:21:08,125 [INFO] - Epoch: 34/50
[37m2024-06-28 07:21:08,125 [INFO] - Extracting training cells
[37m2024-06-28 07:21:13,109 [INFO] - Extraction detection metrics - F1: 0.767, Precision: 0.843, Recall: 0.720, Detected-Cells: 3121
[37m2024-06-28 07:21:13,253 [INFO] - Training epoch stats:     Loss: 0.1267 - F1-Score: 0.9519 - Accuracy-Score: 0.9519 - AUROC: 0.9953 - AP: 0.9828
[37m2024-06-28 07:21:13,394 [INFO] - Validation epoch stats:   Loss: 0.3852 - F1-Score: 0.8565 - Accuracy-Score: 0.8565 - AUROC: 0.9558 - AP: 0.8438
[37m2024-06-28 07:21:13,450 [INFO] - Epoch: 35/50
[37m2024-06-28 07:21:13,451 [INFO] - Extracting training cells
[37m2024-06-28 07:21:18,995 [INFO] - Extraction detection metrics - F1: 0.759, Precision: 0.857, Recall: 0.699, Detected-Cells: 2620
[37m2024-06-28 07:21:19,108 [INFO] - Training epoch stats:     Loss: 0.1913 - F1-Score: 0.9233 - Accuracy-Score: 0.9233 - AUROC: 0.9923 - AP: 0.9695
[37m2024-06-28 07:21:19,258 [INFO] - Validation epoch stats:   Loss: 0.3987 - F1-Score: 0.8541 - Accuracy-Score: 0.8541 - AUROC: 0.9566 - AP: 0.8454
[37m2024-06-28 07:21:19,322 [INFO] - Epoch: 36/50
[37m2024-06-28 07:21:19,322 [INFO] - Extracting training cells
[37m2024-06-28 07:21:25,984 [INFO] - Extraction detection metrics - F1: 0.739, Precision: 0.859, Recall: 0.681, Detected-Cells: 3008
[37m2024-06-28 07:21:26,120 [INFO] - Training epoch stats:     Loss: 0.1385 - F1-Score: 0.9528 - Accuracy-Score: 0.9528 - AUROC: 0.9949 - AP: 0.9806
[37m2024-06-28 07:21:26,257 [INFO] - Validation epoch stats:   Loss: 0.4019 - F1-Score: 0.8558 - Accuracy-Score: 0.8558 - AUROC: 0.9572 - AP: 0.8461
[37m2024-06-28 07:21:26,258 [INFO] - Performing early stopping!
[37m2024-06-28 07:21:26,263 [INFO] - Finished run owjvv7am
