[37m2024-06-28 10:04:31,084 [INFO] - Instantiated Logger. WandB init and config update finished.
[37m2024-06-28 10:04:31,086 [INFO] - Run ist stored here: /cellvit/logs_paper/Head-Evaluation/CoNSeP/SAM-H/Amount-DA/2024-06-28T100422_Amount-8-Seed-4
[37m2024-06-28 10:04:31,157 [INFO] - Cuda devices: [<torch.cuda.device object at 0x7fd2077ac7c0>]
[37m2024-06-28 10:04:31,158 [INFO] - Using GPU: cuda:0
[37m2024-06-28 10:04:31,163 [INFO] - Using device: cuda:0
[37m2024-06-28 10:04:31,168 [INFO] - Loss function:
[37m2024-06-28 10:04:31,172 [INFO] - CrossEntropyLoss()
[37m2024-06-28 10:04:47,678 [INFO] - <All keys matched successfully>
[37m2024-06-28 10:04:48,743 [INFO] -
==========================================================================================
Layer (type:depth-idx)                   Output Shape              Param #
==========================================================================================
LinearClassifier                         [1, 4]                    --
├─Linear: 1-1                            [1, 128]                  163,968
├─ReLU: 1-2                              [1, 128]                  --
├─Dropout: 1-3                           [1, 128]                  --
├─Linear: 1-4                            [1, 4]                    516
==========================================================================================
Total params: 164,484
Trainable params: 164,484
Non-trainable params: 0
Total mult-adds (M): 0.16
==========================================================================================
Input size (MB): 0.01
Forward/backward pass size (MB): 0.00
Params size (MB): 0.66
Estimated Total Size (MB): 0.66
==========================================================================================
[37m2024-06-28 10:04:48,744 [INFO] - Loaded AdamW Optimizer with following hyperparameters:
[37m2024-06-28 10:04:48,749 [INFO] - {'betas': [0.85, 0.9], 'lr': 0.0005, 'weight_decay': 0.0005}
[37m2024-06-28 10:04:48,754 [INFO] - Using early stopping with a range of 20 and maximize strategy
[37m2024-06-28 10:04:48,768 [INFO] - Caching datasets
[37m2024-06-28 10:04:49,683 [INFO] - Instantiate Trainer
[37m2024-06-28 10:04:49,688 [INFO] - Calling Trainer Fit
[37m2024-06-28 10:04:49,689 [INFO] - Starting training, total number of epochs: 50
[37m2024-06-28 10:04:49,693 [INFO] - Epoch: 1/50
[37m2024-06-28 10:04:49,698 [INFO] - Extracting training cells
[37m2024-06-28 10:04:58,511 [INFO] - Extraction detection metrics - F1: 0.665, Precision: 0.777, Recall: 0.626, Detected-Cells: 3091
[37m2024-06-28 10:04:58,730 [INFO] - Training epoch stats:     Loss: 0.5895 - F1-Score: 0.7713 - Accuracy-Score: 0.7713 - AUROC: 0.8833 - AP: 0.6951
[37m2024-06-28 10:04:59,907 [INFO] - Loaded dataset from cache: /Consep/cache/1f728da27af6daed7b166ce5447f5dec18916e3679cb7b74ddaefb4a67df10d2.h5
[37m2024-06-28 10:05:00,025 [INFO] - Validation epoch stats:   Loss: 0.5212 - F1-Score: 0.8100 - Accuracy-Score: 0.8100 - AUROC: 0.9395 - AP: 0.8183
[37m2024-06-28 10:05:00,026 [INFO] - New best model - save checkpoint
[37m2024-06-28 10:05:00,185 [INFO] - Epoch: 2/50
[37m2024-06-28 10:05:00,187 [INFO] - Extracting training cells
[37m2024-06-28 10:05:06,339 [INFO] - Extraction detection metrics - F1: 0.759, Precision: 0.838, Recall: 0.717, Detected-Cells: 3693
[37m2024-06-28 10:05:06,463 [INFO] - Training epoch stats:     Loss: 0.3019 - F1-Score: 0.8887 - Accuracy-Score: 0.8887 - AUROC: 0.9685 - AP: 0.8670
[37m2024-06-28 10:05:06,582 [INFO] - Validation epoch stats:   Loss: 0.4046 - F1-Score: 0.8481 - Accuracy-Score: 0.8481 - AUROC: 0.9535 - AP: 0.8493
[37m2024-06-28 10:05:06,582 [INFO] - New best model - save checkpoint
[37m2024-06-28 10:05:06,733 [INFO] - Epoch: 3/50
[37m2024-06-28 10:05:06,734 [INFO] - Extracting training cells
[37m2024-06-28 10:05:12,797 [INFO] - Extraction detection metrics - F1: 0.761, Precision: 0.838, Recall: 0.728, Detected-Cells: 3563
[37m2024-06-28 10:05:12,917 [INFO] - Training epoch stats:     Loss: 0.4685 - F1-Score: 0.8521 - Accuracy-Score: 0.8521 - AUROC: 0.9470 - AP: 0.8400
[37m2024-06-28 10:05:13,027 [INFO] - Validation epoch stats:   Loss: 0.4241 - F1-Score: 0.8579 - Accuracy-Score: 0.8579 - AUROC: 0.9599 - AP: 0.8561
[37m2024-06-28 10:05:13,028 [INFO] - New best model - save checkpoint
[37m2024-06-28 10:05:13,188 [INFO] - Epoch: 4/50
[37m2024-06-28 10:05:13,189 [INFO] - Extracting training cells
[37m2024-06-28 10:05:19,663 [INFO] - Extraction detection metrics - F1: 0.747, Precision: 0.814, Recall: 0.705, Detected-Cells: 3608
[37m2024-06-28 10:05:19,800 [INFO] - Training epoch stats:     Loss: 0.2602 - F1-Score: 0.9055 - Accuracy-Score: 0.9055 - AUROC: 0.9805 - AP: 0.9102
[37m2024-06-28 10:05:19,936 [INFO] - Validation epoch stats:   Loss: 0.3949 - F1-Score: 0.8568 - Accuracy-Score: 0.8568 - AUROC: 0.9571 - AP: 0.8478
[37m2024-06-28 10:05:19,991 [INFO] - Epoch: 5/50
[37m2024-06-28 10:05:19,991 [INFO] - Extracting training cells
[37m2024-06-28 10:05:26,533 [INFO] - Extraction detection metrics - F1: 0.760, Precision: 0.835, Recall: 0.712, Detected-Cells: 3570
[37m2024-06-28 10:05:26,635 [INFO] - Training epoch stats:     Loss: 0.2518 - F1-Score: 0.9092 - Accuracy-Score: 0.9092 - AUROC: 0.9791 - AP: 0.9063
[37m2024-06-28 10:05:26,747 [INFO] - Validation epoch stats:   Loss: 0.3613 - F1-Score: 0.8654 - Accuracy-Score: 0.8654 - AUROC: 0.9561 - AP: 0.8459
[37m2024-06-28 10:05:26,804 [INFO] - Epoch: 6/50
[37m2024-06-28 10:05:26,805 [INFO] - Extracting training cells
[37m2024-06-28 10:05:32,984 [INFO] - Extraction detection metrics - F1: 0.747, Precision: 0.837, Recall: 0.699, Detected-Cells: 3582
[37m2024-06-28 10:05:33,109 [INFO] - Training epoch stats:     Loss: 0.4229 - F1-Score: 0.8618 - Accuracy-Score: 0.8618 - AUROC: 0.9566 - AP: 0.8723
[37m2024-06-28 10:05:33,220 [INFO] - Validation epoch stats:   Loss: 0.4152 - F1-Score: 0.8465 - Accuracy-Score: 0.8465 - AUROC: 0.9524 - AP: 0.8413
[37m2024-06-28 10:05:33,277 [INFO] - Epoch: 7/50
[37m2024-06-28 10:05:33,278 [INFO] - Extracting training cells
[37m2024-06-28 10:05:38,920 [INFO] - Extraction detection metrics - F1: 0.768, Precision: 0.837, Recall: 0.731, Detected-Cells: 3755
[37m2024-06-28 10:05:39,059 [INFO] - Training epoch stats:     Loss: 0.2134 - F1-Score: 0.9249 - Accuracy-Score: 0.9249 - AUROC: 0.9862 - AP: 0.9395
[37m2024-06-28 10:05:39,203 [INFO] - Validation epoch stats:   Loss: 0.3865 - F1-Score: 0.8599 - Accuracy-Score: 0.8599 - AUROC: 0.9620 - AP: 0.8564
[37m2024-06-28 10:05:39,204 [INFO] - New best model - save checkpoint
[37m2024-06-28 10:05:39,361 [INFO] - Epoch: 8/50
[37m2024-06-28 10:05:39,362 [INFO] - Extracting training cells
[37m2024-06-28 10:05:45,153 [INFO] - Extraction detection metrics - F1: 0.777, Precision: 0.840, Recall: 0.739, Detected-Cells: 3772
[37m2024-06-28 10:05:45,296 [INFO] - Training epoch stats:     Loss: 0.3808 - F1-Score: 0.8902 - Accuracy-Score: 0.8902 - AUROC: 0.9644 - AP: 0.8907
[37m2024-06-28 10:05:45,462 [INFO] - Validation epoch stats:   Loss: 0.4372 - F1-Score: 0.8387 - Accuracy-Score: 0.8387 - AUROC: 0.9529 - AP: 0.8417
[37m2024-06-28 10:05:45,522 [INFO] - Epoch: 9/50
[37m2024-06-28 10:05:45,523 [INFO] - Extracting training cells
[37m2024-06-28 10:05:51,532 [INFO] - Extraction detection metrics - F1: 0.742, Precision: 0.825, Recall: 0.700, Detected-Cells: 3068
[37m2024-06-28 10:05:51,644 [INFO] - Training epoch stats:     Loss: 0.5441 - F1-Score: 0.8158 - Accuracy-Score: 0.8158 - AUROC: 0.9265 - AP: 0.7910
[37m2024-06-28 10:05:51,783 [INFO] - Validation epoch stats:   Loss: 0.5205 - F1-Score: 0.7810 - Accuracy-Score: 0.7810 - AUROC: 0.9435 - AP: 0.8267
[37m2024-06-28 10:05:51,846 [INFO] - Epoch: 10/50
[37m2024-06-28 10:05:51,847 [INFO] - Extracting training cells
[37m2024-06-28 10:05:58,634 [INFO] - Extraction detection metrics - F1: 0.749, Precision: 0.818, Recall: 0.713, Detected-Cells: 3600
[37m2024-06-28 10:05:58,784 [INFO] - Training epoch stats:     Loss: 0.2647 - F1-Score: 0.9058 - Accuracy-Score: 0.9058 - AUROC: 0.9803 - AP: 0.9280
[37m2024-06-28 10:05:58,920 [INFO] - Validation epoch stats:   Loss: 0.3783 - F1-Score: 0.8630 - Accuracy-Score: 0.8630 - AUROC: 0.9600 - AP: 0.8492
[37m2024-06-28 10:05:58,982 [INFO] - Epoch: 11/50
[37m2024-06-28 10:05:58,983 [INFO] - Extracting training cells
[37m2024-06-28 10:06:05,337 [INFO] - Extraction detection metrics - F1: 0.725, Precision: 0.815, Recall: 0.678, Detected-Cells: 3092
[37m2024-06-28 10:06:05,465 [INFO] - Training epoch stats:     Loss: 0.3305 - F1-Score: 0.8865 - Accuracy-Score: 0.8865 - AUROC: 0.9750 - AP: 0.9229
[37m2024-06-28 10:06:05,602 [INFO] - Validation epoch stats:   Loss: 0.3764 - F1-Score: 0.8617 - Accuracy-Score: 0.8617 - AUROC: 0.9542 - AP: 0.8389
[37m2024-06-28 10:06:05,658 [INFO] - Epoch: 12/50
[37m2024-06-28 10:06:05,659 [INFO] - Extracting training cells
[37m2024-06-28 10:06:11,982 [INFO] - Extraction detection metrics - F1: 0.755, Precision: 0.824, Recall: 0.716, Detected-Cells: 3541
[37m2024-06-28 10:06:12,105 [INFO] - Training epoch stats:     Loss: 0.4475 - F1-Score: 0.8345 - Accuracy-Score: 0.8345 - AUROC: 0.9543 - AP: 0.8444
[37m2024-06-28 10:06:12,232 [INFO] - Validation epoch stats:   Loss: 0.4448 - F1-Score: 0.8416 - Accuracy-Score: 0.8416 - AUROC: 0.9538 - AP: 0.8370
[37m2024-06-28 10:06:12,294 [INFO] - Epoch: 13/50
[37m2024-06-28 10:06:12,295 [INFO] - Extracting training cells
[37m2024-06-28 10:06:18,140 [INFO] - Extraction detection metrics - F1: 0.770, Precision: 0.845, Recall: 0.724, Detected-Cells: 3636
[37m2024-06-28 10:06:18,286 [INFO] - Training epoch stats:     Loss: 0.2612 - F1-Score: 0.9164 - Accuracy-Score: 0.9164 - AUROC: 0.9814 - AP: 0.9269
[37m2024-06-28 10:06:18,441 [INFO] - Validation epoch stats:   Loss: 0.3627 - F1-Score: 0.8677 - Accuracy-Score: 0.8677 - AUROC: 0.9647 - AP: 0.8550
[37m2024-06-28 10:06:18,441 [INFO] - New best model - save checkpoint
[37m2024-06-28 10:06:18,611 [INFO] - Epoch: 14/50
[37m2024-06-28 10:06:18,612 [INFO] - Extracting training cells
[37m2024-06-28 10:06:25,524 [INFO] - Extraction detection metrics - F1: 0.725, Precision: 0.798, Recall: 0.703, Detected-Cells: 3404
[37m2024-06-28 10:06:25,658 [INFO] - Training epoch stats:     Loss: 0.3095 - F1-Score: 0.8945 - Accuracy-Score: 0.8945 - AUROC: 0.9778 - AP: 0.9246
[37m2024-06-28 10:06:25,801 [INFO] - Validation epoch stats:   Loss: 0.3646 - F1-Score: 0.8661 - Accuracy-Score: 0.8661 - AUROC: 0.9556 - AP: 0.8507
[37m2024-06-28 10:06:25,861 [INFO] - Epoch: 15/50
[37m2024-06-28 10:06:25,862 [INFO] - Extracting training cells
[37m2024-06-28 10:06:33,079 [INFO] - Extraction detection metrics - F1: 0.742, Precision: 0.851, Recall: 0.685, Detected-Cells: 3611
[37m2024-06-28 10:06:33,225 [INFO] - Training epoch stats:     Loss: 0.1912 - F1-Score: 0.9286 - Accuracy-Score: 0.9286 - AUROC: 0.9890 - AP: 0.9528
[37m2024-06-28 10:06:33,365 [INFO] - Validation epoch stats:   Loss: 0.3417 - F1-Score: 0.8716 - Accuracy-Score: 0.8716 - AUROC: 0.9630 - AP: 0.8608
[37m2024-06-28 10:06:33,425 [INFO] - Epoch: 16/50
[37m2024-06-28 10:06:33,425 [INFO] - Extracting training cells
[37m2024-06-28 10:06:39,584 [INFO] - Extraction detection metrics - F1: 0.740, Precision: 0.804, Recall: 0.699, Detected-Cells: 3211
[37m2024-06-28 10:06:39,721 [INFO] - Training epoch stats:     Loss: 0.5967 - F1-Score: 0.8001 - Accuracy-Score: 0.8001 - AUROC: 0.9288 - AP: 0.7816
[37m2024-06-28 10:06:39,837 [INFO] - Validation epoch stats:   Loss: 0.4997 - F1-Score: 0.8084 - Accuracy-Score: 0.8084 - AUROC: 0.9109 - AP: 0.7206
[37m2024-06-28 10:06:39,900 [INFO] - Epoch: 17/50
[37m2024-06-28 10:06:39,900 [INFO] - Extracting training cells
[37m2024-06-28 10:06:46,614 [INFO] - Extraction detection metrics - F1: 0.738, Precision: 0.830, Recall: 0.690, Detected-Cells: 3109
[37m2024-06-28 10:06:46,708 [INFO] - Training epoch stats:     Loss: 0.4146 - F1-Score: 0.8382 - Accuracy-Score: 0.8382 - AUROC: 0.9584 - AP: 0.8500
[37m2024-06-28 10:06:46,840 [INFO] - Validation epoch stats:   Loss: 0.4385 - F1-Score: 0.8342 - Accuracy-Score: 0.8342 - AUROC: 0.9603 - AP: 0.8542
[37m2024-06-28 10:06:46,905 [INFO] - Epoch: 18/50
[37m2024-06-28 10:06:46,906 [INFO] - Extracting training cells
[37m2024-06-28 10:06:53,203 [INFO] - Extraction detection metrics - F1: 0.749, Precision: 0.830, Recall: 0.705, Detected-Cells: 3540
[37m2024-06-28 10:06:53,308 [INFO] - Training epoch stats:     Loss: 0.3464 - F1-Score: 0.8921 - Accuracy-Score: 0.8921 - AUROC: 0.9653 - AP: 0.8209
[37m2024-06-28 10:06:53,446 [INFO] - Validation epoch stats:   Loss: 0.3841 - F1-Score: 0.8555 - Accuracy-Score: 0.8555 - AUROC: 0.9376 - AP: 0.7368
[37m2024-06-28 10:06:53,496 [INFO] - Epoch: 19/50
[37m2024-06-28 10:06:53,497 [INFO] - Extracting training cells
[37m2024-06-28 10:06:59,864 [INFO] - Extraction detection metrics - F1: 0.712, Precision: 0.801, Recall: 0.667, Detected-Cells: 3498
[37m2024-06-28 10:06:59,997 [INFO] - Training epoch stats:     Loss: 0.2311 - F1-Score: 0.9194 - Accuracy-Score: 0.9194 - AUROC: 0.9829 - AP: 0.9332
[37m2024-06-28 10:07:00,134 [INFO] - Validation epoch stats:   Loss: 0.3353 - F1-Score: 0.8709 - Accuracy-Score: 0.8709 - AUROC: 0.9679 - AP: 0.8653
[37m2024-06-28 10:07:00,135 [INFO] - New best model - save checkpoint
[37m2024-06-28 10:07:00,292 [INFO] - Epoch: 20/50
[37m2024-06-28 10:07:00,292 [INFO] - Extracting training cells
[37m2024-06-28 10:07:06,429 [INFO] - Extraction detection metrics - F1: 0.746, Precision: 0.830, Recall: 0.701, Detected-Cells: 3661
[37m2024-06-28 10:07:06,569 [INFO] - Training epoch stats:     Loss: 0.1741 - F1-Score: 0.9347 - Accuracy-Score: 0.9347 - AUROC: 0.9917 - AP: 0.9614
[37m2024-06-28 10:07:06,706 [INFO] - Validation epoch stats:   Loss: 0.3486 - F1-Score: 0.8720 - Accuracy-Score: 0.8720 - AUROC: 0.9664 - AP: 0.8619
[37m2024-06-28 10:07:06,747 [INFO] - Epoch: 21/50
[37m2024-06-28 10:07:06,747 [INFO] - Extracting training cells
[37m2024-06-28 10:07:13,345 [INFO] - Extraction detection metrics - F1: 0.769, Precision: 0.832, Recall: 0.735, Detected-Cells: 3731
[37m2024-06-28 10:07:13,488 [INFO] - Training epoch stats:     Loss: 0.1579 - F1-Score: 0.9429 - Accuracy-Score: 0.9429 - AUROC: 0.9929 - AP: 0.9702
[37m2024-06-28 10:07:13,631 [INFO] - Validation epoch stats:   Loss: 0.3384 - F1-Score: 0.8733 - Accuracy-Score: 0.8733 - AUROC: 0.9668 - AP: 0.8609
[37m2024-06-28 10:07:13,693 [INFO] - Epoch: 22/50
[37m2024-06-28 10:07:13,694 [INFO] - Extracting training cells
[37m2024-06-28 10:07:19,999 [INFO] - Extraction detection metrics - F1: 0.766, Precision: 0.820, Recall: 0.736, Detected-Cells: 3668
[37m2024-06-28 10:07:20,154 [INFO] - Training epoch stats:     Loss: 0.4663 - F1-Score: 0.8381 - Accuracy-Score: 0.8381 - AUROC: 0.9501 - AP: 0.8638
[37m2024-06-28 10:07:20,293 [INFO] - Validation epoch stats:   Loss: 0.4611 - F1-Score: 0.8145 - Accuracy-Score: 0.8145 - AUROC: 0.9499 - AP: 0.8289
[37m2024-06-28 10:07:20,358 [INFO] - Epoch: 23/50
[37m2024-06-28 10:07:20,359 [INFO] - Extracting training cells
[37m2024-06-28 10:07:27,135 [INFO] - Extraction detection metrics - F1: 0.747, Precision: 0.835, Recall: 0.688, Detected-Cells: 3440
[37m2024-06-28 10:07:27,256 [INFO] - Training epoch stats:     Loss: 0.4070 - F1-Score: 0.8599 - Accuracy-Score: 0.8599 - AUROC: 0.9613 - AP: 0.9118
[37m2024-06-28 10:07:27,373 [INFO] - Validation epoch stats:   Loss: 0.3824 - F1-Score: 0.8589 - Accuracy-Score: 0.8589 - AUROC: 0.9612 - AP: 0.8495
[37m2024-06-28 10:07:27,432 [INFO] - Epoch: 24/50
[37m2024-06-28 10:07:27,432 [INFO] - Extracting training cells
[37m2024-06-28 10:07:33,160 [INFO] - Extraction detection metrics - F1: 0.740, Precision: 0.819, Recall: 0.693, Detected-Cells: 3518
[37m2024-06-28 10:07:33,278 [INFO] - Training epoch stats:     Loss: 0.1718 - F1-Score: 0.9392 - Accuracy-Score: 0.9392 - AUROC: 0.9922 - AP: 0.9685
[37m2024-06-28 10:07:33,394 [INFO] - Validation epoch stats:   Loss: 0.3557 - F1-Score: 0.8721 - Accuracy-Score: 0.8721 - AUROC: 0.9642 - AP: 0.8597
[37m2024-06-28 10:07:33,453 [INFO] - Epoch: 25/50
[37m2024-06-28 10:07:33,454 [INFO] - Extracting training cells
[37m2024-06-28 10:07:39,805 [INFO] - Extraction detection metrics - F1: 0.714, Precision: 0.801, Recall: 0.681, Detected-Cells: 3359
[37m2024-06-28 10:07:39,922 [INFO] - Training epoch stats:     Loss: 0.2074 - F1-Score: 0.9250 - Accuracy-Score: 0.9250 - AUROC: 0.9884 - AP: 0.9560
[37m2024-06-28 10:07:40,039 [INFO] - Validation epoch stats:   Loss: 0.3707 - F1-Score: 0.8659 - Accuracy-Score: 0.8659 - AUROC: 0.9643 - AP: 0.8608
[37m2024-06-28 10:07:40,090 [INFO] - Epoch: 26/50
[37m2024-06-28 10:07:40,091 [INFO] - Extracting training cells
[37m2024-06-28 10:07:46,310 [INFO] - Extraction detection metrics - F1: 0.751, Precision: 0.831, Recall: 0.709, Detected-Cells: 3649
[37m2024-06-28 10:07:46,456 [INFO] - Training epoch stats:     Loss: 0.1841 - F1-Score: 0.9309 - Accuracy-Score: 0.9309 - AUROC: 0.9904 - AP: 0.9568
[37m2024-06-28 10:07:46,602 [INFO] - Validation epoch stats:   Loss: 0.3603 - F1-Score: 0.8689 - Accuracy-Score: 0.8689 - AUROC: 0.9646 - AP: 0.8604
[37m2024-06-28 10:07:46,652 [INFO] - Epoch: 27/50
[37m2024-06-28 10:07:46,653 [INFO] - Extracting training cells
[37m2024-06-28 10:07:52,560 [INFO] - Extraction detection metrics - F1: 0.757, Precision: 0.803, Recall: 0.737, Detected-Cells: 3608
[37m2024-06-28 10:07:52,691 [INFO] - Training epoch stats:     Loss: 0.4194 - F1-Score: 0.8941 - Accuracy-Score: 0.8941 - AUROC: 0.9653 - AP: 0.9145
[37m2024-06-28 10:07:52,824 [INFO] - Validation epoch stats:   Loss: 0.3622 - F1-Score: 0.8663 - Accuracy-Score: 0.8663 - AUROC: 0.9630 - AP: 0.8577
[37m2024-06-28 10:07:52,870 [INFO] - Epoch: 28/50
[37m2024-06-28 10:07:52,871 [INFO] - Extracting training cells
[37m2024-06-28 10:07:59,044 [INFO] - Extraction detection metrics - F1: 0.754, Precision: 0.828, Recall: 0.710, Detected-Cells: 3610
[37m2024-06-28 10:07:59,189 [INFO] - Training epoch stats:     Loss: 0.1667 - F1-Score: 0.9374 - Accuracy-Score: 0.9374 - AUROC: 0.9923 - AP: 0.9668
[37m2024-06-28 10:07:59,310 [INFO] - Validation epoch stats:   Loss: 0.3654 - F1-Score: 0.8644 - Accuracy-Score: 0.8644 - AUROC: 0.9617 - AP: 0.8561
[37m2024-06-28 10:07:59,367 [INFO] - Epoch: 29/50
[37m2024-06-28 10:07:59,368 [INFO] - Extracting training cells
[37m2024-06-28 10:08:04,926 [INFO] - Extraction detection metrics - F1: 0.736, Precision: 0.803, Recall: 0.700, Detected-Cells: 2685
[37m2024-06-28 10:08:05,035 [INFO] - Training epoch stats:     Loss: 0.4292 - F1-Score: 0.8454 - Accuracy-Score: 0.8454 - AUROC: 0.9614 - AP: 0.8716
[37m2024-06-28 10:08:05,179 [INFO] - Validation epoch stats:   Loss: 0.3486 - F1-Score: 0.8716 - Accuracy-Score: 0.8716 - AUROC: 0.9627 - AP: 0.8559
[37m2024-06-28 10:08:05,243 [INFO] - Epoch: 30/50
[37m2024-06-28 10:08:05,244 [INFO] - Extracting training cells
[37m2024-06-28 10:08:12,006 [INFO] - Extraction detection metrics - F1: 0.759, Precision: 0.834, Recall: 0.721, Detected-Cells: 3714
[37m2024-06-28 10:08:12,153 [INFO] - Training epoch stats:     Loss: 0.1559 - F1-Score: 0.9416 - Accuracy-Score: 0.9416 - AUROC: 0.9935 - AP: 0.9730
[37m2024-06-28 10:08:12,287 [INFO] - Validation epoch stats:   Loss: 0.3644 - F1-Score: 0.8634 - Accuracy-Score: 0.8634 - AUROC: 0.9629 - AP: 0.8565
[37m2024-06-28 10:08:12,337 [INFO] - Epoch: 31/50
[37m2024-06-28 10:08:12,338 [INFO] - Extracting training cells
[37m2024-06-28 10:08:19,003 [INFO] - Extraction detection metrics - F1: 0.724, Precision: 0.808, Recall: 0.676, Detected-Cells: 3120
[37m2024-06-28 10:08:19,134 [INFO] - Training epoch stats:     Loss: 0.2558 - F1-Score: 0.8994 - Accuracy-Score: 0.8994 - AUROC: 0.9830 - AP: 0.9584
[37m2024-06-28 10:08:19,273 [INFO] - Validation epoch stats:   Loss: 0.3525 - F1-Score: 0.8678 - Accuracy-Score: 0.8678 - AUROC: 0.9632 - AP: 0.8571
[37m2024-06-28 10:08:19,329 [INFO] - Epoch: 32/50
[37m2024-06-28 10:08:19,329 [INFO] - Extracting training cells
[37m2024-06-28 10:08:25,845 [INFO] - Extraction detection metrics - F1: 0.752, Precision: 0.820, Recall: 0.712, Detected-Cells: 3598
[37m2024-06-28 10:08:25,985 [INFO] - Training epoch stats:     Loss: 0.1733 - F1-Score: 0.9400 - Accuracy-Score: 0.9400 - AUROC: 0.9922 - AP: 0.9698
[37m2024-06-28 10:08:26,100 [INFO] - Validation epoch stats:   Loss: 0.3482 - F1-Score: 0.8704 - Accuracy-Score: 0.8704 - AUROC: 0.9638 - AP: 0.8579
[37m2024-06-28 10:08:26,158 [INFO] - Epoch: 33/50
[37m2024-06-28 10:08:26,159 [INFO] - Extracting training cells
[37m2024-06-28 10:08:31,536 [INFO] - Extraction detection metrics - F1: 0.759, Precision: 0.830, Recall: 0.716, Detected-Cells: 3159
[37m2024-06-28 10:08:31,667 [INFO] - Training epoch stats:     Loss: 0.1973 - F1-Score: 0.9228 - Accuracy-Score: 0.9228 - AUROC: 0.9900 - AP: 0.9684
[37m2024-06-28 10:08:31,803 [INFO] - Validation epoch stats:   Loss: 0.3474 - F1-Score: 0.8749 - Accuracy-Score: 0.8749 - AUROC: 0.9633 - AP: 0.8571
[37m2024-06-28 10:08:31,861 [INFO] - Epoch: 34/50
[37m2024-06-28 10:08:31,862 [INFO] - Extracting training cells
[37m2024-06-28 10:08:38,444 [INFO] - Extraction detection metrics - F1: 0.729, Precision: 0.797, Recall: 0.689, Detected-Cells: 3167
[37m2024-06-28 10:08:38,579 [INFO] - Training epoch stats:     Loss: 0.3447 - F1-Score: 0.8728 - Accuracy-Score: 0.8728 - AUROC: 0.9716 - AP: 0.9018
[37m2024-06-28 10:08:38,718 [INFO] - Validation epoch stats:   Loss: 0.3525 - F1-Score: 0.8683 - Accuracy-Score: 0.8683 - AUROC: 0.9622 - AP: 0.8557
[37m2024-06-28 10:08:38,785 [INFO] - Epoch: 35/50
[37m2024-06-28 10:08:38,786 [INFO] - Extracting training cells
[37m2024-06-28 10:08:45,197 [INFO] - Extraction detection metrics - F1: 0.736, Precision: 0.829, Recall: 0.695, Detected-Cells: 3339
[37m2024-06-28 10:08:45,324 [INFO] - Training epoch stats:     Loss: 0.6172 - F1-Score: 0.7999 - Accuracy-Score: 0.7999 - AUROC: 0.9216 - AP: 0.7578
[37m2024-06-28 10:08:45,464 [INFO] - Validation epoch stats:   Loss: 0.3586 - F1-Score: 0.8634 - Accuracy-Score: 0.8634 - AUROC: 0.9611 - AP: 0.8538
[37m2024-06-28 10:08:45,525 [INFO] - Epoch: 36/50
[37m2024-06-28 10:08:45,526 [INFO] - Extracting training cells
[37m2024-06-28 10:08:52,098 [INFO] - Extraction detection metrics - F1: 0.735, Precision: 0.819, Recall: 0.703, Detected-Cells: 3507
[37m2024-06-28 10:08:52,231 [INFO] - Training epoch stats:     Loss: 0.4705 - F1-Score: 0.8791 - Accuracy-Score: 0.8791 - AUROC: 0.9471 - AP: 0.8574
[37m2024-06-28 10:08:52,371 [INFO] - Validation epoch stats:   Loss: 0.3786 - F1-Score: 0.8555 - Accuracy-Score: 0.8555 - AUROC: 0.9609 - AP: 0.8513
[37m2024-06-28 10:08:52,429 [INFO] - Epoch: 37/50
[37m2024-06-28 10:08:52,430 [INFO] - Extracting training cells
[37m2024-06-28 10:08:58,594 [INFO] - Extraction detection metrics - F1: 0.747, Precision: 0.825, Recall: 0.696, Detected-Cells: 3485
[37m2024-06-28 10:08:58,717 [INFO] - Training epoch stats:     Loss: 0.1872 - F1-Score: 0.9317 - Accuracy-Score: 0.9317 - AUROC: 0.9916 - AP: 0.9672
[37m2024-06-28 10:08:58,831 [INFO] - Validation epoch stats:   Loss: 0.3571 - F1-Score: 0.8659 - Accuracy-Score: 0.8659 - AUROC: 0.9628 - AP: 0.8528
[37m2024-06-28 10:08:58,880 [INFO] - Epoch: 38/50
[37m2024-06-28 10:08:58,880 [INFO] - Extracting training cells
[37m2024-06-28 10:09:04,720 [INFO] - Extraction detection metrics - F1: 0.740, Precision: 0.810, Recall: 0.713, Detected-Cells: 3381
[37m2024-06-28 10:09:04,825 [INFO] - Training epoch stats:     Loss: 0.5367 - F1-Score: 0.8270 - Accuracy-Score: 0.8270 - AUROC: 0.9435 - AP: 0.8765
[37m2024-06-28 10:09:04,940 [INFO] - Validation epoch stats:   Loss: 0.3640 - F1-Score: 0.8675 - Accuracy-Score: 0.8675 - AUROC: 0.9623 - AP: 0.8495
[37m2024-06-28 10:09:05,005 [INFO] - Epoch: 39/50
[37m2024-06-28 10:09:05,006 [INFO] - Extracting training cells
[37m2024-06-28 10:09:11,463 [INFO] - Extraction detection metrics - F1: 0.731, Precision: 0.831, Recall: 0.677, Detected-Cells: 3490
[37m2024-06-28 10:09:11,604 [INFO] - Training epoch stats:     Loss: 0.2273 - F1-Score: 0.9275 - Accuracy-Score: 0.9275 - AUROC: 0.9908 - AP: 0.9606
[37m2024-06-28 10:09:11,747 [INFO] - Validation epoch stats:   Loss: 0.3668 - F1-Score: 0.8642 - Accuracy-Score: 0.8642 - AUROC: 0.9628 - AP: 0.8519
[37m2024-06-28 10:09:11,748 [INFO] - Performing early stopping!
[37m2024-06-28 10:09:11,753 [INFO] - Finished run eo6vonay
