[37m2024-06-28 06:53:26,057 [INFO] - Instantiated Logger. WandB init and config update finished.
[37m2024-06-28 06:53:26,058 [INFO] - Run ist stored here: /cellvit/logs_paper/Head-Evaluation/CoNSeP/SAM-H/Amount/2024-06-28T065316_Amount-14-Seed-3
[37m2024-06-28 06:53:26,123 [INFO] - Cuda devices: [<torch.cuda.device object at 0x7f965f37c640>]
[37m2024-06-28 06:53:26,123 [INFO] - Using GPU: cuda:0
[37m2024-06-28 06:53:26,127 [INFO] - Using device: cuda:0
[37m2024-06-28 06:53:26,131 [INFO] - Loss function:
[37m2024-06-28 06:53:26,135 [INFO] - CrossEntropyLoss()
[37m2024-06-28 06:55:04,060 [INFO] - <All keys matched successfully>
[37m2024-06-28 06:55:09,164 [INFO] -
==========================================================================================
Layer (type:depth-idx)                   Output Shape              Param #
==========================================================================================
LinearClassifier                         [1, 4]                    --
├─Linear: 1-1                            [1, 128]                  163,968
├─ReLU: 1-2                              [1, 128]                  --
├─Dropout: 1-3                           [1, 128]                  --
├─Linear: 1-4                            [1, 4]                    516
==========================================================================================
Total params: 164,484
Trainable params: 164,484
Non-trainable params: 0
Total mult-adds (M): 0.16
==========================================================================================
Input size (MB): 0.01
Forward/backward pass size (MB): 0.00
Params size (MB): 0.66
Estimated Total Size (MB): 0.66
==========================================================================================
[37m2024-06-28 06:55:09,165 [INFO] - Loaded AdamW Optimizer with following hyperparameters:
[37m2024-06-28 06:55:09,169 [INFO] - {'betas': [0.85, 0.9], 'lr': 0.0005, 'weight_decay': 0.0005}
[37m2024-06-28 06:55:09,174 [INFO] - Using early stopping with a range of 20 and maximize strategy
[37m2024-06-28 06:55:09,187 [INFO] - Caching datasets
[37m2024-06-28 06:55:10,521 [INFO] - Instantiate Trainer
[37m2024-06-28 06:55:10,527 [INFO] - Calling Trainer Fit
[37m2024-06-28 06:55:10,535 [INFO] - Dataset is cached after first epoch
[37m2024-06-28 06:55:10,547 [INFO] - Starting training, total number of epochs: 50
[37m2024-06-28 06:55:10,560 [INFO] - Epoch: 1/50
[37m2024-06-28 06:55:11,921 [INFO] - Loaded dataset from cache: /Consep/cache/7e423674e9cfc9ef0ae62bca70d372e405cc5e9663c8d45ed63da4a764d93017.h5
[37m2024-06-28 06:55:13,162 [INFO] - Training epoch stats:     Loss: 0.4269 - F1-Score: 0.8436 - Accuracy-Score: 0.8436 - AUROC: 0.9307 - AP: 0.7453
[37m2024-06-28 06:55:14,616 [INFO] - Loaded dataset from cache: /Consep/cache/1f728da27af6daed7b166ce5447f5dec18916e3679cb7b74ddaefb4a67df10d2.h5
[37m2024-06-28 06:55:16,957 [INFO] - Validation epoch stats:   Loss: 0.3603 - F1-Score: 0.8702 - Accuracy-Score: 0.8702 - AUROC: 0.9585 - AP: 0.8457
[37m2024-06-28 06:55:16,961 [INFO] - New best model - save checkpoint
[37m2024-06-28 06:55:17,259 [INFO] - Epoch: 2/50
[37m2024-06-28 06:55:17,547 [INFO] - Training epoch stats:     Loss: 0.1871 - F1-Score: 0.9301 - Accuracy-Score: 0.9301 - AUROC: 0.9866 - AP: 0.9280
[37m2024-06-28 06:55:18,158 [INFO] - Validation epoch stats:   Loss: 0.3445 - F1-Score: 0.8675 - Accuracy-Score: 0.8675 - AUROC: 0.9646 - AP: 0.8583
[37m2024-06-28 06:55:18,160 [INFO] - New best model - save checkpoint
[37m2024-06-28 06:55:18,350 [INFO] - Epoch: 3/50
[37m2024-06-28 06:55:18,858 [INFO] - Training epoch stats:     Loss: 0.1451 - F1-Score: 0.9490 - Accuracy-Score: 0.9490 - AUROC: 0.9922 - AP: 0.9607
[37m2024-06-28 06:55:19,017 [INFO] - Validation epoch stats:   Loss: 0.3356 - F1-Score: 0.8780 - Accuracy-Score: 0.8780 - AUROC: 0.9648 - AP: 0.8610
[37m2024-06-28 06:55:19,018 [INFO] - New best model - save checkpoint
[37m2024-06-28 06:55:19,200 [INFO] - Epoch: 4/50
[37m2024-06-28 06:55:19,964 [INFO] - Training epoch stats:     Loss: 0.1068 - F1-Score: 0.9620 - Accuracy-Score: 0.9620 - AUROC: 0.9957 - AP: 0.9789
[37m2024-06-28 06:55:20,120 [INFO] - Validation epoch stats:   Loss: 0.3387 - F1-Score: 0.8800 - Accuracy-Score: 0.8800 - AUROC: 0.9655 - AP: 0.8637
[37m2024-06-28 06:55:20,121 [INFO] - New best model - save checkpoint
[37m2024-06-28 06:55:20,278 [INFO] - Epoch: 5/50
[37m2024-06-28 06:55:20,665 [INFO] - Training epoch stats:     Loss: 0.0866 - F1-Score: 0.9690 - Accuracy-Score: 0.9690 - AUROC: 0.9976 - AP: 0.9863
[37m2024-06-28 06:55:20,814 [INFO] - Validation epoch stats:   Loss: 0.3510 - F1-Score: 0.8826 - Accuracy-Score: 0.8826 - AUROC: 0.9646 - AP: 0.8622
[37m2024-06-28 06:55:20,879 [INFO] - Epoch: 6/50
[37m2024-06-28 06:55:21,302 [INFO] - Training epoch stats:     Loss: 0.0669 - F1-Score: 0.9790 - Accuracy-Score: 0.9790 - AUROC: 0.9987 - AP: 0.9926
[37m2024-06-28 06:55:21,469 [INFO] - Validation epoch stats:   Loss: 0.3674 - F1-Score: 0.8816 - Accuracy-Score: 0.8816 - AUROC: 0.9628 - AP: 0.8635
[37m2024-06-28 06:55:21,522 [INFO] - Epoch: 7/50
[37m2024-06-28 06:55:22,304 [INFO] - Training epoch stats:     Loss: 0.0573 - F1-Score: 0.9808 - Accuracy-Score: 0.9808 - AUROC: 0.9991 - AP: 0.9956
[37m2024-06-28 06:55:22,454 [INFO] - Validation epoch stats:   Loss: 0.3644 - F1-Score: 0.8831 - Accuracy-Score: 0.8831 - AUROC: 0.9617 - AP: 0.8635
[37m2024-06-28 06:55:22,513 [INFO] - Epoch: 8/50
[37m2024-06-28 06:55:22,933 [INFO] - Training epoch stats:     Loss: 0.0468 - F1-Score: 0.9861 - Accuracy-Score: 0.9861 - AUROC: 0.9994 - AP: 0.9965
[37m2024-06-28 06:55:23,131 [INFO] - Validation epoch stats:   Loss: 0.3842 - F1-Score: 0.8821 - Accuracy-Score: 0.8821 - AUROC: 0.9602 - AP: 0.8617
[37m2024-06-28 06:55:23,186 [INFO] - Epoch: 9/50
[37m2024-06-28 06:55:23,985 [INFO] - Training epoch stats:     Loss: 0.0350 - F1-Score: 0.9910 - Accuracy-Score: 0.9910 - AUROC: 0.9997 - AP: 0.9986
[37m2024-06-28 06:55:24,159 [INFO] - Validation epoch stats:   Loss: 0.4196 - F1-Score: 0.8747 - Accuracy-Score: 0.8747 - AUROC: 0.9606 - AP: 0.8564
[37m2024-06-28 06:55:24,213 [INFO] - Epoch: 10/50
[37m2024-06-28 06:55:24,672 [INFO] - Training epoch stats:     Loss: 0.0271 - F1-Score: 0.9945 - Accuracy-Score: 0.9945 - AUROC: 0.9999 - AP: 0.9995
[37m2024-06-28 06:55:25,059 [INFO] - Validation epoch stats:   Loss: 0.4714 - F1-Score: 0.8749 - Accuracy-Score: 0.8749 - AUROC: 0.9610 - AP: 0.8621
[37m2024-06-28 06:55:25,099 [INFO] - Epoch: 11/50
[37m2024-06-28 06:55:25,424 [INFO] - Training epoch stats:     Loss: 0.0235 - F1-Score: 0.9943 - Accuracy-Score: 0.9943 - AUROC: 0.9999 - AP: 0.9994
[37m2024-06-28 06:55:25,576 [INFO] - Validation epoch stats:   Loss: 0.4375 - F1-Score: 0.8807 - Accuracy-Score: 0.8807 - AUROC: 0.9602 - AP: 0.8585
[37m2024-06-28 06:55:25,628 [INFO] - Epoch: 12/50
[37m2024-06-28 06:55:26,024 [INFO] - Training epoch stats:     Loss: 0.0185 - F1-Score: 0.9969 - Accuracy-Score: 0.9969 - AUROC: 0.9999 - AP: 0.9994
[37m2024-06-28 06:55:26,217 [INFO] - Validation epoch stats:   Loss: 0.4628 - F1-Score: 0.8800 - Accuracy-Score: 0.8800 - AUROC: 0.9579 - AP: 0.8566
[37m2024-06-28 06:55:26,274 [INFO] - Epoch: 13/50
[37m2024-06-28 06:55:26,545 [INFO] - Training epoch stats:     Loss: 0.0162 - F1-Score: 0.9962 - Accuracy-Score: 0.9962 - AUROC: 1.0000 - AP: 0.9998
[37m2024-06-28 06:55:26,701 [INFO] - Validation epoch stats:   Loss: 0.4685 - F1-Score: 0.8819 - Accuracy-Score: 0.8819 - AUROC: 0.9604 - AP: 0.8597
[37m2024-06-28 06:55:26,760 [INFO] - Epoch: 14/50
[37m2024-06-28 06:55:27,171 [INFO] - Training epoch stats:     Loss: 0.0167 - F1-Score: 0.9962 - Accuracy-Score: 0.9962 - AUROC: 0.9999 - AP: 0.9997
[37m2024-06-28 06:55:27,322 [INFO] - Validation epoch stats:   Loss: 0.4760 - F1-Score: 0.8814 - Accuracy-Score: 0.8814 - AUROC: 0.9591 - AP: 0.8593
[37m2024-06-28 06:55:27,374 [INFO] - Epoch: 15/50
[37m2024-06-28 06:55:27,603 [INFO] - Training epoch stats:     Loss: 0.0101 - F1-Score: 0.9984 - Accuracy-Score: 0.9984 - AUROC: 1.0000 - AP: 0.9999
[37m2024-06-28 06:55:27,799 [INFO] - Validation epoch stats:   Loss: 0.5369 - F1-Score: 0.8776 - Accuracy-Score: 0.8776 - AUROC: 0.9563 - AP: 0.8532
[37m2024-06-28 06:55:27,853 [INFO] - Epoch: 16/50
[37m2024-06-28 06:55:28,258 [INFO] - Training epoch stats:     Loss: 0.0107 - F1-Score: 0.9976 - Accuracy-Score: 0.9976 - AUROC: 1.0000 - AP: 0.9998
[37m2024-06-28 06:55:28,394 [INFO] - Validation epoch stats:   Loss: 0.5277 - F1-Score: 0.8812 - Accuracy-Score: 0.8812 - AUROC: 0.9587 - AP: 0.8579
[37m2024-06-28 06:55:28,452 [INFO] - Epoch: 17/50
[37m2024-06-28 06:55:28,740 [INFO] - Training epoch stats:     Loss: 0.0104 - F1-Score: 0.9986 - Accuracy-Score: 0.9986 - AUROC: 0.9999 - AP: 0.9995
[37m2024-06-28 06:55:29,186 [INFO] - Validation epoch stats:   Loss: 0.5595 - F1-Score: 0.8802 - Accuracy-Score: 0.8802 - AUROC: 0.9584 - AP: 0.8549
[37m2024-06-28 06:55:29,345 [INFO] - Epoch: 18/50
[37m2024-06-28 06:55:30,658 [INFO] - Training epoch stats:     Loss: 0.0078 - F1-Score: 0.9991 - Accuracy-Score: 0.9991 - AUROC: 1.0000 - AP: 0.9998
[37m2024-06-28 06:55:30,824 [INFO] - Validation epoch stats:   Loss: 0.5731 - F1-Score: 0.8788 - Accuracy-Score: 0.8788 - AUROC: 0.9598 - AP: 0.8465
[37m2024-06-28 06:55:30,917 [INFO] - Epoch: 19/50
[37m2024-06-28 06:55:31,325 [INFO] - Training epoch stats:     Loss: 0.0109 - F1-Score: 0.9981 - Accuracy-Score: 0.9981 - AUROC: 0.9998 - AP: 0.9994
[37m2024-06-28 06:55:31,555 [INFO] - Validation epoch stats:   Loss: 0.5832 - F1-Score: 0.8800 - Accuracy-Score: 0.8800 - AUROC: 0.9610 - AP: 0.8639
[37m2024-06-28 06:55:31,655 [INFO] - Epoch: 20/50
[37m2024-06-28 06:55:31,942 [INFO] - Training epoch stats:     Loss: 0.0090 - F1-Score: 0.9983 - Accuracy-Score: 0.9983 - AUROC: 0.9999 - AP: 0.9992
[37m2024-06-28 06:55:32,090 [INFO] - Validation epoch stats:   Loss: 0.5887 - F1-Score: 0.8781 - Accuracy-Score: 0.8781 - AUROC: 0.9586 - AP: 0.8598
[37m2024-06-28 06:55:32,145 [INFO] - Epoch: 21/50
[37m2024-06-28 06:55:32,447 [INFO] - Training epoch stats:     Loss: 0.0070 - F1-Score: 0.9986 - Accuracy-Score: 0.9986 - AUROC: 0.9999 - AP: 0.9998
[37m2024-06-28 06:55:32,601 [INFO] - Validation epoch stats:   Loss: 0.6466 - F1-Score: 0.8735 - Accuracy-Score: 0.8735 - AUROC: 0.9587 - AP: 0.8606
[37m2024-06-28 06:55:32,731 [INFO] - Epoch: 22/50
[37m2024-06-28 06:55:32,998 [INFO] - Training epoch stats:     Loss: 0.0080 - F1-Score: 0.9990 - Accuracy-Score: 0.9990 - AUROC: 1.0000 - AP: 0.9998
[37m2024-06-28 06:55:33,148 [INFO] - Validation epoch stats:   Loss: 0.6467 - F1-Score: 0.8792 - Accuracy-Score: 0.8792 - AUROC: 0.9591 - AP: 0.8553
[37m2024-06-28 06:55:33,207 [INFO] - Epoch: 23/50
[37m2024-06-28 06:55:33,486 [INFO] - Training epoch stats:     Loss: 0.0072 - F1-Score: 0.9986 - Accuracy-Score: 0.9986 - AUROC: 0.9999 - AP: 0.9997
[37m2024-06-28 06:55:33,633 [INFO] - Validation epoch stats:   Loss: 0.6189 - F1-Score: 0.8771 - Accuracy-Score: 0.8771 - AUROC: 0.9558 - AP: 0.8493
[37m2024-06-28 06:55:33,784 [INFO] - Epoch: 24/50
[37m2024-06-28 06:55:34,057 [INFO] - Training epoch stats:     Loss: 0.0078 - F1-Score: 0.9984 - Accuracy-Score: 0.9984 - AUROC: 0.9999 - AP: 0.9998
[37m2024-06-28 06:55:34,765 [INFO] - Validation epoch stats:   Loss: 0.6186 - F1-Score: 0.8819 - Accuracy-Score: 0.8819 - AUROC: 0.9630 - AP: 0.8553
[37m2024-06-28 06:55:34,766 [INFO] - Performing early stopping!
[37m2024-06-28 06:55:34,772 [INFO] - Finished run ga5eerak
