[37m2024-06-25 05:39:28,073 [INFO] - Instantiated Logger. WandB init and config update finished.
[37m2024-06-25 05:39:28,075 [INFO] - Run ist stored here: /cellvit/logs_paper/Head-Evaluation/ocelot/SAM-H/Amount/No-Aug/75/2024-06-25T053918_CellViT-SAM-H-75Percent
[37m2024-06-25 05:39:28,141 [INFO] - Cuda devices: [<torch.cuda.device object at 0x7f6369174430>]
[37m2024-06-25 05:39:28,142 [INFO] - Using GPU: cuda:0
[37m2024-06-25 05:39:28,147 [INFO] - Using device: cuda:0
[37m2024-06-25 05:39:28,152 [INFO] - Loss function:
[37m2024-06-25 05:39:28,157 [INFO] - CrossEntropyLoss()
[37m2024-06-25 05:40:10,370 [INFO] - <All keys matched successfully>
[37m2024-06-25 05:40:12,692 [INFO] -
==========================================================================================
Layer (type:depth-idx)                   Output Shape              Param #
==========================================================================================
LinearClassifier                         [1, 2]                    --
├─Linear: 1-1                            [1, 256]                  327,936
├─ReLU: 1-2                              [1, 256]                  --
├─Dropout: 1-3                           [1, 256]                  --
├─Linear: 1-4                            [1, 2]                    514
==========================================================================================
Total params: 328,450
Trainable params: 328,450
Non-trainable params: 0
Total mult-adds (M): 0.33
==========================================================================================
Input size (MB): 0.01
Forward/backward pass size (MB): 0.00
Params size (MB): 1.31
Estimated Total Size (MB): 1.32
==========================================================================================
[37m2024-06-25 05:40:12,696 [INFO] - Loaded AdamW Optimizer with following hyperparameters:
[37m2024-06-25 05:40:12,701 [INFO] - {'lr': 0.000454128407501709, 'betas': [0.85, 0.9], 'weight_decay': 0.00021428574971482908}
[37m2024-06-25 05:40:12,710 [INFO] - Using early stopping with a range of 10 and maximize strategy
[37m2024-06-25 05:40:12,766 [INFO] - Caching datasets
[37m2024-06-25 05:40:18,485 [INFO] - Instantiate Trainer
[37m2024-06-25 05:40:18,492 [INFO] - Calling Trainer Fit
[37m2024-06-25 05:40:18,492 [INFO] - Dataset is cached after first epoch
[37m2024-06-25 05:40:18,497 [INFO] - Starting training, total number of epochs: 50
[37m2024-06-25 05:40:18,502 [INFO] - Epoch: 1/50
[37m2024-06-25 05:40:27,353 [INFO] - Loaded dataset from cache: /OCELOT-Orig/cache/84ff0444f224cea42d2e9f33fc0e53f9333c53c5c8f6b90df557cf54024db013.h5
[37m2024-06-25 05:40:29,270 [INFO] - Training epoch stats:     Loss: 0.2492 - F1-Score: 0.9159 - Accuracy-Score: 0.8948 - AUROC: 0.9591 - AP: 0.9729
[37m2024-06-25 05:40:33,615 [INFO] - Loaded dataset from cache: /OCELOT-Orig/cache/9ff11b1b2a6bd112bf58be22b2a4e8e5324b0fa345815c6cbebb312c75de3bfd.h5
[37m2024-06-25 05:40:34,070 [INFO] - Validation epoch stats:   Loss: 0.3216 - F1-Score: 0.8988 - Accuracy-Score: 0.8701 - AUROC: 0.9365 - AP: 0.9611
[37m2024-06-25 05:40:34,071 [INFO] - New best model - save checkpoint
[37m2024-06-25 05:40:34,320 [INFO] - Epoch: 2/50
[37m2024-06-25 05:40:36,080 [INFO] - Training epoch stats:     Loss: 0.1430 - F1-Score: 0.9544 - Accuracy-Score: 0.9433 - AUROC: 0.9865 - AP: 0.9910
[37m2024-06-25 05:40:36,649 [INFO] - Validation epoch stats:   Loss: 0.3625 - F1-Score: 0.9005 - Accuracy-Score: 0.8663 - AUROC: 0.9392 - AP: 0.9635
[37m2024-06-25 05:40:36,651 [INFO] - New best model - save checkpoint
[37m2024-06-25 05:40:36,879 [INFO] - Epoch: 3/50
[37m2024-06-25 05:40:38,470 [INFO] - Training epoch stats:     Loss: 0.1017 - F1-Score: 0.9686 - Accuracy-Score: 0.9609 - AUROC: 0.9933 - AP: 0.9956
[37m2024-06-25 05:40:39,105 [INFO] - Validation epoch stats:   Loss: 0.4807 - F1-Score: 0.8619 - Accuracy-Score: 0.8315 - AUROC: 0.9201 - AP: 0.9507
[37m2024-06-25 05:40:39,230 [INFO] - Epoch: 4/50
[37m2024-06-25 05:40:40,968 [INFO] - Training epoch stats:     Loss: 0.0756 - F1-Score: 0.9776 - Accuracy-Score: 0.9722 - AUROC: 0.9963 - AP: 0.9976
[37m2024-06-25 05:40:41,466 [INFO] - Validation epoch stats:   Loss: 0.4364 - F1-Score: 0.8858 - Accuracy-Score: 0.8538 - AUROC: 0.9251 - AP: 0.9531
[37m2024-06-25 05:40:41,571 [INFO] - Epoch: 5/50
[37m2024-06-25 05:40:43,267 [INFO] - Training epoch stats:     Loss: 0.0545 - F1-Score: 0.9849 - Accuracy-Score: 0.9813 - AUROC: 0.9982 - AP: 0.9988
[37m2024-06-25 05:40:43,719 [INFO] - Validation epoch stats:   Loss: 0.4606 - F1-Score: 0.8873 - Accuracy-Score: 0.8555 - AUROC: 0.9260 - AP: 0.9522
[37m2024-06-25 05:40:43,809 [INFO] - Epoch: 6/50
[37m2024-06-25 05:40:45,468 [INFO] - Training epoch stats:     Loss: 0.0401 - F1-Score: 0.9892 - Accuracy-Score: 0.9866 - AUROC: 0.9991 - AP: 0.9994
[37m2024-06-25 05:40:45,974 [INFO] - Validation epoch stats:   Loss: 0.5067 - F1-Score: 0.8809 - Accuracy-Score: 0.8485 - AUROC: 0.9223 - AP: 0.9494
[37m2024-06-25 05:40:46,064 [INFO] - Epoch: 7/50
[37m2024-06-25 05:40:47,776 [INFO] - Training epoch stats:     Loss: 0.0301 - F1-Score: 0.9924 - Accuracy-Score: 0.9906 - AUROC: 0.9995 - AP: 0.9997
[37m2024-06-25 05:40:48,279 [INFO] - Validation epoch stats:   Loss: 0.5363 - F1-Score: 0.8895 - Accuracy-Score: 0.8579 - AUROC: 0.9263 - AP: 0.9503
[37m2024-06-25 05:40:48,376 [INFO] - Epoch: 8/50
[37m2024-06-25 05:40:49,960 [INFO] - Training epoch stats:     Loss: 0.0227 - F1-Score: 0.9947 - Accuracy-Score: 0.9935 - AUROC: 0.9997 - AP: 0.9998
[37m2024-06-25 05:40:50,395 [INFO] - Validation epoch stats:   Loss: 0.6023 - F1-Score: 0.8835 - Accuracy-Score: 0.8510 - AUROC: 0.9210 - AP: 0.9455
[37m2024-06-25 05:40:50,487 [INFO] - Epoch: 9/50
[37m2024-06-25 05:40:52,063 [INFO] - Training epoch stats:     Loss: 0.0169 - F1-Score: 0.9963 - Accuracy-Score: 0.9955 - AUROC: 0.9999 - AP: 0.9999
[37m2024-06-25 05:40:52,511 [INFO] - Validation epoch stats:   Loss: 0.6372 - F1-Score: 0.8812 - Accuracy-Score: 0.8500 - AUROC: 0.9240 - AP: 0.9479
[37m2024-06-25 05:40:52,627 [INFO] - Epoch: 10/50
[37m2024-06-25 05:40:54,475 [INFO] - Training epoch stats:     Loss: 0.0117 - F1-Score: 0.9978 - Accuracy-Score: 0.9972 - AUROC: 1.0000 - AP: 1.0000
[37m2024-06-25 05:40:54,955 [INFO] - Validation epoch stats:   Loss: 0.6473 - F1-Score: 0.8847 - Accuracy-Score: 0.8536 - AUROC: 0.9266 - AP: 0.9495
[37m2024-06-25 05:40:55,072 [INFO] - Epoch: 11/50
[37m2024-06-25 05:40:57,059 [INFO] - Training epoch stats:     Loss: 0.0096 - F1-Score: 0.9982 - Accuracy-Score: 0.9977 - AUROC: 1.0000 - AP: 1.0000
[37m2024-06-25 05:40:57,394 [INFO] - Validation epoch stats:   Loss: 0.6633 - F1-Score: 0.8921 - Accuracy-Score: 0.8611 - AUROC: 0.9292 - AP: 0.9504
[37m2024-06-25 05:40:57,487 [INFO] - Epoch: 12/50
[37m2024-06-25 05:40:58,660 [INFO] - Training epoch stats:     Loss: 0.0080 - F1-Score: 0.9985 - Accuracy-Score: 0.9982 - AUROC: 1.0000 - AP: 1.0000
[37m2024-06-25 05:40:58,960 [INFO] - Validation epoch stats:   Loss: 0.7321 - F1-Score: 0.8850 - Accuracy-Score: 0.8531 - AUROC: 0.9202 - AP: 0.9413
[37m2024-06-25 05:40:58,961 [INFO] - Performing early stopping!
[37m2024-06-25 05:40:58,968 [INFO] - Finished run at2lo5by
