[37m2024-06-21 13:37:04,030 [INFO] - Instantiated Logger. WandB init and config update finished.
[37m2024-06-21 13:37:04,031 [INFO] - Run ist stored here: /cellvit/logs_paper/Head-Evaluation/ocelot/UNI/Amount/Aug/75/2024-06-21T133655_CellViT-UNI-75Percent
[37m2024-06-21 13:37:04,097 [INFO] - Cuda devices: [<torch.cuda.device object at 0x7f6fba78c640>]
[37m2024-06-21 13:37:04,098 [INFO] - Using GPU: cuda:0
[37m2024-06-21 13:37:04,103 [INFO] - Using device: cuda:0
[37m2024-06-21 13:37:04,108 [INFO] - Loss function:
[37m2024-06-21 13:37:04,112 [INFO] - CrossEntropyLoss()
[37m2024-06-21 13:37:16,657 [INFO] - <All keys matched successfully>
[37m2024-06-21 13:37:17,417 [INFO] -
==========================================================================================
Layer (type:depth-idx)                   Output Shape              Param #
==========================================================================================
LinearClassifier                         [1, 2]                    --
├─Linear: 1-1                            [1, 256]                  262,400
├─ReLU: 1-2                              [1, 256]                  --
├─Dropout: 1-3                           [1, 256]                  --
├─Linear: 1-4                            [1, 2]                    514
==========================================================================================
Total params: 262,914
Trainable params: 262,914
Non-trainable params: 0
Total mult-adds (M): 0.26
==========================================================================================
Input size (MB): 0.00
Forward/backward pass size (MB): 0.00
Params size (MB): 1.05
Estimated Total Size (MB): 1.06
==========================================================================================
[37m2024-06-21 13:37:17,424 [INFO] - Loaded AdamW Optimizer with following hyperparameters:
[37m2024-06-21 13:37:17,429 [INFO] - {'lr': 5e-05, 'betas': [0.85, 0.9], 'weight_decay': 0.00055}
[37m2024-06-21 13:37:17,434 [INFO] - Using early stopping with a range of 10 and maximize strategy
[37m2024-06-21 13:37:17,458 [INFO] - Caching datasets
[37m2024-06-21 13:37:22,650 [INFO] - Instantiate Trainer
[37m2024-06-21 13:37:22,660 [INFO] - Calling Trainer Fit
[37m2024-06-21 13:37:22,666 [INFO] - Starting training, total number of epochs: 50
[37m2024-06-21 13:37:22,671 [INFO] - Epoch: 1/50
[37m2024-06-21 13:37:22,680 [INFO] - Extracting training cells
[37m2024-06-21 13:39:35,693 [INFO] - Extraction detection metrics - F1: 0.670, Precision: 0.637, Recall: 0.770, Detected-Cells: 36706
[37m2024-06-21 13:39:36,852 [INFO] - Training epoch stats:     Loss: 0.4562 - F1-Score: 0.8527 - Accuracy-Score: 0.8023 - AUROC: 0.8989 - AP: 0.9317
[37m2024-06-21 13:39:40,262 [INFO] - Loaded dataset from cache: /OCELOT-Orig/cache/bfeb7101834d8ce2518bc9a605646d8528eb104e9be34cc187c069953e6c8b62.h5
[37m2024-06-21 13:39:40,889 [INFO] - Validation epoch stats:   Loss: 0.3462 - F1-Score: 0.9041 - Accuracy-Score: 0.8777 - AUROC: 0.9340 - AP: 0.9564
[37m2024-06-21 13:39:40,895 [INFO] - New best model - save checkpoint
[37m2024-06-21 13:39:41,095 [INFO] - Epoch: 2/50
[37m2024-06-21 13:39:41,101 [INFO] - Extracting training cells
[37m2024-06-21 13:41:45,943 [INFO] - Extraction detection metrics - F1: 0.670, Precision: 0.638, Recall: 0.764, Detected-Cells: 36195
[37m2024-06-21 13:41:47,000 [INFO] - Training epoch stats:     Loss: 0.2683 - F1-Score: 0.9133 - Accuracy-Score: 0.8931 - AUROC: 0.9570 - AP: 0.9694
[37m2024-06-21 13:41:47,409 [INFO] - Validation epoch stats:   Loss: 0.3264 - F1-Score: 0.8982 - Accuracy-Score: 0.8700 - AUROC: 0.9306 - AP: 0.9538
[37m2024-06-21 13:41:47,477 [INFO] - Epoch: 3/50
[37m2024-06-21 13:41:47,482 [INFO] - Extracting training cells
[37m2024-06-21 13:43:59,709 [INFO] - Extraction detection metrics - F1: 0.665, Precision: 0.630, Recall: 0.767, Detected-Cells: 36103
[37m2024-06-21 13:44:01,169 [INFO] - Training epoch stats:     Loss: 0.2385 - F1-Score: 0.9262 - Accuracy-Score: 0.9070 - AUROC: 0.9634 - AP: 0.9753
[37m2024-06-21 13:44:01,671 [INFO] - Validation epoch stats:   Loss: 0.3338 - F1-Score: 0.8983 - Accuracy-Score: 0.8691 - AUROC: 0.9254 - AP: 0.9487
[37m2024-06-21 13:44:01,750 [INFO] - Epoch: 4/50
[37m2024-06-21 13:44:01,755 [INFO] - Extracting training cells
[37m2024-06-21 13:46:10,041 [INFO] - Extraction detection metrics - F1: 0.667, Precision: 0.632, Recall: 0.764, Detected-Cells: 36284
[37m2024-06-21 13:46:13,258 [INFO] - Training epoch stats:     Loss: 0.2272 - F1-Score: 0.9286 - Accuracy-Score: 0.9113 - AUROC: 0.9660 - AP: 0.9751
[37m2024-06-21 13:46:14,398 [INFO] - Validation epoch stats:   Loss: 0.3461 - F1-Score: 0.8908 - Accuracy-Score: 0.8596 - AUROC: 0.9199 - AP: 0.9449
[37m2024-06-21 13:46:14,556 [INFO] - Epoch: 5/50
[37m2024-06-21 13:46:14,562 [INFO] - Extracting training cells
[37m2024-06-21 13:48:23,362 [INFO] - Extraction detection metrics - F1: 0.667, Precision: 0.629, Recall: 0.773, Detected-Cells: 36149
[37m2024-06-21 13:48:27,172 [INFO] - Training epoch stats:     Loss: 0.2115 - F1-Score: 0.9342 - Accuracy-Score: 0.9187 - AUROC: 0.9706 - AP: 0.9787
[37m2024-06-21 13:48:29,060 [INFO] - Validation epoch stats:   Loss: 0.3566 - F1-Score: 0.8836 - Accuracy-Score: 0.8523 - AUROC: 0.9172 - AP: 0.9422
[37m2024-06-21 13:48:29,133 [INFO] - Epoch: 6/50
[37m2024-06-21 13:48:29,139 [INFO] - Extracting training cells
[37m2024-06-21 13:50:35,124 [INFO] - Extraction detection metrics - F1: 0.668, Precision: 0.637, Recall: 0.766, Detected-Cells: 36164
[37m2024-06-21 13:50:37,269 [INFO] - Training epoch stats:     Loss: 0.2028 - F1-Score: 0.9377 - Accuracy-Score: 0.9224 - AUROC: 0.9728 - AP: 0.9799
[37m2024-06-21 13:50:38,666 [INFO] - Validation epoch stats:   Loss: 0.3755 - F1-Score: 0.8757 - Accuracy-Score: 0.8442 - AUROC: 0.9120 - AP: 0.9382
[37m2024-06-21 13:50:38,742 [INFO] - Epoch: 7/50
[37m2024-06-21 13:50:38,755 [INFO] - Extracting training cells
[37m2024-06-21 13:52:50,551 [INFO] - Extraction detection metrics - F1: 0.664, Precision: 0.632, Recall: 0.764, Detected-Cells: 36319
[37m2024-06-21 13:52:53,967 [INFO] - Training epoch stats:     Loss: 0.1884 - F1-Score: 0.9427 - Accuracy-Score: 0.9289 - AUROC: 0.9764 - AP: 0.9829
[37m2024-06-21 13:52:55,469 [INFO] - Validation epoch stats:   Loss: 0.3897 - F1-Score: 0.8737 - Accuracy-Score: 0.8421 - AUROC: 0.9098 - AP: 0.9358
[37m2024-06-21 13:52:55,623 [INFO] - Epoch: 8/50
[37m2024-06-21 13:52:55,655 [INFO] - Extracting training cells
[37m2024-06-21 13:55:07,692 [INFO] - Extraction detection metrics - F1: 0.669, Precision: 0.635, Recall: 0.770, Detected-Cells: 36916
[37m2024-06-21 13:55:10,771 [INFO] - Training epoch stats:     Loss: 0.1857 - F1-Score: 0.9436 - Accuracy-Score: 0.9295 - AUROC: 0.9769 - AP: 0.9839
[37m2024-06-21 13:55:12,068 [INFO] - Validation epoch stats:   Loss: 0.3911 - F1-Score: 0.8760 - Accuracy-Score: 0.8444 - AUROC: 0.9083 - AP: 0.9336
[37m2024-06-21 13:55:12,256 [INFO] - Epoch: 9/50
[37m2024-06-21 13:55:12,263 [INFO] - Extracting training cells
[37m2024-06-21 13:57:20,477 [INFO] - Extraction detection metrics - F1: 0.666, Precision: 0.631, Recall: 0.767, Detected-Cells: 35929
[37m2024-06-21 13:57:22,269 [INFO] - Training epoch stats:     Loss: 0.1821 - F1-Score: 0.9453 - Accuracy-Score: 0.9322 - AUROC: 0.9774 - AP: 0.9826
[37m2024-06-21 13:57:23,765 [INFO] - Validation epoch stats:   Loss: 0.4053 - F1-Score: 0.8702 - Accuracy-Score: 0.8377 - AUROC: 0.9049 - AP: 0.9309
[37m2024-06-21 13:57:23,956 [INFO] - Epoch: 10/50
[37m2024-06-21 13:57:23,962 [INFO] - Extracting training cells
[37m2024-06-21 13:59:35,664 [INFO] - Extraction detection metrics - F1: 0.666, Precision: 0.635, Recall: 0.766, Detected-Cells: 36811
[37m2024-06-21 13:59:39,059 [INFO] - Training epoch stats:     Loss: 0.1726 - F1-Score: 0.9487 - Accuracy-Score: 0.9363 - AUROC: 0.9799 - AP: 0.9855
[37m2024-06-21 13:59:40,469 [INFO] - Validation epoch stats:   Loss: 0.4002 - F1-Score: 0.8760 - Accuracy-Score: 0.8438 - AUROC: 0.9068 - AP: 0.9310
[37m2024-06-21 13:59:40,532 [INFO] - Epoch: 11/50
[37m2024-06-21 13:59:40,555 [INFO] - Extracting training cells
[37m2024-06-21 14:01:51,732 [INFO] - Extraction detection metrics - F1: 0.666, Precision: 0.635, Recall: 0.763, Detected-Cells: 36210
[37m2024-06-21 14:01:54,264 [INFO] - Training epoch stats:     Loss: 0.1619 - F1-Score: 0.9502 - Accuracy-Score: 0.9390 - AUROC: 0.9824 - AP: 0.9871
[37m2024-06-21 14:01:55,967 [INFO] - Validation epoch stats:   Loss: 0.4158 - F1-Score: 0.8697 - Accuracy-Score: 0.8377 - AUROC: 0.9046 - AP: 0.9286
[37m2024-06-21 14:01:55,974 [INFO] - Performing early stopping!
[37m2024-06-21 14:01:56,057 [INFO] - Finished run rq4wl8rc
