[37m2024-06-24 09:06:44,828 [INFO] - Instantiated Logger. WandB init and config update finished.
[37m2024-06-24 09:06:44,829 [INFO] - Run ist stored here: /cellvit/logs_paper/Head-Evaluation/ocelot/UNI/Amount/No-Aug/25/2024-06-24T090633_CellViT-UNI-25Percent
[37m2024-06-24 09:06:44,886 [INFO] - Cuda devices: [<torch.cuda.device object at 0x7f3033b94490>]
[37m2024-06-24 09:06:44,887 [INFO] - Using GPU: cuda:0
[37m2024-06-24 09:06:44,892 [INFO] - Using device: cuda:0
[37m2024-06-24 09:06:44,898 [INFO] - Loss function:
[37m2024-06-24 09:06:44,902 [INFO] - CrossEntropyLoss()
[37m2024-06-24 09:07:11,976 [INFO] - <All keys matched successfully>
[37m2024-06-24 09:07:13,449 [INFO] -
==========================================================================================
Layer (type:depth-idx)                   Output Shape              Param #
==========================================================================================
LinearClassifier                         [1, 2]                    --
├─Linear: 1-1                            [1, 256]                  262,400
├─ReLU: 1-2                              [1, 256]                  --
├─Dropout: 1-3                           [1, 256]                  --
├─Linear: 1-4                            [1, 2]                    514
==========================================================================================
Total params: 262,914
Trainable params: 262,914
Non-trainable params: 0
Total mult-adds (M): 0.26
==========================================================================================
Input size (MB): 0.00
Forward/backward pass size (MB): 0.00
Params size (MB): 1.05
Estimated Total Size (MB): 1.06
==========================================================================================
[37m2024-06-24 09:07:13,451 [INFO] - Loaded AdamW Optimizer with following hyperparameters:
[37m2024-06-24 09:07:13,455 [INFO] - {'lr': 5e-05, 'betas': [0.85, 0.9], 'weight_decay': 0.00055}
[37m2024-06-24 09:07:13,460 [INFO] - Using early stopping with a range of 10 and maximize strategy
[37m2024-06-24 09:07:13,478 [INFO] - Caching datasets
[37m2024-06-24 09:07:16,393 [INFO] - Instantiate Trainer
[37m2024-06-24 09:07:16,399 [INFO] - Calling Trainer Fit
[37m2024-06-24 09:07:16,400 [INFO] - Dataset is cached after first epoch
[37m2024-06-24 09:07:16,406 [INFO] - Starting training, total number of epochs: 50
[37m2024-06-24 09:07:16,411 [INFO] - Epoch: 1/50
[37m2024-06-24 09:07:16,418 [INFO] - Extracting training cells
[37m2024-06-24 09:08:09,444 [INFO] - Extraction detection metrics - F1: 0.679, Precision: 0.652, Recall: 0.773, Detected-Cells: 14056
[37m2024-06-24 09:08:09,446 [INFO] - Caching dataset 6ff1014e40c97dcb9e699849ac95178b5f5b1254d1507985674d1039458fccc3 to disk...
[37m2024-06-24 09:08:20,747 [INFO] - Training epoch stats:     Loss: 0.5468 - F1-Score: 0.8280 - Accuracy-Score: 0.7371 - AUROC: 0.8754 - AP: 0.9246
[37m2024-06-24 09:08:24,044 [INFO] - Loaded dataset from cache: /OCELOT-Orig/cache/bfeb7101834d8ce2518bc9a605646d8528eb104e9be34cc187c069953e6c8b62.h5
[37m2024-06-24 09:08:24,393 [INFO] - Validation epoch stats:   Loss: 0.4670 - F1-Score: 0.8697 - Accuracy-Score: 0.8155 - AUROC: 0.9290 - AP: 0.9542
[37m2024-06-24 09:08:24,394 [INFO] - New best model - save checkpoint
[37m2024-06-24 09:08:24,562 [INFO] - Epoch: 2/50
[37m2024-06-24 09:08:25,068 [INFO] - Training epoch stats:     Loss: 0.3506 - F1-Score: 0.9147 - Accuracy-Score: 0.8846 - AUROC: 0.9569 - AP: 0.9739
[37m2024-06-24 09:08:25,415 [INFO] - Validation epoch stats:   Loss: 0.3616 - F1-Score: 0.9001 - Accuracy-Score: 0.8707 - AUROC: 0.9289 - AP: 0.9551
[37m2024-06-24 09:08:25,465 [INFO] - Epoch: 3/50
[37m2024-06-24 09:08:25,948 [INFO] - Training epoch stats:     Loss: 0.2484 - F1-Score: 0.9347 - Accuracy-Score: 0.9147 - AUROC: 0.9696 - AP: 0.9816
[37m2024-06-24 09:08:26,308 [INFO] - Validation epoch stats:   Loss: 0.3310 - F1-Score: 0.9014 - Accuracy-Score: 0.8733 - AUROC: 0.9296 - AP: 0.9543
[37m2024-06-24 09:08:26,309 [INFO] - New best model - save checkpoint
[37m2024-06-24 09:08:26,489 [INFO] - Epoch: 4/50
[37m2024-06-24 09:08:27,193 [INFO] - Training epoch stats:     Loss: 0.2013 - F1-Score: 0.9466 - Accuracy-Score: 0.9307 - AUROC: 0.9772 - AP: 0.9861
[37m2024-06-24 09:08:27,783 [INFO] - Validation epoch stats:   Loss: 0.3288 - F1-Score: 0.9005 - Accuracy-Score: 0.8731 - AUROC: 0.9291 - AP: 0.9531
[37m2024-06-24 09:08:27,837 [INFO] - Epoch: 5/50
[37m2024-06-24 09:08:28,458 [INFO] - Training epoch stats:     Loss: 0.1750 - F1-Score: 0.9515 - Accuracy-Score: 0.9373 - AUROC: 0.9819 - AP: 0.9890
[37m2024-06-24 09:08:28,907 [INFO] - Validation epoch stats:   Loss: 0.3312 - F1-Score: 0.8985 - Accuracy-Score: 0.8700 - AUROC: 0.9281 - AP: 0.9515
[37m2024-06-24 09:08:28,965 [INFO] - Epoch: 6/50
[37m2024-06-24 09:08:29,340 [INFO] - Training epoch stats:     Loss: 0.1595 - F1-Score: 0.9553 - Accuracy-Score: 0.9422 - AUROC: 0.9844 - AP: 0.9906
[37m2024-06-24 09:08:29,689 [INFO] - Validation epoch stats:   Loss: 0.3359 - F1-Score: 0.8985 - Accuracy-Score: 0.8697 - AUROC: 0.9272 - AP: 0.9503
[37m2024-06-24 09:08:29,751 [INFO] - Epoch: 7/50
[37m2024-06-24 09:08:30,134 [INFO] - Training epoch stats:     Loss: 0.1486 - F1-Score: 0.9575 - Accuracy-Score: 0.9451 - AUROC: 0.9862 - AP: 0.9917
[37m2024-06-24 09:08:30,484 [INFO] - Validation epoch stats:   Loss: 0.3418 - F1-Score: 0.8979 - Accuracy-Score: 0.8684 - AUROC: 0.9257 - AP: 0.9487
[37m2024-06-24 09:08:30,540 [INFO] - Epoch: 8/50
[37m2024-06-24 09:08:30,972 [INFO] - Training epoch stats:     Loss: 0.1397 - F1-Score: 0.9596 - Accuracy-Score: 0.9479 - AUROC: 0.9877 - AP: 0.9926
[37m2024-06-24 09:08:31,336 [INFO] - Validation epoch stats:   Loss: 0.3486 - F1-Score: 0.8961 - Accuracy-Score: 0.8669 - AUROC: 0.9244 - AP: 0.9475
[37m2024-06-24 09:08:31,391 [INFO] - Epoch: 9/50
[37m2024-06-24 09:08:32,359 [INFO] - Training epoch stats:     Loss: 0.1340 - F1-Score: 0.9612 - Accuracy-Score: 0.9498 - AUROC: 0.9886 - AP: 0.9933
[37m2024-06-24 09:08:32,968 [INFO] - Validation epoch stats:   Loss: 0.3561 - F1-Score: 0.8943 - Accuracy-Score: 0.8651 - AUROC: 0.9232 - AP: 0.9464
[37m2024-06-24 09:08:33,030 [INFO] - Epoch: 10/50
[37m2024-06-24 09:08:33,737 [INFO] - Training epoch stats:     Loss: 0.1288 - F1-Score: 0.9627 - Accuracy-Score: 0.9518 - AUROC: 0.9892 - AP: 0.9935
[37m2024-06-24 09:08:34,082 [INFO] - Validation epoch stats:   Loss: 0.3619 - F1-Score: 0.8932 - Accuracy-Score: 0.8637 - AUROC: 0.9223 - AP: 0.9457
[37m2024-06-24 09:08:34,138 [INFO] - Epoch: 11/50
[37m2024-06-24 09:08:34,508 [INFO] - Training epoch stats:     Loss: 0.1241 - F1-Score: 0.9637 - Accuracy-Score: 0.9531 - AUROC: 0.9901 - AP: 0.9942
[37m2024-06-24 09:08:34,855 [INFO] - Validation epoch stats:   Loss: 0.3676 - F1-Score: 0.8922 - Accuracy-Score: 0.8627 - AUROC: 0.9214 - AP: 0.9447
[37m2024-06-24 09:08:34,913 [INFO] - Epoch: 12/50
[37m2024-06-24 09:08:35,303 [INFO] - Training epoch stats:     Loss: 0.1201 - F1-Score: 0.9645 - Accuracy-Score: 0.9541 - AUROC: 0.9907 - AP: 0.9946
[37m2024-06-24 09:08:35,653 [INFO] - Validation epoch stats:   Loss: 0.3734 - F1-Score: 0.8926 - Accuracy-Score: 0.8627 - AUROC: 0.9206 - AP: 0.9438
[37m2024-06-24 09:08:35,712 [INFO] - Epoch: 13/50
[37m2024-06-24 09:08:36,193 [INFO] - Training epoch stats:     Loss: 0.1163 - F1-Score: 0.9660 - Accuracy-Score: 0.9561 - AUROC: 0.9912 - AP: 0.9948
[37m2024-06-24 09:08:36,644 [INFO] - Validation epoch stats:   Loss: 0.3752 - F1-Score: 0.8934 - Accuracy-Score: 0.8631 - AUROC: 0.9204 - AP: 0.9434
[37m2024-06-24 09:08:36,645 [INFO] - Performing early stopping!
[37m2024-06-24 09:08:36,650 [INFO] - Finished run wmy1ikmo
