[37m2024-06-28 11:30:29,669 [INFO] - Instantiated Logger. WandB init and config update finished.
[37m2024-06-28 11:30:29,670 [INFO] - Run ist stored here: /cellvit/logs_paper/Head-Evaluation/CoNSeP/SAM-H/Amount-DA/2024-06-28T113021_Amount-7-Seed-5
[37m2024-06-28 11:30:29,732 [INFO] - Cuda devices: [<torch.cuda.device object at 0x7f8833564820>]
[37m2024-06-28 11:30:29,733 [INFO] - Using GPU: cuda:0
[37m2024-06-28 11:30:29,737 [INFO] - Using device: cuda:0
[37m2024-06-28 11:30:29,741 [INFO] - Loss function:
[37m2024-06-28 11:30:29,745 [INFO] - CrossEntropyLoss()
[37m2024-06-28 11:30:50,982 [INFO] - <All keys matched successfully>
[37m2024-06-28 11:30:52,711 [INFO] -
==========================================================================================
Layer (type:depth-idx)                   Output Shape              Param #
==========================================================================================
LinearClassifier                         [1, 4]                    --
├─Linear: 1-1                            [1, 128]                  163,968
├─ReLU: 1-2                              [1, 128]                  --
├─Dropout: 1-3                           [1, 128]                  --
├─Linear: 1-4                            [1, 4]                    516
==========================================================================================
Total params: 164,484
Trainable params: 164,484
Non-trainable params: 0
Total mult-adds (M): 0.16
==========================================================================================
Input size (MB): 0.01
Forward/backward pass size (MB): 0.00
Params size (MB): 0.66
Estimated Total Size (MB): 0.66
==========================================================================================
[37m2024-06-28 11:30:52,713 [INFO] - Loaded AdamW Optimizer with following hyperparameters:
[37m2024-06-28 11:30:52,718 [INFO] - {'betas': [0.85, 0.9], 'lr': 0.0005, 'weight_decay': 0.0005}
[37m2024-06-28 11:30:52,723 [INFO] - Using early stopping with a range of 20 and maximize strategy
[37m2024-06-28 11:30:52,735 [INFO] - Caching datasets
[37m2024-06-28 11:30:53,576 [INFO] - Instantiate Trainer
[37m2024-06-28 11:30:53,580 [INFO] - Calling Trainer Fit
[37m2024-06-28 11:30:53,583 [INFO] - Starting training, total number of epochs: 50
[37m2024-06-28 11:30:53,588 [INFO] - Epoch: 1/50
[37m2024-06-28 11:30:53,593 [INFO] - Extracting training cells
[37m2024-06-28 11:31:02,980 [INFO] - Extraction detection metrics - F1: 0.739, Precision: 0.848, Recall: 0.679, Detected-Cells: 2987
[37m2024-06-28 11:31:03,172 [INFO] - Training epoch stats:     Loss: 0.7667 - F1-Score: 0.6987 - Accuracy-Score: 0.6987 - AUROC: 0.8465 - AP: 0.6271
[37m2024-06-28 11:31:04,372 [INFO] - Loaded dataset from cache: /Consep/cache/1f728da27af6daed7b166ce5447f5dec18916e3679cb7b74ddaefb4a67df10d2.h5
[37m2024-06-28 11:31:04,499 [INFO] - Validation epoch stats:   Loss: 0.3886 - F1-Score: 0.8502 - Accuracy-Score: 0.8502 - AUROC: 0.9539 - AP: 0.8422
[37m2024-06-28 11:31:04,500 [INFO] - New best model - save checkpoint
[37m2024-06-28 11:31:04,665 [INFO] - Epoch: 2/50
[37m2024-06-28 11:31:04,666 [INFO] - Extracting training cells
[37m2024-06-28 11:31:09,969 [INFO] - Extraction detection metrics - F1: 0.755, Precision: 0.847, Recall: 0.708, Detected-Cells: 2775
[37m2024-06-28 11:31:10,084 [INFO] - Training epoch stats:     Loss: 0.5437 - F1-Score: 0.8360 - Accuracy-Score: 0.8360 - AUROC: 0.9337 - AP: 0.7989
[37m2024-06-28 11:31:10,223 [INFO] - Validation epoch stats:   Loss: 0.4915 - F1-Score: 0.8157 - Accuracy-Score: 0.8157 - AUROC: 0.9472 - AP: 0.8319
[37m2024-06-28 11:31:10,286 [INFO] - Epoch: 3/50
[37m2024-06-28 11:31:10,287 [INFO] - Extracting training cells
[37m2024-06-28 11:31:16,044 [INFO] - Extraction detection metrics - F1: 0.756, Precision: 0.843, Recall: 0.703, Detected-Cells: 2981
[37m2024-06-28 11:31:16,413 [INFO] - Training epoch stats:     Loss: 0.3164 - F1-Score: 0.8859 - Accuracy-Score: 0.8859 - AUROC: 0.9705 - AP: 0.8760
[37m2024-06-28 11:31:16,551 [INFO] - Validation epoch stats:   Loss: 0.4009 - F1-Score: 0.8536 - Accuracy-Score: 0.8536 - AUROC: 0.9545 - AP: 0.8444
[37m2024-06-28 11:31:16,551 [INFO] - New best model - save checkpoint
[37m2024-06-28 11:31:16,705 [INFO] - Epoch: 4/50
[37m2024-06-28 11:31:16,706 [INFO] - Extracting training cells
[37m2024-06-28 11:31:22,107 [INFO] - Extraction detection metrics - F1: 0.713, Precision: 0.824, Recall: 0.656, Detected-Cells: 2923
[37m2024-06-28 11:31:22,475 [INFO] - Training epoch stats:     Loss: 0.2413 - F1-Score: 0.9107 - Accuracy-Score: 0.9107 - AUROC: 0.9821 - AP: 0.9227
[37m2024-06-28 11:31:22,668 [INFO] - Validation epoch stats:   Loss: 0.3696 - F1-Score: 0.8630 - Accuracy-Score: 0.8630 - AUROC: 0.9596 - AP: 0.8500
[37m2024-06-28 11:31:22,669 [INFO] - New best model - save checkpoint
[37m2024-06-28 11:31:22,813 [INFO] - Epoch: 5/50
[37m2024-06-28 11:31:22,814 [INFO] - Extracting training cells
[37m2024-06-28 11:31:27,945 [INFO] - Extraction detection metrics - F1: 0.691, Precision: 0.769, Recall: 0.644, Detected-Cells: 2189
[37m2024-06-28 11:31:28,033 [INFO] - Training epoch stats:     Loss: 0.4332 - F1-Score: 0.8648 - Accuracy-Score: 0.8648 - AUROC: 0.9590 - AP: 0.8238
[37m2024-06-28 11:31:28,169 [INFO] - Validation epoch stats:   Loss: 0.4287 - F1-Score: 0.8387 - Accuracy-Score: 0.8387 - AUROC: 0.9533 - AP: 0.8412
[37m2024-06-28 11:31:28,231 [INFO] - Epoch: 6/50
[37m2024-06-28 11:31:28,232 [INFO] - Extracting training cells
[37m2024-06-28 11:31:33,838 [INFO] - Extraction detection metrics - F1: 0.779, Precision: 0.855, Recall: 0.736, Detected-Cells: 3051
[37m2024-06-28 11:31:33,943 [INFO] - Training epoch stats:     Loss: 0.3831 - F1-Score: 0.8686 - Accuracy-Score: 0.8686 - AUROC: 0.9657 - AP: 0.9057
[37m2024-06-28 11:31:34,057 [INFO] - Validation epoch stats:   Loss: 0.4194 - F1-Score: 0.8486 - Accuracy-Score: 0.8486 - AUROC: 0.9515 - AP: 0.8414
[37m2024-06-28 11:31:34,122 [INFO] - Epoch: 7/50
[37m2024-06-28 11:31:34,122 [INFO] - Extracting training cells
[37m2024-06-28 11:31:39,147 [INFO] - Extraction detection metrics - F1: 0.744, Precision: 0.826, Recall: 0.702, Detected-Cells: 2085
[37m2024-06-28 11:31:39,227 [INFO] - Training epoch stats:     Loss: 0.3787 - F1-Score: 0.8763 - Accuracy-Score: 0.8763 - AUROC: 0.9660 - AP: 0.8800
[37m2024-06-28 11:31:39,364 [INFO] - Validation epoch stats:   Loss: 0.3628 - F1-Score: 0.8701 - Accuracy-Score: 0.8701 - AUROC: 0.9602 - AP: 0.8447
[37m2024-06-28 11:31:39,365 [INFO] - New best model - save checkpoint
[37m2024-06-28 11:31:39,547 [INFO] - Epoch: 8/50
[37m2024-06-28 11:31:39,548 [INFO] - Extracting training cells
[37m2024-06-28 11:31:45,208 [INFO] - Extraction detection metrics - F1: 0.756, Precision: 0.848, Recall: 0.707, Detected-Cells: 3093
[37m2024-06-28 11:31:45,305 [INFO] - Training epoch stats:     Loss: 0.2179 - F1-Score: 0.9218 - Accuracy-Score: 0.9218 - AUROC: 0.9861 - AP: 0.9357
[37m2024-06-28 11:31:45,427 [INFO] - Validation epoch stats:   Loss: 0.3642 - F1-Score: 0.8685 - Accuracy-Score: 0.8685 - AUROC: 0.9608 - AP: 0.8480
[37m2024-06-28 11:31:45,428 [INFO] - New best model - save checkpoint
[37m2024-06-28 11:31:45,618 [INFO] - Epoch: 9/50
[37m2024-06-28 11:31:45,618 [INFO] - Extracting training cells
[37m2024-06-28 11:31:51,319 [INFO] - Extraction detection metrics - F1: 0.765, Precision: 0.851, Recall: 0.715, Detected-Cells: 3083
[37m2024-06-28 11:31:51,461 [INFO] - Training epoch stats:     Loss: 0.2050 - F1-Score: 0.9228 - Accuracy-Score: 0.9228 - AUROC: 0.9878 - AP: 0.9473
[37m2024-06-28 11:31:51,650 [INFO] - Validation epoch stats:   Loss: 0.3876 - F1-Score: 0.8618 - Accuracy-Score: 0.8618 - AUROC: 0.9607 - AP: 0.8465
[37m2024-06-28 11:31:51,709 [INFO] - Epoch: 10/50
[37m2024-06-28 11:31:51,710 [INFO] - Extracting training cells
[37m2024-06-28 11:31:57,505 [INFO] - Extraction detection metrics - F1: 0.747, Precision: 0.871, Recall: 0.678, Detected-Cells: 3046
[37m2024-06-28 11:31:57,655 [INFO] - Training epoch stats:     Loss: 0.2130 - F1-Score: 0.9235 - Accuracy-Score: 0.9235 - AUROC: 0.9854 - AP: 0.9431
[37m2024-06-28 11:31:57,783 [INFO] - Validation epoch stats:   Loss: 0.4184 - F1-Score: 0.8392 - Accuracy-Score: 0.8392 - AUROC: 0.9584 - AP: 0.8469
[37m2024-06-28 11:31:57,833 [INFO] - Epoch: 11/50
[37m2024-06-28 11:31:57,833 [INFO] - Extracting training cells
[37m2024-06-28 11:32:03,269 [INFO] - Extraction detection metrics - F1: 0.767, Precision: 0.844, Recall: 0.725, Detected-Cells: 2956
[37m2024-06-28 11:32:03,370 [INFO] - Training epoch stats:     Loss: 0.3710 - F1-Score: 0.8654 - Accuracy-Score: 0.8654 - AUROC: 0.9642 - AP: 0.8956
[37m2024-06-28 11:32:03,483 [INFO] - Validation epoch stats:   Loss: 0.4206 - F1-Score: 0.8532 - Accuracy-Score: 0.8532 - AUROC: 0.9528 - AP: 0.8328
[37m2024-06-28 11:32:03,546 [INFO] - Epoch: 12/50
[37m2024-06-28 11:32:03,547 [INFO] - Extracting training cells
[37m2024-06-28 11:32:08,731 [INFO] - Extraction detection metrics - F1: 0.762, Precision: 0.854, Recall: 0.711, Detected-Cells: 3061
[37m2024-06-28 11:32:08,831 [INFO] - Training epoch stats:     Loss: 0.3423 - F1-Score: 0.8925 - Accuracy-Score: 0.8925 - AUROC: 0.9621 - AP: 0.8451
[37m2024-06-28 11:32:08,947 [INFO] - Validation epoch stats:   Loss: 0.4086 - F1-Score: 0.8526 - Accuracy-Score: 0.8526 - AUROC: 0.9354 - AP: 0.7216
[37m2024-06-28 11:32:08,989 [INFO] - Epoch: 13/50
[37m2024-06-28 11:32:08,990 [INFO] - Extracting training cells
[37m2024-06-28 11:32:14,711 [INFO] - Extraction detection metrics - F1: 0.711, Precision: 0.820, Recall: 0.654, Detected-Cells: 2553
[37m2024-06-28 11:32:14,817 [INFO] - Training epoch stats:     Loss: 0.7532 - F1-Score: 0.7705 - Accuracy-Score: 0.7705 - AUROC: 0.8775 - AP: 0.6941
[37m2024-06-28 11:32:14,951 [INFO] - Validation epoch stats:   Loss: 0.6307 - F1-Score: 0.7547 - Accuracy-Score: 0.7547 - AUROC: 0.9388 - AP: 0.8081
[37m2024-06-28 11:32:15,011 [INFO] - Epoch: 14/50
[37m2024-06-28 11:32:15,012 [INFO] - Extracting training cells
[37m2024-06-28 11:32:20,140 [INFO] - Extraction detection metrics - F1: 0.745, Precision: 0.828, Recall: 0.699, Detected-Cells: 2711
[37m2024-06-28 11:32:20,267 [INFO] - Training epoch stats:     Loss: 0.3099 - F1-Score: 0.9059 - Accuracy-Score: 0.9059 - AUROC: 0.9812 - AP: 0.9239
[37m2024-06-28 11:32:20,416 [INFO] - Validation epoch stats:   Loss: 0.3683 - F1-Score: 0.8649 - Accuracy-Score: 0.8649 - AUROC: 0.9610 - AP: 0.8498
[37m2024-06-28 11:32:20,417 [INFO] - New best model - save checkpoint
[37m2024-06-28 11:32:20,557 [INFO] - Epoch: 15/50
[37m2024-06-28 11:32:20,558 [INFO] - Extracting training cells
[37m2024-06-28 11:32:26,514 [INFO] - Extraction detection metrics - F1: 0.727, Precision: 0.824, Recall: 0.664, Detected-Cells: 2818
[37m2024-06-28 11:32:26,638 [INFO] - Training epoch stats:     Loss: 0.2294 - F1-Score: 0.9123 - Accuracy-Score: 0.9123 - AUROC: 0.9822 - AP: 0.9248
[37m2024-06-28 11:32:26,785 [INFO] - Validation epoch stats:   Loss: 0.4412 - F1-Score: 0.8440 - Accuracy-Score: 0.8440 - AUROC: 0.9573 - AP: 0.8508
[37m2024-06-28 11:32:26,839 [INFO] - Epoch: 16/50
[37m2024-06-28 11:32:26,840 [INFO] - Extracting training cells
[37m2024-06-28 11:32:32,315 [INFO] - Extraction detection metrics - F1: 0.764, Precision: 0.848, Recall: 0.719, Detected-Cells: 3161
[37m2024-06-28 11:32:32,466 [INFO] - Training epoch stats:     Loss: 0.1895 - F1-Score: 0.9291 - Accuracy-Score: 0.9291 - AUROC: 0.9897 - AP: 0.9536
[37m2024-06-28 11:32:32,612 [INFO] - Validation epoch stats:   Loss: 0.3634 - F1-Score: 0.8711 - Accuracy-Score: 0.8711 - AUROC: 0.9608 - AP: 0.8507
[37m2024-06-28 11:32:32,673 [INFO] - Epoch: 17/50
[37m2024-06-28 11:32:32,674 [INFO] - Extracting training cells
[37m2024-06-28 11:32:38,357 [INFO] - Extraction detection metrics - F1: 0.743, Precision: 0.834, Recall: 0.689, Detected-Cells: 3058
[37m2024-06-28 11:32:38,459 [INFO] - Training epoch stats:     Loss: 0.2119 - F1-Score: 0.9238 - Accuracy-Score: 0.9238 - AUROC: 0.9851 - AP: 0.9471
[37m2024-06-28 11:32:38,577 [INFO] - Validation epoch stats:   Loss: 0.3546 - F1-Score: 0.8634 - Accuracy-Score: 0.8634 - AUROC: 0.9582 - AP: 0.8468
[37m2024-06-28 11:32:38,677 [INFO] - Epoch: 18/50
[37m2024-06-28 11:32:38,678 [INFO] - Extracting training cells
[37m2024-06-28 11:32:44,378 [INFO] - Extraction detection metrics - F1: 0.738, Precision: 0.861, Recall: 0.672, Detected-Cells: 2985
[37m2024-06-28 11:32:44,478 [INFO] - Training epoch stats:     Loss: 0.1662 - F1-Score: 0.9370 - Accuracy-Score: 0.9370 - AUROC: 0.9905 - AP: 0.9624
[37m2024-06-28 11:32:44,590 [INFO] - Validation epoch stats:   Loss: 0.3969 - F1-Score: 0.8514 - Accuracy-Score: 0.8514 - AUROC: 0.9596 - AP: 0.8498
[37m2024-06-28 11:32:44,636 [INFO] - Epoch: 19/50
[37m2024-06-28 11:32:44,637 [INFO] - Extracting training cells
[37m2024-06-28 11:32:51,064 [INFO] - Extraction detection metrics - F1: 0.755, Precision: 0.852, Recall: 0.701, Detected-Cells: 3065
[37m2024-06-28 11:32:51,202 [INFO] - Training epoch stats:     Loss: 0.1847 - F1-Score: 0.9370 - Accuracy-Score: 0.9370 - AUROC: 0.9882 - AP: 0.9448
[37m2024-06-28 11:32:51,339 [INFO] - Validation epoch stats:   Loss: 0.3544 - F1-Score: 0.8637 - Accuracy-Score: 0.8637 - AUROC: 0.9605 - AP: 0.8502
[37m2024-06-28 11:32:51,388 [INFO] - Epoch: 20/50
[37m2024-06-28 11:32:51,388 [INFO] - Extracting training cells
[37m2024-06-28 11:32:58,004 [INFO] - Extraction detection metrics - F1: 0.728, Precision: 0.829, Recall: 0.671, Detected-Cells: 2333
[37m2024-06-28 11:32:58,348 [INFO] - Training epoch stats:     Loss: 0.1999 - F1-Score: 0.9250 - Accuracy-Score: 0.9250 - AUROC: 0.9869 - AP: 0.9334
[37m2024-06-28 11:32:58,507 [INFO] - Validation epoch stats:   Loss: 0.4003 - F1-Score: 0.8493 - Accuracy-Score: 0.8493 - AUROC: 0.9531 - AP: 0.8426
[37m2024-06-28 11:32:58,557 [INFO] - Epoch: 21/50
[37m2024-06-28 11:32:58,557 [INFO] - Extracting training cells
[37m2024-06-28 11:33:03,958 [INFO] - Extraction detection metrics - F1: 0.758, Precision: 0.837, Recall: 0.714, Detected-Cells: 2263
[37m2024-06-28 11:33:04,056 [INFO] - Training epoch stats:     Loss: 0.4078 - F1-Score: 0.8405 - Accuracy-Score: 0.8405 - AUROC: 0.9617 - AP: 0.8714
[37m2024-06-28 11:33:04,242 [INFO] - Validation epoch stats:   Loss: 0.5181 - F1-Score: 0.8158 - Accuracy-Score: 0.8158 - AUROC: 0.9472 - AP: 0.8220
[37m2024-06-28 11:33:04,291 [INFO] - Epoch: 22/50
[37m2024-06-28 11:33:04,291 [INFO] - Extracting training cells
[37m2024-06-28 11:33:10,047 [INFO] - Extraction detection metrics - F1: 0.734, Precision: 0.826, Recall: 0.683, Detected-Cells: 3001
[37m2024-06-28 11:33:10,169 [INFO] - Training epoch stats:     Loss: 0.1805 - F1-Score: 0.9360 - Accuracy-Score: 0.9360 - AUROC: 0.9905 - AP: 0.9640
[37m2024-06-28 11:33:10,327 [INFO] - Validation epoch stats:   Loss: 0.3660 - F1-Score: 0.8630 - Accuracy-Score: 0.8630 - AUROC: 0.9595 - AP: 0.8491
[37m2024-06-28 11:33:10,379 [INFO] - Epoch: 23/50
[37m2024-06-28 11:33:10,380 [INFO] - Extracting training cells
[37m2024-06-28 11:33:17,175 [INFO] - Extraction detection metrics - F1: 0.760, Precision: 0.853, Recall: 0.705, Detected-Cells: 3085
[37m2024-06-28 11:33:17,367 [INFO] - Training epoch stats:     Loss: 0.1762 - F1-Score: 0.9323 - Accuracy-Score: 0.9323 - AUROC: 0.9907 - AP: 0.9625
[37m2024-06-28 11:33:17,576 [INFO] - Validation epoch stats:   Loss: 0.3855 - F1-Score: 0.8610 - Accuracy-Score: 0.8610 - AUROC: 0.9557 - AP: 0.8470
[37m2024-06-28 11:33:17,625 [INFO] - Epoch: 24/50
[37m2024-06-28 11:33:17,625 [INFO] - Extracting training cells
[37m2024-06-28 11:33:25,575 [INFO] - Extraction detection metrics - F1: 0.738, Precision: 0.833, Recall: 0.685, Detected-Cells: 2990
[37m2024-06-28 11:33:25,944 [INFO] - Training epoch stats:     Loss: 0.1500 - F1-Score: 0.9408 - Accuracy-Score: 0.9408 - AUROC: 0.9939 - AP: 0.9724
[37m2024-06-28 11:33:26,059 [INFO] - Validation epoch stats:   Loss: 0.3901 - F1-Score: 0.8591 - Accuracy-Score: 0.8591 - AUROC: 0.9590 - AP: 0.8476
[37m2024-06-28 11:33:26,102 [INFO] - Epoch: 25/50
[37m2024-06-28 11:33:26,103 [INFO] - Extracting training cells
[37m2024-06-28 11:33:31,938 [INFO] - Extraction detection metrics - F1: 0.746, Precision: 0.854, Recall: 0.694, Detected-Cells: 2826
[37m2024-06-28 11:33:32,081 [INFO] - Training epoch stats:     Loss: 0.3515 - F1-Score: 0.8892 - Accuracy-Score: 0.8892 - AUROC: 0.9738 - AP: 0.9413
[37m2024-06-28 11:33:32,271 [INFO] - Validation epoch stats:   Loss: 0.3857 - F1-Score: 0.8572 - Accuracy-Score: 0.8572 - AUROC: 0.9586 - AP: 0.8469
[37m2024-06-28 11:33:32,313 [INFO] - Epoch: 26/50
[37m2024-06-28 11:33:32,313 [INFO] - Extracting training cells
[37m2024-06-28 11:33:37,533 [INFO] - Extraction detection metrics - F1: 0.759, Precision: 0.831, Recall: 0.717, Detected-Cells: 2604
[37m2024-06-28 11:33:37,657 [INFO] - Training epoch stats:     Loss: 0.2124 - F1-Score: 0.9132 - Accuracy-Score: 0.9132 - AUROC: 0.9867 - AP: 0.9419
[37m2024-06-28 11:33:37,800 [INFO] - Validation epoch stats:   Loss: 0.3968 - F1-Score: 0.8536 - Accuracy-Score: 0.8536 - AUROC: 0.9573 - AP: 0.8444
[37m2024-06-28 11:33:37,853 [INFO] - Epoch: 27/50
[37m2024-06-28 11:33:37,854 [INFO] - Extracting training cells
[37m2024-06-28 11:33:44,468 [INFO] - Extraction detection metrics - F1: 0.752, Precision: 0.861, Recall: 0.695, Detected-Cells: 3041
[37m2024-06-28 11:33:44,572 [INFO] - Training epoch stats:     Loss: 0.1593 - F1-Score: 0.9448 - Accuracy-Score: 0.9448 - AUROC: 0.9924 - AP: 0.9652
[37m2024-06-28 11:33:44,685 [INFO] - Validation epoch stats:   Loss: 0.3875 - F1-Score: 0.8556 - Accuracy-Score: 0.8556 - AUROC: 0.9575 - AP: 0.8450
[37m2024-06-28 11:33:44,751 [INFO] - Epoch: 28/50
[37m2024-06-28 11:33:44,751 [INFO] - Extracting training cells
[37m2024-06-28 11:33:50,706 [INFO] - Extraction detection metrics - F1: 0.747, Precision: 0.859, Recall: 0.683, Detected-Cells: 2932
[37m2024-06-28 11:33:50,819 [INFO] - Training epoch stats:     Loss: 0.1307 - F1-Score: 0.9533 - Accuracy-Score: 0.9533 - AUROC: 0.9956 - AP: 0.9793
[37m2024-06-28 11:33:50,972 [INFO] - Validation epoch stats:   Loss: 0.3904 - F1-Score: 0.8568 - Accuracy-Score: 0.8568 - AUROC: 0.9577 - AP: 0.8466
[37m2024-06-28 11:33:51,024 [INFO] - Epoch: 29/50
[37m2024-06-28 11:33:51,025 [INFO] - Extracting training cells
[37m2024-06-28 11:33:56,260 [INFO] - Extraction detection metrics - F1: 0.756, Precision: 0.828, Recall: 0.718, Detected-Cells: 1950
[37m2024-06-28 11:33:56,342 [INFO] - Training epoch stats:     Loss: 0.7306 - F1-Score: 0.7610 - Accuracy-Score: 0.7610 - AUROC: 0.9007 - AP: 0.7817
[37m2024-06-28 11:33:56,490 [INFO] - Validation epoch stats:   Loss: 0.3895 - F1-Score: 0.8553 - Accuracy-Score: 0.8553 - AUROC: 0.9569 - AP: 0.8444
[37m2024-06-28 11:33:56,549 [INFO] - Epoch: 30/50
[37m2024-06-28 11:33:56,550 [INFO] - Extracting training cells
[37m2024-06-28 11:34:02,598 [INFO] - Extraction detection metrics - F1: 0.736, Precision: 0.818, Recall: 0.684, Detected-Cells: 2889
[37m2024-06-28 11:34:02,698 [INFO] - Training epoch stats:     Loss: 0.1952 - F1-Score: 0.9297 - Accuracy-Score: 0.9297 - AUROC: 0.9892 - AP: 0.9617
[37m2024-06-28 11:34:02,816 [INFO] - Validation epoch stats:   Loss: 0.3847 - F1-Score: 0.8546 - Accuracy-Score: 0.8546 - AUROC: 0.9562 - AP: 0.8424
[37m2024-06-28 11:34:02,877 [INFO] - Epoch: 31/50
[37m2024-06-28 11:34:02,878 [INFO] - Extracting training cells
[37m2024-06-28 11:34:07,694 [INFO] - Extraction detection metrics - F1: 0.749, Precision: 0.873, Recall: 0.671, Detected-Cells: 2666
[37m2024-06-28 11:34:07,789 [INFO] - Training epoch stats:     Loss: 0.2022 - F1-Score: 0.9182 - Accuracy-Score: 0.9182 - AUROC: 0.9902 - AP: 0.9669
[37m2024-06-28 11:34:07,941 [INFO] - Validation epoch stats:   Loss: 0.3873 - F1-Score: 0.8541 - Accuracy-Score: 0.8541 - AUROC: 0.9566 - AP: 0.8450
[37m2024-06-28 11:34:07,998 [INFO] - Epoch: 32/50
[37m2024-06-28 11:34:07,999 [INFO] - Extracting training cells
[37m2024-06-28 11:34:14,167 [INFO] - Extraction detection metrics - F1: 0.769, Precision: 0.864, Recall: 0.712, Detected-Cells: 3099
[37m2024-06-28 11:34:14,334 [INFO] - Training epoch stats:     Loss: 0.1716 - F1-Score: 0.9397 - Accuracy-Score: 0.9397 - AUROC: 0.9928 - AP: 0.9718
[37m2024-06-28 11:34:14,537 [INFO] - Validation epoch stats:   Loss: 0.3701 - F1-Score: 0.8649 - Accuracy-Score: 0.8649 - AUROC: 0.9588 - AP: 0.8470
[37m2024-06-28 11:34:14,589 [INFO] - Epoch: 33/50
[37m2024-06-28 11:34:14,590 [INFO] - Extracting training cells
[37m2024-06-28 11:34:20,837 [INFO] - Extraction detection metrics - F1: 0.747, Precision: 0.836, Recall: 0.696, Detected-Cells: 3067
[37m2024-06-28 11:34:20,969 [INFO] - Training epoch stats:     Loss: 0.1549 - F1-Score: 0.9442 - Accuracy-Score: 0.9442 - AUROC: 0.9922 - AP: 0.9638
[37m2024-06-28 11:34:21,112 [INFO] - Validation epoch stats:   Loss: 0.3660 - F1-Score: 0.8639 - Accuracy-Score: 0.8639 - AUROC: 0.9596 - AP: 0.8486
[37m2024-06-28 11:34:21,176 [INFO] - Epoch: 34/50
[37m2024-06-28 11:34:21,176 [INFO] - Extracting training cells
[37m2024-06-28 11:34:27,045 [INFO] - Extraction detection metrics - F1: 0.765, Precision: 0.852, Recall: 0.721, Detected-Cells: 3206
[37m2024-06-28 11:34:27,561 [INFO] - Training epoch stats:     Loss: 0.1212 - F1-Score: 0.9557 - Accuracy-Score: 0.9557 - AUROC: 0.9961 - AP: 0.9806
[37m2024-06-28 11:34:27,791 [INFO] - Validation epoch stats:   Loss: 0.3975 - F1-Score: 0.8519 - Accuracy-Score: 0.8519 - AUROC: 0.9588 - AP: 0.8496
[37m2024-06-28 11:34:27,792 [INFO] - Performing early stopping!
[37m2024-06-28 11:34:27,798 [INFO] - Finished run 5q9ozcv4
