[37m2024-05-16 13:49:00,675 [INFO] - Instantiated Logger. WandB init and config update finished.
[37m2024-05-16 13:49:00,678 [INFO] - Run ist stored here: /cellvit/logs_paper/Head-Evaluation/CoNSeP/SAM-H/Amount-DA/2024-05-16T134847_Amount-7
[37m2024-05-16 13:49:00,761 [INFO] - Cuda devices: [<torch.cuda.device object at 0x7f10fc87a6b0>]
[37m2024-05-16 13:49:00,773 [INFO] - Using GPU: cuda:0
[37m2024-05-16 13:49:00,783 [INFO] - Using device: cuda:0
[37m2024-05-16 13:49:00,794 [INFO] - Loss function:
[37m2024-05-16 13:49:00,804 [INFO] - CrossEntropyLoss()
[37m2024-05-16 13:49:16,865 [INFO] - <All keys matched successfully>
[37m2024-05-16 13:49:18,364 [INFO] -
==========================================================================================
Layer (type:depth-idx)                   Output Shape              Param #
==========================================================================================
LinearClassifier                         [1, 4]                    --
├─Linear: 1-1                            [1, 128]                  163,968
├─ReLU: 1-2                              [1, 128]                  --
├─Dropout: 1-3                           [1, 128]                  --
├─Linear: 1-4                            [1, 4]                    516
==========================================================================================
Total params: 164,484
Trainable params: 164,484
Non-trainable params: 0
Total mult-adds (M): 0.16
==========================================================================================
Input size (MB): 0.01
Forward/backward pass size (MB): 0.00
Params size (MB): 0.66
Estimated Total Size (MB): 0.66
==========================================================================================
[37m2024-05-16 13:49:18,367 [INFO] - Loaded AdamW Optimizer with following hyperparameters:
[37m2024-05-16 13:49:18,375 [INFO] - {'betas': [0.85, 0.9], 'lr': 0.0005, 'weight_decay': 0.0005}
[37m2024-05-16 13:49:18,385 [INFO] - Using early stopping with a range of 20 and maximize strategy
[37m2024-05-16 13:49:18,416 [INFO] - Caching datasets
[37m2024-05-16 13:49:19,386 [INFO] - Instantiate Trainer
[37m2024-05-16 13:49:19,392 [INFO] - Calling Trainer Fit
[37m2024-05-16 13:49:19,397 [INFO] - Starting training, total number of epochs: 50
[37m2024-05-16 13:49:19,407 [INFO] - Epoch: 1/50
[37m2024-05-16 13:49:19,417 [INFO] - Extracting training cells
[37m2024-05-16 13:49:28,079 [INFO] - Extraction detection metrics - F1: 0.777, Precision: 0.864, Recall: 0.721, Detected-Cells: 2697
[37m2024-05-16 13:49:28,259 [INFO] - Training epoch stats:     Loss: 0.6086 - F1-Score: 0.7634 - Accuracy-Score: 0.7634 - AUROC: 0.8984 - AP: 0.6909
[37m2024-05-16 13:49:28,935 [INFO] - Loaded dataset from cache: /Consep/cache/1f728da27af6daed7b166ce5447f5dec18916e3679cb7b74ddaefb4a67df10d2.h5
[37m2024-05-16 13:49:29,052 [INFO] - Validation epoch stats:   Loss: 0.3932 - F1-Score: 0.8496 - Accuracy-Score: 0.8496 - AUROC: 0.9496 - AP: 0.8185
[37m2024-05-16 13:49:29,052 [INFO] - New best model - save checkpoint
[37m2024-05-16 13:49:29,307 [INFO] - Epoch: 2/50
[37m2024-05-16 13:49:29,340 [INFO] - Extracting training cells
[37m2024-05-16 13:49:35,477 [INFO] - Extraction detection metrics - F1: 0.782, Precision: 0.862, Recall: 0.739, Detected-Cells: 2868
[37m2024-05-16 13:49:35,590 [INFO] - Training epoch stats:     Loss: 0.4313 - F1-Score: 0.8476 - Accuracy-Score: 0.8476 - AUROC: 0.9540 - AP: 0.8456
[37m2024-05-16 13:49:35,725 [INFO] - Validation epoch stats:   Loss: 0.4372 - F1-Score: 0.8390 - Accuracy-Score: 0.8390 - AUROC: 0.9522 - AP: 0.8258
[37m2024-05-16 13:49:35,726 [INFO] - New best model - save checkpoint
[37m2024-05-16 13:49:35,975 [INFO] - Epoch: 3/50
[37m2024-05-16 13:49:35,976 [INFO] - Extracting training cells
[37m2024-05-16 13:49:41,154 [INFO] - Extraction detection metrics - F1: 0.765, Precision: 0.863, Recall: 0.701, Detected-Cells: 3017
[37m2024-05-16 13:49:41,275 [INFO] - Training epoch stats:     Loss: 0.3222 - F1-Score: 0.8926 - Accuracy-Score: 0.8926 - AUROC: 0.9596 - AP: 0.8650
[37m2024-05-16 13:49:41,412 [INFO] - Validation epoch stats:   Loss: 0.3678 - F1-Score: 0.8651 - Accuracy-Score: 0.8651 - AUROC: 0.9591 - AP: 0.8534
[37m2024-05-16 13:49:41,413 [INFO] - New best model - save checkpoint
[37m2024-05-16 13:49:41,658 [INFO] - Epoch: 4/50
[37m2024-05-16 13:49:41,659 [INFO] - Extracting training cells
[37m2024-05-16 13:49:47,283 [INFO] - Extraction detection metrics - F1: 0.745, Precision: 0.844, Recall: 0.699, Detected-Cells: 3117
[37m2024-05-16 13:49:47,658 [INFO] - Training epoch stats:     Loss: 0.2429 - F1-Score: 0.9127 - Accuracy-Score: 0.9127 - AUROC: 0.9749 - AP: 0.9039
[37m2024-05-16 13:49:47,798 [INFO] - Validation epoch stats:   Loss: 0.3983 - F1-Score: 0.8543 - Accuracy-Score: 0.8543 - AUROC: 0.9527 - AP: 0.8499
[37m2024-05-16 13:49:47,861 [INFO] - Epoch: 5/50
[37m2024-05-16 13:49:47,861 [INFO] - Extracting training cells
[37m2024-05-16 13:49:54,261 [INFO] - Extraction detection metrics - F1: 0.764, Precision: 0.857, Recall: 0.715, Detected-Cells: 3141
[37m2024-05-16 13:49:54,391 [INFO] - Training epoch stats:     Loss: 0.2324 - F1-Score: 0.9093 - Accuracy-Score: 0.9093 - AUROC: 0.9822 - AP: 0.9224
[37m2024-05-16 13:49:54,525 [INFO] - Validation epoch stats:   Loss: 0.3889 - F1-Score: 0.8507 - Accuracy-Score: 0.8507 - AUROC: 0.9591 - AP: 0.8523
[37m2024-05-16 13:49:54,585 [INFO] - Epoch: 6/50
[37m2024-05-16 13:49:54,586 [INFO] - Extracting training cells
[37m2024-05-16 13:50:00,255 [INFO] - Extraction detection metrics - F1: 0.756, Precision: 0.827, Recall: 0.711, Detected-Cells: 2846
[37m2024-05-16 13:50:00,374 [INFO] - Training epoch stats:     Loss: 0.3471 - F1-Score: 0.8679 - Accuracy-Score: 0.8679 - AUROC: 0.9609 - AP: 0.8645
[37m2024-05-16 13:50:00,510 [INFO] - Validation epoch stats:   Loss: 0.3944 - F1-Score: 0.8464 - Accuracy-Score: 0.8464 - AUROC: 0.9589 - AP: 0.8495
[37m2024-05-16 13:50:00,567 [INFO] - Epoch: 7/50
[37m2024-05-16 13:50:00,567 [INFO] - Extracting training cells
[37m2024-05-16 13:50:05,905 [INFO] - Extraction detection metrics - F1: 0.743, Precision: 0.839, Recall: 0.681, Detected-Cells: 2958
[37m2024-05-16 13:50:06,006 [INFO] - Training epoch stats:     Loss: 0.2280 - F1-Score: 0.9135 - Accuracy-Score: 0.9135 - AUROC: 0.9846 - AP: 0.9334
[37m2024-05-16 13:50:06,116 [INFO] - Validation epoch stats:   Loss: 0.3757 - F1-Score: 0.8570 - Accuracy-Score: 0.8570 - AUROC: 0.9600 - AP: 0.8475
[37m2024-05-16 13:50:06,116 [INFO] - New best model - save checkpoint
[37m2024-05-16 13:50:06,382 [INFO] - Epoch: 8/50
[37m2024-05-16 13:50:06,383 [INFO] - Extracting training cells
[37m2024-05-16 13:50:12,150 [INFO] - Extraction detection metrics - F1: 0.771, Precision: 0.867, Recall: 0.720, Detected-Cells: 3190
[37m2024-05-16 13:50:12,277 [INFO] - Training epoch stats:     Loss: 0.1938 - F1-Score: 0.9273 - Accuracy-Score: 0.9273 - AUROC: 0.9880 - AP: 0.9449
[37m2024-05-16 13:50:12,411 [INFO] - Validation epoch stats:   Loss: 0.4726 - F1-Score: 0.8263 - Accuracy-Score: 0.8263 - AUROC: 0.9572 - AP: 0.8526
[37m2024-05-16 13:50:12,472 [INFO] - Epoch: 9/50
[37m2024-05-16 13:50:12,472 [INFO] - Extracting training cells
[37m2024-05-16 13:50:17,727 [INFO] - Extraction detection metrics - F1: 0.743, Precision: 0.852, Recall: 0.680, Detected-Cells: 2987
[37m2024-05-16 13:50:17,838 [INFO] - Training epoch stats:     Loss: 0.5375 - F1-Score: 0.8490 - Accuracy-Score: 0.8490 - AUROC: 0.9351 - AP: 0.8582
[37m2024-05-16 13:50:17,949 [INFO] - Validation epoch stats:   Loss: 0.4933 - F1-Score: 0.8129 - Accuracy-Score: 0.8129 - AUROC: 0.9507 - AP: 0.8357
[37m2024-05-16 13:50:18,006 [INFO] - Epoch: 10/50
[37m2024-05-16 13:50:18,007 [INFO] - Extracting training cells
[37m2024-05-16 13:50:23,835 [INFO] - Extraction detection metrics - F1: 0.742, Precision: 0.851, Recall: 0.680, Detected-Cells: 2959
[37m2024-05-16 13:50:23,939 [INFO] - Training epoch stats:     Loss: 0.4301 - F1-Score: 0.8533 - Accuracy-Score: 0.8533 - AUROC: 0.9523 - AP: 0.8553
[37m2024-05-16 13:50:24,052 [INFO] - Validation epoch stats:   Loss: 0.4273 - F1-Score: 0.8519 - Accuracy-Score: 0.8519 - AUROC: 0.9565 - AP: 0.8404
[37m2024-05-16 13:50:24,106 [INFO] - Epoch: 11/50
[37m2024-05-16 13:50:24,106 [INFO] - Extracting training cells
[37m2024-05-16 13:50:29,891 [INFO] - Extraction detection metrics - F1: 0.757, Precision: 0.861, Recall: 0.693, Detected-Cells: 2958
[37m2024-05-16 13:50:30,009 [INFO] - Training epoch stats:     Loss: 0.2236 - F1-Score: 0.9246 - Accuracy-Score: 0.9246 - AUROC: 0.9875 - AP: 0.9412
[37m2024-05-16 13:50:30,142 [INFO] - Validation epoch stats:   Loss: 0.3832 - F1-Score: 0.8596 - Accuracy-Score: 0.8596 - AUROC: 0.9617 - AP: 0.8564
[37m2024-05-16 13:50:30,143 [INFO] - New best model - save checkpoint
[37m2024-05-16 13:50:30,418 [INFO] - Epoch: 12/50
[37m2024-05-16 13:50:30,418 [INFO] - Extracting training cells
[37m2024-05-16 13:50:36,342 [INFO] - Extraction detection metrics - F1: 0.768, Precision: 0.854, Recall: 0.720, Detected-Cells: 3185
[37m2024-05-16 13:50:36,449 [INFO] - Training epoch stats:     Loss: 0.1736 - F1-Score: 0.9407 - Accuracy-Score: 0.9407 - AUROC: 0.9893 - AP: 0.9492
[37m2024-05-16 13:50:36,559 [INFO] - Validation epoch stats:   Loss: 0.4200 - F1-Score: 0.8378 - Accuracy-Score: 0.8378 - AUROC: 0.9599 - AP: 0.8529
[37m2024-05-16 13:50:36,621 [INFO] - Epoch: 13/50
[37m2024-05-16 13:50:36,621 [INFO] - Extracting training cells
[37m2024-05-16 13:50:41,439 [INFO] - Extraction detection metrics - F1: 0.748, Precision: 0.839, Recall: 0.700, Detected-Cells: 2858
[37m2024-05-16 13:50:41,556 [INFO] - Training epoch stats:     Loss: 0.3390 - F1-Score: 0.8929 - Accuracy-Score: 0.8929 - AUROC: 0.9659 - AP: 0.8683
[37m2024-05-16 13:50:41,690 [INFO] - Validation epoch stats:   Loss: 0.4287 - F1-Score: 0.8368 - Accuracy-Score: 0.8368 - AUROC: 0.9239 - AP: 0.7178
[37m2024-05-16 13:50:41,751 [INFO] - Epoch: 14/50
[37m2024-05-16 13:50:41,752 [INFO] - Extracting training cells
[37m2024-05-16 13:50:47,750 [INFO] - Extraction detection metrics - F1: 0.753, Precision: 0.848, Recall: 0.696, Detected-Cells: 3014
[37m2024-05-16 13:50:47,876 [INFO] - Training epoch stats:     Loss: 0.2216 - F1-Score: 0.9224 - Accuracy-Score: 0.9224 - AUROC: 0.9847 - AP: 0.9388
[37m2024-05-16 13:50:48,010 [INFO] - Validation epoch stats:   Loss: 0.3730 - F1-Score: 0.8634 - Accuracy-Score: 0.8634 - AUROC: 0.9587 - AP: 0.8556
[37m2024-05-16 13:50:48,073 [INFO] - Epoch: 15/50
[37m2024-05-16 13:50:48,073 [INFO] - Extracting training cells
[37m2024-05-16 13:50:53,598 [INFO] - Extraction detection metrics - F1: 0.757, Precision: 0.843, Recall: 0.697, Detected-Cells: 3013
[37m2024-05-16 13:50:53,720 [INFO] - Training epoch stats:     Loss: 0.2151 - F1-Score: 0.9203 - Accuracy-Score: 0.9203 - AUROC: 0.9864 - AP: 0.9469
[37m2024-05-16 13:50:53,855 [INFO] - Validation epoch stats:   Loss: 0.3863 - F1-Score: 0.8510 - Accuracy-Score: 0.8510 - AUROC: 0.9564 - AP: 0.8500
[37m2024-05-16 13:50:53,921 [INFO] - Epoch: 16/50
[37m2024-05-16 13:50:53,921 [INFO] - Extracting training cells
[37m2024-05-16 13:50:59,096 [INFO] - Extraction detection metrics - F1: 0.766, Precision: 0.836, Recall: 0.725, Detected-Cells: 3130
[37m2024-05-16 13:50:59,225 [INFO] - Training epoch stats:     Loss: 0.1387 - F1-Score: 0.9489 - Accuracy-Score: 0.9489 - AUROC: 0.9936 - AP: 0.9760
[37m2024-05-16 13:50:59,360 [INFO] - Validation epoch stats:   Loss: 0.4998 - F1-Score: 0.8201 - Accuracy-Score: 0.8201 - AUROC: 0.9530 - AP: 0.8461
[37m2024-05-16 13:50:59,422 [INFO] - Epoch: 17/50
[37m2024-05-16 13:50:59,422 [INFO] - Extracting training cells
[37m2024-05-16 13:51:04,928 [INFO] - Extraction detection metrics - F1: 0.782, Precision: 0.872, Recall: 0.731, Detected-Cells: 3195
[37m2024-05-16 13:51:05,063 [INFO] - Training epoch stats:     Loss: 0.1648 - F1-Score: 0.9365 - Accuracy-Score: 0.9365 - AUROC: 0.9917 - AP: 0.9646
[37m2024-05-16 13:51:05,203 [INFO] - Validation epoch stats:   Loss: 0.3585 - F1-Score: 0.8665 - Accuracy-Score: 0.8665 - AUROC: 0.9583 - AP: 0.8574
[37m2024-05-16 13:51:05,265 [INFO] - Epoch: 18/50
[37m2024-05-16 13:51:05,266 [INFO] - Extracting training cells
[37m2024-05-16 13:51:10,868 [INFO] - Extraction detection metrics - F1: 0.763, Precision: 0.844, Recall: 0.715, Detected-Cells: 3086
[37m2024-05-16 13:51:11,000 [INFO] - Training epoch stats:     Loss: 0.2096 - F1-Score: 0.9161 - Accuracy-Score: 0.9161 - AUROC: 0.9868 - AP: 0.9467
[37m2024-05-16 13:51:11,136 [INFO] - Validation epoch stats:   Loss: 0.3828 - F1-Score: 0.8551 - Accuracy-Score: 0.8551 - AUROC: 0.9544 - AP: 0.8496
[37m2024-05-16 13:51:11,197 [INFO] - Epoch: 19/50
[37m2024-05-16 13:51:11,198 [INFO] - Extracting training cells
[37m2024-05-16 13:51:16,543 [INFO] - Extraction detection metrics - F1: 0.759, Precision: 0.837, Recall: 0.710, Detected-Cells: 2747
[37m2024-05-16 13:51:16,919 [INFO] - Training epoch stats:     Loss: 0.1763 - F1-Score: 0.9348 - Accuracy-Score: 0.9348 - AUROC: 0.9889 - AP: 0.9476
[37m2024-05-16 13:51:17,066 [INFO] - Validation epoch stats:   Loss: 0.4350 - F1-Score: 0.8352 - Accuracy-Score: 0.8352 - AUROC: 0.9532 - AP: 0.8397
[37m2024-05-16 13:51:17,129 [INFO] - Epoch: 20/50
[37m2024-05-16 13:51:17,130 [INFO] - Extracting training cells
[37m2024-05-16 13:51:23,049 [INFO] - Extraction detection metrics - F1: 0.698, Precision: 0.838, Recall: 0.632, Detected-Cells: 2775
[37m2024-05-16 13:51:23,170 [INFO] - Training epoch stats:     Loss: 0.5602 - F1-Score: 0.8483 - Accuracy-Score: 0.8483 - AUROC: 0.9375 - AP: 0.8574
[37m2024-05-16 13:51:23,317 [INFO] - Validation epoch stats:   Loss: 0.5624 - F1-Score: 0.7806 - Accuracy-Score: 0.7806 - AUROC: 0.9389 - AP: 0.8212
[37m2024-05-16 13:51:23,382 [INFO] - Epoch: 21/50
[37m2024-05-16 13:51:23,383 [INFO] - Extracting training cells
[37m2024-05-16 13:51:29,227 [INFO] - Extraction detection metrics - F1: 0.749, Precision: 0.859, Recall: 0.698, Detected-Cells: 3127
[37m2024-05-16 13:51:29,361 [INFO] - Training epoch stats:     Loss: 0.2001 - F1-Score: 0.9408 - Accuracy-Score: 0.9408 - AUROC: 0.9913 - AP: 0.9627
[37m2024-05-16 13:51:29,499 [INFO] - Validation epoch stats:   Loss: 0.3969 - F1-Score: 0.8572 - Accuracy-Score: 0.8572 - AUROC: 0.9566 - AP: 0.8537
[37m2024-05-16 13:51:29,552 [INFO] - Epoch: 22/50
[37m2024-05-16 13:51:29,552 [INFO] - Extracting training cells
[37m2024-05-16 13:51:35,355 [INFO] - Extraction detection metrics - F1: 0.756, Precision: 0.866, Recall: 0.696, Detected-Cells: 2737
[37m2024-05-16 13:51:35,474 [INFO] - Training epoch stats:     Loss: 0.2854 - F1-Score: 0.9083 - Accuracy-Score: 0.9083 - AUROC: 0.9821 - AP: 0.9446
[37m2024-05-16 13:51:35,610 [INFO] - Validation epoch stats:   Loss: 0.4570 - F1-Score: 0.8426 - Accuracy-Score: 0.8426 - AUROC: 0.9487 - AP: 0.8292
[37m2024-05-16 13:51:35,667 [INFO] - Epoch: 23/50
[37m2024-05-16 13:51:35,668 [INFO] - Extracting training cells
[37m2024-05-16 13:51:40,622 [INFO] - Extraction detection metrics - F1: 0.765, Precision: 0.849, Recall: 0.726, Detected-Cells: 2811
[37m2024-05-16 13:51:40,741 [INFO] - Training epoch stats:     Loss: 0.3527 - F1-Score: 0.8541 - Accuracy-Score: 0.8541 - AUROC: 0.9692 - AP: 0.9041
[37m2024-05-16 13:51:40,892 [INFO] - Validation epoch stats:   Loss: 0.4735 - F1-Score: 0.8208 - Accuracy-Score: 0.8208 - AUROC: 0.9507 - AP: 0.8351
[37m2024-05-16 13:51:40,950 [INFO] - Epoch: 24/50
[37m2024-05-16 13:51:40,951 [INFO] - Extracting training cells
[37m2024-05-16 13:51:46,832 [INFO] - Extraction detection metrics - F1: 0.761, Precision: 0.859, Recall: 0.704, Detected-Cells: 3100
[37m2024-05-16 13:51:46,947 [INFO] - Training epoch stats:     Loss: 0.1824 - F1-Score: 0.9394 - Accuracy-Score: 0.9394 - AUROC: 0.9923 - AP: 0.9657
[37m2024-05-16 13:51:47,066 [INFO] - Validation epoch stats:   Loss: 0.4038 - F1-Score: 0.8502 - Accuracy-Score: 0.8502 - AUROC: 0.9571 - AP: 0.8557
[37m2024-05-16 13:51:47,128 [INFO] - Epoch: 25/50
[37m2024-05-16 13:51:47,128 [INFO] - Extracting training cells
[37m2024-05-16 13:51:53,210 [INFO] - Extraction detection metrics - F1: 0.725, Precision: 0.844, Recall: 0.678, Detected-Cells: 3070
[37m2024-05-16 13:51:53,335 [INFO] - Training epoch stats:     Loss: 0.1571 - F1-Score: 0.9433 - Accuracy-Score: 0.9433 - AUROC: 0.9932 - AP: 0.9739
[37m2024-05-16 13:51:53,473 [INFO] - Validation epoch stats:   Loss: 0.3942 - F1-Score: 0.8527 - Accuracy-Score: 0.8527 - AUROC: 0.9567 - AP: 0.8554
[37m2024-05-16 13:51:53,534 [INFO] - Epoch: 26/50
[37m2024-05-16 13:51:53,535 [INFO] - Extracting training cells
[37m2024-05-16 13:51:59,002 [INFO] - Extraction detection metrics - F1: 0.775, Precision: 0.854, Recall: 0.724, Detected-Cells: 3129
[37m2024-05-16 13:51:59,135 [INFO] - Training epoch stats:     Loss: 0.4477 - F1-Score: 0.8952 - Accuracy-Score: 0.8952 - AUROC: 0.9555 - AP: 0.8184
[37m2024-05-16 13:51:59,272 [INFO] - Validation epoch stats:   Loss: 0.3930 - F1-Score: 0.8560 - Accuracy-Score: 0.8560 - AUROC: 0.9564 - AP: 0.8536
[37m2024-05-16 13:51:59,334 [INFO] - Epoch: 27/50
[37m2024-05-16 13:51:59,334 [INFO] - Extracting training cells
[37m2024-05-16 13:52:05,176 [INFO] - Extraction detection metrics - F1: 0.755, Precision: 0.833, Recall: 0.706, Detected-Cells: 2509
[37m2024-05-16 13:52:05,284 [INFO] - Training epoch stats:     Loss: 0.2499 - F1-Score: 0.9187 - Accuracy-Score: 0.9187 - AUROC: 0.9817 - AP: 0.9187
[37m2024-05-16 13:52:05,419 [INFO] - Validation epoch stats:   Loss: 0.4074 - F1-Score: 0.8498 - Accuracy-Score: 0.8498 - AUROC: 0.9557 - AP: 0.8513
[37m2024-05-16 13:52:05,479 [INFO] - Epoch: 28/50
[37m2024-05-16 13:52:05,480 [INFO] - Extracting training cells
[37m2024-05-16 13:52:10,779 [INFO] - Extraction detection metrics - F1: 0.759, Precision: 0.842, Recall: 0.712, Detected-Cells: 2633
[37m2024-05-16 13:52:10,904 [INFO] - Training epoch stats:     Loss: 0.2613 - F1-Score: 0.8982 - Accuracy-Score: 0.8982 - AUROC: 0.9842 - AP: 0.9544
[37m2024-05-16 13:52:11,050 [INFO] - Validation epoch stats:   Loss: 0.3814 - F1-Score: 0.8603 - Accuracy-Score: 0.8603 - AUROC: 0.9562 - AP: 0.8510
[37m2024-05-16 13:52:11,110 [INFO] - Epoch: 29/50
[37m2024-05-16 13:52:11,110 [INFO] - Extracting training cells
[37m2024-05-16 13:52:16,764 [INFO] - Extraction detection metrics - F1: 0.765, Precision: 0.855, Recall: 0.718, Detected-Cells: 3181
[37m2024-05-16 13:52:16,892 [INFO] - Training epoch stats:     Loss: 0.1100 - F1-Score: 0.9651 - Accuracy-Score: 0.9651 - AUROC: 0.9971 - AP: 0.9878
[37m2024-05-16 13:52:17,028 [INFO] - Validation epoch stats:   Loss: 0.3774 - F1-Score: 0.8593 - Accuracy-Score: 0.8593 - AUROC: 0.9569 - AP: 0.8523
[37m2024-05-16 13:52:17,090 [INFO] - Epoch: 30/50
[37m2024-05-16 13:52:17,090 [INFO] - Extracting training cells
[37m2024-05-16 13:52:22,765 [INFO] - Extraction detection metrics - F1: 0.753, Precision: 0.868, Recall: 0.694, Detected-Cells: 2972
[37m2024-05-16 13:52:22,886 [INFO] - Training epoch stats:     Loss: 0.4612 - F1-Score: 0.8577 - Accuracy-Score: 0.8577 - AUROC: 0.9527 - AP: 0.8735
[37m2024-05-16 13:52:23,025 [INFO] - Validation epoch stats:   Loss: 0.4110 - F1-Score: 0.8433 - Accuracy-Score: 0.8433 - AUROC: 0.9551 - AP: 0.8505
[37m2024-05-16 13:52:23,088 [INFO] - Epoch: 31/50
[37m2024-05-16 13:52:23,089 [INFO] - Extracting training cells
[37m2024-05-16 13:52:28,000 [INFO] - Extraction detection metrics - F1: 0.758, Precision: 0.826, Recall: 0.722, Detected-Cells: 2379
[37m2024-05-16 13:52:28,103 [INFO] - Training epoch stats:     Loss: 0.4260 - F1-Score: 0.8495 - Accuracy-Score: 0.8495 - AUROC: 0.9594 - AP: 0.8849
[37m2024-05-16 13:52:28,237 [INFO] - Validation epoch stats:   Loss: 0.4343 - F1-Score: 0.8359 - Accuracy-Score: 0.8359 - AUROC: 0.9532 - AP: 0.8463
[37m2024-05-16 13:52:28,238 [INFO] - Performing early stopping!
[37m2024-05-16 13:52:28,248 [INFO] - Finished run 412ofiw6
