[37m2024-06-28 08:45:43,936 [INFO] - Instantiated Logger. WandB init and config update finished.
[37m2024-06-28 08:45:43,937 [INFO] - Run ist stored here: /cellvit/logs_paper/Head-Evaluation/CoNSeP/SAM-H/Amount-DA/2024-06-28T084536_Amount-8-Seed-3
[37m2024-06-28 08:45:44,002 [INFO] - Cuda devices: [<torch.cuda.device object at 0x7fa85a9a0850>]
[37m2024-06-28 08:45:44,003 [INFO] - Using GPU: cuda:0
[37m2024-06-28 08:45:44,007 [INFO] - Using device: cuda:0
[37m2024-06-28 08:45:44,012 [INFO] - Loss function:
[37m2024-06-28 08:45:44,016 [INFO] - CrossEntropyLoss()
[37m2024-06-28 08:46:01,170 [INFO] - <All keys matched successfully>
[37m2024-06-28 08:46:02,198 [INFO] -
==========================================================================================
Layer (type:depth-idx)                   Output Shape              Param #
==========================================================================================
LinearClassifier                         [1, 4]                    --
├─Linear: 1-1                            [1, 128]                  163,968
├─ReLU: 1-2                              [1, 128]                  --
├─Dropout: 1-3                           [1, 128]                  --
├─Linear: 1-4                            [1, 4]                    516
==========================================================================================
Total params: 164,484
Trainable params: 164,484
Non-trainable params: 0
Total mult-adds (M): 0.16
==========================================================================================
Input size (MB): 0.01
Forward/backward pass size (MB): 0.00
Params size (MB): 0.66
Estimated Total Size (MB): 0.66
==========================================================================================
[37m2024-06-28 08:46:02,200 [INFO] - Loaded AdamW Optimizer with following hyperparameters:
[37m2024-06-28 08:46:02,204 [INFO] - {'betas': [0.85, 0.9], 'lr': 0.0005, 'weight_decay': 0.0005}
[37m2024-06-28 08:46:02,209 [INFO] - Using early stopping with a range of 20 and maximize strategy
[37m2024-06-28 08:46:02,222 [INFO] - Caching datasets
[37m2024-06-28 08:46:03,102 [INFO] - Instantiate Trainer
[37m2024-06-28 08:46:03,107 [INFO] - Calling Trainer Fit
[37m2024-06-28 08:46:03,109 [INFO] - Starting training, total number of epochs: 50
[37m2024-06-28 08:46:03,113 [INFO] - Epoch: 1/50
[37m2024-06-28 08:46:03,119 [INFO] - Extracting training cells
[37m2024-06-28 08:46:12,680 [INFO] - Extraction detection metrics - F1: 0.753, Precision: 0.810, Recall: 0.718, Detected-Cells: 2961
[37m2024-06-28 08:46:12,944 [INFO] - Training epoch stats:     Loss: 0.7419 - F1-Score: 0.7275 - Accuracy-Score: 0.7275 - AUROC: 0.8210 - AP: 0.5523
[37m2024-06-28 08:46:14,259 [INFO] - Loaded dataset from cache: /Consep/cache/1f728da27af6daed7b166ce5447f5dec18916e3679cb7b74ddaefb4a67df10d2.h5
[37m2024-06-28 08:46:14,377 [INFO] - Validation epoch stats:   Loss: 0.6076 - F1-Score: 0.7854 - Accuracy-Score: 0.7854 - AUROC: 0.8548 - AP: 0.6516
[37m2024-06-28 08:46:14,377 [INFO] - New best model - save checkpoint
[37m2024-06-28 08:46:14,534 [INFO] - Epoch: 2/50
[37m2024-06-28 08:46:14,535 [INFO] - Extracting training cells
[37m2024-06-28 08:46:21,182 [INFO] - Extraction detection metrics - F1: 0.729, Precision: 0.844, Recall: 0.677, Detected-Cells: 3350
[37m2024-06-28 08:46:21,305 [INFO] - Training epoch stats:     Loss: 0.5221 - F1-Score: 0.8313 - Accuracy-Score: 0.8313 - AUROC: 0.9271 - AP: 0.7587
[37m2024-06-28 08:46:21,439 [INFO] - Validation epoch stats:   Loss: 0.4140 - F1-Score: 0.8478 - Accuracy-Score: 0.8478 - AUROC: 0.9572 - AP: 0.8378
[37m2024-06-28 08:46:21,440 [INFO] - New best model - save checkpoint
[37m2024-06-28 08:46:21,575 [INFO] - Epoch: 3/50
[37m2024-06-28 08:46:21,575 [INFO] - Extracting training cells
[37m2024-06-28 08:46:27,616 [INFO] - Extraction detection metrics - F1: 0.730, Precision: 0.817, Recall: 0.689, Detected-Cells: 3327
[37m2024-06-28 08:46:27,740 [INFO] - Training epoch stats:     Loss: 0.3444 - F1-Score: 0.8780 - Accuracy-Score: 0.8780 - AUROC: 0.9621 - AP: 0.8485
[37m2024-06-28 08:46:27,915 [INFO] - Validation epoch stats:   Loss: 0.3675 - F1-Score: 0.8618 - Accuracy-Score: 0.8618 - AUROC: 0.9619 - AP: 0.8544
[37m2024-06-28 08:46:27,916 [INFO] - New best model - save checkpoint
[37m2024-06-28 08:46:28,045 [INFO] - Epoch: 4/50
[37m2024-06-28 08:46:28,046 [INFO] - Extracting training cells
[37m2024-06-28 08:46:35,179 [INFO] - Extraction detection metrics - F1: 0.728, Precision: 0.841, Recall: 0.689, Detected-Cells: 3567
[37m2024-06-28 08:46:35,512 [INFO] - Training epoch stats:     Loss: 0.3808 - F1-Score: 0.8741 - Accuracy-Score: 0.8741 - AUROC: 0.9430 - AP: 0.7856
[37m2024-06-28 08:46:35,628 [INFO] - Validation epoch stats:   Loss: 0.3940 - F1-Score: 0.8546 - Accuracy-Score: 0.8546 - AUROC: 0.9440 - AP: 0.7133
[37m2024-06-28 08:46:35,681 [INFO] - Epoch: 5/50
[37m2024-06-28 08:46:35,682 [INFO] - Extracting training cells
[37m2024-06-28 08:46:42,374 [INFO] - Extraction detection metrics - F1: 0.726, Precision: 0.798, Recall: 0.680, Detected-Cells: 3499
[37m2024-06-28 08:46:42,502 [INFO] - Training epoch stats:     Loss: 0.2781 - F1-Score: 0.8997 - Accuracy-Score: 0.8997 - AUROC: 0.9761 - AP: 0.8794
[37m2024-06-28 08:46:42,641 [INFO] - Validation epoch stats:   Loss: 0.3489 - F1-Score: 0.8696 - Accuracy-Score: 0.8696 - AUROC: 0.9665 - AP: 0.8577
[37m2024-06-28 08:46:42,642 [INFO] - New best model - save checkpoint
[37m2024-06-28 08:46:42,795 [INFO] - Epoch: 6/50
[37m2024-06-28 08:46:42,796 [INFO] - Extracting training cells
[37m2024-06-28 08:46:48,795 [INFO] - Extraction detection metrics - F1: 0.747, Precision: 0.818, Recall: 0.708, Detected-Cells: 3570
[37m2024-06-28 08:46:48,934 [INFO] - Training epoch stats:     Loss: 0.2347 - F1-Score: 0.9115 - Accuracy-Score: 0.9115 - AUROC: 0.9817 - AP: 0.9287
[37m2024-06-28 08:46:49,075 [INFO] - Validation epoch stats:   Loss: 0.3547 - F1-Score: 0.8685 - Accuracy-Score: 0.8685 - AUROC: 0.9613 - AP: 0.8519
[37m2024-06-28 08:46:49,129 [INFO] - Epoch: 7/50
[37m2024-06-28 08:46:49,130 [INFO] - Extracting training cells
[37m2024-06-28 08:46:55,311 [INFO] - Extraction detection metrics - F1: 0.741, Precision: 0.815, Recall: 0.703, Detected-Cells: 2720
[37m2024-06-28 08:46:55,405 [INFO] - Training epoch stats:     Loss: 0.4611 - F1-Score: 0.8482 - Accuracy-Score: 0.8482 - AUROC: 0.9451 - AP: 0.8163
[37m2024-06-28 08:46:55,515 [INFO] - Validation epoch stats:   Loss: 0.4380 - F1-Score: 0.8472 - Accuracy-Score: 0.8472 - AUROC: 0.9526 - AP: 0.8399
[37m2024-06-28 08:46:55,582 [INFO] - Epoch: 8/50
[37m2024-06-28 08:46:55,583 [INFO] - Extracting training cells
[37m2024-06-28 08:47:01,563 [INFO] - Extraction detection metrics - F1: 0.768, Precision: 0.836, Recall: 0.723, Detected-Cells: 3648
[37m2024-06-28 08:47:01,704 [INFO] - Training epoch stats:     Loss: 0.2551 - F1-Score: 0.9084 - Accuracy-Score: 0.9084 - AUROC: 0.9811 - AP: 0.9121
[37m2024-06-28 08:47:01,844 [INFO] - Validation epoch stats:   Loss: 0.3495 - F1-Score: 0.8733 - Accuracy-Score: 0.8733 - AUROC: 0.9661 - AP: 0.8575
[37m2024-06-28 08:47:01,914 [INFO] - Epoch: 9/50
[37m2024-06-28 08:47:01,915 [INFO] - Extracting training cells
[37m2024-06-28 08:47:08,039 [INFO] - Extraction detection metrics - F1: 0.739, Precision: 0.822, Recall: 0.694, Detected-Cells: 3177
[37m2024-06-28 08:47:08,151 [INFO] - Training epoch stats:     Loss: 0.2505 - F1-Score: 0.9078 - Accuracy-Score: 0.9078 - AUROC: 0.9830 - AP: 0.9310
[37m2024-06-28 08:47:08,266 [INFO] - Validation epoch stats:   Loss: 0.3416 - F1-Score: 0.8680 - Accuracy-Score: 0.8680 - AUROC: 0.9640 - AP: 0.8527
[37m2024-06-28 08:47:08,324 [INFO] - Epoch: 10/50
[37m2024-06-28 08:47:08,325 [INFO] - Extracting training cells
[37m2024-06-28 08:47:14,018 [INFO] - Extraction detection metrics - F1: 0.722, Precision: 0.810, Recall: 0.675, Detected-Cells: 3347
[37m2024-06-28 08:47:14,130 [INFO] - Training epoch stats:     Loss: 0.4202 - F1-Score: 0.8593 - Accuracy-Score: 0.8593 - AUROC: 0.9531 - AP: 0.8690
[37m2024-06-28 08:47:14,254 [INFO] - Validation epoch stats:   Loss: 0.4032 - F1-Score: 0.8603 - Accuracy-Score: 0.8603 - AUROC: 0.9608 - AP: 0.8472
[37m2024-06-28 08:47:14,307 [INFO] - Epoch: 11/50
[37m2024-06-28 08:47:14,307 [INFO] - Extracting training cells
[37m2024-06-28 08:47:20,092 [INFO] - Extraction detection metrics - F1: 0.746, Precision: 0.817, Recall: 0.706, Detected-Cells: 3565
[37m2024-06-28 08:47:20,205 [INFO] - Training epoch stats:     Loss: 0.2517 - F1-Score: 0.9102 - Accuracy-Score: 0.9102 - AUROC: 0.9829 - AP: 0.9298
[37m2024-06-28 08:47:20,323 [INFO] - Validation epoch stats:   Loss: 0.3467 - F1-Score: 0.8706 - Accuracy-Score: 0.8706 - AUROC: 0.9635 - AP: 0.8528
[37m2024-06-28 08:47:20,383 [INFO] - Epoch: 12/50
[37m2024-06-28 08:47:20,384 [INFO] - Extracting training cells
[37m2024-06-28 08:47:27,874 [INFO] - Extraction detection metrics - F1: 0.731, Precision: 0.823, Recall: 0.674, Detected-Cells: 3377
[37m2024-06-28 08:47:28,019 [INFO] - Training epoch stats:     Loss: 0.2209 - F1-Score: 0.9159 - Accuracy-Score: 0.9159 - AUROC: 0.9856 - AP: 0.9432
[37m2024-06-28 08:47:28,159 [INFO] - Validation epoch stats:   Loss: 0.3749 - F1-Score: 0.8550 - Accuracy-Score: 0.8550 - AUROC: 0.9623 - AP: 0.8578
[37m2024-06-28 08:47:28,198 [INFO] - Epoch: 13/50
[37m2024-06-28 08:47:28,199 [INFO] - Extracting training cells
[37m2024-06-28 08:47:35,038 [INFO] - Extraction detection metrics - F1: 0.726, Precision: 0.816, Recall: 0.677, Detected-Cells: 3139
[37m2024-06-28 08:47:35,167 [INFO] - Training epoch stats:     Loss: 0.2212 - F1-Score: 0.9137 - Accuracy-Score: 0.9137 - AUROC: 0.9862 - AP: 0.9405
[37m2024-06-28 08:47:35,308 [INFO] - Validation epoch stats:   Loss: 0.3901 - F1-Score: 0.8538 - Accuracy-Score: 0.8538 - AUROC: 0.9668 - AP: 0.8672
[37m2024-06-28 08:47:35,309 [INFO] - New best model - save checkpoint
[37m2024-06-28 08:47:35,508 [INFO] - Epoch: 14/50
[37m2024-06-28 08:47:35,509 [INFO] - Extracting training cells
[37m2024-06-28 08:47:41,797 [INFO] - Extraction detection metrics - F1: 0.778, Precision: 0.832, Recall: 0.739, Detected-Cells: 3564
[37m2024-06-28 08:47:41,933 [INFO] - Training epoch stats:     Loss: 0.4359 - F1-Score: 0.8395 - Accuracy-Score: 0.8395 - AUROC: 0.9531 - AP: 0.8534
[37m2024-06-28 08:47:42,069 [INFO] - Validation epoch stats:   Loss: 0.4014 - F1-Score: 0.8450 - Accuracy-Score: 0.8450 - AUROC: 0.9554 - AP: 0.8520
[37m2024-06-28 08:47:42,138 [INFO] - Epoch: 15/50
[37m2024-06-28 08:47:42,139 [INFO] - Extracting training cells
[37m2024-06-28 08:47:48,713 [INFO] - Extraction detection metrics - F1: 0.734, Precision: 0.829, Recall: 0.681, Detected-Cells: 3534
[37m2024-06-28 08:47:48,857 [INFO] - Training epoch stats:     Loss: 0.2079 - F1-Score: 0.9233 - Accuracy-Score: 0.9233 - AUROC: 0.9876 - AP: 0.9455
[37m2024-06-28 08:47:48,995 [INFO] - Validation epoch stats:   Loss: 0.4071 - F1-Score: 0.8593 - Accuracy-Score: 0.8593 - AUROC: 0.9649 - AP: 0.8617
[37m2024-06-28 08:47:49,071 [INFO] - Epoch: 16/50
[37m2024-06-28 08:47:49,072 [INFO] - Extracting training cells
[37m2024-06-28 08:47:55,182 [INFO] - Extraction detection metrics - F1: 0.769, Precision: 0.835, Recall: 0.730, Detected-Cells: 3378
[37m2024-06-28 08:47:55,319 [INFO] - Training epoch stats:     Loss: 0.3619 - F1-Score: 0.8810 - Accuracy-Score: 0.8810 - AUROC: 0.9713 - AP: 0.9170
[37m2024-06-28 08:47:55,437 [INFO] - Validation epoch stats:   Loss: 0.4533 - F1-Score: 0.8380 - Accuracy-Score: 0.8380 - AUROC: 0.9626 - AP: 0.8533
[37m2024-06-28 08:47:55,492 [INFO] - Epoch: 17/50
[37m2024-06-28 08:47:55,493 [INFO] - Extracting training cells
[37m2024-06-28 08:48:01,923 [INFO] - Extraction detection metrics - F1: 0.738, Precision: 0.847, Recall: 0.667, Detected-Cells: 3229
[37m2024-06-28 08:48:02,029 [INFO] - Training epoch stats:     Loss: 0.4529 - F1-Score: 0.8294 - Accuracy-Score: 0.8294 - AUROC: 0.9517 - AP: 0.8856
[37m2024-06-28 08:48:02,143 [INFO] - Validation epoch stats:   Loss: 0.3666 - F1-Score: 0.8701 - Accuracy-Score: 0.8701 - AUROC: 0.9642 - AP: 0.8590
[37m2024-06-28 08:48:02,202 [INFO] - Epoch: 18/50
[37m2024-06-28 08:48:02,203 [INFO] - Extracting training cells
[37m2024-06-28 08:48:08,112 [INFO] - Extraction detection metrics - F1: 0.736, Precision: 0.809, Recall: 0.714, Detected-Cells: 2968
[37m2024-06-28 08:48:08,237 [INFO] - Training epoch stats:     Loss: 0.3125 - F1-Score: 0.8659 - Accuracy-Score: 0.8659 - AUROC: 0.9711 - AP: 0.9015
[37m2024-06-28 08:48:08,373 [INFO] - Validation epoch stats:   Loss: 0.3624 - F1-Score: 0.8666 - Accuracy-Score: 0.8666 - AUROC: 0.9641 - AP: 0.8612
[37m2024-06-28 08:48:08,436 [INFO] - Epoch: 19/50
[37m2024-06-28 08:48:08,437 [INFO] - Extracting training cells
[37m2024-06-28 08:48:14,950 [INFO] - Extraction detection metrics - F1: 0.764, Precision: 0.837, Recall: 0.720, Detected-Cells: 3644
[37m2024-06-28 08:48:15,076 [INFO] - Training epoch stats:     Loss: 0.1924 - F1-Score: 0.9314 - Accuracy-Score: 0.9314 - AUROC: 0.9890 - AP: 0.9534
[37m2024-06-28 08:48:15,205 [INFO] - Validation epoch stats:   Loss: 0.4151 - F1-Score: 0.8556 - Accuracy-Score: 0.8556 - AUROC: 0.9628 - AP: 0.8603
[37m2024-06-28 08:48:15,262 [INFO] - Epoch: 20/50
[37m2024-06-28 08:48:15,263 [INFO] - Extracting training cells
[37m2024-06-28 08:48:21,297 [INFO] - Extraction detection metrics - F1: 0.775, Precision: 0.840, Recall: 0.738, Detected-Cells: 3709
[37m2024-06-28 08:48:21,450 [INFO] - Training epoch stats:     Loss: 0.1598 - F1-Score: 0.9434 - Accuracy-Score: 0.9434 - AUROC: 0.9922 - AP: 0.9648
[37m2024-06-28 08:48:21,598 [INFO] - Validation epoch stats:   Loss: 0.3590 - F1-Score: 0.8714 - Accuracy-Score: 0.8714 - AUROC: 0.9619 - AP: 0.8553
[37m2024-06-28 08:48:21,658 [INFO] - Epoch: 21/50
[37m2024-06-28 08:48:21,659 [INFO] - Extracting training cells
[37m2024-06-28 08:48:27,910 [INFO] - Extraction detection metrics - F1: 0.757, Precision: 0.812, Recall: 0.727, Detected-Cells: 3364
[37m2024-06-28 08:48:28,041 [INFO] - Training epoch stats:     Loss: 0.3018 - F1-Score: 0.8861 - Accuracy-Score: 0.8861 - AUROC: 0.9746 - AP: 0.9107
[37m2024-06-28 08:48:28,184 [INFO] - Validation epoch stats:   Loss: 0.3798 - F1-Score: 0.8641 - Accuracy-Score: 0.8641 - AUROC: 0.9598 - AP: 0.8514
[37m2024-06-28 08:48:28,249 [INFO] - Epoch: 22/50
[37m2024-06-28 08:48:28,250 [INFO] - Extracting training cells
[37m2024-06-28 08:48:35,015 [INFO] - Extraction detection metrics - F1: 0.696, Precision: 0.806, Recall: 0.640, Detected-Cells: 3210
[37m2024-06-28 08:48:35,136 [INFO] - Training epoch stats:     Loss: 0.3366 - F1-Score: 0.8701 - Accuracy-Score: 0.8701 - AUROC: 0.9722 - AP: 0.9234
[37m2024-06-28 08:48:35,275 [INFO] - Validation epoch stats:   Loss: 0.3900 - F1-Score: 0.8514 - Accuracy-Score: 0.8514 - AUROC: 0.9586 - AP: 0.8493
[37m2024-06-28 08:48:35,337 [INFO] - Epoch: 23/50
[37m2024-06-28 08:48:35,338 [INFO] - Extracting training cells
[37m2024-06-28 08:48:41,101 [INFO] - Extraction detection metrics - F1: 0.732, Precision: 0.806, Recall: 0.700, Detected-Cells: 3199
[37m2024-06-28 08:48:41,236 [INFO] - Training epoch stats:     Loss: 0.2426 - F1-Score: 0.9112 - Accuracy-Score: 0.9112 - AUROC: 0.9851 - AP: 0.9397
[37m2024-06-28 08:48:41,370 [INFO] - Validation epoch stats:   Loss: 0.3975 - F1-Score: 0.8615 - Accuracy-Score: 0.8615 - AUROC: 0.9622 - AP: 0.8606
[37m2024-06-28 08:48:41,421 [INFO] - Epoch: 24/50
[37m2024-06-28 08:48:41,422 [INFO] - Extracting training cells
[37m2024-06-28 08:48:48,061 [INFO] - Extraction detection metrics - F1: 0.758, Precision: 0.825, Recall: 0.714, Detected-Cells: 3587
[37m2024-06-28 08:48:48,187 [INFO] - Training epoch stats:     Loss: 0.1535 - F1-Score: 0.9381 - Accuracy-Score: 0.9381 - AUROC: 0.9925 - AP: 0.9666
[37m2024-06-28 08:48:48,302 [INFO] - Validation epoch stats:   Loss: 0.3613 - F1-Score: 0.8685 - Accuracy-Score: 0.8685 - AUROC: 0.9627 - AP: 0.8596
[37m2024-06-28 08:48:48,358 [INFO] - Epoch: 25/50
[37m2024-06-28 08:48:48,359 [INFO] - Extracting training cells
[37m2024-06-28 08:48:54,965 [INFO] - Extraction detection metrics - F1: 0.777, Precision: 0.849, Recall: 0.730, Detected-Cells: 3541
[37m2024-06-28 08:48:55,098 [INFO] - Training epoch stats:     Loss: 0.1688 - F1-Score: 0.9348 - Accuracy-Score: 0.9348 - AUROC: 0.9916 - AP: 0.9614
[37m2024-06-28 08:48:55,233 [INFO] - Validation epoch stats:   Loss: 0.3751 - F1-Score: 0.8659 - Accuracy-Score: 0.8659 - AUROC: 0.9633 - AP: 0.8606
[37m2024-06-28 08:48:55,303 [INFO] - Epoch: 26/50
[37m2024-06-28 08:48:55,303 [INFO] - Extracting training cells
[37m2024-06-28 08:49:01,786 [INFO] - Extraction detection metrics - F1: 0.745, Precision: 0.833, Recall: 0.701, Detected-Cells: 3630
[37m2024-06-28 08:49:01,927 [INFO] - Training epoch stats:     Loss: 0.2025 - F1-Score: 0.9234 - Accuracy-Score: 0.9234 - AUROC: 0.9889 - AP: 0.9589
[37m2024-06-28 08:49:02,067 [INFO] - Validation epoch stats:   Loss: 0.3529 - F1-Score: 0.8708 - Accuracy-Score: 0.8708 - AUROC: 0.9639 - AP: 0.8611
[37m2024-06-28 08:49:02,132 [INFO] - Epoch: 27/50
[37m2024-06-28 08:49:02,133 [INFO] - Extracting training cells
[37m2024-06-28 08:49:08,073 [INFO] - Extraction detection metrics - F1: 0.750, Precision: 0.834, Recall: 0.704, Detected-Cells: 3542
[37m2024-06-28 08:49:08,194 [INFO] - Training epoch stats:     Loss: 0.2195 - F1-Score: 0.9128 - Accuracy-Score: 0.9128 - AUROC: 0.9868 - AP: 0.9496
[37m2024-06-28 08:49:08,328 [INFO] - Validation epoch stats:   Loss: 0.3540 - F1-Score: 0.8673 - Accuracy-Score: 0.8673 - AUROC: 0.9636 - AP: 0.8604
[37m2024-06-28 08:49:08,382 [INFO] - Epoch: 28/50
[37m2024-06-28 08:49:08,383 [INFO] - Extracting training cells
[37m2024-06-28 08:49:15,210 [INFO] - Extraction detection metrics - F1: 0.748, Precision: 0.844, Recall: 0.693, Detected-Cells: 3622
[37m2024-06-28 08:49:15,328 [INFO] - Training epoch stats:     Loss: 0.1506 - F1-Score: 0.9434 - Accuracy-Score: 0.9434 - AUROC: 0.9930 - AP: 0.9744
[37m2024-06-28 08:49:15,440 [INFO] - Validation epoch stats:   Loss: 0.4043 - F1-Score: 0.8536 - Accuracy-Score: 0.8536 - AUROC: 0.9629 - AP: 0.8603
[37m2024-06-28 08:49:15,499 [INFO] - Epoch: 29/50
[37m2024-06-28 08:49:15,499 [INFO] - Extracting training cells
[37m2024-06-28 08:49:21,410 [INFO] - Extraction detection metrics - F1: 0.763, Precision: 0.830, Recall: 0.722, Detected-Cells: 3692
[37m2024-06-28 08:49:21,553 [INFO] - Training epoch stats:     Loss: 0.1440 - F1-Score: 0.9469 - Accuracy-Score: 0.9469 - AUROC: 0.9942 - AP: 0.9688
[37m2024-06-28 08:49:21,689 [INFO] - Validation epoch stats:   Loss: 0.3642 - F1-Score: 0.8659 - Accuracy-Score: 0.8659 - AUROC: 0.9635 - AP: 0.8611
[37m2024-06-28 08:49:21,762 [INFO] - Epoch: 30/50
[37m2024-06-28 08:49:21,762 [INFO] - Extracting training cells
[37m2024-06-28 08:49:27,853 [INFO] - Extraction detection metrics - F1: 0.695, Precision: 0.775, Recall: 0.642, Detected-Cells: 3123
[37m2024-06-28 08:49:27,980 [INFO] - Training epoch stats:     Loss: 0.2041 - F1-Score: 0.9203 - Accuracy-Score: 0.9203 - AUROC: 0.9892 - AP: 0.9624
[37m2024-06-28 08:49:28,127 [INFO] - Validation epoch stats:   Loss: 0.3513 - F1-Score: 0.8726 - Accuracy-Score: 0.8726 - AUROC: 0.9647 - AP: 0.8622
[37m2024-06-28 08:49:28,191 [INFO] - Epoch: 31/50
[37m2024-06-28 08:49:28,191 [INFO] - Extracting training cells
[37m2024-06-28 08:49:35,193 [INFO] - Extraction detection metrics - F1: 0.717, Precision: 0.825, Recall: 0.670, Detected-Cells: 3533
[37m2024-06-28 08:49:35,568 [INFO] - Training epoch stats:     Loss: 0.1344 - F1-Score: 0.9468 - Accuracy-Score: 0.9468 - AUROC: 0.9951 - AP: 0.9757
[37m2024-06-28 08:49:35,710 [INFO] - Validation epoch stats:   Loss: 0.3845 - F1-Score: 0.8615 - Accuracy-Score: 0.8615 - AUROC: 0.9639 - AP: 0.8614
[37m2024-06-28 08:49:35,766 [INFO] - Epoch: 32/50
[37m2024-06-28 08:49:35,766 [INFO] - Extracting training cells
[37m2024-06-28 08:49:42,417 [INFO] - Extraction detection metrics - F1: 0.736, Precision: 0.822, Recall: 0.688, Detected-Cells: 3637
[37m2024-06-28 08:49:42,577 [INFO] - Training epoch stats:     Loss: 0.1509 - F1-Score: 0.9445 - Accuracy-Score: 0.9445 - AUROC: 0.9926 - AP: 0.9692
[37m2024-06-28 08:49:42,733 [INFO] - Validation epoch stats:   Loss: 0.3842 - F1-Score: 0.8608 - Accuracy-Score: 0.8608 - AUROC: 0.9632 - AP: 0.8605
[37m2024-06-28 08:49:42,801 [INFO] - Epoch: 33/50
[37m2024-06-28 08:49:42,802 [INFO] - Extracting training cells
[37m2024-06-28 08:49:49,171 [INFO] - Extraction detection metrics - F1: 0.713, Precision: 0.780, Recall: 0.681, Detected-Cells: 2643
[37m2024-06-28 08:49:49,290 [INFO] - Training epoch stats:     Loss: 0.2135 - F1-Score: 0.9115 - Accuracy-Score: 0.9115 - AUROC: 0.9851 - AP: 0.9400
[37m2024-06-28 08:49:49,437 [INFO] - Validation epoch stats:   Loss: 0.3645 - F1-Score: 0.8661 - Accuracy-Score: 0.8661 - AUROC: 0.9634 - AP: 0.8606
[37m2024-06-28 08:49:49,437 [INFO] - Performing early stopping!
[37m2024-06-28 08:49:49,442 [INFO] - Finished run 8q4w0o0g
