[37m2024-05-16 14:22:40,684 [INFO] - Instantiated Logger. WandB init and config update finished.
[37m2024-05-16 14:22:40,687 [INFO] - Run ist stored here: /cellvit/logs_paper/Head-Evaluation/CoNSeP/SAM-H/Amount-DA/2024-05-16T142226_Amount-13
[37m2024-05-16 14:22:40,766 [INFO] - Cuda devices: [<torch.cuda.device object at 0x7feb00e2a710>]
[37m2024-05-16 14:22:40,768 [INFO] - Using GPU: cuda:0
[37m2024-05-16 14:22:40,778 [INFO] - Using device: cuda:0
[37m2024-05-16 14:22:40,790 [INFO] - Loss function:
[37m2024-05-16 14:22:40,801 [INFO] - CrossEntropyLoss()
[37m2024-05-16 14:22:51,745 [INFO] - <All keys matched successfully>
[37m2024-05-16 14:22:52,521 [INFO] -
==========================================================================================
Layer (type:depth-idx)                   Output Shape              Param #
==========================================================================================
LinearClassifier                         [1, 4]                    --
├─Linear: 1-1                            [1, 128]                  163,968
├─ReLU: 1-2                              [1, 128]                  --
├─Dropout: 1-3                           [1, 128]                  --
├─Linear: 1-4                            [1, 4]                    516
==========================================================================================
Total params: 164,484
Trainable params: 164,484
Non-trainable params: 0
Total mult-adds (M): 0.16
==========================================================================================
Input size (MB): 0.01
Forward/backward pass size (MB): 0.00
Params size (MB): 0.66
Estimated Total Size (MB): 0.66
==========================================================================================
[37m2024-05-16 14:22:52,523 [INFO] - Loaded AdamW Optimizer with following hyperparameters:
[37m2024-05-16 14:22:52,531 [INFO] - {'betas': [0.85, 0.9], 'lr': 0.0005, 'weight_decay': 0.0005}
[37m2024-05-16 14:22:52,541 [INFO] - Using early stopping with a range of 20 and maximize strategy
[37m2024-05-16 14:22:52,567 [INFO] - Caching datasets
[37m2024-05-16 14:22:53,481 [INFO] - Instantiate Trainer
[37m2024-05-16 14:22:53,483 [INFO] - Calling Trainer Fit
[37m2024-05-16 14:22:53,491 [INFO] - Starting training, total number of epochs: 50
[37m2024-05-16 14:22:53,502 [INFO] - Epoch: 1/50
[37m2024-05-16 14:22:53,513 [INFO] - Extracting training cells
[37m2024-05-16 14:23:06,295 [INFO] - Extraction detection metrics - F1: 0.758, Precision: 0.829, Recall: 0.716, Detected-Cells: 4727
[37m2024-05-16 14:23:06,601 [INFO] - Training epoch stats:     Loss: 0.4912 - F1-Score: 0.8157 - Accuracy-Score: 0.8157 - AUROC: 0.9258 - AP: 0.7504
[37m2024-05-16 14:23:07,274 [INFO] - Loaded dataset from cache: /Consep/cache/1f728da27af6daed7b166ce5447f5dec18916e3679cb7b74ddaefb4a67df10d2.h5
[37m2024-05-16 14:23:07,371 [INFO] - Validation epoch stats:   Loss: 0.3916 - F1-Score: 0.8615 - Accuracy-Score: 0.8615 - AUROC: 0.9594 - AP: 0.8486
[37m2024-05-16 14:23:07,372 [INFO] - New best model - save checkpoint
[37m2024-05-16 14:23:07,626 [INFO] - Epoch: 2/50
[37m2024-05-16 14:23:07,627 [INFO] - Extracting training cells
[37m2024-05-16 14:23:16,615 [INFO] - Extraction detection metrics - F1: 0.759, Precision: 0.828, Recall: 0.721, Detected-Cells: 4288
[37m2024-05-16 14:23:16,779 [INFO] - Training epoch stats:     Loss: 0.3650 - F1-Score: 0.8727 - Accuracy-Score: 0.8727 - AUROC: 0.9605 - AP: 0.8359
[37m2024-05-16 14:23:16,905 [INFO] - Validation epoch stats:   Loss: 0.4255 - F1-Score: 0.8397 - Accuracy-Score: 0.8397 - AUROC: 0.9519 - AP: 0.8329
[37m2024-05-16 14:23:16,968 [INFO] - Epoch: 3/50
[37m2024-05-16 14:23:16,968 [INFO] - Extracting training cells
[37m2024-05-16 14:23:25,715 [INFO] - Extraction detection metrics - F1: 0.752, Precision: 0.850, Recall: 0.697, Detected-Cells: 4755
[37m2024-05-16 14:23:25,896 [INFO] - Training epoch stats:     Loss: 0.3150 - F1-Score: 0.8919 - Accuracy-Score: 0.8919 - AUROC: 0.9740 - AP: 0.9021
[37m2024-05-16 14:23:26,021 [INFO] - Validation epoch stats:   Loss: 0.3882 - F1-Score: 0.8544 - Accuracy-Score: 0.8544 - AUROC: 0.9610 - AP: 0.8486
[37m2024-05-16 14:23:26,022 [INFO] - New best model - save checkpoint
[37m2024-05-16 14:23:26,256 [INFO] - Epoch: 4/50
[37m2024-05-16 14:23:26,256 [INFO] - Extracting training cells
[37m2024-05-16 14:23:34,798 [INFO] - Extraction detection metrics - F1: 0.770, Precision: 0.846, Recall: 0.725, Detected-Cells: 4667
[37m2024-05-16 14:23:34,955 [INFO] - Training epoch stats:     Loss: 0.2488 - F1-Score: 0.9091 - Accuracy-Score: 0.9091 - AUROC: 0.9776 - AP: 0.8929
[37m2024-05-16 14:23:35,064 [INFO] - Validation epoch stats:   Loss: 0.3845 - F1-Score: 0.8512 - Accuracy-Score: 0.8512 - AUROC: 0.9577 - AP: 0.7690
[37m2024-05-16 14:23:35,121 [INFO] - Epoch: 5/50
[37m2024-05-16 14:23:35,121 [INFO] - Extracting training cells
[37m2024-05-16 14:23:44,227 [INFO] - Extraction detection metrics - F1: 0.775, Precision: 0.846, Recall: 0.732, Detected-Cells: 4932
[37m2024-05-16 14:23:44,414 [INFO] - Training epoch stats:     Loss: 0.2264 - F1-Score: 0.9148 - Accuracy-Score: 0.9148 - AUROC: 0.9826 - AP: 0.9264
[37m2024-05-16 14:23:44,538 [INFO] - Validation epoch stats:   Loss: 0.3329 - F1-Score: 0.8716 - Accuracy-Score: 0.8716 - AUROC: 0.9676 - AP: 0.8650
[37m2024-05-16 14:23:44,538 [INFO] - New best model - save checkpoint
[37m2024-05-16 14:23:44,799 [INFO] - Epoch: 6/50
[37m2024-05-16 14:23:44,799 [INFO] - Extracting training cells
[37m2024-05-16 14:23:53,704 [INFO] - Extraction detection metrics - F1: 0.763, Precision: 0.846, Recall: 0.711, Detected-Cells: 4763
[37m2024-05-16 14:23:53,883 [INFO] - Training epoch stats:     Loss: 0.2321 - F1-Score: 0.9118 - Accuracy-Score: 0.9118 - AUROC: 0.9828 - AP: 0.9214
[37m2024-05-16 14:23:54,010 [INFO] - Validation epoch stats:   Loss: 0.3510 - F1-Score: 0.8620 - Accuracy-Score: 0.8620 - AUROC: 0.9683 - AP: 0.8668
[37m2024-05-16 14:23:54,011 [INFO] - New best model - save checkpoint
[37m2024-05-16 14:23:54,236 [INFO] - Epoch: 7/50
[37m2024-05-16 14:23:54,237 [INFO] - Extracting training cells
[37m2024-05-16 14:24:02,647 [INFO] - Extraction detection metrics - F1: 0.778, Precision: 0.848, Recall: 0.732, Detected-Cells: 4761
[37m2024-05-16 14:24:02,826 [INFO] - Training epoch stats:     Loss: 0.2144 - F1-Score: 0.9229 - Accuracy-Score: 0.9229 - AUROC: 0.9868 - AP: 0.9467
[37m2024-05-16 14:24:02,951 [INFO] - Validation epoch stats:   Loss: 0.3700 - F1-Score: 0.8601 - Accuracy-Score: 0.8601 - AUROC: 0.9642 - AP: 0.8612
[37m2024-05-16 14:24:03,008 [INFO] - Epoch: 8/50
[37m2024-05-16 14:24:03,008 [INFO] - Extracting training cells
[37m2024-05-16 14:24:11,907 [INFO] - Extraction detection metrics - F1: 0.783, Precision: 0.865, Recall: 0.739, Detected-Cells: 5107
[37m2024-05-16 14:24:12,107 [INFO] - Training epoch stats:     Loss: 0.2124 - F1-Score: 0.9201 - Accuracy-Score: 0.9201 - AUROC: 0.9858 - AP: 0.9428
[37m2024-05-16 14:24:12,250 [INFO] - Validation epoch stats:   Loss: 0.3327 - F1-Score: 0.8725 - Accuracy-Score: 0.8725 - AUROC: 0.9696 - AP: 0.8666
[37m2024-05-16 14:24:12,251 [INFO] - New best model - save checkpoint
[37m2024-05-16 14:24:12,492 [INFO] - Epoch: 9/50
[37m2024-05-16 14:24:12,492 [INFO] - Extracting training cells
[37m2024-05-16 14:24:21,056 [INFO] - Extraction detection metrics - F1: 0.784, Precision: 0.862, Recall: 0.734, Detected-Cells: 4898
[37m2024-05-16 14:24:21,240 [INFO] - Training epoch stats:     Loss: 0.4162 - F1-Score: 0.8663 - Accuracy-Score: 0.8663 - AUROC: 0.9559 - AP: 0.8863
[37m2024-05-16 14:24:21,367 [INFO] - Validation epoch stats:   Loss: 0.3633 - F1-Score: 0.8606 - Accuracy-Score: 0.8606 - AUROC: 0.9689 - AP: 0.8772
[37m2024-05-16 14:24:21,421 [INFO] - Epoch: 10/50
[37m2024-05-16 14:24:21,421 [INFO] - Extracting training cells
[37m2024-05-16 14:24:30,433 [INFO] - Extraction detection metrics - F1: 0.766, Precision: 0.848, Recall: 0.714, Detected-Cells: 4870
[37m2024-05-16 14:24:30,627 [INFO] - Training epoch stats:     Loss: 0.3003 - F1-Score: 0.8955 - Accuracy-Score: 0.8955 - AUROC: 0.9769 - AP: 0.9338
[37m2024-05-16 14:24:30,766 [INFO] - Validation epoch stats:   Loss: 0.3521 - F1-Score: 0.8701 - Accuracy-Score: 0.8701 - AUROC: 0.9685 - AP: 0.8720
[37m2024-05-16 14:24:30,829 [INFO] - Epoch: 11/50
[37m2024-05-16 14:24:30,830 [INFO] - Extracting training cells
[37m2024-05-16 14:24:40,882 [INFO] - Extraction detection metrics - F1: 0.744, Precision: 0.831, Recall: 0.690, Detected-Cells: 4328
[37m2024-05-16 14:24:41,054 [INFO] - Training epoch stats:     Loss: 0.3025 - F1-Score: 0.8775 - Accuracy-Score: 0.8775 - AUROC: 0.9779 - AP: 0.9242
[37m2024-05-16 14:24:41,190 [INFO] - Validation epoch stats:   Loss: 0.3375 - F1-Score: 0.8668 - Accuracy-Score: 0.8668 - AUROC: 0.9690 - AP: 0.8676
[37m2024-05-16 14:24:41,251 [INFO] - Epoch: 12/50
[37m2024-05-16 14:24:41,252 [INFO] - Extracting training cells
[37m2024-05-16 14:24:51,678 [INFO] - Extraction detection metrics - F1: 0.783, Precision: 0.865, Recall: 0.737, Detected-Cells: 5086
[37m2024-05-16 14:24:51,897 [INFO] - Training epoch stats:     Loss: 0.1702 - F1-Score: 0.9367 - Accuracy-Score: 0.9367 - AUROC: 0.9912 - AP: 0.9607
[37m2024-05-16 14:24:52,053 [INFO] - Validation epoch stats:   Loss: 0.3343 - F1-Score: 0.8752 - Accuracy-Score: 0.8752 - AUROC: 0.9706 - AP: 0.8784
[37m2024-05-16 14:24:52,055 [INFO] - New best model - save checkpoint
[37m2024-05-16 14:24:52,306 [INFO] - Epoch: 13/50
[37m2024-05-16 14:24:52,307 [INFO] - Extracting training cells
[37m2024-05-16 14:25:00,582 [INFO] - Extraction detection metrics - F1: 0.763, Precision: 0.834, Recall: 0.716, Detected-Cells: 3995
[37m2024-05-16 14:25:00,880 [INFO] - Training epoch stats:     Loss: 0.3673 - F1-Score: 0.8696 - Accuracy-Score: 0.8696 - AUROC: 0.9677 - AP: 0.9106
[37m2024-05-16 14:25:00,982 [INFO] - Validation epoch stats:   Loss: 0.3550 - F1-Score: 0.8605 - Accuracy-Score: 0.8605 - AUROC: 0.9670 - AP: 0.8694
[37m2024-05-16 14:25:01,037 [INFO] - Epoch: 14/50
[37m2024-05-16 14:25:01,037 [INFO] - Extracting training cells
[37m2024-05-16 14:25:11,597 [INFO] - Extraction detection metrics - F1: 0.790, Precision: 0.864, Recall: 0.743, Detected-Cells: 4990
[37m2024-05-16 14:25:11,747 [INFO] - Training epoch stats:     Loss: 0.2240 - F1-Score: 0.9140 - Accuracy-Score: 0.9140 - AUROC: 0.9852 - AP: 0.9418
[37m2024-05-16 14:25:11,848 [INFO] - Validation epoch stats:   Loss: 0.3564 - F1-Score: 0.8608 - Accuracy-Score: 0.8608 - AUROC: 0.9683 - AP: 0.8695
[37m2024-05-16 14:25:11,907 [INFO] - Epoch: 15/50
[37m2024-05-16 14:25:11,907 [INFO] - Extracting training cells
[37m2024-05-16 14:25:20,577 [INFO] - Extraction detection metrics - F1: 0.777, Precision: 0.853, Recall: 0.726, Detected-Cells: 4852
[37m2024-05-16 14:25:20,757 [INFO] - Training epoch stats:     Loss: 0.2071 - F1-Score: 0.9174 - Accuracy-Score: 0.9174 - AUROC: 0.9857 - AP: 0.9460
[37m2024-05-16 14:25:20,887 [INFO] - Validation epoch stats:   Loss: 0.3278 - F1-Score: 0.8733 - Accuracy-Score: 0.8733 - AUROC: 0.9679 - AP: 0.8683
[37m2024-05-16 14:25:20,946 [INFO] - Epoch: 16/50
[37m2024-05-16 14:25:20,947 [INFO] - Extracting training cells
[37m2024-05-16 14:25:29,238 [INFO] - Extraction detection metrics - F1: 0.789, Precision: 0.855, Recall: 0.747, Detected-Cells: 4964
[37m2024-05-16 14:25:29,419 [INFO] - Training epoch stats:     Loss: 0.2825 - F1-Score: 0.8961 - Accuracy-Score: 0.8961 - AUROC: 0.9814 - AP: 0.9488
[37m2024-05-16 14:25:29,549 [INFO] - Validation epoch stats:   Loss: 0.3474 - F1-Score: 0.8726 - Accuracy-Score: 0.8726 - AUROC: 0.9663 - AP: 0.8707
[37m2024-05-16 14:25:29,613 [INFO] - Epoch: 17/50
[37m2024-05-16 14:25:29,614 [INFO] - Extracting training cells
[37m2024-05-16 14:25:38,338 [INFO] - Extraction detection metrics - F1: 0.786, Precision: 0.859, Recall: 0.735, Detected-Cells: 4875
[37m2024-05-16 14:25:38,514 [INFO] - Training epoch stats:     Loss: 0.1715 - F1-Score: 0.9344 - Accuracy-Score: 0.9344 - AUROC: 0.9915 - AP: 0.9654
[37m2024-05-16 14:25:38,644 [INFO] - Validation epoch stats:   Loss: 0.3549 - F1-Score: 0.8680 - Accuracy-Score: 0.8680 - AUROC: 0.9662 - AP: 0.8671
[37m2024-05-16 14:25:38,709 [INFO] - Epoch: 18/50
[37m2024-05-16 14:25:38,710 [INFO] - Extracting training cells
[37m2024-05-16 14:25:47,434 [INFO] - Extraction detection metrics - F1: 0.756, Precision: 0.843, Recall: 0.706, Detected-Cells: 4826
[37m2024-05-16 14:25:47,611 [INFO] - Training epoch stats:     Loss: 0.2753 - F1-Score: 0.8974 - Accuracy-Score: 0.8974 - AUROC: 0.9818 - AP: 0.9439
[37m2024-05-16 14:25:47,759 [INFO] - Validation epoch stats:   Loss: 0.3785 - F1-Score: 0.8615 - Accuracy-Score: 0.8615 - AUROC: 0.9582 - AP: 0.8595
[37m2024-05-16 14:25:47,817 [INFO] - Epoch: 19/50
[37m2024-05-16 14:25:47,817 [INFO] - Extracting training cells
[37m2024-05-16 14:25:56,244 [INFO] - Extraction detection metrics - F1: 0.754, Precision: 0.847, Recall: 0.699, Detected-Cells: 4264
[37m2024-05-16 14:25:56,427 [INFO] - Training epoch stats:     Loss: 0.2364 - F1-Score: 0.9182 - Accuracy-Score: 0.9182 - AUROC: 0.9836 - AP: 0.9492
[37m2024-05-16 14:25:56,552 [INFO] - Validation epoch stats:   Loss: 0.3421 - F1-Score: 0.8732 - Accuracy-Score: 0.8732 - AUROC: 0.9644 - AP: 0.8664
[37m2024-05-16 14:25:56,613 [INFO] - Epoch: 20/50
[37m2024-05-16 14:25:56,614 [INFO] - Extracting training cells
[37m2024-05-16 14:26:06,062 [INFO] - Extraction detection metrics - F1: 0.755, Precision: 0.840, Recall: 0.700, Detected-Cells: 4639
[37m2024-05-16 14:26:06,228 [INFO] - Training epoch stats:     Loss: 0.4699 - F1-Score: 0.8642 - Accuracy-Score: 0.8642 - AUROC: 0.9568 - AP: 0.8946
[37m2024-05-16 14:26:06,355 [INFO] - Validation epoch stats:   Loss: 0.3617 - F1-Score: 0.8629 - Accuracy-Score: 0.8629 - AUROC: 0.9604 - AP: 0.8577
[37m2024-05-16 14:26:06,411 [INFO] - Epoch: 21/50
[37m2024-05-16 14:26:06,412 [INFO] - Extracting training cells
[37m2024-05-16 14:26:14,857 [INFO] - Extraction detection metrics - F1: 0.783, Precision: 0.860, Recall: 0.739, Detected-Cells: 5051
[37m2024-05-16 14:26:15,016 [INFO] - Training epoch stats:     Loss: 0.1806 - F1-Score: 0.9368 - Accuracy-Score: 0.9368 - AUROC: 0.9905 - AP: 0.9643
[37m2024-05-16 14:26:15,117 [INFO] - Validation epoch stats:   Loss: 0.3347 - F1-Score: 0.8752 - Accuracy-Score: 0.8752 - AUROC: 0.9691 - AP: 0.8738
[37m2024-05-16 14:26:15,175 [INFO] - Epoch: 22/50
[37m2024-05-16 14:26:15,175 [INFO] - Extracting training cells
[37m2024-05-16 14:26:24,024 [INFO] - Extraction detection metrics - F1: 0.773, Precision: 0.837, Recall: 0.740, Detected-Cells: 4601
[37m2024-05-16 14:26:24,172 [INFO] - Training epoch stats:     Loss: 0.2555 - F1-Score: 0.9170 - Accuracy-Score: 0.9170 - AUROC: 0.9851 - AP: 0.9572
[37m2024-05-16 14:26:24,277 [INFO] - Validation epoch stats:   Loss: 0.3372 - F1-Score: 0.8687 - Accuracy-Score: 0.8687 - AUROC: 0.9658 - AP: 0.8746
[37m2024-05-16 14:26:24,338 [INFO] - Epoch: 23/50
[37m2024-05-16 14:26:24,339 [INFO] - Extracting training cells
[37m2024-05-16 14:26:33,690 [INFO] - Extraction detection metrics - F1: 0.766, Precision: 0.843, Recall: 0.725, Detected-Cells: 4738
[37m2024-05-16 14:26:34,054 [INFO] - Training epoch stats:     Loss: 0.2039 - F1-Score: 0.9177 - Accuracy-Score: 0.9177 - AUROC: 0.9889 - AP: 0.9566
[37m2024-05-16 14:26:34,177 [INFO] - Validation epoch stats:   Loss: 0.3362 - F1-Score: 0.8696 - Accuracy-Score: 0.8696 - AUROC: 0.9687 - AP: 0.8754
[37m2024-05-16 14:26:34,244 [INFO] - Epoch: 24/50
[37m2024-05-16 14:26:34,245 [INFO] - Extracting training cells
[37m2024-05-16 14:26:43,086 [INFO] - Extraction detection metrics - F1: 0.790, Precision: 0.851, Recall: 0.750, Detected-Cells: 5046
[37m2024-05-16 14:26:43,270 [INFO] - Training epoch stats:     Loss: 0.1398 - F1-Score: 0.9493 - Accuracy-Score: 0.9493 - AUROC: 0.9940 - AP: 0.9733
[37m2024-05-16 14:26:43,397 [INFO] - Validation epoch stats:   Loss: 0.3401 - F1-Score: 0.8744 - Accuracy-Score: 0.8744 - AUROC: 0.9714 - AP: 0.8809
[37m2024-05-16 14:26:43,398 [INFO] - New best model - save checkpoint
[37m2024-05-16 14:26:43,652 [INFO] - Epoch: 25/50
[37m2024-05-16 14:26:43,652 [INFO] - Extracting training cells
[37m2024-05-16 14:26:52,385 [INFO] - Extraction detection metrics - F1: 0.780, Precision: 0.853, Recall: 0.740, Detected-Cells: 5053
[37m2024-05-16 14:26:52,542 [INFO] - Training epoch stats:     Loss: 0.3585 - F1-Score: 0.8908 - Accuracy-Score: 0.8908 - AUROC: 0.9741 - AP: 0.9428
[37m2024-05-16 14:26:52,648 [INFO] - Validation epoch stats:   Loss: 0.3161 - F1-Score: 0.8742 - Accuracy-Score: 0.8742 - AUROC: 0.9710 - AP: 0.8811
[37m2024-05-16 14:26:52,709 [INFO] - Epoch: 26/50
[37m2024-05-16 14:26:52,710 [INFO] - Extracting training cells
[37m2024-05-16 14:27:01,464 [INFO] - Extraction detection metrics - F1: 0.781, Precision: 0.855, Recall: 0.734, Detected-Cells: 4913
[37m2024-05-16 14:27:01,637 [INFO] - Training epoch stats:     Loss: 0.4082 - F1-Score: 0.8962 - Accuracy-Score: 0.8962 - AUROC: 0.9633 - AP: 0.9051
[37m2024-05-16 14:27:01,764 [INFO] - Validation epoch stats:   Loss: 0.3210 - F1-Score: 0.8740 - Accuracy-Score: 0.8740 - AUROC: 0.9699 - AP: 0.8800
[37m2024-05-16 14:27:01,828 [INFO] - Epoch: 27/50
[37m2024-05-16 14:27:01,828 [INFO] - Extracting training cells
[37m2024-05-16 14:27:11,037 [INFO] - Extraction detection metrics - F1: 0.766, Precision: 0.846, Recall: 0.723, Detected-Cells: 4960
[37m2024-05-16 14:27:11,191 [INFO] - Training epoch stats:     Loss: 0.1627 - F1-Score: 0.9456 - Accuracy-Score: 0.9456 - AUROC: 0.9937 - AP: 0.9730
[37m2024-05-16 14:27:11,297 [INFO] - Validation epoch stats:   Loss: 0.3114 - F1-Score: 0.8759 - Accuracy-Score: 0.8759 - AUROC: 0.9713 - AP: 0.8818
[37m2024-05-16 14:27:11,356 [INFO] - Epoch: 28/50
[37m2024-05-16 14:27:11,357 [INFO] - Extracting training cells
[37m2024-05-16 14:27:19,619 [INFO] - Extraction detection metrics - F1: 0.753, Precision: 0.824, Recall: 0.720, Detected-Cells: 4629
[37m2024-05-16 14:27:19,791 [INFO] - Training epoch stats:     Loss: 0.1894 - F1-Score: 0.9229 - Accuracy-Score: 0.9229 - AUROC: 0.9905 - AP: 0.9688
[37m2024-05-16 14:27:19,921 [INFO] - Validation epoch stats:   Loss: 0.3109 - F1-Score: 0.8759 - Accuracy-Score: 0.8759 - AUROC: 0.9721 - AP: 0.8824
[37m2024-05-16 14:27:19,922 [INFO] - New best model - save checkpoint
[37m2024-05-16 14:27:20,181 [INFO] - Epoch: 29/50
[37m2024-05-16 14:27:20,181 [INFO] - Extracting training cells
[37m2024-05-16 14:27:28,470 [INFO] - Extraction detection metrics - F1: 0.772, Precision: 0.861, Recall: 0.718, Detected-Cells: 4895
[37m2024-05-16 14:27:28,639 [INFO] - Training epoch stats:     Loss: 0.1378 - F1-Score: 0.9540 - Accuracy-Score: 0.9540 - AUROC: 0.9947 - AP: 0.9764
[37m2024-05-16 14:27:28,762 [INFO] - Validation epoch stats:   Loss: 0.3118 - F1-Score: 0.8780 - Accuracy-Score: 0.8780 - AUROC: 0.9726 - AP: 0.8827
[37m2024-05-16 14:27:28,763 [INFO] - New best model - save checkpoint
[37m2024-05-16 14:27:29,020 [INFO] - Epoch: 30/50
[37m2024-05-16 14:27:29,021 [INFO] - Extracting training cells
[37m2024-05-16 14:27:38,053 [INFO] - Extraction detection metrics - F1: 0.787, Precision: 0.848, Recall: 0.750, Detected-Cells: 4970
[37m2024-05-16 14:27:38,219 [INFO] - Training epoch stats:     Loss: 0.2974 - F1-Score: 0.9022 - Accuracy-Score: 0.9022 - AUROC: 0.9801 - AP: 0.9492
[37m2024-05-16 14:27:38,326 [INFO] - Validation epoch stats:   Loss: 0.3193 - F1-Score: 0.8742 - Accuracy-Score: 0.8742 - AUROC: 0.9705 - AP: 0.8802
[37m2024-05-16 14:27:38,382 [INFO] - Epoch: 31/50
[37m2024-05-16 14:27:38,383 [INFO] - Extracting training cells
[37m2024-05-16 14:27:46,902 [INFO] - Extraction detection metrics - F1: 0.749, Precision: 0.839, Recall: 0.700, Detected-Cells: 4408
[37m2024-05-16 14:27:47,071 [INFO] - Training epoch stats:     Loss: 0.2205 - F1-Score: 0.9106 - Accuracy-Score: 0.9106 - AUROC: 0.9884 - AP: 0.9669
[37m2024-05-16 14:27:47,199 [INFO] - Validation epoch stats:   Loss: 0.3225 - F1-Score: 0.8744 - Accuracy-Score: 0.8744 - AUROC: 0.9696 - AP: 0.8787
[37m2024-05-16 14:27:47,257 [INFO] - Epoch: 32/50
[37m2024-05-16 14:27:47,258 [INFO] - Extracting training cells
[37m2024-05-16 14:27:55,991 [INFO] - Extraction detection metrics - F1: 0.777, Precision: 0.837, Recall: 0.737, Detected-Cells: 4900
[37m2024-05-16 14:27:56,163 [INFO] - Training epoch stats:     Loss: 0.1303 - F1-Score: 0.9522 - Accuracy-Score: 0.9522 - AUROC: 0.9956 - AP: 0.9825
[37m2024-05-16 14:27:56,286 [INFO] - Validation epoch stats:   Loss: 0.3237 - F1-Score: 0.8757 - Accuracy-Score: 0.8757 - AUROC: 0.9704 - AP: 0.8798
[37m2024-05-16 14:27:56,347 [INFO] - Epoch: 33/50
[37m2024-05-16 14:27:56,348 [INFO] - Extracting training cells
[37m2024-05-16 14:28:04,884 [INFO] - Extraction detection metrics - F1: 0.775, Precision: 0.857, Recall: 0.718, Detected-Cells: 4191
[37m2024-05-16 14:28:05,232 [INFO] - Training epoch stats:     Loss: 0.1652 - F1-Score: 0.9384 - Accuracy-Score: 0.9384 - AUROC: 0.9924 - AP: 0.9684
[37m2024-05-16 14:28:05,358 [INFO] - Validation epoch stats:   Loss: 0.3214 - F1-Score: 0.8761 - Accuracy-Score: 0.8761 - AUROC: 0.9710 - AP: 0.8805
[37m2024-05-16 14:28:05,415 [INFO] - Epoch: 34/50
[37m2024-05-16 14:28:05,416 [INFO] - Extracting training cells
[37m2024-05-16 14:28:14,975 [INFO] - Extraction detection metrics - F1: 0.761, Precision: 0.850, Recall: 0.705, Detected-Cells: 4687
[37m2024-05-16 14:28:15,121 [INFO] - Training epoch stats:     Loss: 0.1287 - F1-Score: 0.9575 - Accuracy-Score: 0.9575 - AUROC: 0.9957 - AP: 0.9828
[37m2024-05-16 14:28:15,226 [INFO] - Validation epoch stats:   Loss: 0.3250 - F1-Score: 0.8752 - Accuracy-Score: 0.8752 - AUROC: 0.9713 - AP: 0.8804
[37m2024-05-16 14:28:15,287 [INFO] - Epoch: 35/50
[37m2024-05-16 14:28:15,288 [INFO] - Extracting training cells
[37m2024-05-16 14:28:23,651 [INFO] - Extraction detection metrics - F1: 0.774, Precision: 0.847, Recall: 0.732, Detected-Cells: 4404
[37m2024-05-16 14:28:23,825 [INFO] - Training epoch stats:     Loss: 0.1293 - F1-Score: 0.9485 - Accuracy-Score: 0.9485 - AUROC: 0.9953 - AP: 0.9800
[37m2024-05-16 14:28:23,970 [INFO] - Validation epoch stats:   Loss: 0.3284 - F1-Score: 0.8759 - Accuracy-Score: 0.8759 - AUROC: 0.9711 - AP: 0.8797
[37m2024-05-16 14:28:24,038 [INFO] - Epoch: 36/50
[37m2024-05-16 14:28:24,038 [INFO] - Extracting training cells
[37m2024-05-16 14:28:32,773 [INFO] - Extraction detection metrics - F1: 0.747, Precision: 0.827, Recall: 0.702, Detected-Cells: 4491
[37m2024-05-16 14:28:32,950 [INFO] - Training epoch stats:     Loss: 0.4136 - F1-Score: 0.9134 - Accuracy-Score: 0.9134 - AUROC: 0.9574 - AP: 0.8592
[37m2024-05-16 14:28:33,096 [INFO] - Validation epoch stats:   Loss: 0.3160 - F1-Score: 0.8785 - Accuracy-Score: 0.8785 - AUROC: 0.9711 - AP: 0.8780
[37m2024-05-16 14:28:33,157 [INFO] - Epoch: 37/50
[37m2024-05-16 14:28:33,158 [INFO] - Extracting training cells
[37m2024-05-16 14:28:41,694 [INFO] - Extraction detection metrics - F1: 0.754, Precision: 0.824, Recall: 0.717, Detected-Cells: 4139
[37m2024-05-16 14:28:41,830 [INFO] - Training epoch stats:     Loss: 0.1771 - F1-Score: 0.9282 - Accuracy-Score: 0.9282 - AUROC: 0.9924 - AP: 0.9669
[37m2024-05-16 14:28:41,929 [INFO] - Validation epoch stats:   Loss: 0.3206 - F1-Score: 0.8769 - Accuracy-Score: 0.8769 - AUROC: 0.9710 - AP: 0.8778
[37m2024-05-16 14:28:41,992 [INFO] - Epoch: 38/50
[37m2024-05-16 14:28:41,992 [INFO] - Extracting training cells
[37m2024-05-16 14:28:50,928 [INFO] - Extraction detection metrics - F1: 0.771, Precision: 0.849, Recall: 0.721, Detected-Cells: 4357
[37m2024-05-16 14:28:51,055 [INFO] - Training epoch stats:     Loss: 0.1408 - F1-Score: 0.9481 - Accuracy-Score: 0.9481 - AUROC: 0.9942 - AP: 0.9771
[37m2024-05-16 14:28:51,162 [INFO] - Validation epoch stats:   Loss: 0.3167 - F1-Score: 0.8774 - Accuracy-Score: 0.8774 - AUROC: 0.9713 - AP: 0.8782
[37m2024-05-16 14:28:51,221 [INFO] - Epoch: 39/50
[37m2024-05-16 14:28:51,221 [INFO] - Extracting training cells
[37m2024-05-16 14:29:01,554 [INFO] - Extraction detection metrics - F1: 0.767, Precision: 0.839, Recall: 0.716, Detected-Cells: 4867
[37m2024-05-16 14:29:01,738 [INFO] - Training epoch stats:     Loss: 0.2470 - F1-Score: 0.9439 - Accuracy-Score: 0.9439 - AUROC: 0.9918 - AP: 0.9649
[37m2024-05-16 14:29:01,873 [INFO] - Validation epoch stats:   Loss: 0.3180 - F1-Score: 0.8793 - Accuracy-Score: 0.8793 - AUROC: 0.9716 - AP: 0.8789
[37m2024-05-16 14:29:01,933 [INFO] - Epoch: 40/50
[37m2024-05-16 14:29:01,933 [INFO] - Extracting training cells
[37m2024-05-16 14:29:11,756 [INFO] - Extraction detection metrics - F1: 0.765, Precision: 0.843, Recall: 0.722, Detected-Cells: 4652
[37m2024-05-16 14:29:11,939 [INFO] - Training epoch stats:     Loss: 0.2918 - F1-Score: 0.9058 - Accuracy-Score: 0.9058 - AUROC: 0.9806 - AP: 0.9323
[37m2024-05-16 14:29:12,066 [INFO] - Validation epoch stats:   Loss: 0.3172 - F1-Score: 0.8771 - Accuracy-Score: 0.8771 - AUROC: 0.9703 - AP: 0.8762
[37m2024-05-16 14:29:12,129 [INFO] - Epoch: 41/50
[37m2024-05-16 14:29:12,129 [INFO] - Extracting training cells
[37m2024-05-16 14:29:20,677 [INFO] - Extraction detection metrics - F1: 0.770, Precision: 0.850, Recall: 0.718, Detected-Cells: 4698
[37m2024-05-16 14:29:20,838 [INFO] - Training epoch stats:     Loss: 0.1676 - F1-Score: 0.9342 - Accuracy-Score: 0.9342 - AUROC: 0.9931 - AP: 0.9736
[37m2024-05-16 14:29:20,958 [INFO] - Validation epoch stats:   Loss: 0.3109 - F1-Score: 0.8793 - Accuracy-Score: 0.8793 - AUROC: 0.9720 - AP: 0.8798
[37m2024-05-16 14:29:21,019 [INFO] - Epoch: 42/50
[37m2024-05-16 14:29:21,020 [INFO] - Extracting training cells
[37m2024-05-16 14:29:29,851 [INFO] - Extraction detection metrics - F1: 0.750, Precision: 0.830, Recall: 0.699, Detected-Cells: 4233
[37m2024-05-16 14:29:29,983 [INFO] - Training epoch stats:     Loss: 0.1677 - F1-Score: 0.9362 - Accuracy-Score: 0.9362 - AUROC: 0.9930 - AP: 0.9713
[37m2024-05-16 14:29:30,086 [INFO] - Validation epoch stats:   Loss: 0.3090 - F1-Score: 0.8800 - Accuracy-Score: 0.8800 - AUROC: 0.9722 - AP: 0.8810
[37m2024-05-16 14:29:30,147 [INFO] - Epoch: 43/50
[37m2024-05-16 14:29:30,148 [INFO] - Extracting training cells
[37m2024-05-16 14:29:38,547 [INFO] - Extraction detection metrics - F1: 0.776, Precision: 0.845, Recall: 0.733, Detected-Cells: 4687
[37m2024-05-16 14:29:38,696 [INFO] - Training epoch stats:     Loss: 0.1973 - F1-Score: 0.9217 - Accuracy-Score: 0.9217 - AUROC: 0.9904 - AP: 0.9674
[37m2024-05-16 14:29:38,800 [INFO] - Validation epoch stats:   Loss: 0.3186 - F1-Score: 0.8778 - Accuracy-Score: 0.8778 - AUROC: 0.9716 - AP: 0.8805
[37m2024-05-16 14:29:38,858 [INFO] - Epoch: 44/50
[37m2024-05-16 14:29:38,859 [INFO] - Extracting training cells
[37m2024-05-16 14:29:46,980 [INFO] - Extraction detection metrics - F1: 0.765, Precision: 0.835, Recall: 0.728, Detected-Cells: 4667
[37m2024-05-16 14:29:47,319 [INFO] - Training epoch stats:     Loss: 0.2344 - F1-Score: 0.9096 - Accuracy-Score: 0.9096 - AUROC: 0.9873 - AP: 0.9694
[37m2024-05-16 14:29:47,422 [INFO] - Validation epoch stats:   Loss: 0.3141 - F1-Score: 0.8780 - Accuracy-Score: 0.8780 - AUROC: 0.9713 - AP: 0.8808
[37m2024-05-16 14:29:47,478 [INFO] - Epoch: 45/50
[37m2024-05-16 14:29:47,479 [INFO] - Extracting training cells
[37m2024-05-16 14:29:56,641 [INFO] - Extraction detection metrics - F1: 0.764, Precision: 0.861, Recall: 0.708, Detected-Cells: 4914
[37m2024-05-16 14:29:56,818 [INFO] - Training epoch stats:     Loss: 0.1370 - F1-Score: 0.9510 - Accuracy-Score: 0.9510 - AUROC: 0.9954 - AP: 0.9814
[37m2024-05-16 14:29:56,944 [INFO] - Validation epoch stats:   Loss: 0.3150 - F1-Score: 0.8790 - Accuracy-Score: 0.8790 - AUROC: 0.9714 - AP: 0.8805
[37m2024-05-16 14:29:57,002 [INFO] - Epoch: 46/50
[37m2024-05-16 14:29:57,003 [INFO] - Extracting training cells
[37m2024-05-16 14:30:05,270 [INFO] - Extraction detection metrics - F1: 0.770, Precision: 0.855, Recall: 0.723, Detected-Cells: 4482
[37m2024-05-16 14:30:05,411 [INFO] - Training epoch stats:     Loss: 0.1827 - F1-Score: 0.9306 - Accuracy-Score: 0.9306 - AUROC: 0.9912 - AP: 0.9600
[37m2024-05-16 14:30:05,516 [INFO] - Validation epoch stats:   Loss: 0.3159 - F1-Score: 0.8768 - Accuracy-Score: 0.8768 - AUROC: 0.9719 - AP: 0.8799
[37m2024-05-16 14:30:05,574 [INFO] - Epoch: 47/50
[37m2024-05-16 14:30:05,575 [INFO] - Extracting training cells
[37m2024-05-16 14:30:13,901 [INFO] - Extraction detection metrics - F1: 0.760, Precision: 0.852, Recall: 0.705, Detected-Cells: 4804
[37m2024-05-16 14:30:14,069 [INFO] - Training epoch stats:     Loss: 0.2685 - F1-Score: 0.9101 - Accuracy-Score: 0.9101 - AUROC: 0.9835 - AP: 0.9544
[37m2024-05-16 14:30:14,192 [INFO] - Validation epoch stats:   Loss: 0.3145 - F1-Score: 0.8792 - Accuracy-Score: 0.8792 - AUROC: 0.9712 - AP: 0.8805
[37m2024-05-16 14:30:14,255 [INFO] - Epoch: 48/50
[37m2024-05-16 14:30:14,256 [INFO] - Extracting training cells
[37m2024-05-16 14:30:22,791 [INFO] - Extraction detection metrics - F1: 0.764, Precision: 0.852, Recall: 0.717, Detected-Cells: 4921
[37m2024-05-16 14:30:22,962 [INFO] - Training epoch stats:     Loss: 0.2963 - F1-Score: 0.9110 - Accuracy-Score: 0.9110 - AUROC: 0.9724 - AP: 0.9102
[37m2024-05-16 14:30:23,084 [INFO] - Validation epoch stats:   Loss: 0.3269 - F1-Score: 0.8692 - Accuracy-Score: 0.8692 - AUROC: 0.9687 - AP: 0.8743
[37m2024-05-16 14:30:23,143 [INFO] - Epoch: 49/50
[37m2024-05-16 14:30:23,144 [INFO] - Extracting training cells
[37m2024-05-16 14:30:31,674 [INFO] - Extraction detection metrics - F1: 0.796, Precision: 0.857, Recall: 0.758, Detected-Cells: 4797
[37m2024-05-16 14:30:31,821 [INFO] - Training epoch stats:     Loss: 0.2311 - F1-Score: 0.9193 - Accuracy-Score: 0.9193 - AUROC: 0.9874 - AP: 0.9680
[37m2024-05-16 14:30:31,924 [INFO] - Validation epoch stats:   Loss: 0.3203 - F1-Score: 0.8740 - Accuracy-Score: 0.8740 - AUROC: 0.9701 - AP: 0.8756
[37m2024-05-16 14:30:31,924 [INFO] - Performing early stopping!
[37m2024-05-16 14:30:31,935 [INFO] - Finished run rajqwlnk
