[37m2024-06-24 13:15:35,017 [INFO] - Instantiated Logger. WandB init and config update finished.
[37m2024-06-24 13:15:35,019 [INFO] - Run ist stored here: /cellvit/logs_paper/Head-Evaluation/ocelot/ViT256/Amount/Aug/100/2024-06-24T131527_CellViT-ViT256-100Percent
[37m2024-06-24 13:15:35,087 [INFO] - Cuda devices: [<torch.cuda.device object at 0x7fbbcbf986d0>]
[37m2024-06-24 13:15:35,088 [INFO] - Using GPU: cuda:0
[37m2024-06-24 13:15:35,093 [INFO] - Using device: cuda:0
[37m2024-06-24 13:15:35,098 [INFO] - Loss function:
[37m2024-06-24 13:15:35,103 [INFO] - CrossEntropyLoss()
[37m2024-06-24 13:15:37,762 [INFO] - <All keys matched successfully>
[37m2024-06-24 13:15:38,086 [INFO] -
==========================================================================================
Layer (type:depth-idx)                   Output Shape              Param #
==========================================================================================
LinearClassifier                         [1, 2]                    --
├─Linear: 1-1                            [1, 256]                  98,560
├─ReLU: 1-2                              [1, 256]                  --
├─Dropout: 1-3                           [1, 256]                  --
├─Linear: 1-4                            [1, 2]                    514
==========================================================================================
Total params: 99,074
Trainable params: 99,074
Non-trainable params: 0
Total mult-adds (M): 0.10
==========================================================================================
Input size (MB): 0.00
Forward/backward pass size (MB): 0.00
Params size (MB): 0.40
Estimated Total Size (MB): 0.40
==========================================================================================
[37m2024-06-24 13:15:38,087 [INFO] - Loaded AdamW Optimizer with following hyperparameters:
[37m2024-06-24 13:15:38,092 [INFO] - {'betas': [0.85, 0.9], 'lr': 4.4403255414468894e-05, 'weight_decay': 8.22969479387945e-05}
[37m2024-06-24 13:15:38,097 [INFO] - Using early stopping with a range of 10 and maximize strategy
[37m2024-06-24 13:15:38,114 [INFO] - Caching datasets
[37m2024-06-24 13:15:43,577 [INFO] - Instantiate Trainer
[37m2024-06-24 13:15:43,582 [INFO] - Calling Trainer Fit
[37m2024-06-24 13:15:43,584 [INFO] - Starting training, total number of epochs: 50
[37m2024-06-24 13:15:43,589 [INFO] - Epoch: 1/50
[37m2024-06-24 13:15:43,594 [INFO] - Extracting training cells
[37m2024-06-24 13:18:04,074 [INFO] - Extraction detection metrics - F1: 0.698, Precision: 0.686, Recall: 0.776, Detected-Cells: 48197
[37m2024-06-24 13:18:06,071 [INFO] - Training epoch stats:     Loss: 0.5797 - F1-Score: 0.8125 - Accuracy-Score: 0.7324 - AUROC: 0.8105 - AP: 0.8690
[37m2024-06-24 13:18:07,587 [INFO] - Loaded dataset from cache: /OCELOT-Orig/cache/84a96648cf0731d52e69bfe32a74428f944857015825e7a06ae5f471f93f4855.h5
[37m2024-06-24 13:18:07,942 [INFO] - Validation epoch stats:   Loss: 0.4790 - F1-Score: 0.8660 - Accuracy-Score: 0.8177 - AUROC: 0.8966 - AP: 0.9346
[37m2024-06-24 13:18:07,942 [INFO] - New best model - save checkpoint
[37m2024-06-24 13:18:08,055 [INFO] - Epoch: 2/50
[37m2024-06-24 13:18:08,057 [INFO] - Extracting training cells
[37m2024-06-24 13:20:24,591 [INFO] - Extraction detection metrics - F1: 0.702, Precision: 0.686, Recall: 0.786, Detected-Cells: 48720
[37m2024-06-24 13:20:26,260 [INFO] - Training epoch stats:     Loss: 0.4341 - F1-Score: 0.8578 - Accuracy-Score: 0.8138 - AUROC: 0.8869 - AP: 0.9197
[37m2024-06-24 13:20:26,679 [INFO] - Validation epoch stats:   Loss: 0.3946 - F1-Score: 0.8690 - Accuracy-Score: 0.8316 - AUROC: 0.9048 - AP: 0.9428
[37m2024-06-24 13:20:26,680 [INFO] - New best model - save checkpoint
[37m2024-06-24 13:20:26,810 [INFO] - Epoch: 3/50
[37m2024-06-24 13:20:26,811 [INFO] - Extracting training cells
[37m2024-06-24 13:22:45,425 [INFO] - Extraction detection metrics - F1: 0.701, Precision: 0.686, Recall: 0.782, Detected-Cells: 48295
[37m2024-06-24 13:22:47,270 [INFO] - Training epoch stats:     Loss: 0.3915 - F1-Score: 0.8651 - Accuracy-Score: 0.8289 - AUROC: 0.8998 - AP: 0.9290
[37m2024-06-24 13:22:47,715 [INFO] - Validation epoch stats:   Loss: 0.3873 - F1-Score: 0.8664 - Accuracy-Score: 0.8327 - AUROC: 0.9069 - AP: 0.9441
[37m2024-06-24 13:22:47,716 [INFO] - New best model - save checkpoint
[37m2024-06-24 13:22:47,829 [INFO] - Epoch: 4/50
[37m2024-06-24 13:22:47,829 [INFO] - Extracting training cells
[37m2024-06-24 13:25:04,804 [INFO] - Extraction detection metrics - F1: 0.700, Precision: 0.685, Recall: 0.782, Detected-Cells: 48061
[37m2024-06-24 13:25:06,203 [INFO] - Training epoch stats:     Loss: 0.3852 - F1-Score: 0.8674 - Accuracy-Score: 0.8307 - AUROC: 0.8999 - AP: 0.9299
[37m2024-06-24 13:25:06,608 [INFO] - Validation epoch stats:   Loss: 0.3714 - F1-Score: 0.8750 - Accuracy-Score: 0.8411 - AUROC: 0.9115 - AP: 0.9468
[37m2024-06-24 13:25:06,609 [INFO] - New best model - save checkpoint
[37m2024-06-24 13:25:06,772 [INFO] - Epoch: 5/50
[37m2024-06-24 13:25:06,773 [INFO] - Extracting training cells
[37m2024-06-24 13:27:24,214 [INFO] - Extraction detection metrics - F1: 0.697, Precision: 0.681, Recall: 0.778, Detected-Cells: 48460
[37m2024-06-24 13:27:25,956 [INFO] - Training epoch stats:     Loss: 0.3606 - F1-Score: 0.8772 - Accuracy-Score: 0.8447 - AUROC: 0.9140 - AP: 0.9396
[37m2024-06-24 13:27:26,325 [INFO] - Validation epoch stats:   Loss: 0.3742 - F1-Score: 0.8737 - Accuracy-Score: 0.8409 - AUROC: 0.9106 - AP: 0.9460
[37m2024-06-24 13:27:26,363 [INFO] - Epoch: 6/50
[37m2024-06-24 13:27:26,364 [INFO] - Extracting training cells
[37m2024-06-24 13:29:37,652 [INFO] - Extraction detection metrics - F1: 0.696, Precision: 0.682, Recall: 0.777, Detected-Cells: 48002
[37m2024-06-24 13:29:39,358 [INFO] - Training epoch stats:     Loss: 0.3620 - F1-Score: 0.8743 - Accuracy-Score: 0.8402 - AUROC: 0.9122 - AP: 0.9397
[37m2024-06-24 13:29:39,781 [INFO] - Validation epoch stats:   Loss: 0.3753 - F1-Score: 0.8736 - Accuracy-Score: 0.8410 - AUROC: 0.9104 - AP: 0.9455
[37m2024-06-24 13:29:39,825 [INFO] - Epoch: 7/50
[37m2024-06-24 13:29:39,826 [INFO] - Extracting training cells
[37m2024-06-24 13:31:49,291 [INFO] - Extraction detection metrics - F1: 0.703, Precision: 0.688, Recall: 0.781, Detected-Cells: 48363
[37m2024-06-24 13:31:50,863 [INFO] - Training epoch stats:     Loss: 0.3448 - F1-Score: 0.8819 - Accuracy-Score: 0.8499 - AUROC: 0.9210 - AP: 0.9463
[37m2024-06-24 13:31:51,275 [INFO] - Validation epoch stats:   Loss: 0.3738 - F1-Score: 0.8731 - Accuracy-Score: 0.8394 - AUROC: 0.9088 - AP: 0.9441
[37m2024-06-24 13:31:51,317 [INFO] - Epoch: 8/50
[37m2024-06-24 13:31:51,317 [INFO] - Extracting training cells
[37m2024-06-24 13:34:04,092 [INFO] - Extraction detection metrics - F1: 0.699, Precision: 0.682, Recall: 0.780, Detected-Cells: 48586
[37m2024-06-24 13:34:05,765 [INFO] - Training epoch stats:     Loss: 0.3391 - F1-Score: 0.8844 - Accuracy-Score: 0.8548 - AUROC: 0.9248 - AP: 0.9477
[37m2024-06-24 13:34:06,166 [INFO] - Validation epoch stats:   Loss: 0.3755 - F1-Score: 0.8721 - Accuracy-Score: 0.8392 - AUROC: 0.9090 - AP: 0.9438
[37m2024-06-24 13:34:06,203 [INFO] - Epoch: 9/50
[37m2024-06-24 13:34:06,203 [INFO] - Extracting training cells
[37m2024-06-24 13:36:22,688 [INFO] - Extraction detection metrics - F1: 0.696, Precision: 0.681, Recall: 0.777, Detected-Cells: 48493
[37m2024-06-24 13:36:24,256 [INFO] - Training epoch stats:     Loss: 0.3334 - F1-Score: 0.8844 - Accuracy-Score: 0.8543 - AUROC: 0.9268 - AP: 0.9480
[37m2024-06-24 13:36:24,670 [INFO] - Validation epoch stats:   Loss: 0.3825 - F1-Score: 0.8691 - Accuracy-Score: 0.8364 - AUROC: 0.9077 - AP: 0.9432
[37m2024-06-24 13:36:24,708 [INFO] - Epoch: 10/50
[37m2024-06-24 13:36:24,708 [INFO] - Extracting training cells
[37m2024-06-24 13:38:38,260 [INFO] - Extraction detection metrics - F1: 0.693, Precision: 0.677, Recall: 0.774, Detected-Cells: 47698
[37m2024-06-24 13:38:39,580 [INFO] - Training epoch stats:     Loss: 0.3264 - F1-Score: 0.8864 - Accuracy-Score: 0.8576 - AUROC: 0.9305 - AP: 0.9507
[37m2024-06-24 13:38:39,931 [INFO] - Validation epoch stats:   Loss: 0.3794 - F1-Score: 0.8709 - Accuracy-Score: 0.8391 - AUROC: 0.9095 - AP: 0.9439
[37m2024-06-24 13:38:39,974 [INFO] - Epoch: 11/50
[37m2024-06-24 13:38:39,975 [INFO] - Extracting training cells
[37m2024-06-24 13:40:51,547 [INFO] - Extraction detection metrics - F1: 0.700, Precision: 0.683, Recall: 0.784, Detected-Cells: 48676
[37m2024-06-24 13:40:53,166 [INFO] - Training epoch stats:     Loss: 0.3251 - F1-Score: 0.8889 - Accuracy-Score: 0.8605 - AUROC: 0.9308 - AP: 0.9501
[37m2024-06-24 13:40:53,603 [INFO] - Validation epoch stats:   Loss: 0.3762 - F1-Score: 0.8730 - Accuracy-Score: 0.8415 - AUROC: 0.9116 - AP: 0.9454
[37m2024-06-24 13:40:53,603 [INFO] - New best model - save checkpoint
[37m2024-06-24 13:40:53,725 [INFO] - Epoch: 12/50
[37m2024-06-24 13:40:53,726 [INFO] - Extracting training cells
[37m2024-06-24 13:43:04,942 [INFO] - Extraction detection metrics - F1: 0.701, Precision: 0.686, Recall: 0.778, Detected-Cells: 47935
[37m2024-06-24 13:43:06,371 [INFO] - Training epoch stats:     Loss: 0.3211 - F1-Score: 0.8886 - Accuracy-Score: 0.8613 - AUROC: 0.9333 - AP: 0.9517
[37m2024-06-24 13:43:06,710 [INFO] - Validation epoch stats:   Loss: 0.3788 - F1-Score: 0.8715 - Accuracy-Score: 0.8386 - AUROC: 0.9088 - AP: 0.9435
[37m2024-06-24 13:43:06,758 [INFO] - Epoch: 13/50
[37m2024-06-24 13:43:06,759 [INFO] - Extracting training cells
[37m2024-06-24 13:45:20,196 [INFO] - Extraction detection metrics - F1: 0.699, Precision: 0.684, Recall: 0.781, Detected-Cells: 48558
[37m2024-06-24 13:45:21,756 [INFO] - Training epoch stats:     Loss: 0.3114 - F1-Score: 0.8941 - Accuracy-Score: 0.8667 - AUROC: 0.9375 - AP: 0.9556
[37m2024-06-24 13:45:22,176 [INFO] - Validation epoch stats:   Loss: 0.3871 - F1-Score: 0.8668 - Accuracy-Score: 0.8342 - AUROC: 0.9071 - AP: 0.9424
[37m2024-06-24 13:45:22,220 [INFO] - Epoch: 14/50
[37m2024-06-24 13:45:22,220 [INFO] - Extracting training cells
[37m2024-06-24 13:47:34,819 [INFO] - Extraction detection metrics - F1: 0.698, Precision: 0.682, Recall: 0.781, Detected-Cells: 48309
[37m2024-06-24 13:47:36,469 [INFO] - Training epoch stats:     Loss: 0.3152 - F1-Score: 0.8911 - Accuracy-Score: 0.8636 - AUROC: 0.9352 - AP: 0.9533
[37m2024-06-24 13:47:36,886 [INFO] - Validation epoch stats:   Loss: 0.3876 - F1-Score: 0.8671 - Accuracy-Score: 0.8340 - AUROC: 0.9062 - AP: 0.9419
[37m2024-06-24 13:47:36,928 [INFO] - Epoch: 15/50
[37m2024-06-24 13:47:36,928 [INFO] - Extracting training cells
[37m2024-06-24 13:49:54,029 [INFO] - Extraction detection metrics - F1: 0.697, Precision: 0.684, Recall: 0.776, Detected-Cells: 48301
[37m2024-06-24 13:49:55,779 [INFO] - Training epoch stats:     Loss: 0.3101 - F1-Score: 0.8942 - Accuracy-Score: 0.8658 - AUROC: 0.9369 - AP: 0.9564
[37m2024-06-24 13:49:56,293 [INFO] - Validation epoch stats:   Loss: 0.3818 - F1-Score: 0.8707 - Accuracy-Score: 0.8375 - AUROC: 0.9075 - AP: 0.9426
[37m2024-06-24 13:49:56,333 [INFO] - Epoch: 16/50
[37m2024-06-24 13:49:56,334 [INFO] - Extracting training cells
[37m2024-06-24 13:52:12,998 [INFO] - Extraction detection metrics - F1: 0.695, Precision: 0.682, Recall: 0.775, Detected-Cells: 47523
[37m2024-06-24 13:52:14,769 [INFO] - Training epoch stats:     Loss: 0.3150 - F1-Score: 0.8907 - Accuracy-Score: 0.8618 - AUROC: 0.9351 - AP: 0.9549
[37m2024-06-24 13:52:15,187 [INFO] - Validation epoch stats:   Loss: 0.3883 - F1-Score: 0.8665 - Accuracy-Score: 0.8340 - AUROC: 0.9074 - AP: 0.9431
[37m2024-06-24 13:52:15,227 [INFO] - Epoch: 17/50
[37m2024-06-24 13:52:15,227 [INFO] - Extracting training cells
[37m2024-06-24 13:54:31,367 [INFO] - Extraction detection metrics - F1: 0.700, Precision: 0.683, Recall: 0.781, Detected-Cells: 48831
[37m2024-06-24 13:54:32,978 [INFO] - Training epoch stats:     Loss: 0.3087 - F1-Score: 0.8967 - Accuracy-Score: 0.8704 - AUROC: 0.9379 - AP: 0.9552
[37m2024-06-24 13:54:33,411 [INFO] - Validation epoch stats:   Loss: 0.3901 - F1-Score: 0.8663 - Accuracy-Score: 0.8342 - AUROC: 0.9074 - AP: 0.9432
[37m2024-06-24 13:54:33,456 [INFO] - Epoch: 18/50
[37m2024-06-24 13:54:33,457 [INFO] - Extracting training cells
[37m2024-06-24 13:56:47,710 [INFO] - Extraction detection metrics - F1: 0.700, Precision: 0.690, Recall: 0.780, Detected-Cells: 48470
[37m2024-06-24 13:56:49,186 [INFO] - Training epoch stats:     Loss: 0.3058 - F1-Score: 0.8968 - Accuracy-Score: 0.8696 - AUROC: 0.9386 - AP: 0.9565
[37m2024-06-24 13:56:49,618 [INFO] - Validation epoch stats:   Loss: 0.3893 - F1-Score: 0.8673 - Accuracy-Score: 0.8345 - AUROC: 0.9066 - AP: 0.9429
[37m2024-06-24 13:56:49,664 [INFO] - Epoch: 19/50
[37m2024-06-24 13:56:49,665 [INFO] - Extracting training cells
[37m2024-06-24 13:59:05,070 [INFO] - Extraction detection metrics - F1: 0.696, Precision: 0.682, Recall: 0.777, Detected-Cells: 47912
[37m2024-06-24 13:59:06,556 [INFO] - Training epoch stats:     Loss: 0.3022 - F1-Score: 0.8960 - Accuracy-Score: 0.8691 - AUROC: 0.9404 - AP: 0.9582
[37m2024-06-24 13:59:06,918 [INFO] - Validation epoch stats:   Loss: 0.3883 - F1-Score: 0.8665 - Accuracy-Score: 0.8339 - AUROC: 0.9074 - AP: 0.9431
[37m2024-06-24 13:59:06,968 [INFO] - Epoch: 20/50
[37m2024-06-24 13:59:06,968 [INFO] - Extracting training cells
[37m2024-06-24 14:01:26,026 [INFO] - Extraction detection metrics - F1: 0.702, Precision: 0.683, Recall: 0.785, Detected-Cells: 48814
[37m2024-06-24 14:01:27,763 [INFO] - Training epoch stats:     Loss: 0.2933 - F1-Score: 0.9009 - Accuracy-Score: 0.8757 - AUROC: 0.9440 - AP: 0.9608
[37m2024-06-24 14:01:28,188 [INFO] - Validation epoch stats:   Loss: 0.3909 - F1-Score: 0.8665 - Accuracy-Score: 0.8340 - AUROC: 0.9074 - AP: 0.9434
[37m2024-06-24 14:01:28,241 [INFO] - Epoch: 21/50
[37m2024-06-24 14:01:28,242 [INFO] - Extracting training cells
[37m2024-06-24 14:03:45,795 [INFO] - Extraction detection metrics - F1: 0.704, Precision: 0.688, Recall: 0.785, Detected-Cells: 49081
[37m2024-06-24 14:03:47,270 [INFO] - Training epoch stats:     Loss: 0.2954 - F1-Score: 0.9009 - Accuracy-Score: 0.8747 - AUROC: 0.9429 - AP: 0.9609
[37m2024-06-24 14:03:47,633 [INFO] - Validation epoch stats:   Loss: 0.3934 - F1-Score: 0.8654 - Accuracy-Score: 0.8328 - AUROC: 0.9068 - AP: 0.9431
[37m2024-06-24 14:03:47,633 [INFO] - Performing early stopping!
[37m2024-06-24 14:03:47,642 [INFO] - Finished run 0zl57d5o
