[37m2024-06-21 13:07:27,461 [INFO] - Instantiated Logger. WandB init and config update finished.
[37m2024-06-21 13:07:27,462 [INFO] - Run ist stored here: /cellvit/logs_paper/Head-Evaluation/ocelot/UNI/Amount/Aug/25/2024-06-21T130716_CellViT-UNI-25Percent
[37m2024-06-21 13:07:27,528 [INFO] - Cuda devices: [<torch.cuda.device object at 0x7f698e19c5e0>]
[37m2024-06-21 13:07:27,534 [INFO] - Using GPU: cuda:0
[37m2024-06-21 13:07:27,538 [INFO] - Using device: cuda:0
[37m2024-06-21 13:07:27,543 [INFO] - Loss function:
[37m2024-06-21 13:07:27,547 [INFO] - CrossEntropyLoss()
[37m2024-06-21 13:07:40,069 [INFO] - <All keys matched successfully>
[37m2024-06-21 13:07:40,914 [INFO] -
==========================================================================================
Layer (type:depth-idx)                   Output Shape              Param #
==========================================================================================
LinearClassifier                         [1, 2]                    --
├─Linear: 1-1                            [1, 256]                  262,400
├─ReLU: 1-2                              [1, 256]                  --
├─Dropout: 1-3                           [1, 256]                  --
├─Linear: 1-4                            [1, 2]                    514
==========================================================================================
Total params: 262,914
Trainable params: 262,914
Non-trainable params: 0
Total mult-adds (M): 0.26
==========================================================================================
Input size (MB): 0.00
Forward/backward pass size (MB): 0.00
Params size (MB): 1.05
Estimated Total Size (MB): 1.06
==========================================================================================
[37m2024-06-21 13:07:40,920 [INFO] - Loaded AdamW Optimizer with following hyperparameters:
[37m2024-06-21 13:07:40,926 [INFO] - {'lr': 5e-05, 'betas': [0.85, 0.9], 'weight_decay': 0.00055}
[37m2024-06-21 13:07:40,931 [INFO] - Using early stopping with a range of 10 and maximize strategy
[37m2024-06-21 13:07:40,951 [INFO] - Caching datasets
[37m2024-06-21 13:07:43,901 [INFO] - Instantiate Trainer
[37m2024-06-21 13:07:43,908 [INFO] - Calling Trainer Fit
[37m2024-06-21 13:07:43,914 [INFO] - Starting training, total number of epochs: 50
[37m2024-06-21 13:07:43,919 [INFO] - Epoch: 1/50
[37m2024-06-21 13:07:43,924 [INFO] - Extracting training cells
[37m2024-06-21 13:08:42,231 [INFO] - Extraction detection metrics - F1: 0.665, Precision: 0.633, Recall: 0.761, Detected-Cells: 12971
[37m2024-06-21 13:08:42,914 [INFO] - Training epoch stats:     Loss: 0.5673 - F1-Score: 0.8120 - Accuracy-Score: 0.7262 - AUROC: 0.8267 - AP: 0.8998
[37m2024-06-21 13:08:46,075 [INFO] - Loaded dataset from cache: /OCELOT-Orig/cache/bfeb7101834d8ce2518bc9a605646d8528eb104e9be34cc187c069953e6c8b62.h5
[37m2024-06-21 13:08:46,710 [INFO] - Validation epoch stats:   Loss: 0.4943 - F1-Score: 0.8714 - Accuracy-Score: 0.8175 - AUROC: 0.9303 - AP: 0.9558
[37m2024-06-21 13:08:46,716 [INFO] - New best model - save checkpoint
[37m2024-06-21 13:08:46,906 [INFO] - Epoch: 2/50
[37m2024-06-21 13:08:46,911 [INFO] - Extracting training cells
[37m2024-06-21 13:09:36,119 [INFO] - Extraction detection metrics - F1: 0.648, Precision: 0.617, Recall: 0.748, Detected-Cells: 13018
[37m2024-06-21 13:09:36,594 [INFO] - Training epoch stats:     Loss: 0.3894 - F1-Score: 0.9032 - Accuracy-Score: 0.8686 - AUROC: 0.9497 - AP: 0.9683
[37m2024-06-21 13:09:37,044 [INFO] - Validation epoch stats:   Loss: 0.3795 - F1-Score: 0.8998 - Accuracy-Score: 0.8690 - AUROC: 0.9309 - AP: 0.9569
[37m2024-06-21 13:09:37,049 [INFO] - New best model - save checkpoint
[37m2024-06-21 13:09:37,231 [INFO] - Epoch: 3/50
[37m2024-06-21 13:09:37,237 [INFO] - Extracting training cells
[37m2024-06-21 13:10:26,075 [INFO] - Extraction detection metrics - F1: 0.650, Precision: 0.628, Recall: 0.742, Detected-Cells: 13000
[37m2024-06-21 13:10:26,481 [INFO] - Training epoch stats:     Loss: 0.2834 - F1-Score: 0.9233 - Accuracy-Score: 0.9011 - AUROC: 0.9646 - AP: 0.9771
[37m2024-06-21 13:10:26,891 [INFO] - Validation epoch stats:   Loss: 0.3380 - F1-Score: 0.9011 - Accuracy-Score: 0.8731 - AUROC: 0.9310 - AP: 0.9560
[37m2024-06-21 13:10:26,898 [INFO] - New best model - save checkpoint
[37m2024-06-21 13:10:27,070 [INFO] - Epoch: 4/50
[37m2024-06-21 13:10:27,075 [INFO] - Extracting training cells
[37m2024-06-21 13:11:16,100 [INFO] - Extraction detection metrics - F1: 0.662, Precision: 0.632, Recall: 0.758, Detected-Cells: 13023
[37m2024-06-21 13:11:16,564 [INFO] - Training epoch stats:     Loss: 0.2331 - F1-Score: 0.9395 - Accuracy-Score: 0.9213 - AUROC: 0.9675 - AP: 0.9768
[37m2024-06-21 13:11:17,073 [INFO] - Validation epoch stats:   Loss: 0.3322 - F1-Score: 0.8990 - Accuracy-Score: 0.8720 - AUROC: 0.9301 - AP: 0.9547
[37m2024-06-21 13:11:17,141 [INFO] - Epoch: 5/50
[37m2024-06-21 13:11:17,146 [INFO] - Extracting training cells
[37m2024-06-21 13:12:05,871 [INFO] - Extraction detection metrics - F1: 0.659, Precision: 0.622, Recall: 0.765, Detected-Cells: 13127
[37m2024-06-21 13:12:06,281 [INFO] - Training epoch stats:     Loss: 0.2076 - F1-Score: 0.9430 - Accuracy-Score: 0.9263 - AUROC: 0.9737 - AP: 0.9833
[37m2024-06-21 13:12:06,619 [INFO] - Validation epoch stats:   Loss: 0.3305 - F1-Score: 0.8969 - Accuracy-Score: 0.8694 - AUROC: 0.9296 - AP: 0.9538
[37m2024-06-21 13:12:06,691 [INFO] - Epoch: 6/50
[37m2024-06-21 13:12:06,697 [INFO] - Extracting training cells
[37m2024-06-21 13:12:56,635 [INFO] - Extraction detection metrics - F1: 0.663, Precision: 0.636, Recall: 0.761, Detected-Cells: 13000
[37m2024-06-21 13:12:57,034 [INFO] - Training epoch stats:     Loss: 0.2063 - F1-Score: 0.9434 - Accuracy-Score: 0.9248 - AUROC: 0.9704 - AP: 0.9812
[37m2024-06-21 13:12:57,389 [INFO] - Validation epoch stats:   Loss: 0.3376 - F1-Score: 0.8950 - Accuracy-Score: 0.8673 - AUROC: 0.9273 - AP: 0.9520
[37m2024-06-21 13:12:57,466 [INFO] - Epoch: 7/50
[37m2024-06-21 13:12:57,470 [INFO] - Extracting training cells
[37m2024-06-21 13:13:39,793 [INFO] - Extraction detection metrics - F1: 0.659, Precision: 0.631, Recall: 0.759, Detected-Cells: 13194
[37m2024-06-21 13:13:40,199 [INFO] - Training epoch stats:     Loss: 0.1784 - F1-Score: 0.9517 - Accuracy-Score: 0.9355 - AUROC: 0.9793 - AP: 0.9885
[37m2024-06-21 13:13:40,561 [INFO] - Validation epoch stats:   Loss: 0.3353 - F1-Score: 0.8973 - Accuracy-Score: 0.8690 - AUROC: 0.9268 - AP: 0.9513
[37m2024-06-21 13:13:40,626 [INFO] - Epoch: 8/50
[37m2024-06-21 13:13:40,631 [INFO] - Extracting training cells
[37m2024-06-21 13:14:36,802 [INFO] - Extraction detection metrics - F1: 0.667, Precision: 0.641, Recall: 0.765, Detected-Cells: 13396
[37m2024-06-21 13:14:37,195 [INFO] - Training epoch stats:     Loss: 0.1657 - F1-Score: 0.9523 - Accuracy-Score: 0.9390 - AUROC: 0.9825 - AP: 0.9883
[37m2024-06-21 13:14:37,805 [INFO] - Validation epoch stats:   Loss: 0.3394 - F1-Score: 0.8981 - Accuracy-Score: 0.8692 - AUROC: 0.9257 - AP: 0.9500
[37m2024-06-21 13:14:37,874 [INFO] - Epoch: 9/50
[37m2024-06-21 13:14:37,879 [INFO] - Extracting training cells
[37m2024-06-21 13:15:23,822 [INFO] - Extraction detection metrics - F1: 0.649, Precision: 0.616, Recall: 0.750, Detected-Cells: 12951
[37m2024-06-21 13:15:24,490 [INFO] - Training epoch stats:     Loss: 0.1640 - F1-Score: 0.9525 - Accuracy-Score: 0.9402 - AUROC: 0.9820 - AP: 0.9873
[37m2024-06-21 13:15:25,122 [INFO] - Validation epoch stats:   Loss: 0.3447 - F1-Score: 0.8951 - Accuracy-Score: 0.8662 - AUROC: 0.9248 - AP: 0.9491
[37m2024-06-21 13:15:25,191 [INFO] - Epoch: 10/50
[37m2024-06-21 13:15:25,197 [INFO] - Extracting training cells
[37m2024-06-21 13:16:12,499 [INFO] - Extraction detection metrics - F1: 0.672, Precision: 0.643, Recall: 0.772, Detected-Cells: 13435
[37m2024-06-21 13:16:13,215 [INFO] - Training epoch stats:     Loss: 0.1494 - F1-Score: 0.9570 - Accuracy-Score: 0.9440 - AUROC: 0.9857 - AP: 0.9915
[37m2024-06-21 13:16:13,850 [INFO] - Validation epoch stats:   Loss: 0.3535 - F1-Score: 0.8944 - Accuracy-Score: 0.8653 - AUROC: 0.9238 - AP: 0.9487
[37m2024-06-21 13:16:13,924 [INFO] - Epoch: 11/50
[37m2024-06-21 13:16:13,930 [INFO] - Extracting training cells
[37m2024-06-21 13:17:01,346 [INFO] - Extraction detection metrics - F1: 0.662, Precision: 0.636, Recall: 0.756, Detected-Cells: 13167
[37m2024-06-21 13:17:02,035 [INFO] - Training epoch stats:     Loss: 0.1496 - F1-Score: 0.9569 - Accuracy-Score: 0.9431 - AUROC: 0.9847 - AP: 0.9913
[37m2024-06-21 13:17:02,475 [INFO] - Validation epoch stats:   Loss: 0.3589 - F1-Score: 0.8926 - Accuracy-Score: 0.8635 - AUROC: 0.9225 - AP: 0.9473
[37m2024-06-21 13:17:02,539 [INFO] - Epoch: 12/50
[37m2024-06-21 13:17:02,544 [INFO] - Extracting training cells
[37m2024-06-21 13:17:47,228 [INFO] - Extraction detection metrics - F1: 0.662, Precision: 0.630, Recall: 0.764, Detected-Cells: 13146
[37m2024-06-21 13:17:47,751 [INFO] - Training epoch stats:     Loss: 0.1484 - F1-Score: 0.9572 - Accuracy-Score: 0.9456 - AUROC: 0.9847 - AP: 0.9891
[37m2024-06-21 13:17:48,384 [INFO] - Validation epoch stats:   Loss: 0.3600 - F1-Score: 0.8911 - Accuracy-Score: 0.8618 - AUROC: 0.9223 - AP: 0.9471
[37m2024-06-21 13:17:48,459 [INFO] - Epoch: 13/50
[37m2024-06-21 13:17:48,464 [INFO] - Extracting training cells
[37m2024-06-21 13:18:36,718 [INFO] - Extraction detection metrics - F1: 0.656, Precision: 0.625, Recall: 0.756, Detected-Cells: 13008
[37m2024-06-21 13:18:37,187 [INFO] - Training epoch stats:     Loss: 0.1384 - F1-Score: 0.9597 - Accuracy-Score: 0.9487 - AUROC: 0.9874 - AP: 0.9921
[37m2024-06-21 13:18:37,584 [INFO] - Validation epoch stats:   Loss: 0.3635 - F1-Score: 0.8900 - Accuracy-Score: 0.8607 - AUROC: 0.9219 - AP: 0.9467
[37m2024-06-21 13:18:37,590 [INFO] - Performing early stopping!
[37m2024-06-21 13:18:37,596 [INFO] - Finished run zehygxiu
