[37m2024-08-15 12:31:59,090 [INFO] - Instantiated Logger. WandB init and config update finished.
[37m2024-08-15 12:31:59,092 [INFO] - Run ist stored here: /cellvit/logs_paper/Head-Evaluation/ocelot/Virchow2/Amount/Aug/50/Seed-2/2024-08-15T123150_CellViT-Virchow2-50Percent
[37m2024-08-15 12:31:59,155 [INFO] - Cuda devices: [<torch.cuda.device object at 0x7ff70004c400>]
[37m2024-08-15 12:31:59,160 [INFO] - Using GPU: cuda:0
[37m2024-08-15 12:31:59,164 [INFO] - Using device: cuda:0
[37m2024-08-15 12:31:59,168 [INFO] - Loss function:
[37m2024-08-15 12:31:59,172 [INFO] - CrossEntropyLoss()
[37m2024-08-15 12:32:05,641 [INFO] - Loading checkpoint ./checkpoints/CellViT-Virchow2-x40-AMP.pth
[37m2024-08-15 12:32:05,783 [INFO] - <All keys matched successfully>
[37m2024-08-15 12:32:06,645 [INFO] -
==========================================================================================
Layer (type:depth-idx)                   Output Shape              Param #
==========================================================================================
LinearClassifier                         [1, 2]                    --
├─Linear: 1-1                            [1, 128]                  163,968
├─ReLU: 1-2                              [1, 128]                  --
├─Dropout: 1-3                           [1, 128]                  --
├─Linear: 1-4                            [1, 2]                    258
==========================================================================================
Total params: 164,226
Trainable params: 164,226
Non-trainable params: 0
Total mult-adds (M): 0.16
==========================================================================================
Input size (MB): 0.01
Forward/backward pass size (MB): 0.00
Params size (MB): 0.66
Estimated Total Size (MB): 0.66
==========================================================================================
[37m2024-08-15 12:32:06,650 [INFO] - Loaded AdamW Optimizer with following hyperparameters:
[37m2024-08-15 12:32:06,654 [INFO] - {'betas': [0.85, 0.9], 'lr': 0.009409727686291442, 'weight_decay': 0.00014345992571792625}
[37m2024-08-15 12:32:06,659 [INFO] - Using early stopping with a range of 20 and maximize strategy
[37m2024-08-15 12:32:06,674 [INFO] - Caching datasets
[37m2024-08-15 12:32:09,198 [INFO] - Instantiate Trainer
[37m2024-08-15 12:32:09,207 [INFO] - Calling Trainer Fit
[37m2024-08-15 12:32:09,211 [INFO] - Starting training, total number of epochs: 50
[37m2024-08-15 12:32:09,216 [INFO] - Epoch: 1/50
[37m2024-08-15 12:32:09,220 [INFO] - Extracting training cells
[37m2024-08-15 12:35:08,734 [INFO] - Extraction detection metrics - F1: 0.611, Precision: 0.583, Recall: 0.707, Detected-Cells: 21527
[37m2024-08-15 12:35:09,469 [INFO] - Training epoch stats:     Loss: 0.2540 - F1-Score: 0.9169 - Accuracy-Score: 0.8913 - AUROC: 0.9564 - AP: 0.9715
[37m2024-08-15 12:35:13,596 [INFO] - Loaded dataset from cache: /OCELOT-Orig/cache/d3f39bcf5e12d4434d29435a83ab7bcf9794a8be57cbfca649b939673729a883.h5
[37m2024-08-15 12:35:14,076 [INFO] - Validation epoch stats:   Loss: 0.3829 - F1-Score: 0.8833 - Accuracy-Score: 0.8512 - AUROC: 0.9161 - AP: 0.9427
[37m2024-08-15 12:35:14,082 [INFO] - New best model - save checkpoint
[37m2024-08-15 12:35:14,277 [INFO] - Epoch: 2/50
[37m2024-08-15 12:35:14,284 [INFO] - Extracting training cells
[37m2024-08-15 12:38:06,855 [INFO] - Extraction detection metrics - F1: 0.615, Precision: 0.583, Recall: 0.713, Detected-Cells: 22131
[37m2024-08-15 12:38:07,483 [INFO] - Training epoch stats:     Loss: 0.1667 - F1-Score: 0.9503 - Accuracy-Score: 0.9361 - AUROC: 0.9811 - AP: 0.9879
[37m2024-08-15 12:38:07,793 [INFO] - Validation epoch stats:   Loss: 0.3883 - F1-Score: 0.8878 - Accuracy-Score: 0.8587 - AUROC: 0.9232 - AP: 0.9494
[37m2024-08-15 12:38:07,799 [INFO] - New best model - save checkpoint
[37m2024-08-15 12:38:07,959 [INFO] - Epoch: 3/50
[37m2024-08-15 12:38:07,963 [INFO] - Extracting training cells
[37m2024-08-15 12:40:59,251 [INFO] - Extraction detection metrics - F1: 0.609, Precision: 0.581, Recall: 0.706, Detected-Cells: 21491
[37m2024-08-15 12:41:00,139 [INFO] - Training epoch stats:     Loss: 0.1467 - F1-Score: 0.9569 - Accuracy-Score: 0.9450 - AUROC: 0.9847 - AP: 0.9896
[37m2024-08-15 12:41:00,609 [INFO] - Validation epoch stats:   Loss: 0.3909 - F1-Score: 0.8851 - Accuracy-Score: 0.8471 - AUROC: 0.9185 - AP: 0.9439
[37m2024-08-15 12:41:00,678 [INFO] - Epoch: 4/50
[37m2024-08-15 12:41:00,684 [INFO] - Extracting training cells
[37m2024-08-15 12:43:51,323 [INFO] - Extraction detection metrics - F1: 0.617, Precision: 0.593, Recall: 0.707, Detected-Cells: 21673
[37m2024-08-15 12:43:51,975 [INFO] - Training epoch stats:     Loss: 0.1440 - F1-Score: 0.9560 - Accuracy-Score: 0.9431 - AUROC: 0.9857 - AP: 0.9910
[37m2024-08-15 12:43:52,283 [INFO] - Validation epoch stats:   Loss: 0.4741 - F1-Score: 0.8693 - Accuracy-Score: 0.8258 - AUROC: 0.8979 - AP: 0.9305
[37m2024-08-15 12:43:52,365 [INFO] - Epoch: 5/50
[37m2024-08-15 12:43:52,370 [INFO] - Extracting training cells
[37m2024-08-15 12:46:45,081 [INFO] - Extraction detection metrics - F1: 0.637, Precision: 0.604, Recall: 0.732, Detected-Cells: 22750
[37m2024-08-15 12:46:45,771 [INFO] - Training epoch stats:     Loss: 0.1344 - F1-Score: 0.9598 - Accuracy-Score: 0.9480 - AUROC: 0.9872 - AP: 0.9918
[37m2024-08-15 12:46:46,073 [INFO] - Validation epoch stats:   Loss: 0.4524 - F1-Score: 0.8761 - Accuracy-Score: 0.8428 - AUROC: 0.9079 - AP: 0.9372
[37m2024-08-15 12:46:46,160 [INFO] - Epoch: 6/50
[37m2024-08-15 12:46:46,164 [INFO] - Extracting training cells
[37m2024-08-15 12:49:38,681 [INFO] - Extraction detection metrics - F1: 0.614, Precision: 0.588, Recall: 0.709, Detected-Cells: 21984
[37m2024-08-15 12:49:39,477 [INFO] - Training epoch stats:     Loss: 0.1255 - F1-Score: 0.9616 - Accuracy-Score: 0.9502 - AUROC: 0.9892 - AP: 0.9933
[37m2024-08-15 12:49:39,854 [INFO] - Validation epoch stats:   Loss: 0.4450 - F1-Score: 0.8856 - Accuracy-Score: 0.8513 - AUROC: 0.9165 - AP: 0.9434
[37m2024-08-15 12:49:39,928 [INFO] - Epoch: 7/50
[37m2024-08-15 12:49:39,932 [INFO] - Extracting training cells
[37m2024-08-15 12:52:32,213 [INFO] - Extraction detection metrics - F1: 0.617, Precision: 0.595, Recall: 0.708, Detected-Cells: 21983
[37m2024-08-15 12:52:33,135 [INFO] - Training epoch stats:     Loss: 0.1217 - F1-Score: 0.9640 - Accuracy-Score: 0.9534 - AUROC: 0.9899 - AP: 0.9939
[37m2024-08-15 12:52:33,612 [INFO] - Validation epoch stats:   Loss: 0.4786 - F1-Score: 0.8779 - Accuracy-Score: 0.8434 - AUROC: 0.9018 - AP: 0.9274
[37m2024-08-15 12:52:33,694 [INFO] - Epoch: 8/50
[37m2024-08-15 12:52:33,700 [INFO] - Extracting training cells
[37m2024-08-15 12:55:28,094 [INFO] - Extraction detection metrics - F1: 0.624, Precision: 0.593, Recall: 0.722, Detected-Cells: 22663
[37m2024-08-15 12:55:28,796 [INFO] - Training epoch stats:     Loss: 0.1189 - F1-Score: 0.9627 - Accuracy-Score: 0.9518 - AUROC: 0.9905 - AP: 0.9943
[37m2024-08-15 12:55:29,107 [INFO] - Validation epoch stats:   Loss: 0.5254 - F1-Score: 0.8860 - Accuracy-Score: 0.8518 - AUROC: 0.9153 - AP: 0.9363
[37m2024-08-15 12:55:29,178 [INFO] - Epoch: 9/50
[37m2024-08-15 12:55:29,183 [INFO] - Extracting training cells
[37m2024-08-15 12:58:24,630 [INFO] - Extraction detection metrics - F1: 0.612, Precision: 0.585, Recall: 0.708, Detected-Cells: 21408
[37m2024-08-15 12:58:25,286 [INFO] - Training epoch stats:     Loss: 0.1200 - F1-Score: 0.9657 - Accuracy-Score: 0.9563 - AUROC: 0.9902 - AP: 0.9934
[37m2024-08-15 12:58:25,599 [INFO] - Validation epoch stats:   Loss: 0.5060 - F1-Score: 0.8799 - Accuracy-Score: 0.8448 - AUROC: 0.9033 - AP: 0.9278
[37m2024-08-15 12:58:25,661 [INFO] - Epoch: 10/50
[37m2024-08-15 12:58:25,666 [INFO] - Extracting training cells
[37m2024-08-15 13:01:22,077 [INFO] - Extraction detection metrics - F1: 0.624, Precision: 0.600, Recall: 0.720, Detected-Cells: 22629
[37m2024-08-15 13:01:22,968 [INFO] - Training epoch stats:     Loss: 0.1173 - F1-Score: 0.9648 - Accuracy-Score: 0.9545 - AUROC: 0.9904 - AP: 0.9939
[37m2024-08-15 13:01:23,758 [INFO] - Validation epoch stats:   Loss: 0.4953 - F1-Score: 0.8838 - Accuracy-Score: 0.8474 - AUROC: 0.9054 - AP: 0.9322
[37m2024-08-15 13:01:23,842 [INFO] - Epoch: 11/50
[37m2024-08-15 13:01:23,847 [INFO] - Extracting training cells
[37m2024-08-15 13:04:18,540 [INFO] - Extraction detection metrics - F1: 0.628, Precision: 0.596, Recall: 0.725, Detected-Cells: 22551
[37m2024-08-15 13:04:19,254 [INFO] - Training epoch stats:     Loss: 0.1120 - F1-Score: 0.9672 - Accuracy-Score: 0.9571 - AUROC: 0.9916 - AP: 0.9947
[37m2024-08-15 13:04:19,563 [INFO] - Validation epoch stats:   Loss: 0.5195 - F1-Score: 0.8756 - Accuracy-Score: 0.8366 - AUROC: 0.8985 - AP: 0.9224
[37m2024-08-15 13:04:19,628 [INFO] - Epoch: 12/50
[37m2024-08-15 13:04:19,633 [INFO] - Extracting training cells
[37m2024-08-15 13:07:14,328 [INFO] - Extraction detection metrics - F1: 0.618, Precision: 0.588, Recall: 0.714, Detected-Cells: 22377
[37m2024-08-15 13:07:15,038 [INFO] - Training epoch stats:     Loss: 0.1197 - F1-Score: 0.9649 - Accuracy-Score: 0.9547 - AUROC: 0.9904 - AP: 0.9937
[37m2024-08-15 13:07:15,342 [INFO] - Validation epoch stats:   Loss: 0.4909 - F1-Score: 0.8804 - Accuracy-Score: 0.8411 - AUROC: 0.9133 - AP: 0.9409
[37m2024-08-15 13:07:15,427 [INFO] - Epoch: 13/50
[37m2024-08-15 13:07:15,432 [INFO] - Extracting training cells
[37m2024-08-15 13:10:09,045 [INFO] - Extraction detection metrics - F1: 0.621, Precision: 0.596, Recall: 0.713, Detected-Cells: 22232
[37m2024-08-15 13:10:09,807 [INFO] - Training epoch stats:     Loss: 0.1120 - F1-Score: 0.9672 - Accuracy-Score: 0.9572 - AUROC: 0.9913 - AP: 0.9943
[37m2024-08-15 13:10:10,109 [INFO] - Validation epoch stats:   Loss: 0.5821 - F1-Score: 0.8803 - Accuracy-Score: 0.8427 - AUROC: 0.9095 - AP: 0.9358
[37m2024-08-15 13:10:10,180 [INFO] - Epoch: 14/50
[37m2024-08-15 13:10:10,185 [INFO] - Extracting training cells
[37m2024-08-15 13:13:02,447 [INFO] - Extraction detection metrics - F1: 0.613, Precision: 0.589, Recall: 0.709, Detected-Cells: 21865
[37m2024-08-15 13:13:03,135 [INFO] - Training epoch stats:     Loss: 0.1159 - F1-Score: 0.9671 - Accuracy-Score: 0.9572 - AUROC: 0.9912 - AP: 0.9944
[37m2024-08-15 13:13:03,439 [INFO] - Validation epoch stats:   Loss: 0.4510 - F1-Score: 0.8841 - Accuracy-Score: 0.8483 - AUROC: 0.9114 - AP: 0.9371
[37m2024-08-15 13:13:03,526 [INFO] - Epoch: 15/50
[37m2024-08-15 13:13:03,531 [INFO] - Extracting training cells
[37m2024-08-15 13:15:58,081 [INFO] - Extraction detection metrics - F1: 0.613, Precision: 0.583, Recall: 0.717, Detected-Cells: 21467
[37m2024-08-15 13:15:58,941 [INFO] - Training epoch stats:     Loss: 0.1057 - F1-Score: 0.9697 - Accuracy-Score: 0.9610 - AUROC: 0.9922 - AP: 0.9947
[37m2024-08-15 13:15:59,400 [INFO] - Validation epoch stats:   Loss: 0.5146 - F1-Score: 0.8825 - Accuracy-Score: 0.8467 - AUROC: 0.9086 - AP: 0.9331
[37m2024-08-15 13:15:59,480 [INFO] - Epoch: 16/50
[37m2024-08-15 13:15:59,485 [INFO] - Extracting training cells
[37m2024-08-15 13:18:55,593 [INFO] - Extraction detection metrics - F1: 0.614, Precision: 0.586, Recall: 0.712, Detected-Cells: 22193
[37m2024-08-15 13:18:56,281 [INFO] - Training epoch stats:     Loss: 0.1030 - F1-Score: 0.9700 - Accuracy-Score: 0.9619 - AUROC: 0.9931 - AP: 0.9954
[37m2024-08-15 13:18:56,588 [INFO] - Validation epoch stats:   Loss: 0.5362 - F1-Score: 0.8833 - Accuracy-Score: 0.8488 - AUROC: 0.9071 - AP: 0.9291
[37m2024-08-15 13:18:56,651 [INFO] - Epoch: 17/50
[37m2024-08-15 13:18:56,657 [INFO] - Extracting training cells
[37m2024-08-15 13:21:49,705 [INFO] - Extraction detection metrics - F1: 0.609, Precision: 0.580, Recall: 0.705, Detected-Cells: 21701
[37m2024-08-15 13:21:50,369 [INFO] - Training epoch stats:     Loss: 0.1057 - F1-Score: 0.9689 - Accuracy-Score: 0.9593 - AUROC: 0.9925 - AP: 0.9954
[37m2024-08-15 13:21:50,674 [INFO] - Validation epoch stats:   Loss: 0.5512 - F1-Score: 0.8853 - Accuracy-Score: 0.8531 - AUROC: 0.9158 - AP: 0.9379
[37m2024-08-15 13:21:50,738 [INFO] - Epoch: 18/50
[37m2024-08-15 13:21:50,743 [INFO] - Extracting training cells
[37m2024-08-15 13:24:47,395 [INFO] - Extraction detection metrics - F1: 0.623, Precision: 0.594, Recall: 0.717, Detected-Cells: 22786
[37m2024-08-15 13:24:48,101 [INFO] - Training epoch stats:     Loss: 0.0856 - F1-Score: 0.9743 - Accuracy-Score: 0.9667 - AUROC: 0.9947 - AP: 0.9964
[37m2024-08-15 13:24:48,408 [INFO] - Validation epoch stats:   Loss: 0.6693 - F1-Score: 0.8778 - Accuracy-Score: 0.8432 - AUROC: 0.9056 - AP: 0.9274
[37m2024-08-15 13:24:48,483 [INFO] - Epoch: 19/50
[37m2024-08-15 13:24:48,488 [INFO] - Extracting training cells
[37m2024-08-15 13:27:41,390 [INFO] - Extraction detection metrics - F1: 0.615, Precision: 0.592, Recall: 0.713, Detected-Cells: 22168
[37m2024-08-15 13:27:42,257 [INFO] - Training epoch stats:     Loss: 0.0928 - F1-Score: 0.9736 - Accuracy-Score: 0.9659 - AUROC: 0.9942 - AP: 0.9961
[37m2024-08-15 13:27:42,696 [INFO] - Validation epoch stats:   Loss: 0.5756 - F1-Score: 0.8811 - Accuracy-Score: 0.8443 - AUROC: 0.9061 - AP: 0.9288
[37m2024-08-15 13:27:42,781 [INFO] - Epoch: 20/50
[37m2024-08-15 13:27:42,787 [INFO] - Extracting training cells
[37m2024-08-15 13:30:36,284 [INFO] - Extraction detection metrics - F1: 0.618, Precision: 0.587, Recall: 0.716, Detected-Cells: 21836
[37m2024-08-15 13:30:36,961 [INFO] - Training epoch stats:     Loss: 0.1062 - F1-Score: 0.9688 - Accuracy-Score: 0.9600 - AUROC: 0.9924 - AP: 0.9948
[37m2024-08-15 13:30:37,263 [INFO] - Validation epoch stats:   Loss: 0.5883 - F1-Score: 0.8732 - Accuracy-Score: 0.8366 - AUROC: 0.8969 - AP: 0.9204
[37m2024-08-15 13:30:37,339 [INFO] - Epoch: 21/50
[37m2024-08-15 13:30:37,344 [INFO] - Extracting training cells
[37m2024-08-15 13:33:31,558 [INFO] - Extraction detection metrics - F1: 0.621, Precision: 0.587, Recall: 0.723, Detected-Cells: 21675
[37m2024-08-15 13:33:32,388 [INFO] - Training epoch stats:     Loss: 0.1052 - F1-Score: 0.9698 - Accuracy-Score: 0.9605 - AUROC: 0.9925 - AP: 0.9950
[37m2024-08-15 13:33:32,809 [INFO] - Validation epoch stats:   Loss: 0.5915 - F1-Score: 0.8849 - Accuracy-Score: 0.8495 - AUROC: 0.9058 - AP: 0.9271
[37m2024-08-15 13:33:32,879 [INFO] - Epoch: 22/50
[37m2024-08-15 13:33:32,885 [INFO] - Extracting training cells
[37m2024-08-15 13:36:29,688 [INFO] - Extraction detection metrics - F1: 0.621, Precision: 0.593, Recall: 0.716, Detected-Cells: 22600
[37m2024-08-15 13:36:30,380 [INFO] - Training epoch stats:     Loss: 0.0899 - F1-Score: 0.9740 - Accuracy-Score: 0.9662 - AUROC: 0.9945 - AP: 0.9965
[37m2024-08-15 13:36:30,688 [INFO] - Validation epoch stats:   Loss: 0.6145 - F1-Score: 0.8790 - Accuracy-Score: 0.8440 - AUROC: 0.8997 - AP: 0.9198
[37m2024-08-15 13:36:30,694 [INFO] - Performing early stopping!
[37m2024-08-15 13:36:30,701 [INFO] - Finished run 4ssl50lf
