[37m2024-06-28 08:30:46,450 [INFO] - Instantiated Logger. WandB init and config update finished.
[37m2024-06-28 08:30:46,451 [INFO] - Run ist stored here: /cellvit/logs_paper/Head-Evaluation/CoNSeP/SAM-H/Amount-DA/2024-06-28T083036_Amount-4-Seed-3
[37m2024-06-28 08:30:46,518 [INFO] - Cuda devices: [<torch.cuda.device object at 0x7f4ddf754880>]
[37m2024-06-28 08:30:46,519 [INFO] - Using GPU: cuda:0
[37m2024-06-28 08:30:46,525 [INFO] - Using device: cuda:0
[37m2024-06-28 08:30:46,529 [INFO] - Loss function:
[37m2024-06-28 08:30:46,534 [INFO] - CrossEntropyLoss()
[37m2024-06-28 08:31:04,077 [INFO] - <All keys matched successfully>
[37m2024-06-28 08:31:05,157 [INFO] -
==========================================================================================
Layer (type:depth-idx)                   Output Shape              Param #
==========================================================================================
LinearClassifier                         [1, 4]                    --
├─Linear: 1-1                            [1, 128]                  163,968
├─ReLU: 1-2                              [1, 128]                  --
├─Dropout: 1-3                           [1, 128]                  --
├─Linear: 1-4                            [1, 4]                    516
==========================================================================================
Total params: 164,484
Trainable params: 164,484
Non-trainable params: 0
Total mult-adds (M): 0.16
==========================================================================================
Input size (MB): 0.01
Forward/backward pass size (MB): 0.00
Params size (MB): 0.66
Estimated Total Size (MB): 0.66
==========================================================================================
[37m2024-06-28 08:31:05,160 [INFO] - Loaded AdamW Optimizer with following hyperparameters:
[37m2024-06-28 08:31:05,164 [INFO] - {'betas': [0.85, 0.9], 'lr': 0.0005, 'weight_decay': 0.0005}
[37m2024-06-28 08:31:05,170 [INFO] - Using early stopping with a range of 20 and maximize strategy
[37m2024-06-28 08:31:05,186 [INFO] - Caching datasets
[37m2024-06-28 08:31:05,931 [INFO] - Instantiate Trainer
[37m2024-06-28 08:31:05,935 [INFO] - Calling Trainer Fit
[37m2024-06-28 08:31:05,937 [INFO] - Starting training, total number of epochs: 50
[37m2024-06-28 08:31:05,942 [INFO] - Epoch: 1/50
[37m2024-06-28 08:31:05,947 [INFO] - Extracting training cells
[37m2024-06-28 08:31:11,988 [INFO] - Extraction detection metrics - F1: 0.753, Precision: 0.793, Recall: 0.723, Detected-Cells: 1823
[37m2024-06-28 08:31:12,142 [INFO] - Training epoch stats:     Loss: 0.7437 - F1-Score: 0.6950 - Accuracy-Score: 0.6950 - AUROC: 0.8195 - AP: 0.5942
[37m2024-06-28 08:31:13,352 [INFO] - Loaded dataset from cache: /Consep/cache/1f728da27af6daed7b166ce5447f5dec18916e3679cb7b74ddaefb4a67df10d2.h5
[37m2024-06-28 08:31:13,474 [INFO] - Validation epoch stats:   Loss: 0.6035 - F1-Score: 0.7803 - Accuracy-Score: 0.7803 - AUROC: 0.8415 - AP: 0.6621
[37m2024-06-28 08:31:13,475 [INFO] - New best model - save checkpoint
[37m2024-06-28 08:31:13,667 [INFO] - Epoch: 2/50
[37m2024-06-28 08:31:13,668 [INFO] - Extracting training cells
[37m2024-06-28 08:31:17,325 [INFO] - Extraction detection metrics - F1: 0.783, Precision: 0.847, Recall: 0.740, Detected-Cells: 2036
[37m2024-06-28 08:31:17,413 [INFO] - Training epoch stats:     Loss: 0.4031 - F1-Score: 0.8654 - Accuracy-Score: 0.8654 - AUROC: 0.9519 - AP: 0.8276
[37m2024-06-28 08:31:17,580 [INFO] - Validation epoch stats:   Loss: 0.4831 - F1-Score: 0.8342 - Accuracy-Score: 0.8342 - AUROC: 0.9392 - AP: 0.8154
[37m2024-06-28 08:31:17,582 [INFO] - New best model - save checkpoint
[37m2024-06-28 08:31:17,740 [INFO] - Epoch: 3/50
[37m2024-06-28 08:31:17,741 [INFO] - Extracting training cells
[37m2024-06-28 08:31:21,172 [INFO] - Extraction detection metrics - F1: 0.764, Precision: 0.835, Recall: 0.709, Detected-Cells: 1564
[37m2024-06-28 08:31:21,232 [INFO] - Training epoch stats:     Loss: 0.4754 - F1-Score: 0.8491 - Accuracy-Score: 0.8491 - AUROC: 0.9533 - AP: 0.8460
[37m2024-06-28 08:31:21,338 [INFO] - Validation epoch stats:   Loss: 0.4434 - F1-Score: 0.8388 - Accuracy-Score: 0.8388 - AUROC: 0.9470 - AP: 0.8303
[37m2024-06-28 08:31:21,339 [INFO] - New best model - save checkpoint
[37m2024-06-28 08:31:21,513 [INFO] - Epoch: 4/50
[37m2024-06-28 08:31:21,514 [INFO] - Extracting training cells
[37m2024-06-28 08:31:25,599 [INFO] - Extraction detection metrics - F1: 0.796, Precision: 0.856, Recall: 0.759, Detected-Cells: 2048
[37m2024-06-28 08:31:25,682 [INFO] - Training epoch stats:     Loss: 0.3164 - F1-Score: 0.8936 - Accuracy-Score: 0.8936 - AUROC: 0.9714 - AP: 0.9004
[37m2024-06-28 08:31:25,814 [INFO] - Validation epoch stats:   Loss: 0.5049 - F1-Score: 0.8172 - Accuracy-Score: 0.8172 - AUROC: 0.9436 - AP: 0.8283
[37m2024-06-28 08:31:25,877 [INFO] - Epoch: 5/50
[37m2024-06-28 08:31:25,878 [INFO] - Extracting training cells
[37m2024-06-28 08:31:29,496 [INFO] - Extraction detection metrics - F1: 0.725, Precision: 0.836, Recall: 0.653, Detected-Cells: 1888
[37m2024-06-28 08:31:29,606 [INFO] - Training epoch stats:     Loss: 0.3037 - F1-Score: 0.8851 - Accuracy-Score: 0.8851 - AUROC: 0.9708 - AP: 0.8876
[37m2024-06-28 08:31:29,733 [INFO] - Validation epoch stats:   Loss: 0.4321 - F1-Score: 0.8409 - Accuracy-Score: 0.8409 - AUROC: 0.9472 - AP: 0.8386
[37m2024-06-28 08:31:29,734 [INFO] - New best model - save checkpoint
[37m2024-06-28 08:31:29,904 [INFO] - Epoch: 6/50
[37m2024-06-28 08:31:29,905 [INFO] - Extracting training cells
[37m2024-06-28 08:31:33,507 [INFO] - Extraction detection metrics - F1: 0.776, Precision: 0.854, Recall: 0.726, Detected-Cells: 2078
[37m2024-06-28 08:31:33,598 [INFO] - Training epoch stats:     Loss: 0.2610 - F1-Score: 0.9182 - Accuracy-Score: 0.9182 - AUROC: 0.9821 - AP: 0.9347
[37m2024-06-28 08:31:33,727 [INFO] - Validation epoch stats:   Loss: 0.4267 - F1-Score: 0.8450 - Accuracy-Score: 0.8450 - AUROC: 0.9521 - AP: 0.8449
[37m2024-06-28 08:31:33,728 [INFO] - New best model - save checkpoint
[37m2024-06-28 08:31:33,897 [INFO] - Epoch: 7/50
[37m2024-06-28 08:31:33,898 [INFO] - Extracting training cells
[37m2024-06-28 08:31:38,383 [INFO] - Extraction detection metrics - F1: 0.752, Precision: 0.805, Recall: 0.720, Detected-Cells: 1735
[37m2024-06-28 08:31:38,453 [INFO] - Training epoch stats:     Loss: 0.3506 - F1-Score: 0.8836 - Accuracy-Score: 0.8836 - AUROC: 0.9651 - AP: 0.8549
[37m2024-06-28 08:31:38,592 [INFO] - Validation epoch stats:   Loss: 0.5159 - F1-Score: 0.8115 - Accuracy-Score: 0.8115 - AUROC: 0.9482 - AP: 0.8371
[37m2024-06-28 08:31:38,654 [INFO] - Epoch: 8/50
[37m2024-06-28 08:31:38,655 [INFO] - Extracting training cells
[37m2024-06-28 08:31:42,166 [INFO] - Extraction detection metrics - F1: 0.754, Precision: 0.821, Recall: 0.703, Detected-Cells: 1949
[37m2024-06-28 08:31:42,245 [INFO] - Training epoch stats:     Loss: 0.2635 - F1-Score: 0.9087 - Accuracy-Score: 0.9087 - AUROC: 0.9835 - AP: 0.9372
[37m2024-06-28 08:31:42,375 [INFO] - Validation epoch stats:   Loss: 0.4452 - F1-Score: 0.8385 - Accuracy-Score: 0.8385 - AUROC: 0.9502 - AP: 0.8385
[37m2024-06-28 08:31:42,434 [INFO] - Epoch: 9/50
[37m2024-06-28 08:31:42,435 [INFO] - Extracting training cells
[37m2024-06-28 08:31:45,890 [INFO] - Extraction detection metrics - F1: 0.694, Precision: 0.757, Recall: 0.648, Detected-Cells: 1312
[37m2024-06-28 08:31:45,955 [INFO] - Training epoch stats:     Loss: 0.2590 - F1-Score: 0.9078 - Accuracy-Score: 0.9078 - AUROC: 0.9716 - AP: 0.8587
[37m2024-06-28 08:31:46,084 [INFO] - Validation epoch stats:   Loss: 0.5697 - F1-Score: 0.8031 - Accuracy-Score: 0.8031 - AUROC: 0.9487 - AP: 0.8400
[37m2024-06-28 08:31:46,144 [INFO] - Epoch: 10/50
[37m2024-06-28 08:31:46,145 [INFO] - Extracting training cells
[37m2024-06-28 08:31:49,544 [INFO] - Extraction detection metrics - F1: 0.744, Precision: 0.802, Recall: 0.700, Detected-Cells: 1651
[37m2024-06-28 08:31:49,619 [INFO] - Training epoch stats:     Loss: 0.7987 - F1-Score: 0.7783 - Accuracy-Score: 0.7783 - AUROC: 0.8915 - AP: 0.7509
[37m2024-06-28 08:31:49,749 [INFO] - Validation epoch stats:   Loss: 0.6117 - F1-Score: 0.7803 - Accuracy-Score: 0.7803 - AUROC: 0.9248 - AP: 0.8005
[37m2024-06-28 08:31:49,808 [INFO] - Epoch: 11/50
[37m2024-06-28 08:31:49,809 [INFO] - Extracting training cells
[37m2024-06-28 08:31:53,589 [INFO] - Extraction detection metrics - F1: 0.774, Precision: 0.840, Recall: 0.727, Detected-Cells: 2026
[37m2024-06-28 08:31:53,682 [INFO] - Training epoch stats:     Loss: 0.4284 - F1-Score: 0.8524 - Accuracy-Score: 0.8524 - AUROC: 0.9704 - AP: 0.9056
[37m2024-06-28 08:31:53,814 [INFO] - Validation epoch stats:   Loss: 0.5008 - F1-Score: 0.8277 - Accuracy-Score: 0.8277 - AUROC: 0.9429 - AP: 0.8257
[37m2024-06-28 08:31:53,864 [INFO] - Epoch: 12/50
[37m2024-06-28 08:31:53,865 [INFO] - Extracting training cells
[37m2024-06-28 08:31:57,868 [INFO] - Extraction detection metrics - F1: 0.761, Precision: 0.846, Recall: 0.706, Detected-Cells: 1978
[37m2024-06-28 08:31:57,949 [INFO] - Training epoch stats:     Loss: 0.2698 - F1-Score: 0.9095 - Accuracy-Score: 0.9095 - AUROC: 0.9814 - AP: 0.9389
[37m2024-06-28 08:31:58,066 [INFO] - Validation epoch stats:   Loss: 0.4142 - F1-Score: 0.8495 - Accuracy-Score: 0.8495 - AUROC: 0.9535 - AP: 0.8443
[37m2024-06-28 08:31:58,067 [INFO] - New best model - save checkpoint
[37m2024-06-28 08:31:58,227 [INFO] - Epoch: 13/50
[37m2024-06-28 08:31:58,228 [INFO] - Extracting training cells
[37m2024-06-28 08:32:01,903 [INFO] - Extraction detection metrics - F1: 0.763, Precision: 0.827, Recall: 0.711, Detected-Cells: 1947
[37m2024-06-28 08:32:01,994 [INFO] - Training epoch stats:     Loss: 0.2230 - F1-Score: 0.9240 - Accuracy-Score: 0.9240 - AUROC: 0.9866 - AP: 0.9477
[37m2024-06-28 08:32:02,133 [INFO] - Validation epoch stats:   Loss: 0.4667 - F1-Score: 0.8268 - Accuracy-Score: 0.8268 - AUROC: 0.9501 - AP: 0.8395
[37m2024-06-28 08:32:02,191 [INFO] - Epoch: 14/50
[37m2024-06-28 08:32:02,191 [INFO] - Extracting training cells
[37m2024-06-28 08:32:05,846 [INFO] - Extraction detection metrics - F1: 0.767, Precision: 0.831, Recall: 0.715, Detected-Cells: 1907
[37m2024-06-28 08:32:05,936 [INFO] - Training epoch stats:     Loss: 0.5236 - F1-Score: 0.8500 - Accuracy-Score: 0.8500 - AUROC: 0.9324 - AP: 0.7961
[37m2024-06-28 08:32:06,122 [INFO] - Validation epoch stats:   Loss: 0.5968 - F1-Score: 0.7721 - Accuracy-Score: 0.7721 - AUROC: 0.8584 - AP: 0.6870
[37m2024-06-28 08:32:06,183 [INFO] - Epoch: 15/50
[37m2024-06-28 08:32:06,183 [INFO] - Extracting training cells
[37m2024-06-28 08:32:10,646 [INFO] - Extraction detection metrics - F1: 0.738, Precision: 0.827, Recall: 0.672, Detected-Cells: 1887
[37m2024-06-28 08:32:10,741 [INFO] - Training epoch stats:     Loss: 0.2684 - F1-Score: 0.9104 - Accuracy-Score: 0.9104 - AUROC: 0.9749 - AP: 0.9076
[37m2024-06-28 08:32:10,896 [INFO] - Validation epoch stats:   Loss: 0.4182 - F1-Score: 0.8388 - Accuracy-Score: 0.8388 - AUROC: 0.9492 - AP: 0.7519
[37m2024-06-28 08:32:10,962 [INFO] - Epoch: 16/50
[37m2024-06-28 08:32:10,962 [INFO] - Extracting training cells
[37m2024-06-28 08:32:14,907 [INFO] - Extraction detection metrics - F1: 0.771, Precision: 0.850, Recall: 0.720, Detected-Cells: 1978
[37m2024-06-28 08:32:14,994 [INFO] - Training epoch stats:     Loss: 0.2078 - F1-Score: 0.9247 - Accuracy-Score: 0.9247 - AUROC: 0.9883 - AP: 0.9570
[37m2024-06-28 08:32:15,132 [INFO] - Validation epoch stats:   Loss: 0.4240 - F1-Score: 0.8373 - Accuracy-Score: 0.8373 - AUROC: 0.9552 - AP: 0.8411
[37m2024-06-28 08:32:15,133 [INFO] - New best model - save checkpoint
[37m2024-06-28 08:32:15,336 [INFO] - Epoch: 17/50
[37m2024-06-28 08:32:15,337 [INFO] - Extracting training cells
[37m2024-06-28 08:32:19,574 [INFO] - Extraction detection metrics - F1: 0.746, Precision: 0.863, Recall: 0.666, Detected-Cells: 1705
[37m2024-06-28 08:32:19,651 [INFO] - Training epoch stats:     Loss: 0.4805 - F1-Score: 0.8334 - Accuracy-Score: 0.8334 - AUROC: 0.9482 - AP: 0.8543
[37m2024-06-28 08:32:19,785 [INFO] - Validation epoch stats:   Loss: 0.4746 - F1-Score: 0.8199 - Accuracy-Score: 0.8199 - AUROC: 0.9528 - AP: 0.8414
[37m2024-06-28 08:32:19,848 [INFO] - Epoch: 18/50
[37m2024-06-28 08:32:19,848 [INFO] - Extracting training cells
[37m2024-06-28 08:32:23,471 [INFO] - Extraction detection metrics - F1: 0.778, Precision: 0.822, Recall: 0.744, Detected-Cells: 1748
[37m2024-06-28 08:32:23,549 [INFO] - Training epoch stats:     Loss: 0.3159 - F1-Score: 0.8844 - Accuracy-Score: 0.8844 - AUROC: 0.9695 - AP: 0.8810
[37m2024-06-28 08:32:23,686 [INFO] - Validation epoch stats:   Loss: 0.4729 - F1-Score: 0.8292 - Accuracy-Score: 0.8292 - AUROC: 0.9507 - AP: 0.8049
[37m2024-06-28 08:32:23,745 [INFO] - Epoch: 19/50
[37m2024-06-28 08:32:23,746 [INFO] - Extracting training cells
[37m2024-06-28 08:32:27,893 [INFO] - Extraction detection metrics - F1: 0.777, Precision: 0.851, Recall: 0.726, Detected-Cells: 2031
[37m2024-06-28 08:32:27,985 [INFO] - Training epoch stats:     Loss: 0.2058 - F1-Score: 0.9266 - Accuracy-Score: 0.9266 - AUROC: 0.9897 - AP: 0.9606
[37m2024-06-28 08:32:28,117 [INFO] - Validation epoch stats:   Loss: 0.4334 - F1-Score: 0.8357 - Accuracy-Score: 0.8357 - AUROC: 0.9544 - AP: 0.8107
[37m2024-06-28 08:32:28,178 [INFO] - Epoch: 20/50
[37m2024-06-28 08:32:28,179 [INFO] - Extracting training cells
[37m2024-06-28 08:32:31,942 [INFO] - Extraction detection metrics - F1: 0.781, Precision: 0.847, Recall: 0.733, Detected-Cells: 2038
[37m2024-06-28 08:32:32,030 [INFO] - Training epoch stats:     Loss: 0.1712 - F1-Score: 0.9382 - Accuracy-Score: 0.9382 - AUROC: 0.9924 - AP: 0.9719
[37m2024-06-28 08:32:32,188 [INFO] - Validation epoch stats:   Loss: 0.4749 - F1-Score: 0.8311 - Accuracy-Score: 0.8311 - AUROC: 0.9509 - AP: 0.8352
[37m2024-06-28 08:32:32,249 [INFO] - Epoch: 21/50
[37m2024-06-28 08:32:32,250 [INFO] - Extracting training cells
[37m2024-06-28 08:32:35,722 [INFO] - Extraction detection metrics - F1: 0.726, Precision: 0.817, Recall: 0.675, Detected-Cells: 1555
[37m2024-06-28 08:32:35,790 [INFO] - Training epoch stats:     Loss: 0.5482 - F1-Score: 0.8508 - Accuracy-Score: 0.8508 - AUROC: 0.9318 - AP: 0.7830
[37m2024-06-28 08:32:35,919 [INFO] - Validation epoch stats:   Loss: 0.5666 - F1-Score: 0.7824 - Accuracy-Score: 0.7824 - AUROC: 0.9369 - AP: 0.8143
[37m2024-06-28 08:32:35,984 [INFO] - Epoch: 22/50
[37m2024-06-28 08:32:35,985 [INFO] - Extracting training cells
[37m2024-06-28 08:32:40,130 [INFO] - Extraction detection metrics - F1: 0.776, Precision: 0.871, Recall: 0.723, Detected-Cells: 1826
[37m2024-06-28 08:32:40,216 [INFO] - Training epoch stats:     Loss: 0.6866 - F1-Score: 0.7903 - Accuracy-Score: 0.7903 - AUROC: 0.9103 - AP: 0.7903
[37m2024-06-28 08:32:40,353 [INFO] - Validation epoch stats:   Loss: 0.6627 - F1-Score: 0.6835 - Accuracy-Score: 0.6835 - AUROC: 0.9133 - AP: 0.7814
[37m2024-06-28 08:32:40,412 [INFO] - Epoch: 23/50
[37m2024-06-28 08:32:40,413 [INFO] - Extracting training cells
[37m2024-06-28 08:32:44,413 [INFO] - Extraction detection metrics - F1: 0.761, Precision: 0.807, Recall: 0.727, Detected-Cells: 1726
[37m2024-06-28 08:32:44,487 [INFO] - Training epoch stats:     Loss: 0.3943 - F1-Score: 0.8754 - Accuracy-Score: 0.8754 - AUROC: 0.9773 - AP: 0.8976
[37m2024-06-28 08:32:44,623 [INFO] - Validation epoch stats:   Loss: 0.5134 - F1-Score: 0.8062 - Accuracy-Score: 0.8062 - AUROC: 0.9435 - AP: 0.8212
[37m2024-06-28 08:32:44,682 [INFO] - Epoch: 24/50
[37m2024-06-28 08:32:44,683 [INFO] - Extracting training cells
[37m2024-06-28 08:32:48,614 [INFO] - Extraction detection metrics - F1: 0.788, Precision: 0.864, Recall: 0.734, Detected-Cells: 2027
[37m2024-06-28 08:32:48,711 [INFO] - Training epoch stats:     Loss: 0.2132 - F1-Score: 0.9280 - Accuracy-Score: 0.9280 - AUROC: 0.9884 - AP: 0.9525
[37m2024-06-28 08:32:48,850 [INFO] - Validation epoch stats:   Loss: 0.5150 - F1-Score: 0.8114 - Accuracy-Score: 0.8114 - AUROC: 0.9463 - AP: 0.8290
[37m2024-06-28 08:32:48,918 [INFO] - Epoch: 25/50
[37m2024-06-28 08:32:48,918 [INFO] - Extracting training cells
[37m2024-06-28 08:32:53,332 [INFO] - Extraction detection metrics - F1: 0.757, Precision: 0.876, Recall: 0.691, Detected-Cells: 2026
[37m2024-06-28 08:32:53,424 [INFO] - Training epoch stats:     Loss: 0.2067 - F1-Score: 0.9230 - Accuracy-Score: 0.9230 - AUROC: 0.9895 - AP: 0.9605
[37m2024-06-28 08:32:53,568 [INFO] - Validation epoch stats:   Loss: 0.4780 - F1-Score: 0.8273 - Accuracy-Score: 0.8273 - AUROC: 0.9480 - AP: 0.8296
[37m2024-06-28 08:32:53,628 [INFO] - Epoch: 26/50
[37m2024-06-28 08:32:53,629 [INFO] - Extracting training cells
[37m2024-06-28 08:32:57,885 [INFO] - Extraction detection metrics - F1: 0.786, Precision: 0.864, Recall: 0.731, Detected-Cells: 2004
[37m2024-06-28 08:32:57,968 [INFO] - Training epoch stats:     Loss: 0.1937 - F1-Score: 0.9331 - Accuracy-Score: 0.9331 - AUROC: 0.9896 - AP: 0.9637
[37m2024-06-28 08:32:58,101 [INFO] - Validation epoch stats:   Loss: 0.4618 - F1-Score: 0.8359 - Accuracy-Score: 0.8359 - AUROC: 0.9487 - AP: 0.8308
[37m2024-06-28 08:32:58,158 [INFO] - Epoch: 27/50
[37m2024-06-28 08:32:58,158 [INFO] - Extracting training cells
[37m2024-06-28 08:33:01,658 [INFO] - Extraction detection metrics - F1: 0.772, Precision: 0.853, Recall: 0.716, Detected-Cells: 1989
[37m2024-06-28 08:33:01,744 [INFO] - Training epoch stats:     Loss: 0.1982 - F1-Score: 0.9291 - Accuracy-Score: 0.9291 - AUROC: 0.9900 - AP: 0.9646
[37m2024-06-28 08:33:01,876 [INFO] - Validation epoch stats:   Loss: 0.4681 - F1-Score: 0.8350 - Accuracy-Score: 0.8350 - AUROC: 0.9482 - AP: 0.8310
[37m2024-06-28 08:33:01,940 [INFO] - Epoch: 28/50
[37m2024-06-28 08:33:01,941 [INFO] - Extracting training cells
[37m2024-06-28 08:33:05,899 [INFO] - Extraction detection metrics - F1: 0.741, Precision: 0.826, Recall: 0.678, Detected-Cells: 1866
[37m2024-06-28 08:33:05,989 [INFO] - Training epoch stats:     Loss: 0.1854 - F1-Score: 0.9260 - Accuracy-Score: 0.9260 - AUROC: 0.9918 - AP: 0.9692
[37m2024-06-28 08:33:06,133 [INFO] - Validation epoch stats:   Loss: 0.4437 - F1-Score: 0.8447 - Accuracy-Score: 0.8447 - AUROC: 0.9493 - AP: 0.8320
[37m2024-06-28 08:33:06,192 [INFO] - Epoch: 29/50
[37m2024-06-28 08:33:06,193 [INFO] - Extracting training cells
[37m2024-06-28 08:33:09,852 [INFO] - Extraction detection metrics - F1: 0.772, Precision: 0.835, Recall: 0.723, Detected-Cells: 1982
[37m2024-06-28 08:33:09,947 [INFO] - Training epoch stats:     Loss: 0.1694 - F1-Score: 0.9420 - Accuracy-Score: 0.9420 - AUROC: 0.9927 - AP: 0.9724
[37m2024-06-28 08:33:10,299 [INFO] - Validation epoch stats:   Loss: 0.4716 - F1-Score: 0.8302 - Accuracy-Score: 0.8302 - AUROC: 0.9482 - AP: 0.8326
[37m2024-06-28 08:33:10,365 [INFO] - Epoch: 30/50
[37m2024-06-28 08:33:10,365 [INFO] - Extracting training cells
[37m2024-06-28 08:33:13,818 [INFO] - Extraction detection metrics - F1: 0.754, Precision: 0.813, Recall: 0.723, Detected-Cells: 1553
[37m2024-06-28 08:33:13,889 [INFO] - Training epoch stats:     Loss: 0.3852 - F1-Score: 0.8416 - Accuracy-Score: 0.8416 - AUROC: 0.9701 - AP: 0.9073
[37m2024-06-28 08:33:14,033 [INFO] - Validation epoch stats:   Loss: 0.4472 - F1-Score: 0.8349 - Accuracy-Score: 0.8349 - AUROC: 0.9493 - AP: 0.8322
[37m2024-06-28 08:33:14,093 [INFO] - Epoch: 31/50
[37m2024-06-28 08:33:14,093 [INFO] - Extracting training cells
[37m2024-06-28 08:33:18,018 [INFO] - Extraction detection metrics - F1: 0.784, Precision: 0.841, Recall: 0.744, Detected-Cells: 2071
[37m2024-06-28 08:33:18,111 [INFO] - Training epoch stats:     Loss: 0.1719 - F1-Score: 0.9372 - Accuracy-Score: 0.9372 - AUROC: 0.9934 - AP: 0.9735
[37m2024-06-28 08:33:18,249 [INFO] - Validation epoch stats:   Loss: 0.4362 - F1-Score: 0.8397 - Accuracy-Score: 0.8397 - AUROC: 0.9500 - AP: 0.8326
[37m2024-06-28 08:33:18,300 [INFO] - Epoch: 32/50
[37m2024-06-28 08:33:18,301 [INFO] - Extracting training cells
[37m2024-06-28 08:33:21,919 [INFO] - Extraction detection metrics - F1: 0.751, Precision: 0.826, Recall: 0.693, Detected-Cells: 1923
[37m2024-06-28 08:33:22,004 [INFO] - Training epoch stats:     Loss: 0.1711 - F1-Score: 0.9345 - Accuracy-Score: 0.9345 - AUROC: 0.9932 - AP: 0.9735
[37m2024-06-28 08:33:22,144 [INFO] - Validation epoch stats:   Loss: 0.4743 - F1-Score: 0.8272 - Accuracy-Score: 0.8272 - AUROC: 0.9486 - AP: 0.8335
[37m2024-06-28 08:33:22,202 [INFO] - Epoch: 33/50
[37m2024-06-28 08:33:22,203 [INFO] - Extracting training cells
[37m2024-06-28 08:33:25,322 [INFO] - Extraction detection metrics - F1: 0.713, Precision: 0.737, Recall: 0.695, Detected-Cells: 986
[37m2024-06-28 08:33:25,371 [INFO] - Training epoch stats:     Loss: 0.3946 - F1-Score: 0.8732 - Accuracy-Score: 0.8732 - AUROC: 0.9607 - AP: 0.8173
[37m2024-06-28 08:33:25,511 [INFO] - Validation epoch stats:   Loss: 0.4689 - F1-Score: 0.8294 - Accuracy-Score: 0.8294 - AUROC: 0.9487 - AP: 0.8336
[37m2024-06-28 08:33:25,579 [INFO] - Epoch: 34/50
[37m2024-06-28 08:33:25,580 [INFO] - Extracting training cells
[37m2024-06-28 08:33:29,285 [INFO] - Extraction detection metrics - F1: 0.694, Precision: 0.803, Recall: 0.645, Detected-Cells: 1658
[37m2024-06-28 08:33:29,356 [INFO] - Training epoch stats:     Loss: 0.2552 - F1-Score: 0.9216 - Accuracy-Score: 0.9216 - AUROC: 0.9829 - AP: 0.9389
[37m2024-06-28 08:33:29,489 [INFO] - Validation epoch stats:   Loss: 0.4486 - F1-Score: 0.8375 - Accuracy-Score: 0.8375 - AUROC: 0.9490 - AP: 0.8326
[37m2024-06-28 08:33:29,550 [INFO] - Epoch: 35/50
[37m2024-06-28 08:33:29,551 [INFO] - Extracting training cells
[37m2024-06-28 08:33:33,802 [INFO] - Extraction detection metrics - F1: 0.750, Precision: 0.844, Recall: 0.681, Detected-Cells: 1912
[37m2024-06-28 08:33:33,881 [INFO] - Training epoch stats:     Loss: 0.1533 - F1-Score: 0.9430 - Accuracy-Score: 0.9430 - AUROC: 0.9945 - AP: 0.9795
[37m2024-06-28 08:33:34,011 [INFO] - Validation epoch stats:   Loss: 0.4482 - F1-Score: 0.8380 - Accuracy-Score: 0.8380 - AUROC: 0.9487 - AP: 0.8310
[37m2024-06-28 08:33:34,079 [INFO] - Epoch: 36/50
[37m2024-06-28 08:33:34,079 [INFO] - Extracting training cells
[37m2024-06-28 08:33:37,841 [INFO] - Extraction detection metrics - F1: 0.781, Precision: 0.842, Recall: 0.737, Detected-Cells: 2028
[37m2024-06-28 08:33:37,937 [INFO] - Training epoch stats:     Loss: 0.1579 - F1-Score: 0.9403 - Accuracy-Score: 0.9403 - AUROC: 0.9939 - AP: 0.9745
[37m2024-06-28 08:33:38,072 [INFO] - Validation epoch stats:   Loss: 0.4671 - F1-Score: 0.8285 - Accuracy-Score: 0.8285 - AUROC: 0.9480 - AP: 0.8304
[37m2024-06-28 08:33:38,073 [INFO] - Performing early stopping!
[37m2024-06-28 08:33:38,079 [INFO] - Finished run mc5ujauz
