[37m2024-06-28 07:00:30,473 [INFO] - Instantiated Logger. WandB init and config update finished.
[37m2024-06-28 07:00:30,475 [INFO] - Run ist stored here: /cellvit/logs_paper/Head-Evaluation/CoNSeP/SAM-H/Amount-DA/2024-06-28T070020_Amount-2-Seed-2
[37m2024-06-28 07:00:30,545 [INFO] - Cuda devices: [<torch.cuda.device object at 0x7fe43d74c880>]
[37m2024-06-28 07:00:30,546 [INFO] - Using GPU: cuda:0
[37m2024-06-28 07:00:30,551 [INFO] - Using device: cuda:0
[37m2024-06-28 07:00:30,556 [INFO] - Loss function:
[37m2024-06-28 07:00:30,561 [INFO] - CrossEntropyLoss()
[37m2024-06-28 07:00:49,081 [INFO] - <All keys matched successfully>
[37m2024-06-28 07:00:51,063 [INFO] -
==========================================================================================
Layer (type:depth-idx)                   Output Shape              Param #
==========================================================================================
LinearClassifier                         [1, 4]                    --
├─Linear: 1-1                            [1, 128]                  163,968
├─ReLU: 1-2                              [1, 128]                  --
├─Dropout: 1-3                           [1, 128]                  --
├─Linear: 1-4                            [1, 4]                    516
==========================================================================================
Total params: 164,484
Trainable params: 164,484
Non-trainable params: 0
Total mult-adds (M): 0.16
==========================================================================================
Input size (MB): 0.01
Forward/backward pass size (MB): 0.00
Params size (MB): 0.66
Estimated Total Size (MB): 0.66
==========================================================================================
[37m2024-06-28 07:00:51,065 [INFO] - Loaded AdamW Optimizer with following hyperparameters:
[37m2024-06-28 07:00:51,070 [INFO] - {'betas': [0.85, 0.9], 'lr': 0.0005, 'weight_decay': 0.0005}
[37m2024-06-28 07:00:51,076 [INFO] - Using early stopping with a range of 20 and maximize strategy
[37m2024-06-28 07:00:51,091 [INFO] - Caching datasets
[37m2024-06-28 07:00:51,749 [INFO] - Instantiate Trainer
[37m2024-06-28 07:00:51,754 [INFO] - Calling Trainer Fit
[37m2024-06-28 07:00:51,755 [INFO] - Starting training, total number of epochs: 50
[37m2024-06-28 07:00:51,760 [INFO] - Epoch: 1/50
[37m2024-06-28 07:00:51,764 [INFO] - Extracting training cells
[37m2024-06-28 07:00:56,452 [INFO] - Extraction detection metrics - F1: 0.705, Precision: 0.776, Recall: 0.661, Detected-Cells: 1053
[37m2024-06-28 07:00:56,615 [INFO] - Training epoch stats:     Loss: 0.9446 - F1-Score: 0.6353 - Accuracy-Score: 0.6353 - AUROC: 0.6523 - AP: 0.4237
[37m2024-06-28 07:00:57,927 [INFO] - Loaded dataset from cache: /Consep/cache/1f728da27af6daed7b166ce5447f5dec18916e3679cb7b74ddaefb4a67df10d2.h5
[37m2024-06-28 07:00:58,077 [INFO] - Validation epoch stats:   Loss: 1.3304 - F1-Score: 0.7007 - Accuracy-Score: 0.7007 - AUROC: 0.8263 - AP: 0.6587
[37m2024-06-28 07:00:58,078 [INFO] - New best model - save checkpoint
[37m2024-06-28 07:00:58,228 [INFO] - Epoch: 2/50
[37m2024-06-28 07:00:58,229 [INFO] - Extracting training cells
[37m2024-06-28 07:01:00,671 [INFO] - Extraction detection metrics - F1: 0.750, Precision: 0.827, Recall: 0.704, Detected-Cells: 1123
[37m2024-06-28 07:01:00,730 [INFO] - Training epoch stats:     Loss: 0.3931 - F1-Score: 0.8985 - Accuracy-Score: 0.8985 - AUROC: 0.8825 - AP: 0.6810
[37m2024-06-28 07:01:00,859 [INFO] - Validation epoch stats:   Loss: 1.0527 - F1-Score: 0.6773 - Accuracy-Score: 0.6773 - AUROC: 0.8879 - AP: 0.7430
[37m2024-06-28 07:01:00,860 [INFO] - New best model - save checkpoint
[37m2024-06-28 07:01:01,017 [INFO] - Epoch: 3/50
[37m2024-06-28 07:01:01,018 [INFO] - Extracting training cells
[37m2024-06-28 07:01:03,222 [INFO] - Extraction detection metrics - F1: 0.742, Precision: 0.817, Recall: 0.694, Detected-Cells: 1109
[37m2024-06-28 07:01:03,287 [INFO] - Training epoch stats:     Loss: 0.2467 - F1-Score: 0.9252 - Accuracy-Score: 0.9252 - AUROC: 0.9622 - AP: 0.8041
[37m2024-06-28 07:01:03,434 [INFO] - Validation epoch stats:   Loss: 0.7322 - F1-Score: 0.7029 - Accuracy-Score: 0.7029 - AUROC: 0.9112 - AP: 0.7852
[37m2024-06-28 07:01:03,435 [INFO] - New best model - save checkpoint
[37m2024-06-28 07:01:03,590 [INFO] - Epoch: 4/50
[37m2024-06-28 07:01:03,590 [INFO] - Extracting training cells
[37m2024-06-28 07:01:06,105 [INFO] - Extraction detection metrics - F1: 0.670, Precision: 0.755, Recall: 0.622, Detected-Cells: 990
[37m2024-06-28 07:01:06,167 [INFO] - Training epoch stats:     Loss: 0.2909 - F1-Score: 0.9020 - Accuracy-Score: 0.9020 - AUROC: 0.9597 - AP: 0.7964
[37m2024-06-28 07:01:06,310 [INFO] - Validation epoch stats:   Loss: 0.5993 - F1-Score: 0.7566 - Accuracy-Score: 0.7566 - AUROC: 0.9184 - AP: 0.7780
[37m2024-06-28 07:01:06,311 [INFO] - New best model - save checkpoint
[37m2024-06-28 07:01:06,477 [INFO] - Epoch: 5/50
[37m2024-06-28 07:01:06,477 [INFO] - Extracting training cells
[37m2024-06-28 07:01:08,789 [INFO] - Extraction detection metrics - F1: 0.769, Precision: 0.818, Recall: 0.737, Detected-Cells: 1176
[37m2024-06-28 07:01:08,866 [INFO] - Training epoch stats:     Loss: 0.2699 - F1-Score: 0.9141 - Accuracy-Score: 0.9141 - AUROC: 0.9605 - AP: 0.7603
[37m2024-06-28 07:01:09,011 [INFO] - Validation epoch stats:   Loss: 0.9151 - F1-Score: 0.6806 - Accuracy-Score: 0.6806 - AUROC: 0.9123 - AP: 0.7747
[37m2024-06-28 07:01:09,075 [INFO] - Epoch: 6/50
[37m2024-06-28 07:01:09,076 [INFO] - Extracting training cells
[37m2024-06-28 07:01:11,549 [INFO] - Extraction detection metrics - F1: 0.675, Precision: 0.756, Recall: 0.614, Detected-Cells: 987
[37m2024-06-28 07:01:11,604 [INFO] - Training epoch stats:     Loss: 0.2118 - F1-Score: 0.9362 - Accuracy-Score: 0.9362 - AUROC: 0.9747 - AP: 0.8377
[37m2024-06-28 07:01:11,731 [INFO] - Validation epoch stats:   Loss: 0.8456 - F1-Score: 0.6813 - Accuracy-Score: 0.6813 - AUROC: 0.9099 - AP: 0.7684
[37m2024-06-28 07:01:11,797 [INFO] - Epoch: 7/50
[37m2024-06-28 07:01:11,797 [INFO] - Extracting training cells
[37m2024-06-28 07:01:13,982 [INFO] - Extraction detection metrics - F1: 0.762, Precision: 0.835, Recall: 0.715, Detected-Cells: 1141
[37m2024-06-28 07:01:14,038 [INFO] - Training epoch stats:     Loss: 0.1919 - F1-Score: 0.9378 - Accuracy-Score: 0.9378 - AUROC: 0.9817 - AP: 0.8383
[37m2024-06-28 07:01:14,163 [INFO] - Validation epoch stats:   Loss: 0.6932 - F1-Score: 0.7374 - Accuracy-Score: 0.7374 - AUROC: 0.9148 - AP: 0.7702
[37m2024-06-28 07:01:14,218 [INFO] - Epoch: 8/50
[37m2024-06-28 07:01:14,218 [INFO] - Extracting training cells
[37m2024-06-28 07:01:16,610 [INFO] - Extraction detection metrics - F1: 0.674, Precision: 0.742, Recall: 0.627, Detected-Cells: 1005
[37m2024-06-28 07:01:16,661 [INFO] - Training epoch stats:     Loss: 0.1619 - F1-Score: 0.9493 - Accuracy-Score: 0.9493 - AUROC: 0.9866 - AP: 0.8972
[37m2024-06-28 07:01:16,791 [INFO] - Validation epoch stats:   Loss: 0.7143 - F1-Score: 0.7449 - Accuracy-Score: 0.7449 - AUROC: 0.9226 - AP: 0.7874
[37m2024-06-28 07:01:16,792 [INFO] - New best model - save checkpoint
[37m2024-06-28 07:01:16,944 [INFO] - Epoch: 9/50
[37m2024-06-28 07:01:16,945 [INFO] - Extracting training cells
[37m2024-06-28 07:01:19,104 [INFO] - Extraction detection metrics - F1: 0.735, Precision: 0.830, Recall: 0.664, Detected-Cells: 1063
[37m2024-06-28 07:01:19,163 [INFO] - Training epoch stats:     Loss: 0.2016 - F1-Score: 0.9389 - Accuracy-Score: 0.9389 - AUROC: 0.9866 - AP: 0.8636
[37m2024-06-28 07:01:19,305 [INFO] - Validation epoch stats:   Loss: 0.9678 - F1-Score: 0.6749 - Accuracy-Score: 0.6749 - AUROC: 0.9094 - AP: 0.7729
[37m2024-06-28 07:01:19,362 [INFO] - Epoch: 10/50
[37m2024-06-28 07:01:19,363 [INFO] - Extracting training cells
[37m2024-06-28 07:01:22,359 [INFO] - Extraction detection metrics - F1: 0.710, Precision: 0.826, Recall: 0.647, Detected-Cells: 1030
[37m2024-06-28 07:01:22,426 [INFO] - Training epoch stats:     Loss: 0.1490 - F1-Score: 0.9408 - Accuracy-Score: 0.9408 - AUROC: 0.9879 - AP: 0.8819
[37m2024-06-28 07:01:22,579 [INFO] - Validation epoch stats:   Loss: 0.6788 - F1-Score: 0.7518 - Accuracy-Score: 0.7518 - AUROC: 0.9144 - AP: 0.7740
[37m2024-06-28 07:01:22,624 [INFO] - Epoch: 11/50
[37m2024-06-28 07:01:22,624 [INFO] - Extracting training cells
[37m2024-06-28 07:01:25,064 [INFO] - Extraction detection metrics - F1: 0.717, Precision: 0.832, Recall: 0.630, Detected-Cells: 1012
[37m2024-06-28 07:01:25,115 [INFO] - Training epoch stats:     Loss: 0.1767 - F1-Score: 0.9358 - Accuracy-Score: 0.9358 - AUROC: 0.9868 - AP: 0.8819
[37m2024-06-28 07:01:25,551 [INFO] - Validation epoch stats:   Loss: 0.7669 - F1-Score: 0.7281 - Accuracy-Score: 0.7281 - AUROC: 0.9109 - AP: 0.7719
[37m2024-06-28 07:01:25,619 [INFO] - Epoch: 12/50
[37m2024-06-28 07:01:25,620 [INFO] - Extracting training cells
[37m2024-06-28 07:01:27,757 [INFO] - Extraction detection metrics - F1: 0.705, Precision: 0.730, Recall: 0.700, Detected-Cells: 790
[37m2024-06-28 07:01:27,805 [INFO] - Training epoch stats:     Loss: 0.3239 - F1-Score: 0.8987 - Accuracy-Score: 0.8987 - AUROC: 0.9709 - AP: 0.8461
[37m2024-06-28 07:01:27,944 [INFO] - Validation epoch stats:   Loss: 1.0671 - F1-Score: 0.6818 - Accuracy-Score: 0.6818 - AUROC: 0.8764 - AP: 0.6908
[37m2024-06-28 07:01:27,998 [INFO] - Epoch: 13/50
[37m2024-06-28 07:01:27,999 [INFO] - Extracting training cells
[37m2024-06-28 07:01:30,221 [INFO] - Extraction detection metrics - F1: 0.753, Precision: 0.826, Recall: 0.724, Detected-Cells: 996
[37m2024-06-28 07:01:30,286 [INFO] - Training epoch stats:     Loss: 1.2049 - F1-Score: 0.7239 - Accuracy-Score: 0.7239 - AUROC: 0.7998 - AP: 0.4632
[37m2024-06-28 07:01:30,441 [INFO] - Validation epoch stats:   Loss: 0.9638 - F1-Score: 0.6198 - Accuracy-Score: 0.6198 - AUROC: 0.8798 - AP: 0.7269
[37m2024-06-28 07:01:30,492 [INFO] - Epoch: 14/50
[37m2024-06-28 07:01:30,493 [INFO] - Extracting training cells
[37m2024-06-28 07:01:32,980 [INFO] - Extraction detection metrics - F1: 0.747, Precision: 0.793, Recall: 0.718, Detected-Cells: 1147
[37m2024-06-28 07:01:33,035 [INFO] - Training epoch stats:     Loss: 0.3179 - F1-Score: 0.8919 - Accuracy-Score: 0.8919 - AUROC: 0.9832 - AP: 0.8686
[37m2024-06-28 07:01:33,161 [INFO] - Validation epoch stats:   Loss: 0.8884 - F1-Score: 0.7013 - Accuracy-Score: 0.7013 - AUROC: 0.8835 - AP: 0.7265
[37m2024-06-28 07:01:33,213 [INFO] - Epoch: 15/50
[37m2024-06-28 07:01:33,214 [INFO] - Extracting training cells
[37m2024-06-28 07:01:35,658 [INFO] - Extraction detection metrics - F1: 0.674, Precision: 0.710, Recall: 0.649, Detected-Cells: 749
[37m2024-06-28 07:01:35,701 [INFO] - Training epoch stats:     Loss: 0.4064 - F1-Score: 0.8959 - Accuracy-Score: 0.8959 - AUROC: 0.9554 - AP: 0.8206
[37m2024-06-28 07:01:35,832 [INFO] - Validation epoch stats:   Loss: 0.8957 - F1-Score: 0.7187 - Accuracy-Score: 0.7187 - AUROC: 0.8934 - AP: 0.7398
[37m2024-06-28 07:01:35,900 [INFO] - Epoch: 16/50
[37m2024-06-28 07:01:35,900 [INFO] - Extracting training cells
[37m2024-06-28 07:01:38,053 [INFO] - Extraction detection metrics - F1: 0.764, Precision: 0.812, Recall: 0.743, Detected-Cells: 949
[37m2024-06-28 07:01:38,102 [INFO] - Training epoch stats:     Loss: 0.5774 - F1-Score: 0.7619 - Accuracy-Score: 0.7619 - AUROC: 0.9139 - AP: 0.6835
[37m2024-06-28 07:01:38,228 [INFO] - Validation epoch stats:   Loss: 1.0183 - F1-Score: 0.6765 - Accuracy-Score: 0.6765 - AUROC: 0.9015 - AP: 0.7498
[37m2024-06-28 07:01:38,281 [INFO] - Epoch: 17/50
[37m2024-06-28 07:01:38,282 [INFO] - Extracting training cells
[37m2024-06-28 07:01:40,490 [INFO] - Extraction detection metrics - F1: 0.750, Precision: 0.828, Recall: 0.705, Detected-Cells: 1124
[37m2024-06-28 07:01:40,561 [INFO] - Training epoch stats:     Loss: 0.2386 - F1-Score: 0.9181 - Accuracy-Score: 0.9181 - AUROC: 0.9879 - AP: 0.8873
[37m2024-06-28 07:01:40,706 [INFO] - Validation epoch stats:   Loss: 0.8836 - F1-Score: 0.6637 - Accuracy-Score: 0.6637 - AUROC: 0.8964 - AP: 0.7484
[37m2024-06-28 07:01:40,761 [INFO] - Epoch: 18/50
[37m2024-06-28 07:01:40,761 [INFO] - Extracting training cells
[37m2024-06-28 07:01:43,126 [INFO] - Extraction detection metrics - F1: 0.770, Precision: 0.813, Recall: 0.745, Detected-Cells: 1189
[37m2024-06-28 07:01:43,182 [INFO] - Training epoch stats:     Loss: 0.1629 - F1-Score: 0.9563 - Accuracy-Score: 0.9563 - AUROC: 0.9935 - AP: 0.9133
[37m2024-06-28 07:01:43,320 [INFO] - Validation epoch stats:   Loss: 0.7897 - F1-Score: 0.6952 - Accuracy-Score: 0.6952 - AUROC: 0.9053 - AP: 0.7637
[37m2024-06-28 07:01:43,377 [INFO] - Epoch: 19/50
[37m2024-06-28 07:01:43,377 [INFO] - Extracting training cells
[37m2024-06-28 07:01:46,006 [INFO] - Extraction detection metrics - F1: 0.749, Precision: 0.809, Recall: 0.717, Detected-Cells: 1142
[37m2024-06-28 07:01:46,074 [INFO] - Training epoch stats:     Loss: 0.1413 - F1-Score: 0.9562 - Accuracy-Score: 0.9562 - AUROC: 0.9903 - AP: 0.9198
[37m2024-06-28 07:01:46,226 [INFO] - Validation epoch stats:   Loss: 0.8888 - F1-Score: 0.6723 - Accuracy-Score: 0.6723 - AUROC: 0.9037 - AP: 0.7663
[37m2024-06-28 07:01:46,278 [INFO] - Epoch: 20/50
[37m2024-06-28 07:01:46,278 [INFO] - Extracting training cells
[37m2024-06-28 07:01:48,638 [INFO] - Extraction detection metrics - F1: 0.770, Precision: 0.818, Recall: 0.742, Detected-Cells: 1183
[37m2024-06-28 07:01:48,699 [INFO] - Training epoch stats:     Loss: 0.1457 - F1-Score: 0.9467 - Accuracy-Score: 0.9467 - AUROC: 0.9918 - AP: 0.9052
[37m2024-06-28 07:01:48,850 [INFO] - Validation epoch stats:   Loss: 0.8338 - F1-Score: 0.7158 - Accuracy-Score: 0.7158 - AUROC: 0.8998 - AP: 0.7583
[37m2024-06-28 07:01:48,905 [INFO] - Epoch: 21/50
[37m2024-06-28 07:01:48,905 [INFO] - Extracting training cells
[37m2024-06-28 07:01:51,571 [INFO] - Extraction detection metrics - F1: 0.693, Precision: 0.771, Recall: 0.637, Detected-Cells: 1022
[37m2024-06-28 07:01:51,630 [INFO] - Training epoch stats:     Loss: 0.1185 - F1-Score: 0.9628 - Accuracy-Score: 0.9628 - AUROC: 0.9948 - AP: 0.9413
[37m2024-06-28 07:01:51,772 [INFO] - Validation epoch stats:   Loss: 0.8157 - F1-Score: 0.7118 - Accuracy-Score: 0.7118 - AUROC: 0.9074 - AP: 0.7684
[37m2024-06-28 07:01:51,830 [INFO] - Epoch: 22/50
[37m2024-06-28 07:01:51,831 [INFO] - Extracting training cells
[37m2024-06-28 07:01:54,133 [INFO] - Extraction detection metrics - F1: 0.745, Precision: 0.817, Recall: 0.708, Detected-Cells: 1127
[37m2024-06-28 07:01:54,192 [INFO] - Training epoch stats:     Loss: 0.1700 - F1-Score: 0.9432 - Accuracy-Score: 0.9432 - AUROC: 0.9862 - AP: 0.8672
[37m2024-06-28 07:01:54,324 [INFO] - Validation epoch stats:   Loss: 0.9188 - F1-Score: 0.6847 - Accuracy-Score: 0.6847 - AUROC: 0.8867 - AP: 0.7438
[37m2024-06-28 07:01:54,377 [INFO] - Epoch: 23/50
[37m2024-06-28 07:01:54,378 [INFO] - Extracting training cells
[37m2024-06-28 07:01:56,688 [INFO] - Extraction detection metrics - F1: 0.742, Precision: 0.823, Recall: 0.701, Detected-Cells: 1115
[37m2024-06-28 07:01:56,742 [INFO] - Training epoch stats:     Loss: 0.1324 - F1-Score: 0.9498 - Accuracy-Score: 0.9498 - AUROC: 0.9927 - AP: 0.9137
[37m2024-06-28 07:01:56,864 [INFO] - Validation epoch stats:   Loss: 0.8881 - F1-Score: 0.6989 - Accuracy-Score: 0.6989 - AUROC: 0.8983 - AP: 0.7522
[37m2024-06-28 07:01:56,924 [INFO] - Epoch: 24/50
[37m2024-06-28 07:01:56,925 [INFO] - Extracting training cells
[37m2024-06-28 07:01:59,102 [INFO] - Extraction detection metrics - F1: 0.662, Precision: 0.737, Recall: 0.609, Detected-Cells: 980
[37m2024-06-28 07:01:59,165 [INFO] - Training epoch stats:     Loss: 0.0918 - F1-Score: 0.9694 - Accuracy-Score: 0.9694 - AUROC: 0.9961 - AP: 0.9393
[37m2024-06-28 07:01:59,320 [INFO] - Validation epoch stats:   Loss: 0.8881 - F1-Score: 0.7087 - Accuracy-Score: 0.7087 - AUROC: 0.8982 - AP: 0.7557
[37m2024-06-28 07:01:59,392 [INFO] - Epoch: 25/50
[37m2024-06-28 07:01:59,392 [INFO] - Extracting training cells
[37m2024-06-28 07:02:02,012 [INFO] - Extraction detection metrics - F1: 0.752, Precision: 0.824, Recall: 0.708, Detected-Cells: 1129
[37m2024-06-28 07:02:02,068 [INFO] - Training epoch stats:     Loss: 0.1073 - F1-Score: 0.9584 - Accuracy-Score: 0.9584 - AUROC: 0.9963 - AP: 0.9460
[37m2024-06-28 07:02:02,209 [INFO] - Validation epoch stats:   Loss: 0.8847 - F1-Score: 0.7044 - Accuracy-Score: 0.7044 - AUROC: 0.8979 - AP: 0.7562
[37m2024-06-28 07:02:02,273 [INFO] - Epoch: 26/50
[37m2024-06-28 07:02:02,273 [INFO] - Extracting training cells
[37m2024-06-28 07:02:04,883 [INFO] - Extraction detection metrics - F1: 0.753, Precision: 0.814, Recall: 0.716, Detected-Cells: 1143
[37m2024-06-28 07:02:04,938 [INFO] - Training epoch stats:     Loss: 0.1201 - F1-Score: 0.9615 - Accuracy-Score: 0.9615 - AUROC: 0.9947 - AP: 0.9448
[37m2024-06-28 07:02:05,084 [INFO] - Validation epoch stats:   Loss: 0.8742 - F1-Score: 0.7015 - Accuracy-Score: 0.7015 - AUROC: 0.9007 - AP: 0.7606
[37m2024-06-28 07:02:05,190 [INFO] - Epoch: 27/50
[37m2024-06-28 07:02:05,191 [INFO] - Extracting training cells
[37m2024-06-28 07:02:07,533 [INFO] - Extraction detection metrics - F1: 0.761, Precision: 0.816, Recall: 0.729, Detected-Cells: 1162
[37m2024-06-28 07:02:07,601 [INFO] - Training epoch stats:     Loss: 0.1043 - F1-Score: 0.9604 - Accuracy-Score: 0.9604 - AUROC: 0.9973 - AP: 0.9654
[37m2024-06-28 07:02:07,752 [INFO] - Validation epoch stats:   Loss: 0.8667 - F1-Score: 0.6974 - Accuracy-Score: 0.6974 - AUROC: 0.9021 - AP: 0.7632
[37m2024-06-28 07:02:07,812 [INFO] - Epoch: 28/50
[37m2024-06-28 07:02:07,813 [INFO] - Extracting training cells
[37m2024-06-28 07:02:10,570 [INFO] - Extraction detection metrics - F1: 0.693, Precision: 0.775, Recall: 0.633, Detected-Cells: 800
[37m2024-06-28 07:02:10,619 [INFO] - Training epoch stats:     Loss: 0.7749 - F1-Score: 0.8125 - Accuracy-Score: 0.8125 - AUROC: 0.9247 - AP: 0.7544
[37m2024-06-28 07:02:10,748 [INFO] - Validation epoch stats:   Loss: 0.8488 - F1-Score: 0.7013 - Accuracy-Score: 0.7013 - AUROC: 0.9047 - AP: 0.7657
[37m2024-06-28 07:02:10,749 [INFO] - Performing early stopping!
[37m2024-06-28 07:02:10,755 [INFO] - Finished run nvr7idvi
