[37m2024-06-24 05:47:08,768 [INFO] - Instantiated Logger. WandB init and config update finished.
[37m2024-06-24 05:47:08,770 [INFO] - Run ist stored here: /cellvit/logs_paper/Head-Evaluation/ocelot/ViT256/Amount/Aug/5/2024-06-24T054657_CellViT-ViT256-5Percent
[37m2024-06-24 05:47:08,841 [INFO] - Cuda devices: [<torch.cuda.device object at 0x7f49df140640>]
[37m2024-06-24 05:47:08,847 [INFO] - Using GPU: cuda:0
[37m2024-06-24 05:47:08,852 [INFO] - Using device: cuda:0
[37m2024-06-24 05:47:08,857 [INFO] - Loss function:
[37m2024-06-24 05:47:08,862 [INFO] - CrossEntropyLoss()
[37m2024-06-24 05:47:11,376 [INFO] - <All keys matched successfully>
[37m2024-06-24 05:47:11,813 [INFO] -
==========================================================================================
Layer (type:depth-idx)                   Output Shape              Param #
==========================================================================================
LinearClassifier                         [1, 2]                    --
├─Linear: 1-1                            [1, 256]                  98,560
├─ReLU: 1-2                              [1, 256]                  --
├─Dropout: 1-3                           [1, 256]                  --
├─Linear: 1-4                            [1, 2]                    514
==========================================================================================
Total params: 99,074
Trainable params: 99,074
Non-trainable params: 0
Total mult-adds (M): 0.10
==========================================================================================
Input size (MB): 0.00
Forward/backward pass size (MB): 0.00
Params size (MB): 0.40
Estimated Total Size (MB): 0.40
==========================================================================================
[37m2024-06-24 05:47:11,820 [INFO] - Loaded AdamW Optimizer with following hyperparameters:
[37m2024-06-24 05:47:11,825 [INFO] - {'betas': [0.85, 0.9], 'lr': 4.4403255414468894e-05, 'weight_decay': 8.22969479387945e-05}
[37m2024-06-24 05:47:11,830 [INFO] - Using early stopping with a range of 10 and maximize strategy
[37m2024-06-24 05:47:11,855 [INFO] - Caching datasets
[37m2024-06-24 05:47:13,902 [INFO] - Instantiate Trainer
[37m2024-06-24 05:47:13,906 [INFO] - Calling Trainer Fit
[37m2024-06-24 05:47:13,912 [INFO] - Starting training, total number of epochs: 50
[37m2024-06-24 05:47:13,918 [INFO] - Epoch: 1/50
[37m2024-06-24 05:47:13,924 [INFO] - Extracting training cells
[37m2024-06-24 05:47:27,509 [INFO] - Extraction detection metrics - F1: 0.764, Precision: 0.722, Recall: 0.867, Detected-Cells: 2735
[37m2024-06-24 05:47:27,680 [INFO] - Training epoch stats:     Loss: 0.6801 - F1-Score: 0.3973 - Accuracy-Score: 0.6117 - AUROC: 0.6978 - AP: 0.6199
[37m2024-06-24 05:47:29,066 [INFO] - Loaded dataset from cache: /OCELOT-Orig/cache/84a96648cf0731d52e69bfe32a74428f944857015825e7a06ae5f471f93f4855.h5
[37m2024-06-24 05:47:29,351 [INFO] - Validation epoch stats:   Loss: 0.6950 - F1-Score: 0.2557 - Accuracy-Score: 0.4368 - AUROC: 0.6897 - AP: 0.7719
[37m2024-06-24 05:47:29,356 [INFO] - New best model - save checkpoint
[37m2024-06-24 05:47:29,515 [INFO] - Epoch: 2/50
[37m2024-06-24 05:47:29,521 [INFO] - Extracting training cells
[37m2024-06-24 05:47:37,051 [INFO] - Extraction detection metrics - F1: 0.761, Precision: 0.718, Recall: 0.865, Detected-Cells: 2600
[37m2024-06-24 05:47:37,152 [INFO] - Training epoch stats:     Loss: 0.6631 - F1-Score: 0.6153 - Accuracy-Score: 0.7273 - AUROC: 0.8493 - AP: 0.8045
[37m2024-06-24 05:47:37,567 [INFO] - Validation epoch stats:   Loss: 0.6926 - F1-Score: 0.2882 - Accuracy-Score: 0.4549 - AUROC: 0.7370 - AP: 0.8124
[37m2024-06-24 05:47:37,573 [INFO] - New best model - save checkpoint
[37m2024-06-24 05:47:37,710 [INFO] - Epoch: 3/50
[37m2024-06-24 05:47:37,716 [INFO] - Extracting training cells
[37m2024-06-24 05:47:46,486 [INFO] - Extraction detection metrics - F1: 0.763, Precision: 0.717, Recall: 0.869, Detected-Cells: 2544
[37m2024-06-24 05:47:46,590 [INFO] - Training epoch stats:     Loss: 0.6487 - F1-Score: 0.7182 - Accuracy-Score: 0.7838 - AUROC: 0.8957 - AP: 0.8610
[37m2024-06-24 05:47:47,021 [INFO] - Validation epoch stats:   Loss: 0.6905 - F1-Score: 0.3176 - Accuracy-Score: 0.4693 - AUROC: 0.7573 - AP: 0.8311
[37m2024-06-24 05:47:47,029 [INFO] - New best model - save checkpoint
[37m2024-06-24 05:47:47,180 [INFO] - Epoch: 4/50
[37m2024-06-24 05:47:47,186 [INFO] - Extracting training cells
[37m2024-06-24 05:47:55,807 [INFO] - Extraction detection metrics - F1: 0.768, Precision: 0.721, Recall: 0.868, Detected-Cells: 2757
[37m2024-06-24 05:47:55,912 [INFO] - Training epoch stats:     Loss: 0.6381 - F1-Score: 0.7342 - Accuracy-Score: 0.7867 - AUROC: 0.9076 - AP: 0.8886
[37m2024-06-24 05:47:56,344 [INFO] - Validation epoch stats:   Loss: 0.6876 - F1-Score: 0.3451 - Accuracy-Score: 0.4818 - AUROC: 0.7707 - AP: 0.8429
[37m2024-06-24 05:47:56,350 [INFO] - New best model - save checkpoint
[37m2024-06-24 05:47:56,485 [INFO] - Epoch: 5/50
[37m2024-06-24 05:47:56,490 [INFO] - Extracting training cells
[37m2024-06-24 05:48:05,802 [INFO] - Extraction detection metrics - F1: 0.743, Precision: 0.702, Recall: 0.844, Detected-Cells: 2344
[37m2024-06-24 05:48:05,882 [INFO] - Training epoch stats:     Loss: 0.6183 - F1-Score: 0.7485 - Accuracy-Score: 0.8157 - AUROC: 0.9189 - AP: 0.8933
[37m2024-06-24 05:48:06,198 [INFO] - Validation epoch stats:   Loss: 0.6868 - F1-Score: 0.3422 - Accuracy-Score: 0.4811 - AUROC: 0.7792 - AP: 0.8494
[37m2024-06-24 05:48:06,203 [INFO] - New best model - save checkpoint
[37m2024-06-24 05:48:06,342 [INFO] - Epoch: 6/50
[37m2024-06-24 05:48:06,347 [INFO] - Extracting training cells
[37m2024-06-24 05:48:13,863 [INFO] - Extraction detection metrics - F1: 0.744, Precision: 0.689, Recall: 0.868, Detected-Cells: 2489
[37m2024-06-24 05:48:13,942 [INFO] - Training epoch stats:     Loss: 0.6093 - F1-Score: 0.7791 - Accuracy-Score: 0.8180 - AUROC: 0.9226 - AP: 0.9045
[37m2024-06-24 05:48:14,245 [INFO] - Validation epoch stats:   Loss: 0.6849 - F1-Score: 0.3545 - Accuracy-Score: 0.4867 - AUROC: 0.7833 - AP: 0.8532
[37m2024-06-24 05:48:14,251 [INFO] - New best model - save checkpoint
[37m2024-06-24 05:48:14,389 [INFO] - Epoch: 7/50
[37m2024-06-24 05:48:14,394 [INFO] - Extracting training cells
[37m2024-06-24 05:48:21,994 [INFO] - Extraction detection metrics - F1: 0.759, Precision: 0.723, Recall: 0.853, Detected-Cells: 2681
[37m2024-06-24 05:48:22,080 [INFO] - Training epoch stats:     Loss: 0.5991 - F1-Score: 0.7901 - Accuracy-Score: 0.8284 - AUROC: 0.9393 - AP: 0.9266
[37m2024-06-24 05:48:22,378 [INFO] - Validation epoch stats:   Loss: 0.6823 - F1-Score: 0.3740 - Accuracy-Score: 0.4953 - AUROC: 0.7869 - AP: 0.8567
[37m2024-06-24 05:48:22,384 [INFO] - New best model - save checkpoint
[37m2024-06-24 05:48:22,507 [INFO] - Epoch: 8/50
[37m2024-06-24 05:48:22,512 [INFO] - Extracting training cells
[37m2024-06-24 05:48:30,638 [INFO] - Extraction detection metrics - F1: 0.757, Precision: 0.719, Recall: 0.856, Detected-Cells: 2708
[37m2024-06-24 05:48:30,733 [INFO] - Training epoch stats:     Loss: 0.5914 - F1-Score: 0.7601 - Accuracy-Score: 0.8047 - AUROC: 0.9222 - AP: 0.8982
[37m2024-06-24 05:48:31,131 [INFO] - Validation epoch stats:   Loss: 0.6798 - F1-Score: 0.3908 - Accuracy-Score: 0.5024 - AUROC: 0.7893 - AP: 0.8590
[37m2024-06-24 05:48:31,138 [INFO] - New best model - save checkpoint
[37m2024-06-24 05:48:31,285 [INFO] - Epoch: 9/50
[37m2024-06-24 05:48:31,293 [INFO] - Extracting training cells
[37m2024-06-24 05:48:39,751 [INFO] - Extraction detection metrics - F1: 0.756, Precision: 0.718, Recall: 0.854, Detected-Cells: 2638
[37m2024-06-24 05:48:39,847 [INFO] - Training epoch stats:     Loss: 0.5796 - F1-Score: 0.7828 - Accuracy-Score: 0.8158 - AUROC: 0.9091 - AP: 0.8927
[37m2024-06-24 05:48:40,215 [INFO] - Validation epoch stats:   Loss: 0.6791 - F1-Score: 0.3965 - Accuracy-Score: 0.5052 - AUROC: 0.7897 - AP: 0.8597
[37m2024-06-24 05:48:40,220 [INFO] - New best model - save checkpoint
[37m2024-06-24 05:48:40,341 [INFO] - Epoch: 10/50
[37m2024-06-24 05:48:40,346 [INFO] - Extracting training cells
[37m2024-06-24 05:48:48,934 [INFO] - Extraction detection metrics - F1: 0.746, Precision: 0.705, Recall: 0.850, Detected-Cells: 2416
[37m2024-06-24 05:48:49,033 [INFO] - Training epoch stats:     Loss: 0.5719 - F1-Score: 0.8250 - Accuracy-Score: 0.8353 - AUROC: 0.9292 - AP: 0.9205
[37m2024-06-24 05:48:49,458 [INFO] - Validation epoch stats:   Loss: 0.6761 - F1-Score: 0.4153 - Accuracy-Score: 0.5137 - AUROC: 0.7908 - AP: 0.8610
[37m2024-06-24 05:48:49,464 [INFO] - New best model - save checkpoint
[37m2024-06-24 05:48:49,600 [INFO] - Epoch: 11/50
[37m2024-06-24 05:48:49,605 [INFO] - Extracting training cells
[37m2024-06-24 05:48:58,076 [INFO] - Extraction detection metrics - F1: 0.749, Precision: 0.702, Recall: 0.862, Detected-Cells: 2516
[37m2024-06-24 05:48:58,171 [INFO] - Training epoch stats:     Loss: 0.5761 - F1-Score: 0.7856 - Accuracy-Score: 0.8136 - AUROC: 0.9087 - AP: 0.8731
[37m2024-06-24 05:48:58,544 [INFO] - Validation epoch stats:   Loss: 0.6736 - F1-Score: 0.4325 - Accuracy-Score: 0.5216 - AUROC: 0.7926 - AP: 0.8624
[37m2024-06-24 05:48:58,549 [INFO] - New best model - save checkpoint
[37m2024-06-24 05:48:58,672 [INFO] - Epoch: 12/50
[37m2024-06-24 05:48:58,677 [INFO] - Extracting training cells
[37m2024-06-24 05:49:07,187 [INFO] - Extraction detection metrics - F1: 0.758, Precision: 0.726, Recall: 0.844, Detected-Cells: 2576
[37m2024-06-24 05:49:07,275 [INFO] - Training epoch stats:     Loss: 0.5519 - F1-Score: 0.8080 - Accuracy-Score: 0.8288 - AUROC: 0.9239 - AP: 0.9098
[37m2024-06-24 05:49:07,742 [INFO] - Validation epoch stats:   Loss: 0.6711 - F1-Score: 0.4481 - Accuracy-Score: 0.5292 - AUROC: 0.7936 - AP: 0.8632
[37m2024-06-24 05:49:07,749 [INFO] - New best model - save checkpoint
[37m2024-06-24 05:49:07,885 [INFO] - Epoch: 13/50
[37m2024-06-24 05:49:07,890 [INFO] - Extracting training cells
[37m2024-06-24 05:49:15,895 [INFO] - Extraction detection metrics - F1: 0.763, Precision: 0.722, Recall: 0.863, Detected-Cells: 2695
[37m2024-06-24 05:49:15,993 [INFO] - Training epoch stats:     Loss: 0.5349 - F1-Score: 0.8128 - Accuracy-Score: 0.8393 - AUROC: 0.9317 - AP: 0.9066
[37m2024-06-24 05:49:16,357 [INFO] - Validation epoch stats:   Loss: 0.6716 - F1-Score: 0.4467 - Accuracy-Score: 0.5286 - AUROC: 0.7938 - AP: 0.8635
[37m2024-06-24 05:49:16,363 [INFO] - New best model - save checkpoint
[37m2024-06-24 05:49:16,484 [INFO] - Epoch: 14/50
[37m2024-06-24 05:49:16,489 [INFO] - Extracting training cells
[37m2024-06-24 05:49:24,876 [INFO] - Extraction detection metrics - F1: 0.743, Precision: 0.706, Recall: 0.843, Detected-Cells: 2653
[37m2024-06-24 05:49:24,962 [INFO] - Training epoch stats:     Loss: 0.5279 - F1-Score: 0.8264 - Accuracy-Score: 0.8496 - AUROC: 0.9383 - AP: 0.9148
[37m2024-06-24 05:49:25,258 [INFO] - Validation epoch stats:   Loss: 0.6721 - F1-Score: 0.4469 - Accuracy-Score: 0.5289 - AUROC: 0.7941 - AP: 0.8639
[37m2024-06-24 05:49:25,264 [INFO] - New best model - save checkpoint
[37m2024-06-24 05:49:25,405 [INFO] - Epoch: 15/50
[37m2024-06-24 05:49:25,411 [INFO] - Extracting training cells
[37m2024-06-24 05:49:32,653 [INFO] - Extraction detection metrics - F1: 0.742, Precision: 0.709, Recall: 0.810, Detected-Cells: 2335
[37m2024-06-24 05:49:32,730 [INFO] - Training epoch stats:     Loss: 0.5411 - F1-Score: 0.7812 - Accuracy-Score: 0.8021 - AUROC: 0.9019 - AP: 0.9008
[37m2024-06-24 05:49:33,029 [INFO] - Validation epoch stats:   Loss: 0.6700 - F1-Score: 0.4601 - Accuracy-Score: 0.5355 - AUROC: 0.7946 - AP: 0.8645
[37m2024-06-24 05:49:33,034 [INFO] - New best model - save checkpoint
[37m2024-06-24 05:49:33,160 [INFO] - Epoch: 16/50
[37m2024-06-24 05:49:33,165 [INFO] - Extracting training cells
[37m2024-06-24 05:49:40,206 [INFO] - Extraction detection metrics - F1: 0.750, Precision: 0.709, Recall: 0.851, Detected-Cells: 2439
[37m2024-06-24 05:49:40,306 [INFO] - Training epoch stats:     Loss: 0.5231 - F1-Score: 0.8253 - Accuracy-Score: 0.8323 - AUROC: 0.9264 - AP: 0.9182
[37m2024-06-24 05:49:40,726 [INFO] - Validation epoch stats:   Loss: 0.6671 - F1-Score: 0.4783 - Accuracy-Score: 0.5445 - AUROC: 0.7951 - AP: 0.8649
[37m2024-06-24 05:49:40,733 [INFO] - New best model - save checkpoint
[37m2024-06-24 05:49:40,874 [INFO] - Epoch: 17/50
[37m2024-06-24 05:49:40,880 [INFO] - Extracting training cells
[37m2024-06-24 05:49:49,816 [INFO] - Extraction detection metrics - F1: 0.739, Precision: 0.703, Recall: 0.839, Detected-Cells: 2579
[37m2024-06-24 05:49:49,921 [INFO] - Training epoch stats:     Loss: 0.5232 - F1-Score: 0.8090 - Accuracy-Score: 0.8286 - AUROC: 0.9126 - AP: 0.8950
[37m2024-06-24 05:49:50,333 [INFO] - Validation epoch stats:   Loss: 0.6661 - F1-Score: 0.4872 - Accuracy-Score: 0.5491 - AUROC: 0.7953 - AP: 0.8651
[37m2024-06-24 05:49:50,339 [INFO] - New best model - save checkpoint
[37m2024-06-24 05:49:50,481 [INFO] - Epoch: 18/50
[37m2024-06-24 05:49:50,486 [INFO] - Extracting training cells
[37m2024-06-24 05:49:58,586 [INFO] - Extraction detection metrics - F1: 0.752, Precision: 0.711, Recall: 0.854, Detected-Cells: 2566
[37m2024-06-24 05:49:58,669 [INFO] - Training epoch stats:     Loss: 0.4978 - F1-Score: 0.8296 - Accuracy-Score: 0.8554 - AUROC: 0.9376 - AP: 0.9083
[37m2024-06-24 05:49:58,964 [INFO] - Validation epoch stats:   Loss: 0.6660 - F1-Score: 0.4908 - Accuracy-Score: 0.5508 - AUROC: 0.7953 - AP: 0.8651
[37m2024-06-24 05:49:59,005 [INFO] - Epoch: 19/50
[37m2024-06-24 05:49:59,010 [INFO] - Extracting training cells
[37m2024-06-24 05:50:06,820 [INFO] - Extraction detection metrics - F1: 0.741, Precision: 0.709, Recall: 0.837, Detected-Cells: 2429
[37m2024-06-24 05:50:06,912 [INFO] - Training epoch stats:     Loss: 0.4971 - F1-Score: 0.8279 - Accuracy-Score: 0.8518 - AUROC: 0.9444 - AP: 0.9291
[37m2024-06-24 05:50:07,333 [INFO] - Validation epoch stats:   Loss: 0.6646 - F1-Score: 0.4995 - Accuracy-Score: 0.5552 - AUROC: 0.7949 - AP: 0.8647
[37m2024-06-24 05:50:07,385 [INFO] - Epoch: 20/50
[37m2024-06-24 05:50:07,391 [INFO] - Extracting training cells
[37m2024-06-24 05:50:16,201 [INFO] - Extraction detection metrics - F1: 0.763, Precision: 0.719, Recall: 0.869, Detected-Cells: 2731
[37m2024-06-24 05:50:16,318 [INFO] - Training epoch stats:     Loss: 0.4932 - F1-Score: 0.8368 - Accuracy-Score: 0.8517 - AUROC: 0.9382 - AP: 0.9223
[37m2024-06-24 05:50:16,777 [INFO] - Validation epoch stats:   Loss: 0.6637 - F1-Score: 0.5070 - Accuracy-Score: 0.5591 - AUROC: 0.7948 - AP: 0.8646
[37m2024-06-24 05:50:16,823 [INFO] - Epoch: 21/50
[37m2024-06-24 05:50:16,828 [INFO] - Extracting training cells
[37m2024-06-24 05:50:24,779 [INFO] - Extraction detection metrics - F1: 0.761, Precision: 0.724, Recall: 0.860, Detected-Cells: 2606
[37m2024-06-24 05:50:24,865 [INFO] - Training epoch stats:     Loss: 0.4934 - F1-Score: 0.8342 - Accuracy-Score: 0.8503 - AUROC: 0.9343 - AP: 0.9167
[37m2024-06-24 05:50:25,167 [INFO] - Validation epoch stats:   Loss: 0.6641 - F1-Score: 0.5070 - Accuracy-Score: 0.5591 - AUROC: 0.7947 - AP: 0.8646
[37m2024-06-24 05:50:25,208 [INFO] - Epoch: 22/50
[37m2024-06-24 05:50:25,214 [INFO] - Extracting training cells
[37m2024-06-24 05:50:33,173 [INFO] - Extraction detection metrics - F1: 0.771, Precision: 0.719, Recall: 0.888, Detected-Cells: 2643
[37m2024-06-24 05:50:33,275 [INFO] - Training epoch stats:     Loss: 0.4796 - F1-Score: 0.8343 - Accuracy-Score: 0.8509 - AUROC: 0.9323 - AP: 0.9057
[37m2024-06-24 05:50:33,702 [INFO] - Validation epoch stats:   Loss: 0.6645 - F1-Score: 0.5075 - Accuracy-Score: 0.5596 - AUROC: 0.7951 - AP: 0.8650
[37m2024-06-24 05:50:33,745 [INFO] - Epoch: 23/50
[37m2024-06-24 05:50:33,751 [INFO] - Extracting training cells
[37m2024-06-24 05:50:42,390 [INFO] - Extraction detection metrics - F1: 0.744, Precision: 0.705, Recall: 0.845, Detected-Cells: 2512
[37m2024-06-24 05:50:42,478 [INFO] - Training epoch stats:     Loss: 0.4685 - F1-Score: 0.8445 - Accuracy-Score: 0.8670 - AUROC: 0.9498 - AP: 0.9358
[37m2024-06-24 05:50:42,844 [INFO] - Validation epoch stats:   Loss: 0.6651 - F1-Score: 0.5078 - Accuracy-Score: 0.5600 - AUROC: 0.7955 - AP: 0.8655
[37m2024-06-24 05:50:42,851 [INFO] - New best model - save checkpoint
[37m2024-06-24 05:50:42,972 [INFO] - Epoch: 24/50
[37m2024-06-24 05:50:42,976 [INFO] - Extracting training cells
[37m2024-06-24 05:50:50,895 [INFO] - Extraction detection metrics - F1: 0.739, Precision: 0.696, Recall: 0.841, Detected-Cells: 2341
[37m2024-06-24 05:50:51,222 [INFO] - Training epoch stats:     Loss: 0.4742 - F1-Score: 0.8340 - Accuracy-Score: 0.8531 - AUROC: 0.9364 - AP: 0.9193
[37m2024-06-24 05:50:51,655 [INFO] - Validation epoch stats:   Loss: 0.6652 - F1-Score: 0.5103 - Accuracy-Score: 0.5614 - AUROC: 0.7956 - AP: 0.8656
[37m2024-06-24 05:50:51,661 [INFO] - New best model - save checkpoint
[37m2024-06-24 05:50:51,799 [INFO] - Epoch: 25/50
[37m2024-06-24 05:50:51,805 [INFO] - Extracting training cells
[37m2024-06-24 05:51:00,091 [INFO] - Extraction detection metrics - F1: 0.762, Precision: 0.716, Recall: 0.875, Detected-Cells: 2686
[37m2024-06-24 05:51:00,204 [INFO] - Training epoch stats:     Loss: 0.4668 - F1-Score: 0.8514 - Accuracy-Score: 0.8596 - AUROC: 0.9418 - AP: 0.9297
[37m2024-06-24 05:51:00,598 [INFO] - Validation epoch stats:   Loss: 0.6640 - F1-Score: 0.5171 - Accuracy-Score: 0.5648 - AUROC: 0.7958 - AP: 0.8659
[37m2024-06-24 05:51:00,604 [INFO] - New best model - save checkpoint
[37m2024-06-24 05:51:00,727 [INFO] - Epoch: 26/50
[37m2024-06-24 05:51:00,732 [INFO] - Extracting training cells
[37m2024-06-24 05:51:09,268 [INFO] - Extraction detection metrics - F1: 0.748, Precision: 0.712, Recall: 0.847, Detected-Cells: 2574
[37m2024-06-24 05:51:09,374 [INFO] - Training epoch stats:     Loss: 0.4497 - F1-Score: 0.8627 - Accuracy-Score: 0.8706 - AUROC: 0.9499 - AP: 0.9426
[37m2024-06-24 05:51:09,822 [INFO] - Validation epoch stats:   Loss: 0.6625 - F1-Score: 0.5245 - Accuracy-Score: 0.5688 - AUROC: 0.7959 - AP: 0.8659
[37m2024-06-24 05:51:09,829 [INFO] - New best model - save checkpoint
[37m2024-06-24 05:51:09,958 [INFO] - Epoch: 27/50
[37m2024-06-24 05:51:09,964 [INFO] - Extracting training cells
[37m2024-06-24 05:51:19,090 [INFO] - Extraction detection metrics - F1: 0.749, Precision: 0.711, Recall: 0.848, Detected-Cells: 2643
[37m2024-06-24 05:51:19,190 [INFO] - Training epoch stats:     Loss: 0.4622 - F1-Score: 0.8359 - Accuracy-Score: 0.8528 - AUROC: 0.9346 - AP: 0.9171
[37m2024-06-24 05:51:19,596 [INFO] - Validation epoch stats:   Loss: 0.6621 - F1-Score: 0.5289 - Accuracy-Score: 0.5712 - AUROC: 0.7959 - AP: 0.8660
[37m2024-06-24 05:51:19,597 [INFO] - New best model - save checkpoint
[37m2024-06-24 05:51:19,756 [INFO] - Epoch: 28/50
[37m2024-06-24 05:51:19,762 [INFO] - Extracting training cells
[37m2024-06-24 05:51:28,235 [INFO] - Extraction detection metrics - F1: 0.729, Precision: 0.705, Recall: 0.810, Detected-Cells: 2393
[37m2024-06-24 05:51:28,332 [INFO] - Training epoch stats:     Loss: 0.4694 - F1-Score: 0.8376 - Accuracy-Score: 0.8688 - AUROC: 0.9404 - AP: 0.9042
[37m2024-06-24 05:51:28,771 [INFO] - Validation epoch stats:   Loss: 0.6632 - F1-Score: 0.5279 - Accuracy-Score: 0.5707 - AUROC: 0.7958 - AP: 0.8659
[37m2024-06-24 05:51:28,831 [INFO] - Epoch: 29/50
[37m2024-06-24 05:51:28,837 [INFO] - Extracting training cells
[37m2024-06-24 05:51:36,900 [INFO] - Extraction detection metrics - F1: 0.755, Precision: 0.714, Recall: 0.856, Detected-Cells: 2487
[37m2024-06-24 05:51:36,991 [INFO] - Training epoch stats:     Loss: 0.4435 - F1-Score: 0.8622 - Accuracy-Score: 0.8754 - AUROC: 0.9425 - AP: 0.9176
[37m2024-06-24 05:51:37,416 [INFO] - Validation epoch stats:   Loss: 0.6640 - F1-Score: 0.5276 - Accuracy-Score: 0.5706 - AUROC: 0.7957 - AP: 0.8659
[37m2024-06-24 05:51:37,484 [INFO] - Epoch: 30/50
[37m2024-06-24 05:51:37,490 [INFO] - Extracting training cells
[37m2024-06-24 05:51:45,917 [INFO] - Extraction detection metrics - F1: 0.760, Precision: 0.719, Recall: 0.861, Detected-Cells: 2570
[37m2024-06-24 05:51:46,018 [INFO] - Training epoch stats:     Loss: 0.4558 - F1-Score: 0.8438 - Accuracy-Score: 0.8611 - AUROC: 0.9375 - AP: 0.9177
[37m2024-06-24 05:51:46,422 [INFO] - Validation epoch stats:   Loss: 0.6649 - F1-Score: 0.5269 - Accuracy-Score: 0.5701 - AUROC: 0.7957 - AP: 0.8659
[37m2024-06-24 05:51:46,467 [INFO] - Epoch: 31/50
[37m2024-06-24 05:51:46,472 [INFO] - Extracting training cells
[37m2024-06-24 05:51:55,358 [INFO] - Extraction detection metrics - F1: 0.749, Precision: 0.710, Recall: 0.850, Detected-Cells: 2663
[37m2024-06-24 05:51:55,455 [INFO] - Training epoch stats:     Loss: 0.4417 - F1-Score: 0.8370 - Accuracy-Score: 0.8532 - AUROC: 0.9329 - AP: 0.9120
[37m2024-06-24 05:51:55,779 [INFO] - Validation epoch stats:   Loss: 0.6653 - F1-Score: 0.5286 - Accuracy-Score: 0.5710 - AUROC: 0.7957 - AP: 0.8659
[37m2024-06-24 05:51:55,831 [INFO] - Epoch: 32/50
[37m2024-06-24 05:51:55,836 [INFO] - Extracting training cells
[37m2024-06-24 05:52:04,491 [INFO] - Extraction detection metrics - F1: 0.744, Precision: 0.698, Recall: 0.854, Detected-Cells: 2506
[37m2024-06-24 05:52:04,591 [INFO] - Training epoch stats:     Loss: 0.4274 - F1-Score: 0.8620 - Accuracy-Score: 0.8747 - AUROC: 0.9533 - AP: 0.9409
[37m2024-06-24 05:52:05,037 [INFO] - Validation epoch stats:   Loss: 0.6651 - F1-Score: 0.5315 - Accuracy-Score: 0.5725 - AUROC: 0.7955 - AP: 0.8658
[37m2024-06-24 05:52:05,085 [INFO] - Epoch: 33/50
[37m2024-06-24 05:52:05,091 [INFO] - Extracting training cells
[37m2024-06-24 05:52:13,647 [INFO] - Extraction detection metrics - F1: 0.776, Precision: 0.729, Recall: 0.889, Detected-Cells: 2778
[37m2024-06-24 05:52:13,745 [INFO] - Training epoch stats:     Loss: 0.4447 - F1-Score: 0.8247 - Accuracy-Score: 0.8395 - AUROC: 0.9299 - AP: 0.9169
[37m2024-06-24 05:52:14,059 [INFO] - Validation epoch stats:   Loss: 0.6647 - F1-Score: 0.5356 - Accuracy-Score: 0.5749 - AUROC: 0.7956 - AP: 0.8659
[37m2024-06-24 05:52:14,112 [INFO] - Epoch: 34/50
[37m2024-06-24 05:52:14,118 [INFO] - Extracting training cells
[37m2024-06-24 05:52:22,566 [INFO] - Extraction detection metrics - F1: 0.726, Precision: 0.692, Recall: 0.818, Detected-Cells: 2261
[37m2024-06-24 05:52:22,658 [INFO] - Training epoch stats:     Loss: 0.4514 - F1-Score: 0.8104 - Accuracy-Score: 0.8549 - AUROC: 0.9290 - AP: 0.8667
[37m2024-06-24 05:52:23,122 [INFO] - Validation epoch stats:   Loss: 0.6658 - F1-Score: 0.5340 - Accuracy-Score: 0.5740 - AUROC: 0.7956 - AP: 0.8660
[37m2024-06-24 05:52:23,171 [INFO] - Epoch: 35/50
[37m2024-06-24 05:52:23,176 [INFO] - Extracting training cells
[37m2024-06-24 05:52:32,441 [INFO] - Extraction detection metrics - F1: 0.735, Precision: 0.711, Recall: 0.822, Detected-Cells: 2544
[37m2024-06-24 05:52:32,536 [INFO] - Training epoch stats:     Loss: 0.4281 - F1-Score: 0.8456 - Accuracy-Score: 0.8660 - AUROC: 0.9472 - AP: 0.9308
[37m2024-06-24 05:52:32,928 [INFO] - Validation epoch stats:   Loss: 0.6663 - F1-Score: 0.5344 - Accuracy-Score: 0.5743 - AUROC: 0.7958 - AP: 0.8662
[37m2024-06-24 05:52:32,975 [INFO] - Epoch: 36/50
[37m2024-06-24 05:52:32,980 [INFO] - Extracting training cells
[37m2024-06-24 05:52:40,624 [INFO] - Extraction detection metrics - F1: 0.741, Precision: 0.697, Recall: 0.850, Detected-Cells: 2391
[37m2024-06-24 05:52:40,714 [INFO] - Training epoch stats:     Loss: 0.4682 - F1-Score: 0.8275 - Accuracy-Score: 0.8323 - AUROC: 0.9104 - AP: 0.8981
[37m2024-06-24 05:52:41,295 [INFO] - Validation epoch stats:   Loss: 0.6649 - F1-Score: 0.5405 - Accuracy-Score: 0.5777 - AUROC: 0.7962 - AP: 0.8665
[37m2024-06-24 05:52:41,301 [INFO] - New best model - save checkpoint
[37m2024-06-24 05:52:41,456 [INFO] - Epoch: 37/50
[37m2024-06-24 05:52:41,462 [INFO] - Extracting training cells
[37m2024-06-24 05:52:50,497 [INFO] - Extraction detection metrics - F1: 0.760, Precision: 0.713, Recall: 0.868, Detected-Cells: 2735
[37m2024-06-24 05:52:50,600 [INFO] - Training epoch stats:     Loss: 0.4233 - F1-Score: 0.8570 - Accuracy-Score: 0.8691 - AUROC: 0.9415 - AP: 0.9220
[37m2024-06-24 05:52:51,020 [INFO] - Validation epoch stats:   Loss: 0.6645 - F1-Score: 0.5434 - Accuracy-Score: 0.5793 - AUROC: 0.7966 - AP: 0.8668
[37m2024-06-24 05:52:51,027 [INFO] - New best model - save checkpoint
[37m2024-06-24 05:52:51,192 [INFO] - Epoch: 38/50
[37m2024-06-24 05:52:51,199 [INFO] - Extracting training cells
[37m2024-06-24 05:53:00,109 [INFO] - Extraction detection metrics - F1: 0.757, Precision: 0.721, Recall: 0.853, Detected-Cells: 2664
[37m2024-06-24 05:53:00,198 [INFO] - Training epoch stats:     Loss: 0.4270 - F1-Score: 0.8645 - Accuracy-Score: 0.8780 - AUROC: 0.9513 - AP: 0.9371
[37m2024-06-24 05:53:00,496 [INFO] - Validation epoch stats:   Loss: 0.6645 - F1-Score: 0.5448 - Accuracy-Score: 0.5801 - AUROC: 0.7968 - AP: 0.8669
[37m2024-06-24 05:53:00,502 [INFO] - New best model - save checkpoint
[37m2024-06-24 05:53:00,656 [INFO] - Epoch: 39/50
[37m2024-06-24 05:53:00,661 [INFO] - Extracting training cells
[37m2024-06-24 05:53:08,323 [INFO] - Extraction detection metrics - F1: 0.757, Precision: 0.720, Recall: 0.849, Detected-Cells: 2679
[37m2024-06-24 05:53:08,411 [INFO] - Training epoch stats:     Loss: 0.4255 - F1-Score: 0.8438 - Accuracy-Score: 0.8619 - AUROC: 0.9386 - AP: 0.9160
[37m2024-06-24 05:53:08,706 [INFO] - Validation epoch stats:   Loss: 0.6647 - F1-Score: 0.5473 - Accuracy-Score: 0.5816 - AUROC: 0.7968 - AP: 0.8670
[37m2024-06-24 05:53:08,762 [INFO] - Epoch: 40/50
[37m2024-06-24 05:53:08,768 [INFO] - Extracting training cells
[37m2024-06-24 05:53:17,090 [INFO] - Extraction detection metrics - F1: 0.757, Precision: 0.715, Recall: 0.861, Detected-Cells: 2670
[37m2024-06-24 05:53:17,202 [INFO] - Training epoch stats:     Loss: 0.4258 - F1-Score: 0.8427 - Accuracy-Score: 0.8528 - AUROC: 0.9362 - AP: 0.9210
[37m2024-06-24 05:53:17,627 [INFO] - Validation epoch stats:   Loss: 0.6645 - F1-Score: 0.5507 - Accuracy-Score: 0.5836 - AUROC: 0.7967 - AP: 0.8670
[37m2024-06-24 05:53:17,688 [INFO] - Epoch: 41/50
[37m2024-06-24 05:53:17,693 [INFO] - Extracting training cells
[37m2024-06-24 05:53:25,824 [INFO] - Extraction detection metrics - F1: 0.751, Precision: 0.714, Recall: 0.850, Detected-Cells: 2526
[37m2024-06-24 05:53:25,905 [INFO] - Training epoch stats:     Loss: 0.4338 - F1-Score: 0.8326 - Accuracy-Score: 0.8511 - AUROC: 0.9247 - AP: 0.8938
[37m2024-06-24 05:53:26,205 [INFO] - Validation epoch stats:   Loss: 0.6645 - F1-Score: 0.5517 - Accuracy-Score: 0.5842 - AUROC: 0.7968 - AP: 0.8670
[37m2024-06-24 05:53:26,258 [INFO] - Epoch: 42/50
[37m2024-06-24 05:53:26,263 [INFO] - Extracting training cells
[37m2024-06-24 05:53:34,388 [INFO] - Extraction detection metrics - F1: 0.731, Precision: 0.704, Recall: 0.822, Detected-Cells: 2436
[37m2024-06-24 05:53:34,479 [INFO] - Training epoch stats:     Loss: 0.4264 - F1-Score: 0.8414 - Accuracy-Score: 0.8543 - AUROC: 0.9400 - AP: 0.9324
[37m2024-06-24 05:53:34,882 [INFO] - Validation epoch stats:   Loss: 0.6643 - F1-Score: 0.5550 - Accuracy-Score: 0.5863 - AUROC: 0.7968 - AP: 0.8670
[37m2024-06-24 05:53:34,939 [INFO] - Epoch: 43/50
[37m2024-06-24 05:53:34,944 [INFO] - Extracting training cells
[37m2024-06-24 05:53:43,264 [INFO] - Extraction detection metrics - F1: 0.732, Precision: 0.692, Recall: 0.832, Detected-Cells: 2501
[37m2024-06-24 05:53:43,356 [INFO] - Training epoch stats:     Loss: 0.4196 - F1-Score: 0.8548 - Accuracy-Score: 0.8645 - AUROC: 0.9427 - AP: 0.9313
[37m2024-06-24 05:53:43,719 [INFO] - Validation epoch stats:   Loss: 0.6641 - F1-Score: 0.5575 - Accuracy-Score: 0.5878 - AUROC: 0.7967 - AP: 0.8670
[37m2024-06-24 05:53:43,774 [INFO] - Epoch: 44/50
[37m2024-06-24 05:53:43,778 [INFO] - Extracting training cells
[37m2024-06-24 05:53:51,397 [INFO] - Extraction detection metrics - F1: 0.739, Precision: 0.705, Recall: 0.836, Detected-Cells: 2452
[37m2024-06-24 05:53:51,498 [INFO] - Training epoch stats:     Loss: 0.4376 - F1-Score: 0.8544 - Accuracy-Score: 0.8597 - AUROC: 0.9342 - AP: 0.9210
[37m2024-06-24 05:53:51,935 [INFO] - Validation epoch stats:   Loss: 0.6637 - F1-Score: 0.5601 - Accuracy-Score: 0.5894 - AUROC: 0.7967 - AP: 0.8671
[37m2024-06-24 05:53:51,993 [INFO] - Epoch: 45/50
[37m2024-06-24 05:53:51,998 [INFO] - Extracting training cells
[37m2024-06-24 05:54:01,207 [INFO] - Extraction detection metrics - F1: 0.742, Precision: 0.709, Recall: 0.834, Detected-Cells: 2572
[37m2024-06-24 05:54:01,297 [INFO] - Training epoch stats:     Loss: 0.4225 - F1-Score: 0.8490 - Accuracy-Score: 0.8612 - AUROC: 0.9354 - AP: 0.9185
[37m2024-06-24 05:54:01,608 [INFO] - Validation epoch stats:   Loss: 0.6636 - F1-Score: 0.5618 - Accuracy-Score: 0.5904 - AUROC: 0.7968 - AP: 0.8672
[37m2024-06-24 05:54:01,614 [INFO] - New best model - save checkpoint
[37m2024-06-24 05:54:01,745 [INFO] - Epoch: 46/50
[37m2024-06-24 05:54:01,749 [INFO] - Extracting training cells
[37m2024-06-24 05:54:09,470 [INFO] - Extraction detection metrics - F1: 0.765, Precision: 0.725, Recall: 0.866, Detected-Cells: 2682
[37m2024-06-24 05:54:09,582 [INFO] - Training epoch stats:     Loss: 0.4049 - F1-Score: 0.8555 - Accuracy-Score: 0.8691 - AUROC: 0.9480 - AP: 0.9304
[37m2024-06-24 05:54:10,009 [INFO] - Validation epoch stats:   Loss: 0.6634 - F1-Score: 0.5637 - Accuracy-Score: 0.5915 - AUROC: 0.7969 - AP: 0.8673
[37m2024-06-24 05:54:10,016 [INFO] - New best model - save checkpoint
[37m2024-06-24 05:54:10,163 [INFO] - Epoch: 47/50
[37m2024-06-24 05:54:10,168 [INFO] - Extracting training cells
[37m2024-06-24 05:54:18,478 [INFO] - Extraction detection metrics - F1: 0.747, Precision: 0.704, Recall: 0.847, Detected-Cells: 2574
[37m2024-06-24 05:54:18,589 [INFO] - Training epoch stats:     Loss: 0.4024 - F1-Score: 0.8639 - Accuracy-Score: 0.8765 - AUROC: 0.9465 - AP: 0.9269
[37m2024-06-24 05:54:18,997 [INFO] - Validation epoch stats:   Loss: 0.6638 - F1-Score: 0.5635 - Accuracy-Score: 0.5914 - AUROC: 0.7969 - AP: 0.8673
[37m2024-06-24 05:54:19,003 [INFO] - New best model - save checkpoint
[37m2024-06-24 05:54:19,158 [INFO] - Epoch: 48/50
[37m2024-06-24 05:54:19,164 [INFO] - Extracting training cells
[37m2024-06-24 05:54:27,430 [INFO] - Extraction detection metrics - F1: 0.745, Precision: 0.714, Recall: 0.836, Detected-Cells: 2644
[37m2024-06-24 05:54:27,773 [INFO] - Training epoch stats:     Loss: 0.4143 - F1-Score: 0.8448 - Accuracy-Score: 0.8642 - AUROC: 0.9432 - AP: 0.9231
[37m2024-06-24 05:54:28,191 [INFO] - Validation epoch stats:   Loss: 0.6642 - F1-Score: 0.5637 - Accuracy-Score: 0.5915 - AUROC: 0.7969 - AP: 0.8673
[37m2024-06-24 05:54:28,197 [INFO] - New best model - save checkpoint
[37m2024-06-24 05:54:28,343 [INFO] - Epoch: 49/50
[37m2024-06-24 05:54:28,348 [INFO] - Extracting training cells
[37m2024-06-24 05:54:36,458 [INFO] - Extraction detection metrics - F1: 0.747, Precision: 0.701, Recall: 0.856, Detected-Cells: 2587
[37m2024-06-24 05:54:36,564 [INFO] - Training epoch stats:     Loss: 0.4072 - F1-Score: 0.8612 - Accuracy-Score: 0.8678 - AUROC: 0.9398 - AP: 0.9214
[37m2024-06-24 05:54:36,942 [INFO] - Validation epoch stats:   Loss: 0.6646 - F1-Score: 0.5635 - Accuracy-Score: 0.5914 - AUROC: 0.7971 - AP: 0.8675
[37m2024-06-24 05:54:36,947 [INFO] - New best model - save checkpoint
[37m2024-06-24 05:54:37,089 [INFO] - Epoch: 50/50
[37m2024-06-24 05:54:37,094 [INFO] - Extracting training cells
[37m2024-06-24 05:54:45,283 [INFO] - Extraction detection metrics - F1: 0.757, Precision: 0.711, Recall: 0.870, Detected-Cells: 2676
[37m2024-06-24 05:54:45,372 [INFO] - Training epoch stats:     Loss: 0.4164 - F1-Score: 0.8508 - Accuracy-Score: 0.8595 - AUROC: 0.9395 - AP: 0.9266
[37m2024-06-24 05:54:45,673 [INFO] - Validation epoch stats:   Loss: 0.6645 - F1-Score: 0.5648 - Accuracy-Score: 0.5922 - AUROC: 0.7973 - AP: 0.8676
[37m2024-06-24 05:54:45,679 [INFO] - New best model - save checkpoint
[37m2024-06-24 05:54:45,826 [INFO] - Finished run k9mwybfu
