[37m2024-06-28 06:33:09,462 [INFO] - Instantiated Logger. WandB init and config update finished.
[37m2024-06-28 06:33:09,464 [INFO] - Run ist stored here: /cellvit/logs_paper/Head-Evaluation/CoNSeP/SAM-H/Amount/2024-06-28T063259_Amount-11-Seed-2
[37m2024-06-28 06:33:09,528 [INFO] - Cuda devices: [<torch.cuda.device object at 0x7fe36a1a8610>]
[37m2024-06-28 06:33:09,529 [INFO] - Using GPU: cuda:0
[37m2024-06-28 06:33:09,534 [INFO] - Using device: cuda:0
[37m2024-06-28 06:33:09,539 [INFO] - Loss function:
[37m2024-06-28 06:33:09,544 [INFO] - CrossEntropyLoss()
[37m2024-06-28 06:35:10,063 [INFO] - <All keys matched successfully>
[37m2024-06-28 06:35:21,272 [INFO] -
==========================================================================================
Layer (type:depth-idx)                   Output Shape              Param #
==========================================================================================
LinearClassifier                         [1, 4]                    --
├─Linear: 1-1                            [1, 128]                  163,968
├─ReLU: 1-2                              [1, 128]                  --
├─Dropout: 1-3                           [1, 128]                  --
├─Linear: 1-4                            [1, 4]                    516
==========================================================================================
Total params: 164,484
Trainable params: 164,484
Non-trainable params: 0
Total mult-adds (M): 0.16
==========================================================================================
Input size (MB): 0.01
Forward/backward pass size (MB): 0.00
Params size (MB): 0.66
Estimated Total Size (MB): 0.66
==========================================================================================
[37m2024-06-28 06:35:21,277 [INFO] - Loaded AdamW Optimizer with following hyperparameters:
[37m2024-06-28 06:35:21,280 [INFO] - {'betas': [0.85, 0.9], 'lr': 0.0005, 'weight_decay': 0.0005}
[37m2024-06-28 06:35:21,286 [INFO] - Using early stopping with a range of 20 and maximize strategy
[37m2024-06-28 06:35:21,572 [INFO] - Caching datasets
[37m2024-06-28 06:35:30,386 [INFO] - Instantiate Trainer
[37m2024-06-28 06:35:30,457 [INFO] - Calling Trainer Fit
[37m2024-06-28 06:35:30,458 [INFO] - Dataset is cached after first epoch
[37m2024-06-28 06:35:30,464 [INFO] - Starting training, total number of epochs: 50
[37m2024-06-28 06:35:30,469 [INFO] - Epoch: 1/50
[37m2024-06-28 06:35:30,475 [INFO] - Extracting training cells
[37m2024-06-28 06:36:00,105 [INFO] - Extraction detection metrics - F1: 0.803, Precision: 0.857, Recall: 0.773, Detected-Cells: 4883
[37m2024-06-28 06:36:00,109 [INFO] - Caching dataset 84e0de751e63f1bb8e6de4184527c184adb85c9b98abfe3f7e840225caa12ed5 to disk...
[37m2024-06-28 06:36:07,702 [INFO] - Training epoch stats:     Loss: 0.4930 - F1-Score: 0.8114 - Accuracy-Score: 0.8114 - AUROC: 0.9092 - AP: 0.7176
[37m2024-06-28 06:36:09,051 [INFO] - Loaded dataset from cache: /Consep/cache/1f728da27af6daed7b166ce5447f5dec18916e3679cb7b74ddaefb4a67df10d2.h5
[37m2024-06-28 06:36:09,181 [INFO] - Validation epoch stats:   Loss: 0.3998 - F1-Score: 0.8586 - Accuracy-Score: 0.8586 - AUROC: 0.9530 - AP: 0.8361
[37m2024-06-28 06:36:09,182 [INFO] - New best model - save checkpoint
[37m2024-06-28 06:36:09,355 [INFO] - Epoch: 2/50
[37m2024-06-28 06:36:09,603 [INFO] - Training epoch stats:     Loss: 0.2279 - F1-Score: 0.9220 - Accuracy-Score: 0.9220 - AUROC: 0.9816 - AP: 0.9127
[37m2024-06-28 06:36:09,772 [INFO] - Validation epoch stats:   Loss: 0.3546 - F1-Score: 0.8699 - Accuracy-Score: 0.8699 - AUROC: 0.9580 - AP: 0.8463
[37m2024-06-28 06:36:09,773 [INFO] - New best model - save checkpoint
[37m2024-06-28 06:36:09,929 [INFO] - Epoch: 3/50
[37m2024-06-28 06:36:10,160 [INFO] - Training epoch stats:     Loss: 0.1643 - F1-Score: 0.9367 - Accuracy-Score: 0.9367 - AUROC: 0.9909 - AP: 0.9549
[37m2024-06-28 06:36:10,295 [INFO] - Validation epoch stats:   Loss: 0.3422 - F1-Score: 0.8721 - Accuracy-Score: 0.8721 - AUROC: 0.9566 - AP: 0.8449
[37m2024-06-28 06:36:10,360 [INFO] - Epoch: 4/50
[37m2024-06-28 06:36:10,572 [INFO] - Training epoch stats:     Loss: 0.1275 - F1-Score: 0.9506 - Accuracy-Score: 0.9506 - AUROC: 0.9945 - AP: 0.9732
[37m2024-06-28 06:36:10,707 [INFO] - Validation epoch stats:   Loss: 0.3438 - F1-Score: 0.8759 - Accuracy-Score: 0.8759 - AUROC: 0.9577 - AP: 0.8523
[37m2024-06-28 06:36:10,778 [INFO] - Epoch: 5/50
[37m2024-06-28 06:36:10,989 [INFO] - Training epoch stats:     Loss: 0.1047 - F1-Score: 0.9629 - Accuracy-Score: 0.9629 - AUROC: 0.9966 - AP: 0.9818
[37m2024-06-28 06:36:11,193 [INFO] - Validation epoch stats:   Loss: 0.3792 - F1-Score: 0.8627 - Accuracy-Score: 0.8627 - AUROC: 0.9528 - AP: 0.8459
[37m2024-06-28 06:36:11,255 [INFO] - Epoch: 6/50
[37m2024-06-28 06:36:11,972 [INFO] - Training epoch stats:     Loss: 0.0837 - F1-Score: 0.9705 - Accuracy-Score: 0.9705 - AUROC: 0.9981 - AP: 0.9899
[37m2024-06-28 06:36:12,109 [INFO] - Validation epoch stats:   Loss: 0.3857 - F1-Score: 0.8737 - Accuracy-Score: 0.8737 - AUROC: 0.9526 - AP: 0.8498
[37m2024-06-28 06:36:12,172 [INFO] - Epoch: 7/50
[37m2024-06-28 06:36:12,386 [INFO] - Training epoch stats:     Loss: 0.0655 - F1-Score: 0.9760 - Accuracy-Score: 0.9760 - AUROC: 0.9987 - AP: 0.9940
[37m2024-06-28 06:36:12,520 [INFO] - Validation epoch stats:   Loss: 0.3842 - F1-Score: 0.8702 - Accuracy-Score: 0.8702 - AUROC: 0.9515 - AP: 0.8447
[37m2024-06-28 06:36:12,579 [INFO] - Epoch: 8/50
[37m2024-06-28 06:36:12,792 [INFO] - Training epoch stats:     Loss: 0.0569 - F1-Score: 0.9818 - Accuracy-Score: 0.9818 - AUROC: 0.9991 - AP: 0.9959
[37m2024-06-28 06:36:12,923 [INFO] - Validation epoch stats:   Loss: 0.4208 - F1-Score: 0.8665 - Accuracy-Score: 0.8665 - AUROC: 0.9538 - AP: 0.8501
[37m2024-06-28 06:36:12,976 [INFO] - Epoch: 9/50
[37m2024-06-28 06:36:13,190 [INFO] - Training epoch stats:     Loss: 0.0464 - F1-Score: 0.9863 - Accuracy-Score: 0.9863 - AUROC: 0.9995 - AP: 0.9975
[37m2024-06-28 06:36:13,338 [INFO] - Validation epoch stats:   Loss: 0.4178 - F1-Score: 0.8733 - Accuracy-Score: 0.8733 - AUROC: 0.9506 - AP: 0.8488
[37m2024-06-28 06:36:13,401 [INFO] - Epoch: 10/50
[37m2024-06-28 06:36:13,633 [INFO] - Training epoch stats:     Loss: 0.0385 - F1-Score: 0.9896 - Accuracy-Score: 0.9896 - AUROC: 0.9996 - AP: 0.9982
[37m2024-06-28 06:36:13,787 [INFO] - Validation epoch stats:   Loss: 0.4465 - F1-Score: 0.8680 - Accuracy-Score: 0.8680 - AUROC: 0.9484 - AP: 0.8475
[37m2024-06-28 06:36:13,841 [INFO] - Epoch: 11/50
[37m2024-06-28 06:36:14,058 [INFO] - Training epoch stats:     Loss: 0.0288 - F1-Score: 0.9924 - Accuracy-Score: 0.9924 - AUROC: 0.9999 - AP: 0.9994
[37m2024-06-28 06:36:14,208 [INFO] - Validation epoch stats:   Loss: 0.4373 - F1-Score: 0.8728 - Accuracy-Score: 0.8728 - AUROC: 0.9516 - AP: 0.8506
[37m2024-06-28 06:36:14,266 [INFO] - Epoch: 12/50
[37m2024-06-28 06:36:14,647 [INFO] - Training epoch stats:     Loss: 0.0223 - F1-Score: 0.9953 - Accuracy-Score: 0.9953 - AUROC: 0.9999 - AP: 0.9995
[37m2024-06-28 06:36:14,871 [INFO] - Validation epoch stats:   Loss: 0.4555 - F1-Score: 0.8756 - Accuracy-Score: 0.8756 - AUROC: 0.9513 - AP: 0.8492
[37m2024-06-28 06:36:14,912 [INFO] - Epoch: 13/50
[37m2024-06-28 06:36:15,164 [INFO] - Training epoch stats:     Loss: 0.0234 - F1-Score: 0.9959 - Accuracy-Score: 0.9959 - AUROC: 0.9999 - AP: 0.9997
[37m2024-06-28 06:36:15,298 [INFO] - Validation epoch stats:   Loss: 0.4638 - F1-Score: 0.8768 - Accuracy-Score: 0.8768 - AUROC: 0.9513 - AP: 0.8483
[37m2024-06-28 06:36:15,364 [INFO] - Epoch: 14/50
[37m2024-06-28 06:36:15,578 [INFO] - Training epoch stats:     Loss: 0.0227 - F1-Score: 0.9934 - Accuracy-Score: 0.9934 - AUROC: 0.9998 - AP: 0.9992
[37m2024-06-28 06:36:15,716 [INFO] - Validation epoch stats:   Loss: 0.4838 - F1-Score: 0.8709 - Accuracy-Score: 0.8709 - AUROC: 0.9466 - AP: 0.8442
[37m2024-06-28 06:36:15,774 [INFO] - Epoch: 15/50
[37m2024-06-28 06:36:15,983 [INFO] - Training epoch stats:     Loss: 0.0128 - F1-Score: 0.9982 - Accuracy-Score: 0.9982 - AUROC: 1.0000 - AP: 0.9999
[37m2024-06-28 06:36:16,117 [INFO] - Validation epoch stats:   Loss: 0.5334 - F1-Score: 0.8738 - Accuracy-Score: 0.8738 - AUROC: 0.9480 - AP: 0.8413
[37m2024-06-28 06:36:16,176 [INFO] - Epoch: 16/50
[37m2024-06-28 06:36:16,383 [INFO] - Training epoch stats:     Loss: 0.0134 - F1-Score: 0.9977 - Accuracy-Score: 0.9977 - AUROC: 0.9999 - AP: 0.9998
[37m2024-06-28 06:36:16,522 [INFO] - Validation epoch stats:   Loss: 0.5286 - F1-Score: 0.8675 - Accuracy-Score: 0.8675 - AUROC: 0.9475 - AP: 0.8439
[37m2024-06-28 06:36:16,579 [INFO] - Epoch: 17/50
[37m2024-06-28 06:36:16,788 [INFO] - Training epoch stats:     Loss: 0.0123 - F1-Score: 0.9967 - Accuracy-Score: 0.9967 - AUROC: 0.9999 - AP: 0.9997
[37m2024-06-28 06:36:17,010 [INFO] - Validation epoch stats:   Loss: 0.5209 - F1-Score: 0.8757 - Accuracy-Score: 0.8757 - AUROC: 0.9478 - AP: 0.8418
[37m2024-06-28 06:36:17,094 [INFO] - Epoch: 18/50
[37m2024-06-28 06:36:17,400 [INFO] - Training epoch stats:     Loss: 0.0105 - F1-Score: 0.9984 - Accuracy-Score: 0.9984 - AUROC: 1.0000 - AP: 0.9999
[37m2024-06-28 06:36:17,540 [INFO] - Validation epoch stats:   Loss: 0.5648 - F1-Score: 0.8714 - Accuracy-Score: 0.8714 - AUROC: 0.9467 - AP: 0.8399
[37m2024-06-28 06:36:17,590 [INFO] - Epoch: 19/50
[37m2024-06-28 06:36:17,814 [INFO] - Training epoch stats:     Loss: 0.0093 - F1-Score: 0.9988 - Accuracy-Score: 0.9988 - AUROC: 0.9999 - AP: 0.9997
[37m2024-06-28 06:36:17,950 [INFO] - Validation epoch stats:   Loss: 0.5825 - F1-Score: 0.8697 - Accuracy-Score: 0.8697 - AUROC: 0.9449 - AP: 0.8413
[37m2024-06-28 06:36:18,010 [INFO] - Epoch: 20/50
[37m2024-06-28 06:36:18,228 [INFO] - Training epoch stats:     Loss: 0.0086 - F1-Score: 0.9990 - Accuracy-Score: 0.9990 - AUROC: 0.9999 - AP: 0.9998
[37m2024-06-28 06:36:18,364 [INFO] - Validation epoch stats:   Loss: 0.6249 - F1-Score: 0.8711 - Accuracy-Score: 0.8711 - AUROC: 0.9451 - AP: 0.8377
[37m2024-06-28 06:36:18,424 [INFO] - Epoch: 21/50
[37m2024-06-28 06:36:18,638 [INFO] - Training epoch stats:     Loss: 0.0099 - F1-Score: 0.9980 - Accuracy-Score: 0.9980 - AUROC: 0.9999 - AP: 0.9998
[37m2024-06-28 06:36:18,779 [INFO] - Validation epoch stats:   Loss: 0.6081 - F1-Score: 0.8666 - Accuracy-Score: 0.8666 - AUROC: 0.9440 - AP: 0.8423
[37m2024-06-28 06:36:18,837 [INFO] - Epoch: 22/50
[37m2024-06-28 06:36:19,033 [INFO] - Training epoch stats:     Loss: 0.0068 - F1-Score: 0.9980 - Accuracy-Score: 0.9980 - AUROC: 1.0000 - AP: 0.9999
[37m2024-06-28 06:36:19,179 [INFO] - Validation epoch stats:   Loss: 0.6190 - F1-Score: 0.8716 - Accuracy-Score: 0.8716 - AUROC: 0.9477 - AP: 0.8425
[37m2024-06-28 06:36:19,180 [INFO] - Performing early stopping!
[37m2024-06-28 06:36:19,185 [INFO] - Finished run mhlq8vat
