[37m2024-06-28 08:50:20,122 [INFO] - Instantiated Logger. WandB init and config update finished.
[37m2024-06-28 08:50:20,123 [INFO] - Run ist stored here: /cellvit/logs_paper/Head-Evaluation/CoNSeP/SAM-H/Amount-DA/2024-06-28T085010_Amount-9-Seed-3
[37m2024-06-28 08:50:20,191 [INFO] - Cuda devices: [<torch.cuda.device object at 0x7f9112190880>]
[37m2024-06-28 08:50:20,192 [INFO] - Using GPU: cuda:0
[37m2024-06-28 08:50:20,197 [INFO] - Using device: cuda:0
[37m2024-06-28 08:50:20,202 [INFO] - Loss function:
[37m2024-06-28 08:50:20,208 [INFO] - CrossEntropyLoss()
[37m2024-06-28 08:50:37,681 [INFO] - <All keys matched successfully>
[37m2024-06-28 08:50:39,107 [INFO] -
==========================================================================================
Layer (type:depth-idx)                   Output Shape              Param #
==========================================================================================
LinearClassifier                         [1, 4]                    --
├─Linear: 1-1                            [1, 128]                  163,968
├─ReLU: 1-2                              [1, 128]                  --
├─Dropout: 1-3                           [1, 128]                  --
├─Linear: 1-4                            [1, 4]                    516
==========================================================================================
Total params: 164,484
Trainable params: 164,484
Non-trainable params: 0
Total mult-adds (M): 0.16
==========================================================================================
Input size (MB): 0.01
Forward/backward pass size (MB): 0.00
Params size (MB): 0.66
Estimated Total Size (MB): 0.66
==========================================================================================
[37m2024-06-28 08:50:39,110 [INFO] - Loaded AdamW Optimizer with following hyperparameters:
[37m2024-06-28 08:50:39,113 [INFO] - {'betas': [0.85, 0.9], 'lr': 0.0005, 'weight_decay': 0.0005}
[37m2024-06-28 08:50:39,119 [INFO] - Using early stopping with a range of 20 and maximize strategy
[37m2024-06-28 08:50:39,135 [INFO] - Caching datasets
[37m2024-06-28 08:50:40,099 [INFO] - Instantiate Trainer
[37m2024-06-28 08:50:40,103 [INFO] - Calling Trainer Fit
[37m2024-06-28 08:50:40,106 [INFO] - Starting training, total number of epochs: 50
[37m2024-06-28 08:50:40,112 [INFO] - Epoch: 1/50
[37m2024-06-28 08:50:40,121 [INFO] - Extracting training cells
[37m2024-06-28 08:50:50,663 [INFO] - Extraction detection metrics - F1: 0.752, Precision: 0.842, Recall: 0.695, Detected-Cells: 3314
[37m2024-06-28 08:50:50,875 [INFO] - Training epoch stats:     Loss: 0.6018 - F1-Score: 0.7873 - Accuracy-Score: 0.7873 - AUROC: 0.8973 - AP: 0.7101
[37m2024-06-28 08:50:52,137 [INFO] - Loaded dataset from cache: /Consep/cache/1f728da27af6daed7b166ce5447f5dec18916e3679cb7b74ddaefb4a67df10d2.h5
[37m2024-06-28 08:50:52,258 [INFO] - Validation epoch stats:   Loss: 0.5168 - F1-Score: 0.8272 - Accuracy-Score: 0.8272 - AUROC: 0.9440 - AP: 0.8235
[37m2024-06-28 08:50:52,258 [INFO] - New best model - save checkpoint
[37m2024-06-28 08:50:52,419 [INFO] - Epoch: 2/50
[37m2024-06-28 08:50:52,420 [INFO] - Extracting training cells
[37m2024-06-28 08:50:59,534 [INFO] - Extraction detection metrics - F1: 0.741, Precision: 0.861, Recall: 0.677, Detected-Cells: 3327
[37m2024-06-28 08:50:59,658 [INFO] - Training epoch stats:     Loss: 0.4581 - F1-Score: 0.8464 - Accuracy-Score: 0.8464 - AUROC: 0.9426 - AP: 0.8312
[37m2024-06-28 08:50:59,808 [INFO] - Validation epoch stats:   Loss: 0.4647 - F1-Score: 0.8318 - Accuracy-Score: 0.8318 - AUROC: 0.9441 - AP: 0.8287
[37m2024-06-28 08:50:59,810 [INFO] - New best model - save checkpoint
[37m2024-06-28 08:50:59,962 [INFO] - Epoch: 3/50
[37m2024-06-28 08:50:59,963 [INFO] - Extracting training cells
[37m2024-06-28 08:51:06,253 [INFO] - Extraction detection metrics - F1: 0.741, Precision: 0.836, Recall: 0.685, Detected-Cells: 2996
[37m2024-06-28 08:51:06,373 [INFO] - Training epoch stats:     Loss: 0.3201 - F1-Score: 0.8919 - Accuracy-Score: 0.8919 - AUROC: 0.9652 - AP: 0.8680
[37m2024-06-28 08:51:06,513 [INFO] - Validation epoch stats:   Loss: 0.4383 - F1-Score: 0.8321 - Accuracy-Score: 0.8321 - AUROC: 0.9568 - AP: 0.8463
[37m2024-06-28 08:51:06,514 [INFO] - New best model - save checkpoint
[37m2024-06-28 08:51:06,661 [INFO] - Epoch: 4/50
[37m2024-06-28 08:51:06,662 [INFO] - Extracting training cells
[37m2024-06-28 08:51:14,300 [INFO] - Extraction detection metrics - F1: 0.737, Precision: 0.836, Recall: 0.695, Detected-Cells: 3608
[37m2024-06-28 08:51:14,754 [INFO] - Training epoch stats:     Loss: 0.4257 - F1-Score: 0.8562 - Accuracy-Score: 0.8562 - AUROC: 0.9543 - AP: 0.8665
[37m2024-06-28 08:51:14,925 [INFO] - Validation epoch stats:   Loss: 0.4870 - F1-Score: 0.8249 - Accuracy-Score: 0.8249 - AUROC: 0.9445 - AP: 0.8237
[37m2024-06-28 08:51:14,988 [INFO] - Epoch: 5/50
[37m2024-06-28 08:51:14,988 [INFO] - Extracting training cells
[37m2024-06-28 08:51:21,523 [INFO] - Extraction detection metrics - F1: 0.740, Precision: 0.834, Recall: 0.679, Detected-Cells: 3436
[37m2024-06-28 08:51:21,661 [INFO] - Training epoch stats:     Loss: 0.3033 - F1-Score: 0.8874 - Accuracy-Score: 0.8874 - AUROC: 0.9745 - AP: 0.9093
[37m2024-06-28 08:51:21,801 [INFO] - Validation epoch stats:   Loss: 0.3592 - F1-Score: 0.8647 - Accuracy-Score: 0.8647 - AUROC: 0.9588 - AP: 0.8411
[37m2024-06-28 08:51:21,801 [INFO] - New best model - save checkpoint
[37m2024-06-28 08:51:21,981 [INFO] - Epoch: 6/50
[37m2024-06-28 08:51:21,981 [INFO] - Extracting training cells
[37m2024-06-28 08:51:27,965 [INFO] - Extraction detection metrics - F1: 0.768, Precision: 0.855, Recall: 0.716, Detected-Cells: 3698
[37m2024-06-28 08:51:28,115 [INFO] - Training epoch stats:     Loss: 0.2167 - F1-Score: 0.9202 - Accuracy-Score: 0.9202 - AUROC: 0.9837 - AP: 0.9345
[37m2024-06-28 08:51:28,258 [INFO] - Validation epoch stats:   Loss: 0.3782 - F1-Score: 0.8596 - Accuracy-Score: 0.8596 - AUROC: 0.9594 - AP: 0.8520
[37m2024-06-28 08:51:28,259 [INFO] - New best model - save checkpoint
[37m2024-06-28 08:51:28,409 [INFO] - Epoch: 7/50
[37m2024-06-28 08:51:28,409 [INFO] - Extracting training cells
[37m2024-06-28 08:51:35,224 [INFO] - Extraction detection metrics - F1: 0.752, Precision: 0.823, Recall: 0.704, Detected-Cells: 3143
[37m2024-06-28 08:51:35,331 [INFO] - Training epoch stats:     Loss: 0.2207 - F1-Score: 0.9297 - Accuracy-Score: 0.9297 - AUROC: 0.9800 - AP: 0.9235
[37m2024-06-28 08:51:35,452 [INFO] - Validation epoch stats:   Loss: 0.3796 - F1-Score: 0.8579 - Accuracy-Score: 0.8579 - AUROC: 0.9520 - AP: 0.7368
[37m2024-06-28 08:51:35,517 [INFO] - Epoch: 8/50
[37m2024-06-28 08:51:35,518 [INFO] - Extracting training cells
[37m2024-06-28 08:51:41,756 [INFO] - Extraction detection metrics - F1: 0.748, Precision: 0.851, Recall: 0.694, Detected-Cells: 3572
[37m2024-06-28 08:51:41,897 [INFO] - Training epoch stats:     Loss: 0.4405 - F1-Score: 0.8575 - Accuracy-Score: 0.8575 - AUROC: 0.9495 - AP: 0.8601
[37m2024-06-28 08:51:42,040 [INFO] - Validation epoch stats:   Loss: 0.4096 - F1-Score: 0.8404 - Accuracy-Score: 0.8404 - AUROC: 0.9606 - AP: 0.8513
[37m2024-06-28 08:51:42,040 [INFO] - New best model - save checkpoint
[37m2024-06-28 08:51:42,188 [INFO] - Epoch: 9/50
[37m2024-06-28 08:51:42,189 [INFO] - Extracting training cells
[37m2024-06-28 08:51:48,913 [INFO] - Extraction detection metrics - F1: 0.730, Precision: 0.835, Recall: 0.671, Detected-Cells: 3137
[37m2024-06-28 08:51:49,044 [INFO] - Training epoch stats:     Loss: 0.2782 - F1-Score: 0.8948 - Accuracy-Score: 0.8948 - AUROC: 0.9782 - AP: 0.9249
[37m2024-06-28 08:51:49,186 [INFO] - Validation epoch stats:   Loss: 0.3716 - F1-Score: 0.8555 - Accuracy-Score: 0.8555 - AUROC: 0.9642 - AP: 0.8583
[37m2024-06-28 08:51:49,187 [INFO] - New best model - save checkpoint
[37m2024-06-28 08:51:49,329 [INFO] - Epoch: 10/50
[37m2024-06-28 08:51:49,329 [INFO] - Extracting training cells
[37m2024-06-28 08:51:55,434 [INFO] - Extraction detection metrics - F1: 0.742, Precision: 0.806, Recall: 0.700, Detected-Cells: 3312
[37m2024-06-28 08:51:55,561 [INFO] - Training epoch stats:     Loss: 0.4829 - F1-Score: 0.8472 - Accuracy-Score: 0.8472 - AUROC: 0.9450 - AP: 0.8461
[37m2024-06-28 08:51:55,679 [INFO] - Validation epoch stats:   Loss: 0.4032 - F1-Score: 0.8508 - Accuracy-Score: 0.8508 - AUROC: 0.9597 - AP: 0.8433
[37m2024-06-28 08:51:55,740 [INFO] - Epoch: 11/50
[37m2024-06-28 08:51:55,741 [INFO] - Extracting training cells
[37m2024-06-28 08:52:01,918 [INFO] - Extraction detection metrics - F1: 0.762, Precision: 0.865, Recall: 0.701, Detected-Cells: 3651
[37m2024-06-28 08:52:02,065 [INFO] - Training epoch stats:     Loss: 0.2464 - F1-Score: 0.9170 - Accuracy-Score: 0.9170 - AUROC: 0.9811 - AP: 0.9325
[37m2024-06-28 08:52:02,208 [INFO] - Validation epoch stats:   Loss: 0.3789 - F1-Score: 0.8553 - Accuracy-Score: 0.8553 - AUROC: 0.9651 - AP: 0.8558
[37m2024-06-28 08:52:02,209 [INFO] - New best model - save checkpoint
[37m2024-06-28 08:52:02,374 [INFO] - Epoch: 12/50
[37m2024-06-28 08:52:02,374 [INFO] - Extracting training cells
[37m2024-06-28 08:52:09,928 [INFO] - Extraction detection metrics - F1: 0.737, Precision: 0.847, Recall: 0.673, Detected-Cells: 3514
[37m2024-06-28 08:52:10,079 [INFO] - Training epoch stats:     Loss: 0.1932 - F1-Score: 0.9271 - Accuracy-Score: 0.9271 - AUROC: 0.9888 - AP: 0.9530
[37m2024-06-28 08:52:10,227 [INFO] - Validation epoch stats:   Loss: 0.3719 - F1-Score: 0.8637 - Accuracy-Score: 0.8637 - AUROC: 0.9595 - AP: 0.8511
[37m2024-06-28 08:52:10,286 [INFO] - Epoch: 13/50
[37m2024-06-28 08:52:10,287 [INFO] - Extracting training cells
[37m2024-06-28 08:52:17,588 [INFO] - Extraction detection metrics - F1: 0.723, Precision: 0.807, Recall: 0.667, Detected-Cells: 2998
[37m2024-06-28 08:52:17,707 [INFO] - Training epoch stats:     Loss: 0.2089 - F1-Score: 0.9199 - Accuracy-Score: 0.9199 - AUROC: 0.9889 - AP: 0.9587
[37m2024-06-28 08:52:17,851 [INFO] - Validation epoch stats:   Loss: 0.4379 - F1-Score: 0.8381 - Accuracy-Score: 0.8381 - AUROC: 0.9608 - AP: 0.8513
[37m2024-06-28 08:52:17,919 [INFO] - Epoch: 14/50
[37m2024-06-28 08:52:17,919 [INFO] - Extracting training cells
[37m2024-06-28 08:52:24,144 [INFO] - Extraction detection metrics - F1: 0.786, Precision: 0.853, Recall: 0.747, Detected-Cells: 3506
[37m2024-06-28 08:52:24,257 [INFO] - Training epoch stats:     Loss: 0.3539 - F1-Score: 0.8793 - Accuracy-Score: 0.8793 - AUROC: 0.9664 - AP: 0.9101
[37m2024-06-28 08:52:24,383 [INFO] - Validation epoch stats:   Loss: 0.3830 - F1-Score: 0.8611 - Accuracy-Score: 0.8611 - AUROC: 0.9583 - AP: 0.8378
[37m2024-06-28 08:52:24,443 [INFO] - Epoch: 15/50
[37m2024-06-28 08:52:24,444 [INFO] - Extracting training cells
[37m2024-06-28 08:52:30,817 [INFO] - Extraction detection metrics - F1: 0.763, Precision: 0.854, Recall: 0.706, Detected-Cells: 3641
[37m2024-06-28 08:52:30,968 [INFO] - Training epoch stats:     Loss: 0.1821 - F1-Score: 0.9333 - Accuracy-Score: 0.9333 - AUROC: 0.9906 - AP: 0.9554
[37m2024-06-28 08:52:31,110 [INFO] - Validation epoch stats:   Loss: 0.4175 - F1-Score: 0.8536 - Accuracy-Score: 0.8536 - AUROC: 0.9615 - AP: 0.8545
[37m2024-06-28 08:52:31,165 [INFO] - Epoch: 16/50
[37m2024-06-28 08:52:31,166 [INFO] - Extracting training cells
[37m2024-06-28 08:52:37,126 [INFO] - Extraction detection metrics - F1: 0.746, Precision: 0.846, Recall: 0.697, Detected-Cells: 3530
[37m2024-06-28 08:52:37,281 [INFO] - Training epoch stats:     Loss: 0.2948 - F1-Score: 0.8870 - Accuracy-Score: 0.8870 - AUROC: 0.9777 - AP: 0.9432
[37m2024-06-28 08:52:37,402 [INFO] - Validation epoch stats:   Loss: 0.3652 - F1-Score: 0.8683 - Accuracy-Score: 0.8683 - AUROC: 0.9614 - AP: 0.8516
[37m2024-06-28 08:52:37,454 [INFO] - Epoch: 17/50
[37m2024-06-28 08:52:37,454 [INFO] - Extracting training cells
[37m2024-06-28 08:52:44,119 [INFO] - Extraction detection metrics - F1: 0.743, Precision: 0.862, Recall: 0.668, Detected-Cells: 3127
[37m2024-06-28 08:52:44,232 [INFO] - Training epoch stats:     Loss: 0.4829 - F1-Score: 0.8321 - Accuracy-Score: 0.8321 - AUROC: 0.9390 - AP: 0.8302
[37m2024-06-28 08:52:44,349 [INFO] - Validation epoch stats:   Loss: 0.4241 - F1-Score: 0.8481 - Accuracy-Score: 0.8481 - AUROC: 0.9432 - AP: 0.7231
[37m2024-06-28 08:52:44,407 [INFO] - Epoch: 18/50
[37m2024-06-28 08:52:44,408 [INFO] - Extracting training cells
[37m2024-06-28 08:52:50,718 [INFO] - Extraction detection metrics - F1: 0.757, Precision: 0.838, Recall: 0.714, Detected-Cells: 3406
[37m2024-06-28 08:52:50,858 [INFO] - Training epoch stats:     Loss: 0.2156 - F1-Score: 0.9278 - Accuracy-Score: 0.9278 - AUROC: 0.9829 - AP: 0.9275
[37m2024-06-28 08:52:51,009 [INFO] - Validation epoch stats:   Loss: 0.3933 - F1-Score: 0.8599 - Accuracy-Score: 0.8599 - AUROC: 0.9466 - AP: 0.7266
[37m2024-06-28 08:52:51,066 [INFO] - Epoch: 19/50
[37m2024-06-28 08:52:51,067 [INFO] - Extracting training cells
[37m2024-06-28 08:52:57,930 [INFO] - Extraction detection metrics - F1: 0.747, Precision: 0.853, Recall: 0.688, Detected-Cells: 3619
[37m2024-06-28 08:52:58,092 [INFO] - Training epoch stats:     Loss: 0.1856 - F1-Score: 0.9265 - Accuracy-Score: 0.9265 - AUROC: 0.9890 - AP: 0.9521
[37m2024-06-28 08:52:58,238 [INFO] - Validation epoch stats:   Loss: 0.4229 - F1-Score: 0.8505 - Accuracy-Score: 0.8505 - AUROC: 0.9648 - AP: 0.8610
[37m2024-06-28 08:52:58,301 [INFO] - Epoch: 20/50
[37m2024-06-28 08:52:58,302 [INFO] - Extracting training cells
[37m2024-06-28 08:53:04,952 [INFO] - Extraction detection metrics - F1: 0.773, Precision: 0.845, Recall: 0.731, Detected-Cells: 3747
[37m2024-06-28 08:53:05,092 [INFO] - Training epoch stats:     Loss: 0.1754 - F1-Score: 0.9319 - Accuracy-Score: 0.9319 - AUROC: 0.9913 - AP: 0.9604
[37m2024-06-28 08:53:05,234 [INFO] - Validation epoch stats:   Loss: 0.3660 - F1-Score: 0.8649 - Accuracy-Score: 0.8649 - AUROC: 0.9621 - AP: 0.8523
[37m2024-06-28 08:53:05,300 [INFO] - Epoch: 21/50
[37m2024-06-28 08:53:05,301 [INFO] - Extracting training cells
[37m2024-06-28 08:53:11,871 [INFO] - Extraction detection metrics - F1: 0.703, Precision: 0.805, Recall: 0.654, Detected-Cells: 3249
[37m2024-06-28 08:53:12,008 [INFO] - Training epoch stats:     Loss: 0.6016 - F1-Score: 0.8058 - Accuracy-Score: 0.8058 - AUROC: 0.9170 - AP: 0.8178
[37m2024-06-28 08:53:12,154 [INFO] - Validation epoch stats:   Loss: 0.5354 - F1-Score: 0.7750 - Accuracy-Score: 0.7750 - AUROC: 0.9470 - AP: 0.8179
[37m2024-06-28 08:53:12,213 [INFO] - Epoch: 22/50
[37m2024-06-28 08:53:12,214 [INFO] - Extracting training cells
[37m2024-06-28 08:53:19,187 [INFO] - Extraction detection metrics - F1: 0.745, Precision: 0.818, Recall: 0.703, Detected-Cells: 3420
[37m2024-06-28 08:53:19,326 [INFO] - Training epoch stats:     Loss: 0.4244 - F1-Score: 0.8447 - Accuracy-Score: 0.8447 - AUROC: 0.9571 - AP: 0.8545
[37m2024-06-28 08:53:19,474 [INFO] - Validation epoch stats:   Loss: 0.3923 - F1-Score: 0.8562 - Accuracy-Score: 0.8562 - AUROC: 0.9562 - AP: 0.8310
[37m2024-06-28 08:53:19,528 [INFO] - Epoch: 23/50
[37m2024-06-28 08:53:19,529 [INFO] - Extracting training cells
[37m2024-06-28 08:53:26,021 [INFO] - Extraction detection metrics - F1: 0.781, Precision: 0.859, Recall: 0.733, Detected-Cells: 3727
[37m2024-06-28 08:53:26,172 [INFO] - Training epoch stats:     Loss: 0.1815 - F1-Score: 0.9369 - Accuracy-Score: 0.9369 - AUROC: 0.9910 - AP: 0.9648
[37m2024-06-28 08:53:26,317 [INFO] - Validation epoch stats:   Loss: 0.3950 - F1-Score: 0.8658 - Accuracy-Score: 0.8658 - AUROC: 0.9623 - AP: 0.8447
[37m2024-06-28 08:53:26,388 [INFO] - Epoch: 24/50
[37m2024-06-28 08:53:26,389 [INFO] - Extracting training cells
[37m2024-06-28 08:53:33,650 [INFO] - Extraction detection metrics - F1: 0.742, Precision: 0.841, Recall: 0.686, Detected-Cells: 3568
[37m2024-06-28 08:53:33,790 [INFO] - Training epoch stats:     Loss: 0.1661 - F1-Score: 0.9378 - Accuracy-Score: 0.9378 - AUROC: 0.9902 - AP: 0.9660
[37m2024-06-28 08:53:33,932 [INFO] - Validation epoch stats:   Loss: 0.4070 - F1-Score: 0.8515 - Accuracy-Score: 0.8515 - AUROC: 0.9592 - AP: 0.8459
[37m2024-06-28 08:53:33,998 [INFO] - Epoch: 25/50
[37m2024-06-28 08:53:33,999 [INFO] - Extracting training cells
[37m2024-06-28 08:53:41,139 [INFO] - Extraction detection metrics - F1: 0.729, Precision: 0.836, Recall: 0.668, Detected-Cells: 3178
[37m2024-06-28 08:53:41,265 [INFO] - Training epoch stats:     Loss: 0.3515 - F1-Score: 0.8719 - Accuracy-Score: 0.8719 - AUROC: 0.9729 - AP: 0.8967
[37m2024-06-28 08:53:41,409 [INFO] - Validation epoch stats:   Loss: 0.3841 - F1-Score: 0.8608 - Accuracy-Score: 0.8608 - AUROC: 0.9605 - AP: 0.8458
[37m2024-06-28 08:53:41,459 [INFO] - Epoch: 26/50
[37m2024-06-28 08:53:41,460 [INFO] - Extracting training cells
[37m2024-06-28 08:53:48,160 [INFO] - Extraction detection metrics - F1: 0.777, Precision: 0.860, Recall: 0.724, Detected-Cells: 3667
[37m2024-06-28 08:53:48,295 [INFO] - Training epoch stats:     Loss: 0.1659 - F1-Score: 0.9422 - Accuracy-Score: 0.9422 - AUROC: 0.9917 - AP: 0.9671
[37m2024-06-28 08:53:48,439 [INFO] - Validation epoch stats:   Loss: 0.3789 - F1-Score: 0.8639 - Accuracy-Score: 0.8639 - AUROC: 0.9610 - AP: 0.8460
[37m2024-06-28 08:53:48,507 [INFO] - Epoch: 27/50
[37m2024-06-28 08:53:48,508 [INFO] - Extracting training cells
[37m2024-06-28 08:53:55,281 [INFO] - Extraction detection metrics - F1: 0.769, Precision: 0.845, Recall: 0.722, Detected-Cells: 3669
[37m2024-06-28 08:53:55,429 [INFO] - Training epoch stats:     Loss: 0.1557 - F1-Score: 0.9496 - Accuracy-Score: 0.9496 - AUROC: 0.9925 - AP: 0.9685
[37m2024-06-28 08:53:55,545 [INFO] - Validation epoch stats:   Loss: 0.3924 - F1-Score: 0.8556 - Accuracy-Score: 0.8556 - AUROC: 0.9611 - AP: 0.8469
[37m2024-06-28 08:53:55,598 [INFO] - Epoch: 28/50
[37m2024-06-28 08:53:55,599 [INFO] - Extracting training cells
[37m2024-06-28 08:54:02,535 [INFO] - Extraction detection metrics - F1: 0.766, Precision: 0.853, Recall: 0.715, Detected-Cells: 3715
[37m2024-06-28 08:54:02,684 [INFO] - Training epoch stats:     Loss: 0.1791 - F1-Score: 0.9432 - Accuracy-Score: 0.9432 - AUROC: 0.9892 - AP: 0.9522
[37m2024-06-28 08:54:02,838 [INFO] - Validation epoch stats:   Loss: 0.3805 - F1-Score: 0.8630 - Accuracy-Score: 0.8630 - AUROC: 0.9615 - AP: 0.8465
[37m2024-06-28 08:54:02,894 [INFO] - Epoch: 29/50
[37m2024-06-28 08:54:02,894 [INFO] - Extracting training cells
[37m2024-06-28 08:54:09,572 [INFO] - Extraction detection metrics - F1: 0.764, Precision: 0.848, Recall: 0.712, Detected-Cells: 3645
[37m2024-06-28 08:54:09,683 [INFO] - Training epoch stats:     Loss: 0.1730 - F1-Score: 0.9353 - Accuracy-Score: 0.9353 - AUROC: 0.9916 - AP: 0.9707
[37m2024-06-28 08:54:09,804 [INFO] - Validation epoch stats:   Loss: 0.3721 - F1-Score: 0.8673 - Accuracy-Score: 0.8673 - AUROC: 0.9621 - AP: 0.8473
[37m2024-06-28 08:54:09,860 [INFO] - Epoch: 30/50
[37m2024-06-28 08:54:09,861 [INFO] - Extracting training cells
[37m2024-06-28 08:54:16,282 [INFO] - Extraction detection metrics - F1: 0.734, Precision: 0.819, Recall: 0.682, Detected-Cells: 3019
[37m2024-06-28 08:54:16,409 [INFO] - Training epoch stats:     Loss: 0.2217 - F1-Score: 0.9082 - Accuracy-Score: 0.9082 - AUROC: 0.9860 - AP: 0.9341
[37m2024-06-28 08:54:16,795 [INFO] - Validation epoch stats:   Loss: 0.3684 - F1-Score: 0.8675 - Accuracy-Score: 0.8675 - AUROC: 0.9622 - AP: 0.8477
[37m2024-06-28 08:54:16,859 [INFO] - Epoch: 31/50
[37m2024-06-28 08:54:16,860 [INFO] - Extracting training cells
[37m2024-06-28 08:54:24,118 [INFO] - Extraction detection metrics - F1: 0.739, Precision: 0.829, Recall: 0.698, Detected-Cells: 3695
[37m2024-06-28 08:54:24,261 [INFO] - Training epoch stats:     Loss: 0.1329 - F1-Score: 0.9526 - Accuracy-Score: 0.9526 - AUROC: 0.9950 - AP: 0.9801
[37m2024-06-28 08:54:24,407 [INFO] - Validation epoch stats:   Loss: 0.3793 - F1-Score: 0.8617 - Accuracy-Score: 0.8617 - AUROC: 0.9625 - AP: 0.8483
[37m2024-06-28 08:54:24,408 [INFO] - Performing early stopping!
[37m2024-06-28 08:54:24,413 [INFO] - Finished run 9iva8ivo
