[37m2024-06-24 16:21:58,575 [INFO] - Instantiated Logger. WandB init and config update finished.
[37m2024-06-24 16:21:58,577 [INFO] - Run ist stored here: /cellvit/logs_paper/Head-Evaluation/ocelot/ViT256/Amount/Aug/50/2024-06-24T162149_CellViT-ViT256-50Percent
[37m2024-06-24 16:21:58,642 [INFO] - Cuda devices: [<torch.cuda.device object at 0x7fe45f95c6d0>]
[37m2024-06-24 16:21:58,643 [INFO] - Using GPU: cuda:0
[37m2024-06-24 16:21:58,647 [INFO] - Using device: cuda:0
[37m2024-06-24 16:21:58,652 [INFO] - Loss function:
[37m2024-06-24 16:21:58,657 [INFO] - CrossEntropyLoss()
[37m2024-06-24 16:22:01,765 [INFO] - <All keys matched successfully>
[37m2024-06-24 16:22:02,055 [INFO] -
==========================================================================================
Layer (type:depth-idx)                   Output Shape              Param #
==========================================================================================
LinearClassifier                         [1, 2]                    --
├─Linear: 1-1                            [1, 256]                  98,560
├─ReLU: 1-2                              [1, 256]                  --
├─Dropout: 1-3                           [1, 256]                  --
├─Linear: 1-4                            [1, 2]                    514
==========================================================================================
Total params: 99,074
Trainable params: 99,074
Non-trainable params: 0
Total mult-adds (M): 0.10
==========================================================================================
Input size (MB): 0.00
Forward/backward pass size (MB): 0.00
Params size (MB): 0.40
Estimated Total Size (MB): 0.40
==========================================================================================
[37m2024-06-24 16:22:02,056 [INFO] - Loaded AdamW Optimizer with following hyperparameters:
[37m2024-06-24 16:22:02,061 [INFO] - {'betas': [0.85, 0.9], 'lr': 4.4403255414468894e-05, 'weight_decay': 8.22969479387945e-05}
[37m2024-06-24 16:22:02,066 [INFO] - Using early stopping with a range of 10 and maximize strategy
[37m2024-06-24 16:22:02,084 [INFO] - Caching datasets
[37m2024-06-24 16:22:06,194 [INFO] - Instantiate Trainer
[37m2024-06-24 16:22:06,197 [INFO] - Calling Trainer Fit
[37m2024-06-24 16:22:06,200 [INFO] - Starting training, total number of epochs: 50
[37m2024-06-24 16:22:06,205 [INFO] - Epoch: 1/50
[37m2024-06-24 16:22:06,210 [INFO] - Extracting training cells
[37m2024-06-24 16:23:49,899 [INFO] - Extraction detection metrics - F1: 0.706, Precision: 0.687, Recall: 0.785, Detected-Cells: 24439
[37m2024-06-24 16:23:50,866 [INFO] - Training epoch stats:     Loss: 0.6222 - F1-Score: 0.7939 - Accuracy-Score: 0.6733 - AUROC: 0.7351 - AP: 0.8426
[37m2024-06-24 16:23:52,226 [INFO] - Loaded dataset from cache: /OCELOT-Orig/cache/84a96648cf0731d52e69bfe32a74428f944857015825e7a06ae5f471f93f4855.h5
[37m2024-06-24 16:23:52,844 [INFO] - Validation epoch stats:   Loss: 0.5729 - F1-Score: 0.8131 - Accuracy-Score: 0.7085 - AUROC: 0.8834 - AP: 0.9274
[37m2024-06-24 16:23:52,845 [INFO] - New best model - save checkpoint
[37m2024-06-24 16:23:52,990 [INFO] - Epoch: 2/50
[37m2024-06-24 16:23:52,992 [INFO] - Extracting training cells
[37m2024-06-24 16:25:18,269 [INFO] - Extraction detection metrics - F1: 0.699, Precision: 0.687, Recall: 0.774, Detected-Cells: 24881
[37m2024-06-24 16:25:19,744 [INFO] - Training epoch stats:     Loss: 0.5064 - F1-Score: 0.8493 - Accuracy-Score: 0.7708 - AUROC: 0.8873 - AP: 0.9280
[37m2024-06-24 16:25:20,476 [INFO] - Validation epoch stats:   Loss: 0.4802 - F1-Score: 0.8499 - Accuracy-Score: 0.7871 - AUROC: 0.8932 - AP: 0.9363
[37m2024-06-24 16:25:20,477 [INFO] - New best model - save checkpoint
[37m2024-06-24 16:25:20,636 [INFO] - Epoch: 3/50
[37m2024-06-24 16:25:20,636 [INFO] - Extracting training cells
[37m2024-06-24 16:26:51,671 [INFO] - Extraction detection metrics - F1: 0.702, Precision: 0.684, Recall: 0.783, Detected-Cells: 24334
[37m2024-06-24 16:26:53,502 [INFO] - Training epoch stats:     Loss: 0.4335 - F1-Score: 0.8729 - Accuracy-Score: 0.8219 - AUROC: 0.8981 - AP: 0.9350
[37m2024-06-24 16:26:54,193 [INFO] - Validation epoch stats:   Loss: 0.4245 - F1-Score: 0.8606 - Accuracy-Score: 0.8139 - AUROC: 0.8965 - AP: 0.9395
[37m2024-06-24 16:26:54,194 [INFO] - New best model - save checkpoint
[37m2024-06-24 16:26:54,339 [INFO] - Epoch: 4/50
[37m2024-06-24 16:26:54,339 [INFO] - Extracting training cells
[37m2024-06-24 16:28:22,292 [INFO] - Extraction detection metrics - F1: 0.703, Precision: 0.688, Recall: 0.780, Detected-Cells: 24976
[37m2024-06-24 16:28:23,020 [INFO] - Training epoch stats:     Loss: 0.3846 - F1-Score: 0.8847 - Accuracy-Score: 0.8394 - AUROC: 0.9044 - AP: 0.9419
[37m2024-06-24 16:28:23,365 [INFO] - Validation epoch stats:   Loss: 0.3957 - F1-Score: 0.8657 - Accuracy-Score: 0.8244 - AUROC: 0.9023 - AP: 0.9427
[37m2024-06-24 16:28:23,366 [INFO] - New best model - save checkpoint
[37m2024-06-24 16:28:23,499 [INFO] - Epoch: 5/50
[37m2024-06-24 16:28:23,499 [INFO] - Extracting training cells
[37m2024-06-24 16:29:45,928 [INFO] - Extraction detection metrics - F1: 0.698, Precision: 0.672, Recall: 0.786, Detected-Cells: 23933
[37m2024-06-24 16:29:46,639 [INFO] - Training epoch stats:     Loss: 0.3594 - F1-Score: 0.8897 - Accuracy-Score: 0.8493 - AUROC: 0.9120 - AP: 0.9450
[37m2024-06-24 16:29:46,967 [INFO] - Validation epoch stats:   Loss: 0.3789 - F1-Score: 0.8699 - Accuracy-Score: 0.8307 - AUROC: 0.9071 - AP: 0.9457
[37m2024-06-24 16:29:46,968 [INFO] - New best model - save checkpoint
[37m2024-06-24 16:29:47,091 [INFO] - Epoch: 6/50
[37m2024-06-24 16:29:47,091 [INFO] - Extracting training cells
[37m2024-06-24 16:31:17,227 [INFO] - Extraction detection metrics - F1: 0.706, Precision: 0.689, Recall: 0.787, Detected-Cells: 24883
[37m2024-06-24 16:31:18,072 [INFO] - Training epoch stats:     Loss: 0.3502 - F1-Score: 0.8911 - Accuracy-Score: 0.8515 - AUROC: 0.9150 - AP: 0.9479
[37m2024-06-24 16:31:18,480 [INFO] - Validation epoch stats:   Loss: 0.3802 - F1-Score: 0.8677 - Accuracy-Score: 0.8293 - AUROC: 0.9041 - AP: 0.9450
[37m2024-06-24 16:31:18,523 [INFO] - Epoch: 7/50
[37m2024-06-24 16:31:18,524 [INFO] - Extracting training cells
[37m2024-06-24 16:32:42,595 [INFO] - Extraction detection metrics - F1: 0.698, Precision: 0.685, Recall: 0.775, Detected-Cells: 24173
[37m2024-06-24 16:32:43,519 [INFO] - Training epoch stats:     Loss: 0.3362 - F1-Score: 0.8949 - Accuracy-Score: 0.8574 - AUROC: 0.9195 - AP: 0.9499
[37m2024-06-24 16:32:43,842 [INFO] - Validation epoch stats:   Loss: 0.3747 - F1-Score: 0.8699 - Accuracy-Score: 0.8324 - AUROC: 0.9064 - AP: 0.9463
[37m2024-06-24 16:32:43,885 [INFO] - Epoch: 8/50
[37m2024-06-24 16:32:43,886 [INFO] - Extracting training cells
[37m2024-06-24 16:34:11,341 [INFO] - Extraction detection metrics - F1: 0.699, Precision: 0.685, Recall: 0.772, Detected-Cells: 24528
[37m2024-06-24 16:34:12,169 [INFO] - Training epoch stats:     Loss: 0.3347 - F1-Score: 0.8961 - Accuracy-Score: 0.8580 - AUROC: 0.9195 - AP: 0.9509
[37m2024-06-24 16:34:12,569 [INFO] - Validation epoch stats:   Loss: 0.3731 - F1-Score: 0.8708 - Accuracy-Score: 0.8341 - AUROC: 0.9073 - AP: 0.9465
[37m2024-06-24 16:34:12,570 [INFO] - New best model - save checkpoint
[37m2024-06-24 16:34:12,736 [INFO] - Epoch: 9/50
[37m2024-06-24 16:34:12,737 [INFO] - Extracting training cells
[37m2024-06-24 16:35:41,900 [INFO] - Extraction detection metrics - F1: 0.698, Precision: 0.680, Recall: 0.777, Detected-Cells: 24906
[37m2024-06-24 16:35:42,743 [INFO] - Training epoch stats:     Loss: 0.3361 - F1-Score: 0.8917 - Accuracy-Score: 0.8546 - AUROC: 0.9215 - AP: 0.9516
[37m2024-06-24 16:35:43,144 [INFO] - Validation epoch stats:   Loss: 0.3809 - F1-Score: 0.8680 - Accuracy-Score: 0.8313 - AUROC: 0.9035 - AP: 0.9441
[37m2024-06-24 16:35:43,190 [INFO] - Epoch: 10/50
[37m2024-06-24 16:35:43,190 [INFO] - Extracting training cells
[37m2024-06-24 16:37:08,931 [INFO] - Extraction detection metrics - F1: 0.698, Precision: 0.679, Recall: 0.780, Detected-Cells: 24287
[37m2024-06-24 16:37:09,693 [INFO] - Training epoch stats:     Loss: 0.3252 - F1-Score: 0.8984 - Accuracy-Score: 0.8636 - AUROC: 0.9247 - AP: 0.9526
[37m2024-06-24 16:37:10,088 [INFO] - Validation epoch stats:   Loss: 0.3765 - F1-Score: 0.8688 - Accuracy-Score: 0.8324 - AUROC: 0.9052 - AP: 0.9448
[37m2024-06-24 16:37:10,121 [INFO] - Epoch: 11/50
[37m2024-06-24 16:37:10,121 [INFO] - Extracting training cells
[37m2024-06-24 16:38:34,674 [INFO] - Extraction detection metrics - F1: 0.704, Precision: 0.685, Recall: 0.784, Detected-Cells: 24955
[37m2024-06-24 16:38:35,505 [INFO] - Training epoch stats:     Loss: 0.3230 - F1-Score: 0.8983 - Accuracy-Score: 0.8633 - AUROC: 0.9269 - AP: 0.9555
[37m2024-06-24 16:38:35,900 [INFO] - Validation epoch stats:   Loss: 0.3760 - F1-Score: 0.8690 - Accuracy-Score: 0.8331 - AUROC: 0.9058 - AP: 0.9451
[37m2024-06-24 16:38:35,941 [INFO] - Epoch: 12/50
[37m2024-06-24 16:38:35,941 [INFO] - Extracting training cells
[37m2024-06-24 16:40:08,374 [INFO] - Extraction detection metrics - F1: 0.702, Precision: 0.684, Recall: 0.780, Detected-Cells: 24915
[37m2024-06-24 16:40:09,481 [INFO] - Training epoch stats:     Loss: 0.3209 - F1-Score: 0.9000 - Accuracy-Score: 0.8659 - AUROC: 0.9267 - AP: 0.9532
[37m2024-06-24 16:40:09,936 [INFO] - Validation epoch stats:   Loss: 0.3771 - F1-Score: 0.8678 - Accuracy-Score: 0.8325 - AUROC: 0.9062 - AP: 0.9452
[37m2024-06-24 16:40:09,971 [INFO] - Epoch: 13/50
[37m2024-06-24 16:40:09,972 [INFO] - Extracting training cells
[37m2024-06-24 16:41:35,697 [INFO] - Extraction detection metrics - F1: 0.698, Precision: 0.680, Recall: 0.776, Detected-Cells: 24571
[37m2024-06-24 16:41:36,431 [INFO] - Training epoch stats:     Loss: 0.3111 - F1-Score: 0.9015 - Accuracy-Score: 0.8692 - AUROC: 0.9328 - AP: 0.9578
[37m2024-06-24 16:41:36,834 [INFO] - Validation epoch stats:   Loss: 0.3844 - F1-Score: 0.8641 - Accuracy-Score: 0.8296 - AUROC: 0.9043 - AP: 0.9442
[37m2024-06-24 16:41:36,887 [INFO] - Epoch: 14/50
[37m2024-06-24 16:41:36,888 [INFO] - Extracting training cells
[37m2024-06-24 16:42:56,095 [INFO] - Extraction detection metrics - F1: 0.701, Precision: 0.681, Recall: 0.786, Detected-Cells: 24349
[37m2024-06-24 16:42:56,817 [INFO] - Training epoch stats:     Loss: 0.3128 - F1-Score: 0.9032 - Accuracy-Score: 0.8708 - AUROC: 0.9315 - AP: 0.9548
[37m2024-06-24 16:42:57,151 [INFO] - Validation epoch stats:   Loss: 0.3870 - F1-Score: 0.8620 - Accuracy-Score: 0.8264 - AUROC: 0.9018 - AP: 0.9429
[37m2024-06-24 16:42:57,183 [INFO] - Epoch: 15/50
[37m2024-06-24 16:42:57,184 [INFO] - Extracting training cells
[37m2024-06-24 16:44:17,812 [INFO] - Extraction detection metrics - F1: 0.688, Precision: 0.668, Recall: 0.774, Detected-Cells: 24021
[37m2024-06-24 16:44:18,593 [INFO] - Training epoch stats:     Loss: 0.3166 - F1-Score: 0.8986 - Accuracy-Score: 0.8660 - AUROC: 0.9297 - AP: 0.9544
[37m2024-06-24 16:44:18,994 [INFO] - Validation epoch stats:   Loss: 0.3830 - F1-Score: 0.8651 - Accuracy-Score: 0.8295 - AUROC: 0.9032 - AP: 0.9434
[37m2024-06-24 16:44:19,044 [INFO] - Epoch: 16/50
[37m2024-06-24 16:44:19,045 [INFO] - Extracting training cells
[37m2024-06-24 16:45:42,162 [INFO] - Extraction detection metrics - F1: 0.702, Precision: 0.683, Recall: 0.784, Detected-Cells: 24169
[37m2024-06-24 16:45:43,087 [INFO] - Training epoch stats:     Loss: 0.3206 - F1-Score: 0.8940 - Accuracy-Score: 0.8592 - AUROC: 0.9282 - AP: 0.9556
[37m2024-06-24 16:45:43,734 [INFO] - Validation epoch stats:   Loss: 0.3800 - F1-Score: 0.8660 - Accuracy-Score: 0.8304 - AUROC: 0.9043 - AP: 0.9436
[37m2024-06-24 16:45:43,768 [INFO] - Epoch: 17/50
[37m2024-06-24 16:45:43,768 [INFO] - Extracting training cells
[37m2024-06-24 16:47:03,976 [INFO] - Extraction detection metrics - F1: 0.699, Precision: 0.682, Recall: 0.776, Detected-Cells: 24277
[37m2024-06-24 16:47:05,291 [INFO] - Training epoch stats:     Loss: 0.2990 - F1-Score: 0.9061 - Accuracy-Score: 0.8739 - AUROC: 0.9377 - AP: 0.9595
[37m2024-06-24 16:47:06,061 [INFO] - Validation epoch stats:   Loss: 0.3750 - F1-Score: 0.8685 - Accuracy-Score: 0.8329 - AUROC: 0.9062 - AP: 0.9443
[37m2024-06-24 16:47:06,113 [INFO] - Epoch: 18/50
[37m2024-06-24 16:47:06,114 [INFO] - Extracting training cells
[37m2024-06-24 16:48:29,038 [INFO] - Extraction detection metrics - F1: 0.705, Precision: 0.686, Recall: 0.786, Detected-Cells: 24841
[37m2024-06-24 16:48:29,836 [INFO] - Training epoch stats:     Loss: 0.2962 - F1-Score: 0.9073 - Accuracy-Score: 0.8769 - AUROC: 0.9406 - AP: 0.9633
[37m2024-06-24 16:48:30,235 [INFO] - Validation epoch stats:   Loss: 0.3821 - F1-Score: 0.8658 - Accuracy-Score: 0.8306 - AUROC: 0.9039 - AP: 0.9433
[37m2024-06-24 16:48:30,236 [INFO] - Performing early stopping!
[37m2024-06-24 16:48:30,242 [INFO] - Finished run 840rmxso
