[37m2024-06-28 07:09:10,974 [INFO] - Instantiated Logger. WandB init and config update finished.
[37m2024-06-28 07:09:10,975 [INFO] - Run ist stored here: /cellvit/logs_paper/Head-Evaluation/CoNSeP/SAM-H/Amount-DA/2024-06-28T070901_Amount-5-Seed-2
[37m2024-06-28 07:09:11,039 [INFO] - Cuda devices: [<torch.cuda.device object at 0x7f0201d9c880>]
[37m2024-06-28 07:09:11,039 [INFO] - Using GPU: cuda:0
[37m2024-06-28 07:09:11,045 [INFO] - Using device: cuda:0
[37m2024-06-28 07:09:11,050 [INFO] - Loss function:
[37m2024-06-28 07:09:11,055 [INFO] - CrossEntropyLoss()
[37m2024-06-28 07:09:28,778 [INFO] - <All keys matched successfully>
[37m2024-06-28 07:09:29,876 [INFO] -
==========================================================================================
Layer (type:depth-idx)                   Output Shape              Param #
==========================================================================================
LinearClassifier                         [1, 4]                    --
├─Linear: 1-1                            [1, 128]                  163,968
├─ReLU: 1-2                              [1, 128]                  --
├─Dropout: 1-3                           [1, 128]                  --
├─Linear: 1-4                            [1, 4]                    516
==========================================================================================
Total params: 164,484
Trainable params: 164,484
Non-trainable params: 0
Total mult-adds (M): 0.16
==========================================================================================
Input size (MB): 0.01
Forward/backward pass size (MB): 0.00
Params size (MB): 0.66
Estimated Total Size (MB): 0.66
==========================================================================================
[37m2024-06-28 07:09:29,878 [INFO] - Loaded AdamW Optimizer with following hyperparameters:
[37m2024-06-28 07:09:29,882 [INFO] - {'betas': [0.85, 0.9], 'lr': 0.0005, 'weight_decay': 0.0005}
[37m2024-06-28 07:09:29,887 [INFO] - Using early stopping with a range of 20 and maximize strategy
[37m2024-06-28 07:09:29,899 [INFO] - Caching datasets
[37m2024-06-28 07:09:30,670 [INFO] - Instantiate Trainer
[37m2024-06-28 07:09:30,674 [INFO] - Calling Trainer Fit
[37m2024-06-28 07:09:30,677 [INFO] - Starting training, total number of epochs: 50
[37m2024-06-28 07:09:30,682 [INFO] - Epoch: 1/50
[37m2024-06-28 07:09:30,687 [INFO] - Extracting training cells
[37m2024-06-28 07:09:37,783 [INFO] - Extraction detection metrics - F1: 0.734, Precision: 0.866, Recall: 0.659, Detected-Cells: 1951
[37m2024-06-28 07:09:37,935 [INFO] - Training epoch stats:     Loss: 0.8777 - F1-Score: 0.6356 - Accuracy-Score: 0.6356 - AUROC: 0.7922 - AP: 0.5441
[37m2024-06-28 07:09:39,156 [INFO] - Loaded dataset from cache: /Consep/cache/1f728da27af6daed7b166ce5447f5dec18916e3679cb7b74ddaefb4a67df10d2.h5
[37m2024-06-28 07:09:39,257 [INFO] - Validation epoch stats:   Loss: 0.6598 - F1-Score: 0.7403 - Accuracy-Score: 0.7403 - AUROC: 0.9174 - AP: 0.7890
[37m2024-06-28 07:09:39,257 [INFO] - New best model - save checkpoint
[37m2024-06-28 07:09:39,510 [INFO] - Epoch: 2/50
[37m2024-06-28 07:09:39,511 [INFO] - Extracting training cells
[37m2024-06-28 07:09:42,855 [INFO] - Extraction detection metrics - F1: 0.746, Precision: 0.902, Recall: 0.665, Detected-Cells: 2053
[37m2024-06-28 07:09:42,952 [INFO] - Training epoch stats:     Loss: 0.4022 - F1-Score: 0.8568 - Accuracy-Score: 0.8568 - AUROC: 0.9544 - AP: 0.8557
[37m2024-06-28 07:09:43,102 [INFO] - Validation epoch stats:   Loss: 0.4763 - F1-Score: 0.8234 - Accuracy-Score: 0.8234 - AUROC: 0.9371 - AP: 0.8145
[37m2024-06-28 07:09:43,103 [INFO] - New best model - save checkpoint
[37m2024-06-28 07:09:43,273 [INFO] - Epoch: 3/50
[37m2024-06-28 07:09:43,274 [INFO] - Extracting training cells
[37m2024-06-28 07:09:47,360 [INFO] - Extraction detection metrics - F1: 0.774, Precision: 0.883, Recall: 0.711, Detected-Cells: 1787
[37m2024-06-28 07:09:47,446 [INFO] - Training epoch stats:     Loss: 0.6848 - F1-Score: 0.7985 - Accuracy-Score: 0.7985 - AUROC: 0.9268 - AP: 0.8158
[37m2024-06-28 07:09:47,576 [INFO] - Validation epoch stats:   Loss: 0.5770 - F1-Score: 0.7381 - Accuracy-Score: 0.7381 - AUROC: 0.9371 - AP: 0.8078
[37m2024-06-28 07:09:47,577 [INFO] - New best model - save checkpoint
[37m2024-06-28 07:09:47,729 [INFO] - Epoch: 4/50
[37m2024-06-28 07:09:47,729 [INFO] - Extracting training cells
[37m2024-06-28 07:09:51,715 [INFO] - Extraction detection metrics - F1: 0.755, Precision: 0.880, Recall: 0.677, Detected-Cells: 1967
[37m2024-06-28 07:09:51,799 [INFO] - Training epoch stats:     Loss: 0.4225 - F1-Score: 0.8444 - Accuracy-Score: 0.8444 - AUROC: 0.9606 - AP: 0.8670
[37m2024-06-28 07:09:51,938 [INFO] - Validation epoch stats:   Loss: 0.5284 - F1-Score: 0.7836 - Accuracy-Score: 0.7836 - AUROC: 0.9383 - AP: 0.8068
[37m2024-06-28 07:09:51,939 [INFO] - New best model - save checkpoint
[37m2024-06-28 07:09:52,122 [INFO] - Epoch: 5/50
[37m2024-06-28 07:09:52,123 [INFO] - Extracting training cells
[37m2024-06-28 07:09:56,451 [INFO] - Extraction detection metrics - F1: 0.705, Precision: 0.867, Recall: 0.626, Detected-Cells: 1936
[37m2024-06-28 07:09:56,537 [INFO] - Training epoch stats:     Loss: 0.3435 - F1-Score: 0.8724 - Accuracy-Score: 0.8724 - AUROC: 0.9687 - AP: 0.8884
[37m2024-06-28 07:09:56,666 [INFO] - Validation epoch stats:   Loss: 0.5039 - F1-Score: 0.8110 - Accuracy-Score: 0.8110 - AUROC: 0.9417 - AP: 0.8181
[37m2024-06-28 07:09:56,667 [INFO] - New best model - save checkpoint
[37m2024-06-28 07:09:56,823 [INFO] - Epoch: 6/50
[37m2024-06-28 07:09:56,824 [INFO] - Extracting training cells
[37m2024-06-28 07:10:01,547 [INFO] - Extraction detection metrics - F1: 0.747, Precision: 0.896, Recall: 0.655, Detected-Cells: 1928
[37m2024-06-28 07:10:01,828 [INFO] - Training epoch stats:     Loss: 0.2782 - F1-Score: 0.9030 - Accuracy-Score: 0.9030 - AUROC: 0.9801 - AP: 0.9322
[37m2024-06-28 07:10:01,937 [INFO] - Validation epoch stats:   Loss: 0.5491 - F1-Score: 0.7863 - Accuracy-Score: 0.7863 - AUROC: 0.9384 - AP: 0.8146
[37m2024-06-28 07:10:01,993 [INFO] - Epoch: 7/50
[37m2024-06-28 07:10:01,994 [INFO] - Extracting training cells
[37m2024-06-28 07:10:05,660 [INFO] - Extraction detection metrics - F1: 0.755, Precision: 0.892, Recall: 0.678, Detected-Cells: 2065
[37m2024-06-28 07:10:05,760 [INFO] - Training epoch stats:     Loss: 0.2496 - F1-Score: 0.9148 - Accuracy-Score: 0.9148 - AUROC: 0.9818 - AP: 0.9324
[37m2024-06-28 07:10:05,882 [INFO] - Validation epoch stats:   Loss: 0.6090 - F1-Score: 0.7748 - Accuracy-Score: 0.7748 - AUROC: 0.9405 - AP: 0.8151
[37m2024-06-28 07:10:05,942 [INFO] - Epoch: 8/50
[37m2024-06-28 07:10:05,943 [INFO] - Extracting training cells
[37m2024-06-28 07:10:09,623 [INFO] - Extraction detection metrics - F1: 0.777, Precision: 0.884, Recall: 0.712, Detected-Cells: 2083
[37m2024-06-28 07:10:09,714 [INFO] - Training epoch stats:     Loss: 0.2529 - F1-Score: 0.9107 - Accuracy-Score: 0.9107 - AUROC: 0.9837 - AP: 0.9285
[37m2024-06-28 07:10:09,843 [INFO] - Validation epoch stats:   Loss: 0.5441 - F1-Score: 0.7848 - Accuracy-Score: 0.7848 - AUROC: 0.9427 - AP: 0.8167
[37m2024-06-28 07:10:09,844 [INFO] - New best model - save checkpoint
[37m2024-06-28 07:10:10,001 [INFO] - Epoch: 9/50
[37m2024-06-28 07:10:10,002 [INFO] - Extracting training cells
[37m2024-06-28 07:10:14,096 [INFO] - Extraction detection metrics - F1: 0.747, Precision: 0.893, Recall: 0.666, Detected-Cells: 2071
[37m2024-06-28 07:10:14,180 [INFO] - Training epoch stats:     Loss: 0.2431 - F1-Score: 0.9073 - Accuracy-Score: 0.9073 - AUROC: 0.9839 - AP: 0.9404
[37m2024-06-28 07:10:14,291 [INFO] - Validation epoch stats:   Loss: 0.4213 - F1-Score: 0.8357 - Accuracy-Score: 0.8357 - AUROC: 0.9518 - AP: 0.8263
[37m2024-06-28 07:10:14,292 [INFO] - New best model - save checkpoint
[37m2024-06-28 07:10:14,459 [INFO] - Epoch: 10/50
[37m2024-06-28 07:10:14,459 [INFO] - Extracting training cells
[37m2024-06-28 07:10:18,384 [INFO] - Extraction detection metrics - F1: 0.713, Precision: 0.846, Recall: 0.628, Detected-Cells: 1764
[37m2024-06-28 07:10:18,459 [INFO] - Training epoch stats:     Loss: 0.3119 - F1-Score: 0.8764 - Accuracy-Score: 0.8764 - AUROC: 0.9755 - AP: 0.9199
[37m2024-06-28 07:10:18,595 [INFO] - Validation epoch stats:   Loss: 0.5270 - F1-Score: 0.7877 - Accuracy-Score: 0.7877 - AUROC: 0.9410 - AP: 0.8154
[37m2024-06-28 07:10:18,648 [INFO] - Epoch: 11/50
[37m2024-06-28 07:10:18,648 [INFO] - Extracting training cells
[37m2024-06-28 07:10:23,060 [INFO] - Extraction detection metrics - F1: 0.767, Precision: 0.896, Recall: 0.688, Detected-Cells: 2022
[37m2024-06-28 07:10:23,145 [INFO] - Training epoch stats:     Loss: 0.2312 - F1-Score: 0.9139 - Accuracy-Score: 0.9139 - AUROC: 0.9865 - AP: 0.9451
[37m2024-06-28 07:10:23,281 [INFO] - Validation epoch stats:   Loss: 0.5408 - F1-Score: 0.8014 - Accuracy-Score: 0.8014 - AUROC: 0.9444 - AP: 0.8149
[37m2024-06-28 07:10:23,345 [INFO] - Epoch: 12/50
[37m2024-06-28 07:10:23,345 [INFO] - Extracting training cells
[37m2024-06-28 07:10:26,815 [INFO] - Extraction detection metrics - F1: 0.754, Precision: 0.866, Recall: 0.689, Detected-Cells: 1453
[37m2024-06-28 07:10:26,884 [INFO] - Training epoch stats:     Loss: 0.3332 - F1-Score: 0.8913 - Accuracy-Score: 0.8913 - AUROC: 0.9669 - AP: 0.8443
[37m2024-06-28 07:10:27,013 [INFO] - Validation epoch stats:   Loss: 0.5486 - F1-Score: 0.8036 - Accuracy-Score: 0.8036 - AUROC: 0.9422 - AP: 0.8116
[37m2024-06-28 07:10:27,068 [INFO] - Epoch: 13/50
[37m2024-06-28 07:10:27,068 [INFO] - Extracting training cells
[37m2024-06-28 07:10:31,161 [INFO] - Extraction detection metrics - F1: 0.753, Precision: 0.877, Recall: 0.689, Detected-Cells: 1966
[37m2024-06-28 07:10:31,266 [INFO] - Training epoch stats:     Loss: 0.5160 - F1-Score: 0.8505 - Accuracy-Score: 0.8505 - AUROC: 0.9326 - AP: 0.7958
[37m2024-06-28 07:10:31,419 [INFO] - Validation epoch stats:   Loss: 0.5500 - F1-Score: 0.8071 - Accuracy-Score: 0.8071 - AUROC: 0.8865 - AP: 0.6745
[37m2024-06-28 07:10:31,463 [INFO] - Epoch: 14/50
[37m2024-06-28 07:10:31,463 [INFO] - Extracting training cells
[37m2024-06-28 07:10:35,635 [INFO] - Extraction detection metrics - F1: 0.755, Precision: 0.890, Recall: 0.686, Detected-Cells: 2108
[37m2024-06-28 07:10:35,730 [INFO] - Training epoch stats:     Loss: 0.2612 - F1-Score: 0.9127 - Accuracy-Score: 0.9127 - AUROC: 0.9774 - AP: 0.9226
[37m2024-06-28 07:10:35,862 [INFO] - Validation epoch stats:   Loss: 0.4856 - F1-Score: 0.8194 - Accuracy-Score: 0.8194 - AUROC: 0.9491 - AP: 0.8064
[37m2024-06-28 07:10:35,923 [INFO] - Epoch: 15/50
[37m2024-06-28 07:10:35,923 [INFO] - Extracting training cells
[37m2024-06-28 07:10:40,148 [INFO] - Extraction detection metrics - F1: 0.742, Precision: 0.847, Recall: 0.663, Detected-Cells: 1371
[37m2024-06-28 07:10:40,226 [INFO] - Training epoch stats:     Loss: 0.4010 - F1-Score: 0.8796 - Accuracy-Score: 0.8796 - AUROC: 0.9474 - AP: 0.8422
[37m2024-06-28 07:10:40,384 [INFO] - Validation epoch stats:   Loss: 0.4333 - F1-Score: 0.8330 - Accuracy-Score: 0.8330 - AUROC: 0.9490 - AP: 0.8185
[37m2024-06-28 07:10:40,448 [INFO] - Epoch: 16/50
[37m2024-06-28 07:10:40,449 [INFO] - Extracting training cells
[37m2024-06-28 07:10:44,749 [INFO] - Extraction detection metrics - F1: 0.745, Precision: 0.852, Recall: 0.672, Detected-Cells: 1778
[37m2024-06-28 07:10:44,830 [INFO] - Training epoch stats:     Loss: 0.4161 - F1-Score: 0.8645 - Accuracy-Score: 0.8645 - AUROC: 0.9587 - AP: 0.8552
[37m2024-06-28 07:10:44,970 [INFO] - Validation epoch stats:   Loss: 0.4641 - F1-Score: 0.8215 - Accuracy-Score: 0.8215 - AUROC: 0.9445 - AP: 0.7636
[37m2024-06-28 07:10:45,030 [INFO] - Epoch: 17/50
[37m2024-06-28 07:10:45,031 [INFO] - Extracting training cells
[37m2024-06-28 07:10:49,390 [INFO] - Extraction detection metrics - F1: 0.774, Precision: 0.882, Recall: 0.702, Detected-Cells: 2070
[37m2024-06-28 07:10:49,497 [INFO] - Training epoch stats:     Loss: 0.2313 - F1-Score: 0.9184 - Accuracy-Score: 0.9184 - AUROC: 0.9900 - AP: 0.9598
[37m2024-06-28 07:10:49,652 [INFO] - Validation epoch stats:   Loss: 0.5413 - F1-Score: 0.7901 - Accuracy-Score: 0.7901 - AUROC: 0.9447 - AP: 0.7380
[37m2024-06-28 07:10:49,719 [INFO] - Epoch: 18/50
[37m2024-06-28 07:10:49,720 [INFO] - Extracting training cells
[37m2024-06-28 07:10:54,244 [INFO] - Extraction detection metrics - F1: 0.774, Precision: 0.881, Recall: 0.711, Detected-Cells: 2119
[37m2024-06-28 07:10:54,352 [INFO] - Training epoch stats:     Loss: 0.1987 - F1-Score: 0.9250 - Accuracy-Score: 0.9250 - AUROC: 0.9904 - AP: 0.9637
[37m2024-06-28 07:10:54,498 [INFO] - Validation epoch stats:   Loss: 0.5174 - F1-Score: 0.8143 - Accuracy-Score: 0.8143 - AUROC: 0.9530 - AP: 0.8167
[37m2024-06-28 07:10:54,499 [INFO] - New best model - save checkpoint
[37m2024-06-28 07:10:54,656 [INFO] - Epoch: 19/50
[37m2024-06-28 07:10:54,657 [INFO] - Extracting training cells
[37m2024-06-28 07:10:59,119 [INFO] - Extraction detection metrics - F1: 0.740, Precision: 0.863, Recall: 0.676, Detected-Cells: 2056
[37m2024-06-28 07:10:59,216 [INFO] - Training epoch stats:     Loss: 0.2492 - F1-Score: 0.9129 - Accuracy-Score: 0.9129 - AUROC: 0.9859 - AP: 0.9566
[37m2024-06-28 07:10:59,356 [INFO] - Validation epoch stats:   Loss: 0.4564 - F1-Score: 0.8218 - Accuracy-Score: 0.8218 - AUROC: 0.9538 - AP: 0.8262
[37m2024-06-28 07:10:59,357 [INFO] - New best model - save checkpoint
[37m2024-06-28 07:10:59,529 [INFO] - Epoch: 20/50
[37m2024-06-28 07:10:59,530 [INFO] - Extracting training cells
[37m2024-06-28 07:11:03,493 [INFO] - Extraction detection metrics - F1: 0.765, Precision: 0.890, Recall: 0.696, Detected-Cells: 2107
[37m2024-06-28 07:11:03,587 [INFO] - Training epoch stats:     Loss: 0.1533 - F1-Score: 0.9411 - Accuracy-Score: 0.9411 - AUROC: 0.9942 - AP: 0.9760
[37m2024-06-28 07:11:03,722 [INFO] - Validation epoch stats:   Loss: 0.4826 - F1-Score: 0.8100 - Accuracy-Score: 0.8100 - AUROC: 0.9459 - AP: 0.8152
[37m2024-06-28 07:11:03,782 [INFO] - Epoch: 21/50
[37m2024-06-28 07:11:03,782 [INFO] - Extracting training cells
[37m2024-06-28 07:11:07,977 [INFO] - Extraction detection metrics - F1: 0.743, Precision: 0.887, Recall: 0.667, Detected-Cells: 2037
[37m2024-06-28 07:11:08,076 [INFO] - Training epoch stats:     Loss: 0.1952 - F1-Score: 0.9269 - Accuracy-Score: 0.9269 - AUROC: 0.9899 - AP: 0.9665
[37m2024-06-28 07:11:08,217 [INFO] - Validation epoch stats:   Loss: 0.4842 - F1-Score: 0.8108 - Accuracy-Score: 0.8108 - AUROC: 0.9495 - AP: 0.8213
[37m2024-06-28 07:11:08,276 [INFO] - Epoch: 22/50
[37m2024-06-28 07:11:08,277 [INFO] - Extracting training cells
[37m2024-06-28 07:11:11,776 [INFO] - Extraction detection metrics - F1: 0.771, Precision: 0.880, Recall: 0.700, Detected-Cells: 1678
[37m2024-06-28 07:11:11,855 [INFO] - Training epoch stats:     Loss: 0.4771 - F1-Score: 0.8242 - Accuracy-Score: 0.8242 - AUROC: 0.9594 - AP: 0.8966
[37m2024-06-28 07:11:11,988 [INFO] - Validation epoch stats:   Loss: 0.4652 - F1-Score: 0.8225 - Accuracy-Score: 0.8225 - AUROC: 0.9506 - AP: 0.8236
[37m2024-06-28 07:11:12,042 [INFO] - Epoch: 23/50
[37m2024-06-28 07:11:12,042 [INFO] - Extracting training cells
[37m2024-06-28 07:11:16,410 [INFO] - Extraction detection metrics - F1: 0.753, Precision: 0.875, Recall: 0.679, Detected-Cells: 1981
[37m2024-06-28 07:11:16,504 [INFO] - Training epoch stats:     Loss: 0.2295 - F1-Score: 0.9162 - Accuracy-Score: 0.9162 - AUROC: 0.9882 - AP: 0.9533
[37m2024-06-28 07:11:16,631 [INFO] - Validation epoch stats:   Loss: 0.4622 - F1-Score: 0.8254 - Accuracy-Score: 0.8254 - AUROC: 0.9502 - AP: 0.8213
[37m2024-06-28 07:11:16,682 [INFO] - Epoch: 24/50
[37m2024-06-28 07:11:16,682 [INFO] - Extracting training cells
[37m2024-06-28 07:11:20,687 [INFO] - Extraction detection metrics - F1: 0.762, Precision: 0.900, Recall: 0.671, Detected-Cells: 1948
[37m2024-06-28 07:11:20,760 [INFO] - Training epoch stats:     Loss: 0.1860 - F1-Score: 0.9379 - Accuracy-Score: 0.9379 - AUROC: 0.9908 - AP: 0.9707
[37m2024-06-28 07:11:20,865 [INFO] - Validation epoch stats:   Loss: 0.5333 - F1-Score: 0.8054 - Accuracy-Score: 0.8054 - AUROC: 0.9498 - AP: 0.8234
[37m2024-06-28 07:11:20,931 [INFO] - Epoch: 25/50
[37m2024-06-28 07:11:20,932 [INFO] - Extracting training cells
[37m2024-06-28 07:11:24,630 [INFO] - Extraction detection metrics - F1: 0.743, Precision: 0.864, Recall: 0.678, Detected-Cells: 2051
[37m2024-06-28 07:11:24,719 [INFO] - Training epoch stats:     Loss: 0.2177 - F1-Score: 0.9337 - Accuracy-Score: 0.9337 - AUROC: 0.9924 - AP: 0.9715
[37m2024-06-28 07:11:24,865 [INFO] - Validation epoch stats:   Loss: 0.5306 - F1-Score: 0.8078 - Accuracy-Score: 0.8078 - AUROC: 0.9498 - AP: 0.8229
[37m2024-06-28 07:11:24,919 [INFO] - Epoch: 26/50
[37m2024-06-28 07:11:24,920 [INFO] - Extracting training cells
[37m2024-06-28 07:11:28,923 [INFO] - Extraction detection metrics - F1: 0.777, Precision: 0.888, Recall: 0.709, Detected-Cells: 2119
[37m2024-06-28 07:11:29,016 [INFO] - Training epoch stats:     Loss: 0.1540 - F1-Score: 0.9438 - Accuracy-Score: 0.9438 - AUROC: 0.9942 - AP: 0.9798
[37m2024-06-28 07:11:29,161 [INFO] - Validation epoch stats:   Loss: 0.4986 - F1-Score: 0.8165 - Accuracy-Score: 0.8165 - AUROC: 0.9499 - AP: 0.8223
[37m2024-06-28 07:11:29,217 [INFO] - Epoch: 27/50
[37m2024-06-28 07:11:29,217 [INFO] - Extracting training cells
[37m2024-06-28 07:11:33,428 [INFO] - Extraction detection metrics - F1: 0.764, Precision: 0.875, Recall: 0.692, Detected-Cells: 2051
[37m2024-06-28 07:11:33,511 [INFO] - Training epoch stats:     Loss: 0.1424 - F1-Score: 0.9356 - Accuracy-Score: 0.9356 - AUROC: 0.9941 - AP: 0.9768
[37m2024-06-28 07:11:33,617 [INFO] - Validation epoch stats:   Loss: 0.4786 - F1-Score: 0.8205 - Accuracy-Score: 0.8205 - AUROC: 0.9499 - AP: 0.8218
[37m2024-06-28 07:11:33,669 [INFO] - Epoch: 28/50
[37m2024-06-28 07:11:33,670 [INFO] - Extracting training cells
[37m2024-06-28 07:11:38,524 [INFO] - Extraction detection metrics - F1: 0.722, Precision: 0.814, Recall: 0.655, Detected-Cells: 1621
[37m2024-06-28 07:11:38,592 [INFO] - Training epoch stats:     Loss: 0.3625 - F1-Score: 0.8698 - Accuracy-Score: 0.8698 - AUROC: 0.9701 - AP: 0.8919
[37m2024-06-28 07:11:38,698 [INFO] - Validation epoch stats:   Loss: 0.4692 - F1-Score: 0.8239 - Accuracy-Score: 0.8239 - AUROC: 0.9496 - AP: 0.8210
[37m2024-06-28 07:11:38,758 [INFO] - Epoch: 29/50
[37m2024-06-28 07:11:38,759 [INFO] - Extracting training cells
[37m2024-06-28 07:11:42,126 [INFO] - Extraction detection metrics - F1: 0.716, Precision: 0.856, Recall: 0.653, Detected-Cells: 2019
[37m2024-06-28 07:11:42,217 [INFO] - Training epoch stats:     Loss: 0.1770 - F1-Score: 0.9326 - Accuracy-Score: 0.9326 - AUROC: 0.9916 - AP: 0.9701
[37m2024-06-28 07:11:42,349 [INFO] - Validation epoch stats:   Loss: 0.4694 - F1-Score: 0.8239 - Accuracy-Score: 0.8239 - AUROC: 0.9500 - AP: 0.8208
[37m2024-06-28 07:11:42,404 [INFO] - Epoch: 30/50
[37m2024-06-28 07:11:42,405 [INFO] - Extracting training cells
[37m2024-06-28 07:11:46,336 [INFO] - Extraction detection metrics - F1: 0.726, Precision: 0.834, Recall: 0.654, Detected-Cells: 1906
[37m2024-06-28 07:11:46,407 [INFO] - Training epoch stats:     Loss: 0.1417 - F1-Score: 0.9470 - Accuracy-Score: 0.9470 - AUROC: 0.9952 - AP: 0.9827
[37m2024-06-28 07:11:46,514 [INFO] - Validation epoch stats:   Loss: 0.4915 - F1-Score: 0.8175 - Accuracy-Score: 0.8175 - AUROC: 0.9496 - AP: 0.8206
[37m2024-06-28 07:11:46,560 [INFO] - Epoch: 31/50
[37m2024-06-28 07:11:46,561 [INFO] - Extracting training cells
[37m2024-06-28 07:11:50,059 [INFO] - Extraction detection metrics - F1: 0.756, Precision: 0.870, Recall: 0.688, Detected-Cells: 1874
[37m2024-06-28 07:11:50,143 [INFO] - Training epoch stats:     Loss: 0.3579 - F1-Score: 0.8922 - Accuracy-Score: 0.8922 - AUROC: 0.9720 - AP: 0.8906
[37m2024-06-28 07:11:50,274 [INFO] - Validation epoch stats:   Loss: 0.5043 - F1-Score: 0.8143 - Accuracy-Score: 0.8143 - AUROC: 0.9485 - AP: 0.8159
[37m2024-06-28 07:11:50,328 [INFO] - Epoch: 32/50
[37m2024-06-28 07:11:50,328 [INFO] - Extracting training cells
[37m2024-06-28 07:11:54,343 [INFO] - Extraction detection metrics - F1: 0.762, Precision: 0.856, Recall: 0.703, Detected-Cells: 2079
[37m2024-06-28 07:11:54,444 [INFO] - Training epoch stats:     Loss: 0.1770 - F1-Score: 0.9370 - Accuracy-Score: 0.9370 - AUROC: 0.9932 - AP: 0.9735
[37m2024-06-28 07:11:54,582 [INFO] - Validation epoch stats:   Loss: 0.4955 - F1-Score: 0.8120 - Accuracy-Score: 0.8120 - AUROC: 0.9483 - AP: 0.8123
[37m2024-06-28 07:11:54,632 [INFO] - Epoch: 33/50
[37m2024-06-28 07:11:54,632 [INFO] - Extracting training cells
[37m2024-06-28 07:11:58,844 [INFO] - Extraction detection metrics - F1: 0.745, Precision: 0.884, Recall: 0.673, Detected-Cells: 2062
[37m2024-06-28 07:11:58,946 [INFO] - Training epoch stats:     Loss: 0.1284 - F1-Score: 0.9510 - Accuracy-Score: 0.9510 - AUROC: 0.9963 - AP: 0.9862
[37m2024-06-28 07:11:59,078 [INFO] - Validation epoch stats:   Loss: 0.4901 - F1-Score: 0.8122 - Accuracy-Score: 0.8122 - AUROC: 0.9483 - AP: 0.8120
[37m2024-06-28 07:11:59,132 [INFO] - Epoch: 34/50
[37m2024-06-28 07:11:59,133 [INFO] - Extracting training cells
[37m2024-06-28 07:12:03,003 [INFO] - Extraction detection metrics - F1: 0.749, Precision: 0.872, Recall: 0.671, Detected-Cells: 1963
[37m2024-06-28 07:12:03,103 [INFO] - Training epoch stats:     Loss: 0.1495 - F1-Score: 0.9470 - Accuracy-Score: 0.9470 - AUROC: 0.9943 - AP: 0.9799
[37m2024-06-28 07:12:03,255 [INFO] - Validation epoch stats:   Loss: 0.4926 - F1-Score: 0.8148 - Accuracy-Score: 0.8148 - AUROC: 0.9486 - AP: 0.8134
[37m2024-06-28 07:12:03,321 [INFO] - Epoch: 35/50
[37m2024-06-28 07:12:03,322 [INFO] - Extracting training cells
[37m2024-06-28 07:12:07,137 [INFO] - Extraction detection metrics - F1: 0.726, Precision: 0.839, Recall: 0.659, Detected-Cells: 2005
[37m2024-06-28 07:12:07,228 [INFO] - Training epoch stats:     Loss: 0.1564 - F1-Score: 0.9446 - Accuracy-Score: 0.9446 - AUROC: 0.9938 - AP: 0.9758
[37m2024-06-28 07:12:07,362 [INFO] - Validation epoch stats:   Loss: 0.4739 - F1-Score: 0.8205 - Accuracy-Score: 0.8205 - AUROC: 0.9492 - AP: 0.8158
[37m2024-06-28 07:12:07,419 [INFO] - Epoch: 36/50
[37m2024-06-28 07:12:07,419 [INFO] - Extracting training cells
[37m2024-06-28 07:12:11,723 [INFO] - Extraction detection metrics - F1: 0.757, Precision: 0.880, Recall: 0.679, Detected-Cells: 1983
[37m2024-06-28 07:12:11,805 [INFO] - Training epoch stats:     Loss: 0.1472 - F1-Score: 0.9511 - Accuracy-Score: 0.9511 - AUROC: 0.9952 - AP: 0.9799
[37m2024-06-28 07:12:11,915 [INFO] - Validation epoch stats:   Loss: 0.4650 - F1-Score: 0.8218 - Accuracy-Score: 0.8218 - AUROC: 0.9496 - AP: 0.8194
[37m2024-06-28 07:12:11,979 [INFO] - Epoch: 37/50
[37m2024-06-28 07:12:11,980 [INFO] - Extracting training cells
[37m2024-06-28 07:12:15,453 [INFO] - Extraction detection metrics - F1: 0.783, Precision: 0.891, Recall: 0.716, Detected-Cells: 2118
[37m2024-06-28 07:12:15,556 [INFO] - Training epoch stats:     Loss: 0.1430 - F1-Score: 0.9485 - Accuracy-Score: 0.9485 - AUROC: 0.9951 - AP: 0.9845
[37m2024-06-28 07:12:15,692 [INFO] - Validation epoch stats:   Loss: 0.4839 - F1-Score: 0.8194 - Accuracy-Score: 0.8194 - AUROC: 0.9492 - AP: 0.8201
[37m2024-06-28 07:12:15,745 [INFO] - Epoch: 38/50
[37m2024-06-28 07:12:15,746 [INFO] - Extracting training cells
[37m2024-06-28 07:12:19,645 [INFO] - Extraction detection metrics - F1: 0.756, Precision: 0.890, Recall: 0.682, Detected-Cells: 2065
[37m2024-06-28 07:12:19,738 [INFO] - Training epoch stats:     Loss: 0.1164 - F1-Score: 0.9535 - Accuracy-Score: 0.9535 - AUROC: 0.9963 - AP: 0.9843
[37m2024-06-28 07:12:19,873 [INFO] - Validation epoch stats:   Loss: 0.5073 - F1-Score: 0.8162 - Accuracy-Score: 0.8162 - AUROC: 0.9487 - AP: 0.8199
[37m2024-06-28 07:12:19,927 [INFO] - Epoch: 39/50
[37m2024-06-28 07:12:19,927 [INFO] - Extracting training cells
[37m2024-06-28 07:12:24,081 [INFO] - Extraction detection metrics - F1: 0.732, Precision: 0.872, Recall: 0.654, Detected-Cells: 2002
[37m2024-06-28 07:12:24,180 [INFO] - Training epoch stats:     Loss: 0.6654 - F1-Score: 0.8472 - Accuracy-Score: 0.8472 - AUROC: 0.9294 - AP: 0.8219
[37m2024-06-28 07:12:24,315 [INFO] - Validation epoch stats:   Loss: 0.5186 - F1-Score: 0.8115 - Accuracy-Score: 0.8115 - AUROC: 0.9479 - AP: 0.8197
[37m2024-06-28 07:12:24,316 [INFO] - Performing early stopping!
[37m2024-06-28 07:12:24,322 [INFO] - Finished run a5dr1x5u
