[37m2024-06-28 12:13:21,687 [INFO] - Instantiated Logger. WandB init and config update finished.
[37m2024-06-28 12:13:21,688 [INFO] - Run ist stored here: /cellvit/logs_paper/Head-Evaluation/CoNSeP/SAM-H/Amount-DA/2024-06-28T121313_Amount-14-Seed-5
[37m2024-06-28 12:13:21,751 [INFO] - Cuda devices: [<torch.cuda.device object at 0x7f841658c790>]
[37m2024-06-28 12:13:21,751 [INFO] - Using GPU: cuda:0
[37m2024-06-28 12:13:21,756 [INFO] - Using device: cuda:0
[37m2024-06-28 12:13:21,760 [INFO] - Loss function:
[37m2024-06-28 12:13:21,764 [INFO] - CrossEntropyLoss()
[37m2024-06-28 12:13:42,073 [INFO] - <All keys matched successfully>
[37m2024-06-28 12:13:43,088 [INFO] -
==========================================================================================
Layer (type:depth-idx)                   Output Shape              Param #
==========================================================================================
LinearClassifier                         [1, 4]                    --
├─Linear: 1-1                            [1, 128]                  163,968
├─ReLU: 1-2                              [1, 128]                  --
├─Dropout: 1-3                           [1, 128]                  --
├─Linear: 1-4                            [1, 4]                    516
==========================================================================================
Total params: 164,484
Trainable params: 164,484
Non-trainable params: 0
Total mult-adds (M): 0.16
==========================================================================================
Input size (MB): 0.01
Forward/backward pass size (MB): 0.00
Params size (MB): 0.66
Estimated Total Size (MB): 0.66
==========================================================================================
[37m2024-06-28 12:13:43,090 [INFO] - Loaded AdamW Optimizer with following hyperparameters:
[37m2024-06-28 12:13:43,095 [INFO] - {'betas': [0.85, 0.9], 'lr': 0.0005, 'weight_decay': 0.0005}
[37m2024-06-28 12:13:43,100 [INFO] - Using early stopping with a range of 20 and maximize strategy
[37m2024-06-28 12:13:43,117 [INFO] - Caching datasets
[37m2024-06-28 12:13:44,308 [INFO] - Instantiate Trainer
[37m2024-06-28 12:13:44,313 [INFO] - Calling Trainer Fit
[37m2024-06-28 12:13:44,315 [INFO] - Starting training, total number of epochs: 50
[37m2024-06-28 12:13:44,320 [INFO] - Epoch: 1/50
[37m2024-06-28 12:13:44,325 [INFO] - Extracting training cells
[37m2024-06-28 12:14:00,912 [INFO] - Extraction detection metrics - F1: 0.764, Precision: 0.836, Recall: 0.719, Detected-Cells: 5234
[37m2024-06-28 12:14:01,192 [INFO] - Training epoch stats:     Loss: 0.5526 - F1-Score: 0.7900 - Accuracy-Score: 0.7900 - AUROC: 0.8994 - AP: 0.6963
[37m2024-06-28 12:14:02,374 [INFO] - Loaded dataset from cache: /Consep/cache/1f728da27af6daed7b166ce5447f5dec18916e3679cb7b74ddaefb4a67df10d2.h5
[37m2024-06-28 12:14:02,473 [INFO] - Validation epoch stats:   Loss: 0.3700 - F1-Score: 0.8603 - Accuracy-Score: 0.8603 - AUROC: 0.9617 - AP: 0.8570
[37m2024-06-28 12:14:02,473 [INFO] - New best model - save checkpoint
[37m2024-06-28 12:14:02,625 [INFO] - Epoch: 2/50
[37m2024-06-28 12:14:02,626 [INFO] - Extracting training cells
[37m2024-06-28 12:14:13,205 [INFO] - Extraction detection metrics - F1: 0.762, Precision: 0.828, Recall: 0.723, Detected-Cells: 4869
[37m2024-06-28 12:14:13,738 [INFO] - Training epoch stats:     Loss: 0.4427 - F1-Score: 0.8523 - Accuracy-Score: 0.8523 - AUROC: 0.9525 - AP: 0.8248
[37m2024-06-28 12:14:13,880 [INFO] - Validation epoch stats:   Loss: 0.3575 - F1-Score: 0.8649 - Accuracy-Score: 0.8649 - AUROC: 0.9601 - AP: 0.8483
[37m2024-06-28 12:14:13,942 [INFO] - Epoch: 3/50
[37m2024-06-28 12:14:13,943 [INFO] - Extracting training cells
[37m2024-06-28 12:14:24,030 [INFO] - Extraction detection metrics - F1: 0.744, Precision: 0.829, Recall: 0.696, Detected-Cells: 4887
[37m2024-06-28 12:14:24,202 [INFO] - Training epoch stats:     Loss: 0.3115 - F1-Score: 0.8868 - Accuracy-Score: 0.8868 - AUROC: 0.9702 - AP: 0.8797
[37m2024-06-28 12:14:24,314 [INFO] - Validation epoch stats:   Loss: 0.3264 - F1-Score: 0.8690 - Accuracy-Score: 0.8690 - AUROC: 0.9686 - AP: 0.8643
[37m2024-06-28 12:14:24,315 [INFO] - New best model - save checkpoint
[37m2024-06-28 12:14:24,452 [INFO] - Epoch: 4/50
[37m2024-06-28 12:14:24,453 [INFO] - Extracting training cells
[37m2024-06-28 12:14:35,043 [INFO] - Extraction detection metrics - F1: 0.774, Precision: 0.857, Recall: 0.719, Detected-Cells: 5527
[37m2024-06-28 12:14:35,282 [INFO] - Training epoch stats:     Loss: 0.2314 - F1-Score: 0.9151 - Accuracy-Score: 0.9151 - AUROC: 0.9803 - AP: 0.9042
[37m2024-06-28 12:14:35,420 [INFO] - Validation epoch stats:   Loss: 0.3261 - F1-Score: 0.8697 - Accuracy-Score: 0.8697 - AUROC: 0.9683 - AP: 0.8666
[37m2024-06-28 12:14:35,502 [INFO] - Epoch: 5/50
[37m2024-06-28 12:14:35,502 [INFO] - Extracting training cells
[37m2024-06-28 12:14:44,699 [INFO] - Extraction detection metrics - F1: 0.731, Precision: 0.813, Recall: 0.680, Detected-Cells: 4564
[37m2024-06-28 12:14:44,857 [INFO] - Training epoch stats:     Loss: 0.2548 - F1-Score: 0.9080 - Accuracy-Score: 0.9080 - AUROC: 0.9775 - AP: 0.9078
[37m2024-06-28 12:14:44,998 [INFO] - Validation epoch stats:   Loss: 0.3295 - F1-Score: 0.8687 - Accuracy-Score: 0.8687 - AUROC: 0.9666 - AP: 0.8557
[37m2024-06-28 12:14:45,065 [INFO] - Epoch: 6/50
[37m2024-06-28 12:14:45,066 [INFO] - Extracting training cells
[37m2024-06-28 12:14:55,010 [INFO] - Extraction detection metrics - F1: 0.761, Precision: 0.818, Recall: 0.724, Detected-Cells: 5063
[37m2024-06-28 12:14:55,357 [INFO] - Training epoch stats:     Loss: 0.2572 - F1-Score: 0.9040 - Accuracy-Score: 0.9040 - AUROC: 0.9761 - AP: 0.9125
[37m2024-06-28 12:14:55,825 [INFO] - Validation epoch stats:   Loss: 0.3368 - F1-Score: 0.8637 - Accuracy-Score: 0.8637 - AUROC: 0.9662 - AP: 0.8661
[37m2024-06-28 12:14:55,875 [INFO] - Epoch: 7/50
[37m2024-06-28 12:14:55,876 [INFO] - Extracting training cells
[37m2024-06-28 12:15:05,693 [INFO] - Extraction detection metrics - F1: 0.755, Precision: 0.833, Recall: 0.716, Detected-Cells: 5084
[37m2024-06-28 12:15:05,885 [INFO] - Training epoch stats:     Loss: 0.2399 - F1-Score: 0.9144 - Accuracy-Score: 0.9144 - AUROC: 0.9836 - AP: 0.9402
[37m2024-06-28 12:15:06,109 [INFO] - Validation epoch stats:   Loss: 0.3277 - F1-Score: 0.8740 - Accuracy-Score: 0.8740 - AUROC: 0.9677 - AP: 0.8712
[37m2024-06-28 12:15:06,177 [INFO] - Epoch: 8/50
[37m2024-06-28 12:15:06,178 [INFO] - Extracting training cells
[37m2024-06-28 12:15:19,034 [INFO] - Extraction detection metrics - F1: 0.766, Precision: 0.823, Recall: 0.727, Detected-Cells: 5387
[37m2024-06-28 12:15:19,242 [INFO] - Training epoch stats:     Loss: 0.1934 - F1-Score: 0.9226 - Accuracy-Score: 0.9226 - AUROC: 0.9857 - AP: 0.9398
[37m2024-06-28 12:15:19,376 [INFO] - Validation epoch stats:   Loss: 0.3170 - F1-Score: 0.8745 - Accuracy-Score: 0.8745 - AUROC: 0.9690 - AP: 0.8699
[37m2024-06-28 12:15:19,377 [INFO] - New best model - save checkpoint
[37m2024-06-28 12:15:19,513 [INFO] - Epoch: 9/50
[37m2024-06-28 12:15:19,513 [INFO] - Extracting training cells
[37m2024-06-28 12:15:30,943 [INFO] - Extraction detection metrics - F1: 0.752, Precision: 0.818, Recall: 0.705, Detected-Cells: 5252
[37m2024-06-28 12:15:31,152 [INFO] - Training epoch stats:     Loss: 0.1858 - F1-Score: 0.9288 - Accuracy-Score: 0.9288 - AUROC: 0.9864 - AP: 0.9361
[37m2024-06-28 12:15:31,280 [INFO] - Validation epoch stats:   Loss: 0.3316 - F1-Score: 0.8766 - Accuracy-Score: 0.8766 - AUROC: 0.9692 - AP: 0.8688
[37m2024-06-28 12:15:31,281 [INFO] - New best model - save checkpoint
[37m2024-06-28 12:15:31,427 [INFO] - Epoch: 10/50
[37m2024-06-28 12:15:31,427 [INFO] - Extracting training cells
[37m2024-06-28 12:15:42,225 [INFO] - Extraction detection metrics - F1: 0.777, Precision: 0.852, Recall: 0.727, Detected-Cells: 5428
[37m2024-06-28 12:15:42,390 [INFO] - Training epoch stats:     Loss: 0.2023 - F1-Score: 0.9228 - Accuracy-Score: 0.9228 - AUROC: 0.9883 - AP: 0.9318
[37m2024-06-28 12:15:42,520 [INFO] - Validation epoch stats:   Loss: 0.3358 - F1-Score: 0.8613 - Accuracy-Score: 0.8613 - AUROC: 0.9670 - AP: 0.8680
[37m2024-06-28 12:15:42,570 [INFO] - Epoch: 11/50
[37m2024-06-28 12:15:42,571 [INFO] - Extracting training cells
[37m2024-06-28 12:15:52,911 [INFO] - Extraction detection metrics - F1: 0.752, Precision: 0.836, Recall: 0.706, Detected-Cells: 5282
[37m2024-06-28 12:15:53,123 [INFO] - Training epoch stats:     Loss: 0.2503 - F1-Score: 0.9050 - Accuracy-Score: 0.9050 - AUROC: 0.9830 - AP: 0.9409
[37m2024-06-28 12:15:53,254 [INFO] - Validation epoch stats:   Loss: 0.3445 - F1-Score: 0.8654 - Accuracy-Score: 0.8654 - AUROC: 0.9641 - AP: 0.8646
[37m2024-06-28 12:15:53,316 [INFO] - Epoch: 12/50
[37m2024-06-28 12:15:53,316 [INFO] - Extracting training cells
[37m2024-06-28 12:16:04,846 [INFO] - Extraction detection metrics - F1: 0.746, Precision: 0.812, Recall: 0.704, Detected-Cells: 4974
[37m2024-06-28 12:16:05,065 [INFO] - Training epoch stats:     Loss: 0.4072 - F1-Score: 0.8587 - Accuracy-Score: 0.8587 - AUROC: 0.9529 - AP: 0.8290
[37m2024-06-28 12:16:05,197 [INFO] - Validation epoch stats:   Loss: 0.3904 - F1-Score: 0.8563 - Accuracy-Score: 0.8563 - AUROC: 0.9459 - AP: 0.7284
[37m2024-06-28 12:16:05,270 [INFO] - Epoch: 13/50
[37m2024-06-28 12:16:05,270 [INFO] - Extracting training cells
[37m2024-06-28 12:16:15,320 [INFO] - Extraction detection metrics - F1: 0.782, Precision: 0.841, Recall: 0.742, Detected-Cells: 5537
[37m2024-06-28 12:16:15,513 [INFO] - Training epoch stats:     Loss: 0.4034 - F1-Score: 0.8792 - Accuracy-Score: 0.8792 - AUROC: 0.9598 - AP: 0.8805
[37m2024-06-28 12:16:15,643 [INFO] - Validation epoch stats:   Loss: 0.3565 - F1-Score: 0.8625 - Accuracy-Score: 0.8625 - AUROC: 0.9640 - AP: 0.8585
[37m2024-06-28 12:16:15,719 [INFO] - Epoch: 14/50
[37m2024-06-28 12:16:15,720 [INFO] - Extracting training cells
[37m2024-06-28 12:16:25,474 [INFO] - Extraction detection metrics - F1: 0.762, Precision: 0.833, Recall: 0.719, Detected-Cells: 4839
[37m2024-06-28 12:16:25,674 [INFO] - Training epoch stats:     Loss: 0.1918 - F1-Score: 0.9295 - Accuracy-Score: 0.9295 - AUROC: 0.9880 - AP: 0.9467
[37m2024-06-28 12:16:25,820 [INFO] - Validation epoch stats:   Loss: 0.3126 - F1-Score: 0.8766 - Accuracy-Score: 0.8766 - AUROC: 0.9710 - AP: 0.8731
[37m2024-06-28 12:16:25,821 [INFO] - New best model - save checkpoint
[37m2024-06-28 12:16:25,957 [INFO] - Epoch: 15/50
[37m2024-06-28 12:16:25,958 [INFO] - Extracting training cells
[37m2024-06-28 12:16:35,888 [INFO] - Extraction detection metrics - F1: 0.731, Precision: 0.814, Recall: 0.676, Detected-Cells: 4773
[37m2024-06-28 12:16:36,066 [INFO] - Training epoch stats:     Loss: 0.2290 - F1-Score: 0.9107 - Accuracy-Score: 0.9107 - AUROC: 0.9854 - AP: 0.9428
[37m2024-06-28 12:16:36,272 [INFO] - Validation epoch stats:   Loss: 0.3113 - F1-Score: 0.8745 - Accuracy-Score: 0.8745 - AUROC: 0.9707 - AP: 0.8729
[37m2024-06-28 12:16:36,337 [INFO] - Epoch: 16/50
[37m2024-06-28 12:16:36,338 [INFO] - Extracting training cells
[37m2024-06-28 12:16:47,222 [INFO] - Extraction detection metrics - F1: 0.762, Precision: 0.828, Recall: 0.720, Detected-Cells: 5441
[37m2024-06-28 12:16:47,451 [INFO] - Training epoch stats:     Loss: 0.1545 - F1-Score: 0.9419 - Accuracy-Score: 0.9419 - AUROC: 0.9914 - AP: 0.9587
[37m2024-06-28 12:16:47,591 [INFO] - Validation epoch stats:   Loss: 0.3070 - F1-Score: 0.8793 - Accuracy-Score: 0.8793 - AUROC: 0.9723 - AP: 0.8762
[37m2024-06-28 12:16:47,592 [INFO] - New best model - save checkpoint
[37m2024-06-28 12:16:47,758 [INFO] - Epoch: 17/50
[37m2024-06-28 12:16:47,759 [INFO] - Extracting training cells
[37m2024-06-28 12:16:59,724 [INFO] - Extraction detection metrics - F1: 0.783, Precision: 0.853, Recall: 0.735, Detected-Cells: 5486
[37m2024-06-28 12:17:00,061 [INFO] - Training epoch stats:     Loss: 0.1509 - F1-Score: 0.9448 - Accuracy-Score: 0.9448 - AUROC: 0.9924 - AP: 0.9620
[37m2024-06-28 12:17:00,318 [INFO] - Validation epoch stats:   Loss: 0.3203 - F1-Score: 0.8756 - Accuracy-Score: 0.8756 - AUROC: 0.9691 - AP: 0.8718
[37m2024-06-28 12:17:00,482 [INFO] - Epoch: 18/50
[37m2024-06-28 12:17:00,482 [INFO] - Extracting training cells
[37m2024-06-28 12:17:13,858 [INFO] - Extraction detection metrics - F1: 0.772, Precision: 0.850, Recall: 0.720, Detected-Cells: 5489
[37m2024-06-28 12:17:14,075 [INFO] - Training epoch stats:     Loss: 0.1634 - F1-Score: 0.9402 - Accuracy-Score: 0.9402 - AUROC: 0.9912 - AP: 0.9650
[37m2024-06-28 12:17:14,206 [INFO] - Validation epoch stats:   Loss: 0.3121 - F1-Score: 0.8771 - Accuracy-Score: 0.8771 - AUROC: 0.9713 - AP: 0.8760
[37m2024-06-28 12:17:14,281 [INFO] - Epoch: 19/50
[37m2024-06-28 12:17:14,281 [INFO] - Extracting training cells
[37m2024-06-28 12:17:24,600 [INFO] - Extraction detection metrics - F1: 0.720, Precision: 0.827, Recall: 0.674, Detected-Cells: 5197
[37m2024-06-28 12:17:24,815 [INFO] - Training epoch stats:     Loss: 0.3649 - F1-Score: 0.8817 - Accuracy-Score: 0.8817 - AUROC: 0.9534 - AP: 0.8539
[37m2024-06-28 12:17:24,948 [INFO] - Validation epoch stats:   Loss: 0.3223 - F1-Score: 0.8701 - Accuracy-Score: 0.8701 - AUROC: 0.9669 - AP: 0.8635
[37m2024-06-28 12:17:25,018 [INFO] - Epoch: 20/50
[37m2024-06-28 12:17:25,018 [INFO] - Extracting training cells
[37m2024-06-28 12:17:35,594 [INFO] - Extraction detection metrics - F1: 0.793, Precision: 0.868, Recall: 0.744, Detected-Cells: 5632
[37m2024-06-28 12:17:35,793 [INFO] - Training epoch stats:     Loss: 0.1624 - F1-Score: 0.9368 - Accuracy-Score: 0.9368 - AUROC: 0.9916 - AP: 0.9614
[37m2024-06-28 12:17:35,918 [INFO] - Validation epoch stats:   Loss: 0.3196 - F1-Score: 0.8756 - Accuracy-Score: 0.8756 - AUROC: 0.9709 - AP: 0.8756
[37m2024-06-28 12:17:35,989 [INFO] - Epoch: 21/50
[37m2024-06-28 12:17:35,990 [INFO] - Extracting training cells
[37m2024-06-28 12:17:45,351 [INFO] - Extraction detection metrics - F1: 0.757, Precision: 0.817, Recall: 0.729, Detected-Cells: 5309
[37m2024-06-28 12:17:45,778 [INFO] - Training epoch stats:     Loss: 0.2480 - F1-Score: 0.9194 - Accuracy-Score: 0.9194 - AUROC: 0.9846 - AP: 0.9570
[37m2024-06-28 12:17:45,909 [INFO] - Validation epoch stats:   Loss: 0.3151 - F1-Score: 0.8756 - Accuracy-Score: 0.8756 - AUROC: 0.9703 - AP: 0.8691
[37m2024-06-28 12:17:45,987 [INFO] - Epoch: 22/50
[37m2024-06-28 12:17:45,987 [INFO] - Extracting training cells
[37m2024-06-28 12:17:56,181 [INFO] - Extraction detection metrics - F1: 0.741, Precision: 0.807, Recall: 0.695, Detected-Cells: 4575
[37m2024-06-28 12:17:56,335 [INFO] - Training epoch stats:     Loss: 0.1615 - F1-Score: 0.9414 - Accuracy-Score: 0.9414 - AUROC: 0.9926 - AP: 0.9718
[37m2024-06-28 12:17:56,446 [INFO] - Validation epoch stats:   Loss: 0.3282 - F1-Score: 0.8780 - Accuracy-Score: 0.8780 - AUROC: 0.9692 - AP: 0.8700
[37m2024-06-28 12:17:56,522 [INFO] - Epoch: 23/50
[37m2024-06-28 12:17:56,522 [INFO] - Extracting training cells
[37m2024-06-28 12:18:06,424 [INFO] - Extraction detection metrics - F1: 0.766, Precision: 0.858, Recall: 0.710, Detected-Cells: 5446
[37m2024-06-28 12:18:06,637 [INFO] - Training epoch stats:     Loss: 0.1659 - F1-Score: 0.9418 - Accuracy-Score: 0.9418 - AUROC: 0.9899 - AP: 0.9517
[37m2024-06-28 12:18:06,770 [INFO] - Validation epoch stats:   Loss: 0.3302 - F1-Score: 0.8654 - Accuracy-Score: 0.8654 - AUROC: 0.9683 - AP: 0.8736
[37m2024-06-28 12:18:06,839 [INFO] - Epoch: 24/50
[37m2024-06-28 12:18:06,839 [INFO] - Extracting training cells
[37m2024-06-28 12:18:17,816 [INFO] - Extraction detection metrics - F1: 0.765, Precision: 0.844, Recall: 0.717, Detected-Cells: 5521
[37m2024-06-28 12:18:18,014 [INFO] - Training epoch stats:     Loss: 0.1107 - F1-Score: 0.9574 - Accuracy-Score: 0.9574 - AUROC: 0.9960 - AP: 0.9789
[37m2024-06-28 12:18:18,143 [INFO] - Validation epoch stats:   Loss: 0.3308 - F1-Score: 0.8756 - Accuracy-Score: 0.8756 - AUROC: 0.9679 - AP: 0.8687
[37m2024-06-28 12:18:18,221 [INFO] - Epoch: 25/50
[37m2024-06-28 12:18:18,221 [INFO] - Extracting training cells
[37m2024-06-28 12:18:28,069 [INFO] - Extraction detection metrics - F1: 0.753, Precision: 0.828, Recall: 0.706, Detected-Cells: 4240
[37m2024-06-28 12:18:28,241 [INFO] - Training epoch stats:     Loss: 0.5541 - F1-Score: 0.8384 - Accuracy-Score: 0.8384 - AUROC: 0.9426 - AP: 0.8009
[37m2024-06-28 12:18:28,372 [INFO] - Validation epoch stats:   Loss: 0.3131 - F1-Score: 0.8773 - Accuracy-Score: 0.8773 - AUROC: 0.9668 - AP: 0.8667
[37m2024-06-28 12:18:28,432 [INFO] - Epoch: 26/50
[37m2024-06-28 12:18:28,433 [INFO] - Extracting training cells
[37m2024-06-28 12:18:39,424 [INFO] - Extraction detection metrics - F1: 0.783, Precision: 0.847, Recall: 0.740, Detected-Cells: 5506
[37m2024-06-28 12:18:39,653 [INFO] - Training epoch stats:     Loss: 0.1385 - F1-Score: 0.9510 - Accuracy-Score: 0.9510 - AUROC: 0.9940 - AP: 0.9639
[37m2024-06-28 12:18:39,789 [INFO] - Validation epoch stats:   Loss: 0.3121 - F1-Score: 0.8750 - Accuracy-Score: 0.8750 - AUROC: 0.9664 - AP: 0.8668
[37m2024-06-28 12:18:39,862 [INFO] - Epoch: 27/50
[37m2024-06-28 12:18:39,862 [INFO] - Extracting training cells
[37m2024-06-28 12:18:51,382 [INFO] - Extraction detection metrics - F1: 0.747, Precision: 0.831, Recall: 0.700, Detected-Cells: 5435
[37m2024-06-28 12:18:51,617 [INFO] - Training epoch stats:     Loss: 0.1376 - F1-Score: 0.9466 - Accuracy-Score: 0.9466 - AUROC: 0.9944 - AP: 0.9750
[37m2024-06-28 12:18:51,763 [INFO] - Validation epoch stats:   Loss: 0.3080 - F1-Score: 0.8786 - Accuracy-Score: 0.8786 - AUROC: 0.9678 - AP: 0.8685
[37m2024-06-28 12:18:51,825 [INFO] - Epoch: 28/50
[37m2024-06-28 12:18:51,826 [INFO] - Extracting training cells
[37m2024-06-28 12:19:02,623 [INFO] - Extraction detection metrics - F1: 0.747, Precision: 0.809, Recall: 0.707, Detected-Cells: 5034
[37m2024-06-28 12:19:02,821 [INFO] - Training epoch stats:     Loss: 0.1353 - F1-Score: 0.9529 - Accuracy-Score: 0.9529 - AUROC: 0.9914 - AP: 0.9529
[37m2024-06-28 12:19:02,948 [INFO] - Validation epoch stats:   Loss: 0.3104 - F1-Score: 0.8792 - Accuracy-Score: 0.8792 - AUROC: 0.9688 - AP: 0.8699
[37m2024-06-28 12:19:03,026 [INFO] - Epoch: 29/50
[37m2024-06-28 12:19:03,027 [INFO] - Extracting training cells
[37m2024-06-28 12:19:12,543 [INFO] - Extraction detection metrics - F1: 0.772, Precision: 0.822, Recall: 0.743, Detected-Cells: 4585
[37m2024-06-28 12:19:12,707 [INFO] - Training epoch stats:     Loss: 0.5404 - F1-Score: 0.8286 - Accuracy-Score: 0.8286 - AUROC: 0.9508 - AP: 0.8751
[37m2024-06-28 12:19:12,840 [INFO] - Validation epoch stats:   Loss: 0.3095 - F1-Score: 0.8740 - Accuracy-Score: 0.8740 - AUROC: 0.9671 - AP: 0.8662
[37m2024-06-28 12:19:12,913 [INFO] - Epoch: 30/50
[37m2024-06-28 12:19:12,914 [INFO] - Extracting training cells
[37m2024-06-28 12:19:24,740 [INFO] - Extraction detection metrics - F1: 0.764, Precision: 0.835, Recall: 0.720, Detected-Cells: 5490
[37m2024-06-28 12:19:24,972 [INFO] - Training epoch stats:     Loss: 0.1409 - F1-Score: 0.9501 - Accuracy-Score: 0.9501 - AUROC: 0.9946 - AP: 0.9753
[37m2024-06-28 12:19:25,111 [INFO] - Validation epoch stats:   Loss: 0.3091 - F1-Score: 0.8735 - Accuracy-Score: 0.8735 - AUROC: 0.9675 - AP: 0.8674
[37m2024-06-28 12:19:25,148 [INFO] - Epoch: 31/50
[37m2024-06-28 12:19:25,148 [INFO] - Extracting training cells
[37m2024-06-28 12:19:36,718 [INFO] - Extraction detection metrics - F1: 0.738, Precision: 0.828, Recall: 0.682, Detected-Cells: 4799
[37m2024-06-28 12:19:37,166 [INFO] - Training epoch stats:     Loss: 0.2552 - F1-Score: 0.9154 - Accuracy-Score: 0.9154 - AUROC: 0.9838 - AP: 0.9504
[37m2024-06-28 12:19:37,350 [INFO] - Validation epoch stats:   Loss: 0.3076 - F1-Score: 0.8749 - Accuracy-Score: 0.8749 - AUROC: 0.9684 - AP: 0.8700
[37m2024-06-28 12:19:37,396 [INFO] - Epoch: 32/50
[37m2024-06-28 12:19:37,396 [INFO] - Extracting training cells
[37m2024-06-28 12:19:48,128 [INFO] - Extraction detection metrics - F1: 0.781, Precision: 0.844, Recall: 0.741, Detected-Cells: 5569
[37m2024-06-28 12:19:48,335 [INFO] - Training epoch stats:     Loss: 0.1248 - F1-Score: 0.9574 - Accuracy-Score: 0.9574 - AUROC: 0.9955 - AP: 0.9788
[37m2024-06-28 12:19:48,470 [INFO] - Validation epoch stats:   Loss: 0.3022 - F1-Score: 0.8797 - Accuracy-Score: 0.8797 - AUROC: 0.9704 - AP: 0.8727
[37m2024-06-28 12:19:48,530 [INFO] - Epoch: 33/50
[37m2024-06-28 12:19:48,531 [INFO] - Extracting training cells
[37m2024-06-28 12:19:58,781 [INFO] - Extraction detection metrics - F1: 0.747, Precision: 0.848, Recall: 0.686, Detected-Cells: 5217
[37m2024-06-28 12:19:58,986 [INFO] - Training epoch stats:     Loss: 0.1632 - F1-Score: 0.9396 - Accuracy-Score: 0.9396 - AUROC: 0.9893 - AP: 0.9637
[37m2024-06-28 12:19:59,122 [INFO] - Validation epoch stats:   Loss: 0.3078 - F1-Score: 0.8792 - Accuracy-Score: 0.8792 - AUROC: 0.9706 - AP: 0.8733
[37m2024-06-28 12:19:59,188 [INFO] - Epoch: 34/50
[37m2024-06-28 12:19:59,189 [INFO] - Extracting training cells
[37m2024-06-28 12:20:10,316 [INFO] - Extraction detection metrics - F1: 0.771, Precision: 0.858, Recall: 0.713, Detected-Cells: 5324
[37m2024-06-28 12:20:10,532 [INFO] - Training epoch stats:     Loss: 0.1268 - F1-Score: 0.9536 - Accuracy-Score: 0.9536 - AUROC: 0.9952 - AP: 0.9788
[37m2024-06-28 12:20:10,674 [INFO] - Validation epoch stats:   Loss: 0.3071 - F1-Score: 0.8795 - Accuracy-Score: 0.8795 - AUROC: 0.9701 - AP: 0.8734
[37m2024-06-28 12:20:10,760 [INFO] - Epoch: 35/50
[37m2024-06-28 12:20:10,761 [INFO] - Extracting training cells
[37m2024-06-28 12:20:21,134 [INFO] - Extraction detection metrics - F1: 0.775, Precision: 0.841, Recall: 0.733, Detected-Cells: 5560
[37m2024-06-28 12:20:21,299 [INFO] - Training epoch stats:     Loss: 0.1067 - F1-Score: 0.9574 - Accuracy-Score: 0.9574 - AUROC: 0.9969 - AP: 0.9863
[37m2024-06-28 12:20:21,407 [INFO] - Validation epoch stats:   Loss: 0.3066 - F1-Score: 0.8812 - Accuracy-Score: 0.8812 - AUROC: 0.9706 - AP: 0.8742
[37m2024-06-28 12:20:21,474 [INFO] - Epoch: 36/50
[37m2024-06-28 12:20:21,475 [INFO] - Extracting training cells
[37m2024-06-28 12:20:32,240 [INFO] - Extraction detection metrics - F1: 0.769, Precision: 0.847, Recall: 0.725, Detected-Cells: 5241
[37m2024-06-28 12:20:32,465 [INFO] - Training epoch stats:     Loss: 0.1649 - F1-Score: 0.9409 - Accuracy-Score: 0.9409 - AUROC: 0.9897 - AP: 0.9574
[37m2024-06-28 12:20:32,603 [INFO] - Validation epoch stats:   Loss: 0.3104 - F1-Score: 0.8798 - Accuracy-Score: 0.8798 - AUROC: 0.9708 - AP: 0.8745
[37m2024-06-28 12:20:32,604 [INFO] - Performing early stopping!
[37m2024-06-28 12:20:32,609 [INFO] - Finished run qvrmqdki
