[37m2024-05-16 13:34:59,265 [INFO] - Instantiated Logger. WandB init and config update finished.
[37m2024-05-16 13:34:59,267 [INFO] - Run ist stored here: /cellvit/logs_paper/Head-Evaluation/CoNSeP/SAM-H/Amount-DA/2024-05-16T133444_Amount-4
[37m2024-05-16 13:34:59,349 [INFO] - Cuda devices: [<torch.cuda.device object at 0x7f06c963a710>]
[37m2024-05-16 13:34:59,362 [INFO] - Using GPU: cuda:0
[37m2024-05-16 13:34:59,373 [INFO] - Using device: cuda:0
[37m2024-05-16 13:34:59,383 [INFO] - Loss function:
[37m2024-05-16 13:34:59,394 [INFO] - CrossEntropyLoss()
[37m2024-05-16 13:35:11,874 [INFO] - <All keys matched successfully>
[37m2024-05-16 13:35:13,005 [INFO] -
==========================================================================================
Layer (type:depth-idx)                   Output Shape              Param #
==========================================================================================
LinearClassifier                         [1, 4]                    --
├─Linear: 1-1                            [1, 128]                  163,968
├─ReLU: 1-2                              [1, 128]                  --
├─Dropout: 1-3                           [1, 128]                  --
├─Linear: 1-4                            [1, 4]                    516
==========================================================================================
Total params: 164,484
Trainable params: 164,484
Non-trainable params: 0
Total mult-adds (M): 0.16
==========================================================================================
Input size (MB): 0.01
Forward/backward pass size (MB): 0.00
Params size (MB): 0.66
Estimated Total Size (MB): 0.66
==========================================================================================
[37m2024-05-16 13:35:13,007 [INFO] - Loaded AdamW Optimizer with following hyperparameters:
[37m2024-05-16 13:35:13,015 [INFO] - {'betas': [0.85, 0.9], 'lr': 0.0005, 'weight_decay': 0.0005}
[37m2024-05-16 13:35:13,026 [INFO] - Using early stopping with a range of 20 and maximize strategy
[37m2024-05-16 13:35:13,054 [INFO] - Caching datasets
[37m2024-05-16 13:35:13,861 [INFO] - Instantiate Trainer
[37m2024-05-16 13:35:13,865 [INFO] - Calling Trainer Fit
[37m2024-05-16 13:35:13,872 [INFO] - Starting training, total number of epochs: 50
[37m2024-05-16 13:35:13,883 [INFO] - Epoch: 1/50
[37m2024-05-16 13:35:13,894 [INFO] - Extracting training cells
[37m2024-05-16 13:35:20,232 [INFO] - Extraction detection metrics - F1: 0.784, Precision: 0.860, Recall: 0.733, Detected-Cells: 2090
[37m2024-05-16 13:35:20,392 [INFO] - Training epoch stats:     Loss: 0.6356 - F1-Score: 0.7416 - Accuracy-Score: 0.7416 - AUROC: 0.8790 - AP: 0.6693
[37m2024-05-16 13:35:21,050 [INFO] - Loaded dataset from cache: /Consep/cache/1f728da27af6daed7b166ce5447f5dec18916e3679cb7b74ddaefb4a67df10d2.h5
[37m2024-05-16 13:35:21,148 [INFO] - Validation epoch stats:   Loss: 0.5478 - F1-Score: 0.8030 - Accuracy-Score: 0.8030 - AUROC: 0.9372 - AP: 0.8147
[37m2024-05-16 13:35:21,149 [INFO] - New best model - save checkpoint
[37m2024-05-16 13:35:21,409 [INFO] - Epoch: 2/50
[37m2024-05-16 13:35:21,411 [INFO] - Extracting training cells
[37m2024-05-16 13:35:25,391 [INFO] - Extraction detection metrics - F1: 0.791, Precision: 0.858, Recall: 0.747, Detected-Cells: 2067
[37m2024-05-16 13:35:25,488 [INFO] - Training epoch stats:     Loss: 0.3213 - F1-Score: 0.8897 - Accuracy-Score: 0.8897 - AUROC: 0.9689 - AP: 0.8893
[37m2024-05-16 13:35:25,605 [INFO] - Validation epoch stats:   Loss: 0.4868 - F1-Score: 0.8375 - Accuracy-Score: 0.8375 - AUROC: 0.9476 - AP: 0.8340
[37m2024-05-16 13:35:25,605 [INFO] - New best model - save checkpoint
[37m2024-05-16 13:35:25,859 [INFO] - Epoch: 3/50
[37m2024-05-16 13:35:25,859 [INFO] - Extracting training cells
[37m2024-05-16 13:35:29,034 [INFO] - Extraction detection metrics - F1: 0.785, Precision: 0.867, Recall: 0.725, Detected-Cells: 2020
[37m2024-05-16 13:35:29,122 [INFO] - Training epoch stats:     Loss: 0.2986 - F1-Score: 0.9025 - Accuracy-Score: 0.9025 - AUROC: 0.9733 - AP: 0.9018
[37m2024-05-16 13:35:29,253 [INFO] - Validation epoch stats:   Loss: 0.5115 - F1-Score: 0.8119 - Accuracy-Score: 0.8119 - AUROC: 0.9457 - AP: 0.8311
[37m2024-05-16 13:35:29,315 [INFO] - Epoch: 4/50
[37m2024-05-16 13:35:29,316 [INFO] - Extracting training cells
[37m2024-05-16 13:35:33,513 [INFO] - Extraction detection metrics - F1: 0.791, Precision: 0.854, Recall: 0.746, Detected-Cells: 2057
[37m2024-05-16 13:35:33,595 [INFO] - Training epoch stats:     Loss: 0.2612 - F1-Score: 0.9154 - Accuracy-Score: 0.9154 - AUROC: 0.9816 - AP: 0.9342
[37m2024-05-16 13:35:33,698 [INFO] - Validation epoch stats:   Loss: 0.5279 - F1-Score: 0.8038 - Accuracy-Score: 0.8038 - AUROC: 0.9434 - AP: 0.8272
[37m2024-05-16 13:35:33,758 [INFO] - Epoch: 5/50
[37m2024-05-16 13:35:33,758 [INFO] - Extracting training cells
[37m2024-05-16 13:35:37,431 [INFO] - Extraction detection metrics - F1: 0.781, Precision: 0.870, Recall: 0.726, Detected-Cells: 1996
[37m2024-05-16 13:35:37,500 [INFO] - Training epoch stats:     Loss: 0.2739 - F1-Score: 0.8983 - Accuracy-Score: 0.8983 - AUROC: 0.9807 - AP: 0.9305
[37m2024-05-16 13:35:37,634 [INFO] - Validation epoch stats:   Loss: 0.4430 - F1-Score: 0.8376 - Accuracy-Score: 0.8376 - AUROC: 0.9483 - AP: 0.8354
[37m2024-05-16 13:35:37,635 [INFO] - New best model - save checkpoint
[37m2024-05-16 13:35:37,889 [INFO] - Epoch: 6/50
[37m2024-05-16 13:35:37,889 [INFO] - Extracting training cells
[37m2024-05-16 13:35:42,170 [INFO] - Extraction detection metrics - F1: 0.761, Precision: 0.850, Recall: 0.703, Detected-Cells: 1970
[37m2024-05-16 13:35:42,432 [INFO] - Training epoch stats:     Loss: 0.2938 - F1-Score: 0.8919 - Accuracy-Score: 0.8919 - AUROC: 0.9736 - AP: 0.9140
[37m2024-05-16 13:35:42,536 [INFO] - Validation epoch stats:   Loss: 0.4674 - F1-Score: 0.8229 - Accuracy-Score: 0.8229 - AUROC: 0.9461 - AP: 0.8361
[37m2024-05-16 13:35:42,593 [INFO] - Epoch: 7/50
[37m2024-05-16 13:35:42,594 [INFO] - Extracting training cells
[37m2024-05-16 13:35:45,693 [INFO] - Extraction detection metrics - F1: 0.771, Precision: 0.839, Recall: 0.721, Detected-Cells: 1995
[37m2024-05-16 13:35:45,768 [INFO] - Training epoch stats:     Loss: 0.2241 - F1-Score: 0.9193 - Accuracy-Score: 0.9193 - AUROC: 0.9856 - AP: 0.9416
[37m2024-05-16 13:35:45,873 [INFO] - Validation epoch stats:   Loss: 0.5132 - F1-Score: 0.8011 - Accuracy-Score: 0.8011 - AUROC: 0.9401 - AP: 0.8274
[37m2024-05-16 13:35:45,927 [INFO] - Epoch: 8/50
[37m2024-05-16 13:35:45,928 [INFO] - Extracting training cells
[37m2024-05-16 13:35:49,448 [INFO] - Extraction detection metrics - F1: 0.783, Precision: 0.848, Recall: 0.735, Detected-Cells: 2041
[37m2024-05-16 13:35:49,534 [INFO] - Training epoch stats:     Loss: 0.2050 - F1-Score: 0.9294 - Accuracy-Score: 0.9294 - AUROC: 0.9883 - AP: 0.9533
[37m2024-05-16 13:35:49,675 [INFO] - Validation epoch stats:   Loss: 0.5209 - F1-Score: 0.8059 - Accuracy-Score: 0.8059 - AUROC: 0.9364 - AP: 0.8208
[37m2024-05-16 13:35:49,742 [INFO] - Epoch: 9/50
[37m2024-05-16 13:35:49,743 [INFO] - Extracting training cells
[37m2024-05-16 13:35:53,992 [INFO] - Extraction detection metrics - F1: 0.739, Precision: 0.832, Recall: 0.668, Detected-Cells: 1704
[37m2024-05-16 13:35:54,061 [INFO] - Training epoch stats:     Loss: 0.9327 - F1-Score: 0.7406 - Accuracy-Score: 0.7406 - AUROC: 0.8690 - AP: 0.7138
[37m2024-05-16 13:35:54,165 [INFO] - Validation epoch stats:   Loss: 0.6575 - F1-Score: 0.7647 - Accuracy-Score: 0.7647 - AUROC: 0.9106 - AP: 0.7860
[37m2024-05-16 13:35:54,221 [INFO] - Epoch: 10/50
[37m2024-05-16 13:35:54,221 [INFO] - Extracting training cells
[37m2024-05-16 13:35:57,407 [INFO] - Extraction detection metrics - F1: 0.749, Precision: 0.816, Recall: 0.697, Detected-Cells: 1918
[37m2024-05-16 13:35:57,478 [INFO] - Training epoch stats:     Loss: 0.3980 - F1-Score: 0.8759 - Accuracy-Score: 0.8759 - AUROC: 0.9741 - AP: 0.9167
[37m2024-05-16 13:35:57,582 [INFO] - Validation epoch stats:   Loss: 0.5429 - F1-Score: 0.7813 - Accuracy-Score: 0.7813 - AUROC: 0.9329 - AP: 0.8161
[37m2024-05-16 13:35:57,640 [INFO] - Epoch: 11/50
[37m2024-05-16 13:35:57,640 [INFO] - Extracting training cells
[37m2024-05-16 13:36:01,407 [INFO] - Extraction detection metrics - F1: 0.731, Precision: 0.844, Recall: 0.653, Detected-Cells: 1838
[37m2024-05-16 13:36:01,490 [INFO] - Training epoch stats:     Loss: 0.2610 - F1-Score: 0.9070 - Accuracy-Score: 0.9070 - AUROC: 0.9828 - AP: 0.9432
[37m2024-05-16 13:36:01,636 [INFO] - Validation epoch stats:   Loss: 0.4745 - F1-Score: 0.8318 - Accuracy-Score: 0.8318 - AUROC: 0.9437 - AP: 0.8271
[37m2024-05-16 13:36:01,697 [INFO] - Epoch: 12/50
[37m2024-05-16 13:36:01,697 [INFO] - Extracting training cells
[37m2024-05-16 13:36:05,712 [INFO] - Extraction detection metrics - F1: 0.794, Precision: 0.846, Recall: 0.755, Detected-Cells: 2086
[37m2024-05-16 13:36:05,799 [INFO] - Training epoch stats:     Loss: 0.1628 - F1-Score: 0.9362 - Accuracy-Score: 0.9362 - AUROC: 0.9920 - AP: 0.9671
[37m2024-05-16 13:36:05,945 [INFO] - Validation epoch stats:   Loss: 0.5122 - F1-Score: 0.8211 - Accuracy-Score: 0.8211 - AUROC: 0.9421 - AP: 0.8190
[37m2024-05-16 13:36:06,002 [INFO] - Epoch: 13/50
[37m2024-05-16 13:36:06,003 [INFO] - Extracting training cells
[37m2024-05-16 13:36:10,106 [INFO] - Extraction detection metrics - F1: 0.777, Precision: 0.838, Recall: 0.735, Detected-Cells: 2032
[37m2024-05-16 13:36:10,210 [INFO] - Training epoch stats:     Loss: 0.2522 - F1-Score: 0.9094 - Accuracy-Score: 0.9094 - AUROC: 0.9833 - AP: 0.9349
[37m2024-05-16 13:36:10,370 [INFO] - Validation epoch stats:   Loss: 0.4847 - F1-Score: 0.8211 - Accuracy-Score: 0.8211 - AUROC: 0.9411 - AP: 0.8190
[37m2024-05-16 13:36:10,428 [INFO] - Epoch: 14/50
[37m2024-05-16 13:36:10,429 [INFO] - Extracting training cells
[37m2024-05-16 13:36:14,979 [INFO] - Extraction detection metrics - F1: 0.747, Precision: 0.872, Recall: 0.675, Detected-Cells: 1988
[37m2024-05-16 13:36:15,064 [INFO] - Training epoch stats:     Loss: 0.2121 - F1-Score: 0.9266 - Accuracy-Score: 0.9266 - AUROC: 0.9885 - AP: 0.9587
[37m2024-05-16 13:36:15,209 [INFO] - Validation epoch stats:   Loss: 0.5183 - F1-Score: 0.7921 - Accuracy-Score: 0.7921 - AUROC: 0.9417 - AP: 0.8217
[37m2024-05-16 13:36:15,269 [INFO] - Epoch: 15/50
[37m2024-05-16 13:36:15,270 [INFO] - Extracting training cells
[37m2024-05-16 13:36:19,213 [INFO] - Extraction detection metrics - F1: 0.774, Precision: 0.872, Recall: 0.699, Detected-Cells: 1925
[37m2024-05-16 13:36:19,316 [INFO] - Training epoch stats:     Loss: 0.2150 - F1-Score: 0.9247 - Accuracy-Score: 0.9247 - AUROC: 0.9869 - AP: 0.9572
[37m2024-05-16 13:36:19,466 [INFO] - Validation epoch stats:   Loss: 0.4635 - F1-Score: 0.8187 - Accuracy-Score: 0.8187 - AUROC: 0.9428 - AP: 0.8242
[37m2024-05-16 13:36:19,529 [INFO] - Epoch: 16/50
[37m2024-05-16 13:36:19,529 [INFO] - Extracting training cells
[37m2024-05-16 13:36:23,778 [INFO] - Extraction detection metrics - F1: 0.796, Precision: 0.860, Recall: 0.753, Detected-Cells: 2108
[37m2024-05-16 13:36:23,878 [INFO] - Training epoch stats:     Loss: 0.1367 - F1-Score: 0.9549 - Accuracy-Score: 0.9549 - AUROC: 0.9953 - AP: 0.9798
[37m2024-05-16 13:36:24,022 [INFO] - Validation epoch stats:   Loss: 0.4764 - F1-Score: 0.8287 - Accuracy-Score: 0.8287 - AUROC: 0.9428 - AP: 0.8200
[37m2024-05-16 13:36:24,077 [INFO] - Epoch: 17/50
[37m2024-05-16 13:36:24,077 [INFO] - Extracting training cells
[37m2024-05-16 13:36:27,846 [INFO] - Extraction detection metrics - F1: 0.799, Precision: 0.856, Recall: 0.757, Detected-Cells: 2097
[37m2024-05-16 13:36:27,933 [INFO] - Training epoch stats:     Loss: 0.1378 - F1-Score: 0.9509 - Accuracy-Score: 0.9509 - AUROC: 0.9947 - AP: 0.9777
[37m2024-05-16 13:36:28,059 [INFO] - Validation epoch stats:   Loss: 0.5703 - F1-Score: 0.8043 - Accuracy-Score: 0.8043 - AUROC: 0.9366 - AP: 0.8077
[37m2024-05-16 13:36:28,131 [INFO] - Epoch: 18/50
[37m2024-05-16 13:36:28,132 [INFO] - Extracting training cells
[37m2024-05-16 13:36:32,462 [INFO] - Extraction detection metrics - F1: 0.770, Precision: 0.870, Recall: 0.705, Detected-Cells: 1918
[37m2024-05-16 13:36:32,548 [INFO] - Training epoch stats:     Loss: 0.1919 - F1-Score: 0.9312 - Accuracy-Score: 0.9312 - AUROC: 0.9893 - AP: 0.9582
[37m2024-05-16 13:36:32,689 [INFO] - Validation epoch stats:   Loss: 0.6129 - F1-Score: 0.7731 - Accuracy-Score: 0.7731 - AUROC: 0.9330 - AP: 0.8120
[37m2024-05-16 13:36:32,755 [INFO] - Epoch: 19/50
[37m2024-05-16 13:36:32,755 [INFO] - Extracting training cells
[37m2024-05-16 13:36:37,858 [INFO] - Extraction detection metrics - F1: 0.756, Precision: 0.816, Recall: 0.711, Detected-Cells: 1994
[37m2024-05-16 13:36:37,954 [INFO] - Training epoch stats:     Loss: 0.1592 - F1-Score: 0.9493 - Accuracy-Score: 0.9493 - AUROC: 0.9921 - AP: 0.9701
[37m2024-05-16 13:36:38,105 [INFO] - Validation epoch stats:   Loss: 0.5242 - F1-Score: 0.8045 - Accuracy-Score: 0.8045 - AUROC: 0.9447 - AP: 0.8225
[37m2024-05-16 13:36:38,169 [INFO] - Epoch: 20/50
[37m2024-05-16 13:36:38,169 [INFO] - Extracting training cells
[37m2024-05-16 13:36:42,576 [INFO] - Extraction detection metrics - F1: 0.750, Precision: 0.856, Recall: 0.689, Detected-Cells: 1850
[37m2024-05-16 13:36:42,657 [INFO] - Training epoch stats:     Loss: 0.8565 - F1-Score: 0.7692 - Accuracy-Score: 0.7692 - AUROC: 0.8997 - AP: 0.7674
[37m2024-05-16 13:36:42,792 [INFO] - Validation epoch stats:   Loss: 0.6374 - F1-Score: 0.7336 - Accuracy-Score: 0.7336 - AUROC: 0.9140 - AP: 0.7726
[37m2024-05-16 13:36:42,862 [INFO] - Epoch: 21/50
[37m2024-05-16 13:36:42,863 [INFO] - Extracting training cells
[37m2024-05-16 13:36:46,737 [INFO] - Extraction detection metrics - F1: 0.777, Precision: 0.853, Recall: 0.723, Detected-Cells: 2036
[37m2024-05-16 13:36:46,848 [INFO] - Training epoch stats:     Loss: 0.3726 - F1-Score: 0.8905 - Accuracy-Score: 0.8905 - AUROC: 0.9834 - AP: 0.9456
[37m2024-05-16 13:36:47,014 [INFO] - Validation epoch stats:   Loss: 0.5169 - F1-Score: 0.7952 - Accuracy-Score: 0.7952 - AUROC: 0.9289 - AP: 0.7989
[37m2024-05-16 13:36:47,095 [INFO] - Epoch: 22/50
[37m2024-05-16 13:36:47,096 [INFO] - Extracting training cells
[37m2024-05-16 13:36:51,822 [INFO] - Extraction detection metrics - F1: 0.784, Precision: 0.864, Recall: 0.732, Detected-Cells: 2087
[37m2024-05-16 13:36:51,943 [INFO] - Training epoch stats:     Loss: 0.1842 - F1-Score: 0.9497 - Accuracy-Score: 0.9497 - AUROC: 0.9932 - AP: 0.9783
[37m2024-05-16 13:36:52,109 [INFO] - Validation epoch stats:   Loss: 0.5274 - F1-Score: 0.8093 - Accuracy-Score: 0.8093 - AUROC: 0.9366 - AP: 0.8163
[37m2024-05-16 13:36:52,173 [INFO] - Epoch: 23/50
[37m2024-05-16 13:36:52,173 [INFO] - Extracting training cells
[37m2024-05-16 13:36:56,231 [INFO] - Extraction detection metrics - F1: 0.778, Precision: 0.845, Recall: 0.734, Detected-Cells: 2022
[37m2024-05-16 13:36:56,334 [INFO] - Training epoch stats:     Loss: 0.2028 - F1-Score: 0.9288 - Accuracy-Score: 0.9288 - AUROC: 0.9861 - AP: 0.9552
[37m2024-05-16 13:36:56,487 [INFO] - Validation epoch stats:   Loss: 0.5248 - F1-Score: 0.8143 - Accuracy-Score: 0.8143 - AUROC: 0.9397 - AP: 0.8162
[37m2024-05-16 13:36:56,559 [INFO] - Epoch: 24/50
[37m2024-05-16 13:36:56,559 [INFO] - Extracting training cells
[37m2024-05-16 13:37:01,166 [INFO] - Extraction detection metrics - F1: 0.776, Precision: 0.848, Recall: 0.732, Detected-Cells: 2015
[37m2024-05-16 13:37:01,254 [INFO] - Training epoch stats:     Loss: 0.1901 - F1-Score: 0.9226 - Accuracy-Score: 0.9226 - AUROC: 0.9910 - AP: 0.9641
[37m2024-05-16 13:37:01,409 [INFO] - Validation epoch stats:   Loss: 0.5531 - F1-Score: 0.7987 - Accuracy-Score: 0.7987 - AUROC: 0.9359 - AP: 0.8108
[37m2024-05-16 13:37:01,477 [INFO] - Epoch: 25/50
[37m2024-05-16 13:37:01,477 [INFO] - Extracting training cells
[37m2024-05-16 13:37:04,807 [INFO] - Extraction detection metrics - F1: 0.788, Precision: 0.854, Recall: 0.743, Detected-Cells: 2052
[37m2024-05-16 13:37:04,903 [INFO] - Training epoch stats:     Loss: 0.1749 - F1-Score: 0.9288 - Accuracy-Score: 0.9288 - AUROC: 0.9905 - AP: 0.9617
[37m2024-05-16 13:37:05,048 [INFO] - Validation epoch stats:   Loss: 0.5354 - F1-Score: 0.8081 - Accuracy-Score: 0.8081 - AUROC: 0.9361 - AP: 0.8124
[37m2024-05-16 13:37:05,049 [INFO] - Performing early stopping!
[37m2024-05-16 13:37:05,061 [INFO] - Finished run 3zvibzrw
