[37m2024-06-25 09:06:05,381 [INFO] - Instantiated Logger. WandB init and config update finished.
[37m2024-06-25 09:06:05,382 [INFO] - Run ist stored here: /cellvit/logs_paper/Head-Evaluation/ocelot/ViT256/Amount/Aug/10/2024-06-25T090553_CellViT-ViT256-10Percent
[37m2024-06-25 09:06:05,443 [INFO] - Cuda devices: [<torch.cuda.device object at 0x7ff1369746a0>]
[37m2024-06-25 09:06:05,444 [INFO] - Using GPU: cuda:0
[37m2024-06-25 09:06:05,449 [INFO] - Using device: cuda:0
[37m2024-06-25 09:06:05,453 [INFO] - Loss function:
[37m2024-06-25 09:06:05,457 [INFO] - CrossEntropyLoss()
[37m2024-06-25 09:06:08,072 [INFO] - <All keys matched successfully>
[37m2024-06-25 09:06:08,349 [INFO] -
==========================================================================================
Layer (type:depth-idx)                   Output Shape              Param #
==========================================================================================
LinearClassifier                         [1, 2]                    --
├─Linear: 1-1                            [1, 256]                  98,560
├─ReLU: 1-2                              [1, 256]                  --
├─Dropout: 1-3                           [1, 256]                  --
├─Linear: 1-4                            [1, 2]                    514
==========================================================================================
Total params: 99,074
Trainable params: 99,074
Non-trainable params: 0
Total mult-adds (M): 0.10
==========================================================================================
Input size (MB): 0.00
Forward/backward pass size (MB): 0.00
Params size (MB): 0.40
Estimated Total Size (MB): 0.40
==========================================================================================
[37m2024-06-25 09:06:08,351 [INFO] - Loaded AdamW Optimizer with following hyperparameters:
[37m2024-06-25 09:06:08,355 [INFO] - {'betas': [0.85, 0.9], 'lr': 4.4403255414468894e-05, 'weight_decay': 8.22969479387945e-05}
[37m2024-06-25 09:06:08,360 [INFO] - Using early stopping with a range of 10 and maximize strategy
[37m2024-06-25 09:06:08,377 [INFO] - Caching datasets
[37m2024-06-25 09:06:10,235 [INFO] - Instantiate Trainer
[37m2024-06-25 09:06:10,239 [INFO] - Calling Trainer Fit
[37m2024-06-25 09:06:10,242 [INFO] - Starting training, total number of epochs: 50
[37m2024-06-25 09:06:10,248 [INFO] - Epoch: 1/50
[37m2024-06-25 09:06:10,253 [INFO] - Extracting training cells
[37m2024-06-25 09:06:33,904 [INFO] - Extraction detection metrics - F1: 0.717, Precision: 0.696, Recall: 0.816, Detected-Cells: 5533
[37m2024-06-25 09:06:34,192 [INFO] - Training epoch stats:     Loss: 0.6776 - F1-Score: 0.6778 - Accuracy-Score: 0.6373 - AUROC: 0.7092 - AP: 0.7760
[37m2024-06-25 09:06:35,721 [INFO] - Loaded dataset from cache: /OCELOT-Orig/cache/84a96648cf0731d52e69bfe32a74428f944857015825e7a06ae5f471f93f4855.h5
[37m2024-06-25 09:06:36,361 [INFO] - Validation epoch stats:   Loss: 0.6686 - F1-Score: 0.7874 - Accuracy-Score: 0.7083 - AUROC: 0.7391 - AP: 0.8066
[37m2024-06-25 09:06:36,362 [INFO] - New best model - save checkpoint
[37m2024-06-25 09:06:36,496 [INFO] - Epoch: 2/50
[37m2024-06-25 09:06:36,497 [INFO] - Extracting training cells
[37m2024-06-25 09:06:56,417 [INFO] - Extraction detection metrics - F1: 0.725, Precision: 0.703, Recall: 0.818, Detected-Cells: 5778
[37m2024-06-25 09:06:56,624 [INFO] - Training epoch stats:     Loss: 0.6426 - F1-Score: 0.8329 - Accuracy-Score: 0.7601 - AUROC: 0.8415 - AP: 0.8708
[37m2024-06-25 09:06:56,996 [INFO] - Validation epoch stats:   Loss: 0.6445 - F1-Score: 0.8043 - Accuracy-Score: 0.7152 - AUROC: 0.7893 - AP: 0.8599
[37m2024-06-25 09:06:56,997 [INFO] - New best model - save checkpoint
[37m2024-06-25 09:06:57,145 [INFO] - Epoch: 3/50
[37m2024-06-25 09:06:57,146 [INFO] - Extracting training cells
[37m2024-06-25 09:07:15,727 [INFO] - Extraction detection metrics - F1: 0.722, Precision: 0.699, Recall: 0.817, Detected-Cells: 5815
[37m2024-06-25 09:07:15,942 [INFO] - Training epoch stats:     Loss: 0.6186 - F1-Score: 0.8209 - Accuracy-Score: 0.7360 - AUROC: 0.8653 - AP: 0.8858
[37m2024-06-25 09:07:16,333 [INFO] - Validation epoch stats:   Loss: 0.6248 - F1-Score: 0.8125 - Accuracy-Score: 0.7276 - AUROC: 0.8104 - AP: 0.8785
[37m2024-06-25 09:07:16,334 [INFO] - New best model - save checkpoint
[37m2024-06-25 09:07:16,484 [INFO] - Epoch: 4/50
[37m2024-06-25 09:07:16,484 [INFO] - Extracting training cells
[37m2024-06-25 09:07:34,387 [INFO] - Extraction detection metrics - F1: 0.711, Precision: 0.680, Recall: 0.805, Detected-Cells: 5717
[37m2024-06-25 09:07:34,713 [INFO] - Training epoch stats:     Loss: 0.5866 - F1-Score: 0.8329 - Accuracy-Score: 0.7560 - AUROC: 0.8761 - AP: 0.9058
[37m2024-06-25 09:07:35,344 [INFO] - Validation epoch stats:   Loss: 0.6071 - F1-Score: 0.8180 - Accuracy-Score: 0.7400 - AUROC: 0.8223 - AP: 0.8882
[37m2024-06-25 09:07:35,345 [INFO] - New best model - save checkpoint
[37m2024-06-25 09:07:35,499 [INFO] - Epoch: 5/50
[37m2024-06-25 09:07:35,500 [INFO] - Extracting training cells
[37m2024-06-25 09:07:55,104 [INFO] - Extraction detection metrics - F1: 0.710, Precision: 0.686, Recall: 0.803, Detected-Cells: 5293
[37m2024-06-25 09:07:55,286 [INFO] - Training epoch stats:     Loss: 0.5706 - F1-Score: 0.8337 - Accuracy-Score: 0.7619 - AUROC: 0.8811 - AP: 0.8998
[37m2024-06-25 09:07:55,665 [INFO] - Validation epoch stats:   Loss: 0.5928 - F1-Score: 0.8233 - Accuracy-Score: 0.7547 - AUROC: 0.8306 - AP: 0.8948
[37m2024-06-25 09:07:55,666 [INFO] - New best model - save checkpoint
[37m2024-06-25 09:07:55,820 [INFO] - Epoch: 6/50
[37m2024-06-25 09:07:55,821 [INFO] - Extracting training cells
[37m2024-06-25 09:08:13,970 [INFO] - Extraction detection metrics - F1: 0.704, Precision: 0.677, Recall: 0.806, Detected-Cells: 5305
[37m2024-06-25 09:08:14,154 [INFO] - Training epoch stats:     Loss: 0.5411 - F1-Score: 0.8545 - Accuracy-Score: 0.7926 - AUROC: 0.8876 - AP: 0.9201
[37m2024-06-25 09:08:14,535 [INFO] - Validation epoch stats:   Loss: 0.5775 - F1-Score: 0.8279 - Accuracy-Score: 0.7623 - AUROC: 0.8367 - AP: 0.8986
[37m2024-06-25 09:08:14,536 [INFO] - New best model - save checkpoint
[37m2024-06-25 09:08:14,703 [INFO] - Epoch: 7/50
[37m2024-06-25 09:08:14,704 [INFO] - Extracting training cells
[37m2024-06-25 09:08:34,739 [INFO] - Extraction detection metrics - F1: 0.721, Precision: 0.696, Recall: 0.819, Detected-Cells: 5865
[37m2024-06-25 09:08:34,944 [INFO] - Training epoch stats:     Loss: 0.5121 - F1-Score: 0.8716 - Accuracy-Score: 0.8174 - AUROC: 0.9099 - AP: 0.9341
[37m2024-06-25 09:08:35,365 [INFO] - Validation epoch stats:   Loss: 0.5624 - F1-Score: 0.8308 - Accuracy-Score: 0.7699 - AUROC: 0.8405 - AP: 0.9011
[37m2024-06-25 09:08:35,366 [INFO] - New best model - save checkpoint
[37m2024-06-25 09:08:35,512 [INFO] - Epoch: 8/50
[37m2024-06-25 09:08:35,512 [INFO] - Extracting training cells
[37m2024-06-25 09:08:58,674 [INFO] - Extraction detection metrics - F1: 0.719, Precision: 0.700, Recall: 0.812, Detected-Cells: 5805
[37m2024-06-25 09:08:58,875 [INFO] - Training epoch stats:     Loss: 0.5115 - F1-Score: 0.8619 - Accuracy-Score: 0.8083 - AUROC: 0.8911 - AP: 0.9131
[37m2024-06-25 09:08:59,259 [INFO] - Validation epoch stats:   Loss: 0.5508 - F1-Score: 0.8315 - Accuracy-Score: 0.7755 - AUROC: 0.8430 - AP: 0.9029
[37m2024-06-25 09:08:59,260 [INFO] - New best model - save checkpoint
[37m2024-06-25 09:08:59,422 [INFO] - Epoch: 9/50
[37m2024-06-25 09:08:59,422 [INFO] - Extracting training cells
[37m2024-06-25 09:09:20,778 [INFO] - Extraction detection metrics - F1: 0.713, Precision: 0.685, Recall: 0.814, Detected-Cells: 5844
[37m2024-06-25 09:09:20,947 [INFO] - Training epoch stats:     Loss: 0.4828 - F1-Score: 0.8734 - Accuracy-Score: 0.8261 - AUROC: 0.8979 - AP: 0.9235
[37m2024-06-25 09:09:21,326 [INFO] - Validation epoch stats:   Loss: 0.5405 - F1-Score: 0.8312 - Accuracy-Score: 0.7787 - AUROC: 0.8455 - AP: 0.9048
[37m2024-06-25 09:09:21,326 [INFO] - New best model - save checkpoint
[37m2024-06-25 09:09:21,462 [INFO] - Epoch: 10/50
[37m2024-06-25 09:09:21,463 [INFO] - Extracting training cells
[37m2024-06-25 09:09:39,955 [INFO] - Extraction detection metrics - F1: 0.704, Precision: 0.683, Recall: 0.795, Detected-Cells: 5851
[37m2024-06-25 09:09:40,168 [INFO] - Training epoch stats:     Loss: 0.4697 - F1-Score: 0.8744 - Accuracy-Score: 0.8272 - AUROC: 0.8983 - AP: 0.9258
[37m2024-06-25 09:09:40,868 [INFO] - Validation epoch stats:   Loss: 0.5316 - F1-Score: 0.8307 - Accuracy-Score: 0.7797 - AUROC: 0.8461 - AP: 0.9051
[37m2024-06-25 09:09:40,869 [INFO] - New best model - save checkpoint
[37m2024-06-25 09:09:41,010 [INFO] - Epoch: 11/50
[37m2024-06-25 09:09:41,010 [INFO] - Extracting training cells
[37m2024-06-25 09:09:59,394 [INFO] - Extraction detection metrics - F1: 0.715, Precision: 0.696, Recall: 0.806, Detected-Cells: 5745
[37m2024-06-25 09:09:59,601 [INFO] - Training epoch stats:     Loss: 0.4573 - F1-Score: 0.8781 - Accuracy-Score: 0.8360 - AUROC: 0.9099 - AP: 0.9332
[37m2024-06-25 09:09:59,997 [INFO] - Validation epoch stats:   Loss: 0.5224 - F1-Score: 0.8306 - Accuracy-Score: 0.7811 - AUROC: 0.8479 - AP: 0.9062
[37m2024-06-25 09:09:59,998 [INFO] - New best model - save checkpoint
[37m2024-06-25 09:10:00,155 [INFO] - Epoch: 12/50
[37m2024-06-25 09:10:00,155 [INFO] - Extracting training cells
[37m2024-06-25 09:10:18,663 [INFO] - Extraction detection metrics - F1: 0.697, Precision: 0.672, Recall: 0.800, Detected-Cells: 5446
[37m2024-06-25 09:10:18,857 [INFO] - Training epoch stats:     Loss: 0.4491 - F1-Score: 0.8772 - Accuracy-Score: 0.8335 - AUROC: 0.9012 - AP: 0.9304
[37m2024-06-25 09:10:19,256 [INFO] - Validation epoch stats:   Loss: 0.5165 - F1-Score: 0.8286 - Accuracy-Score: 0.7810 - AUROC: 0.8488 - AP: 0.9071
[37m2024-06-25 09:10:19,257 [INFO] - New best model - save checkpoint
[37m2024-06-25 09:10:19,390 [INFO] - Epoch: 13/50
[37m2024-06-25 09:10:19,391 [INFO] - Extracting training cells
[37m2024-06-25 09:10:40,357 [INFO] - Extraction detection metrics - F1: 0.721, Precision: 0.695, Recall: 0.817, Detected-Cells: 5922
[37m2024-06-25 09:10:40,565 [INFO] - Training epoch stats:     Loss: 0.4362 - F1-Score: 0.8797 - Accuracy-Score: 0.8401 - AUROC: 0.9069 - AP: 0.9309
[37m2024-06-25 09:10:40,937 [INFO] - Validation epoch stats:   Loss: 0.5111 - F1-Score: 0.8267 - Accuracy-Score: 0.7808 - AUROC: 0.8496 - AP: 0.9075
[37m2024-06-25 09:10:40,938 [INFO] - New best model - save checkpoint
[37m2024-06-25 09:10:41,073 [INFO] - Epoch: 14/50
[37m2024-06-25 09:10:41,073 [INFO] - Extracting training cells
[37m2024-06-25 09:11:01,978 [INFO] - Extraction detection metrics - F1: 0.713, Precision: 0.682, Recall: 0.812, Detected-Cells: 5858
[37m2024-06-25 09:11:02,179 [INFO] - Training epoch stats:     Loss: 0.4185 - F1-Score: 0.8818 - Accuracy-Score: 0.8457 - AUROC: 0.9106 - AP: 0.9324
[37m2024-06-25 09:11:02,555 [INFO] - Validation epoch stats:   Loss: 0.5071 - F1-Score: 0.8234 - Accuracy-Score: 0.7788 - AUROC: 0.8504 - AP: 0.9082
[37m2024-06-25 09:11:02,556 [INFO] - New best model - save checkpoint
[37m2024-06-25 09:11:02,700 [INFO] - Epoch: 15/50
[37m2024-06-25 09:11:02,701 [INFO] - Extracting training cells
[37m2024-06-25 09:11:23,871 [INFO] - Extraction detection metrics - F1: 0.730, Precision: 0.712, Recall: 0.798, Detected-Cells: 5568
[37m2024-06-25 09:11:24,302 [INFO] - Training epoch stats:     Loss: 0.4178 - F1-Score: 0.8823 - Accuracy-Score: 0.8434 - AUROC: 0.9023 - AP: 0.9271
[37m2024-06-25 09:11:24,697 [INFO] - Validation epoch stats:   Loss: 0.5032 - F1-Score: 0.8225 - Accuracy-Score: 0.7789 - AUROC: 0.8509 - AP: 0.9086
[37m2024-06-25 09:11:24,697 [INFO] - New best model - save checkpoint
[37m2024-06-25 09:11:24,844 [INFO] - Epoch: 16/50
[37m2024-06-25 09:11:24,845 [INFO] - Extracting training cells
[37m2024-06-25 09:11:46,636 [INFO] - Extraction detection metrics - F1: 0.709, Precision: 0.689, Recall: 0.801, Detected-Cells: 5670
[37m2024-06-25 09:11:46,841 [INFO] - Training epoch stats:     Loss: 0.4252 - F1-Score: 0.8730 - Accuracy-Score: 0.8351 - AUROC: 0.8944 - AP: 0.9280
[37m2024-06-25 09:11:47,242 [INFO] - Validation epoch stats:   Loss: 0.5024 - F1-Score: 0.8206 - Accuracy-Score: 0.7784 - AUROC: 0.8509 - AP: 0.9085
[37m2024-06-25 09:11:47,284 [INFO] - Epoch: 17/50
[37m2024-06-25 09:11:47,284 [INFO] - Extracting training cells
[37m2024-06-25 09:12:07,340 [INFO] - Extraction detection metrics - F1: 0.719, Precision: 0.691, Recall: 0.823, Detected-Cells: 5570
[37m2024-06-25 09:12:07,538 [INFO] - Training epoch stats:     Loss: 0.4117 - F1-Score: 0.8772 - Accuracy-Score: 0.8483 - AUROC: 0.9074 - AP: 0.9243
[37m2024-06-25 09:12:07,933 [INFO] - Validation epoch stats:   Loss: 0.4981 - F1-Score: 0.8211 - Accuracy-Score: 0.7786 - AUROC: 0.8512 - AP: 0.9086
[37m2024-06-25 09:12:07,934 [INFO] - New best model - save checkpoint
[37m2024-06-25 09:12:08,066 [INFO] - Epoch: 18/50
[37m2024-06-25 09:12:08,067 [INFO] - Extracting training cells
[37m2024-06-25 09:12:28,226 [INFO] - Extraction detection metrics - F1: 0.707, Precision: 0.688, Recall: 0.799, Detected-Cells: 5802
[37m2024-06-25 09:12:28,432 [INFO] - Training epoch stats:     Loss: 0.3939 - F1-Score: 0.8861 - Accuracy-Score: 0.8528 - AUROC: 0.9199 - AP: 0.9409
[37m2024-06-25 09:12:28,810 [INFO] - Validation epoch stats:   Loss: 0.4960 - F1-Score: 0.8204 - Accuracy-Score: 0.7785 - AUROC: 0.8513 - AP: 0.9088
[37m2024-06-25 09:12:28,811 [INFO] - New best model - save checkpoint
[37m2024-06-25 09:12:28,972 [INFO] - Epoch: 19/50
[37m2024-06-25 09:12:28,973 [INFO] - Extracting training cells
[37m2024-06-25 09:12:47,969 [INFO] - Extraction detection metrics - F1: 0.728, Precision: 0.708, Recall: 0.824, Detected-Cells: 6005
[37m2024-06-25 09:12:48,308 [INFO] - Training epoch stats:     Loss: 0.3889 - F1-Score: 0.8908 - Accuracy-Score: 0.8590 - AUROC: 0.9168 - AP: 0.9347
[37m2024-06-25 09:12:48,946 [INFO] - Validation epoch stats:   Loss: 0.4940 - F1-Score: 0.8193 - Accuracy-Score: 0.7781 - AUROC: 0.8523 - AP: 0.9094
[37m2024-06-25 09:12:48,947 [INFO] - New best model - save checkpoint
[37m2024-06-25 09:12:49,112 [INFO] - Epoch: 20/50
[37m2024-06-25 09:12:49,113 [INFO] - Extracting training cells
[37m2024-06-25 09:13:07,796 [INFO] - Extraction detection metrics - F1: 0.724, Precision: 0.695, Recall: 0.823, Detected-Cells: 5895
[37m2024-06-25 09:13:08,016 [INFO] - Training epoch stats:     Loss: 0.3967 - F1-Score: 0.8824 - Accuracy-Score: 0.8509 - AUROC: 0.9163 - AP: 0.9368
[37m2024-06-25 09:13:08,567 [INFO] - Validation epoch stats:   Loss: 0.4925 - F1-Score: 0.8191 - Accuracy-Score: 0.7786 - AUROC: 0.8528 - AP: 0.9097
[37m2024-06-25 09:13:08,568 [INFO] - New best model - save checkpoint
[37m2024-06-25 09:13:08,712 [INFO] - Epoch: 21/50
[37m2024-06-25 09:13:08,712 [INFO] - Extracting training cells
[37m2024-06-25 09:13:27,043 [INFO] - Extraction detection metrics - F1: 0.709, Precision: 0.679, Recall: 0.812, Detected-Cells: 5695
[37m2024-06-25 09:13:27,239 [INFO] - Training epoch stats:     Loss: 0.3773 - F1-Score: 0.8878 - Accuracy-Score: 0.8557 - AUROC: 0.9176 - AP: 0.9401
[37m2024-06-25 09:13:27,611 [INFO] - Validation epoch stats:   Loss: 0.4896 - F1-Score: 0.8202 - Accuracy-Score: 0.7793 - AUROC: 0.8529 - AP: 0.9098
[37m2024-06-25 09:13:27,612 [INFO] - New best model - save checkpoint
[37m2024-06-25 09:13:27,789 [INFO] - Epoch: 22/50
[37m2024-06-25 09:13:27,790 [INFO] - Extracting training cells
[37m2024-06-25 09:13:46,955 [INFO] - Extraction detection metrics - F1: 0.711, Precision: 0.693, Recall: 0.803, Detected-Cells: 5825
[37m2024-06-25 09:13:47,152 [INFO] - Training epoch stats:     Loss: 0.3883 - F1-Score: 0.8838 - Accuracy-Score: 0.8494 - AUROC: 0.9122 - AP: 0.9401
[37m2024-06-25 09:13:47,726 [INFO] - Validation epoch stats:   Loss: 0.4867 - F1-Score: 0.8203 - Accuracy-Score: 0.7791 - AUROC: 0.8537 - AP: 0.9104
[37m2024-06-25 09:13:47,727 [INFO] - New best model - save checkpoint
[37m2024-06-25 09:13:47,884 [INFO] - Epoch: 23/50
[37m2024-06-25 09:13:47,884 [INFO] - Extracting training cells
[37m2024-06-25 09:14:06,540 [INFO] - Extraction detection metrics - F1: 0.700, Precision: 0.675, Recall: 0.795, Detected-Cells: 5202
[37m2024-06-25 09:14:06,727 [INFO] - Training epoch stats:     Loss: 0.3693 - F1-Score: 0.8924 - Accuracy-Score: 0.8602 - AUROC: 0.9155 - AP: 0.9391
[37m2024-06-25 09:14:07,102 [INFO] - Validation epoch stats:   Loss: 0.4845 - F1-Score: 0.8212 - Accuracy-Score: 0.7797 - AUROC: 0.8538 - AP: 0.9104
[37m2024-06-25 09:14:07,103 [INFO] - New best model - save checkpoint
[37m2024-06-25 09:14:07,257 [INFO] - Epoch: 24/50
[37m2024-06-25 09:14:07,258 [INFO] - Extracting training cells
[37m2024-06-25 09:14:29,361 [INFO] - Extraction detection metrics - F1: 0.701, Precision: 0.679, Recall: 0.797, Detected-Cells: 5687
[37m2024-06-25 09:14:29,525 [INFO] - Training epoch stats:     Loss: 0.3653 - F1-Score: 0.8902 - Accuracy-Score: 0.8576 - AUROC: 0.9209 - AP: 0.9451
[37m2024-06-25 09:14:29,837 [INFO] - Validation epoch stats:   Loss: 0.4841 - F1-Score: 0.8208 - Accuracy-Score: 0.7796 - AUROC: 0.8535 - AP: 0.9102
[37m2024-06-25 09:14:29,876 [INFO] - Epoch: 25/50
[37m2024-06-25 09:14:29,877 [INFO] - Extracting training cells
[37m2024-06-25 09:14:48,160 [INFO] - Extraction detection metrics - F1: 0.727, Precision: 0.707, Recall: 0.821, Detected-Cells: 6062
[37m2024-06-25 09:14:48,352 [INFO] - Training epoch stats:     Loss: 0.3610 - F1-Score: 0.8957 - Accuracy-Score: 0.8636 - AUROC: 0.9246 - AP: 0.9461
[37m2024-06-25 09:14:48,721 [INFO] - Validation epoch stats:   Loss: 0.4840 - F1-Score: 0.8198 - Accuracy-Score: 0.7789 - AUROC: 0.8534 - AP: 0.9102
[37m2024-06-25 09:14:48,768 [INFO] - Epoch: 26/50
[37m2024-06-25 09:14:48,774 [INFO] - Extracting training cells
[37m2024-06-25 09:15:07,655 [INFO] - Extraction detection metrics - F1: 0.708, Precision: 0.683, Recall: 0.802, Detected-Cells: 5658
[37m2024-06-25 09:15:07,852 [INFO] - Training epoch stats:     Loss: 0.3437 - F1-Score: 0.9012 - Accuracy-Score: 0.8733 - AUROC: 0.9330 - AP: 0.9523
[37m2024-06-25 09:15:08,229 [INFO] - Validation epoch stats:   Loss: 0.4836 - F1-Score: 0.8195 - Accuracy-Score: 0.7787 - AUROC: 0.8533 - AP: 0.9101
[37m2024-06-25 09:15:08,273 [INFO] - Epoch: 27/50
[37m2024-06-25 09:15:08,274 [INFO] - Extracting training cells
[37m2024-06-25 09:15:26,453 [INFO] - Extraction detection metrics - F1: 0.712, Precision: 0.692, Recall: 0.801, Detected-Cells: 5630
[37m2024-06-25 09:15:26,707 [INFO] - Training epoch stats:     Loss: 0.3701 - F1-Score: 0.8841 - Accuracy-Score: 0.8547 - AUROC: 0.9188 - AP: 0.9358
[37m2024-06-25 09:15:27,326 [INFO] - Validation epoch stats:   Loss: 0.4831 - F1-Score: 0.8193 - Accuracy-Score: 0.7787 - AUROC: 0.8537 - AP: 0.9102
[37m2024-06-25 09:15:27,388 [INFO] - Epoch: 28/50
[37m2024-06-25 09:15:27,388 [INFO] - Extracting training cells
[37m2024-06-25 09:15:44,956 [INFO] - Extraction detection metrics - F1: 0.723, Precision: 0.707, Recall: 0.822, Detected-Cells: 5959
[37m2024-06-25 09:15:45,164 [INFO] - Training epoch stats:     Loss: 0.3536 - F1-Score: 0.8845 - Accuracy-Score: 0.8522 - AUROC: 0.9253 - AP: 0.9472
[37m2024-06-25 09:15:45,543 [INFO] - Validation epoch stats:   Loss: 0.4842 - F1-Score: 0.8181 - Accuracy-Score: 0.7782 - AUROC: 0.8539 - AP: 0.9102
[37m2024-06-25 09:15:45,544 [INFO] - New best model - save checkpoint
[37m2024-06-25 09:15:45,689 [INFO] - Epoch: 29/50
[37m2024-06-25 09:15:45,689 [INFO] - Extracting training cells
[37m2024-06-25 09:16:06,325 [INFO] - Extraction detection metrics - F1: 0.717, Precision: 0.696, Recall: 0.802, Detected-Cells: 5999
[37m2024-06-25 09:16:06,532 [INFO] - Training epoch stats:     Loss: 0.3584 - F1-Score: 0.8899 - Accuracy-Score: 0.8586 - AUROC: 0.9247 - AP: 0.9468
[37m2024-06-25 09:16:06,906 [INFO] - Validation epoch stats:   Loss: 0.4843 - F1-Score: 0.8171 - Accuracy-Score: 0.7772 - AUROC: 0.8539 - AP: 0.9101
[37m2024-06-25 09:16:06,907 [INFO] - New best model - save checkpoint
[37m2024-06-25 09:16:07,046 [INFO] - Epoch: 30/50
[37m2024-06-25 09:16:07,046 [INFO] - Extracting training cells
[37m2024-06-25 09:16:27,158 [INFO] - Extraction detection metrics - F1: 0.706, Precision: 0.671, Recall: 0.814, Detected-Cells: 5796
[37m2024-06-25 09:16:27,353 [INFO] - Training epoch stats:     Loss: 0.3487 - F1-Score: 0.8945 - Accuracy-Score: 0.8649 - AUROC: 0.9276 - AP: 0.9471
[37m2024-06-25 09:16:27,919 [INFO] - Validation epoch stats:   Loss: 0.4843 - F1-Score: 0.8160 - Accuracy-Score: 0.7764 - AUROC: 0.8541 - AP: 0.9102
[37m2024-06-25 09:16:27,920 [INFO] - New best model - save checkpoint
[37m2024-06-25 09:16:28,051 [INFO] - Epoch: 31/50
[37m2024-06-25 09:16:28,051 [INFO] - Extracting training cells
[37m2024-06-25 09:16:46,156 [INFO] - Extraction detection metrics - F1: 0.705, Precision: 0.681, Recall: 0.795, Detected-Cells: 5586
[37m2024-06-25 09:16:46,460 [INFO] - Training epoch stats:     Loss: 0.3727 - F1-Score: 0.8815 - Accuracy-Score: 0.8468 - AUROC: 0.9159 - AP: 0.9418
[37m2024-06-25 09:16:47,086 [INFO] - Validation epoch stats:   Loss: 0.4859 - F1-Score: 0.8151 - Accuracy-Score: 0.7760 - AUROC: 0.8538 - AP: 0.9099
[37m2024-06-25 09:16:47,130 [INFO] - Epoch: 32/50
[37m2024-06-25 09:16:47,130 [INFO] - Extracting training cells
[37m2024-06-25 09:17:07,265 [INFO] - Extraction detection metrics - F1: 0.732, Precision: 0.709, Recall: 0.827, Detected-Cells: 5834
[37m2024-06-25 09:17:07,468 [INFO] - Training epoch stats:     Loss: 0.3642 - F1-Score: 0.8826 - Accuracy-Score: 0.8526 - AUROC: 0.9205 - AP: 0.9424
[37m2024-06-25 09:17:07,842 [INFO] - Validation epoch stats:   Loss: 0.4840 - F1-Score: 0.8154 - Accuracy-Score: 0.7759 - AUROC: 0.8541 - AP: 0.9100
[37m2024-06-25 09:17:07,900 [INFO] - Epoch: 33/50
[37m2024-06-25 09:17:07,901 [INFO] - Extracting training cells
[37m2024-06-25 09:17:26,645 [INFO] - Extraction detection metrics - F1: 0.720, Precision: 0.696, Recall: 0.813, Detected-Cells: 5818
[37m2024-06-25 09:17:26,960 [INFO] - Training epoch stats:     Loss: 0.3490 - F1-Score: 0.8910 - Accuracy-Score: 0.8587 - AUROC: 0.9258 - AP: 0.9506
[37m2024-06-25 09:17:27,582 [INFO] - Validation epoch stats:   Loss: 0.4819 - F1-Score: 0.8165 - Accuracy-Score: 0.7765 - AUROC: 0.8544 - AP: 0.9102
[37m2024-06-25 09:17:27,583 [INFO] - New best model - save checkpoint
[37m2024-06-25 09:17:27,741 [INFO] - Epoch: 34/50
[37m2024-06-25 09:17:27,741 [INFO] - Extracting training cells
[37m2024-06-25 09:17:45,674 [INFO] - Extraction detection metrics - F1: 0.717, Precision: 0.696, Recall: 0.810, Detected-Cells: 5721
[37m2024-06-25 09:17:45,867 [INFO] - Training epoch stats:     Loss: 0.3517 - F1-Score: 0.8866 - Accuracy-Score: 0.8579 - AUROC: 0.9275 - AP: 0.9477
[37m2024-06-25 09:17:46,246 [INFO] - Validation epoch stats:   Loss: 0.4816 - F1-Score: 0.8159 - Accuracy-Score: 0.7759 - AUROC: 0.8544 - AP: 0.9102
[37m2024-06-25 09:17:46,248 [INFO] - New best model - save checkpoint
[37m2024-06-25 09:17:46,384 [INFO] - Epoch: 35/50
[37m2024-06-25 09:17:46,385 [INFO] - Extracting training cells
[37m2024-06-25 09:18:05,870 [INFO] - Extraction detection metrics - F1: 0.714, Precision: 0.690, Recall: 0.800, Detected-Cells: 5867
[37m2024-06-25 09:18:06,040 [INFO] - Training epoch stats:     Loss: 0.3361 - F1-Score: 0.8986 - Accuracy-Score: 0.8689 - AUROC: 0.9315 - AP: 0.9548
[37m2024-06-25 09:18:06,347 [INFO] - Validation epoch stats:   Loss: 0.4807 - F1-Score: 0.8163 - Accuracy-Score: 0.7761 - AUROC: 0.8546 - AP: 0.9102
[37m2024-06-25 09:18:06,348 [INFO] - New best model - save checkpoint
[37m2024-06-25 09:18:06,509 [INFO] - Epoch: 36/50
[37m2024-06-25 09:18:06,509 [INFO] - Extracting training cells
[37m2024-06-25 09:18:27,287 [INFO] - Extraction detection metrics - F1: 0.709, Precision: 0.684, Recall: 0.809, Detected-Cells: 5740
[37m2024-06-25 09:18:27,488 [INFO] - Training epoch stats:     Loss: 0.3491 - F1-Score: 0.8901 - Accuracy-Score: 0.8613 - AUROC: 0.9300 - AP: 0.9513
[37m2024-06-25 09:18:27,889 [INFO] - Validation epoch stats:   Loss: 0.4810 - F1-Score: 0.8157 - Accuracy-Score: 0.7758 - AUROC: 0.8547 - AP: 0.9102
[37m2024-06-25 09:18:27,891 [INFO] - New best model - save checkpoint
[37m2024-06-25 09:18:28,019 [INFO] - Epoch: 37/50
[37m2024-06-25 09:18:28,020 [INFO] - Extracting training cells
[37m2024-06-25 09:18:48,986 [INFO] - Extraction detection metrics - F1: 0.694, Precision: 0.674, Recall: 0.784, Detected-Cells: 5572
[37m2024-06-25 09:18:49,217 [INFO] - Training epoch stats:     Loss: 0.3341 - F1-Score: 0.9010 - Accuracy-Score: 0.8692 - AUROC: 0.9291 - AP: 0.9531
[37m2024-06-25 09:18:49,597 [INFO] - Validation epoch stats:   Loss: 0.4801 - F1-Score: 0.8160 - Accuracy-Score: 0.7759 - AUROC: 0.8549 - AP: 0.9103
[37m2024-06-25 09:18:49,598 [INFO] - New best model - save checkpoint
[37m2024-06-25 09:18:49,737 [INFO] - Epoch: 38/50
[37m2024-06-25 09:18:49,738 [INFO] - Extracting training cells
[37m2024-06-25 09:19:08,622 [INFO] - Extraction detection metrics - F1: 0.716, Precision: 0.691, Recall: 0.814, Detected-Cells: 5665
[37m2024-06-25 09:19:08,823 [INFO] - Training epoch stats:     Loss: 0.3353 - F1-Score: 0.8986 - Accuracy-Score: 0.8676 - AUROC: 0.9339 - AP: 0.9570
[37m2024-06-25 09:19:09,204 [INFO] - Validation epoch stats:   Loss: 0.4796 - F1-Score: 0.8158 - Accuracy-Score: 0.7755 - AUROC: 0.8548 - AP: 0.9102
[37m2024-06-25 09:19:09,237 [INFO] - Epoch: 39/50
[37m2024-06-25 09:19:09,238 [INFO] - Extracting training cells
[37m2024-06-25 09:19:27,536 [INFO] - Extraction detection metrics - F1: 0.713, Precision: 0.688, Recall: 0.813, Detected-Cells: 5644
[37m2024-06-25 09:19:27,724 [INFO] - Training epoch stats:     Loss: 0.3663 - F1-Score: 0.8863 - Accuracy-Score: 0.8528 - AUROC: 0.9190 - AP: 0.9435
[37m2024-06-25 09:19:28,103 [INFO] - Validation epoch stats:   Loss: 0.4793 - F1-Score: 0.8161 - Accuracy-Score: 0.7756 - AUROC: 0.8546 - AP: 0.9100
[37m2024-06-25 09:19:28,156 [INFO] - Epoch: 40/50
[37m2024-06-25 09:19:28,157 [INFO] - Extracting training cells
[37m2024-06-25 09:19:48,331 [INFO] - Extraction detection metrics - F1: 0.705, Precision: 0.685, Recall: 0.802, Detected-Cells: 5475
[37m2024-06-25 09:19:48,520 [INFO] - Training epoch stats:     Loss: 0.3598 - F1-Score: 0.8912 - Accuracy-Score: 0.8532 - AUROC: 0.9152 - AP: 0.9465
[37m2024-06-25 09:19:48,888 [INFO] - Validation epoch stats:   Loss: 0.4804 - F1-Score: 0.8155 - Accuracy-Score: 0.7753 - AUROC: 0.8542 - AP: 0.9098
[37m2024-06-25 09:19:48,929 [INFO] - Epoch: 41/50
[37m2024-06-25 09:19:48,929 [INFO] - Extracting training cells
[37m2024-06-25 09:20:05,878 [INFO] - Extraction detection metrics - F1: 0.712, Precision: 0.691, Recall: 0.805, Detected-Cells: 5543
[37m2024-06-25 09:20:06,072 [INFO] - Training epoch stats:     Loss: 0.3450 - F1-Score: 0.8916 - Accuracy-Score: 0.8614 - AUROC: 0.9263 - AP: 0.9494
[37m2024-06-25 09:20:06,500 [INFO] - Validation epoch stats:   Loss: 0.4804 - F1-Score: 0.8152 - Accuracy-Score: 0.7749 - AUROC: 0.8541 - AP: 0.9097
[37m2024-06-25 09:20:06,553 [INFO] - Epoch: 42/50
[37m2024-06-25 09:20:06,554 [INFO] - Extracting training cells
[37m2024-06-25 09:20:24,973 [INFO] - Extraction detection metrics - F1: 0.715, Precision: 0.705, Recall: 0.798, Detected-Cells: 5689
[37m2024-06-25 09:20:25,171 [INFO] - Training epoch stats:     Loss: 0.3371 - F1-Score: 0.8915 - Accuracy-Score: 0.8625 - AUROC: 0.9288 - AP: 0.9498
[37m2024-06-25 09:20:25,714 [INFO] - Validation epoch stats:   Loss: 0.4798 - F1-Score: 0.8154 - Accuracy-Score: 0.7750 - AUROC: 0.8540 - AP: 0.9096
[37m2024-06-25 09:20:25,757 [INFO] - Epoch: 43/50
[37m2024-06-25 09:20:25,758 [INFO] - Extracting training cells
[37m2024-06-25 09:20:43,818 [INFO] - Extraction detection metrics - F1: 0.727, Precision: 0.702, Recall: 0.825, Detected-Cells: 6004
[37m2024-06-25 09:20:44,036 [INFO] - Training epoch stats:     Loss: 0.3418 - F1-Score: 0.8905 - Accuracy-Score: 0.8581 - AUROC: 0.9256 - AP: 0.9511
[37m2024-06-25 09:20:44,420 [INFO] - Validation epoch stats:   Loss: 0.4788 - F1-Score: 0.8156 - Accuracy-Score: 0.7748 - AUROC: 0.8541 - AP: 0.9098
[37m2024-06-25 09:20:44,457 [INFO] - Epoch: 44/50
[37m2024-06-25 09:20:44,457 [INFO] - Extracting training cells
[37m2024-06-25 09:21:03,563 [INFO] - Extraction detection metrics - F1: 0.695, Precision: 0.673, Recall: 0.792, Detected-Cells: 5641
[37m2024-06-25 09:21:03,843 [INFO] - Training epoch stats:     Loss: 0.3338 - F1-Score: 0.8965 - Accuracy-Score: 0.8674 - AUROC: 0.9354 - AP: 0.9542
[37m2024-06-25 09:21:04,726 [INFO] - Validation epoch stats:   Loss: 0.4779 - F1-Score: 0.8159 - Accuracy-Score: 0.7749 - AUROC: 0.8542 - AP: 0.9098
[37m2024-06-25 09:21:04,772 [INFO] - Epoch: 45/50
[37m2024-06-25 09:21:04,773 [INFO] - Extracting training cells
[37m2024-06-25 09:21:24,487 [INFO] - Extraction detection metrics - F1: 0.716, Precision: 0.691, Recall: 0.816, Detected-Cells: 5742
[37m2024-06-25 09:21:24,695 [INFO] - Training epoch stats:     Loss: 0.3297 - F1-Score: 0.8994 - Accuracy-Score: 0.8701 - AUROC: 0.9369 - AP: 0.9539
[37m2024-06-25 09:21:25,210 [INFO] - Validation epoch stats:   Loss: 0.4778 - F1-Score: 0.8160 - Accuracy-Score: 0.7749 - AUROC: 0.8541 - AP: 0.9098
[37m2024-06-25 09:21:25,265 [INFO] - Epoch: 46/50
[37m2024-06-25 09:21:25,266 [INFO] - Extracting training cells
[37m2024-06-25 09:21:43,065 [INFO] - Extraction detection metrics - F1: 0.708, Precision: 0.686, Recall: 0.803, Detected-Cells: 5808
[37m2024-06-25 09:21:43,284 [INFO] - Training epoch stats:     Loss: 0.3394 - F1-Score: 0.8980 - Accuracy-Score: 0.8695 - AUROC: 0.9283 - AP: 0.9451
[37m2024-06-25 09:21:43,737 [INFO] - Validation epoch stats:   Loss: 0.4777 - F1-Score: 0.8158 - Accuracy-Score: 0.7746 - AUROC: 0.8541 - AP: 0.9098
[37m2024-06-25 09:21:43,790 [INFO] - Epoch: 47/50
[37m2024-06-25 09:21:43,791 [INFO] - Extracting training cells
[37m2024-06-25 09:22:01,129 [INFO] - Extraction detection metrics - F1: 0.718, Precision: 0.691, Recall: 0.817, Detected-Cells: 5851
[37m2024-06-25 09:22:01,339 [INFO] - Training epoch stats:     Loss: 0.3367 - F1-Score: 0.8971 - Accuracy-Score: 0.8682 - AUROC: 0.9309 - AP: 0.9478
[37m2024-06-25 09:22:01,778 [INFO] - Validation epoch stats:   Loss: 0.4769 - F1-Score: 0.8164 - Accuracy-Score: 0.7752 - AUROC: 0.8543 - AP: 0.9098
[37m2024-06-25 09:22:01,779 [INFO] - Performing early stopping!
[37m2024-06-25 09:22:01,785 [INFO] - Finished run yeuwyjxn
