[37m2024-05-16 13:53:14,816 [INFO] - Instantiated Logger. WandB init and config update finished.
[37m2024-05-16 13:53:14,819 [INFO] - Run ist stored here: /cellvit/logs_paper/Head-Evaluation/CoNSeP/SAM-H/Amount-DA/2024-05-16T135301_Amount-8
[37m2024-05-16 13:53:14,902 [INFO] - Cuda devices: [<torch.cuda.device object at 0x7fc1f3ad6710>]
[37m2024-05-16 13:53:14,914 [INFO] - Using GPU: cuda:0
[37m2024-05-16 13:53:14,924 [INFO] - Using device: cuda:0
[37m2024-05-16 13:53:14,936 [INFO] - Loss function:
[37m2024-05-16 13:53:14,947 [INFO] - CrossEntropyLoss()
[37m2024-05-16 13:53:27,351 [INFO] - <All keys matched successfully>
[37m2024-05-16 13:53:28,355 [INFO] -
==========================================================================================
Layer (type:depth-idx)                   Output Shape              Param #
==========================================================================================
LinearClassifier                         [1, 4]                    --
├─Linear: 1-1                            [1, 128]                  163,968
├─ReLU: 1-2                              [1, 128]                  --
├─Dropout: 1-3                           [1, 128]                  --
├─Linear: 1-4                            [1, 4]                    516
==========================================================================================
Total params: 164,484
Trainable params: 164,484
Non-trainable params: 0
Total mult-adds (M): 0.16
==========================================================================================
Input size (MB): 0.01
Forward/backward pass size (MB): 0.00
Params size (MB): 0.66
Estimated Total Size (MB): 0.66
==========================================================================================
[37m2024-05-16 13:53:28,356 [INFO] - Loaded AdamW Optimizer with following hyperparameters:
[37m2024-05-16 13:53:28,365 [INFO] - {'betas': [0.85, 0.9], 'lr': 0.0005, 'weight_decay': 0.0005}
[37m2024-05-16 13:53:28,376 [INFO] - Using early stopping with a range of 20 and maximize strategy
[37m2024-05-16 13:53:28,403 [INFO] - Caching datasets
[37m2024-05-16 13:53:29,363 [INFO] - Instantiate Trainer
[37m2024-05-16 13:53:29,367 [INFO] - Calling Trainer Fit
[37m2024-05-16 13:53:29,376 [INFO] - Starting training, total number of epochs: 50
[37m2024-05-16 13:53:29,386 [INFO] - Epoch: 1/50
[37m2024-05-16 13:53:29,398 [INFO] - Extracting training cells
[37m2024-05-16 13:53:38,510 [INFO] - Extraction detection metrics - F1: 0.735, Precision: 0.818, Recall: 0.696, Detected-Cells: 3326
[37m2024-05-16 13:53:38,729 [INFO] - Training epoch stats:     Loss: 0.5682 - F1-Score: 0.7844 - Accuracy-Score: 0.7844 - AUROC: 0.9007 - AP: 0.7102
[37m2024-05-16 13:53:39,423 [INFO] - Loaded dataset from cache: /Consep/cache/1f728da27af6daed7b166ce5447f5dec18916e3679cb7b74ddaefb4a67df10d2.h5
[37m2024-05-16 13:53:39,540 [INFO] - Validation epoch stats:   Loss: 0.4194 - F1-Score: 0.8500 - Accuracy-Score: 0.8500 - AUROC: 0.9471 - AP: 0.8372
[37m2024-05-16 13:53:39,541 [INFO] - New best model - save checkpoint
[37m2024-05-16 13:53:39,793 [INFO] - Epoch: 2/50
[37m2024-05-16 13:53:39,795 [INFO] - Extracting training cells
[37m2024-05-16 13:53:46,254 [INFO] - Extraction detection metrics - F1: 0.746, Precision: 0.800, Recall: 0.732, Detected-Cells: 3511
[37m2024-05-16 13:53:46,377 [INFO] - Training epoch stats:     Loss: 0.4132 - F1-Score: 0.8488 - Accuracy-Score: 0.8488 - AUROC: 0.9539 - AP: 0.8602
[37m2024-05-16 13:53:46,489 [INFO] - Validation epoch stats:   Loss: 0.4256 - F1-Score: 0.8488 - Accuracy-Score: 0.8488 - AUROC: 0.9473 - AP: 0.8350
[37m2024-05-16 13:53:46,490 [INFO] - New best model - save checkpoint
[37m2024-05-16 13:53:46,762 [INFO] - Epoch: 3/50
[37m2024-05-16 13:53:46,763 [INFO] - Extracting training cells
[37m2024-05-16 13:53:52,494 [INFO] - Extraction detection metrics - F1: 0.736, Precision: 0.815, Recall: 0.688, Detected-Cells: 3504
[37m2024-05-16 13:53:52,635 [INFO] - Training epoch stats:     Loss: 0.3030 - F1-Score: 0.8856 - Accuracy-Score: 0.8856 - AUROC: 0.9720 - AP: 0.8857
[37m2024-05-16 13:53:52,773 [INFO] - Validation epoch stats:   Loss: 0.3843 - F1-Score: 0.8618 - Accuracy-Score: 0.8618 - AUROC: 0.9516 - AP: 0.8466
[37m2024-05-16 13:53:52,774 [INFO] - New best model - save checkpoint
[37m2024-05-16 13:53:53,017 [INFO] - Epoch: 4/50
[37m2024-05-16 13:53:53,018 [INFO] - Extracting training cells
[37m2024-05-16 13:53:59,957 [INFO] - Extraction detection metrics - F1: 0.738, Precision: 0.814, Recall: 0.690, Detected-Cells: 3433
[37m2024-05-16 13:54:00,085 [INFO] - Training epoch stats:     Loss: 0.2316 - F1-Score: 0.9184 - Accuracy-Score: 0.9184 - AUROC: 0.9806 - AP: 0.9189
[37m2024-05-16 13:54:00,225 [INFO] - Validation epoch stats:   Loss: 0.3741 - F1-Score: 0.8639 - Accuracy-Score: 0.8639 - AUROC: 0.9553 - AP: 0.8473
[37m2024-05-16 13:54:00,226 [INFO] - New best model - save checkpoint
[37m2024-05-16 13:54:00,466 [INFO] - Epoch: 5/50
[37m2024-05-16 13:54:00,467 [INFO] - Extracting training cells
[37m2024-05-16 13:54:07,297 [INFO] - Extraction detection metrics - F1: 0.729, Precision: 0.836, Recall: 0.681, Detected-Cells: 3614
[37m2024-05-16 13:54:07,452 [INFO] - Training epoch stats:     Loss: 0.2336 - F1-Score: 0.9173 - Accuracy-Score: 0.9173 - AUROC: 0.9823 - AP: 0.9231
[37m2024-05-16 13:54:07,598 [INFO] - Validation epoch stats:   Loss: 0.4834 - F1-Score: 0.8215 - Accuracy-Score: 0.8215 - AUROC: 0.9535 - AP: 0.8477
[37m2024-05-16 13:54:07,661 [INFO] - Epoch: 6/50
[37m2024-05-16 13:54:07,661 [INFO] - Extracting training cells
[37m2024-05-16 13:54:13,557 [INFO] - Extraction detection metrics - F1: 0.753, Precision: 0.818, Recall: 0.717, Detected-Cells: 3222
[37m2024-05-16 13:54:13,687 [INFO] - Training epoch stats:     Loss: 0.5915 - F1-Score: 0.8191 - Accuracy-Score: 0.8191 - AUROC: 0.9229 - AP: 0.7664
[37m2024-05-16 13:54:13,825 [INFO] - Validation epoch stats:   Loss: 0.4686 - F1-Score: 0.8122 - Accuracy-Score: 0.8122 - AUROC: 0.9557 - AP: 0.8364
[37m2024-05-16 13:54:13,825 [INFO] - New best model - save checkpoint
[37m2024-05-16 13:54:14,079 [INFO] - Epoch: 7/50
[37m2024-05-16 13:54:14,080 [INFO] - Extracting training cells
[37m2024-05-16 13:54:20,181 [INFO] - Extraction detection metrics - F1: 0.753, Precision: 0.828, Recall: 0.707, Detected-Cells: 3575
[37m2024-05-16 13:54:20,309 [INFO] - Training epoch stats:     Loss: 0.2454 - F1-Score: 0.9071 - Accuracy-Score: 0.9071 - AUROC: 0.9839 - AP: 0.9231
[37m2024-05-16 13:54:20,445 [INFO] - Validation epoch stats:   Loss: 0.3799 - F1-Score: 0.8562 - Accuracy-Score: 0.8562 - AUROC: 0.9648 - AP: 0.8607
[37m2024-05-16 13:54:20,446 [INFO] - New best model - save checkpoint
[37m2024-05-16 13:54:20,700 [INFO] - Epoch: 8/50
[37m2024-05-16 13:54:20,701 [INFO] - Extracting training cells
[37m2024-05-16 13:54:27,087 [INFO] - Extraction detection metrics - F1: 0.749, Precision: 0.837, Recall: 0.709, Detected-Cells: 3705
[37m2024-05-16 13:54:27,235 [INFO] - Training epoch stats:     Loss: 0.1988 - F1-Score: 0.9220 - Accuracy-Score: 0.9220 - AUROC: 0.9873 - AP: 0.9430
[37m2024-05-16 13:54:27,371 [INFO] - Validation epoch stats:   Loss: 0.3694 - F1-Score: 0.8601 - Accuracy-Score: 0.8601 - AUROC: 0.9601 - AP: 0.8569
[37m2024-05-16 13:54:27,433 [INFO] - Epoch: 9/50
[37m2024-05-16 13:54:27,433 [INFO] - Extracting training cells
[37m2024-05-16 13:54:33,707 [INFO] - Extraction detection metrics - F1: 0.755, Precision: 0.828, Recall: 0.710, Detected-Cells: 3556
[37m2024-05-16 13:54:33,823 [INFO] - Training epoch stats:     Loss: 0.4690 - F1-Score: 0.8622 - Accuracy-Score: 0.8622 - AUROC: 0.9478 - AP: 0.8763
[37m2024-05-16 13:54:33,940 [INFO] - Validation epoch stats:   Loss: 0.4540 - F1-Score: 0.8184 - Accuracy-Score: 0.8184 - AUROC: 0.9455 - AP: 0.8329
[37m2024-05-16 13:54:34,000 [INFO] - Epoch: 10/50
[37m2024-05-16 13:54:34,001 [INFO] - Extracting training cells
[37m2024-05-16 13:54:39,980 [INFO] - Extraction detection metrics - F1: 0.695, Precision: 0.831, Recall: 0.643, Detected-Cells: 3389
[37m2024-05-16 13:54:40,110 [INFO] - Training epoch stats:     Loss: 0.4091 - F1-Score: 0.8548 - Accuracy-Score: 0.8548 - AUROC: 0.9611 - AP: 0.8999
[37m2024-05-16 13:54:40,247 [INFO] - Validation epoch stats:   Loss: 0.4108 - F1-Score: 0.8478 - Accuracy-Score: 0.8478 - AUROC: 0.9500 - AP: 0.8449
[37m2024-05-16 13:54:40,309 [INFO] - Epoch: 11/50
[37m2024-05-16 13:54:40,310 [INFO] - Extracting training cells
[37m2024-05-16 13:54:46,674 [INFO] - Extraction detection metrics - F1: 0.748, Precision: 0.829, Recall: 0.699, Detected-Cells: 3517
[37m2024-05-16 13:54:46,796 [INFO] - Training epoch stats:     Loss: 0.2177 - F1-Score: 0.9224 - Accuracy-Score: 0.9224 - AUROC: 0.9856 - AP: 0.9471
[37m2024-05-16 13:54:46,909 [INFO] - Validation epoch stats:   Loss: 0.3733 - F1-Score: 0.8654 - Accuracy-Score: 0.8654 - AUROC: 0.9566 - AP: 0.8524
[37m2024-05-16 13:54:46,970 [INFO] - Epoch: 12/50
[37m2024-05-16 13:54:46,971 [INFO] - Extracting training cells
[37m2024-05-16 13:54:53,370 [INFO] - Extraction detection metrics - F1: 0.764, Precision: 0.832, Recall: 0.722, Detected-Cells: 3665
[37m2024-05-16 13:54:53,502 [INFO] - Training epoch stats:     Loss: 0.1790 - F1-Score: 0.9304 - Accuracy-Score: 0.9304 - AUROC: 0.9897 - AP: 0.9499
[37m2024-05-16 13:54:53,620 [INFO] - Validation epoch stats:   Loss: 0.4133 - F1-Score: 0.8448 - Accuracy-Score: 0.8448 - AUROC: 0.9602 - AP: 0.8573
[37m2024-05-16 13:54:53,677 [INFO] - Epoch: 13/50
[37m2024-05-16 13:54:53,678 [INFO] - Extracting training cells
[37m2024-05-16 13:54:59,490 [INFO] - Extraction detection metrics - F1: 0.762, Precision: 0.824, Recall: 0.730, Detected-Cells: 3508
[37m2024-05-16 13:54:59,629 [INFO] - Training epoch stats:     Loss: 0.2935 - F1-Score: 0.8997 - Accuracy-Score: 0.8997 - AUROC: 0.9712 - AP: 0.8821
[37m2024-05-16 13:54:59,769 [INFO] - Validation epoch stats:   Loss: 0.3795 - F1-Score: 0.8565 - Accuracy-Score: 0.8565 - AUROC: 0.9381 - AP: 0.7294
[37m2024-05-16 13:54:59,828 [INFO] - Epoch: 14/50
[37m2024-05-16 13:54:59,829 [INFO] - Extracting training cells
[37m2024-05-16 13:55:06,443 [INFO] - Extraction detection metrics - F1: 0.789, Precision: 0.837, Recall: 0.755, Detected-Cells: 3640
[37m2024-05-16 13:55:06,581 [INFO] - Training epoch stats:     Loss: 0.1916 - F1-Score: 0.9258 - Accuracy-Score: 0.9258 - AUROC: 0.9898 - AP: 0.9420
[37m2024-05-16 13:55:06,718 [INFO] - Validation epoch stats:   Loss: 0.3986 - F1-Score: 0.8484 - Accuracy-Score: 0.8484 - AUROC: 0.9578 - AP: 0.8540
[37m2024-05-16 13:55:06,777 [INFO] - Epoch: 15/50
[37m2024-05-16 13:55:06,778 [INFO] - Extracting training cells
[37m2024-05-16 13:55:12,916 [INFO] - Extraction detection metrics - F1: 0.738, Precision: 0.829, Recall: 0.687, Detected-Cells: 3539
[37m2024-05-16 13:55:13,045 [INFO] - Training epoch stats:     Loss: 0.4450 - F1-Score: 0.8728 - Accuracy-Score: 0.8728 - AUROC: 0.9447 - AP: 0.8453
[37m2024-05-16 13:55:13,158 [INFO] - Validation epoch stats:   Loss: 0.4777 - F1-Score: 0.8218 - Accuracy-Score: 0.8218 - AUROC: 0.9488 - AP: 0.8290
[37m2024-05-16 13:55:13,219 [INFO] - Epoch: 16/50
[37m2024-05-16 13:55:13,219 [INFO] - Extracting training cells
[37m2024-05-16 13:55:19,017 [INFO] - Extraction detection metrics - F1: 0.763, Precision: 0.833, Recall: 0.725, Detected-Cells: 3698
[37m2024-05-16 13:55:19,372 [INFO] - Training epoch stats:     Loss: 0.1763 - F1-Score: 0.9446 - Accuracy-Score: 0.9446 - AUROC: 0.9912 - AP: 0.9670
[37m2024-05-16 13:55:19,513 [INFO] - Validation epoch stats:   Loss: 0.4243 - F1-Score: 0.8520 - Accuracy-Score: 0.8520 - AUROC: 0.9566 - AP: 0.8532
[37m2024-05-16 13:55:19,575 [INFO] - Epoch: 17/50
[37m2024-05-16 13:55:19,575 [INFO] - Extracting training cells
[37m2024-05-16 13:55:25,961 [INFO] - Extraction detection metrics - F1: 0.773, Precision: 0.836, Recall: 0.741, Detected-Cells: 3779
[37m2024-05-16 13:55:26,104 [INFO] - Training epoch stats:     Loss: 0.1696 - F1-Score: 0.9354 - Accuracy-Score: 0.9354 - AUROC: 0.9916 - AP: 0.9623
[37m2024-05-16 13:55:26,247 [INFO] - Validation epoch stats:   Loss: 0.3762 - F1-Score: 0.8572 - Accuracy-Score: 0.8572 - AUROC: 0.9587 - AP: 0.8565
[37m2024-05-16 13:55:26,308 [INFO] - Epoch: 18/50
[37m2024-05-16 13:55:26,309 [INFO] - Extracting training cells
[37m2024-05-16 13:55:33,024 [INFO] - Extraction detection metrics - F1: 0.746, Precision: 0.829, Recall: 0.707, Detected-Cells: 3650
[37m2024-05-16 13:55:33,168 [INFO] - Training epoch stats:     Loss: 0.2061 - F1-Score: 0.9164 - Accuracy-Score: 0.9164 - AUROC: 0.9874 - AP: 0.9485
[37m2024-05-16 13:55:33,309 [INFO] - Validation epoch stats:   Loss: 0.3729 - F1-Score: 0.8562 - Accuracy-Score: 0.8562 - AUROC: 0.9557 - AP: 0.8534
[37m2024-05-16 13:55:33,383 [INFO] - Epoch: 19/50
[37m2024-05-16 13:55:33,384 [INFO] - Extracting training cells
[37m2024-05-16 13:55:39,539 [INFO] - Extraction detection metrics - F1: 0.750, Precision: 0.829, Recall: 0.701, Detected-Cells: 3215
[37m2024-05-16 13:55:39,646 [INFO] - Training epoch stats:     Loss: 0.1742 - F1-Score: 0.9381 - Accuracy-Score: 0.9381 - AUROC: 0.9869 - AP: 0.9432
[37m2024-05-16 13:55:39,756 [INFO] - Validation epoch stats:   Loss: 0.3746 - F1-Score: 0.8589 - Accuracy-Score: 0.8589 - AUROC: 0.9468 - AP: 0.7673
[37m2024-05-16 13:55:39,800 [INFO] - Epoch: 20/50
[37m2024-05-16 13:55:39,801 [INFO] - Extracting training cells
[37m2024-05-16 13:55:45,857 [INFO] - Extraction detection metrics - F1: 0.722, Precision: 0.806, Recall: 0.675, Detected-Cells: 3294
[37m2024-05-16 13:55:45,967 [INFO] - Training epoch stats:     Loss: 0.4747 - F1-Score: 0.8689 - Accuracy-Score: 0.8689 - AUROC: 0.9498 - AP: 0.8834
[37m2024-05-16 13:55:46,076 [INFO] - Validation epoch stats:   Loss: 0.4951 - F1-Score: 0.8268 - Accuracy-Score: 0.8268 - AUROC: 0.9457 - AP: 0.8296
[37m2024-05-16 13:55:46,130 [INFO] - Epoch: 21/50
[37m2024-05-16 13:55:46,131 [INFO] - Extracting training cells
[37m2024-05-16 13:55:51,804 [INFO] - Extraction detection metrics - F1: 0.740, Precision: 0.812, Recall: 0.696, Detected-Cells: 3491
[37m2024-05-16 13:55:51,934 [INFO] - Training epoch stats:     Loss: 0.1891 - F1-Score: 0.9413 - Accuracy-Score: 0.9413 - AUROC: 0.9904 - AP: 0.9593
[37m2024-05-16 13:55:52,072 [INFO] - Validation epoch stats:   Loss: 0.4145 - F1-Score: 0.8577 - Accuracy-Score: 0.8577 - AUROC: 0.9528 - AP: 0.8419
[37m2024-05-16 13:55:52,137 [INFO] - Epoch: 22/50
[37m2024-05-16 13:55:52,138 [INFO] - Extracting training cells
[37m2024-05-16 13:55:58,634 [INFO] - Extraction detection metrics - F1: 0.735, Precision: 0.839, Recall: 0.698, Detected-Cells: 3387
[37m2024-05-16 13:55:58,771 [INFO] - Training epoch stats:     Loss: 0.2587 - F1-Score: 0.9132 - Accuracy-Score: 0.9132 - AUROC: 0.9835 - AP: 0.9570
[37m2024-05-16 13:55:58,907 [INFO] - Validation epoch stats:   Loss: 0.4235 - F1-Score: 0.8371 - Accuracy-Score: 0.8371 - AUROC: 0.9476 - AP: 0.8397
[37m2024-05-16 13:55:58,970 [INFO] - Epoch: 23/50
[37m2024-05-16 13:55:58,971 [INFO] - Extracting training cells
[37m2024-05-16 13:56:04,826 [INFO] - Extraction detection metrics - F1: 0.750, Precision: 0.821, Recall: 0.731, Detected-Cells: 3501
[37m2024-05-16 13:56:04,961 [INFO] - Training epoch stats:     Loss: 0.3035 - F1-Score: 0.8738 - Accuracy-Score: 0.8738 - AUROC: 0.9765 - AP: 0.9280
[37m2024-05-16 13:56:05,096 [INFO] - Validation epoch stats:   Loss: 0.3671 - F1-Score: 0.8651 - Accuracy-Score: 0.8651 - AUROC: 0.9527 - AP: 0.8443
[37m2024-05-16 13:56:05,165 [INFO] - Epoch: 24/50
[37m2024-05-16 13:56:05,166 [INFO] - Extracting training cells
[37m2024-05-16 13:56:11,521 [INFO] - Extraction detection metrics - F1: 0.763, Precision: 0.837, Recall: 0.717, Detected-Cells: 3625
[37m2024-05-16 13:56:11,673 [INFO] - Training epoch stats:     Loss: 0.1655 - F1-Score: 0.9432 - Accuracy-Score: 0.9432 - AUROC: 0.9934 - AP: 0.9732
[37m2024-05-16 13:56:11,809 [INFO] - Validation epoch stats:   Loss: 0.3747 - F1-Score: 0.8649 - Accuracy-Score: 0.8649 - AUROC: 0.9528 - AP: 0.8478
[37m2024-05-16 13:56:11,877 [INFO] - Epoch: 25/50
[37m2024-05-16 13:56:11,877 [INFO] - Extracting training cells
[37m2024-05-16 13:56:18,097 [INFO] - Extraction detection metrics - F1: 0.752, Precision: 0.824, Recall: 0.708, Detected-Cells: 3546
[37m2024-05-16 13:56:18,219 [INFO] - Training epoch stats:     Loss: 0.1501 - F1-Score: 0.9439 - Accuracy-Score: 0.9439 - AUROC: 0.9933 - AP: 0.9717
[37m2024-05-16 13:56:18,333 [INFO] - Validation epoch stats:   Loss: 0.3771 - F1-Score: 0.8646 - Accuracy-Score: 0.8646 - AUROC: 0.9527 - AP: 0.8488
[37m2024-05-16 13:56:18,392 [INFO] - Epoch: 26/50
[37m2024-05-16 13:56:18,393 [INFO] - Extracting training cells
[37m2024-05-16 13:56:24,062 [INFO] - Extraction detection metrics - F1: 0.751, Precision: 0.827, Recall: 0.705, Detected-Cells: 3575
[37m2024-05-16 13:56:24,180 [INFO] - Training epoch stats:     Loss: 0.4539 - F1-Score: 0.8979 - Accuracy-Score: 0.8979 - AUROC: 0.9536 - AP: 0.8290
[37m2024-05-16 13:56:24,295 [INFO] - Validation epoch stats:   Loss: 0.3841 - F1-Score: 0.8575 - Accuracy-Score: 0.8575 - AUROC: 0.9525 - AP: 0.8478
[37m2024-05-16 13:56:24,353 [INFO] - Epoch: 27/50
[37m2024-05-16 13:56:24,354 [INFO] - Extracting training cells
[37m2024-05-16 13:56:30,345 [INFO] - Extraction detection metrics - F1: 0.738, Precision: 0.816, Recall: 0.693, Detected-Cells: 2988
[37m2024-05-16 13:56:30,461 [INFO] - Training epoch stats:     Loss: 0.2089 - F1-Score: 0.9317 - Accuracy-Score: 0.9317 - AUROC: 0.9872 - AP: 0.9438
[37m2024-05-16 13:56:30,598 [INFO] - Validation epoch stats:   Loss: 0.3947 - F1-Score: 0.8524 - Accuracy-Score: 0.8524 - AUROC: 0.9524 - AP: 0.8482
[37m2024-05-16 13:56:30,598 [INFO] - Performing early stopping!
[37m2024-05-16 13:56:30,608 [INFO] - Finished run 71gbxcj0
