[37m2024-06-24 05:32:35,265 [INFO] - Instantiated Logger. WandB init and config update finished.
[37m2024-06-24 05:32:35,267 [INFO] - Run ist stored here: /cellvit/logs_paper/Head-Evaluation/ocelot/ViT256/Amount/No-Aug/10/2024-06-24T053223_CellViT-256-10Percent
[37m2024-06-24 05:32:35,339 [INFO] - Cuda devices: [<torch.cuda.device object at 0x7f79ae964580>]
[37m2024-06-24 05:32:35,348 [INFO] - Using GPU: cuda:0
[37m2024-06-24 05:32:35,354 [INFO] - Using device: cuda:0
[37m2024-06-24 05:32:35,360 [INFO] - Loss function:
[37m2024-06-24 05:32:35,365 [INFO] - CrossEntropyLoss()
[37m2024-06-24 05:32:38,477 [INFO] - <All keys matched successfully>
[37m2024-06-24 05:32:38,921 [INFO] -
==========================================================================================
Layer (type:depth-idx)                   Output Shape              Param #
==========================================================================================
LinearClassifier                         [1, 2]                    --
├─Linear: 1-1                            [1, 256]                  98,560
├─ReLU: 1-2                              [1, 256]                  --
├─Dropout: 1-3                           [1, 256]                  --
├─Linear: 1-4                            [1, 2]                    514
==========================================================================================
Total params: 99,074
Trainable params: 99,074
Non-trainable params: 0
Total mult-adds (M): 0.10
==========================================================================================
Input size (MB): 0.00
Forward/backward pass size (MB): 0.00
Params size (MB): 0.40
Estimated Total Size (MB): 0.40
==========================================================================================
[37m2024-06-24 05:32:38,931 [INFO] - Loaded AdamW Optimizer with following hyperparameters:
[37m2024-06-24 05:32:38,937 [INFO] - {'betas': [0.85, 0.9], 'lr': 4.4403255414468894e-05, 'weight_decay': 8.22969479387945e-05}
[37m2024-06-24 05:32:38,943 [INFO] - Using early stopping with a range of 10 and maximize strategy
[37m2024-06-24 05:32:38,967 [INFO] - Caching datasets
[37m2024-06-24 05:32:41,396 [INFO] - Instantiate Trainer
[37m2024-06-24 05:32:41,408 [INFO] - Calling Trainer Fit
[37m2024-06-24 05:32:41,414 [INFO] - Dataset is cached after first epoch
[37m2024-06-24 05:32:41,420 [INFO] - Starting training, total number of epochs: 50
[37m2024-06-24 05:32:41,426 [INFO] - Epoch: 1/50
[37m2024-06-24 05:32:41,433 [INFO] - Extracting training cells
[37m2024-06-24 05:33:02,072 [INFO] - Extraction detection metrics - F1: 0.729, Precision: 0.704, Recall: 0.825, Detected-Cells: 6029
[37m2024-06-24 05:33:02,074 [INFO] - Caching dataset a72fc2112a581fd32cc842705d273d978c321c14e3d5eba11a6853333c3f7ac2 to disk...
[37m2024-06-24 05:33:07,391 [INFO] - Training epoch stats:     Loss: 0.6762 - F1-Score: 0.7334 - Accuracy-Score: 0.6689 - AUROC: 0.7059 - AP: 0.7873
[37m2024-06-24 05:33:08,799 [INFO] - Loaded dataset from cache: /OCELOT-Orig/cache/84a96648cf0731d52e69bfe32a74428f944857015825e7a06ae5f471f93f4855.h5
[37m2024-06-24 05:33:09,083 [INFO] - Validation epoch stats:   Loss: 0.6680 - F1-Score: 0.7879 - Accuracy-Score: 0.7109 - AUROC: 0.7430 - AP: 0.8307
[37m2024-06-24 05:33:09,089 [INFO] - New best model - save checkpoint
[37m2024-06-24 05:33:09,245 [INFO] - Epoch: 2/50
[37m2024-06-24 05:33:09,449 [INFO] - Training epoch stats:     Loss: 0.6406 - F1-Score: 0.8164 - Accuracy-Score: 0.7276 - AUROC: 0.8400 - AP: 0.8798
[37m2024-06-24 05:33:09,737 [INFO] - Validation epoch stats:   Loss: 0.6440 - F1-Score: 0.8173 - Accuracy-Score: 0.7344 - AUROC: 0.7894 - AP: 0.8646
[37m2024-06-24 05:33:09,743 [INFO] - New best model - save checkpoint
[37m2024-06-24 05:33:09,896 [INFO] - Epoch: 3/50
[37m2024-06-24 05:33:10,122 [INFO] - Training epoch stats:     Loss: 0.6092 - F1-Score: 0.8232 - Accuracy-Score: 0.7386 - AUROC: 0.8723 - AP: 0.9075
[37m2024-06-24 05:33:10,517 [INFO] - Validation epoch stats:   Loss: 0.6234 - F1-Score: 0.8243 - Accuracy-Score: 0.7472 - AUROC: 0.8110 - AP: 0.8786
[37m2024-06-24 05:33:10,523 [INFO] - New best model - save checkpoint
[37m2024-06-24 05:33:10,691 [INFO] - Epoch: 4/50
[37m2024-06-24 05:33:10,930 [INFO] - Training epoch stats:     Loss: 0.5809 - F1-Score: 0.8303 - Accuracy-Score: 0.7522 - AUROC: 0.8828 - AP: 0.9150
[37m2024-06-24 05:33:11,325 [INFO] - Validation epoch stats:   Loss: 0.6048 - F1-Score: 0.8276 - Accuracy-Score: 0.7569 - AUROC: 0.8216 - AP: 0.8856
[37m2024-06-24 05:33:11,332 [INFO] - New best model - save checkpoint
[37m2024-06-24 05:33:11,489 [INFO] - Epoch: 5/50
[37m2024-06-24 05:33:11,728 [INFO] - Training epoch stats:     Loss: 0.5554 - F1-Score: 0.8423 - Accuracy-Score: 0.7739 - AUROC: 0.8890 - AP: 0.9193
[37m2024-06-24 05:33:12,120 [INFO] - Validation epoch stats:   Loss: 0.5881 - F1-Score: 0.8313 - Accuracy-Score: 0.7677 - AUROC: 0.8289 - AP: 0.8906
[37m2024-06-24 05:33:12,126 [INFO] - New best model - save checkpoint
[37m2024-06-24 05:33:12,281 [INFO] - Epoch: 6/50
[37m2024-06-24 05:33:12,524 [INFO] - Training epoch stats:     Loss: 0.5304 - F1-Score: 0.8487 - Accuracy-Score: 0.7869 - AUROC: 0.8916 - AP: 0.9207
[37m2024-06-24 05:33:12,821 [INFO] - Validation epoch stats:   Loss: 0.5732 - F1-Score: 0.8316 - Accuracy-Score: 0.7738 - AUROC: 0.8344 - AP: 0.8945
[37m2024-06-24 05:33:12,827 [INFO] - New best model - save checkpoint
[37m2024-06-24 05:33:12,969 [INFO] - Epoch: 7/50
[37m2024-06-24 05:33:13,169 [INFO] - Training epoch stats:     Loss: 0.5099 - F1-Score: 0.8593 - Accuracy-Score: 0.8061 - AUROC: 0.8937 - AP: 0.9227
[37m2024-06-24 05:33:13,457 [INFO] - Validation epoch stats:   Loss: 0.5598 - F1-Score: 0.8316 - Accuracy-Score: 0.7784 - AUROC: 0.8387 - AP: 0.8976
[37m2024-06-24 05:33:13,463 [INFO] - New best model - save checkpoint
[37m2024-06-24 05:33:13,608 [INFO] - Epoch: 8/50
[37m2024-06-24 05:33:13,805 [INFO] - Training epoch stats:     Loss: 0.4893 - F1-Score: 0.8657 - Accuracy-Score: 0.8169 - AUROC: 0.8977 - AP: 0.9250
[37m2024-06-24 05:33:14,086 [INFO] - Validation epoch stats:   Loss: 0.5481 - F1-Score: 0.8323 - Accuracy-Score: 0.7829 - AUROC: 0.8419 - AP: 0.8999
[37m2024-06-24 05:33:14,092 [INFO] - New best model - save checkpoint
[37m2024-06-24 05:33:14,233 [INFO] - Epoch: 9/50
[37m2024-06-24 05:33:14,424 [INFO] - Training epoch stats:     Loss: 0.4725 - F1-Score: 0.8696 - Accuracy-Score: 0.8252 - AUROC: 0.8998 - AP: 0.9275
[37m2024-06-24 05:33:14,704 [INFO] - Validation epoch stats:   Loss: 0.5381 - F1-Score: 0.8313 - Accuracy-Score: 0.7850 - AUROC: 0.8449 - AP: 0.9021
[37m2024-06-24 05:33:14,709 [INFO] - New best model - save checkpoint
[37m2024-06-24 05:33:14,857 [INFO] - Epoch: 10/50
[37m2024-06-24 05:33:15,051 [INFO] - Training epoch stats:     Loss: 0.4561 - F1-Score: 0.8755 - Accuracy-Score: 0.8348 - AUROC: 0.9031 - AP: 0.9304
[37m2024-06-24 05:33:15,334 [INFO] - Validation epoch stats:   Loss: 0.5289 - F1-Score: 0.8294 - Accuracy-Score: 0.7844 - AUROC: 0.8472 - AP: 0.9037
[37m2024-06-24 05:33:15,340 [INFO] - New best model - save checkpoint
[37m2024-06-24 05:33:15,494 [INFO] - Epoch: 11/50
[37m2024-06-24 05:33:15,701 [INFO] - Training epoch stats:     Loss: 0.4424 - F1-Score: 0.8774 - Accuracy-Score: 0.8381 - AUROC: 0.9059 - AP: 0.9324
[37m2024-06-24 05:33:15,978 [INFO] - Validation epoch stats:   Loss: 0.5215 - F1-Score: 0.8276 - Accuracy-Score: 0.7842 - AUROC: 0.8491 - AP: 0.9050
[37m2024-06-24 05:33:15,984 [INFO] - New best model - save checkpoint
[37m2024-06-24 05:33:16,126 [INFO] - Epoch: 12/50
[37m2024-06-24 05:33:16,325 [INFO] - Training epoch stats:     Loss: 0.4301 - F1-Score: 0.8806 - Accuracy-Score: 0.8436 - AUROC: 0.9089 - AP: 0.9348
[37m2024-06-24 05:33:16,607 [INFO] - Validation epoch stats:   Loss: 0.5150 - F1-Score: 0.8261 - Accuracy-Score: 0.7838 - AUROC: 0.8508 - AP: 0.9063
[37m2024-06-24 05:33:16,613 [INFO] - New best model - save checkpoint
[37m2024-06-24 05:33:16,759 [INFO] - Epoch: 13/50
[37m2024-06-24 05:33:16,956 [INFO] - Training epoch stats:     Loss: 0.4179 - F1-Score: 0.8823 - Accuracy-Score: 0.8466 - AUROC: 0.9115 - AP: 0.9369
[37m2024-06-24 05:33:17,233 [INFO] - Validation epoch stats:   Loss: 0.5089 - F1-Score: 0.8257 - Accuracy-Score: 0.7843 - AUROC: 0.8523 - AP: 0.9073
[37m2024-06-24 05:33:17,239 [INFO] - New best model - save checkpoint
[37m2024-06-24 05:33:17,380 [INFO] - Epoch: 14/50
[37m2024-06-24 05:33:17,575 [INFO] - Training epoch stats:     Loss: 0.4083 - F1-Score: 0.8833 - Accuracy-Score: 0.8486 - AUROC: 0.9130 - AP: 0.9383
[37m2024-06-24 05:33:17,857 [INFO] - Validation epoch stats:   Loss: 0.5046 - F1-Score: 0.8245 - Accuracy-Score: 0.7838 - AUROC: 0.8534 - AP: 0.9081
[37m2024-06-24 05:33:17,863 [INFO] - New best model - save checkpoint
[37m2024-06-24 05:33:18,007 [INFO] - Epoch: 15/50
[37m2024-06-24 05:33:18,208 [INFO] - Training epoch stats:     Loss: 0.3987 - F1-Score: 0.8852 - Accuracy-Score: 0.8517 - AUROC: 0.9159 - AP: 0.9405
[37m2024-06-24 05:33:18,486 [INFO] - Validation epoch stats:   Loss: 0.5002 - F1-Score: 0.8229 - Accuracy-Score: 0.7825 - AUROC: 0.8544 - AP: 0.9088
[37m2024-06-24 05:33:18,492 [INFO] - New best model - save checkpoint
[37m2024-06-24 05:33:18,634 [INFO] - Epoch: 16/50
[37m2024-06-24 05:33:18,834 [INFO] - Training epoch stats:     Loss: 0.3912 - F1-Score: 0.8864 - Accuracy-Score: 0.8530 - AUROC: 0.9175 - AP: 0.9418
[37m2024-06-24 05:33:19,113 [INFO] - Validation epoch stats:   Loss: 0.4960 - F1-Score: 0.8234 - Accuracy-Score: 0.7833 - AUROC: 0.8554 - AP: 0.9094
[37m2024-06-24 05:33:19,119 [INFO] - New best model - save checkpoint
[37m2024-06-24 05:33:19,263 [INFO] - Epoch: 17/50
[37m2024-06-24 05:33:19,458 [INFO] - Training epoch stats:     Loss: 0.3853 - F1-Score: 0.8880 - Accuracy-Score: 0.8559 - AUROC: 0.9191 - AP: 0.9431
[37m2024-06-24 05:33:19,921 [INFO] - Validation epoch stats:   Loss: 0.4934 - F1-Score: 0.8230 - Accuracy-Score: 0.7834 - AUROC: 0.8560 - AP: 0.9098
[37m2024-06-24 05:33:19,927 [INFO] - New best model - save checkpoint
[37m2024-06-24 05:33:20,066 [INFO] - Epoch: 18/50
[37m2024-06-24 05:33:20,268 [INFO] - Training epoch stats:     Loss: 0.3775 - F1-Score: 0.8873 - Accuracy-Score: 0.8552 - AUROC: 0.9214 - AP: 0.9454
[37m2024-06-24 05:33:20,548 [INFO] - Validation epoch stats:   Loss: 0.4906 - F1-Score: 0.8226 - Accuracy-Score: 0.7831 - AUROC: 0.8567 - AP: 0.9102
[37m2024-06-24 05:33:20,553 [INFO] - New best model - save checkpoint
[37m2024-06-24 05:33:20,691 [INFO] - Epoch: 19/50
[37m2024-06-24 05:33:20,889 [INFO] - Training epoch stats:     Loss: 0.3720 - F1-Score: 0.8904 - Accuracy-Score: 0.8590 - AUROC: 0.9228 - AP: 0.9460
[37m2024-06-24 05:33:21,167 [INFO] - Validation epoch stats:   Loss: 0.4881 - F1-Score: 0.8230 - Accuracy-Score: 0.7835 - AUROC: 0.8571 - AP: 0.9105
[37m2024-06-24 05:33:21,172 [INFO] - New best model - save checkpoint
[37m2024-06-24 05:33:21,316 [INFO] - Epoch: 20/50
[37m2024-06-24 05:33:21,518 [INFO] - Training epoch stats:     Loss: 0.3686 - F1-Score: 0.8885 - Accuracy-Score: 0.8569 - AUROC: 0.9241 - AP: 0.9468
[37m2024-06-24 05:33:21,797 [INFO] - Validation epoch stats:   Loss: 0.4868 - F1-Score: 0.8225 - Accuracy-Score: 0.7834 - AUROC: 0.8574 - AP: 0.9107
[37m2024-06-24 05:33:21,802 [INFO] - New best model - save checkpoint
[37m2024-06-24 05:33:21,943 [INFO] - Epoch: 21/50
[37m2024-06-24 05:33:22,145 [INFO] - Training epoch stats:     Loss: 0.3626 - F1-Score: 0.8897 - Accuracy-Score: 0.8588 - AUROC: 0.9258 - AP: 0.9490
[37m2024-06-24 05:33:22,432 [INFO] - Validation epoch stats:   Loss: 0.4857 - F1-Score: 0.8215 - Accuracy-Score: 0.7826 - AUROC: 0.8578 - AP: 0.9110
[37m2024-06-24 05:33:22,438 [INFO] - New best model - save checkpoint
[37m2024-06-24 05:33:22,583 [INFO] - Epoch: 22/50
[37m2024-06-24 05:33:22,778 [INFO] - Training epoch stats:     Loss: 0.3586 - F1-Score: 0.8919 - Accuracy-Score: 0.8615 - AUROC: 0.9272 - AP: 0.9498
[37m2024-06-24 05:33:23,059 [INFO] - Validation epoch stats:   Loss: 0.4836 - F1-Score: 0.8223 - Accuracy-Score: 0.7833 - AUROC: 0.8582 - AP: 0.9112
[37m2024-06-24 05:33:23,064 [INFO] - New best model - save checkpoint
[37m2024-06-24 05:33:23,211 [INFO] - Epoch: 23/50
[37m2024-06-24 05:33:23,406 [INFO] - Training epoch stats:     Loss: 0.3544 - F1-Score: 0.8917 - Accuracy-Score: 0.8613 - AUROC: 0.9287 - AP: 0.9513
[37m2024-06-24 05:33:23,685 [INFO] - Validation epoch stats:   Loss: 0.4826 - F1-Score: 0.8222 - Accuracy-Score: 0.7834 - AUROC: 0.8583 - AP: 0.9113
[37m2024-06-24 05:33:23,691 [INFO] - New best model - save checkpoint
[37m2024-06-24 05:33:23,836 [INFO] - Epoch: 24/50
[37m2024-06-24 05:33:24,027 [INFO] - Training epoch stats:     Loss: 0.3499 - F1-Score: 0.8929 - Accuracy-Score: 0.8630 - AUROC: 0.9299 - AP: 0.9524
[37m2024-06-24 05:33:24,308 [INFO] - Validation epoch stats:   Loss: 0.4817 - F1-Score: 0.8215 - Accuracy-Score: 0.7827 - AUROC: 0.8585 - AP: 0.9114
[37m2024-06-24 05:33:24,313 [INFO] - New best model - save checkpoint
[37m2024-06-24 05:33:24,454 [INFO] - Epoch: 25/50
[37m2024-06-24 05:33:24,648 [INFO] - Training epoch stats:     Loss: 0.3470 - F1-Score: 0.8927 - Accuracy-Score: 0.8625 - AUROC: 0.9313 - AP: 0.9534
[37m2024-06-24 05:33:24,929 [INFO] - Validation epoch stats:   Loss: 0.4807 - F1-Score: 0.8218 - Accuracy-Score: 0.7830 - AUROC: 0.8586 - AP: 0.9115
[37m2024-06-24 05:33:24,935 [INFO] - New best model - save checkpoint
[37m2024-06-24 05:33:25,079 [INFO] - Epoch: 26/50
[37m2024-06-24 05:33:25,281 [INFO] - Training epoch stats:     Loss: 0.3424 - F1-Score: 0.8939 - Accuracy-Score: 0.8642 - AUROC: 0.9319 - AP: 0.9541
[37m2024-06-24 05:33:25,563 [INFO] - Validation epoch stats:   Loss: 0.4800 - F1-Score: 0.8219 - Accuracy-Score: 0.7832 - AUROC: 0.8588 - AP: 0.9117
[37m2024-06-24 05:33:25,569 [INFO] - New best model - save checkpoint
[37m2024-06-24 05:33:25,720 [INFO] - Epoch: 27/50
[37m2024-06-24 05:33:25,914 [INFO] - Training epoch stats:     Loss: 0.3403 - F1-Score: 0.8952 - Accuracy-Score: 0.8658 - AUROC: 0.9333 - AP: 0.9551
[37m2024-06-24 05:33:26,205 [INFO] - Validation epoch stats:   Loss: 0.4793 - F1-Score: 0.8215 - Accuracy-Score: 0.7828 - AUROC: 0.8589 - AP: 0.9117
[37m2024-06-24 05:33:26,210 [INFO] - New best model - save checkpoint
[37m2024-06-24 05:33:26,356 [INFO] - Epoch: 28/50
[37m2024-06-24 05:33:26,558 [INFO] - Training epoch stats:     Loss: 0.3390 - F1-Score: 0.8945 - Accuracy-Score: 0.8650 - AUROC: 0.9335 - AP: 0.9554
[37m2024-06-24 05:33:26,845 [INFO] - Validation epoch stats:   Loss: 0.4787 - F1-Score: 0.8212 - Accuracy-Score: 0.7824 - AUROC: 0.8590 - AP: 0.9118
[37m2024-06-24 05:33:26,850 [INFO] - New best model - save checkpoint
[37m2024-06-24 05:33:26,993 [INFO] - Epoch: 29/50
[37m2024-06-24 05:33:27,183 [INFO] - Training epoch stats:     Loss: 0.3368 - F1-Score: 0.8961 - Accuracy-Score: 0.8668 - AUROC: 0.9344 - AP: 0.9560
[37m2024-06-24 05:33:27,460 [INFO] - Validation epoch stats:   Loss: 0.4778 - F1-Score: 0.8215 - Accuracy-Score: 0.7827 - AUROC: 0.8591 - AP: 0.9118
[37m2024-06-24 05:33:27,466 [INFO] - New best model - save checkpoint
[37m2024-06-24 05:33:27,609 [INFO] - Epoch: 30/50
[37m2024-06-24 05:33:27,805 [INFO] - Training epoch stats:     Loss: 0.3335 - F1-Score: 0.8957 - Accuracy-Score: 0.8663 - AUROC: 0.9354 - AP: 0.9568
[37m2024-06-24 05:33:28,084 [INFO] - Validation epoch stats:   Loss: 0.4776 - F1-Score: 0.8213 - Accuracy-Score: 0.7826 - AUROC: 0.8592 - AP: 0.9119
[37m2024-06-24 05:33:28,090 [INFO] - New best model - save checkpoint
[37m2024-06-24 05:33:28,236 [INFO] - Epoch: 31/50
[37m2024-06-24 05:33:28,431 [INFO] - Training epoch stats:     Loss: 0.3329 - F1-Score: 0.8973 - Accuracy-Score: 0.8683 - AUROC: 0.9356 - AP: 0.9571
[37m2024-06-24 05:33:28,711 [INFO] - Validation epoch stats:   Loss: 0.4778 - F1-Score: 0.8209 - Accuracy-Score: 0.7824 - AUROC: 0.8592 - AP: 0.9119
[37m2024-06-24 05:33:28,760 [INFO] - Epoch: 32/50
[37m2024-06-24 05:33:28,949 [INFO] - Training epoch stats:     Loss: 0.3306 - F1-Score: 0.8979 - Accuracy-Score: 0.8691 - AUROC: 0.9366 - AP: 0.9578
[37m2024-06-24 05:33:29,229 [INFO] - Validation epoch stats:   Loss: 0.4778 - F1-Score: 0.8204 - Accuracy-Score: 0.7819 - AUROC: 0.8592 - AP: 0.9119
[37m2024-06-24 05:33:29,280 [INFO] - Epoch: 33/50
[37m2024-06-24 05:33:29,468 [INFO] - Training epoch stats:     Loss: 0.3281 - F1-Score: 0.8980 - Accuracy-Score: 0.8693 - AUROC: 0.9370 - AP: 0.9583
[37m2024-06-24 05:33:29,749 [INFO] - Validation epoch stats:   Loss: 0.4777 - F1-Score: 0.8204 - Accuracy-Score: 0.7820 - AUROC: 0.8592 - AP: 0.9119
[37m2024-06-24 05:33:29,801 [INFO] - Epoch: 34/50
[37m2024-06-24 05:33:29,993 [INFO] - Training epoch stats:     Loss: 0.3264 - F1-Score: 0.8970 - Accuracy-Score: 0.8681 - AUROC: 0.9376 - AP: 0.9587
[37m2024-06-24 05:33:30,271 [INFO] - Validation epoch stats:   Loss: 0.4776 - F1-Score: 0.8201 - Accuracy-Score: 0.7818 - AUROC: 0.8592 - AP: 0.9119
[37m2024-06-24 05:33:30,277 [INFO] - New best model - save checkpoint
[37m2024-06-24 05:33:30,426 [INFO] - Epoch: 35/50
[37m2024-06-24 05:33:30,620 [INFO] - Training epoch stats:     Loss: 0.3247 - F1-Score: 0.8984 - Accuracy-Score: 0.8701 - AUROC: 0.9384 - AP: 0.9593
[37m2024-06-24 05:33:30,900 [INFO] - Validation epoch stats:   Loss: 0.4774 - F1-Score: 0.8201 - Accuracy-Score: 0.7818 - AUROC: 0.8593 - AP: 0.9119
[37m2024-06-24 05:33:30,905 [INFO] - New best model - save checkpoint
[37m2024-06-24 05:33:31,055 [INFO] - Epoch: 36/50
[37m2024-06-24 05:33:31,419 [INFO] - Training epoch stats:     Loss: 0.3230 - F1-Score: 0.8982 - Accuracy-Score: 0.8696 - AUROC: 0.9389 - AP: 0.9596
[37m2024-06-24 05:33:31,703 [INFO] - Validation epoch stats:   Loss: 0.4773 - F1-Score: 0.8199 - Accuracy-Score: 0.7816 - AUROC: 0.8593 - AP: 0.9119
[37m2024-06-24 05:33:31,760 [INFO] - Epoch: 37/50
[37m2024-06-24 05:33:31,952 [INFO] - Training epoch stats:     Loss: 0.3216 - F1-Score: 0.9002 - Accuracy-Score: 0.8723 - AUROC: 0.9394 - AP: 0.9600
[37m2024-06-24 05:33:32,237 [INFO] - Validation epoch stats:   Loss: 0.4771 - F1-Score: 0.8198 - Accuracy-Score: 0.7814 - AUROC: 0.8592 - AP: 0.9119
[37m2024-06-24 05:33:32,289 [INFO] - Epoch: 38/50
[37m2024-06-24 05:33:32,476 [INFO] - Training epoch stats:     Loss: 0.3198 - F1-Score: 0.8994 - Accuracy-Score: 0.8713 - AUROC: 0.9395 - AP: 0.9603
[37m2024-06-24 05:33:32,763 [INFO] - Validation epoch stats:   Loss: 0.4772 - F1-Score: 0.8193 - Accuracy-Score: 0.7808 - AUROC: 0.8592 - AP: 0.9119
[37m2024-06-24 05:33:32,808 [INFO] - Epoch: 39/50
[37m2024-06-24 05:33:33,000 [INFO] - Training epoch stats:     Loss: 0.3194 - F1-Score: 0.9018 - Accuracy-Score: 0.8743 - AUROC: 0.9403 - AP: 0.9608
[37m2024-06-24 05:33:33,274 [INFO] - Validation epoch stats:   Loss: 0.4770 - F1-Score: 0.8198 - Accuracy-Score: 0.7814 - AUROC: 0.8592 - AP: 0.9119
[37m2024-06-24 05:33:33,324 [INFO] - Epoch: 40/50
[37m2024-06-24 05:33:33,512 [INFO] - Training epoch stats:     Loss: 0.3169 - F1-Score: 0.8997 - Accuracy-Score: 0.8716 - AUROC: 0.9407 - AP: 0.9612
[37m2024-06-24 05:33:33,802 [INFO] - Validation epoch stats:   Loss: 0.4769 - F1-Score: 0.8197 - Accuracy-Score: 0.7814 - AUROC: 0.8592 - AP: 0.9119
[37m2024-06-24 05:33:33,852 [INFO] - Epoch: 41/50
[37m2024-06-24 05:33:34,080 [INFO] - Training epoch stats:     Loss: 0.3169 - F1-Score: 0.9012 - Accuracy-Score: 0.8734 - AUROC: 0.9411 - AP: 0.9613
[37m2024-06-24 05:33:34,488 [INFO] - Validation epoch stats:   Loss: 0.4773 - F1-Score: 0.8194 - Accuracy-Score: 0.7811 - AUROC: 0.8592 - AP: 0.9119
[37m2024-06-24 05:33:34,546 [INFO] - Epoch: 42/50
[37m2024-06-24 05:33:34,789 [INFO] - Training epoch stats:     Loss: 0.3170 - F1-Score: 0.9004 - Accuracy-Score: 0.8726 - AUROC: 0.9412 - AP: 0.9614
[37m2024-06-24 05:33:35,188 [INFO] - Validation epoch stats:   Loss: 0.4769 - F1-Score: 0.8193 - Accuracy-Score: 0.7809 - AUROC: 0.8592 - AP: 0.9118
[37m2024-06-24 05:33:35,241 [INFO] - Epoch: 43/50
[37m2024-06-24 05:33:35,483 [INFO] - Training epoch stats:     Loss: 0.3134 - F1-Score: 0.9006 - Accuracy-Score: 0.8728 - AUROC: 0.9419 - AP: 0.9623
[37m2024-06-24 05:33:35,884 [INFO] - Validation epoch stats:   Loss: 0.4771 - F1-Score: 0.8191 - Accuracy-Score: 0.7808 - AUROC: 0.8592 - AP: 0.9118
[37m2024-06-24 05:33:35,938 [INFO] - Epoch: 44/50
[37m2024-06-24 05:33:36,183 [INFO] - Training epoch stats:     Loss: 0.3130 - F1-Score: 0.9021 - Accuracy-Score: 0.8748 - AUROC: 0.9421 - AP: 0.9625
[37m2024-06-24 05:33:36,586 [INFO] - Validation epoch stats:   Loss: 0.4769 - F1-Score: 0.8191 - Accuracy-Score: 0.7806 - AUROC: 0.8591 - AP: 0.9118
[37m2024-06-24 05:33:36,640 [INFO] - Epoch: 45/50
[37m2024-06-24 05:33:36,883 [INFO] - Training epoch stats:     Loss: 0.3144 - F1-Score: 0.9021 - Accuracy-Score: 0.8748 - AUROC: 0.9423 - AP: 0.9625
[37m2024-06-24 05:33:37,288 [INFO] - Validation epoch stats:   Loss: 0.4769 - F1-Score: 0.8190 - Accuracy-Score: 0.7805 - AUROC: 0.8591 - AP: 0.9118
[37m2024-06-24 05:33:37,294 [INFO] - Performing early stopping!
[37m2024-06-24 05:33:37,300 [INFO] - Finished run pv6vz1m1
