[37m2024-08-11 19:18:37,342 [INFO] - Instantiated Logger. WandB init and config update finished.
[37m2024-08-11 19:18:37,343 [INFO] - Run ist stored here: /cellvit/logs_paper/Head-Evaluation/ocelot/Virchow/Amount/No-Aug/50/Seed-1/2024-08-11T191826_CellViT-Virchow-50Percent
[37m2024-08-11 19:18:37,402 [INFO] - Cuda devices: [<torch.cuda.device object at 0x7f38c442c2e0>]
[37m2024-08-11 19:18:37,408 [INFO] - Using GPU: cuda:0
[37m2024-08-11 19:18:37,414 [INFO] - Using device: cuda:0
[37m2024-08-11 19:18:37,419 [INFO] - Loss function:
[37m2024-08-11 19:18:37,424 [INFO] - CrossEntropyLoss()
[37m2024-08-11 19:18:46,377 [INFO] - <All keys matched successfully>
[37m2024-08-11 19:18:47,650 [INFO] -
==========================================================================================
Layer (type:depth-idx)                   Output Shape              Param #
==========================================================================================
LinearClassifier                         [1, 2]                    --
├─Linear: 1-1                            [1, 128]                  163,968
├─ReLU: 1-2                              [1, 128]                  --
├─Dropout: 1-3                           [1, 128]                  --
├─Linear: 1-4                            [1, 2]                    258
==========================================================================================
Total params: 164,226
Trainable params: 164,226
Non-trainable params: 0
Total mult-adds (M): 0.16
==========================================================================================
Input size (MB): 0.01
Forward/backward pass size (MB): 0.00
Params size (MB): 0.66
Estimated Total Size (MB): 0.66
==========================================================================================
[37m2024-08-11 19:18:47,658 [INFO] - Loaded AdamW Optimizer with following hyperparameters:
[37m2024-08-11 19:18:47,663 [INFO] - {'betas': [0.85, 0.9], 'lr': 0.0004303882065443299, 'weight_decay': 0.0006034678620960006}
[37m2024-08-11 19:18:47,668 [INFO] - Using early stopping with a range of 20 and maximize strategy
[37m2024-08-11 19:18:47,690 [INFO] - Caching datasets
[37m2024-08-11 19:18:52,018 [INFO] - Instantiate Trainer
[37m2024-08-11 19:18:52,026 [INFO] - Calling Trainer Fit
[37m2024-08-11 19:18:52,032 [INFO] - Dataset is cached after first epoch
[37m2024-08-11 19:18:52,038 [INFO] - Starting training, total number of epochs: 50
[37m2024-08-11 19:18:52,043 [INFO] - Epoch: 1/50
[37m2024-08-11 19:18:52,049 [INFO] - Extracting training cells
[37m2024-08-11 19:20:57,334 [INFO] - Extraction detection metrics - F1: 0.640, Precision: 0.618, Recall: 0.721, Detected-Cells: 23187
[37m2024-08-11 19:20:57,338 [INFO] - Caching dataset 76865c33d4949345c1c79ff7ec9937d8c27914bbe4868c306fe2b2c012bbd024 to disk...
[37m2024-08-11 19:21:14,463 [INFO] - Training epoch stats:     Loss: 0.2932 - F1-Score: 0.9036 - Accuracy-Score: 0.8733 - AUROC: 0.9444 - AP: 0.9643
[37m2024-08-11 19:21:18,561 [INFO] - Loaded dataset from cache: /OCELOT-Orig/cache/b9c748f76a42e9a5b6619f0756b1e70745a509b6263a3cac0bf6f7cad71394d3.h5
[37m2024-08-11 19:21:18,982 [INFO] - Validation epoch stats:   Loss: 0.3838 - F1-Score: 0.8840 - Accuracy-Score: 0.8523 - AUROC: 0.9088 - AP: 0.9320
[37m2024-08-11 19:21:18,988 [INFO] - New best model - save checkpoint
[37m2024-08-11 19:21:19,183 [INFO] - Epoch: 2/50
[37m2024-08-11 19:21:20,172 [INFO] - Training epoch stats:     Loss: 0.1696 - F1-Score: 0.9505 - Accuracy-Score: 0.9364 - AUROC: 0.9804 - AP: 0.9876
[37m2024-08-11 19:21:20,592 [INFO] - Validation epoch stats:   Loss: 0.4347 - F1-Score: 0.8678 - Accuracy-Score: 0.8350 - AUROC: 0.9022 - AP: 0.9268
[37m2024-08-11 19:21:20,658 [INFO] - Epoch: 3/50
[37m2024-08-11 19:21:21,604 [INFO] - Training epoch stats:     Loss: 0.1421 - F1-Score: 0.9592 - Accuracy-Score: 0.9477 - AUROC: 0.9861 - AP: 0.9913
[37m2024-08-11 19:21:22,020 [INFO] - Validation epoch stats:   Loss: 0.5066 - F1-Score: 0.8463 - Accuracy-Score: 0.8144 - AUROC: 0.8988 - AP: 0.9251
[37m2024-08-11 19:21:22,084 [INFO] - Epoch: 4/50
[37m2024-08-11 19:21:23,280 [INFO] - Training epoch stats:     Loss: 0.1251 - F1-Score: 0.9641 - Accuracy-Score: 0.9541 - AUROC: 0.9893 - AP: 0.9934
[37m2024-08-11 19:21:23,650 [INFO] - Validation epoch stats:   Loss: 0.4940 - F1-Score: 0.8629 - Accuracy-Score: 0.8284 - AUROC: 0.8944 - AP: 0.9220
[37m2024-08-11 19:21:23,719 [INFO] - Epoch: 5/50
[37m2024-08-11 19:21:24,641 [INFO] - Training epoch stats:     Loss: 0.1127 - F1-Score: 0.9673 - Accuracy-Score: 0.9582 - AUROC: 0.9913 - AP: 0.9947
[37m2024-08-11 19:21:25,064 [INFO] - Validation epoch stats:   Loss: 0.5050 - F1-Score: 0.8626 - Accuracy-Score: 0.8295 - AUROC: 0.8979 - AP: 0.9237
[37m2024-08-11 19:21:25,130 [INFO] - Epoch: 6/50
[37m2024-08-11 19:21:26,075 [INFO] - Training epoch stats:     Loss: 0.1014 - F1-Score: 0.9705 - Accuracy-Score: 0.9622 - AUROC: 0.9931 - AP: 0.9959
[37m2024-08-11 19:21:26,501 [INFO] - Validation epoch stats:   Loss: 0.5429 - F1-Score: 0.8572 - Accuracy-Score: 0.8231 - AUROC: 0.8914 - AP: 0.9194
[37m2024-08-11 19:21:26,565 [INFO] - Epoch: 7/50
[37m2024-08-11 19:21:27,435 [INFO] - Training epoch stats:     Loss: 0.0922 - F1-Score: 0.9723 - Accuracy-Score: 0.9645 - AUROC: 0.9944 - AP: 0.9967
[37m2024-08-11 19:21:27,801 [INFO] - Validation epoch stats:   Loss: 0.5633 - F1-Score: 0.8550 - Accuracy-Score: 0.8210 - AUROC: 0.8898 - AP: 0.9184
[37m2024-08-11 19:21:27,865 [INFO] - Epoch: 8/50
[37m2024-08-11 19:21:28,805 [INFO] - Training epoch stats:     Loss: 0.0840 - F1-Score: 0.9764 - Accuracy-Score: 0.9699 - AUROC: 0.9954 - AP: 0.9973
[37m2024-08-11 19:21:29,218 [INFO] - Validation epoch stats:   Loss: 0.5843 - F1-Score: 0.8541 - Accuracy-Score: 0.8200 - AUROC: 0.8908 - AP: 0.9194
[37m2024-08-11 19:21:29,280 [INFO] - Epoch: 9/50
[37m2024-08-11 19:21:30,104 [INFO] - Training epoch stats:     Loss: 0.0771 - F1-Score: 0.9779 - Accuracy-Score: 0.9717 - AUROC: 0.9962 - AP: 0.9978
[37m2024-08-11 19:21:30,398 [INFO] - Validation epoch stats:   Loss: 0.6152 - F1-Score: 0.8488 - Accuracy-Score: 0.8145 - AUROC: 0.8889 - AP: 0.9183
[37m2024-08-11 19:21:30,463 [INFO] - Epoch: 10/50
[37m2024-08-11 19:21:31,201 [INFO] - Training epoch stats:     Loss: 0.0704 - F1-Score: 0.9808 - Accuracy-Score: 0.9755 - AUROC: 0.9969 - AP: 0.9981
[37m2024-08-11 19:21:31,502 [INFO] - Validation epoch stats:   Loss: 0.6318 - F1-Score: 0.8444 - Accuracy-Score: 0.8105 - AUROC: 0.8894 - AP: 0.9182
[37m2024-08-11 19:21:31,568 [INFO] - Epoch: 11/50
[37m2024-08-11 19:21:32,313 [INFO] - Training epoch stats:     Loss: 0.0650 - F1-Score: 0.9831 - Accuracy-Score: 0.9784 - AUROC: 0.9974 - AP: 0.9985
[37m2024-08-11 19:21:32,597 [INFO] - Validation epoch stats:   Loss: 0.6519 - F1-Score: 0.8444 - Accuracy-Score: 0.8103 - AUROC: 0.8876 - AP: 0.9172
[37m2024-08-11 19:21:32,663 [INFO] - Epoch: 12/50
[37m2024-08-11 19:21:33,351 [INFO] - Training epoch stats:     Loss: 0.0603 - F1-Score: 0.9838 - Accuracy-Score: 0.9793 - AUROC: 0.9979 - AP: 0.9988
[37m2024-08-11 19:21:33,633 [INFO] - Validation epoch stats:   Loss: 0.6645 - F1-Score: 0.8470 - Accuracy-Score: 0.8125 - AUROC: 0.8870 - AP: 0.9163
[37m2024-08-11 19:21:33,694 [INFO] - Epoch: 13/50
[37m2024-08-11 19:21:34,513 [INFO] - Training epoch stats:     Loss: 0.0556 - F1-Score: 0.9856 - Accuracy-Score: 0.9816 - AUROC: 0.9982 - AP: 0.9990
[37m2024-08-11 19:21:34,799 [INFO] - Validation epoch stats:   Loss: 0.6924 - F1-Score: 0.8402 - Accuracy-Score: 0.8057 - AUROC: 0.8851 - AP: 0.9150
[37m2024-08-11 19:21:34,867 [INFO] - Epoch: 14/50
[37m2024-08-11 19:21:35,812 [INFO] - Training epoch stats:     Loss: 0.0519 - F1-Score: 0.9860 - Accuracy-Score: 0.9821 - AUROC: 0.9985 - AP: 0.9991
[37m2024-08-11 19:21:36,200 [INFO] - Validation epoch stats:   Loss: 0.7004 - F1-Score: 0.8430 - Accuracy-Score: 0.8089 - AUROC: 0.8871 - AP: 0.9161
[37m2024-08-11 19:21:36,266 [INFO] - Epoch: 15/50
[37m2024-08-11 19:21:37,218 [INFO] - Training epoch stats:     Loss: 0.0477 - F1-Score: 0.9883 - Accuracy-Score: 0.9850 - AUROC: 0.9989 - AP: 0.9993
[37m2024-08-11 19:21:37,626 [INFO] - Validation epoch stats:   Loss: 0.7476 - F1-Score: 0.8351 - Accuracy-Score: 0.8011 - AUROC: 0.8837 - AP: 0.9136
[37m2024-08-11 19:21:37,694 [INFO] - Epoch: 16/50
[37m2024-08-11 19:21:38,699 [INFO] - Training epoch stats:     Loss: 0.0439 - F1-Score: 0.9896 - Accuracy-Score: 0.9867 - AUROC: 0.9991 - AP: 0.9995
[37m2024-08-11 19:21:39,043 [INFO] - Validation epoch stats:   Loss: 0.7160 - F1-Score: 0.8499 - Accuracy-Score: 0.8150 - AUROC: 0.8866 - AP: 0.9157
[37m2024-08-11 19:21:39,107 [INFO] - Epoch: 17/50
[37m2024-08-11 19:21:40,162 [INFO] - Training epoch stats:     Loss: 0.0414 - F1-Score: 0.9902 - Accuracy-Score: 0.9874 - AUROC: 0.9992 - AP: 0.9995
[37m2024-08-11 19:21:40,533 [INFO] - Validation epoch stats:   Loss: 0.7602 - F1-Score: 0.8371 - Accuracy-Score: 0.8031 - AUROC: 0.8860 - AP: 0.9153
[37m2024-08-11 19:21:40,606 [INFO] - Epoch: 18/50
[37m2024-08-11 19:21:41,516 [INFO] - Training epoch stats:     Loss: 0.0390 - F1-Score: 0.9912 - Accuracy-Score: 0.9888 - AUROC: 0.9993 - AP: 0.9996
[37m2024-08-11 19:21:41,933 [INFO] - Validation epoch stats:   Loss: 0.8028 - F1-Score: 0.8296 - Accuracy-Score: 0.7956 - AUROC: 0.8828 - AP: 0.9126
[37m2024-08-11 19:21:41,998 [INFO] - Epoch: 19/50
[37m2024-08-11 19:21:42,939 [INFO] - Training epoch stats:     Loss: 0.0356 - F1-Score: 0.9918 - Accuracy-Score: 0.9895 - AUROC: 0.9995 - AP: 0.9997
[37m2024-08-11 19:21:43,359 [INFO] - Validation epoch stats:   Loss: 0.8197 - F1-Score: 0.8297 - Accuracy-Score: 0.7959 - AUROC: 0.8829 - AP: 0.9128
[37m2024-08-11 19:21:43,431 [INFO] - Epoch: 20/50
[37m2024-08-11 19:21:44,446 [INFO] - Training epoch stats:     Loss: 0.0337 - F1-Score: 0.9927 - Accuracy-Score: 0.9907 - AUROC: 0.9996 - AP: 0.9998
[37m2024-08-11 19:21:44,879 [INFO] - Validation epoch stats:   Loss: 0.8533 - F1-Score: 0.8242 - Accuracy-Score: 0.7903 - AUROC: 0.8800 - AP: 0.9099
[37m2024-08-11 19:21:44,940 [INFO] - Epoch: 21/50
[37m2024-08-11 19:21:45,935 [INFO] - Training epoch stats:     Loss: 0.0319 - F1-Score: 0.9935 - Accuracy-Score: 0.9917 - AUROC: 0.9996 - AP: 0.9998
[37m2024-08-11 19:21:46,367 [INFO] - Validation epoch stats:   Loss: 0.8255 - F1-Score: 0.8338 - Accuracy-Score: 0.7996 - AUROC: 0.8834 - AP: 0.9126
[37m2024-08-11 19:21:46,373 [INFO] - Performing early stopping!
[37m2024-08-11 19:21:46,381 [INFO] - Finished run 2aknrwct
