[37m2024-08-11 19:41:11,317 [INFO] - Instantiated Logger. WandB init and config update finished.
[37m2024-08-11 19:41:11,318 [INFO] - Run ist stored here: /cellvit/logs_paper/Head-Evaluation/ocelot/Virchow/Amount/No-Aug/10/Seed-3/2024-08-11T194100_CellViT-Virchow-10Percent
[37m2024-08-11 19:41:11,391 [INFO] - Cuda devices: [<torch.cuda.device object at 0x7f3f61fa6e60>]
[37m2024-08-11 19:41:11,397 [INFO] - Using GPU: cuda:0
[37m2024-08-11 19:41:11,402 [INFO] - Using device: cuda:0
[37m2024-08-11 19:41:11,407 [INFO] - Loss function:
[37m2024-08-11 19:41:11,413 [INFO] - CrossEntropyLoss()
[37m2024-08-11 19:41:29,380 [INFO] - <All keys matched successfully>
[37m2024-08-11 19:41:31,064 [INFO] -
==========================================================================================
Layer (type:depth-idx)                   Output Shape              Param #
==========================================================================================
LinearClassifier                         [1, 2]                    --
├─Linear: 1-1                            [1, 128]                  163,968
├─ReLU: 1-2                              [1, 128]                  --
├─Dropout: 1-3                           [1, 128]                  --
├─Linear: 1-4                            [1, 2]                    258
==========================================================================================
Total params: 164,226
Trainable params: 164,226
Non-trainable params: 0
Total mult-adds (M): 0.16
==========================================================================================
Input size (MB): 0.01
Forward/backward pass size (MB): 0.00
Params size (MB): 0.66
Estimated Total Size (MB): 0.66
==========================================================================================
[37m2024-08-11 19:41:31,075 [INFO] - Loaded AdamW Optimizer with following hyperparameters:
[37m2024-08-11 19:41:31,082 [INFO] - {'betas': [0.85, 0.9], 'lr': 0.0004303882065443299, 'weight_decay': 0.0006034678620960006}
[37m2024-08-11 19:41:31,090 [INFO] - Using early stopping with a range of 20 and maximize strategy
[37m2024-08-11 19:41:31,125 [INFO] - Caching datasets
[37m2024-08-11 19:41:33,912 [INFO] - Instantiate Trainer
[37m2024-08-11 19:41:33,921 [INFO] - Calling Trainer Fit
[37m2024-08-11 19:41:33,929 [INFO] - Dataset is cached after first epoch
[37m2024-08-11 19:41:33,937 [INFO] - Starting training, total number of epochs: 50
[37m2024-08-11 19:41:33,945 [INFO] - Epoch: 1/50
[37m2024-08-11 19:41:35,986 [INFO] - Loaded dataset from cache: /OCELOT-Orig/cache/dc49e777c93251e51f6136208954ee0d960724437c4b039f157b3f9e0e43b5b2.h5
[37m2024-08-11 19:41:36,573 [INFO] - Training epoch stats:     Loss: 0.4111 - F1-Score: 0.8646 - Accuracy-Score: 0.8247 - AUROC: 0.9218 - AP: 0.9469
[37m2024-08-11 19:41:40,701 [INFO] - Loaded dataset from cache: /OCELOT-Orig/cache/b9c748f76a42e9a5b6619f0756b1e70745a509b6263a3cac0bf6f7cad71394d3.h5
[37m2024-08-11 19:41:41,123 [INFO] - Validation epoch stats:   Loss: 0.4075 - F1-Score: 0.8702 - Accuracy-Score: 0.8406 - AUROC: 0.9038 - AP: 0.9399
[37m2024-08-11 19:41:41,130 [INFO] - New best model - save checkpoint
[37m2024-08-11 19:41:41,312 [INFO] - Epoch: 2/50
[37m2024-08-11 19:41:41,577 [INFO] - Training epoch stats:     Loss: 0.1820 - F1-Score: 0.9454 - Accuracy-Score: 0.9341 - AUROC: 0.9809 - AP: 0.9870
[37m2024-08-11 19:41:42,058 [INFO] - Validation epoch stats:   Loss: 0.4117 - F1-Score: 0.8697 - Accuracy-Score: 0.8370 - AUROC: 0.8976 - AP: 0.9379
[37m2024-08-11 19:41:42,121 [INFO] - Epoch: 3/50
[37m2024-08-11 19:41:42,359 [INFO] - Training epoch stats:     Loss: 0.1363 - F1-Score: 0.9587 - Accuracy-Score: 0.9501 - AUROC: 0.9890 - AP: 0.9925
[37m2024-08-11 19:41:42,824 [INFO] - Validation epoch stats:   Loss: 0.4533 - F1-Score: 0.8589 - Accuracy-Score: 0.8285 - AUROC: 0.8966 - AP: 0.9368
[37m2024-08-11 19:41:42,887 [INFO] - Epoch: 4/50
[37m2024-08-11 19:41:43,125 [INFO] - Training epoch stats:     Loss: 0.1163 - F1-Score: 0.9637 - Accuracy-Score: 0.9562 - AUROC: 0.9918 - AP: 0.9945
[37m2024-08-11 19:41:43,559 [INFO] - Validation epoch stats:   Loss: 0.4797 - F1-Score: 0.8515 - Accuracy-Score: 0.8209 - AUROC: 0.8934 - AP: 0.9338
[37m2024-08-11 19:41:43,628 [INFO] - Epoch: 5/50
[37m2024-08-11 19:41:43,875 [INFO] - Training epoch stats:     Loss: 0.1012 - F1-Score: 0.9696 - Accuracy-Score: 0.9634 - AUROC: 0.9938 - AP: 0.9958
[37m2024-08-11 19:41:44,355 [INFO] - Validation epoch stats:   Loss: 0.5182 - F1-Score: 0.8396 - Accuracy-Score: 0.8098 - AUROC: 0.8913 - AP: 0.9323
[37m2024-08-11 19:41:44,424 [INFO] - Epoch: 6/50
[37m2024-08-11 19:41:44,655 [INFO] - Training epoch stats:     Loss: 0.0952 - F1-Score: 0.9704 - Accuracy-Score: 0.9643 - AUROC: 0.9945 - AP: 0.9963
[37m2024-08-11 19:41:45,096 [INFO] - Validation epoch stats:   Loss: 0.5310 - F1-Score: 0.8416 - Accuracy-Score: 0.8115 - AUROC: 0.8905 - AP: 0.9318
[37m2024-08-11 19:41:45,167 [INFO] - Epoch: 7/50
[37m2024-08-11 19:41:45,420 [INFO] - Training epoch stats:     Loss: 0.0861 - F1-Score: 0.9728 - Accuracy-Score: 0.9671 - AUROC: 0.9956 - AP: 0.9970
[37m2024-08-11 19:41:45,855 [INFO] - Validation epoch stats:   Loss: 0.5706 - F1-Score: 0.8289 - Accuracy-Score: 0.7997 - AUROC: 0.8885 - AP: 0.9298
[37m2024-08-11 19:41:45,918 [INFO] - Epoch: 8/50
[37m2024-08-11 19:41:46,156 [INFO] - Training epoch stats:     Loss: 0.0806 - F1-Score: 0.9750 - Accuracy-Score: 0.9700 - AUROC: 0.9962 - AP: 0.9974
[37m2024-08-11 19:41:46,668 [INFO] - Validation epoch stats:   Loss: 0.5697 - F1-Score: 0.8373 - Accuracy-Score: 0.8068 - AUROC: 0.8859 - AP: 0.9281
[37m2024-08-11 19:41:46,743 [INFO] - Epoch: 9/50
[37m2024-08-11 19:41:47,045 [INFO] - Training epoch stats:     Loss: 0.0769 - F1-Score: 0.9782 - Accuracy-Score: 0.9737 - AUROC: 0.9966 - AP: 0.9977
[37m2024-08-11 19:41:47,465 [INFO] - Validation epoch stats:   Loss: 0.5827 - F1-Score: 0.8342 - Accuracy-Score: 0.8039 - AUROC: 0.8864 - AP: 0.9288
[37m2024-08-11 19:41:47,619 [INFO] - Epoch: 10/50
[37m2024-08-11 19:41:47,853 [INFO] - Training epoch stats:     Loss: 0.0706 - F1-Score: 0.9785 - Accuracy-Score: 0.9741 - AUROC: 0.9971 - AP: 0.9981
[37m2024-08-11 19:41:48,271 [INFO] - Validation epoch stats:   Loss: 0.5783 - F1-Score: 0.8413 - Accuracy-Score: 0.8093 - AUROC: 0.8851 - AP: 0.9273
[37m2024-08-11 19:41:48,333 [INFO] - Epoch: 11/50
[37m2024-08-11 19:41:48,552 [INFO] - Training epoch stats:     Loss: 0.0671 - F1-Score: 0.9828 - Accuracy-Score: 0.9792 - AUROC: 0.9974 - AP: 0.9983
[37m2024-08-11 19:41:48,912 [INFO] - Validation epoch stats:   Loss: 0.6019 - F1-Score: 0.8368 - Accuracy-Score: 0.8057 - AUROC: 0.8844 - AP: 0.9268
[37m2024-08-11 19:41:48,973 [INFO] - Epoch: 12/50
[37m2024-08-11 19:41:49,174 [INFO] - Training epoch stats:     Loss: 0.0630 - F1-Score: 0.9818 - Accuracy-Score: 0.9781 - AUROC: 0.9978 - AP: 0.9985
[37m2024-08-11 19:41:49,535 [INFO] - Validation epoch stats:   Loss: 0.6574 - F1-Score: 0.8181 - Accuracy-Score: 0.7889 - AUROC: 0.8835 - AP: 0.9262
[37m2024-08-11 19:41:49,601 [INFO] - Epoch: 13/50
[37m2024-08-11 19:41:49,818 [INFO] - Training epoch stats:     Loss: 0.0599 - F1-Score: 0.9832 - Accuracy-Score: 0.9798 - AUROC: 0.9981 - AP: 0.9987
[37m2024-08-11 19:41:50,204 [INFO] - Validation epoch stats:   Loss: 0.6374 - F1-Score: 0.8322 - Accuracy-Score: 0.8016 - AUROC: 0.8832 - AP: 0.9261
[37m2024-08-11 19:41:50,269 [INFO] - Epoch: 14/50
[37m2024-08-11 19:41:50,500 [INFO] - Training epoch stats:     Loss: 0.0558 - F1-Score: 0.9848 - Accuracy-Score: 0.9817 - AUROC: 0.9983 - AP: 0.9989
[37m2024-08-11 19:41:50,914 [INFO] - Validation epoch stats:   Loss: 0.6574 - F1-Score: 0.8296 - Accuracy-Score: 0.7990 - AUROC: 0.8824 - AP: 0.9256
[37m2024-08-11 19:41:50,981 [INFO] - Epoch: 15/50
[37m2024-08-11 19:41:51,216 [INFO] - Training epoch stats:     Loss: 0.0537 - F1-Score: 0.9867 - Accuracy-Score: 0.9839 - AUROC: 0.9985 - AP: 0.9990
[37m2024-08-11 19:41:51,629 [INFO] - Validation epoch stats:   Loss: 0.6676 - F1-Score: 0.8293 - Accuracy-Score: 0.7983 - AUROC: 0.8811 - AP: 0.9250
[37m2024-08-11 19:41:51,693 [INFO] - Epoch: 16/50
[37m2024-08-11 19:41:52,265 [INFO] - Training epoch stats:     Loss: 0.0503 - F1-Score: 0.9865 - Accuracy-Score: 0.9838 - AUROC: 0.9988 - AP: 0.9992
[37m2024-08-11 19:41:52,688 [INFO] - Validation epoch stats:   Loss: 0.6605 - F1-Score: 0.8366 - Accuracy-Score: 0.8042 - AUROC: 0.8806 - AP: 0.9240
[37m2024-08-11 19:41:52,759 [INFO] - Epoch: 17/50
[37m2024-08-11 19:41:52,997 [INFO] - Training epoch stats:     Loss: 0.0500 - F1-Score: 0.9862 - Accuracy-Score: 0.9834 - AUROC: 0.9987 - AP: 0.9991
[37m2024-08-11 19:41:53,429 [INFO] - Validation epoch stats:   Loss: 0.6986 - F1-Score: 0.8261 - Accuracy-Score: 0.7955 - AUROC: 0.8809 - AP: 0.9249
[37m2024-08-11 19:41:53,499 [INFO] - Epoch: 18/50
[37m2024-08-11 19:41:53,728 [INFO] - Training epoch stats:     Loss: 0.0463 - F1-Score: 0.9884 - Accuracy-Score: 0.9860 - AUROC: 0.9990 - AP: 0.9993
[37m2024-08-11 19:41:54,119 [INFO] - Validation epoch stats:   Loss: 0.7105 - F1-Score: 0.8255 - Accuracy-Score: 0.7948 - AUROC: 0.8802 - AP: 0.9235
[37m2024-08-11 19:41:54,180 [INFO] - Epoch: 19/50
[37m2024-08-11 19:41:54,406 [INFO] - Training epoch stats:     Loss: 0.0441 - F1-Score: 0.9887 - Accuracy-Score: 0.9864 - AUROC: 0.9991 - AP: 0.9994
[37m2024-08-11 19:41:54,828 [INFO] - Validation epoch stats:   Loss: 0.7359 - F1-Score: 0.8201 - Accuracy-Score: 0.7901 - AUROC: 0.8791 - AP: 0.9229
[37m2024-08-11 19:41:54,886 [INFO] - Epoch: 20/50
[37m2024-08-11 19:41:55,152 [INFO] - Training epoch stats:     Loss: 0.0430 - F1-Score: 0.9890 - Accuracy-Score: 0.9868 - AUROC: 0.9992 - AP: 0.9994
[37m2024-08-11 19:41:55,605 [INFO] - Validation epoch stats:   Loss: 0.7562 - F1-Score: 0.8168 - Accuracy-Score: 0.7870 - AUROC: 0.8787 - AP: 0.9226
[37m2024-08-11 19:41:55,676 [INFO] - Epoch: 21/50
[37m2024-08-11 19:41:55,913 [INFO] - Training epoch stats:     Loss: 0.0402 - F1-Score: 0.9899 - Accuracy-Score: 0.9879 - AUROC: 0.9993 - AP: 0.9995
[37m2024-08-11 19:41:56,332 [INFO] - Validation epoch stats:   Loss: 0.7597 - F1-Score: 0.8191 - Accuracy-Score: 0.7889 - AUROC: 0.8779 - AP: 0.9219
[37m2024-08-11 19:41:56,338 [INFO] - Performing early stopping!
[37m2024-08-11 19:41:56,345 [INFO] - Finished run f1xveenu
