[37m2024-06-28 07:48:15,482 [INFO] - Instantiated Logger. WandB init and config update finished.
[37m2024-06-28 07:48:15,484 [INFO] - Run ist stored here: /cellvit/logs_paper/Head-Evaluation/CoNSeP/SAM-H/Amount-DA/2024-06-28T074805_Amount-13-Seed-2
[37m2024-06-28 07:48:15,555 [INFO] - Cuda devices: [<torch.cuda.device object at 0x7f6fa5f587f0>]
[37m2024-06-28 07:48:15,556 [INFO] - Using GPU: cuda:0
[37m2024-06-28 07:48:15,561 [INFO] - Using device: cuda:0
[37m2024-06-28 07:48:15,567 [INFO] - Loss function:
[37m2024-06-28 07:48:15,571 [INFO] - CrossEntropyLoss()
[37m2024-06-28 07:48:31,882 [INFO] - <All keys matched successfully>
[37m2024-06-28 07:48:32,967 [INFO] -
==========================================================================================
Layer (type:depth-idx)                   Output Shape              Param #
==========================================================================================
LinearClassifier                         [1, 4]                    --
├─Linear: 1-1                            [1, 128]                  163,968
├─ReLU: 1-2                              [1, 128]                  --
├─Dropout: 1-3                           [1, 128]                  --
├─Linear: 1-4                            [1, 4]                    516
==========================================================================================
Total params: 164,484
Trainable params: 164,484
Non-trainable params: 0
Total mult-adds (M): 0.16
==========================================================================================
Input size (MB): 0.01
Forward/backward pass size (MB): 0.00
Params size (MB): 0.66
Estimated Total Size (MB): 0.66
==========================================================================================
[37m2024-06-28 07:48:32,968 [INFO] - Loaded AdamW Optimizer with following hyperparameters:
[37m2024-06-28 07:48:32,973 [INFO] - {'betas': [0.85, 0.9], 'lr': 0.0005, 'weight_decay': 0.0005}
[37m2024-06-28 07:48:32,977 [INFO] - Using early stopping with a range of 20 and maximize strategy
[37m2024-06-28 07:48:32,992 [INFO] - Caching datasets
[37m2024-06-28 07:48:34,080 [INFO] - Instantiate Trainer
[37m2024-06-28 07:48:34,084 [INFO] - Calling Trainer Fit
[37m2024-06-28 07:48:34,087 [INFO] - Starting training, total number of epochs: 50
[37m2024-06-28 07:48:34,093 [INFO] - Epoch: 1/50
[37m2024-06-28 07:48:34,098 [INFO] - Extracting training cells
[37m2024-06-28 07:48:48,003 [INFO] - Extraction detection metrics - F1: 0.778, Precision: 0.846, Recall: 0.733, Detected-Cells: 4919
[37m2024-06-28 07:48:48,303 [INFO] - Training epoch stats:     Loss: 0.5340 - F1-Score: 0.8022 - Accuracy-Score: 0.8022 - AUROC: 0.8913 - AP: 0.6873
[37m2024-06-28 07:48:49,566 [INFO] - Loaded dataset from cache: /Consep/cache/1f728da27af6daed7b166ce5447f5dec18916e3679cb7b74ddaefb4a67df10d2.h5
[37m2024-06-28 07:48:49,699 [INFO] - Validation epoch stats:   Loss: 0.3571 - F1-Score: 0.8678 - Accuracy-Score: 0.8678 - AUROC: 0.9611 - AP: 0.8460
[37m2024-06-28 07:48:49,700 [INFO] - New best model - save checkpoint
[37m2024-06-28 07:48:49,863 [INFO] - Epoch: 2/50
[37m2024-06-28 07:48:49,864 [INFO] - Extracting training cells
[37m2024-06-28 07:48:58,839 [INFO] - Extraction detection metrics - F1: 0.780, Precision: 0.850, Recall: 0.736, Detected-Cells: 4979
[37m2024-06-28 07:48:59,027 [INFO] - Training epoch stats:     Loss: 0.2578 - F1-Score: 0.9056 - Accuracy-Score: 0.9056 - AUROC: 0.9743 - AP: 0.8706
[37m2024-06-28 07:48:59,159 [INFO] - Validation epoch stats:   Loss: 0.3588 - F1-Score: 0.8598 - Accuracy-Score: 0.8598 - AUROC: 0.9658 - AP: 0.8592
[37m2024-06-28 07:48:59,160 [INFO] - New best model - save checkpoint
[37m2024-06-28 07:48:59,359 [INFO] - Epoch: 3/50
[37m2024-06-28 07:48:59,360 [INFO] - Extracting training cells
[37m2024-06-28 07:49:08,730 [INFO] - Extraction detection metrics - F1: 0.784, Precision: 0.855, Recall: 0.743, Detected-Cells: 4902
[37m2024-06-28 07:49:08,902 [INFO] - Training epoch stats:     Loss: 0.2969 - F1-Score: 0.8878 - Accuracy-Score: 0.8878 - AUROC: 0.9705 - AP: 0.8797
[37m2024-06-28 07:49:09,033 [INFO] - Validation epoch stats:   Loss: 0.3468 - F1-Score: 0.8608 - Accuracy-Score: 0.8608 - AUROC: 0.9670 - AP: 0.8596
[37m2024-06-28 07:49:09,034 [INFO] - New best model - save checkpoint
[37m2024-06-28 07:49:09,198 [INFO] - Epoch: 4/50
[37m2024-06-28 07:49:09,199 [INFO] - Extracting training cells
[37m2024-06-28 07:49:18,529 [INFO] - Extraction detection metrics - F1: 0.755, Precision: 0.827, Recall: 0.709, Detected-Cells: 4383
[37m2024-06-28 07:49:18,697 [INFO] - Training epoch stats:     Loss: 0.2738 - F1-Score: 0.9003 - Accuracy-Score: 0.9003 - AUROC: 0.9761 - AP: 0.8763
[37m2024-06-28 07:49:18,827 [INFO] - Validation epoch stats:   Loss: 0.3297 - F1-Score: 0.8737 - Accuracy-Score: 0.8737 - AUROC: 0.9675 - AP: 0.7992
[37m2024-06-28 07:49:18,828 [INFO] - New best model - save checkpoint
[37m2024-06-28 07:49:18,986 [INFO] - Epoch: 5/50
[37m2024-06-28 07:49:18,987 [INFO] - Extracting training cells
[37m2024-06-28 07:49:27,846 [INFO] - Extraction detection metrics - F1: 0.779, Precision: 0.850, Recall: 0.732, Detected-Cells: 4927
[37m2024-06-28 07:49:28,009 [INFO] - Training epoch stats:     Loss: 0.2361 - F1-Score: 0.9107 - Accuracy-Score: 0.9107 - AUROC: 0.9803 - AP: 0.9121
[37m2024-06-28 07:49:28,116 [INFO] - Validation epoch stats:   Loss: 0.3304 - F1-Score: 0.8656 - Accuracy-Score: 0.8656 - AUROC: 0.9687 - AP: 0.8652
[37m2024-06-28 07:49:28,117 [INFO] - New best model - save checkpoint
[37m2024-06-28 07:49:28,263 [INFO] - Epoch: 6/50
[37m2024-06-28 07:49:28,264 [INFO] - Extracting training cells
[37m2024-06-28 07:49:37,416 [INFO] - Extraction detection metrics - F1: 0.769, Precision: 0.838, Recall: 0.722, Detected-Cells: 4796
[37m2024-06-28 07:49:37,620 [INFO] - Training epoch stats:     Loss: 0.2045 - F1-Score: 0.9193 - Accuracy-Score: 0.9193 - AUROC: 0.9876 - AP: 0.9437
[37m2024-06-28 07:49:37,763 [INFO] - Validation epoch stats:   Loss: 0.3388 - F1-Score: 0.8697 - Accuracy-Score: 0.8697 - AUROC: 0.9646 - AP: 0.8664
[37m2024-06-28 07:49:37,825 [INFO] - Epoch: 7/50
[37m2024-06-28 07:49:37,826 [INFO] - Extracting training cells
[37m2024-06-28 07:49:47,526 [INFO] - Extraction detection metrics - F1: 0.775, Precision: 0.854, Recall: 0.727, Detected-Cells: 4981
[37m2024-06-28 07:49:47,702 [INFO] - Training epoch stats:     Loss: 0.2092 - F1-Score: 0.9187 - Accuracy-Score: 0.9187 - AUROC: 0.9868 - AP: 0.9408
[37m2024-06-28 07:49:47,812 [INFO] - Validation epoch stats:   Loss: 0.3174 - F1-Score: 0.8792 - Accuracy-Score: 0.8792 - AUROC: 0.9713 - AP: 0.8771
[37m2024-06-28 07:49:47,813 [INFO] - New best model - save checkpoint
[37m2024-06-28 07:49:47,969 [INFO] - Epoch: 8/50
[37m2024-06-28 07:49:47,969 [INFO] - Extracting training cells
[37m2024-06-28 07:49:57,791 [INFO] - Extraction detection metrics - F1: 0.781, Precision: 0.848, Recall: 0.741, Detected-Cells: 4775
[37m2024-06-28 07:49:57,978 [INFO] - Training epoch stats:     Loss: 0.3725 - F1-Score: 0.8620 - Accuracy-Score: 0.8620 - AUROC: 0.9678 - AP: 0.8835
[37m2024-06-28 07:49:58,106 [INFO] - Validation epoch stats:   Loss: 0.3747 - F1-Score: 0.8524 - Accuracy-Score: 0.8524 - AUROC: 0.9623 - AP: 0.8662
[37m2024-06-28 07:49:58,163 [INFO] - Epoch: 9/50
[37m2024-06-28 07:49:58,164 [INFO] - Extracting training cells
[37m2024-06-28 07:50:07,222 [INFO] - Extraction detection metrics - F1: 0.779, Precision: 0.861, Recall: 0.727, Detected-Cells: 4893
[37m2024-06-28 07:50:07,409 [INFO] - Training epoch stats:     Loss: 0.2206 - F1-Score: 0.9187 - Accuracy-Score: 0.9187 - AUROC: 0.9852 - AP: 0.9450
[37m2024-06-28 07:50:07,539 [INFO] - Validation epoch stats:   Loss: 0.3387 - F1-Score: 0.8699 - Accuracy-Score: 0.8699 - AUROC: 0.9675 - AP: 0.8658
[37m2024-06-28 07:50:07,593 [INFO] - Epoch: 10/50
[37m2024-06-28 07:50:07,593 [INFO] - Extracting training cells
[37m2024-06-28 07:50:16,739 [INFO] - Extraction detection metrics - F1: 0.781, Precision: 0.858, Recall: 0.730, Detected-Cells: 4577
[37m2024-06-28 07:50:16,922 [INFO] - Training epoch stats:     Loss: 0.3140 - F1-Score: 0.8991 - Accuracy-Score: 0.8991 - AUROC: 0.9610 - AP: 0.8566
[37m2024-06-28 07:50:17,050 [INFO] - Validation epoch stats:   Loss: 0.3683 - F1-Score: 0.8586 - Accuracy-Score: 0.8586 - AUROC: 0.9537 - AP: 0.7509
[37m2024-06-28 07:50:17,108 [INFO] - Epoch: 11/50
[37m2024-06-28 07:50:17,109 [INFO] - Extracting training cells
[37m2024-06-28 07:50:26,547 [INFO] - Extraction detection metrics - F1: 0.761, Precision: 0.838, Recall: 0.711, Detected-Cells: 4701
[37m2024-06-28 07:50:26,714 [INFO] - Training epoch stats:     Loss: 0.5087 - F1-Score: 0.8279 - Accuracy-Score: 0.8279 - AUROC: 0.9316 - AP: 0.8032
[37m2024-06-28 07:50:26,845 [INFO] - Validation epoch stats:   Loss: 0.3936 - F1-Score: 0.8565 - Accuracy-Score: 0.8565 - AUROC: 0.9637 - AP: 0.8670
[37m2024-06-28 07:50:26,905 [INFO] - Epoch: 12/50
[37m2024-06-28 07:50:26,906 [INFO] - Extracting training cells
[37m2024-06-28 07:50:35,559 [INFO] - Extraction detection metrics - F1: 0.786, Precision: 0.851, Recall: 0.750, Detected-Cells: 4086
[37m2024-06-28 07:50:35,716 [INFO] - Training epoch stats:     Loss: 0.2953 - F1-Score: 0.8960 - Accuracy-Score: 0.8960 - AUROC: 0.9787 - AP: 0.9251
[37m2024-06-28 07:50:35,844 [INFO] - Validation epoch stats:   Loss: 0.3738 - F1-Score: 0.8570 - Accuracy-Score: 0.8570 - AUROC: 0.9646 - AP: 0.8565
[37m2024-06-28 07:50:35,908 [INFO] - Epoch: 13/50
[37m2024-06-28 07:50:35,909 [INFO] - Extracting training cells
[37m2024-06-28 07:50:45,517 [INFO] - Extraction detection metrics - F1: 0.783, Precision: 0.849, Recall: 0.746, Detected-Cells: 5025
[37m2024-06-28 07:50:45,714 [INFO] - Training epoch stats:     Loss: 0.2187 - F1-Score: 0.9124 - Accuracy-Score: 0.9124 - AUROC: 0.9862 - AP: 0.9373
[37m2024-06-28 07:50:45,844 [INFO] - Validation epoch stats:   Loss: 0.3428 - F1-Score: 0.8696 - Accuracy-Score: 0.8696 - AUROC: 0.9684 - AP: 0.8698
[37m2024-06-28 07:50:45,910 [INFO] - Epoch: 14/50
[37m2024-06-28 07:50:45,910 [INFO] - Extracting training cells
[37m2024-06-28 07:50:55,063 [INFO] - Extraction detection metrics - F1: 0.778, Precision: 0.857, Recall: 0.730, Detected-Cells: 4924
[37m2024-06-28 07:50:55,270 [INFO] - Training epoch stats:     Loss: 0.2651 - F1-Score: 0.9171 - Accuracy-Score: 0.9171 - AUROC: 0.9811 - AP: 0.9338
[37m2024-06-28 07:50:55,423 [INFO] - Validation epoch stats:   Loss: 0.3172 - F1-Score: 0.8750 - Accuracy-Score: 0.8750 - AUROC: 0.9690 - AP: 0.8690
[37m2024-06-28 07:50:55,488 [INFO] - Epoch: 15/50
[37m2024-06-28 07:50:55,489 [INFO] - Extracting training cells
[37m2024-06-28 07:51:05,065 [INFO] - Extraction detection metrics - F1: 0.758, Precision: 0.838, Recall: 0.705, Detected-Cells: 4058
[37m2024-06-28 07:51:05,225 [INFO] - Training epoch stats:     Loss: 0.3992 - F1-Score: 0.8467 - Accuracy-Score: 0.8467 - AUROC: 0.9633 - AP: 0.8952
[37m2024-06-28 07:51:05,352 [INFO] - Validation epoch stats:   Loss: 0.3584 - F1-Score: 0.8663 - Accuracy-Score: 0.8663 - AUROC: 0.9657 - AP: 0.8625
[37m2024-06-28 07:51:05,409 [INFO] - Epoch: 16/50
[37m2024-06-28 07:51:05,410 [INFO] - Extracting training cells
[37m2024-06-28 07:51:15,225 [INFO] - Extraction detection metrics - F1: 0.781, Precision: 0.852, Recall: 0.738, Detected-Cells: 4607
[37m2024-06-28 07:51:15,370 [INFO] - Training epoch stats:     Loss: 0.2312 - F1-Score: 0.9160 - Accuracy-Score: 0.9160 - AUROC: 0.9853 - AP: 0.9475
[37m2024-06-28 07:51:15,473 [INFO] - Validation epoch stats:   Loss: 0.3415 - F1-Score: 0.8678 - Accuracy-Score: 0.8678 - AUROC: 0.9697 - AP: 0.8650
[37m2024-06-28 07:51:15,535 [INFO] - Epoch: 17/50
[37m2024-06-28 07:51:15,536 [INFO] - Extracting training cells
[37m2024-06-28 07:51:25,490 [INFO] - Extraction detection metrics - F1: 0.759, Precision: 0.851, Recall: 0.703, Detected-Cells: 4902
[37m2024-06-28 07:51:25,662 [INFO] - Training epoch stats:     Loss: 0.1654 - F1-Score: 0.9364 - Accuracy-Score: 0.9364 - AUROC: 0.9922 - AP: 0.9684
[37m2024-06-28 07:51:25,790 [INFO] - Validation epoch stats:   Loss: 0.3263 - F1-Score: 0.8701 - Accuracy-Score: 0.8701 - AUROC: 0.9688 - AP: 0.8685
[37m2024-06-28 07:51:25,841 [INFO] - Epoch: 18/50
[37m2024-06-28 07:51:25,842 [INFO] - Extracting training cells
[37m2024-06-28 07:51:34,578 [INFO] - Extraction detection metrics - F1: 0.780, Precision: 0.849, Recall: 0.736, Detected-Cells: 4865
[37m2024-06-28 07:51:34,730 [INFO] - Training epoch stats:     Loss: 0.3441 - F1-Score: 0.8958 - Accuracy-Score: 0.8958 - AUROC: 0.9697 - AP: 0.9289
[37m2024-06-28 07:51:34,844 [INFO] - Validation epoch stats:   Loss: 0.3592 - F1-Score: 0.8666 - Accuracy-Score: 0.8666 - AUROC: 0.9633 - AP: 0.8633
[37m2024-06-28 07:51:34,905 [INFO] - Epoch: 19/50
[37m2024-06-28 07:51:34,905 [INFO] - Extracting training cells
[37m2024-06-28 07:51:44,059 [INFO] - Extraction detection metrics - F1: 0.776, Precision: 0.839, Recall: 0.731, Detected-Cells: 4573
[37m2024-06-28 07:51:44,228 [INFO] - Training epoch stats:     Loss: 0.2667 - F1-Score: 0.9003 - Accuracy-Score: 0.9003 - AUROC: 0.9827 - AP: 0.9290
[37m2024-06-28 07:51:44,359 [INFO] - Validation epoch stats:   Loss: 0.3411 - F1-Score: 0.8641 - Accuracy-Score: 0.8641 - AUROC: 0.9669 - AP: 0.8665
[37m2024-06-28 07:51:44,415 [INFO] - Epoch: 20/50
[37m2024-06-28 07:51:44,416 [INFO] - Extracting training cells
[37m2024-06-28 07:51:53,297 [INFO] - Extraction detection metrics - F1: 0.787, Precision: 0.868, Recall: 0.736, Detected-Cells: 4945
[37m2024-06-28 07:51:53,483 [INFO] - Training epoch stats:     Loss: 0.1671 - F1-Score: 0.9371 - Accuracy-Score: 0.9371 - AUROC: 0.9910 - AP: 0.9662
[37m2024-06-28 07:51:53,592 [INFO] - Validation epoch stats:   Loss: 0.3111 - F1-Score: 0.8800 - Accuracy-Score: 0.8800 - AUROC: 0.9729 - AP: 0.8774
[37m2024-06-28 07:51:53,593 [INFO] - New best model - save checkpoint
[37m2024-06-28 07:51:53,737 [INFO] - Epoch: 21/50
[37m2024-06-28 07:51:53,738 [INFO] - Extracting training cells
[37m2024-06-28 07:52:03,315 [INFO] - Extraction detection metrics - F1: 0.761, Precision: 0.843, Recall: 0.709, Detected-Cells: 4617
[37m2024-06-28 07:52:03,498 [INFO] - Training epoch stats:     Loss: 0.3539 - F1-Score: 0.8750 - Accuracy-Score: 0.8750 - AUROC: 0.9652 - AP: 0.8655
[37m2024-06-28 07:52:03,653 [INFO] - Validation epoch stats:   Loss: 0.3398 - F1-Score: 0.8701 - Accuracy-Score: 0.8701 - AUROC: 0.9679 - AP: 0.8046
[37m2024-06-28 07:52:03,711 [INFO] - Epoch: 22/50
[37m2024-06-28 07:52:03,711 [INFO] - Extracting training cells
[37m2024-06-28 07:52:12,861 [INFO] - Extraction detection metrics - F1: 0.764, Precision: 0.853, Recall: 0.720, Detected-Cells: 4690
[37m2024-06-28 07:52:13,046 [INFO] - Training epoch stats:     Loss: 0.1993 - F1-Score: 0.9220 - Accuracy-Score: 0.9220 - AUROC: 0.9877 - AP: 0.9498
[37m2024-06-28 07:52:13,176 [INFO] - Validation epoch stats:   Loss: 0.3226 - F1-Score: 0.8730 - Accuracy-Score: 0.8730 - AUROC: 0.9723 - AP: 0.8776
[37m2024-06-28 07:52:13,237 [INFO] - Epoch: 23/50
[37m2024-06-28 07:52:13,238 [INFO] - Extracting training cells
[37m2024-06-28 07:52:22,197 [INFO] - Extraction detection metrics - F1: 0.758, Precision: 0.840, Recall: 0.701, Detected-Cells: 4292
[37m2024-06-28 07:52:22,341 [INFO] - Training epoch stats:     Loss: 0.1946 - F1-Score: 0.9240 - Accuracy-Score: 0.9240 - AUROC: 0.9886 - AP: 0.9547
[37m2024-06-28 07:52:22,633 [INFO] - Validation epoch stats:   Loss: 0.3575 - F1-Score: 0.8670 - Accuracy-Score: 0.8670 - AUROC: 0.9744 - AP: 0.8814
[37m2024-06-28 07:52:22,634 [INFO] - New best model - save checkpoint
[37m2024-06-28 07:52:22,790 [INFO] - Epoch: 24/50
[37m2024-06-28 07:52:22,790 [INFO] - Extracting training cells
[37m2024-06-28 07:52:31,778 [INFO] - Extraction detection metrics - F1: 0.765, Precision: 0.853, Recall: 0.702, Detected-Cells: 4663
[37m2024-06-28 07:52:31,962 [INFO] - Training epoch stats:     Loss: 0.1534 - F1-Score: 0.9395 - Accuracy-Score: 0.9395 - AUROC: 0.9926 - AP: 0.9679
[37m2024-06-28 07:52:32,087 [INFO] - Validation epoch stats:   Loss: 0.3403 - F1-Score: 0.8766 - Accuracy-Score: 0.8766 - AUROC: 0.9702 - AP: 0.8761
[37m2024-06-28 07:52:32,145 [INFO] - Epoch: 25/50
[37m2024-06-28 07:52:32,145 [INFO] - Extracting training cells
[37m2024-06-28 07:52:40,910 [INFO] - Extraction detection metrics - F1: 0.788, Precision: 0.851, Recall: 0.753, Detected-Cells: 5102
[37m2024-06-28 07:52:41,102 [INFO] - Training epoch stats:     Loss: 0.1488 - F1-Score: 0.9394 - Accuracy-Score: 0.9394 - AUROC: 0.9935 - AP: 0.9714
[37m2024-06-28 07:52:41,229 [INFO] - Validation epoch stats:   Loss: 0.3291 - F1-Score: 0.8797 - Accuracy-Score: 0.8797 - AUROC: 0.9709 - AP: 0.8771
[37m2024-06-28 07:52:41,294 [INFO] - Epoch: 26/50
[37m2024-06-28 07:52:41,295 [INFO] - Extracting training cells
[37m2024-06-28 07:52:50,340 [INFO] - Extraction detection metrics - F1: 0.757, Precision: 0.831, Recall: 0.712, Detected-Cells: 4563
[37m2024-06-28 07:52:50,505 [INFO] - Training epoch stats:     Loss: 0.1626 - F1-Score: 0.9349 - Accuracy-Score: 0.9349 - AUROC: 0.9930 - AP: 0.9748
[37m2024-06-28 07:52:50,632 [INFO] - Validation epoch stats:   Loss: 0.3256 - F1-Score: 0.8807 - Accuracy-Score: 0.8807 - AUROC: 0.9712 - AP: 0.8782
[37m2024-06-28 07:52:50,696 [INFO] - Epoch: 27/50
[37m2024-06-28 07:52:50,697 [INFO] - Extracting training cells
[37m2024-06-28 07:52:59,236 [INFO] - Extraction detection metrics - F1: 0.779, Precision: 0.857, Recall: 0.734, Detected-Cells: 4560
[37m2024-06-28 07:52:59,407 [INFO] - Training epoch stats:     Loss: 0.1733 - F1-Score: 0.9263 - Accuracy-Score: 0.9263 - AUROC: 0.9930 - AP: 0.9739
[37m2024-06-28 07:52:59,546 [INFO] - Validation epoch stats:   Loss: 0.3264 - F1-Score: 0.8793 - Accuracy-Score: 0.8793 - AUROC: 0.9712 - AP: 0.8787
[37m2024-06-28 07:52:59,614 [INFO] - Epoch: 28/50
[37m2024-06-28 07:52:59,614 [INFO] - Extracting training cells
[37m2024-06-28 07:53:09,068 [INFO] - Extraction detection metrics - F1: 0.736, Precision: 0.845, Recall: 0.686, Detected-Cells: 4103
[37m2024-06-28 07:53:09,224 [INFO] - Training epoch stats:     Loss: 0.2998 - F1-Score: 0.8881 - Accuracy-Score: 0.8881 - AUROC: 0.9776 - AP: 0.9263
[37m2024-06-28 07:53:09,329 [INFO] - Validation epoch stats:   Loss: 0.3217 - F1-Score: 0.8764 - Accuracy-Score: 0.8764 - AUROC: 0.9700 - AP: 0.8773
[37m2024-06-28 07:53:09,385 [INFO] - Epoch: 29/50
[37m2024-06-28 07:53:09,385 [INFO] - Extracting training cells
[37m2024-06-28 07:53:18,802 [INFO] - Extraction detection metrics - F1: 0.748, Precision: 0.852, Recall: 0.693, Detected-Cells: 4753
[37m2024-06-28 07:53:18,962 [INFO] - Training epoch stats:     Loss: 0.1384 - F1-Score: 0.9510 - Accuracy-Score: 0.9510 - AUROC: 0.9953 - AP: 0.9789
[37m2024-06-28 07:53:19,070 [INFO] - Validation epoch stats:   Loss: 0.3253 - F1-Score: 0.8800 - Accuracy-Score: 0.8800 - AUROC: 0.9703 - AP: 0.8781
[37m2024-06-28 07:53:19,135 [INFO] - Epoch: 30/50
[37m2024-06-28 07:53:19,135 [INFO] - Extracting training cells
[37m2024-06-28 07:53:28,144 [INFO] - Extraction detection metrics - F1: 0.778, Precision: 0.853, Recall: 0.732, Detected-Cells: 5023
[37m2024-06-28 07:53:28,339 [INFO] - Training epoch stats:     Loss: 0.1287 - F1-Score: 0.9504 - Accuracy-Score: 0.9504 - AUROC: 0.9948 - AP: 0.9782
[37m2024-06-28 07:53:28,477 [INFO] - Validation epoch stats:   Loss: 0.3237 - F1-Score: 0.8816 - Accuracy-Score: 0.8816 - AUROC: 0.9706 - AP: 0.8787
[37m2024-06-28 07:53:28,532 [INFO] - Epoch: 31/50
[37m2024-06-28 07:53:28,532 [INFO] - Extracting training cells
[37m2024-06-28 07:53:37,171 [INFO] - Extraction detection metrics - F1: 0.745, Precision: 0.814, Recall: 0.702, Detected-Cells: 3362
[37m2024-06-28 07:53:37,304 [INFO] - Training epoch stats:     Loss: 0.2723 - F1-Score: 0.8852 - Accuracy-Score: 0.8852 - AUROC: 0.9821 - AP: 0.9531
[37m2024-06-28 07:53:37,431 [INFO] - Validation epoch stats:   Loss: 0.3243 - F1-Score: 0.8814 - Accuracy-Score: 0.8814 - AUROC: 0.9707 - AP: 0.8788
[37m2024-06-28 07:53:37,488 [INFO] - Epoch: 32/50
[37m2024-06-28 07:53:37,489 [INFO] - Extracting training cells
[37m2024-06-28 07:53:46,370 [INFO] - Extraction detection metrics - F1: 0.775, Precision: 0.856, Recall: 0.731, Detected-Cells: 5068
[37m2024-06-28 07:53:46,556 [INFO] - Training epoch stats:     Loss: 0.1364 - F1-Score: 0.9519 - Accuracy-Score: 0.9519 - AUROC: 0.9947 - AP: 0.9798
[37m2024-06-28 07:53:46,689 [INFO] - Validation epoch stats:   Loss: 0.3242 - F1-Score: 0.8795 - Accuracy-Score: 0.8795 - AUROC: 0.9707 - AP: 0.8792
[37m2024-06-28 07:53:46,747 [INFO] - Epoch: 33/50
[37m2024-06-28 07:53:46,748 [INFO] - Extracting training cells
[37m2024-06-28 07:53:55,813 [INFO] - Extraction detection metrics - F1: 0.779, Precision: 0.857, Recall: 0.730, Detected-Cells: 4910
[37m2024-06-28 07:53:55,998 [INFO] - Training epoch stats:     Loss: 0.1329 - F1-Score: 0.9525 - Accuracy-Score: 0.9525 - AUROC: 0.9945 - AP: 0.9742
[37m2024-06-28 07:53:56,130 [INFO] - Validation epoch stats:   Loss: 0.3234 - F1-Score: 0.8802 - Accuracy-Score: 0.8802 - AUROC: 0.9705 - AP: 0.8787
[37m2024-06-28 07:53:56,189 [INFO] - Epoch: 34/50
[37m2024-06-28 07:53:56,190 [INFO] - Extracting training cells
[37m2024-06-28 07:54:05,306 [INFO] - Extraction detection metrics - F1: 0.765, Precision: 0.845, Recall: 0.713, Detected-Cells: 4678
[37m2024-06-28 07:54:05,484 [INFO] - Training epoch stats:     Loss: 0.1310 - F1-Score: 0.9525 - Accuracy-Score: 0.9525 - AUROC: 0.9949 - AP: 0.9610
[37m2024-06-28 07:54:05,610 [INFO] - Validation epoch stats:   Loss: 0.3245 - F1-Score: 0.8797 - Accuracy-Score: 0.8797 - AUROC: 0.9702 - AP: 0.8779
[37m2024-06-28 07:54:05,667 [INFO] - Epoch: 35/50
[37m2024-06-28 07:54:05,668 [INFO] - Extracting training cells
[37m2024-06-28 07:54:14,709 [INFO] - Extraction detection metrics - F1: 0.746, Precision: 0.822, Recall: 0.706, Detected-Cells: 4550
[37m2024-06-28 07:54:14,873 [INFO] - Training epoch stats:     Loss: 0.1644 - F1-Score: 0.9374 - Accuracy-Score: 0.9374 - AUROC: 0.9930 - AP: 0.9716
[37m2024-06-28 07:54:15,000 [INFO] - Validation epoch stats:   Loss: 0.3307 - F1-Score: 0.8785 - Accuracy-Score: 0.8785 - AUROC: 0.9702 - AP: 0.8777
[37m2024-06-28 07:54:15,058 [INFO] - Epoch: 36/50
[37m2024-06-28 07:54:15,058 [INFO] - Extracting training cells
[37m2024-06-28 07:54:24,765 [INFO] - Extraction detection metrics - F1: 0.770, Precision: 0.852, Recall: 0.716, Detected-Cells: 4826
[37m2024-06-28 07:54:24,953 [INFO] - Training epoch stats:     Loss: 0.1556 - F1-Score: 0.9441 - Accuracy-Score: 0.9441 - AUROC: 0.9923 - AP: 0.9734
[37m2024-06-28 07:54:25,089 [INFO] - Validation epoch stats:   Loss: 0.3230 - F1-Score: 0.8817 - Accuracy-Score: 0.8817 - AUROC: 0.9703 - AP: 0.8777
[37m2024-06-28 07:54:25,147 [INFO] - Epoch: 37/50
[37m2024-06-28 07:54:25,148 [INFO] - Extracting training cells
[37m2024-06-28 07:54:33,999 [INFO] - Extraction detection metrics - F1: 0.784, Precision: 0.842, Recall: 0.750, Detected-Cells: 4606
[37m2024-06-28 07:54:34,144 [INFO] - Training epoch stats:     Loss: 0.4222 - F1-Score: 0.8782 - Accuracy-Score: 0.8782 - AUROC: 0.9716 - AP: 0.9381
[37m2024-06-28 07:54:34,273 [INFO] - Validation epoch stats:   Loss: 0.3276 - F1-Score: 0.8750 - Accuracy-Score: 0.8750 - AUROC: 0.9683 - AP: 0.8754
[37m2024-06-28 07:54:34,345 [INFO] - Epoch: 38/50
[37m2024-06-28 07:54:34,346 [INFO] - Extracting training cells
[37m2024-06-28 07:54:42,691 [INFO] - Extraction detection metrics - F1: 0.783, Precision: 0.848, Recall: 0.740, Detected-Cells: 4638
[37m2024-06-28 07:54:42,873 [INFO] - Training epoch stats:     Loss: 0.1875 - F1-Score: 0.9323 - Accuracy-Score: 0.9323 - AUROC: 0.9924 - AP: 0.9643
[37m2024-06-28 07:54:43,004 [INFO] - Validation epoch stats:   Loss: 0.3264 - F1-Score: 0.8802 - Accuracy-Score: 0.8802 - AUROC: 0.9679 - AP: 0.8759
[37m2024-06-28 07:54:43,061 [INFO] - Epoch: 39/50
[37m2024-06-28 07:54:43,062 [INFO] - Extracting training cells
[37m2024-06-28 07:54:52,054 [INFO] - Extraction detection metrics - F1: 0.765, Precision: 0.833, Recall: 0.718, Detected-Cells: 4783
[37m2024-06-28 07:54:52,193 [INFO] - Training epoch stats:     Loss: 0.2861 - F1-Score: 0.9107 - Accuracy-Score: 0.9107 - AUROC: 0.9734 - AP: 0.9188
[37m2024-06-28 07:54:52,301 [INFO] - Validation epoch stats:   Loss: 0.3260 - F1-Score: 0.8761 - Accuracy-Score: 0.8761 - AUROC: 0.9674 - AP: 0.8734
[37m2024-06-28 07:54:52,359 [INFO] - Epoch: 40/50
[37m2024-06-28 07:54:52,360 [INFO] - Extracting training cells
[37m2024-06-28 07:55:01,568 [INFO] - Extraction detection metrics - F1: 0.789, Precision: 0.864, Recall: 0.739, Detected-Cells: 4895
[37m2024-06-28 07:55:01,763 [INFO] - Training epoch stats:     Loss: 0.3858 - F1-Score: 0.8958 - Accuracy-Score: 0.8958 - AUROC: 0.9620 - AP: 0.8933
[37m2024-06-28 07:55:01,898 [INFO] - Validation epoch stats:   Loss: 0.3395 - F1-Score: 0.8687 - Accuracy-Score: 0.8687 - AUROC: 0.9670 - AP: 0.8735
[37m2024-06-28 07:55:01,959 [INFO] - Epoch: 41/50
[37m2024-06-28 07:55:01,959 [INFO] - Extracting training cells
[37m2024-06-28 07:55:10,836 [INFO] - Extraction detection metrics - F1: 0.784, Precision: 0.859, Recall: 0.735, Detected-Cells: 4922
[37m2024-06-28 07:55:11,020 [INFO] - Training epoch stats:     Loss: 0.1868 - F1-Score: 0.9350 - Accuracy-Score: 0.9350 - AUROC: 0.9920 - AP: 0.9654
[37m2024-06-28 07:55:11,126 [INFO] - Validation epoch stats:   Loss: 0.3200 - F1-Score: 0.8786 - Accuracy-Score: 0.8786 - AUROC: 0.9686 - AP: 0.8770
[37m2024-06-28 07:55:11,184 [INFO] - Epoch: 42/50
[37m2024-06-28 07:55:11,184 [INFO] - Extracting training cells
[37m2024-06-28 07:55:20,179 [INFO] - Extraction detection metrics - F1: 0.773, Precision: 0.864, Recall: 0.717, Detected-Cells: 4836
[37m2024-06-28 07:55:20,368 [INFO] - Training epoch stats:     Loss: 0.2871 - F1-Score: 0.9251 - Accuracy-Score: 0.9251 - AUROC: 0.9772 - AP: 0.8732
[37m2024-06-28 07:55:20,496 [INFO] - Validation epoch stats:   Loss: 0.3167 - F1-Score: 0.8798 - Accuracy-Score: 0.8798 - AUROC: 0.9698 - AP: 0.8798
[37m2024-06-28 07:55:20,559 [INFO] - Epoch: 43/50
[37m2024-06-28 07:55:20,559 [INFO] - Extracting training cells
[37m2024-06-28 07:55:29,962 [INFO] - Extraction detection metrics - F1: 0.766, Precision: 0.843, Recall: 0.730, Detected-Cells: 4721
[37m2024-06-28 07:55:30,136 [INFO] - Training epoch stats:     Loss: 0.1637 - F1-Score: 0.9373 - Accuracy-Score: 0.9373 - AUROC: 0.9935 - AP: 0.9822
[37m2024-06-28 07:55:30,269 [INFO] - Validation epoch stats:   Loss: 0.3164 - F1-Score: 0.8812 - Accuracy-Score: 0.8812 - AUROC: 0.9703 - AP: 0.8803
[37m2024-06-28 07:55:30,269 [INFO] - Performing early stopping!
[37m2024-06-28 07:55:30,275 [INFO] - Finished run 127fmbya
