[37m2024-05-16 14:50:55,396 [INFO] - Instantiated Logger. WandB init and config update finished.
[37m2024-05-16 14:50:55,399 [INFO] - Run ist stored here: /cellvit/logs_paper/Head-Evaluation/CoNSeP/SAM-H/Amount-DA/2024-05-16T145040_Amount-1
[37m2024-05-16 14:50:55,493 [INFO] - Cuda devices: [<torch.cuda.device object at 0x7ff1ed62e6b0>]
[37m2024-05-16 14:50:55,495 [INFO] - Using GPU: cuda:0
[37m2024-05-16 14:50:55,506 [INFO] - Using device: cuda:0
[37m2024-05-16 14:50:55,517 [INFO] - Loss function:
[37m2024-05-16 14:50:55,528 [INFO] - CrossEntropyLoss()
[37m2024-05-16 14:51:07,665 [INFO] - <All keys matched successfully>
[37m2024-05-16 14:51:08,828 [INFO] -
==========================================================================================
Layer (type:depth-idx)                   Output Shape              Param #
==========================================================================================
LinearClassifier                         [1, 4]                    --
├─Linear: 1-1                            [1, 128]                  163,968
├─ReLU: 1-2                              [1, 128]                  --
├─Dropout: 1-3                           [1, 128]                  --
├─Linear: 1-4                            [1, 4]                    516
==========================================================================================
Total params: 164,484
Trainable params: 164,484
Non-trainable params: 0
Total mult-adds (M): 0.16
==========================================================================================
Input size (MB): 0.01
Forward/backward pass size (MB): 0.00
Params size (MB): 0.66
Estimated Total Size (MB): 0.66
==========================================================================================
[37m2024-05-16 14:51:08,830 [INFO] - Loaded AdamW Optimizer with following hyperparameters:
[37m2024-05-16 14:51:08,839 [INFO] - {'betas': [0.85, 0.9], 'lr': 0.0005, 'weight_decay': 0.0005}
[37m2024-05-16 14:51:08,850 [INFO] - Using early stopping with a range of 20 and maximize strategy
[37m2024-05-16 14:51:08,881 [INFO] - Caching datasets
[37m2024-05-16 14:51:09,563 [INFO] - Instantiate Trainer
[37m2024-05-16 14:51:09,568 [INFO] - Calling Trainer Fit
[37m2024-05-16 14:51:09,575 [INFO] - Starting training, total number of epochs: 50
[37m2024-05-16 14:51:09,586 [INFO] - Epoch: 1/50
[37m2024-05-16 14:51:09,598 [INFO] - Extracting training cells
[37m2024-05-16 14:51:12,764 [INFO] - Extraction detection metrics - F1: 0.810, Precision: 0.768, Recall: 0.857, Detected-Cells: 657
[37m2024-05-16 14:51:12,916 [INFO] - Training epoch stats:     Loss: 0.8743 - F1-Score: 0.6058 - Accuracy-Score: 0.6058 - AUROC: 0.7023 - AP: 0.4660
[37m2024-05-16 14:51:13,742 [INFO] - Loaded dataset from cache: /Consep/cache/1f728da27af6daed7b166ce5447f5dec18916e3679cb7b74ddaefb4a67df10d2.h5
[37m2024-05-16 14:51:13,881 [INFO] - Validation epoch stats:   Loss: 1.4562 - F1-Score: 0.6905 - Accuracy-Score: 0.6905 - AUROC: 0.6940 - AP: 0.4746
[37m2024-05-16 14:51:13,882 [INFO] - New best model - save checkpoint
[37m2024-05-16 14:51:14,153 [INFO] - Epoch: 2/50
[37m2024-05-16 14:51:14,155 [INFO] - Extracting training cells
[37m2024-05-16 14:51:15,668 [INFO] - Extraction detection metrics - F1: 0.806, Precision: 0.765, Recall: 0.851, Detected-Cells: 653
[37m2024-05-16 14:51:15,710 [INFO] - Training epoch stats:     Loss: 0.4251 - F1-Score: 0.9051 - Accuracy-Score: 0.9051 - AUROC: 0.8931 - AP: 0.7276
[37m2024-05-16 14:51:15,851 [INFO] - Validation epoch stats:   Loss: 1.5190 - F1-Score: 0.6672 - Accuracy-Score: 0.6672 - AUROC: 0.7323 - AP: 0.5221
[37m2024-05-16 14:51:15,853 [INFO] - New best model - save checkpoint
[37m2024-05-16 14:51:16,113 [INFO] - Epoch: 3/50
[37m2024-05-16 14:51:16,113 [INFO] - Extracting training cells
[37m2024-05-16 14:51:17,711 [INFO] - Extraction detection metrics - F1: 0.632, Precision: 0.621, Recall: 0.644, Detected-Cells: 494
[37m2024-05-16 14:51:17,743 [INFO] - Training epoch stats:     Loss: 0.3379 - F1-Score: 0.9130 - Accuracy-Score: 0.9130 - AUROC: 0.9440 - AP: 0.7651
[37m2024-05-16 14:51:17,868 [INFO] - Validation epoch stats:   Loss: 1.4641 - F1-Score: 0.5953 - Accuracy-Score: 0.5953 - AUROC: 0.7659 - AP: 0.5514
[37m2024-05-16 14:51:17,869 [INFO] - New best model - save checkpoint
[37m2024-05-16 14:51:18,134 [INFO] - Epoch: 4/50
[37m2024-05-16 14:51:18,135 [INFO] - Extracting training cells
[37m2024-05-16 14:51:19,870 [INFO] - Extraction detection metrics - F1: 0.813, Precision: 0.763, Recall: 0.871, Detected-Cells: 668
[37m2024-05-16 14:51:19,915 [INFO] - Training epoch stats:     Loss: 0.2702 - F1-Score: 0.9386 - Accuracy-Score: 0.9386 - AUROC: 0.9529 - AP: 0.8214
[37m2024-05-16 14:51:20,060 [INFO] - Validation epoch stats:   Loss: 1.0651 - F1-Score: 0.6074 - Accuracy-Score: 0.6074 - AUROC: 0.8045 - AP: 0.6010
[37m2024-05-16 14:51:20,061 [INFO] - New best model - save checkpoint
[37m2024-05-16 14:51:20,321 [INFO] - Epoch: 5/50
[37m2024-05-16 14:51:20,322 [INFO] - Extracting training cells
[37m2024-05-16 14:51:22,060 [INFO] - Extraction detection metrics - F1: 0.809, Precision: 0.778, Recall: 0.844, Detected-Cells: 647
[37m2024-05-16 14:51:22,101 [INFO] - Training epoch stats:     Loss: 0.2926 - F1-Score: 0.9026 - Accuracy-Score: 0.9026 - AUROC: 0.9609 - AP: 0.8225
[37m2024-05-16 14:51:22,241 [INFO] - Validation epoch stats:   Loss: 0.7344 - F1-Score: 0.7175 - Accuracy-Score: 0.7175 - AUROC: 0.8069 - AP: 0.6156
[37m2024-05-16 14:51:22,242 [INFO] - New best model - save checkpoint
[37m2024-05-16 14:51:22,487 [INFO] - Epoch: 6/50
[37m2024-05-16 14:51:22,488 [INFO] - Extracting training cells
[37m2024-05-16 14:51:24,236 [INFO] - Extraction detection metrics - F1: 0.634, Precision: 0.650, Recall: 0.619, Detected-Cells: 475
[37m2024-05-16 14:51:24,274 [INFO] - Training epoch stats:     Loss: 0.2827 - F1-Score: 0.9242 - Accuracy-Score: 0.9242 - AUROC: 0.9600 - AP: 0.8200
[37m2024-05-16 14:51:24,415 [INFO] - Validation epoch stats:   Loss: 0.7529 - F1-Score: 0.7249 - Accuracy-Score: 0.7249 - AUROC: 0.8093 - AP: 0.6162
[37m2024-05-16 14:51:24,416 [INFO] - New best model - save checkpoint
[37m2024-05-16 14:51:24,668 [INFO] - Epoch: 7/50
[37m2024-05-16 14:51:24,669 [INFO] - Extracting training cells
[37m2024-05-16 14:51:26,374 [INFO] - Extraction detection metrics - F1: 0.787, Precision: 0.759, Recall: 0.817, Detected-Cells: 627
[37m2024-05-16 14:51:26,419 [INFO] - Training epoch stats:     Loss: 0.1832 - F1-Score: 0.9394 - Accuracy-Score: 0.9394 - AUROC: 0.9823 - AP: 0.8769
[37m2024-05-16 14:51:26,569 [INFO] - Validation epoch stats:   Loss: 0.7641 - F1-Score: 0.6979 - Accuracy-Score: 0.6979 - AUROC: 0.8397 - AP: 0.6313
[37m2024-05-16 14:51:26,570 [INFO] - New best model - save checkpoint
[37m2024-05-16 14:51:26,829 [INFO] - Epoch: 8/50
[37m2024-05-16 14:51:26,830 [INFO] - Extracting training cells
[37m2024-05-16 14:51:28,658 [INFO] - Extraction detection metrics - F1: 0.796, Precision: 0.773, Recall: 0.820, Detected-Cells: 629
[37m2024-05-16 14:51:28,699 [INFO] - Training epoch stats:     Loss: 0.1816 - F1-Score: 0.9364 - Accuracy-Score: 0.9364 - AUROC: 0.9761 - AP: 0.8391
[37m2024-05-16 14:51:28,843 [INFO] - Validation epoch stats:   Loss: 0.9434 - F1-Score: 0.6474 - Accuracy-Score: 0.6474 - AUROC: 0.8526 - AP: 0.6321
[37m2024-05-16 14:51:28,844 [INFO] - New best model - save checkpoint
[37m2024-05-16 14:51:29,084 [INFO] - Epoch: 9/50
[37m2024-05-16 14:51:29,084 [INFO] - Extracting training cells
[37m2024-05-16 14:51:30,727 [INFO] - Extraction detection metrics - F1: 0.598, Precision: 0.602, Recall: 0.593, Detected-Cells: 415
[37m2024-05-16 14:51:30,761 [INFO] - Training epoch stats:     Loss: 2.9649 - F1-Score: 0.5518 - Accuracy-Score: 0.5518 - AUROC: 0.5675 - AP: 0.2891
[37m2024-05-16 14:51:30,904 [INFO] - Validation epoch stats:   Loss: 0.9458 - F1-Score: 0.6437 - Accuracy-Score: 0.6437 - AUROC: 0.8467 - AP: 0.6258
[37m2024-05-16 14:51:30,967 [INFO] - Epoch: 10/50
[37m2024-05-16 14:51:30,967 [INFO] - Extracting training cells
[37m2024-05-16 14:51:32,791 [INFO] - Extraction detection metrics - F1: 0.784, Precision: 0.750, Recall: 0.821, Detected-Cells: 630
[37m2024-05-16 14:51:32,836 [INFO] - Training epoch stats:     Loss: 0.2744 - F1-Score: 0.9063 - Accuracy-Score: 0.9063 - AUROC: 0.9648 - AP: 0.8071
[37m2024-05-16 14:51:32,976 [INFO] - Validation epoch stats:   Loss: 0.9503 - F1-Score: 0.6694 - Accuracy-Score: 0.6694 - AUROC: 0.8301 - AP: 0.6131
[37m2024-05-16 14:51:33,044 [INFO] - Epoch: 11/50
[37m2024-05-16 14:51:33,044 [INFO] - Extracting training cells
[37m2024-05-16 14:51:35,130 [INFO] - Extraction detection metrics - F1: 0.681, Precision: 0.737, Recall: 0.632, Detected-Cells: 485
[37m2024-05-16 14:51:35,170 [INFO] - Training epoch stats:     Loss: 0.2218 - F1-Score: 0.9216 - Accuracy-Score: 0.9216 - AUROC: 0.9808 - AP: 0.8867
[37m2024-05-16 14:51:35,311 [INFO] - Validation epoch stats:   Loss: 0.8520 - F1-Score: 0.6952 - Accuracy-Score: 0.6952 - AUROC: 0.8462 - AP: 0.6240
[37m2024-05-16 14:51:35,377 [INFO] - Epoch: 12/50
[37m2024-05-16 14:51:35,378 [INFO] - Extracting training cells
[37m2024-05-16 14:51:37,023 [INFO] - Extraction detection metrics - F1: 0.793, Precision: 0.759, Recall: 0.831, Detected-Cells: 637
[37m2024-05-16 14:51:37,070 [INFO] - Training epoch stats:     Loss: 0.1437 - F1-Score: 0.9529 - Accuracy-Score: 0.9529 - AUROC: 0.9934 - AP: 0.9278
[37m2024-05-16 14:51:37,212 [INFO] - Validation epoch stats:   Loss: 0.7255 - F1-Score: 0.7233 - Accuracy-Score: 0.7233 - AUROC: 0.8765 - AP: 0.6444
[37m2024-05-16 14:51:37,213 [INFO] - New best model - save checkpoint
[37m2024-05-16 14:51:37,473 [INFO] - Epoch: 13/50
[37m2024-05-16 14:51:37,473 [INFO] - Extracting training cells
[37m2024-05-16 14:51:39,168 [INFO] - Extraction detection metrics - F1: 0.813, Precision: 0.766, Recall: 0.867, Detected-Cells: 665
[37m2024-05-16 14:51:39,211 [INFO] - Training epoch stats:     Loss: 0.2029 - F1-Score: 0.9414 - Accuracy-Score: 0.9414 - AUROC: 0.9847 - AP: 0.8804
[37m2024-05-16 14:51:39,356 [INFO] - Validation epoch stats:   Loss: 0.7525 - F1-Score: 0.7180 - Accuracy-Score: 0.7180 - AUROC: 0.8880 - AP: 0.6539
[37m2024-05-16 14:51:39,357 [INFO] - New best model - save checkpoint
[37m2024-05-16 14:51:39,604 [INFO] - Epoch: 14/50
[37m2024-05-16 14:51:39,605 [INFO] - Extracting training cells
[37m2024-05-16 14:51:41,737 [INFO] - Extraction detection metrics - F1: 0.743, Precision: 0.762, Recall: 0.725, Detected-Cells: 556
[37m2024-05-16 14:51:41,776 [INFO] - Training epoch stats:     Loss: 0.2128 - F1-Score: 0.9245 - Accuracy-Score: 0.9245 - AUROC: 0.9810 - AP: 0.8709
[37m2024-05-16 14:51:41,916 [INFO] - Validation epoch stats:   Loss: 0.8194 - F1-Score: 0.7122 - Accuracy-Score: 0.7122 - AUROC: 0.8780 - AP: 0.6485
[37m2024-05-16 14:51:41,980 [INFO] - Epoch: 15/50
[37m2024-05-16 14:51:41,980 [INFO] - Extracting training cells
[37m2024-05-16 14:51:43,727 [INFO] - Extraction detection metrics - F1: 0.775, Precision: 0.753, Recall: 0.798, Detected-Cells: 612
[37m2024-05-16 14:51:43,768 [INFO] - Training epoch stats:     Loss: 0.1953 - F1-Score: 0.9297 - Accuracy-Score: 0.9297 - AUROC: 0.9870 - AP: 0.9070
[37m2024-05-16 14:51:43,909 [INFO] - Validation epoch stats:   Loss: 0.8938 - F1-Score: 0.6982 - Accuracy-Score: 0.6982 - AUROC: 0.8670 - AP: 0.6375
[37m2024-05-16 14:51:43,977 [INFO] - Epoch: 16/50
[37m2024-05-16 14:51:43,977 [INFO] - Extracting training cells
[37m2024-05-16 14:51:45,702 [INFO] - Extraction detection metrics - F1: 0.786, Precision: 0.757, Recall: 0.817, Detected-Cells: 627
[37m2024-05-16 14:51:45,746 [INFO] - Training epoch stats:     Loss: 0.1299 - F1-Score: 0.9617 - Accuracy-Score: 0.9617 - AUROC: 0.9920 - AP: 0.9380
[37m2024-05-16 14:51:45,886 [INFO] - Validation epoch stats:   Loss: 0.8027 - F1-Score: 0.6960 - Accuracy-Score: 0.6960 - AUROC: 0.8863 - AP: 0.6513
[37m2024-05-16 14:51:45,949 [INFO] - Epoch: 17/50
[37m2024-05-16 14:51:45,949 [INFO] - Extracting training cells
[37m2024-05-16 14:51:47,998 [INFO] - Extraction detection metrics - F1: 0.813, Precision: 0.776, Recall: 0.854, Detected-Cells: 655
[37m2024-05-16 14:51:48,039 [INFO] - Training epoch stats:     Loss: 0.1369 - F1-Score: 0.9450 - Accuracy-Score: 0.9450 - AUROC: 0.9887 - AP: 0.8956
[37m2024-05-16 14:51:48,179 [INFO] - Validation epoch stats:   Loss: 0.7739 - F1-Score: 0.6967 - Accuracy-Score: 0.6967 - AUROC: 0.8982 - AP: 0.6601
[37m2024-05-16 14:51:48,180 [INFO] - New best model - save checkpoint
[37m2024-05-16 14:51:48,442 [INFO] - Epoch: 18/50
[37m2024-05-16 14:51:48,443 [INFO] - Extracting training cells
[37m2024-05-16 14:51:50,224 [INFO] - Extraction detection metrics - F1: 0.809, Precision: 0.772, Recall: 0.849, Detected-Cells: 651
[37m2024-05-16 14:51:50,266 [INFO] - Training epoch stats:     Loss: 0.1243 - F1-Score: 0.9555 - Accuracy-Score: 0.9555 - AUROC: 0.9922 - AP: 0.9297
[37m2024-05-16 14:51:50,407 [INFO] - Validation epoch stats:   Loss: 0.8029 - F1-Score: 0.6982 - Accuracy-Score: 0.6982 - AUROC: 0.8955 - AP: 0.6590
[37m2024-05-16 14:51:50,474 [INFO] - Epoch: 19/50
[37m2024-05-16 14:51:50,475 [INFO] - Extracting training cells
[37m2024-05-16 14:51:52,066 [INFO] - Extraction detection metrics - F1: 0.806, Precision: 0.765, Recall: 0.851, Detected-Cells: 653
[37m2024-05-16 14:51:52,109 [INFO] - Training epoch stats:     Loss: 0.0942 - F1-Score: 0.9709 - Accuracy-Score: 0.9709 - AUROC: 0.9967 - AP: 0.9550
[37m2024-05-16 14:51:52,249 [INFO] - Validation epoch stats:   Loss: 0.8302 - F1-Score: 0.7154 - Accuracy-Score: 0.7154 - AUROC: 0.8876 - AP: 0.6493
[37m2024-05-16 14:51:52,312 [INFO] - Epoch: 20/50
[37m2024-05-16 14:51:52,312 [INFO] - Extracting training cells
[37m2024-05-16 14:51:53,885 [INFO] - Extraction detection metrics - F1: 0.820, Precision: 0.759, Recall: 0.892, Detected-Cells: 551
[37m2024-05-16 14:51:53,922 [INFO] - Training epoch stats:     Loss: 2.6004 - F1-Score: 0.5318 - Accuracy-Score: 0.5318 - AUROC: 0.5806 - AP: 0.3098
[37m2024-05-16 14:51:54,063 [INFO] - Validation epoch stats:   Loss: 0.7523 - F1-Score: 0.6867 - Accuracy-Score: 0.6867 - AUROC: 0.9136 - AP: 0.6767
[37m2024-05-16 14:51:54,064 [INFO] - New best model - save checkpoint
[37m2024-05-16 14:51:54,321 [INFO] - Epoch: 21/50
[37m2024-05-16 14:51:54,321 [INFO] - Extracting training cells
[37m2024-05-16 14:51:56,096 [INFO] - Extraction detection metrics - F1: 0.681, Precision: 0.679, Recall: 0.682, Detected-Cells: 523
[37m2024-05-16 14:51:56,140 [INFO] - Training epoch stats:     Loss: 0.1309 - F1-Score: 0.9541 - Accuracy-Score: 0.9541 - AUROC: 0.9965 - AP: 0.9639
[37m2024-05-16 14:51:56,281 [INFO] - Validation epoch stats:   Loss: 0.7976 - F1-Score: 0.6644 - Accuracy-Score: 0.6644 - AUROC: 0.9077 - AP: 0.6853
[37m2024-05-16 14:51:56,346 [INFO] - Epoch: 22/50
[37m2024-05-16 14:51:56,347 [INFO] - Extracting training cells
[37m2024-05-16 14:51:58,108 [INFO] - Extraction detection metrics - F1: 0.800, Precision: 0.761, Recall: 0.845, Detected-Cells: 648
[37m2024-05-16 14:51:58,161 [INFO] - Training epoch stats:     Loss: 0.1735 - F1-Score: 0.9552 - Accuracy-Score: 0.9552 - AUROC: 0.9979 - AP: 0.9672
[37m2024-05-16 14:51:58,313 [INFO] - Validation epoch stats:   Loss: 0.8323 - F1-Score: 0.6969 - Accuracy-Score: 0.6969 - AUROC: 0.8988 - AP: 0.6745
[37m2024-05-16 14:51:58,382 [INFO] - Epoch: 23/50
[37m2024-05-16 14:51:58,383 [INFO] - Extracting training cells
[37m2024-05-16 14:51:59,972 [INFO] - Extraction detection metrics - F1: 0.733, Precision: 0.711, Recall: 0.756, Detected-Cells: 580
[37m2024-05-16 14:52:00,010 [INFO] - Training epoch stats:     Loss: 0.2458 - F1-Score: 0.9414 - Accuracy-Score: 0.9414 - AUROC: 0.9894 - AP: 0.9161
[37m2024-05-16 14:52:00,140 [INFO] - Validation epoch stats:   Loss: 0.7980 - F1-Score: 0.7110 - Accuracy-Score: 0.7110 - AUROC: 0.9056 - AP: 0.6799
[37m2024-05-16 14:52:00,202 [INFO] - Epoch: 24/50
[37m2024-05-16 14:52:00,202 [INFO] - Extracting training cells
[37m2024-05-16 14:52:01,899 [INFO] - Extraction detection metrics - F1: 0.633, Precision: 0.642, Recall: 0.623, Detected-Cells: 478
[37m2024-05-16 14:52:01,935 [INFO] - Training epoch stats:     Loss: 0.2115 - F1-Score: 0.9414 - Accuracy-Score: 0.9414 - AUROC: 0.9915 - AP: 0.9324
[37m2024-05-16 14:52:02,093 [INFO] - Validation epoch stats:   Loss: 0.7197 - F1-Score: 0.7231 - Accuracy-Score: 0.7231 - AUROC: 0.9117 - AP: 0.6821
[37m2024-05-16 14:52:02,170 [INFO] - Epoch: 25/50
[37m2024-05-16 14:52:02,171 [INFO] - Extracting training cells
[37m2024-05-16 14:52:03,885 [INFO] - Extraction detection metrics - F1: 0.683, Precision: 0.680, Recall: 0.686, Detected-Cells: 526
[37m2024-05-16 14:52:03,928 [INFO] - Training epoch stats:     Loss: 0.1821 - F1-Score: 0.9373 - Accuracy-Score: 0.9373 - AUROC: 0.9925 - AP: 0.9174
[37m2024-05-16 14:52:04,061 [INFO] - Validation epoch stats:   Loss: 0.7099 - F1-Score: 0.7233 - Accuracy-Score: 0.7233 - AUROC: 0.9125 - AP: 0.6832
[37m2024-05-16 14:52:04,124 [INFO] - Epoch: 26/50
[37m2024-05-16 14:52:04,125 [INFO] - Extracting training cells
[37m2024-05-16 14:52:05,686 [INFO] - Extraction detection metrics - F1: 0.756, Precision: 0.793, Recall: 0.722, Detected-Cells: 554
[37m2024-05-16 14:52:05,727 [INFO] - Training epoch stats:     Loss: 0.2158 - F1-Score: 0.9458 - Accuracy-Score: 0.9458 - AUROC: 0.9839 - AP: 0.8773
[37m2024-05-16 14:52:05,874 [INFO] - Validation epoch stats:   Loss: 0.7031 - F1-Score: 0.7176 - Accuracy-Score: 0.7176 - AUROC: 0.9135 - AP: 0.6846
[37m2024-05-16 14:52:05,939 [INFO] - Epoch: 27/50
[37m2024-05-16 14:52:05,940 [INFO] - Extracting training cells
[37m2024-05-16 14:52:07,597 [INFO] - Extraction detection metrics - F1: 0.801, Precision: 0.783, Recall: 0.820, Detected-Cells: 629
[37m2024-05-16 14:52:07,636 [INFO] - Training epoch stats:     Loss: 0.1912 - F1-Score: 0.9444 - Accuracy-Score: 0.9444 - AUROC: 0.9928 - AP: 0.9085
[37m2024-05-16 14:52:07,772 [INFO] - Validation epoch stats:   Loss: 0.7088 - F1-Score: 0.7103 - Accuracy-Score: 0.7103 - AUROC: 0.9134 - AP: 0.6838
[37m2024-05-16 14:52:07,838 [INFO] - Epoch: 28/50
[37m2024-05-16 14:52:07,839 [INFO] - Extracting training cells
[37m2024-05-16 14:52:09,459 [INFO] - Extraction detection metrics - F1: 0.675, Precision: 0.708, Recall: 0.645, Detected-Cells: 495
[37m2024-05-16 14:52:09,493 [INFO] - Training epoch stats:     Loss: 0.3016 - F1-Score: 0.9253 - Accuracy-Score: 0.9253 - AUROC: 0.9646 - AP: 0.8092
[37m2024-05-16 14:52:09,633 [INFO] - Validation epoch stats:   Loss: 0.7109 - F1-Score: 0.7067 - Accuracy-Score: 0.7067 - AUROC: 0.9129 - AP: 0.6818
[37m2024-05-16 14:52:09,697 [INFO] - Epoch: 29/50
[37m2024-05-16 14:52:09,698 [INFO] - Extracting training cells
[37m2024-05-16 14:52:11,316 [INFO] - Extraction detection metrics - F1: 0.737, Precision: 0.723, Recall: 0.751, Detected-Cells: 576
[37m2024-05-16 14:52:11,356 [INFO] - Training epoch stats:     Loss: 0.1718 - F1-Score: 0.9601 - Accuracy-Score: 0.9601 - AUROC: 0.9937 - AP: 0.9537
[37m2024-05-16 14:52:11,507 [INFO] - Validation epoch stats:   Loss: 0.7129 - F1-Score: 0.7053 - Accuracy-Score: 0.7053 - AUROC: 0.9119 - AP: 0.6789
[37m2024-05-16 14:52:11,571 [INFO] - Epoch: 30/50
[37m2024-05-16 14:52:11,572 [INFO] - Extracting training cells
[37m2024-05-16 14:52:13,581 [INFO] - Extraction detection metrics - F1: 0.640, Precision: 0.641, Recall: 0.639, Detected-Cells: 490
[37m2024-05-16 14:52:13,615 [INFO] - Training epoch stats:     Loss: 0.1856 - F1-Score: 0.9490 - Accuracy-Score: 0.9490 - AUROC: 0.9888 - AP: 0.9254
[37m2024-05-16 14:52:13,755 [INFO] - Validation epoch stats:   Loss: 0.7163 - F1-Score: 0.7043 - Accuracy-Score: 0.7043 - AUROC: 0.9112 - AP: 0.6763
[37m2024-05-16 14:52:13,817 [INFO] - Epoch: 31/50
[37m2024-05-16 14:52:13,818 [INFO] - Extracting training cells
[37m2024-05-16 14:52:15,479 [INFO] - Extraction detection metrics - F1: 0.790, Precision: 0.765, Recall: 0.816, Detected-Cells: 626
[37m2024-05-16 14:52:15,521 [INFO] - Training epoch stats:     Loss: 0.1652 - F1-Score: 0.9505 - Accuracy-Score: 0.9505 - AUROC: 0.9918 - AP: 0.9330
[37m2024-05-16 14:52:15,661 [INFO] - Validation epoch stats:   Loss: 0.7155 - F1-Score: 0.7082 - Accuracy-Score: 0.7082 - AUROC: 0.9105 - AP: 0.6740
[37m2024-05-16 14:52:15,726 [INFO] - Epoch: 32/50
[37m2024-05-16 14:52:15,726 [INFO] - Extracting training cells
[37m2024-05-16 14:52:17,448 [INFO] - Extraction detection metrics - F1: 0.733, Precision: 0.711, Recall: 0.756, Detected-Cells: 580
[37m2024-05-16 14:52:17,487 [INFO] - Training epoch stats:     Loss: 0.1229 - F1-Score: 0.9552 - Accuracy-Score: 0.9552 - AUROC: 0.9963 - AP: 0.9532
[37m2024-05-16 14:52:17,628 [INFO] - Validation epoch stats:   Loss: 0.7093 - F1-Score: 0.7185 - Accuracy-Score: 0.7185 - AUROC: 0.9103 - AP: 0.6720
[37m2024-05-16 14:52:17,693 [INFO] - Epoch: 33/50
[37m2024-05-16 14:52:17,694 [INFO] - Extracting training cells
[37m2024-05-16 14:52:19,856 [INFO] - Extraction detection metrics - F1: 0.607, Precision: 0.608, Recall: 0.605, Detected-Cells: 464
[37m2024-05-16 14:52:19,895 [INFO] - Training epoch stats:     Loss: 0.1871 - F1-Score: 0.9504 - Accuracy-Score: 0.9504 - AUROC: 0.9712 - AP: 0.8723
[37m2024-05-16 14:52:20,040 [INFO] - Validation epoch stats:   Loss: 0.7085 - F1-Score: 0.7228 - Accuracy-Score: 0.7228 - AUROC: 0.9108 - AP: 0.6726
[37m2024-05-16 14:52:20,103 [INFO] - Epoch: 34/50
[37m2024-05-16 14:52:20,103 [INFO] - Extracting training cells
[37m2024-05-16 14:52:21,808 [INFO] - Extraction detection metrics - F1: 0.796, Precision: 0.762, Recall: 0.833, Detected-Cells: 639
[37m2024-05-16 14:52:21,847 [INFO] - Training epoch stats:     Loss: 0.1268 - F1-Score: 0.9687 - Accuracy-Score: 0.9687 - AUROC: 0.9976 - AP: 0.9730
[37m2024-05-16 14:52:21,980 [INFO] - Validation epoch stats:   Loss: 0.7074 - F1-Score: 0.7243 - Accuracy-Score: 0.7243 - AUROC: 0.9113 - AP: 0.6728
[37m2024-05-16 14:52:22,049 [INFO] - Epoch: 35/50
[37m2024-05-16 14:52:22,049 [INFO] - Extracting training cells
[37m2024-05-16 14:52:23,832 [INFO] - Extraction detection metrics - F1: 0.802, Precision: 0.768, Recall: 0.840, Detected-Cells: 644
[37m2024-05-16 14:52:23,874 [INFO] - Training epoch stats:     Loss: 0.1024 - F1-Score: 0.9674 - Accuracy-Score: 0.9674 - AUROC: 0.9990 - AP: 0.9889
[37m2024-05-16 14:52:24,022 [INFO] - Validation epoch stats:   Loss: 0.7084 - F1-Score: 0.7267 - Accuracy-Score: 0.7267 - AUROC: 0.9115 - AP: 0.6737
[37m2024-05-16 14:52:24,086 [INFO] - Epoch: 36/50
[37m2024-05-16 14:52:24,087 [INFO] - Extracting training cells
[37m2024-05-16 14:52:25,750 [INFO] - Extraction detection metrics - F1: 0.754, Precision: 0.737, Recall: 0.773, Detected-Cells: 593
[37m2024-05-16 14:52:25,792 [INFO] - Training epoch stats:     Loss: 0.1385 - F1-Score: 0.9578 - Accuracy-Score: 0.9578 - AUROC: 0.9890 - AP: 0.9052
[37m2024-05-16 14:52:25,936 [INFO] - Validation epoch stats:   Loss: 0.7152 - F1-Score: 0.7259 - Accuracy-Score: 0.7259 - AUROC: 0.9118 - AP: 0.6743
[37m2024-05-16 14:52:25,993 [INFO] - Epoch: 37/50
[37m2024-05-16 14:52:25,994 [INFO] - Extracting training cells
[37m2024-05-16 14:52:27,861 [INFO] - Extraction detection metrics - F1: 0.809, Precision: 0.771, Recall: 0.851, Detected-Cells: 653
[37m2024-05-16 14:52:27,904 [INFO] - Training epoch stats:     Loss: 0.0924 - F1-Score: 0.9724 - Accuracy-Score: 0.9724 - AUROC: 0.9987 - AP: 0.9851
[37m2024-05-16 14:52:28,044 [INFO] - Validation epoch stats:   Loss: 0.7252 - F1-Score: 0.7206 - Accuracy-Score: 0.7206 - AUROC: 0.9122 - AP: 0.6750
[37m2024-05-16 14:52:28,106 [INFO] - Epoch: 38/50
[37m2024-05-16 14:52:28,107 [INFO] - Extracting training cells
[37m2024-05-16 14:52:29,750 [INFO] - Extraction detection metrics - F1: 0.813, Precision: 0.766, Recall: 0.867, Detected-Cells: 665
[37m2024-05-16 14:52:29,793 [INFO] - Training epoch stats:     Loss: 0.1441 - F1-Score: 0.9489 - Accuracy-Score: 0.9489 - AUROC: 0.9934 - AP: 0.9433
[37m2024-05-16 14:52:29,934 [INFO] - Validation epoch stats:   Loss: 0.7432 - F1-Score: 0.7135 - Accuracy-Score: 0.7135 - AUROC: 0.9114 - AP: 0.6742
[37m2024-05-16 14:52:30,000 [INFO] - Epoch: 39/50
[37m2024-05-16 14:52:30,001 [INFO] - Extracting training cells
[37m2024-05-16 14:52:31,707 [INFO] - Extraction detection metrics - F1: 0.685, Precision: 0.694, Recall: 0.677, Detected-Cells: 519
[37m2024-05-16 14:52:31,750 [INFO] - Training epoch stats:     Loss: 0.1229 - F1-Score: 0.9499 - Accuracy-Score: 0.9499 - AUROC: 0.9913 - AP: 0.9198
[37m2024-05-16 14:52:31,893 [INFO] - Validation epoch stats:   Loss: 0.7434 - F1-Score: 0.7192 - Accuracy-Score: 0.7192 - AUROC: 0.9095 - AP: 0.6713
[37m2024-05-16 14:52:31,959 [INFO] - Epoch: 40/50
[37m2024-05-16 14:52:31,960 [INFO] - Extracting training cells
[37m2024-05-16 14:52:33,751 [INFO] - Extraction detection metrics - F1: 0.636, Precision: 0.641, Recall: 0.631, Detected-Cells: 484
[37m2024-05-16 14:52:33,785 [INFO] - Training epoch stats:     Loss: 0.2151 - F1-Score: 0.9360 - Accuracy-Score: 0.9360 - AUROC: 0.9760 - AP: 0.8952
[37m2024-05-16 14:52:33,926 [INFO] - Validation epoch stats:   Loss: 0.7313 - F1-Score: 0.7223 - Accuracy-Score: 0.7223 - AUROC: 0.9085 - AP: 0.6702
[37m2024-05-16 14:52:33,927 [INFO] - Performing early stopping!
[37m2024-05-16 14:52:33,939 [INFO] - Finished run i7rg14na
