[37m2024-06-28 08:23:40,465 [INFO] - Instantiated Logger. WandB init and config update finished.
[37m2024-06-28 08:23:40,466 [INFO] - Run ist stored here: /cellvit/logs_paper/Head-Evaluation/CoNSeP/SAM-H/Amount-DA/2024-06-28T082332_Amount-1-Seed-3
[37m2024-06-28 08:23:40,963 [INFO] - Cuda devices: [<torch.cuda.device object at 0x7f2d3259c820>]
[37m2024-06-28 08:23:40,965 [INFO] - Using GPU: cuda:0
[37m2024-06-28 08:23:40,970 [INFO] - Using device: cuda:0
[37m2024-06-28 08:23:40,975 [INFO] - Loss function:
[37m2024-06-28 08:23:40,980 [INFO] - CrossEntropyLoss()
[37m2024-06-28 08:23:58,376 [INFO] - <All keys matched successfully>
[37m2024-06-28 08:23:59,482 [INFO] -
==========================================================================================
Layer (type:depth-idx)                   Output Shape              Param #
==========================================================================================
LinearClassifier                         [1, 4]                    --
├─Linear: 1-1                            [1, 128]                  163,968
├─ReLU: 1-2                              [1, 128]                  --
├─Dropout: 1-3                           [1, 128]                  --
├─Linear: 1-4                            [1, 4]                    516
==========================================================================================
Total params: 164,484
Trainable params: 164,484
Non-trainable params: 0
Total mult-adds (M): 0.16
==========================================================================================
Input size (MB): 0.01
Forward/backward pass size (MB): 0.00
Params size (MB): 0.66
Estimated Total Size (MB): 0.66
==========================================================================================
[37m2024-06-28 08:23:59,484 [INFO] - Loaded AdamW Optimizer with following hyperparameters:
[37m2024-06-28 08:23:59,488 [INFO] - {'betas': [0.85, 0.9], 'lr': 0.0005, 'weight_decay': 0.0005}
[37m2024-06-28 08:23:59,493 [INFO] - Using early stopping with a range of 20 and maximize strategy
[37m2024-06-28 08:23:59,509 [INFO] - Caching datasets
[37m2024-06-28 08:24:00,115 [INFO] - Instantiate Trainer
[37m2024-06-28 08:24:00,122 [INFO] - Calling Trainer Fit
[37m2024-06-28 08:24:00,122 [INFO] - Starting training, total number of epochs: 50
[37m2024-06-28 08:24:00,127 [INFO] - Epoch: 1/50
[37m2024-06-28 08:24:00,132 [INFO] - Extracting training cells
[37m2024-06-28 08:24:03,301 [INFO] - Extraction detection metrics - F1: 0.808, Precision: 0.767, Recall: 0.854, Detected-Cells: 655
[37m2024-06-28 08:24:03,458 [INFO] - Training epoch stats:     Loss: 1.2996 - F1-Score: 0.3588 - Accuracy-Score: 0.3588 - AUROC: 0.4647 - AP: 0.2880
[37m2024-06-28 08:24:04,738 [INFO] - Loaded dataset from cache: /Consep/cache/1f728da27af6daed7b166ce5447f5dec18916e3679cb7b74ddaefb4a67df10d2.h5
[37m2024-06-28 08:24:04,873 [INFO] - Validation epoch stats:   Loss: 1.4332 - F1-Score: 0.6430 - Accuracy-Score: 0.6430 - AUROC: 0.6768 - AP: 0.4376
[37m2024-06-28 08:24:04,874 [INFO] - New best model - save checkpoint
[37m2024-06-28 08:24:05,038 [INFO] - Epoch: 2/50
[37m2024-06-28 08:24:05,040 [INFO] - Extracting training cells
[37m2024-06-28 08:24:06,542 [INFO] - Extraction detection metrics - F1: 0.814, Precision: 0.746, Recall: 0.894, Detected-Cells: 686
[37m2024-06-28 08:24:06,574 [INFO] - Training epoch stats:     Loss: 0.6126 - F1-Score: 0.8484 - Accuracy-Score: 0.8484 - AUROC: 0.8036 - AP: 0.5820
[37m2024-06-28 08:24:06,694 [INFO] - Validation epoch stats:   Loss: 1.5333 - F1-Score: 0.6687 - Accuracy-Score: 0.6687 - AUROC: 0.7432 - AP: 0.5322
[37m2024-06-28 08:24:06,695 [INFO] - New best model - save checkpoint
[37m2024-06-28 08:24:06,859 [INFO] - Epoch: 3/50
[37m2024-06-28 08:24:06,860 [INFO] - Extracting training cells
[37m2024-06-28 08:24:08,330 [INFO] - Extraction detection metrics - F1: 0.813, Precision: 0.776, Recall: 0.854, Detected-Cells: 655
[37m2024-06-28 08:24:08,371 [INFO] - Training epoch stats:     Loss: 0.3577 - F1-Score: 0.9206 - Accuracy-Score: 0.9206 - AUROC: 0.9283 - AP: 0.7470
[37m2024-06-28 08:24:08,497 [INFO] - Validation epoch stats:   Loss: 1.4401 - F1-Score: 0.6332 - Accuracy-Score: 0.6332 - AUROC: 0.7615 - AP: 0.5668
[37m2024-06-28 08:24:08,498 [INFO] - New best model - save checkpoint
[37m2024-06-28 08:24:08,680 [INFO] - Epoch: 4/50
[37m2024-06-28 08:24:08,681 [INFO] - Extracting training cells
[37m2024-06-28 08:24:10,387 [INFO] - Extraction detection metrics - F1: 0.786, Precision: 0.751, Recall: 0.824, Detected-Cells: 632
[37m2024-06-28 08:24:10,426 [INFO] - Training epoch stats:     Loss: 0.3108 - F1-Score: 0.9082 - Accuracy-Score: 0.9082 - AUROC: 0.9390 - AP: 0.7691
[37m2024-06-28 08:24:10,550 [INFO] - Validation epoch stats:   Loss: 0.8358 - F1-Score: 0.6928 - Accuracy-Score: 0.6928 - AUROC: 0.8222 - AP: 0.6398
[37m2024-06-28 08:24:10,551 [INFO] - New best model - save checkpoint
[37m2024-06-28 08:24:10,729 [INFO] - Epoch: 5/50
[37m2024-06-28 08:24:10,729 [INFO] - Extracting training cells
[37m2024-06-28 08:24:12,110 [INFO] - Extraction detection metrics - F1: 0.797, Precision: 0.759, Recall: 0.840, Detected-Cells: 644
[37m2024-06-28 08:24:12,144 [INFO] - Training epoch stats:     Loss: 0.2668 - F1-Score: 0.9255 - Accuracy-Score: 0.9255 - AUROC: 0.9642 - AP: 0.8075
[37m2024-06-28 08:24:12,264 [INFO] - Validation epoch stats:   Loss: 0.5855 - F1-Score: 0.7786 - Accuracy-Score: 0.7786 - AUROC: 0.8418 - AP: 0.6479
[37m2024-06-28 08:24:12,265 [INFO] - New best model - save checkpoint
[37m2024-06-28 08:24:12,448 [INFO] - Epoch: 6/50
[37m2024-06-28 08:24:12,449 [INFO] - Extracting training cells
[37m2024-06-28 08:24:13,949 [INFO] - Extraction detection metrics - F1: 0.797, Precision: 0.756, Recall: 0.842, Detected-Cells: 646
[37m2024-06-28 08:24:13,987 [INFO] - Training epoch stats:     Loss: 0.2430 - F1-Score: 0.9133 - Accuracy-Score: 0.9133 - AUROC: 0.9744 - AP: 0.8237
[37m2024-06-28 08:24:14,110 [INFO] - Validation epoch stats:   Loss: 0.6597 - F1-Score: 0.7388 - Accuracy-Score: 0.7388 - AUROC: 0.8429 - AP: 0.6449
[37m2024-06-28 08:24:14,111 [INFO] - New best model - save checkpoint
[37m2024-06-28 08:24:14,267 [INFO] - Epoch: 7/50
[37m2024-06-28 08:24:14,268 [INFO] - Extracting training cells
[37m2024-06-28 08:24:15,600 [INFO] - Extraction detection metrics - F1: 0.806, Precision: 0.765, Recall: 0.851, Detected-Cells: 653
[37m2024-06-28 08:24:15,642 [INFO] - Training epoch stats:     Loss: 0.1796 - F1-Score: 0.9479 - Accuracy-Score: 0.9479 - AUROC: 0.9777 - AP: 0.8445
[37m2024-06-28 08:24:15,785 [INFO] - Validation epoch stats:   Loss: 0.8830 - F1-Score: 0.6670 - Accuracy-Score: 0.6670 - AUROC: 0.8374 - AP: 0.6278
[37m2024-06-28 08:24:15,848 [INFO] - Epoch: 8/50
[37m2024-06-28 08:24:15,849 [INFO] - Extracting training cells
[37m2024-06-28 08:24:17,397 [INFO] - Extraction detection metrics - F1: 0.699, Precision: 0.680, Recall: 0.718, Detected-Cells: 551
[37m2024-06-28 08:24:17,438 [INFO] - Training epoch stats:     Loss: 0.2040 - F1-Score: 0.9474 - Accuracy-Score: 0.9474 - AUROC: 0.9883 - AP: 0.9090
[37m2024-06-28 08:24:17,565 [INFO] - Validation epoch stats:   Loss: 0.9346 - F1-Score: 0.6577 - Accuracy-Score: 0.6577 - AUROC: 0.8249 - AP: 0.6136
[37m2024-06-28 08:24:17,625 [INFO] - Epoch: 9/50
[37m2024-06-28 08:24:17,626 [INFO] - Extracting training cells
[37m2024-06-28 08:24:18,963 [INFO] - Extraction detection metrics - F1: 0.669, Precision: 0.809, Recall: 0.571, Detected-Cells: 93
[37m2024-06-28 08:24:18,983 [INFO] - Training epoch stats:     Loss: 2.2855 - F1-Score: 0.4301 - Accuracy-Score: 0.4301 - AUROC: 0.2714 - AP: 0.5744
[37m2024-06-28 08:24:19,112 [INFO] - Validation epoch stats:   Loss: 0.9346 - F1-Score: 0.6577 - Accuracy-Score: 0.6577 - AUROC: 0.8249 - AP: 0.6136
[37m2024-06-28 08:24:19,169 [INFO] - Epoch: 10/50
[37m2024-06-28 08:24:19,169 [INFO] - Extracting training cells
[37m2024-06-28 08:24:20,501 [INFO] - Extraction detection metrics - F1: 0.817, Precision: 0.749, Recall: 0.900, Detected-Cells: 506
[37m2024-06-28 08:24:20,540 [INFO] - Training epoch stats:     Loss: 2.8944 - F1-Score: 0.5198 - Accuracy-Score: 0.5198 - AUROC: 0.5925 - AP: 0.2896
[37m2024-06-28 08:24:20,664 [INFO] - Validation epoch stats:   Loss: 0.7433 - F1-Score: 0.6972 - Accuracy-Score: 0.6972 - AUROC: 0.8478 - AP: 0.6301
[37m2024-06-28 08:24:20,665 [INFO] - New best model - save checkpoint
[37m2024-06-28 08:24:20,838 [INFO] - Epoch: 11/50
[37m2024-06-28 08:24:20,838 [INFO] - Extracting training cells
[37m2024-06-28 08:24:22,437 [INFO] - Extraction detection metrics - F1: 0.675, Precision: 0.689, Recall: 0.661, Detected-Cells: 507
[37m2024-06-28 08:24:22,466 [INFO] - Training epoch stats:     Loss: 0.2038 - F1-Score: 0.9408 - Accuracy-Score: 0.9408 - AUROC: 0.9734 - AP: 0.8449
[37m2024-06-28 08:24:22,590 [INFO] - Validation epoch stats:   Loss: 0.7021 - F1-Score: 0.7067 - Accuracy-Score: 0.7067 - AUROC: 0.8536 - AP: 0.6283
[37m2024-06-28 08:24:22,591 [INFO] - New best model - save checkpoint
[37m2024-06-28 08:24:22,745 [INFO] - Epoch: 12/50
[37m2024-06-28 08:24:22,746 [INFO] - Extracting training cells
[37m2024-06-28 08:24:24,385 [INFO] - Extraction detection metrics - F1: 0.812, Precision: 0.764, Recall: 0.866, Detected-Cells: 664
[37m2024-06-28 08:24:24,428 [INFO] - Training epoch stats:     Loss: 0.2346 - F1-Score: 0.9232 - Accuracy-Score: 0.9232 - AUROC: 0.9863 - AP: 0.8772
[37m2024-06-28 08:24:24,553 [INFO] - Validation epoch stats:   Loss: 0.7448 - F1-Score: 0.6919 - Accuracy-Score: 0.6919 - AUROC: 0.8503 - AP: 0.6235
[37m2024-06-28 08:24:24,620 [INFO] - Epoch: 13/50
[37m2024-06-28 08:24:24,621 [INFO] - Extracting training cells
[37m2024-06-28 08:24:25,969 [INFO] - Extraction detection metrics - F1: 0.793, Precision: 0.764, Recall: 0.824, Detected-Cells: 632
[37m2024-06-28 08:24:26,014 [INFO] - Training epoch stats:     Loss: 0.2424 - F1-Score: 0.9288 - Accuracy-Score: 0.9288 - AUROC: 0.9811 - AP: 0.8586
[37m2024-06-28 08:24:26,139 [INFO] - Validation epoch stats:   Loss: 0.8315 - F1-Score: 0.6921 - Accuracy-Score: 0.6921 - AUROC: 0.8587 - AP: 0.6339
[37m2024-06-28 08:24:26,140 [INFO] - New best model - save checkpoint
[37m2024-06-28 08:24:26,315 [INFO] - Epoch: 14/50
[37m2024-06-28 08:24:26,315 [INFO] - Extracting training cells
[37m2024-06-28 08:24:27,792 [INFO] - Extraction detection metrics - F1: 0.788, Precision: 0.754, Recall: 0.825, Detected-Cells: 633
[37m2024-06-28 08:24:27,834 [INFO] - Training epoch stats:     Loss: 0.1836 - F1-Score: 0.9510 - Accuracy-Score: 0.9510 - AUROC: 0.9958 - AP: 0.9592
[37m2024-06-28 08:24:27,961 [INFO] - Validation epoch stats:   Loss: 0.9060 - F1-Score: 0.6893 - Accuracy-Score: 0.6893 - AUROC: 0.8689 - AP: 0.6460
[37m2024-06-28 08:24:27,962 [INFO] - New best model - save checkpoint
[37m2024-06-28 08:24:28,126 [INFO] - Epoch: 15/50
[37m2024-06-28 08:24:28,126 [INFO] - Extracting training cells
[37m2024-06-28 08:24:29,502 [INFO] - Extraction detection metrics - F1: 0.769, Precision: 0.763, Recall: 0.774, Detected-Cells: 594
[37m2024-06-28 08:24:29,545 [INFO] - Training epoch stats:     Loss: 0.1945 - F1-Score: 0.9428 - Accuracy-Score: 0.9428 - AUROC: 0.9887 - AP: 0.9141
[37m2024-06-28 08:24:29,669 [INFO] - Validation epoch stats:   Loss: 0.9329 - F1-Score: 0.6857 - Accuracy-Score: 0.6857 - AUROC: 0.8726 - AP: 0.6535
[37m2024-06-28 08:24:29,670 [INFO] - New best model - save checkpoint
[37m2024-06-28 08:24:29,840 [INFO] - Epoch: 16/50
[37m2024-06-28 08:24:29,841 [INFO] - Extracting training cells
[37m2024-06-28 08:24:31,309 [INFO] - Extraction detection metrics - F1: 0.791, Precision: 0.771, Recall: 0.812, Detected-Cells: 623
[37m2024-06-28 08:24:31,349 [INFO] - Training epoch stats:     Loss: 0.1864 - F1-Score: 0.9390 - Accuracy-Score: 0.9390 - AUROC: 0.9869 - AP: 0.8911
[37m2024-06-28 08:24:31,751 [INFO] - Validation epoch stats:   Loss: 0.8683 - F1-Score: 0.6847 - Accuracy-Score: 0.6847 - AUROC: 0.8771 - AP: 0.6571
[37m2024-06-28 08:24:31,752 [INFO] - New best model - save checkpoint
[37m2024-06-28 08:24:31,908 [INFO] - Epoch: 17/50
[37m2024-06-28 08:24:31,909 [INFO] - Extracting training cells
[37m2024-06-28 08:24:33,430 [INFO] - Extraction detection metrics - F1: 0.721, Precision: 0.703, Recall: 0.739, Detected-Cells: 567
[37m2024-06-28 08:24:33,468 [INFO] - Training epoch stats:     Loss: 0.1779 - F1-Score: 0.9489 - Accuracy-Score: 0.9489 - AUROC: 0.9891 - AP: 0.9015
[37m2024-06-28 08:24:33,591 [INFO] - Validation epoch stats:   Loss: 0.6852 - F1-Score: 0.7334 - Accuracy-Score: 0.7334 - AUROC: 0.8893 - AP: 0.6664
[37m2024-06-28 08:24:33,591 [INFO] - New best model - save checkpoint
[37m2024-06-28 08:24:33,735 [INFO] - Epoch: 18/50
[37m2024-06-28 08:24:33,735 [INFO] - Extracting training cells
[37m2024-06-28 08:24:35,348 [INFO] - Extraction detection metrics - F1: 0.797, Precision: 0.760, Recall: 0.837, Detected-Cells: 642
[37m2024-06-28 08:24:35,387 [INFO] - Training epoch stats:     Loss: 0.1355 - F1-Score: 0.9548 - Accuracy-Score: 0.9548 - AUROC: 0.9915 - AP: 0.9257
[37m2024-06-28 08:24:35,511 [INFO] - Validation epoch stats:   Loss: 0.5957 - F1-Score: 0.7709 - Accuracy-Score: 0.7709 - AUROC: 0.8991 - AP: 0.6738
[37m2024-06-28 08:24:35,512 [INFO] - New best model - save checkpoint
[37m2024-06-28 08:24:35,675 [INFO] - Epoch: 19/50
[37m2024-06-28 08:24:35,676 [INFO] - Extracting training cells
[37m2024-06-28 08:24:37,327 [INFO] - Extraction detection metrics - F1: 0.798, Precision: 0.751, Recall: 0.851, Detected-Cells: 653
[37m2024-06-28 08:24:37,364 [INFO] - Training epoch stats:     Loss: 0.1407 - F1-Score: 0.9525 - Accuracy-Score: 0.9525 - AUROC: 0.9912 - AP: 0.9304
[37m2024-06-28 08:24:37,491 [INFO] - Validation epoch stats:   Loss: 0.7529 - F1-Score: 0.7233 - Accuracy-Score: 0.7233 - AUROC: 0.8990 - AP: 0.6719
[37m2024-06-28 08:24:37,552 [INFO] - Epoch: 20/50
[37m2024-06-28 08:24:37,553 [INFO] - Extracting training cells
[37m2024-06-28 08:24:38,958 [INFO] - Extraction detection metrics - F1: 0.806, Precision: 0.765, Recall: 0.851, Detected-Cells: 653
[37m2024-06-28 08:24:39,001 [INFO] - Training epoch stats:     Loss: 0.1026 - F1-Score: 0.9663 - Accuracy-Score: 0.9663 - AUROC: 0.9964 - AP: 0.9435
[37m2024-06-28 08:24:39,139 [INFO] - Validation epoch stats:   Loss: 0.8844 - F1-Score: 0.6952 - Accuracy-Score: 0.6952 - AUROC: 0.8901 - AP: 0.6607
[37m2024-06-28 08:24:39,201 [INFO] - Epoch: 21/50
[37m2024-06-28 08:24:39,201 [INFO] - Extracting training cells
[37m2024-06-28 08:24:40,344 [INFO] - Extraction detection metrics - F1: 0.774, Precision: 0.728, Recall: 0.825, Detected-Cells: 311
[37m2024-06-28 08:24:40,379 [INFO] - Training epoch stats:     Loss: 2.9123 - F1-Score: 0.4148 - Accuracy-Score: 0.4148 - AUROC: 0.3392 - AP: 0.2380
[37m2024-06-28 08:24:40,544 [INFO] - Validation epoch stats:   Loss: 0.9146 - F1-Score: 0.6524 - Accuracy-Score: 0.6524 - AUROC: 0.9031 - AP: 0.6752
[37m2024-06-28 08:24:40,545 [INFO] - New best model - save checkpoint
[37m2024-06-28 08:24:40,702 [INFO] - Epoch: 22/50
[37m2024-06-28 08:24:40,703 [INFO] - Extracting training cells
[37m2024-06-28 08:24:42,237 [INFO] - Extraction detection metrics - F1: 0.801, Precision: 0.763, Recall: 0.844, Detected-Cells: 647
[37m2024-06-28 08:24:42,279 [INFO] - Training epoch stats:     Loss: 0.2109 - F1-Score: 0.9397 - Accuracy-Score: 0.9397 - AUROC: 0.9867 - AP: 0.8811
[37m2024-06-28 08:24:42,401 [INFO] - Validation epoch stats:   Loss: 0.8728 - F1-Score: 0.6217 - Accuracy-Score: 0.6217 - AUROC: 0.8943 - AP: 0.6611
[37m2024-06-28 08:24:42,459 [INFO] - Epoch: 23/50
[37m2024-06-28 08:24:42,460 [INFO] - Extracting training cells
[37m2024-06-28 08:24:43,861 [INFO] - Extraction detection metrics - F1: 0.806, Precision: 0.765, Recall: 0.851, Detected-Cells: 653
[37m2024-06-28 08:24:43,911 [INFO] - Training epoch stats:     Loss: 0.1812 - F1-Score: 0.9617 - Accuracy-Score: 0.9617 - AUROC: 0.9973 - AP: 0.9685
[37m2024-06-28 08:24:44,037 [INFO] - Validation epoch stats:   Loss: 0.7244 - F1-Score: 0.7281 - Accuracy-Score: 0.7281 - AUROC: 0.8865 - AP: 0.6546
[37m2024-06-28 08:24:44,096 [INFO] - Epoch: 24/50
[37m2024-06-28 08:24:44,097 [INFO] - Extracting training cells
[37m2024-06-28 08:24:45,689 [INFO] - Extraction detection metrics - F1: 0.813, Precision: 0.766, Recall: 0.867, Detected-Cells: 665
[37m2024-06-28 08:24:45,724 [INFO] - Training epoch stats:     Loss: 0.1911 - F1-Score: 0.9624 - Accuracy-Score: 0.9624 - AUROC: 0.9959 - AP: 0.9629
[37m2024-06-28 08:24:45,846 [INFO] - Validation epoch stats:   Loss: 0.8345 - F1-Score: 0.7111 - Accuracy-Score: 0.7111 - AUROC: 0.8853 - AP: 0.6591
[37m2024-06-28 08:24:45,911 [INFO] - Epoch: 25/50
[37m2024-06-28 08:24:45,911 [INFO] - Extracting training cells
[37m2024-06-28 08:24:47,441 [INFO] - Extraction detection metrics - F1: 0.601, Precision: 0.610, Recall: 0.592, Detected-Cells: 454
[37m2024-06-28 08:24:47,473 [INFO] - Training epoch stats:     Loss: 0.2244 - F1-Score: 0.9427 - Accuracy-Score: 0.9427 - AUROC: 0.9890 - AP: 0.9207
[37m2024-06-28 08:24:47,627 [INFO] - Validation epoch stats:   Loss: 0.8340 - F1-Score: 0.7116 - Accuracy-Score: 0.7116 - AUROC: 0.8855 - AP: 0.6595
[37m2024-06-28 08:24:47,708 [INFO] - Epoch: 26/50
[37m2024-06-28 08:24:47,709 [INFO] - Extracting training cells
[37m2024-06-28 08:24:49,081 [INFO] - Extraction detection metrics - F1: 0.808, Precision: 0.767, Recall: 0.854, Detected-Cells: 655
[37m2024-06-28 08:24:49,123 [INFO] - Training epoch stats:     Loss: 0.1735 - F1-Score: 0.9557 - Accuracy-Score: 0.9557 - AUROC: 0.9940 - AP: 0.9505
[37m2024-06-28 08:24:49,250 [INFO] - Validation epoch stats:   Loss: 0.8290 - F1-Score: 0.7104 - Accuracy-Score: 0.7104 - AUROC: 0.8862 - AP: 0.6604
[37m2024-06-28 08:24:49,315 [INFO] - Epoch: 27/50
[37m2024-06-28 08:24:49,316 [INFO] - Extracting training cells
[37m2024-06-28 08:24:50,708 [INFO] - Extraction detection metrics - F1: 0.808, Precision: 0.767, Recall: 0.854, Detected-Cells: 655
[37m2024-06-28 08:24:50,744 [INFO] - Training epoch stats:     Loss: 0.1618 - F1-Score: 0.9542 - Accuracy-Score: 0.9542 - AUROC: 0.9943 - AP: 0.9471
[37m2024-06-28 08:24:50,869 [INFO] - Validation epoch stats:   Loss: 0.8254 - F1-Score: 0.7063 - Accuracy-Score: 0.7063 - AUROC: 0.8869 - AP: 0.6614
[37m2024-06-28 08:24:50,943 [INFO] - Epoch: 28/50
[37m2024-06-28 08:24:50,944 [INFO] - Extracting training cells
[37m2024-06-28 08:24:52,372 [INFO] - Extraction detection metrics - F1: 0.784, Precision: 0.766, Recall: 0.803, Detected-Cells: 616
[37m2024-06-28 08:24:52,407 [INFO] - Training epoch stats:     Loss: 0.1466 - F1-Score: 0.9643 - Accuracy-Score: 0.9643 - AUROC: 0.9967 - AP: 0.9702
[37m2024-06-28 08:24:52,508 [INFO] - Validation epoch stats:   Loss: 0.8214 - F1-Score: 0.7024 - Accuracy-Score: 0.7024 - AUROC: 0.8878 - AP: 0.6625
[37m2024-06-28 08:24:52,572 [INFO] - Epoch: 29/50
[37m2024-06-28 08:24:52,572 [INFO] - Extracting training cells
[37m2024-06-28 08:24:53,954 [INFO] - Extraction detection metrics - F1: 0.805, Precision: 0.774, Recall: 0.838, Detected-Cells: 643
[37m2024-06-28 08:24:53,994 [INFO] - Training epoch stats:     Loss: 0.1355 - F1-Score: 0.9627 - Accuracy-Score: 0.9627 - AUROC: 0.9942 - AP: 0.9466
[37m2024-06-28 08:24:54,123 [INFO] - Validation epoch stats:   Loss: 0.8236 - F1-Score: 0.6981 - Accuracy-Score: 0.6981 - AUROC: 0.8888 - AP: 0.6632
[37m2024-06-28 08:24:54,188 [INFO] - Epoch: 30/50
[37m2024-06-28 08:24:54,189 [INFO] - Extracting training cells
[37m2024-06-28 08:24:55,551 [INFO] - Extraction detection metrics - F1: 0.651, Precision: 0.655, Recall: 0.647, Detected-Cells: 496
[37m2024-06-28 08:24:55,578 [INFO] - Training epoch stats:     Loss: 0.2034 - F1-Score: 0.9375 - Accuracy-Score: 0.9375 - AUROC: 0.9910 - AP: 0.9395
[37m2024-06-28 08:24:55,721 [INFO] - Validation epoch stats:   Loss: 0.8200 - F1-Score: 0.6958 - Accuracy-Score: 0.6958 - AUROC: 0.8891 - AP: 0.6629
[37m2024-06-28 08:24:55,775 [INFO] - Epoch: 31/50
[37m2024-06-28 08:24:55,776 [INFO] - Extracting training cells
[37m2024-06-28 08:24:57,294 [INFO] - Extraction detection metrics - F1: 0.758, Precision: 0.731, Recall: 0.787, Detected-Cells: 604
[37m2024-06-28 08:24:57,334 [INFO] - Training epoch stats:     Loss: 0.1217 - F1-Score: 0.9652 - Accuracy-Score: 0.9652 - AUROC: 0.9970 - AP: 0.9740
[37m2024-06-28 08:24:57,459 [INFO] - Validation epoch stats:   Loss: 0.8049 - F1-Score: 0.6986 - Accuracy-Score: 0.6986 - AUROC: 0.8894 - AP: 0.6632
[37m2024-06-28 08:24:57,527 [INFO] - Epoch: 32/50
[37m2024-06-28 08:24:57,528 [INFO] - Extracting training cells
[37m2024-06-28 08:24:58,949 [INFO] - Extraction detection metrics - F1: 0.808, Precision: 0.767, Recall: 0.854, Detected-Cells: 655
[37m2024-06-28 08:24:58,985 [INFO] - Training epoch stats:     Loss: 0.1342 - F1-Score: 0.9618 - Accuracy-Score: 0.9618 - AUROC: 0.9957 - AP: 0.9593
[37m2024-06-28 08:24:59,112 [INFO] - Validation epoch stats:   Loss: 0.7932 - F1-Score: 0.7037 - Accuracy-Score: 0.7037 - AUROC: 0.8895 - AP: 0.6638
[37m2024-06-28 08:24:59,182 [INFO] - Epoch: 33/50
[37m2024-06-28 08:24:59,183 [INFO] - Extracting training cells
[37m2024-06-28 08:25:00,423 [INFO] - Extraction detection metrics - F1: 0.750, Precision: 0.702, Recall: 0.804, Detected-Cells: 144
[37m2024-06-28 08:25:00,452 [INFO] - Training epoch stats:     Loss: 1.1875 - F1-Score: 0.5000 - Accuracy-Score: 0.5000 - AUROC: 0.2832 - AP: 0.5710
[37m2024-06-28 08:25:00,581 [INFO] - Validation epoch stats:   Loss: 0.7854 - F1-Score: 0.7065 - Accuracy-Score: 0.7065 - AUROC: 0.8893 - AP: 0.6639
[37m2024-06-28 08:25:00,642 [INFO] - Epoch: 34/50
[37m2024-06-28 08:25:00,642 [INFO] - Extracting training cells
[37m2024-06-28 08:25:02,235 [INFO] - Extraction detection metrics - F1: 0.765, Precision: 0.733, Recall: 0.801, Detected-Cells: 614
[37m2024-06-28 08:25:02,274 [INFO] - Training epoch stats:     Loss: 0.1180 - F1-Score: 0.9691 - Accuracy-Score: 0.9691 - AUROC: 0.9980 - AP: 0.9821
[37m2024-06-28 08:25:02,396 [INFO] - Validation epoch stats:   Loss: 0.7661 - F1-Score: 0.7164 - Accuracy-Score: 0.7164 - AUROC: 0.8890 - AP: 0.6636
[37m2024-06-28 08:25:02,450 [INFO] - Epoch: 35/50
[37m2024-06-28 08:25:02,450 [INFO] - Extracting training cells
[37m2024-06-28 08:25:04,006 [INFO] - Extraction detection metrics - F1: 0.793, Precision: 0.766, Recall: 0.823, Detected-Cells: 631
[37m2024-06-28 08:25:04,043 [INFO] - Training epoch stats:     Loss: 0.1150 - F1-Score: 0.9635 - Accuracy-Score: 0.9635 - AUROC: 0.9949 - AP: 0.9671
[37m2024-06-28 08:25:04,175 [INFO] - Validation epoch stats:   Loss: 0.7463 - F1-Score: 0.7249 - Accuracy-Score: 0.7249 - AUROC: 0.8894 - AP: 0.6633
[37m2024-06-28 08:25:04,241 [INFO] - Epoch: 36/50
[37m2024-06-28 08:25:04,241 [INFO] - Extracting training cells
[37m2024-06-28 08:25:05,861 [INFO] - Extraction detection metrics - F1: 0.795, Precision: 0.765, Recall: 0.828, Detected-Cells: 635
[37m2024-06-28 08:25:05,902 [INFO] - Training epoch stats:     Loss: 0.1362 - F1-Score: 0.9638 - Accuracy-Score: 0.9638 - AUROC: 0.9950 - AP: 0.9402
[37m2024-06-28 08:25:06,029 [INFO] - Validation epoch stats:   Loss: 0.7505 - F1-Score: 0.7238 - Accuracy-Score: 0.7238 - AUROC: 0.8901 - AP: 0.6646
[37m2024-06-28 08:25:06,087 [INFO] - Epoch: 37/50
[37m2024-06-28 08:25:06,088 [INFO] - Extracting training cells
[37m2024-06-28 08:25:07,866 [INFO] - Extraction detection metrics - F1: 0.681, Precision: 0.699, Recall: 0.664, Detected-Cells: 509
[37m2024-06-28 08:25:07,899 [INFO] - Training epoch stats:     Loss: 0.1467 - F1-Score: 0.9686 - Accuracy-Score: 0.9686 - AUROC: 0.9886 - AP: 0.9486
[37m2024-06-28 08:25:08,025 [INFO] - Validation epoch stats:   Loss: 0.7642 - F1-Score: 0.7199 - Accuracy-Score: 0.7199 - AUROC: 0.8909 - AP: 0.6653
[37m2024-06-28 08:25:08,085 [INFO] - Epoch: 38/50
[37m2024-06-28 08:25:08,085 [INFO] - Extracting training cells
[37m2024-06-28 08:25:09,707 [INFO] - Extraction detection metrics - F1: 0.794, Precision: 0.743, Recall: 0.853, Detected-Cells: 654
[37m2024-06-28 08:25:09,746 [INFO] - Training epoch stats:     Loss: 0.1350 - F1-Score: 0.9587 - Accuracy-Score: 0.9587 - AUROC: 0.9966 - AP: 0.9749
[37m2024-06-28 08:25:09,870 [INFO] - Validation epoch stats:   Loss: 0.7791 - F1-Score: 0.7156 - Accuracy-Score: 0.7156 - AUROC: 0.8912 - AP: 0.6656
[37m2024-06-28 08:25:09,934 [INFO] - Epoch: 39/50
[37m2024-06-28 08:25:09,935 [INFO] - Extracting training cells
[37m2024-06-28 08:25:11,745 [INFO] - Extraction detection metrics - F1: 0.644, Precision: 0.660, Recall: 0.628, Detected-Cells: 482
[37m2024-06-28 08:25:11,781 [INFO] - Training epoch stats:     Loss: 0.1278 - F1-Score: 0.9627 - Accuracy-Score: 0.9627 - AUROC: 0.9887 - AP: 0.9589
[37m2024-06-28 08:25:11,909 [INFO] - Validation epoch stats:   Loss: 0.7838 - F1-Score: 0.7154 - Accuracy-Score: 0.7154 - AUROC: 0.8914 - AP: 0.6659
[37m2024-06-28 08:25:11,969 [INFO] - Epoch: 40/50
[37m2024-06-28 08:25:11,970 [INFO] - Extracting training cells
[37m2024-06-28 08:25:13,559 [INFO] - Extraction detection metrics - F1: 0.777, Precision: 0.754, Recall: 0.801, Detected-Cells: 614
[37m2024-06-28 08:25:13,601 [INFO] - Training epoch stats:     Loss: 0.1085 - F1-Score: 0.9642 - Accuracy-Score: 0.9642 - AUROC: 0.9971 - AP: 0.9793
[37m2024-06-28 08:25:13,734 [INFO] - Validation epoch stats:   Loss: 0.7917 - F1-Score: 0.7144 - Accuracy-Score: 0.7144 - AUROC: 0.8917 - AP: 0.6664
[37m2024-06-28 08:25:13,803 [INFO] - Epoch: 41/50
[37m2024-06-28 08:25:13,804 [INFO] - Extracting training cells
[37m2024-06-28 08:25:15,355 [INFO] - Extraction detection metrics - F1: 0.663, Precision: 0.653, Recall: 0.673, Detected-Cells: 516
[37m2024-06-28 08:25:15,408 [INFO] - Training epoch stats:     Loss: 0.0920 - F1-Score: 0.9651 - Accuracy-Score: 0.9651 - AUROC: 0.9978 - AP: 0.9843
[37m2024-06-28 08:25:15,579 [INFO] - Validation epoch stats:   Loss: 0.7874 - F1-Score: 0.7159 - Accuracy-Score: 0.7159 - AUROC: 0.8928 - AP: 0.6671
[37m2024-06-28 08:25:15,580 [INFO] - Performing early stopping!
[37m2024-06-28 08:25:15,584 [INFO] - Finished run 0mo2wapd
