[37m2024-06-28 06:49:31,115 [INFO] - Instantiated Logger. WandB init and config update finished.
[37m2024-06-28 06:49:31,117 [INFO] - Run ist stored here: /cellvit/logs_paper/Head-Evaluation/CoNSeP/SAM-H/Amount/2024-06-28T064921_Amount-13-Seed-5
[37m2024-06-28 06:49:31,179 [INFO] - Cuda devices: [<torch.cuda.device object at 0x7f1fd7d68730>]
[37m2024-06-28 06:49:31,180 [INFO] - Using GPU: cuda:0
[37m2024-06-28 06:49:31,185 [INFO] - Using device: cuda:0
[37m2024-06-28 06:49:31,190 [INFO] - Loss function:
[37m2024-06-28 06:49:31,195 [INFO] - CrossEntropyLoss()
[37m2024-06-28 06:52:19,263 [INFO] - <All keys matched successfully>
[37m2024-06-28 06:52:24,821 [INFO] -
==========================================================================================
Layer (type:depth-idx)                   Output Shape              Param #
==========================================================================================
LinearClassifier                         [1, 4]                    --
├─Linear: 1-1                            [1, 128]                  163,968
├─ReLU: 1-2                              [1, 128]                  --
├─Dropout: 1-3                           [1, 128]                  --
├─Linear: 1-4                            [1, 4]                    516
==========================================================================================
Total params: 164,484
Trainable params: 164,484
Non-trainable params: 0
Total mult-adds (M): 0.16
==========================================================================================
Input size (MB): 0.01
Forward/backward pass size (MB): 0.00
Params size (MB): 0.66
Estimated Total Size (MB): 0.66
==========================================================================================
[37m2024-06-28 06:52:24,823 [INFO] - Loaded AdamW Optimizer with following hyperparameters:
[37m2024-06-28 06:52:24,827 [INFO] - {'betas': [0.85, 0.9], 'lr': 0.0005, 'weight_decay': 0.0005}
[37m2024-06-28 06:52:24,832 [INFO] - Using early stopping with a range of 20 and maximize strategy
[37m2024-06-28 06:52:24,845 [INFO] - Caching datasets
[37m2024-06-28 06:52:26,048 [INFO] - Instantiate Trainer
[37m2024-06-28 06:52:26,054 [INFO] - Calling Trainer Fit
[37m2024-06-28 06:52:26,059 [INFO] - Dataset is cached after first epoch
[37m2024-06-28 06:52:26,068 [INFO] - Starting training, total number of epochs: 50
[37m2024-06-28 06:52:26,078 [INFO] - Epoch: 1/50
[37m2024-06-28 06:52:27,952 [INFO] - Loaded dataset from cache: /Consep/cache/d9a103a9944bd038304b82154313347ca6765aa80c366e8260575ffbf874b685.h5
[37m2024-06-28 06:52:32,263 [INFO] - Training epoch stats:     Loss: 0.5527 - F1-Score: 0.7794 - Accuracy-Score: 0.7794 - AUROC: 0.8946 - AP: 0.6879
[37m2024-06-28 06:52:33,779 [INFO] - Loaded dataset from cache: /Consep/cache/1f728da27af6daed7b166ce5447f5dec18916e3679cb7b74ddaefb4a67df10d2.h5
[37m2024-06-28 06:52:34,072 [INFO] - Validation epoch stats:   Loss: 0.3637 - F1-Score: 0.8661 - Accuracy-Score: 0.8661 - AUROC: 0.9596 - AP: 0.8482
[37m2024-06-28 06:52:34,073 [INFO] - New best model - save checkpoint
[37m2024-06-28 06:52:34,556 [INFO] - Epoch: 2/50
[37m2024-06-28 06:52:34,988 [INFO] - Training epoch stats:     Loss: 0.2167 - F1-Score: 0.9209 - Accuracy-Score: 0.9209 - AUROC: 0.9806 - AP: 0.9081
[37m2024-06-28 06:52:35,767 [INFO] - Validation epoch stats:   Loss: 0.3484 - F1-Score: 0.8647 - Accuracy-Score: 0.8647 - AUROC: 0.9624 - AP: 0.8598
[37m2024-06-28 06:52:35,769 [INFO] - New best model - save checkpoint
[37m2024-06-28 06:52:36,041 [INFO] - Epoch: 3/50
[37m2024-06-28 06:52:36,396 [INFO] - Training epoch stats:     Loss: 0.1638 - F1-Score: 0.9375 - Accuracy-Score: 0.9375 - AUROC: 0.9908 - AP: 0.9494
[37m2024-06-28 06:52:36,667 [INFO] - Validation epoch stats:   Loss: 0.3485 - F1-Score: 0.8728 - Accuracy-Score: 0.8728 - AUROC: 0.9651 - AP: 0.8652
[37m2024-06-28 06:52:36,668 [INFO] - New best model - save checkpoint
[37m2024-06-28 06:52:36,841 [INFO] - Epoch: 4/50
[37m2024-06-28 06:52:37,205 [INFO] - Training epoch stats:     Loss: 0.1369 - F1-Score: 0.9448 - Accuracy-Score: 0.9448 - AUROC: 0.9936 - AP: 0.9676
[37m2024-06-28 06:52:42,758 [INFO] - Validation epoch stats:   Loss: 0.3582 - F1-Score: 0.8709 - Accuracy-Score: 0.8709 - AUROC: 0.9641 - AP: 0.8676
[37m2024-06-28 06:52:42,932 [INFO] - Epoch: 5/50
[37m2024-06-28 06:52:43,535 [INFO] - Training epoch stats:     Loss: 0.1128 - F1-Score: 0.9593 - Accuracy-Score: 0.9593 - AUROC: 0.9963 - AP: 0.9819
[37m2024-06-28 06:52:43,960 [INFO] - Validation epoch stats:   Loss: 0.3624 - F1-Score: 0.8673 - Accuracy-Score: 0.8673 - AUROC: 0.9624 - AP: 0.8643
[37m2024-06-28 06:52:44,023 [INFO] - Epoch: 6/50
[37m2024-06-28 06:52:44,366 [INFO] - Training epoch stats:     Loss: 0.0909 - F1-Score: 0.9666 - Accuracy-Score: 0.9666 - AUROC: 0.9974 - AP: 0.9869
[37m2024-06-28 06:52:44,512 [INFO] - Validation epoch stats:   Loss: 0.3694 - F1-Score: 0.8747 - Accuracy-Score: 0.8747 - AUROC: 0.9616 - AP: 0.8660
[37m2024-06-28 06:52:44,565 [INFO] - Epoch: 7/50
[37m2024-06-28 06:52:44,785 [INFO] - Training epoch stats:     Loss: 0.0692 - F1-Score: 0.9755 - Accuracy-Score: 0.9755 - AUROC: 0.9987 - AP: 0.9937
[37m2024-06-28 06:52:45,045 [INFO] - Validation epoch stats:   Loss: 0.3780 - F1-Score: 0.8788 - Accuracy-Score: 0.8788 - AUROC: 0.9607 - AP: 0.8631
[37m2024-06-28 06:52:45,127 [INFO] - Epoch: 8/50
[37m2024-06-28 06:52:45,368 [INFO] - Training epoch stats:     Loss: 0.0555 - F1-Score: 0.9822 - Accuracy-Score: 0.9822 - AUROC: 0.9991 - AP: 0.9958
[37m2024-06-28 06:52:45,581 [INFO] - Validation epoch stats:   Loss: 0.4444 - F1-Score: 0.8617 - Accuracy-Score: 0.8617 - AUROC: 0.9621 - AP: 0.8656
[37m2024-06-28 06:52:45,642 [INFO] - Epoch: 9/50
[37m2024-06-28 06:52:45,867 [INFO] - Training epoch stats:     Loss: 0.0515 - F1-Score: 0.9822 - Accuracy-Score: 0.9822 - AUROC: 0.9993 - AP: 0.9971
[37m2024-06-28 06:52:46,060 [INFO] - Validation epoch stats:   Loss: 0.3959 - F1-Score: 0.8790 - Accuracy-Score: 0.8790 - AUROC: 0.9602 - AP: 0.8651
[37m2024-06-28 06:52:46,143 [INFO] - Epoch: 10/50
[37m2024-06-28 06:52:46,518 [INFO] - Training epoch stats:     Loss: 0.0377 - F1-Score: 0.9904 - Accuracy-Score: 0.9904 - AUROC: 0.9998 - AP: 0.9990
[37m2024-06-28 06:52:46,658 [INFO] - Validation epoch stats:   Loss: 0.4380 - F1-Score: 0.8718 - Accuracy-Score: 0.8718 - AUROC: 0.9578 - AP: 0.8609
[37m2024-06-28 06:52:46,728 [INFO] - Epoch: 11/50
[37m2024-06-28 06:52:46,969 [INFO] - Training epoch stats:     Loss: 0.0333 - F1-Score: 0.9907 - Accuracy-Score: 0.9907 - AUROC: 0.9998 - AP: 0.9990
[37m2024-06-28 06:52:47,195 [INFO] - Validation epoch stats:   Loss: 0.4392 - F1-Score: 0.8737 - Accuracy-Score: 0.8737 - AUROC: 0.9565 - AP: 0.8582
[37m2024-06-28 06:52:47,242 [INFO] - Epoch: 12/50
[37m2024-06-28 06:52:47,494 [INFO] - Training epoch stats:     Loss: 0.0260 - F1-Score: 0.9938 - Accuracy-Score: 0.9938 - AUROC: 0.9999 - AP: 0.9996
[37m2024-06-28 06:52:47,708 [INFO] - Validation epoch stats:   Loss: 0.4575 - F1-Score: 0.8814 - Accuracy-Score: 0.8814 - AUROC: 0.9583 - AP: 0.8598
[37m2024-06-28 06:52:47,788 [INFO] - Epoch: 13/50
[37m2024-06-28 06:52:48,015 [INFO] - Training epoch stats:     Loss: 0.0212 - F1-Score: 0.9958 - Accuracy-Score: 0.9958 - AUROC: 0.9999 - AP: 0.9997
[37m2024-06-28 06:52:48,230 [INFO] - Validation epoch stats:   Loss: 0.4957 - F1-Score: 0.8735 - Accuracy-Score: 0.8735 - AUROC: 0.9562 - AP: 0.8588
[37m2024-06-28 06:52:48,293 [INFO] - Epoch: 14/50
[37m2024-06-28 06:52:48,512 [INFO] - Training epoch stats:     Loss: 0.0192 - F1-Score: 0.9963 - Accuracy-Score: 0.9963 - AUROC: 0.9999 - AP: 0.9997
[37m2024-06-28 06:52:50,266 [INFO] - Validation epoch stats:   Loss: 0.5001 - F1-Score: 0.8757 - Accuracy-Score: 0.8757 - AUROC: 0.9578 - AP: 0.8624
[37m2024-06-28 06:52:50,418 [INFO] - Epoch: 15/50
[37m2024-06-28 06:52:50,610 [INFO] - Training epoch stats:     Loss: 0.0170 - F1-Score: 0.9963 - Accuracy-Score: 0.9963 - AUROC: 0.9999 - AP: 0.9998
[37m2024-06-28 06:52:50,857 [INFO] - Validation epoch stats:   Loss: 0.5059 - F1-Score: 0.8762 - Accuracy-Score: 0.8762 - AUROC: 0.9564 - AP: 0.8594
[37m2024-06-28 06:52:50,951 [INFO] - Epoch: 16/50
[37m2024-06-28 06:52:51,260 [INFO] - Training epoch stats:     Loss: 0.0137 - F1-Score: 0.9973 - Accuracy-Score: 0.9973 - AUROC: 0.9999 - AP: 0.9998
[37m2024-06-28 06:52:51,518 [INFO] - Validation epoch stats:   Loss: 0.5410 - F1-Score: 0.8685 - Accuracy-Score: 0.8685 - AUROC: 0.9556 - AP: 0.8581
[37m2024-06-28 06:52:51,591 [INFO] - Epoch: 17/50
[37m2024-06-28 06:52:51,896 [INFO] - Training epoch stats:     Loss: 0.0124 - F1-Score: 0.9977 - Accuracy-Score: 0.9977 - AUROC: 1.0000 - AP: 0.9998
[37m2024-06-28 06:52:52,204 [INFO] - Validation epoch stats:   Loss: 0.5118 - F1-Score: 0.8704 - Accuracy-Score: 0.8704 - AUROC: 0.9561 - AP: 0.8589
[37m2024-06-28 06:52:52,257 [INFO] - Epoch: 18/50
[37m2024-06-28 06:52:52,468 [INFO] - Training epoch stats:     Loss: 0.0094 - F1-Score: 0.9986 - Accuracy-Score: 0.9986 - AUROC: 1.0000 - AP: 0.9999
[37m2024-06-28 06:52:52,671 [INFO] - Validation epoch stats:   Loss: 0.5924 - F1-Score: 0.8728 - Accuracy-Score: 0.8728 - AUROC: 0.9545 - AP: 0.8552
[37m2024-06-28 06:52:52,715 [INFO] - Epoch: 19/50
[37m2024-06-28 06:52:52,996 [INFO] - Training epoch stats:     Loss: 0.0091 - F1-Score: 0.9985 - Accuracy-Score: 0.9985 - AUROC: 0.9999 - AP: 0.9997
[37m2024-06-28 06:52:53,161 [INFO] - Validation epoch stats:   Loss: 0.5897 - F1-Score: 0.8692 - Accuracy-Score: 0.8692 - AUROC: 0.9578 - AP: 0.8591
[37m2024-06-28 06:52:53,217 [INFO] - Epoch: 20/50
[37m2024-06-28 06:52:53,556 [INFO] - Training epoch stats:     Loss: 0.0094 - F1-Score: 0.9981 - Accuracy-Score: 0.9981 - AUROC: 0.9999 - AP: 0.9998
[37m2024-06-28 06:52:53,761 [INFO] - Validation epoch stats:   Loss: 0.6221 - F1-Score: 0.8733 - Accuracy-Score: 0.8733 - AUROC: 0.9556 - AP: 0.8566
[37m2024-06-28 06:52:53,828 [INFO] - Epoch: 21/50
[37m2024-06-28 06:52:54,582 [INFO] - Training epoch stats:     Loss: 0.0090 - F1-Score: 0.9981 - Accuracy-Score: 0.9981 - AUROC: 1.0000 - AP: 0.9998
[37m2024-06-28 06:52:54,811 [INFO] - Validation epoch stats:   Loss: 0.6226 - F1-Score: 0.8723 - Accuracy-Score: 0.8723 - AUROC: 0.9545 - AP: 0.8543
[37m2024-06-28 06:52:54,880 [INFO] - Epoch: 22/50
[37m2024-06-28 06:52:55,160 [INFO] - Training epoch stats:     Loss: 0.0064 - F1-Score: 0.9992 - Accuracy-Score: 0.9992 - AUROC: 1.0000 - AP: 0.9999
[37m2024-06-28 06:52:55,468 [INFO] - Validation epoch stats:   Loss: 0.5932 - F1-Score: 0.8769 - Accuracy-Score: 0.8769 - AUROC: 0.9560 - AP: 0.8561
[37m2024-06-28 06:52:55,527 [INFO] - Epoch: 23/50
[37m2024-06-28 06:52:55,775 [INFO] - Training epoch stats:     Loss: 0.0096 - F1-Score: 0.9981 - Accuracy-Score: 0.9981 - AUROC: 0.9999 - AP: 0.9993
[37m2024-06-28 06:52:55,921 [INFO] - Validation epoch stats:   Loss: 0.6213 - F1-Score: 0.8757 - Accuracy-Score: 0.8757 - AUROC: 0.9561 - AP: 0.8551
[37m2024-06-28 06:52:55,922 [INFO] - Performing early stopping!
[37m2024-06-28 06:52:55,954 [INFO] - Finished run ucn0x74h
