[37m2024-08-11 20:51:10,061 [INFO] - Instantiated Logger. WandB init and config update finished.
[37m2024-08-11 20:51:10,062 [INFO] - Run ist stored here: /cellvit/logs_paper/Head-Evaluation/ocelot/Virchow/Amount/Aug/50/Seed-1/2024-08-11T205100_CellViT-Virchow-50Percent
[37m2024-08-11 20:51:10,124 [INFO] - Cuda devices: [<torch.cuda.device object at 0x7ff4a0f1bf70>]
[37m2024-08-11 20:51:10,130 [INFO] - Using GPU: cuda:0
[37m2024-08-11 20:51:10,135 [INFO] - Using device: cuda:0
[37m2024-08-11 20:51:10,139 [INFO] - Loss function:
[37m2024-08-11 20:51:10,144 [INFO] - CrossEntropyLoss()
[37m2024-08-11 20:51:18,562 [INFO] - <All keys matched successfully>
[37m2024-08-11 20:51:19,592 [INFO] -
==========================================================================================
Layer (type:depth-idx)                   Output Shape              Param #
==========================================================================================
LinearClassifier                         [1, 2]                    --
├─Linear: 1-1                            [1, 128]                  163,968
├─ReLU: 1-2                              [1, 128]                  --
├─Dropout: 1-3                           [1, 128]                  --
├─Linear: 1-4                            [1, 2]                    258
==========================================================================================
Total params: 164,226
Trainable params: 164,226
Non-trainable params: 0
Total mult-adds (M): 0.16
==========================================================================================
Input size (MB): 0.01
Forward/backward pass size (MB): 0.00
Params size (MB): 0.66
Estimated Total Size (MB): 0.66
==========================================================================================
[37m2024-08-11 20:51:19,599 [INFO] - Loaded AdamW Optimizer with following hyperparameters:
[37m2024-08-11 20:51:19,603 [INFO] - {'betas': [0.85, 0.9], 'lr': 0.0004303882065443299, 'weight_decay': 0.0006034678620960006}
[37m2024-08-11 20:51:19,609 [INFO] - Using early stopping with a range of 20 and maximize strategy
[37m2024-08-11 20:51:19,630 [INFO] - Caching datasets
[37m2024-08-11 20:51:23,458 [INFO] - Instantiate Trainer
[37m2024-08-11 20:51:23,464 [INFO] - Calling Trainer Fit
[37m2024-08-11 20:51:23,471 [INFO] - Starting training, total number of epochs: 50
[37m2024-08-11 20:51:23,477 [INFO] - Epoch: 1/50
[37m2024-08-11 20:51:23,482 [INFO] - Extracting training cells
[37m2024-08-11 20:53:29,824 [INFO] - Extraction detection metrics - F1: 0.617, Precision: 0.602, Recall: 0.695, Detected-Cells: 21652
[37m2024-08-11 20:53:30,587 [INFO] - Training epoch stats:     Loss: 0.2956 - F1-Score: 0.9032 - Accuracy-Score: 0.8725 - AUROC: 0.9433 - AP: 0.9621
[37m2024-08-11 20:53:34,481 [INFO] - Loaded dataset from cache: /OCELOT-Orig/cache/b9c748f76a42e9a5b6619f0756b1e70745a509b6263a3cac0bf6f7cad71394d3.h5
[37m2024-08-11 20:53:34,924 [INFO] - Validation epoch stats:   Loss: 0.4167 - F1-Score: 0.8644 - Accuracy-Score: 0.8327 - AUROC: 0.9012 - AP: 0.9253
[37m2024-08-11 20:53:34,931 [INFO] - New best model - save checkpoint
[37m2024-08-11 20:53:35,116 [INFO] - Epoch: 2/50
[37m2024-08-11 20:53:35,123 [INFO] - Extracting training cells
[37m2024-08-11 20:55:33,300 [INFO] - Extraction detection metrics - F1: 0.612, Precision: 0.595, Recall: 0.690, Detected-Cells: 21726
[37m2024-08-11 20:55:33,980 [INFO] - Training epoch stats:     Loss: 0.1885 - F1-Score: 0.9433 - Accuracy-Score: 0.9280 - AUROC: 0.9762 - AP: 0.9847
[37m2024-08-11 20:55:34,302 [INFO] - Validation epoch stats:   Loss: 0.4346 - F1-Score: 0.8633 - Accuracy-Score: 0.8298 - AUROC: 0.9004 - AP: 0.9310
[37m2024-08-11 20:55:34,377 [INFO] - Epoch: 3/50
[37m2024-08-11 20:55:34,384 [INFO] - Extracting training cells
[37m2024-08-11 20:57:31,167 [INFO] - Extraction detection metrics - F1: 0.623, Precision: 0.600, Recall: 0.703, Detected-Cells: 21972
[37m2024-08-11 20:57:31,903 [INFO] - Training epoch stats:     Loss: 0.1620 - F1-Score: 0.9513 - Accuracy-Score: 0.9375 - AUROC: 0.9815 - AP: 0.9879
[37m2024-08-11 20:57:32,225 [INFO] - Validation epoch stats:   Loss: 0.4643 - F1-Score: 0.8539 - Accuracy-Score: 0.8199 - AUROC: 0.8959 - AP: 0.9239
[37m2024-08-11 20:57:32,289 [INFO] - Epoch: 4/50
[37m2024-08-11 20:57:32,294 [INFO] - Extracting training cells
[37m2024-08-11 20:59:29,907 [INFO] - Extraction detection metrics - F1: 0.618, Precision: 0.600, Recall: 0.697, Detected-Cells: 21437
[37m2024-08-11 20:59:30,607 [INFO] - Training epoch stats:     Loss: 0.1583 - F1-Score: 0.9542 - Accuracy-Score: 0.9397 - AUROC: 0.9820 - AP: 0.9885
[37m2024-08-11 20:59:31,004 [INFO] - Validation epoch stats:   Loss: 0.5055 - F1-Score: 0.8448 - Accuracy-Score: 0.8102 - AUROC: 0.8911 - AP: 0.9175
[37m2024-08-11 20:59:31,059 [INFO] - Epoch: 5/50
[37m2024-08-11 20:59:31,064 [INFO] - Extracting training cells
[37m2024-08-11 21:01:28,609 [INFO] - Extraction detection metrics - F1: 0.605, Precision: 0.588, Recall: 0.684, Detected-Cells: 21292
[37m2024-08-11 21:01:29,521 [INFO] - Training epoch stats:     Loss: 0.1510 - F1-Score: 0.9544 - Accuracy-Score: 0.9423 - AUROC: 0.9844 - AP: 0.9896
[37m2024-08-11 21:01:30,010 [INFO] - Validation epoch stats:   Loss: 0.4964 - F1-Score: 0.8462 - Accuracy-Score: 0.8128 - AUROC: 0.8945 - AP: 0.9216
[37m2024-08-11 21:01:30,088 [INFO] - Epoch: 6/50
[37m2024-08-11 21:01:30,093 [INFO] - Extracting training cells
[37m2024-08-11 21:03:28,510 [INFO] - Extraction detection metrics - F1: 0.623, Precision: 0.605, Recall: 0.705, Detected-Cells: 21633
[37m2024-08-11 21:03:29,264 [INFO] - Training epoch stats:     Loss: 0.1398 - F1-Score: 0.9586 - Accuracy-Score: 0.9479 - AUROC: 0.9865 - AP: 0.9911
[37m2024-08-11 21:03:29,768 [INFO] - Validation epoch stats:   Loss: 0.5140 - F1-Score: 0.8370 - Accuracy-Score: 0.8016 - AUROC: 0.8882 - AP: 0.9217
[37m2024-08-11 21:03:29,832 [INFO] - Epoch: 7/50
[37m2024-08-11 21:03:29,838 [INFO] - Extracting training cells
[37m2024-08-11 21:05:27,837 [INFO] - Extraction detection metrics - F1: 0.625, Precision: 0.605, Recall: 0.707, Detected-Cells: 22193
[37m2024-08-11 21:05:28,577 [INFO] - Training epoch stats:     Loss: 0.1243 - F1-Score: 0.9634 - Accuracy-Score: 0.9526 - AUROC: 0.9893 - AP: 0.9936
[37m2024-08-11 21:05:28,968 [INFO] - Validation epoch stats:   Loss: 0.4983 - F1-Score: 0.8546 - Accuracy-Score: 0.8200 - AUROC: 0.8950 - AP: 0.9247
[37m2024-08-11 21:05:29,024 [INFO] - Epoch: 8/50
[37m2024-08-11 21:05:29,030 [INFO] - Extracting training cells
[37m2024-08-11 21:07:26,700 [INFO] - Extraction detection metrics - F1: 0.615, Precision: 0.596, Recall: 0.695, Detected-Cells: 22345
[37m2024-08-11 21:07:27,393 [INFO] - Training epoch stats:     Loss: 0.1202 - F1-Score: 0.9653 - Accuracy-Score: 0.9551 - AUROC: 0.9899 - AP: 0.9936
[37m2024-08-11 21:07:27,836 [INFO] - Validation epoch stats:   Loss: 0.5593 - F1-Score: 0.8385 - Accuracy-Score: 0.8041 - AUROC: 0.8875 - AP: 0.9170
[37m2024-08-11 21:07:27,903 [INFO] - Epoch: 9/50
[37m2024-08-11 21:07:27,909 [INFO] - Extracting training cells
[37m2024-08-11 21:09:25,647 [INFO] - Extraction detection metrics - F1: 0.621, Precision: 0.606, Recall: 0.695, Detected-Cells: 21929
[37m2024-08-11 21:09:26,344 [INFO] - Training epoch stats:     Loss: 0.1169 - F1-Score: 0.9661 - Accuracy-Score: 0.9568 - AUROC: 0.9904 - AP: 0.9937
[37m2024-08-11 21:09:26,673 [INFO] - Validation epoch stats:   Loss: 0.5460 - F1-Score: 0.8471 - Accuracy-Score: 0.8136 - AUROC: 0.8918 - AP: 0.9192
[37m2024-08-11 21:09:26,743 [INFO] - Epoch: 10/50
[37m2024-08-11 21:09:26,749 [INFO] - Extracting training cells
[37m2024-08-11 21:11:21,374 [INFO] - Extraction detection metrics - F1: 0.619, Precision: 0.605, Recall: 0.693, Detected-Cells: 21823
[37m2024-08-11 21:11:22,209 [INFO] - Training epoch stats:     Loss: 0.1252 - F1-Score: 0.9643 - Accuracy-Score: 0.9545 - AUROC: 0.9885 - AP: 0.9922
[37m2024-08-11 21:11:22,691 [INFO] - Validation epoch stats:   Loss: 0.5629 - F1-Score: 0.8416 - Accuracy-Score: 0.8066 - AUROC: 0.8847 - AP: 0.9139
[37m2024-08-11 21:11:22,780 [INFO] - Epoch: 11/50
[37m2024-08-11 21:11:22,785 [INFO] - Extracting training cells
[37m2024-08-11 21:13:19,730 [INFO] - Extraction detection metrics - F1: 0.626, Precision: 0.608, Recall: 0.708, Detected-Cells: 22306
[37m2024-08-11 21:13:20,446 [INFO] - Training epoch stats:     Loss: 0.1031 - F1-Score: 0.9698 - Accuracy-Score: 0.9608 - AUROC: 0.9927 - AP: 0.9958
[37m2024-08-11 21:13:20,787 [INFO] - Validation epoch stats:   Loss: 0.5703 - F1-Score: 0.8470 - Accuracy-Score: 0.8122 - AUROC: 0.8880 - AP: 0.9176
[37m2024-08-11 21:13:20,855 [INFO] - Epoch: 12/50
[37m2024-08-11 21:13:20,860 [INFO] - Extracting training cells
[37m2024-08-11 21:15:19,241 [INFO] - Extraction detection metrics - F1: 0.616, Precision: 0.602, Recall: 0.694, Detected-Cells: 22162
[37m2024-08-11 21:15:20,011 [INFO] - Training epoch stats:     Loss: 0.1089 - F1-Score: 0.9695 - Accuracy-Score: 0.9607 - AUROC: 0.9915 - AP: 0.9947
[37m2024-08-11 21:15:20,408 [INFO] - Validation epoch stats:   Loss: 0.5544 - F1-Score: 0.8550 - Accuracy-Score: 0.8195 - AUROC: 0.8891 - AP: 0.9178
[37m2024-08-11 21:15:20,483 [INFO] - Epoch: 13/50
[37m2024-08-11 21:15:20,488 [INFO] - Extracting training cells
[37m2024-08-11 21:17:16,283 [INFO] - Extraction detection metrics - F1: 0.610, Precision: 0.593, Recall: 0.688, Detected-Cells: 21519
[37m2024-08-11 21:17:16,963 [INFO] - Training epoch stats:     Loss: 0.1071 - F1-Score: 0.9695 - Accuracy-Score: 0.9616 - AUROC: 0.9913 - AP: 0.9934
[37m2024-08-11 21:17:17,398 [INFO] - Validation epoch stats:   Loss: 0.5621 - F1-Score: 0.8554 - Accuracy-Score: 0.8191 - AUROC: 0.8853 - AP: 0.9129
[37m2024-08-11 21:17:17,474 [INFO] - Epoch: 14/50
[37m2024-08-11 21:17:17,479 [INFO] - Extracting training cells
[37m2024-08-11 21:19:14,102 [INFO] - Extraction detection metrics - F1: 0.620, Precision: 0.604, Recall: 0.700, Detected-Cells: 21836
[37m2024-08-11 21:19:14,833 [INFO] - Training epoch stats:     Loss: 0.1090 - F1-Score: 0.9689 - Accuracy-Score: 0.9601 - AUROC: 0.9913 - AP: 0.9944
[37m2024-08-11 21:19:15,158 [INFO] - Validation epoch stats:   Loss: 0.6014 - F1-Score: 0.8395 - Accuracy-Score: 0.8040 - AUROC: 0.8813 - AP: 0.9090
[37m2024-08-11 21:19:15,228 [INFO] - Epoch: 15/50
[37m2024-08-11 21:19:15,233 [INFO] - Extracting training cells
[37m2024-08-11 21:21:15,532 [INFO] - Extraction detection metrics - F1: 0.620, Precision: 0.602, Recall: 0.703, Detected-Cells: 22158
[37m2024-08-11 21:21:16,234 [INFO] - Training epoch stats:     Loss: 0.0950 - F1-Score: 0.9735 - Accuracy-Score: 0.9662 - AUROC: 0.9940 - AP: 0.9965
[37m2024-08-11 21:21:16,658 [INFO] - Validation epoch stats:   Loss: 0.5815 - F1-Score: 0.8544 - Accuracy-Score: 0.8188 - AUROC: 0.8872 - AP: 0.9149
[37m2024-08-11 21:21:16,732 [INFO] - Epoch: 16/50
[37m2024-08-11 21:21:16,737 [INFO] - Extracting training cells
[37m2024-08-11 21:23:14,054 [INFO] - Extraction detection metrics - F1: 0.607, Precision: 0.596, Recall: 0.682, Detected-Cells: 21342
[37m2024-08-11 21:23:14,761 [INFO] - Training epoch stats:     Loss: 0.0962 - F1-Score: 0.9730 - Accuracy-Score: 0.9653 - AUROC: 0.9933 - AP: 0.9958
[37m2024-08-11 21:23:15,102 [INFO] - Validation epoch stats:   Loss: 0.6042 - F1-Score: 0.8496 - Accuracy-Score: 0.8155 - AUROC: 0.8897 - AP: 0.9180
[37m2024-08-11 21:23:15,171 [INFO] - Epoch: 17/50
[37m2024-08-11 21:23:15,176 [INFO] - Extracting training cells
[37m2024-08-11 21:25:12,904 [INFO] - Extraction detection metrics - F1: 0.619, Precision: 0.597, Recall: 0.705, Detected-Cells: 22145
[37m2024-08-11 21:25:13,660 [INFO] - Training epoch stats:     Loss: 0.0886 - F1-Score: 0.9750 - Accuracy-Score: 0.9678 - AUROC: 0.9946 - AP: 0.9967
[37m2024-08-11 21:25:13,994 [INFO] - Validation epoch stats:   Loss: 0.5786 - F1-Score: 0.8598 - Accuracy-Score: 0.8244 - AUROC: 0.8895 - AP: 0.9147
[37m2024-08-11 21:25:14,068 [INFO] - Epoch: 18/50
[37m2024-08-11 21:25:14,073 [INFO] - Extracting training cells
[37m2024-08-11 21:27:11,351 [INFO] - Extraction detection metrics - F1: 0.618, Precision: 0.595, Recall: 0.700, Detected-Cells: 22095
[37m2024-08-11 21:27:12,045 [INFO] - Training epoch stats:     Loss: 0.0871 - F1-Score: 0.9766 - Accuracy-Score: 0.9701 - AUROC: 0.9947 - AP: 0.9968
[37m2024-08-11 21:27:12,375 [INFO] - Validation epoch stats:   Loss: 0.6052 - F1-Score: 0.8502 - Accuracy-Score: 0.8144 - AUROC: 0.8848 - AP: 0.9140
[37m2024-08-11 21:27:12,443 [INFO] - Epoch: 19/50
[37m2024-08-11 21:27:12,448 [INFO] - Extracting training cells
[37m2024-08-11 21:29:08,452 [INFO] - Extraction detection metrics - F1: 0.610, Precision: 0.593, Recall: 0.689, Detected-Cells: 21194
[37m2024-08-11 21:29:09,120 [INFO] - Training epoch stats:     Loss: 0.1115 - F1-Score: 0.9696 - Accuracy-Score: 0.9611 - AUROC: 0.9907 - AP: 0.9936
[37m2024-08-11 21:29:09,442 [INFO] - Validation epoch stats:   Loss: 0.5977 - F1-Score: 0.8456 - Accuracy-Score: 0.8118 - AUROC: 0.8871 - AP: 0.9139
[37m2024-08-11 21:29:09,510 [INFO] - Epoch: 20/50
[37m2024-08-11 21:29:09,516 [INFO] - Extracting training cells
[37m2024-08-11 21:31:06,629 [INFO] - Extraction detection metrics - F1: 0.622, Precision: 0.607, Recall: 0.701, Detected-Cells: 21992
[37m2024-08-11 21:31:07,358 [INFO] - Training epoch stats:     Loss: 0.0881 - F1-Score: 0.9748 - Accuracy-Score: 0.9679 - AUROC: 0.9946 - AP: 0.9966
[37m2024-08-11 21:31:07,685 [INFO] - Validation epoch stats:   Loss: 0.5925 - F1-Score: 0.8599 - Accuracy-Score: 0.8249 - AUROC: 0.8907 - AP: 0.9166
[37m2024-08-11 21:31:07,744 [INFO] - Epoch: 21/50
[37m2024-08-11 21:31:07,750 [INFO] - Extracting training cells
[37m2024-08-11 21:33:04,335 [INFO] - Extraction detection metrics - F1: 0.616, Precision: 0.604, Recall: 0.691, Detected-Cells: 21837
[37m2024-08-11 21:33:05,342 [INFO] - Training epoch stats:     Loss: 0.0877 - F1-Score: 0.9761 - Accuracy-Score: 0.9691 - AUROC: 0.9946 - AP: 0.9968
[37m2024-08-11 21:33:05,729 [INFO] - Validation epoch stats:   Loss: 0.6245 - F1-Score: 0.8524 - Accuracy-Score: 0.8180 - AUROC: 0.8867 - AP: 0.9135
[37m2024-08-11 21:33:05,734 [INFO] - Performing early stopping!
[37m2024-08-11 21:33:05,741 [INFO] - Finished run m6v7ac3w
