[37m2024-06-28 09:16:40,175 [INFO] - Instantiated Logger. WandB init and config update finished.
[37m2024-06-28 09:16:40,176 [INFO] - Run ist stored here: /cellvit/logs_paper/Head-Evaluation/CoNSeP/SAM-H/Amount-DA/2024-06-28T091631_Amount-14-Seed-3
[37m2024-06-28 09:16:40,239 [INFO] - Cuda devices: [<torch.cuda.device object at 0x7fa7fb1688b0>]
[37m2024-06-28 09:16:40,240 [INFO] - Using GPU: cuda:0
[37m2024-06-28 09:16:40,245 [INFO] - Using device: cuda:0
[37m2024-06-28 09:16:40,250 [INFO] - Loss function:
[37m2024-06-28 09:16:40,254 [INFO] - CrossEntropyLoss()
[37m2024-06-28 09:16:58,058 [INFO] - <All keys matched successfully>
[37m2024-06-28 09:16:59,115 [INFO] -
==========================================================================================
Layer (type:depth-idx)                   Output Shape              Param #
==========================================================================================
LinearClassifier                         [1, 4]                    --
├─Linear: 1-1                            [1, 128]                  163,968
├─ReLU: 1-2                              [1, 128]                  --
├─Dropout: 1-3                           [1, 128]                  --
├─Linear: 1-4                            [1, 4]                    516
==========================================================================================
Total params: 164,484
Trainable params: 164,484
Non-trainable params: 0
Total mult-adds (M): 0.16
==========================================================================================
Input size (MB): 0.01
Forward/backward pass size (MB): 0.00
Params size (MB): 0.66
Estimated Total Size (MB): 0.66
==========================================================================================
[37m2024-06-28 09:16:59,117 [INFO] - Loaded AdamW Optimizer with following hyperparameters:
[37m2024-06-28 09:16:59,121 [INFO] - {'betas': [0.85, 0.9], 'lr': 0.0005, 'weight_decay': 0.0005}
[37m2024-06-28 09:16:59,126 [INFO] - Using early stopping with a range of 20 and maximize strategy
[37m2024-06-28 09:16:59,139 [INFO] - Caching datasets
[37m2024-06-28 09:17:00,314 [INFO] - Instantiate Trainer
[37m2024-06-28 09:17:00,319 [INFO] - Calling Trainer Fit
[37m2024-06-28 09:17:00,322 [INFO] - Starting training, total number of epochs: 50
[37m2024-06-28 09:17:00,327 [INFO] - Epoch: 1/50
[37m2024-06-28 09:17:00,333 [INFO] - Extracting training cells
[37m2024-06-28 09:17:15,189 [INFO] - Extraction detection metrics - F1: 0.763, Precision: 0.836, Recall: 0.717, Detected-Cells: 4628
[37m2024-06-28 09:17:15,438 [INFO] - Training epoch stats:     Loss: 0.5747 - F1-Score: 0.8103 - Accuracy-Score: 0.8103 - AUROC: 0.8937 - AP: 0.6691
[37m2024-06-28 09:17:16,665 [INFO] - Loaded dataset from cache: /Consep/cache/1f728da27af6daed7b166ce5447f5dec18916e3679cb7b74ddaefb4a67df10d2.h5
[37m2024-06-28 09:17:16,766 [INFO] - Validation epoch stats:   Loss: 0.3972 - F1-Score: 0.8601 - Accuracy-Score: 0.8601 - AUROC: 0.9544 - AP: 0.8334
[37m2024-06-28 09:17:16,766 [INFO] - New best model - save checkpoint
[37m2024-06-28 09:17:16,925 [INFO] - Epoch: 2/50
[37m2024-06-28 09:17:16,926 [INFO] - Extracting training cells
[37m2024-06-28 09:17:27,580 [INFO] - Extraction detection metrics - F1: 0.758, Precision: 0.861, Recall: 0.700, Detected-Cells: 5463
[37m2024-06-28 09:17:27,811 [INFO] - Training epoch stats:     Loss: 0.2957 - F1-Score: 0.8911 - Accuracy-Score: 0.8911 - AUROC: 0.9662 - AP: 0.8604
[37m2024-06-28 09:17:28,167 [INFO] - Validation epoch stats:   Loss: 0.3535 - F1-Score: 0.8683 - Accuracy-Score: 0.8683 - AUROC: 0.9619 - AP: 0.8498
[37m2024-06-28 09:17:28,168 [INFO] - New best model - save checkpoint
[37m2024-06-28 09:17:28,333 [INFO] - Epoch: 3/50
[37m2024-06-28 09:17:28,333 [INFO] - Extracting training cells
[37m2024-06-28 09:17:37,637 [INFO] - Extraction detection metrics - F1: 0.778, Precision: 0.854, Recall: 0.735, Detected-Cells: 5242
[37m2024-06-28 09:17:37,837 [INFO] - Training epoch stats:     Loss: 0.2584 - F1-Score: 0.9042 - Accuracy-Score: 0.9042 - AUROC: 0.9744 - AP: 0.8772
[37m2024-06-28 09:17:37,970 [INFO] - Validation epoch stats:   Loss: 0.3361 - F1-Score: 0.8709 - Accuracy-Score: 0.8709 - AUROC: 0.9652 - AP: 0.8587
[37m2024-06-28 09:17:37,971 [INFO] - New best model - save checkpoint
[37m2024-06-28 09:17:38,125 [INFO] - Epoch: 4/50
[37m2024-06-28 09:17:38,126 [INFO] - Extracting training cells
[37m2024-06-28 09:17:48,817 [INFO] - Extraction detection metrics - F1: 0.747, Precision: 0.833, Recall: 0.689, Detected-Cells: 5022
[37m2024-06-28 09:17:48,998 [INFO] - Training epoch stats:     Loss: 0.3936 - F1-Score: 0.8582 - Accuracy-Score: 0.8582 - AUROC: 0.9577 - AP: 0.8609
[37m2024-06-28 09:17:49,148 [INFO] - Validation epoch stats:   Loss: 0.3548 - F1-Score: 0.8726 - Accuracy-Score: 0.8726 - AUROC: 0.9641 - AP: 0.8583
[37m2024-06-28 09:17:49,212 [INFO] - Epoch: 5/50
[37m2024-06-28 09:17:49,213 [INFO] - Extracting training cells
[37m2024-06-28 09:17:59,131 [INFO] - Extraction detection metrics - F1: 0.759, Precision: 0.834, Recall: 0.716, Detected-Cells: 5542
[37m2024-06-28 09:17:59,350 [INFO] - Training epoch stats:     Loss: 0.2418 - F1-Score: 0.9107 - Accuracy-Score: 0.9107 - AUROC: 0.9791 - AP: 0.9074
[37m2024-06-28 09:17:59,483 [INFO] - Validation epoch stats:   Loss: 0.3395 - F1-Score: 0.8685 - Accuracy-Score: 0.8685 - AUROC: 0.9655 - AP: 0.8594
[37m2024-06-28 09:17:59,484 [INFO] - New best model - save checkpoint
[37m2024-06-28 09:17:59,650 [INFO] - Epoch: 6/50
[37m2024-06-28 09:17:59,651 [INFO] - Extracting training cells
[37m2024-06-28 09:18:09,264 [INFO] - Extraction detection metrics - F1: 0.776, Precision: 0.854, Recall: 0.726, Detected-Cells: 5492
[37m2024-06-28 09:18:09,462 [INFO] - Training epoch stats:     Loss: 0.2121 - F1-Score: 0.9219 - Accuracy-Score: 0.9219 - AUROC: 0.9836 - AP: 0.9246
[37m2024-06-28 09:18:09,596 [INFO] - Validation epoch stats:   Loss: 0.3238 - F1-Score: 0.8728 - Accuracy-Score: 0.8728 - AUROC: 0.9713 - AP: 0.8700
[37m2024-06-28 09:18:09,597 [INFO] - New best model - save checkpoint
[37m2024-06-28 09:18:09,780 [INFO] - Epoch: 7/50
[37m2024-06-28 09:18:09,780 [INFO] - Extracting training cells
[37m2024-06-28 09:18:19,458 [INFO] - Extraction detection metrics - F1: 0.772, Precision: 0.847, Recall: 0.727, Detected-Cells: 5233
[37m2024-06-28 09:18:19,650 [INFO] - Training epoch stats:     Loss: 0.2395 - F1-Score: 0.9182 - Accuracy-Score: 0.9182 - AUROC: 0.9835 - AP: 0.9361
[37m2024-06-28 09:18:19,789 [INFO] - Validation epoch stats:   Loss: 0.3100 - F1-Score: 0.8802 - Accuracy-Score: 0.8802 - AUROC: 0.9730 - AP: 0.8763
[37m2024-06-28 09:18:19,790 [INFO] - New best model - save checkpoint
[37m2024-06-28 09:18:19,949 [INFO] - Epoch: 8/50
[37m2024-06-28 09:18:19,950 [INFO] - Extracting training cells
[37m2024-06-28 09:18:29,516 [INFO] - Extraction detection metrics - F1: 0.772, Precision: 0.851, Recall: 0.720, Detected-Cells: 5393
[37m2024-06-28 09:18:29,732 [INFO] - Training epoch stats:     Loss: 0.1831 - F1-Score: 0.9273 - Accuracy-Score: 0.9273 - AUROC: 0.9876 - AP: 0.9453
[37m2024-06-28 09:18:29,887 [INFO] - Validation epoch stats:   Loss: 0.3260 - F1-Score: 0.8778 - Accuracy-Score: 0.8778 - AUROC: 0.9695 - AP: 0.8647
[37m2024-06-28 09:18:29,951 [INFO] - Epoch: 9/50
[37m2024-06-28 09:18:29,952 [INFO] - Extracting training cells
[37m2024-06-28 09:18:40,003 [INFO] - Extraction detection metrics - F1: 0.749, Precision: 0.837, Recall: 0.700, Detected-Cells: 4730
[37m2024-06-28 09:18:40,168 [INFO] - Training epoch stats:     Loss: 0.3332 - F1-Score: 0.8799 - Accuracy-Score: 0.8799 - AUROC: 0.9708 - AP: 0.8970
[37m2024-06-28 09:18:40,307 [INFO] - Validation epoch stats:   Loss: 0.3273 - F1-Score: 0.8742 - Accuracy-Score: 0.8742 - AUROC: 0.9665 - AP: 0.8523
[37m2024-06-28 09:18:40,412 [INFO] - Epoch: 10/50
[37m2024-06-28 09:18:40,412 [INFO] - Extracting training cells
[37m2024-06-28 09:18:49,723 [INFO] - Extraction detection metrics - F1: 0.754, Precision: 0.836, Recall: 0.708, Detected-Cells: 5022
[37m2024-06-28 09:18:49,889 [INFO] - Training epoch stats:     Loss: 0.3532 - F1-Score: 0.8775 - Accuracy-Score: 0.8775 - AUROC: 0.9678 - AP: 0.9005
[37m2024-06-28 09:18:50,015 [INFO] - Validation epoch stats:   Loss: 0.3291 - F1-Score: 0.8696 - Accuracy-Score: 0.8696 - AUROC: 0.9676 - AP: 0.8605
[37m2024-06-28 09:18:50,076 [INFO] - Epoch: 11/50
[37m2024-06-28 09:18:50,077 [INFO] - Extracting training cells
[37m2024-06-28 09:19:00,060 [INFO] - Extraction detection metrics - F1: 0.790, Precision: 0.856, Recall: 0.744, Detected-Cells: 5480
[37m2024-06-28 09:19:00,247 [INFO] - Training epoch stats:     Loss: 0.2055 - F1-Score: 0.9263 - Accuracy-Score: 0.9263 - AUROC: 0.9849 - AP: 0.9395
[37m2024-06-28 09:19:00,356 [INFO] - Validation epoch stats:   Loss: 0.3220 - F1-Score: 0.8733 - Accuracy-Score: 0.8733 - AUROC: 0.9700 - AP: 0.8652
[37m2024-06-28 09:19:00,415 [INFO] - Epoch: 12/50
[37m2024-06-28 09:19:00,416 [INFO] - Extracting training cells
[37m2024-06-28 09:19:11,236 [INFO] - Extraction detection metrics - F1: 0.748, Precision: 0.835, Recall: 0.692, Detected-Cells: 5328
[37m2024-06-28 09:19:11,447 [INFO] - Training epoch stats:     Loss: 0.1888 - F1-Score: 0.9276 - Accuracy-Score: 0.9276 - AUROC: 0.9892 - AP: 0.9531
[37m2024-06-28 09:19:11,553 [INFO] - Validation epoch stats:   Loss: 0.3143 - F1-Score: 0.8797 - Accuracy-Score: 0.8797 - AUROC: 0.9705 - AP: 0.8715
[37m2024-06-28 09:19:11,614 [INFO] - Epoch: 13/50
[37m2024-06-28 09:19:11,614 [INFO] - Extracting training cells
[37m2024-06-28 09:19:21,894 [INFO] - Extraction detection metrics - F1: 0.766, Precision: 0.844, Recall: 0.715, Detected-Cells: 5438
[37m2024-06-28 09:19:22,102 [INFO] - Training epoch stats:     Loss: 0.1505 - F1-Score: 0.9408 - Accuracy-Score: 0.9408 - AUROC: 0.9927 - AP: 0.9611
[37m2024-06-28 09:19:22,217 [INFO] - Validation epoch stats:   Loss: 0.3094 - F1-Score: 0.8800 - Accuracy-Score: 0.8800 - AUROC: 0.9734 - AP: 0.8773
[37m2024-06-28 09:19:22,218 [INFO] - New best model - save checkpoint
[37m2024-06-28 09:19:22,388 [INFO] - Epoch: 14/50
[37m2024-06-28 09:19:22,388 [INFO] - Extracting training cells
[37m2024-06-28 09:19:31,897 [INFO] - Extraction detection metrics - F1: 0.772, Precision: 0.841, Recall: 0.730, Detected-Cells: 5392
[37m2024-06-28 09:19:32,122 [INFO] - Training epoch stats:     Loss: 0.1441 - F1-Score: 0.9425 - Accuracy-Score: 0.9425 - AUROC: 0.9911 - AP: 0.9617
[37m2024-06-28 09:19:32,237 [INFO] - Validation epoch stats:   Loss: 0.3295 - F1-Score: 0.8687 - Accuracy-Score: 0.8687 - AUROC: 0.9734 - AP: 0.8765
[37m2024-06-28 09:19:32,238 [INFO] - New best model - save checkpoint
[37m2024-06-28 09:19:32,422 [INFO] - Epoch: 15/50
[37m2024-06-28 09:19:32,423 [INFO] - Extracting training cells
[37m2024-06-28 09:19:42,663 [INFO] - Extraction detection metrics - F1: 0.764, Precision: 0.857, Recall: 0.708, Detected-Cells: 5495
[37m2024-06-28 09:19:42,871 [INFO] - Training epoch stats:     Loss: 0.1530 - F1-Score: 0.9414 - Accuracy-Score: 0.9414 - AUROC: 0.9922 - AP: 0.9647
[37m2024-06-28 09:19:42,977 [INFO] - Validation epoch stats:   Loss: 0.3135 - F1-Score: 0.8836 - Accuracy-Score: 0.8836 - AUROC: 0.9730 - AP: 0.8730
[37m2024-06-28 09:19:43,032 [INFO] - Epoch: 16/50
[37m2024-06-28 09:19:43,033 [INFO] - Extracting training cells
[37m2024-06-28 09:19:52,491 [INFO] - Extraction detection metrics - F1: 0.758, Precision: 0.837, Recall: 0.710, Detected-Cells: 5413
[37m2024-06-28 09:19:52,694 [INFO] - Training epoch stats:     Loss: 0.1669 - F1-Score: 0.9385 - Accuracy-Score: 0.9385 - AUROC: 0.9893 - AP: 0.9518
[37m2024-06-28 09:19:52,827 [INFO] - Validation epoch stats:   Loss: 0.3194 - F1-Score: 0.8795 - Accuracy-Score: 0.8795 - AUROC: 0.9703 - AP: 0.8688
[37m2024-06-28 09:19:52,885 [INFO] - Epoch: 17/50
[37m2024-06-28 09:19:52,885 [INFO] - Extracting training cells
[37m2024-06-28 09:20:03,158 [INFO] - Extraction detection metrics - F1: 0.763, Precision: 0.858, Recall: 0.705, Detected-Cells: 5238
[37m2024-06-28 09:20:03,355 [INFO] - Training epoch stats:     Loss: 0.2978 - F1-Score: 0.8967 - Accuracy-Score: 0.8967 - AUROC: 0.9771 - AP: 0.9254
[37m2024-06-28 09:20:03,488 [INFO] - Validation epoch stats:   Loss: 0.3279 - F1-Score: 0.8757 - Accuracy-Score: 0.8757 - AUROC: 0.9648 - AP: 0.8605
[37m2024-06-28 09:20:03,548 [INFO] - Epoch: 18/50
[37m2024-06-28 09:20:03,549 [INFO] - Extracting training cells
[37m2024-06-28 09:20:13,005 [INFO] - Extraction detection metrics - F1: 0.777, Precision: 0.843, Recall: 0.738, Detected-Cells: 5330
[37m2024-06-28 09:20:13,199 [INFO] - Training epoch stats:     Loss: 0.1776 - F1-Score: 0.9270 - Accuracy-Score: 0.9270 - AUROC: 0.9907 - AP: 0.9588
[37m2024-06-28 09:20:13,306 [INFO] - Validation epoch stats:   Loss: 0.3387 - F1-Score: 0.8742 - Accuracy-Score: 0.8742 - AUROC: 0.9664 - AP: 0.8639
[37m2024-06-28 09:20:13,365 [INFO] - Epoch: 19/50
[37m2024-06-28 09:20:13,365 [INFO] - Extracting training cells
[37m2024-06-28 09:20:23,015 [INFO] - Extraction detection metrics - F1: 0.774, Precision: 0.847, Recall: 0.725, Detected-Cells: 5460
[37m2024-06-28 09:20:23,202 [INFO] - Training epoch stats:     Loss: 0.1632 - F1-Score: 0.9408 - Accuracy-Score: 0.9408 - AUROC: 0.9912 - AP: 0.9628
[37m2024-06-28 09:20:23,313 [INFO] - Validation epoch stats:   Loss: 0.3443 - F1-Score: 0.8720 - Accuracy-Score: 0.8720 - AUROC: 0.9687 - AP: 0.8647
[37m2024-06-28 09:20:23,363 [INFO] - Epoch: 20/50
[37m2024-06-28 09:20:23,364 [INFO] - Extracting training cells
[37m2024-06-28 09:20:33,516 [INFO] - Extraction detection metrics - F1: 0.774, Precision: 0.852, Recall: 0.726, Detected-Cells: 5496
[37m2024-06-28 09:20:33,725 [INFO] - Training epoch stats:     Loss: 0.1464 - F1-Score: 0.9440 - Accuracy-Score: 0.9440 - AUROC: 0.9929 - AP: 0.9670
[37m2024-06-28 09:20:33,854 [INFO] - Validation epoch stats:   Loss: 0.3444 - F1-Score: 0.8708 - Accuracy-Score: 0.8708 - AUROC: 0.9675 - AP: 0.8638
[37m2024-06-28 09:20:33,917 [INFO] - Epoch: 21/50
[37m2024-06-28 09:20:33,917 [INFO] - Extracting training cells
[37m2024-06-28 09:20:43,493 [INFO] - Extraction detection metrics - F1: 0.752, Precision: 0.830, Recall: 0.706, Detected-Cells: 4926
[37m2024-06-28 09:20:43,660 [INFO] - Training epoch stats:     Loss: 0.2751 - F1-Score: 0.9044 - Accuracy-Score: 0.9044 - AUROC: 0.9801 - AP: 0.9338
[37m2024-06-28 09:20:43,769 [INFO] - Validation epoch stats:   Loss: 0.3221 - F1-Score: 0.8742 - Accuracy-Score: 0.8742 - AUROC: 0.9667 - AP: 0.8583
[37m2024-06-28 09:20:43,826 [INFO] - Epoch: 22/50
[37m2024-06-28 09:20:43,827 [INFO] - Extracting training cells
[37m2024-06-28 09:20:53,398 [INFO] - Extraction detection metrics - F1: 0.747, Precision: 0.838, Recall: 0.692, Detected-Cells: 4943
[37m2024-06-28 09:20:53,568 [INFO] - Training epoch stats:     Loss: 0.2263 - F1-Score: 0.9120 - Accuracy-Score: 0.9120 - AUROC: 0.9816 - AP: 0.9383
[37m2024-06-28 09:20:53,676 [INFO] - Validation epoch stats:   Loss: 0.3454 - F1-Score: 0.8670 - Accuracy-Score: 0.8670 - AUROC: 0.9658 - AP: 0.8569
[37m2024-06-28 09:20:53,737 [INFO] - Epoch: 23/50
[37m2024-06-28 09:20:53,738 [INFO] - Extracting training cells
[37m2024-06-28 09:21:03,076 [INFO] - Extraction detection metrics - F1: 0.786, Precision: 0.857, Recall: 0.742, Detected-Cells: 5590
[37m2024-06-28 09:21:03,244 [INFO] - Training epoch stats:     Loss: 0.1234 - F1-Score: 0.9530 - Accuracy-Score: 0.9530 - AUROC: 0.9949 - AP: 0.9750
[37m2024-06-28 09:21:03,351 [INFO] - Validation epoch stats:   Loss: 0.3406 - F1-Score: 0.8754 - Accuracy-Score: 0.8754 - AUROC: 0.9693 - AP: 0.8655
[37m2024-06-28 09:21:03,402 [INFO] - Epoch: 24/50
[37m2024-06-28 09:21:03,402 [INFO] - Extracting training cells
[37m2024-06-28 09:21:14,377 [INFO] - Extraction detection metrics - F1: 0.775, Precision: 0.844, Recall: 0.733, Detected-Cells: 5583
[37m2024-06-28 09:21:14,590 [INFO] - Training epoch stats:     Loss: 0.1213 - F1-Score: 0.9554 - Accuracy-Score: 0.9554 - AUROC: 0.9952 - AP: 0.9790
[37m2024-06-28 09:21:14,701 [INFO] - Validation epoch stats:   Loss: 0.3414 - F1-Score: 0.8786 - Accuracy-Score: 0.8786 - AUROC: 0.9678 - AP: 0.8629
[37m2024-06-28 09:21:14,764 [INFO] - Epoch: 25/50
[37m2024-06-28 09:21:14,764 [INFO] - Extracting training cells
[37m2024-06-28 09:21:24,791 [INFO] - Extraction detection metrics - F1: 0.753, Precision: 0.848, Recall: 0.698, Detected-Cells: 5066
[37m2024-06-28 09:21:24,956 [INFO] - Training epoch stats:     Loss: 0.2068 - F1-Score: 0.9351 - Accuracy-Score: 0.9351 - AUROC: 0.9855 - AP: 0.9162
[37m2024-06-28 09:21:25,067 [INFO] - Validation epoch stats:   Loss: 0.3304 - F1-Score: 0.8793 - Accuracy-Score: 0.8793 - AUROC: 0.9676 - AP: 0.8438
[37m2024-06-28 09:21:25,132 [INFO] - Epoch: 26/50
[37m2024-06-28 09:21:25,133 [INFO] - Extracting training cells
[37m2024-06-28 09:21:35,136 [INFO] - Extraction detection metrics - F1: 0.760, Precision: 0.830, Recall: 0.715, Detected-Cells: 5396
[37m2024-06-28 09:21:35,351 [INFO] - Training epoch stats:     Loss: 0.1274 - F1-Score: 0.9513 - Accuracy-Score: 0.9513 - AUROC: 0.9948 - AP: 0.9760
[37m2024-06-28 09:21:35,486 [INFO] - Validation epoch stats:   Loss: 0.3261 - F1-Score: 0.8783 - Accuracy-Score: 0.8783 - AUROC: 0.9677 - AP: 0.8460
[37m2024-06-28 09:21:35,549 [INFO] - Epoch: 27/50
[37m2024-06-28 09:21:35,549 [INFO] - Extracting training cells
[37m2024-06-28 09:21:45,100 [INFO] - Extraction detection metrics - F1: 0.771, Precision: 0.841, Recall: 0.720, Detected-Cells: 5389
[37m2024-06-28 09:21:45,311 [INFO] - Training epoch stats:     Loss: 0.1556 - F1-Score: 0.9464 - Accuracy-Score: 0.9464 - AUROC: 0.9937 - AP: 0.9742
[37m2024-06-28 09:21:45,448 [INFO] - Validation epoch stats:   Loss: 0.3227 - F1-Score: 0.8797 - Accuracy-Score: 0.8797 - AUROC: 0.9680 - AP: 0.8495
[37m2024-06-28 09:21:45,514 [INFO] - Epoch: 28/50
[37m2024-06-28 09:21:45,515 [INFO] - Extracting training cells
[37m2024-06-28 09:21:55,072 [INFO] - Extraction detection metrics - F1: 0.784, Precision: 0.847, Recall: 0.742, Detected-Cells: 5531
[37m2024-06-28 09:21:55,261 [INFO] - Training epoch stats:     Loss: 0.2630 - F1-Score: 0.9349 - Accuracy-Score: 0.9349 - AUROC: 0.9741 - AP: 0.9035
[37m2024-06-28 09:21:55,391 [INFO] - Validation epoch stats:   Loss: 0.3354 - F1-Score: 0.8764 - Accuracy-Score: 0.8764 - AUROC: 0.9610 - AP: 0.7905
[37m2024-06-28 09:21:55,455 [INFO] - Epoch: 29/50
[37m2024-06-28 09:21:55,456 [INFO] - Extracting training cells
[37m2024-06-28 09:22:05,690 [INFO] - Extraction detection metrics - F1: 0.763, Precision: 0.842, Recall: 0.715, Detected-Cells: 5366
[37m2024-06-28 09:22:05,910 [INFO] - Training epoch stats:     Loss: 0.1578 - F1-Score: 0.9417 - Accuracy-Score: 0.9417 - AUROC: 0.9918 - AP: 0.9665
[37m2024-06-28 09:22:06,108 [INFO] - Validation epoch stats:   Loss: 0.3279 - F1-Score: 0.8762 - Accuracy-Score: 0.8762 - AUROC: 0.9659 - AP: 0.8172
[37m2024-06-28 09:22:06,172 [INFO] - Epoch: 30/50
[37m2024-06-28 09:22:06,173 [INFO] - Extracting training cells
[37m2024-06-28 09:22:15,730 [INFO] - Extraction detection metrics - F1: 0.760, Precision: 0.824, Recall: 0.719, Detected-Cells: 4807
[37m2024-06-28 09:22:16,057 [INFO] - Training epoch stats:     Loss: 0.1732 - F1-Score: 0.9324 - Accuracy-Score: 0.9324 - AUROC: 0.9909 - AP: 0.9659
[37m2024-06-28 09:22:16,162 [INFO] - Validation epoch stats:   Loss: 0.3228 - F1-Score: 0.8790 - Accuracy-Score: 0.8790 - AUROC: 0.9680 - AP: 0.8499
[37m2024-06-28 09:22:16,219 [INFO] - Epoch: 31/50
[37m2024-06-28 09:22:16,219 [INFO] - Extracting training cells
[37m2024-06-28 09:22:27,440 [INFO] - Extraction detection metrics - F1: 0.768, Precision: 0.830, Recall: 0.724, Detected-Cells: 5463
[37m2024-06-28 09:22:27,654 [INFO] - Training epoch stats:     Loss: 0.1188 - F1-Score: 0.9566 - Accuracy-Score: 0.9566 - AUROC: 0.9951 - AP: 0.9656
[37m2024-06-28 09:22:27,790 [INFO] - Validation epoch stats:   Loss: 0.3269 - F1-Score: 0.8805 - Accuracy-Score: 0.8805 - AUROC: 0.9680 - AP: 0.8590
[37m2024-06-28 09:22:27,855 [INFO] - Epoch: 32/50
[37m2024-06-28 09:22:27,856 [INFO] - Extracting training cells
[37m2024-06-28 09:22:37,404 [INFO] - Extraction detection metrics - F1: 0.779, Precision: 0.835, Recall: 0.745, Detected-Cells: 5120
[37m2024-06-28 09:22:37,592 [INFO] - Training epoch stats:     Loss: 0.2521 - F1-Score: 0.9225 - Accuracy-Score: 0.9225 - AUROC: 0.9841 - AP: 0.9445
[37m2024-06-28 09:22:37,727 [INFO] - Validation epoch stats:   Loss: 0.3294 - F1-Score: 0.8785 - Accuracy-Score: 0.8785 - AUROC: 0.9673 - AP: 0.8648
[37m2024-06-28 09:22:37,784 [INFO] - Epoch: 33/50
[37m2024-06-28 09:22:37,785 [INFO] - Extracting training cells
[37m2024-06-28 09:22:47,915 [INFO] - Extraction detection metrics - F1: 0.763, Precision: 0.828, Recall: 0.724, Detected-Cells: 4768
[37m2024-06-28 09:22:48,076 [INFO] - Training epoch stats:     Loss: 0.2156 - F1-Score: 0.9075 - Accuracy-Score: 0.9075 - AUROC: 0.9882 - AP: 0.9651
[37m2024-06-28 09:22:48,204 [INFO] - Validation epoch stats:   Loss: 0.3255 - F1-Score: 0.8804 - Accuracy-Score: 0.8804 - AUROC: 0.9668 - AP: 0.8658
[37m2024-06-28 09:22:48,271 [INFO] - Epoch: 34/50
[37m2024-06-28 09:22:48,272 [INFO] - Extracting training cells
[37m2024-06-28 09:22:57,915 [INFO] - Extraction detection metrics - F1: 0.765, Precision: 0.829, Recall: 0.724, Detected-Cells: 4902
[37m2024-06-28 09:22:58,112 [INFO] - Training epoch stats:     Loss: 0.3727 - F1-Score: 0.8827 - Accuracy-Score: 0.8827 - AUROC: 0.9692 - AP: 0.9227
[37m2024-06-28 09:22:58,247 [INFO] - Validation epoch stats:   Loss: 0.3320 - F1-Score: 0.8762 - Accuracy-Score: 0.8762 - AUROC: 0.9645 - AP: 0.8627
[37m2024-06-28 09:22:58,248 [INFO] - Performing early stopping!
[37m2024-06-28 09:22:58,253 [INFO] - Finished run b0fxzf33
