[37m2024-06-25 15:21:02,879 [INFO] - Instantiated Logger. WandB init and config update finished.
[37m2024-06-25 15:21:02,880 [INFO] - Run ist stored here: /cellvit/logs_paper/Head-Evaluation/ocelot/SAM-H/Amount/No-Aug/100/2024-06-25T152054_CellViT-SAM-H-100Percent
[37m2024-06-25 15:21:02,943 [INFO] - Cuda devices: [<torch.cuda.device object at 0x7fbbde58c580>]
[37m2024-06-25 15:21:02,944 [INFO] - Using GPU: cuda:0
[37m2024-06-25 15:21:02,949 [INFO] - Using device: cuda:0
[37m2024-06-25 15:21:02,954 [INFO] - Loss function:
[37m2024-06-25 15:21:02,959 [INFO] - CrossEntropyLoss()
[37m2024-06-25 15:21:32,286 [INFO] - <All keys matched successfully>
[37m2024-06-25 15:21:34,133 [INFO] -
==========================================================================================
Layer (type:depth-idx)                   Output Shape              Param #
==========================================================================================
LinearClassifier                         [1, 2]                    --
├─Linear: 1-1                            [1, 256]                  327,936
├─ReLU: 1-2                              [1, 256]                  --
├─Dropout: 1-3                           [1, 256]                  --
├─Linear: 1-4                            [1, 2]                    514
==========================================================================================
Total params: 328,450
Trainable params: 328,450
Non-trainable params: 0
Total mult-adds (M): 0.33
==========================================================================================
Input size (MB): 0.01
Forward/backward pass size (MB): 0.00
Params size (MB): 1.31
Estimated Total Size (MB): 1.32
==========================================================================================
[37m2024-06-25 15:21:34,136 [INFO] - Loaded AdamW Optimizer with following hyperparameters:
[37m2024-06-25 15:21:34,141 [INFO] - {'lr': 0.000454128407501709, 'betas': [0.85, 0.9], 'weight_decay': 0.00021428574971482908}
[37m2024-06-25 15:21:34,146 [INFO] - Using early stopping with a range of 10 and maximize strategy
[37m2024-06-25 15:21:34,167 [INFO] - Caching datasets
[37m2024-06-25 15:21:41,089 [INFO] - Instantiate Trainer
[37m2024-06-25 15:21:41,094 [INFO] - Calling Trainer Fit
[37m2024-06-25 15:21:41,096 [INFO] - Dataset is cached after first epoch
[37m2024-06-25 15:21:41,100 [INFO] - Starting training, total number of epochs: 50
[37m2024-06-25 15:21:41,104 [INFO] - Epoch: 1/50
[37m2024-06-25 15:21:51,735 [INFO] - Loaded dataset from cache: /OCELOT-Orig/cache/4a0a8e0efa3443457874c1071c46cb9932ef3b8c97e7cc9314e8acafab991163.h5
[37m2024-06-25 15:21:54,171 [INFO] - Training epoch stats:     Loss: 0.2533 - F1-Score: 0.9146 - Accuracy-Score: 0.8933 - AUROC: 0.9577 - AP: 0.9722
[37m2024-06-25 15:21:58,195 [INFO] - Loaded dataset from cache: /OCELOT-Orig/cache/9ff11b1b2a6bd112bf58be22b2a4e8e5324b0fa345815c6cbebb312c75de3bfd.h5
[37m2024-06-25 15:21:58,534 [INFO] - Validation epoch stats:   Loss: 0.3634 - F1-Score: 0.8926 - Accuracy-Score: 0.8562 - AUROC: 0.9321 - AP: 0.9600
[37m2024-06-25 15:21:58,535 [INFO] - New best model - save checkpoint
[37m2024-06-25 15:21:58,721 [INFO] - Epoch: 2/50
[37m2024-06-25 15:22:00,658 [INFO] - Training epoch stats:     Loss: 0.1470 - F1-Score: 0.9538 - Accuracy-Score: 0.9425 - AUROC: 0.9857 - AP: 0.9907
[37m2024-06-25 15:22:01,226 [INFO] - Validation epoch stats:   Loss: 0.3565 - F1-Score: 0.8963 - Accuracy-Score: 0.8658 - AUROC: 0.9352 - AP: 0.9610
[37m2024-06-25 15:22:01,227 [INFO] - New best model - save checkpoint
[37m2024-06-25 15:22:01,435 [INFO] - Epoch: 3/50
[37m2024-06-25 15:22:03,258 [INFO] - Training epoch stats:     Loss: 0.1066 - F1-Score: 0.9674 - Accuracy-Score: 0.9594 - AUROC: 0.9924 - AP: 0.9951
[37m2024-06-25 15:22:03,626 [INFO] - Validation epoch stats:   Loss: 0.4256 - F1-Score: 0.8808 - Accuracy-Score: 0.8542 - AUROC: 0.9368 - AP: 0.9623
[37m2024-06-25 15:22:03,627 [INFO] - New best model - save checkpoint
[37m2024-06-25 15:22:03,849 [INFO] - Epoch: 4/50
[37m2024-06-25 15:22:05,874 [INFO] - Training epoch stats:     Loss: 0.0793 - F1-Score: 0.9762 - Accuracy-Score: 0.9705 - AUROC: 0.9959 - AP: 0.9974
[37m2024-06-25 15:22:06,330 [INFO] - Validation epoch stats:   Loss: 0.4625 - F1-Score: 0.8785 - Accuracy-Score: 0.8499 - AUROC: 0.9321 - AP: 0.9589
[37m2024-06-25 15:22:06,402 [INFO] - Epoch: 5/50
[37m2024-06-25 15:22:08,459 [INFO] - Training epoch stats:     Loss: 0.0607 - F1-Score: 0.9830 - Accuracy-Score: 0.9789 - AUROC: 0.9976 - AP: 0.9985
[37m2024-06-25 15:22:08,931 [INFO] - Validation epoch stats:   Loss: 0.4797 - F1-Score: 0.8794 - Accuracy-Score: 0.8477 - AUROC: 0.9234 - AP: 0.9505
[37m2024-06-25 15:22:09,027 [INFO] - Epoch: 6/50
[37m2024-06-25 15:22:10,605 [INFO] - Training epoch stats:     Loss: 0.0442 - F1-Score: 0.9882 - Accuracy-Score: 0.9854 - AUROC: 0.9988 - AP: 0.9993
[37m2024-06-25 15:22:11,019 [INFO] - Validation epoch stats:   Loss: 0.5277 - F1-Score: 0.8847 - Accuracy-Score: 0.8516 - AUROC: 0.9242 - AP: 0.9511
[37m2024-06-25 15:22:11,099 [INFO] - Epoch: 7/50
[37m2024-06-25 15:22:13,056 [INFO] - Training epoch stats:     Loss: 0.0331 - F1-Score: 0.9913 - Accuracy-Score: 0.9892 - AUROC: 0.9994 - AP: 0.9996
[37m2024-06-25 15:22:13,362 [INFO] - Validation epoch stats:   Loss: 0.5140 - F1-Score: 0.9011 - Accuracy-Score: 0.8741 - AUROC: 0.9376 - AP: 0.9580
[37m2024-06-25 15:22:13,363 [INFO] - New best model - save checkpoint
[37m2024-06-25 15:22:13,551 [INFO] - Epoch: 8/50
[37m2024-06-25 15:22:15,252 [INFO] - Training epoch stats:     Loss: 0.0249 - F1-Score: 0.9937 - Accuracy-Score: 0.9922 - AUROC: 0.9997 - AP: 0.9998
[37m2024-06-25 15:22:15,577 [INFO] - Validation epoch stats:   Loss: 0.6214 - F1-Score: 0.8819 - Accuracy-Score: 0.8518 - AUROC: 0.9281 - AP: 0.9525
[37m2024-06-25 15:22:15,668 [INFO] - Epoch: 9/50
[37m2024-06-25 15:22:17,569 [INFO] - Training epoch stats:     Loss: 0.0196 - F1-Score: 0.9953 - Accuracy-Score: 0.9942 - AUROC: 0.9998 - AP: 0.9999
[37m2024-06-25 15:22:17,890 [INFO] - Validation epoch stats:   Loss: 0.6994 - F1-Score: 0.8716 - Accuracy-Score: 0.8441 - AUROC: 0.9297 - AP: 0.9542
[37m2024-06-25 15:22:17,969 [INFO] - Epoch: 10/50
[37m2024-06-25 15:22:19,761 [INFO] - Training epoch stats:     Loss: 0.0152 - F1-Score: 0.9966 - Accuracy-Score: 0.9957 - AUROC: 0.9999 - AP: 0.9999
[37m2024-06-25 15:22:20,156 [INFO] - Validation epoch stats:   Loss: 0.6942 - F1-Score: 0.8825 - Accuracy-Score: 0.8504 - AUROC: 0.9215 - AP: 0.9451
[37m2024-06-25 15:22:20,231 [INFO] - Epoch: 11/50
[37m2024-06-25 15:22:21,999 [INFO] - Training epoch stats:     Loss: 0.0116 - F1-Score: 0.9976 - Accuracy-Score: 0.9971 - AUROC: 0.9999 - AP: 1.0000
[37m2024-06-25 15:22:22,364 [INFO] - Validation epoch stats:   Loss: 0.6899 - F1-Score: 0.8848 - Accuracy-Score: 0.8533 - AUROC: 0.9259 - AP: 0.9496
[37m2024-06-25 15:22:22,470 [INFO] - Epoch: 12/50
[37m2024-06-25 15:22:24,017 [INFO] - Training epoch stats:     Loss: 0.0097 - F1-Score: 0.9979 - Accuracy-Score: 0.9974 - AUROC: 1.0000 - AP: 1.0000
[37m2024-06-25 15:22:24,364 [INFO] - Validation epoch stats:   Loss: 0.7140 - F1-Score: 0.8901 - Accuracy-Score: 0.8610 - AUROC: 0.9312 - AP: 0.9522
[37m2024-06-25 15:22:24,446 [INFO] - Epoch: 13/50
[37m2024-06-25 15:22:26,165 [INFO] - Training epoch stats:     Loss: 0.0074 - F1-Score: 0.9986 - Accuracy-Score: 0.9983 - AUROC: 1.0000 - AP: 1.0000
[37m2024-06-25 15:22:26,559 [INFO] - Validation epoch stats:   Loss: 0.7298 - F1-Score: 0.8906 - Accuracy-Score: 0.8619 - AUROC: 0.9314 - AP: 0.9522
[37m2024-06-25 15:22:26,643 [INFO] - Epoch: 14/50
[37m2024-06-25 15:22:28,147 [INFO] - Training epoch stats:     Loss: 0.0065 - F1-Score: 0.9986 - Accuracy-Score: 0.9983 - AUROC: 1.0000 - AP: 1.0000
[37m2024-06-25 15:22:28,450 [INFO] - Validation epoch stats:   Loss: 0.7999 - F1-Score: 0.8848 - Accuracy-Score: 0.8557 - AUROC: 0.9289 - AP: 0.9510
[37m2024-06-25 15:22:28,548 [INFO] - Epoch: 15/50
[37m2024-06-25 15:22:30,260 [INFO] - Training epoch stats:     Loss: 0.0054 - F1-Score: 0.9990 - Accuracy-Score: 0.9987 - AUROC: 1.0000 - AP: 1.0000
[37m2024-06-25 15:22:30,582 [INFO] - Validation epoch stats:   Loss: 0.8078 - F1-Score: 0.8799 - Accuracy-Score: 0.8508 - AUROC: 0.9270 - AP: 0.9498
[37m2024-06-25 15:22:30,689 [INFO] - Epoch: 16/50
[37m2024-06-25 15:22:33,168 [INFO] - Training epoch stats:     Loss: 0.0044 - F1-Score: 0.9991 - Accuracy-Score: 0.9988 - AUROC: 1.0000 - AP: 1.0000
[37m2024-06-25 15:22:33,606 [INFO] - Validation epoch stats:   Loss: 0.8132 - F1-Score: 0.8884 - Accuracy-Score: 0.8595 - AUROC: 0.9275 - AP: 0.9481
[37m2024-06-25 15:22:33,713 [INFO] - Epoch: 17/50
[37m2024-06-25 15:22:35,531 [INFO] - Training epoch stats:     Loss: 0.0035 - F1-Score: 0.9995 - Accuracy-Score: 0.9994 - AUROC: 1.0000 - AP: 1.0000
[37m2024-06-25 15:22:35,914 [INFO] - Validation epoch stats:   Loss: 0.8562 - F1-Score: 0.8890 - Accuracy-Score: 0.8610 - AUROC: 0.9293 - AP: 0.9492
[37m2024-06-25 15:22:35,915 [INFO] - Performing early stopping!
[37m2024-06-25 15:22:35,922 [INFO] - Finished run r5hjcson
