[37m2024-06-25 05:41:41,158 [INFO] - Instantiated Logger. WandB init and config update finished.
[37m2024-06-25 05:41:41,159 [INFO] - Run ist stored here: /cellvit/logs_paper/Head-Evaluation/ocelot/ViT256/Amount/No-Aug/5/2024-06-25T054130_CellViT-256-5Percent
[37m2024-06-25 05:41:41,222 [INFO] - Cuda devices: [<torch.cuda.device object at 0x7f844edac550>]
[37m2024-06-25 05:41:41,223 [INFO] - Using GPU: cuda:0
[37m2024-06-25 05:41:41,228 [INFO] - Using device: cuda:0
[37m2024-06-25 05:41:41,232 [INFO] - Loss function:
[37m2024-06-25 05:41:41,237 [INFO] - CrossEntropyLoss()
[37m2024-06-25 05:41:44,282 [INFO] - <All keys matched successfully>
[37m2024-06-25 05:41:44,676 [INFO] -
==========================================================================================
Layer (type:depth-idx)                   Output Shape              Param #
==========================================================================================
LinearClassifier                         [1, 2]                    --
├─Linear: 1-1                            [1, 256]                  98,560
├─ReLU: 1-2                              [1, 256]                  --
├─Dropout: 1-3                           [1, 256]                  --
├─Linear: 1-4                            [1, 2]                    514
==========================================================================================
Total params: 99,074
Trainable params: 99,074
Non-trainable params: 0
Total mult-adds (M): 0.10
==========================================================================================
Input size (MB): 0.00
Forward/backward pass size (MB): 0.00
Params size (MB): 0.40
Estimated Total Size (MB): 0.40
==========================================================================================
[37m2024-06-25 05:41:44,677 [INFO] - Loaded AdamW Optimizer with following hyperparameters:
[37m2024-06-25 05:41:44,682 [INFO] - {'betas': [0.85, 0.9], 'lr': 4.4403255414468894e-05, 'weight_decay': 8.22969479387945e-05}
[37m2024-06-25 05:41:44,687 [INFO] - Using early stopping with a range of 10 and maximize strategy
[37m2024-06-25 05:41:44,702 [INFO] - Caching datasets
[37m2024-06-25 05:41:46,561 [INFO] - Instantiate Trainer
[37m2024-06-25 05:41:46,565 [INFO] - Calling Trainer Fit
[37m2024-06-25 05:41:46,567 [INFO] - Dataset is cached after first epoch
[37m2024-06-25 05:41:46,572 [INFO] - Starting training, total number of epochs: 50
[37m2024-06-25 05:41:46,577 [INFO] - Epoch: 1/50
[37m2024-06-25 05:41:46,787 [INFO] - Loaded dataset from cache: /OCELOT-Orig/cache/75075672a250828662301f0e2fb62dc9ddfb2e762dfa80bb68a668345ed9d9bb.h5
[37m2024-06-25 05:41:47,357 [INFO] - Training epoch stats:     Loss: 0.6907 - F1-Score: 0.1116 - Accuracy-Score: 0.5119 - AUROC: 0.5013 - AP: 0.4298
[37m2024-06-25 05:41:49,167 [INFO] - Loaded dataset from cache: /OCELOT-Orig/cache/84a96648cf0731d52e69bfe32a74428f944857015825e7a06ae5f471f93f4855.h5
[37m2024-06-25 05:41:49,626 [INFO] - Validation epoch stats:   Loss: 0.6995 - F1-Score: 0.1539 - Accuracy-Score: 0.4000 - AUROC: 0.6533 - AP: 0.7453
[37m2024-06-25 05:41:49,627 [INFO] - New best model - save checkpoint
[37m2024-06-25 05:41:49,794 [INFO] - Epoch: 2/50
[37m2024-06-25 05:41:49,923 [INFO] - Training epoch stats:     Loss: 0.6731 - F1-Score: 0.3450 - Accuracy-Score: 0.6231 - AUROC: 0.7673 - AP: 0.7122
[37m2024-06-25 05:41:50,362 [INFO] - Validation epoch stats:   Loss: 0.6965 - F1-Score: 0.1822 - Accuracy-Score: 0.4169 - AUROC: 0.7303 - AP: 0.8116
[37m2024-06-25 05:41:50,363 [INFO] - New best model - save checkpoint
[37m2024-06-25 05:41:50,509 [INFO] - Epoch: 3/50
[37m2024-06-25 05:41:50,630 [INFO] - Training epoch stats:     Loss: 0.6572 - F1-Score: 0.5730 - Accuracy-Score: 0.7205 - AUROC: 0.8683 - AP: 0.8413
[37m2024-06-25 05:41:51,167 [INFO] - Validation epoch stats:   Loss: 0.6942 - F1-Score: 0.2456 - Accuracy-Score: 0.4443 - AUROC: 0.7616 - AP: 0.8417
[37m2024-06-25 05:41:51,168 [INFO] - New best model - save checkpoint
[37m2024-06-25 05:41:51,323 [INFO] - Epoch: 4/50
[37m2024-06-25 05:41:51,444 [INFO] - Training epoch stats:     Loss: 0.6415 - F1-Score: 0.6819 - Accuracy-Score: 0.7713 - AUROC: 0.9040 - AP: 0.8789
[37m2024-06-25 05:41:51,874 [INFO] - Validation epoch stats:   Loss: 0.6912 - F1-Score: 0.2992 - Accuracy-Score: 0.4664 - AUROC: 0.7759 - AP: 0.8547
[37m2024-06-25 05:41:51,876 [INFO] - New best model - save checkpoint
[37m2024-06-25 05:41:52,017 [INFO] - Epoch: 5/50
[37m2024-06-25 05:41:52,139 [INFO] - Training epoch stats:     Loss: 0.6272 - F1-Score: 0.7238 - Accuracy-Score: 0.7931 - AUROC: 0.9178 - AP: 0.8926
[37m2024-06-25 05:41:52,594 [INFO] - Validation epoch stats:   Loss: 0.6887 - F1-Score: 0.3291 - Accuracy-Score: 0.4794 - AUROC: 0.7834 - AP: 0.8612
[37m2024-06-25 05:41:52,595 [INFO] - New best model - save checkpoint
[37m2024-06-25 05:41:52,746 [INFO] - Epoch: 6/50
[37m2024-06-25 05:41:52,871 [INFO] - Training epoch stats:     Loss: 0.6128 - F1-Score: 0.7515 - Accuracy-Score: 0.8077 - AUROC: 0.9259 - AP: 0.9045
[37m2024-06-25 05:41:53,307 [INFO] - Validation epoch stats:   Loss: 0.6863 - F1-Score: 0.3549 - Accuracy-Score: 0.4903 - AUROC: 0.7871 - AP: 0.8643
[37m2024-06-25 05:41:53,309 [INFO] - New best model - save checkpoint
[37m2024-06-25 05:41:53,445 [INFO] - Epoch: 7/50
[37m2024-06-25 05:41:53,563 [INFO] - Training epoch stats:     Loss: 0.6007 - F1-Score: 0.7655 - Accuracy-Score: 0.8154 - AUROC: 0.9302 - AP: 0.9081
[37m2024-06-25 05:41:53,985 [INFO] - Validation epoch stats:   Loss: 0.6843 - F1-Score: 0.3693 - Accuracy-Score: 0.4965 - AUROC: 0.7896 - AP: 0.8664
[37m2024-06-25 05:41:53,987 [INFO] - New best model - save checkpoint
[37m2024-06-25 05:41:54,133 [INFO] - Epoch: 8/50
[37m2024-06-25 05:41:54,255 [INFO] - Training epoch stats:     Loss: 0.5877 - F1-Score: 0.7689 - Accuracy-Score: 0.8165 - AUROC: 0.9333 - AP: 0.9138
[37m2024-06-25 05:41:54,675 [INFO] - Validation epoch stats:   Loss: 0.6821 - F1-Score: 0.3890 - Accuracy-Score: 0.5052 - AUROC: 0.7912 - AP: 0.8677
[37m2024-06-25 05:41:54,677 [INFO] - New best model - save checkpoint
[37m2024-06-25 05:41:54,820 [INFO] - Epoch: 9/50
[37m2024-06-25 05:41:54,945 [INFO] - Training epoch stats:     Loss: 0.5754 - F1-Score: 0.7870 - Accuracy-Score: 0.8274 - AUROC: 0.9358 - AP: 0.9167
[37m2024-06-25 05:41:55,366 [INFO] - Validation epoch stats:   Loss: 0.6802 - F1-Score: 0.4053 - Accuracy-Score: 0.5123 - AUROC: 0.7922 - AP: 0.8686
[37m2024-06-25 05:41:55,367 [INFO] - New best model - save checkpoint
[37m2024-06-25 05:41:55,500 [INFO] - Epoch: 10/50
[37m2024-06-25 05:41:55,618 [INFO] - Training epoch stats:     Loss: 0.5645 - F1-Score: 0.7929 - Accuracy-Score: 0.8300 - AUROC: 0.9365 - AP: 0.9169
[37m2024-06-25 05:41:56,030 [INFO] - Validation epoch stats:   Loss: 0.6780 - F1-Score: 0.4247 - Accuracy-Score: 0.5213 - AUROC: 0.7932 - AP: 0.8693
[37m2024-06-25 05:41:56,031 [INFO] - New best model - save checkpoint
[37m2024-06-25 05:41:56,165 [INFO] - Epoch: 11/50
[37m2024-06-25 05:41:56,282 [INFO] - Training epoch stats:     Loss: 0.5524 - F1-Score: 0.8000 - Accuracy-Score: 0.8340 - AUROC: 0.9379 - AP: 0.9183
[37m2024-06-25 05:41:56,708 [INFO] - Validation epoch stats:   Loss: 0.6762 - F1-Score: 0.4395 - Accuracy-Score: 0.5284 - AUROC: 0.7936 - AP: 0.8697
[37m2024-06-25 05:41:56,709 [INFO] - New best model - save checkpoint
[37m2024-06-25 05:41:56,868 [INFO] - Epoch: 12/50
[37m2024-06-25 05:41:56,985 [INFO] - Training epoch stats:     Loss: 0.5423 - F1-Score: 0.8044 - Accuracy-Score: 0.8366 - AUROC: 0.9380 - AP: 0.9197
[37m2024-06-25 05:41:57,401 [INFO] - Validation epoch stats:   Loss: 0.6749 - F1-Score: 0.4494 - Accuracy-Score: 0.5332 - AUROC: 0.7940 - AP: 0.8701
[37m2024-06-25 05:41:57,402 [INFO] - New best model - save checkpoint
[37m2024-06-25 05:41:57,536 [INFO] - Epoch: 13/50
[37m2024-06-25 05:41:57,658 [INFO] - Training epoch stats:     Loss: 0.5328 - F1-Score: 0.8038 - Accuracy-Score: 0.8351 - AUROC: 0.9387 - AP: 0.9192
[37m2024-06-25 05:41:58,077 [INFO] - Validation epoch stats:   Loss: 0.6730 - F1-Score: 0.4621 - Accuracy-Score: 0.5395 - AUROC: 0.7946 - AP: 0.8705
[37m2024-06-25 05:41:58,078 [INFO] - New best model - save checkpoint
[37m2024-06-25 05:41:58,212 [INFO] - Epoch: 14/50
[37m2024-06-25 05:41:58,330 [INFO] - Training epoch stats:     Loss: 0.5231 - F1-Score: 0.8201 - Accuracy-Score: 0.8468 - AUROC: 0.9397 - AP: 0.9220
[37m2024-06-25 05:41:58,750 [INFO] - Validation epoch stats:   Loss: 0.6721 - F1-Score: 0.4699 - Accuracy-Score: 0.5435 - AUROC: 0.7948 - AP: 0.8707
[37m2024-06-25 05:41:58,751 [INFO] - New best model - save checkpoint
[37m2024-06-25 05:41:58,886 [INFO] - Epoch: 15/50
[37m2024-06-25 05:41:59,013 [INFO] - Training epoch stats:     Loss: 0.5134 - F1-Score: 0.8210 - Accuracy-Score: 0.8471 - AUROC: 0.9406 - AP: 0.9224
[37m2024-06-25 05:41:59,435 [INFO] - Validation epoch stats:   Loss: 0.6707 - F1-Score: 0.4814 - Accuracy-Score: 0.5495 - AUROC: 0.7952 - AP: 0.8710
[37m2024-06-25 05:41:59,436 [INFO] - New best model - save checkpoint
[37m2024-06-25 05:41:59,584 [INFO] - Epoch: 16/50
[37m2024-06-25 05:41:59,706 [INFO] - Training epoch stats:     Loss: 0.5050 - F1-Score: 0.8222 - Accuracy-Score: 0.8471 - AUROC: 0.9411 - AP: 0.9231
[37m2024-06-25 05:42:00,128 [INFO] - Validation epoch stats:   Loss: 0.6700 - F1-Score: 0.4893 - Accuracy-Score: 0.5537 - AUROC: 0.7954 - AP: 0.8712
[37m2024-06-25 05:42:00,129 [INFO] - New best model - save checkpoint
[37m2024-06-25 05:42:00,289 [INFO] - Epoch: 17/50
[37m2024-06-25 05:42:00,410 [INFO] - Training epoch stats:     Loss: 0.4968 - F1-Score: 0.8257 - Accuracy-Score: 0.8504 - AUROC: 0.9418 - AP: 0.9243
[37m2024-06-25 05:42:00,833 [INFO] - Validation epoch stats:   Loss: 0.6691 - F1-Score: 0.4977 - Accuracy-Score: 0.5580 - AUROC: 0.7954 - AP: 0.8712
[37m2024-06-25 05:42:00,834 [INFO] - New best model - save checkpoint
[37m2024-06-25 05:42:00,998 [INFO] - Epoch: 18/50
[37m2024-06-25 05:42:01,118 [INFO] - Training epoch stats:     Loss: 0.4903 - F1-Score: 0.8223 - Accuracy-Score: 0.8464 - AUROC: 0.9417 - AP: 0.9239
[37m2024-06-25 05:42:01,539 [INFO] - Validation epoch stats:   Loss: 0.6680 - F1-Score: 0.5058 - Accuracy-Score: 0.5624 - AUROC: 0.7956 - AP: 0.8713
[37m2024-06-25 05:42:01,540 [INFO] - New best model - save checkpoint
[37m2024-06-25 05:42:01,698 [INFO] - Epoch: 19/50
[37m2024-06-25 05:42:01,819 [INFO] - Training epoch stats:     Loss: 0.4831 - F1-Score: 0.8282 - Accuracy-Score: 0.8508 - AUROC: 0.9418 - AP: 0.9243
[37m2024-06-25 05:42:02,243 [INFO] - Validation epoch stats:   Loss: 0.6674 - F1-Score: 0.5120 - Accuracy-Score: 0.5657 - AUROC: 0.7958 - AP: 0.8715
[37m2024-06-25 05:42:02,244 [INFO] - New best model - save checkpoint
[37m2024-06-25 05:42:02,407 [INFO] - Epoch: 20/50
[37m2024-06-25 05:42:02,530 [INFO] - Training epoch stats:     Loss: 0.4765 - F1-Score: 0.8297 - Accuracy-Score: 0.8519 - AUROC: 0.9430 - AP: 0.9253
[37m2024-06-25 05:42:02,971 [INFO] - Validation epoch stats:   Loss: 0.6668 - F1-Score: 0.5178 - Accuracy-Score: 0.5688 - AUROC: 0.7959 - AP: 0.8716
[37m2024-06-25 05:42:02,972 [INFO] - New best model - save checkpoint
[37m2024-06-25 05:42:03,114 [INFO] - Epoch: 21/50
[37m2024-06-25 05:42:03,237 [INFO] - Training epoch stats:     Loss: 0.4700 - F1-Score: 0.8331 - Accuracy-Score: 0.8541 - AUROC: 0.9428 - AP: 0.9254
[37m2024-06-25 05:42:03,978 [INFO] - Validation epoch stats:   Loss: 0.6666 - F1-Score: 0.5220 - Accuracy-Score: 0.5712 - AUROC: 0.7961 - AP: 0.8717
[37m2024-06-25 05:42:03,980 [INFO] - New best model - save checkpoint
[37m2024-06-25 05:42:04,114 [INFO] - Epoch: 22/50
[37m2024-06-25 05:42:04,235 [INFO] - Training epoch stats:     Loss: 0.4646 - F1-Score: 0.8380 - Accuracy-Score: 0.8581 - AUROC: 0.9440 - AP: 0.9272
[37m2024-06-25 05:42:04,661 [INFO] - Validation epoch stats:   Loss: 0.6662 - F1-Score: 0.5281 - Accuracy-Score: 0.5745 - AUROC: 0.7962 - AP: 0.8717
[37m2024-06-25 05:42:04,663 [INFO] - New best model - save checkpoint
[37m2024-06-25 05:42:04,825 [INFO] - Epoch: 23/50
[37m2024-06-25 05:42:04,946 [INFO] - Training epoch stats:     Loss: 0.4586 - F1-Score: 0.8350 - Accuracy-Score: 0.8555 - AUROC: 0.9438 - AP: 0.9274
[37m2024-06-25 05:42:05,375 [INFO] - Validation epoch stats:   Loss: 0.6657 - F1-Score: 0.5335 - Accuracy-Score: 0.5775 - AUROC: 0.7964 - AP: 0.8719
[37m2024-06-25 05:42:05,376 [INFO] - New best model - save checkpoint
[37m2024-06-25 05:42:05,523 [INFO] - Epoch: 24/50
[37m2024-06-25 05:42:05,645 [INFO] - Training epoch stats:     Loss: 0.4540 - F1-Score: 0.8403 - Accuracy-Score: 0.8599 - AUROC: 0.9433 - AP: 0.9259
[37m2024-06-25 05:42:06,069 [INFO] - Validation epoch stats:   Loss: 0.6656 - F1-Score: 0.5368 - Accuracy-Score: 0.5795 - AUROC: 0.7965 - AP: 0.8720
[37m2024-06-25 05:42:06,071 [INFO] - New best model - save checkpoint
[37m2024-06-25 05:42:06,228 [INFO] - Epoch: 25/50
[37m2024-06-25 05:42:06,348 [INFO] - Training epoch stats:     Loss: 0.4490 - F1-Score: 0.8400 - Accuracy-Score: 0.8592 - AUROC: 0.9445 - AP: 0.9278
[37m2024-06-25 05:42:06,823 [INFO] - Validation epoch stats:   Loss: 0.6655 - F1-Score: 0.5408 - Accuracy-Score: 0.5817 - AUROC: 0.7966 - AP: 0.8720
[37m2024-06-25 05:42:06,824 [INFO] - New best model - save checkpoint
[37m2024-06-25 05:42:06,962 [INFO] - Epoch: 26/50
[37m2024-06-25 05:42:07,085 [INFO] - Training epoch stats:     Loss: 0.4450 - F1-Score: 0.8385 - Accuracy-Score: 0.8574 - AUROC: 0.9442 - AP: 0.9274
[37m2024-06-25 05:42:07,516 [INFO] - Validation epoch stats:   Loss: 0.6654 - F1-Score: 0.5452 - Accuracy-Score: 0.5844 - AUROC: 0.7968 - AP: 0.8721
[37m2024-06-25 05:42:07,517 [INFO] - New best model - save checkpoint
[37m2024-06-25 05:42:07,686 [INFO] - Epoch: 27/50
[37m2024-06-25 05:42:07,815 [INFO] - Training epoch stats:     Loss: 0.4402 - F1-Score: 0.8447 - Accuracy-Score: 0.8632 - AUROC: 0.9452 - AP: 0.9287
[37m2024-06-25 05:42:08,235 [INFO] - Validation epoch stats:   Loss: 0.6652 - F1-Score: 0.5479 - Accuracy-Score: 0.5858 - AUROC: 0.7969 - AP: 0.8722
[37m2024-06-25 05:42:08,235 [INFO] - New best model - save checkpoint
[37m2024-06-25 05:42:08,368 [INFO] - Epoch: 28/50
[37m2024-06-25 05:42:08,485 [INFO] - Training epoch stats:     Loss: 0.4353 - F1-Score: 0.8428 - Accuracy-Score: 0.8606 - AUROC: 0.9451 - AP: 0.9287
[37m2024-06-25 05:42:08,905 [INFO] - Validation epoch stats:   Loss: 0.6654 - F1-Score: 0.5498 - Accuracy-Score: 0.5869 - AUROC: 0.7970 - AP: 0.8723
[37m2024-06-25 05:42:08,905 [INFO] - New best model - save checkpoint
[37m2024-06-25 05:42:09,043 [INFO] - Epoch: 29/50
[37m2024-06-25 05:42:09,163 [INFO] - Training epoch stats:     Loss: 0.4321 - F1-Score: 0.8416 - Accuracy-Score: 0.8599 - AUROC: 0.9456 - AP: 0.9291
[37m2024-06-25 05:42:09,593 [INFO] - Validation epoch stats:   Loss: 0.6654 - F1-Score: 0.5522 - Accuracy-Score: 0.5882 - AUROC: 0.7971 - AP: 0.8724
[37m2024-06-25 05:42:09,594 [INFO] - New best model - save checkpoint
[37m2024-06-25 05:42:09,757 [INFO] - Epoch: 30/50
[37m2024-06-25 05:42:09,880 [INFO] - Training epoch stats:     Loss: 0.4291 - F1-Score: 0.8467 - Accuracy-Score: 0.8639 - AUROC: 0.9453 - AP: 0.9291
[37m2024-06-25 05:42:10,307 [INFO] - Validation epoch stats:   Loss: 0.6654 - F1-Score: 0.5544 - Accuracy-Score: 0.5894 - AUROC: 0.7972 - AP: 0.8724
[37m2024-06-25 05:42:10,309 [INFO] - New best model - save checkpoint
[37m2024-06-25 05:42:10,447 [INFO] - Epoch: 31/50
[37m2024-06-25 05:42:10,569 [INFO] - Training epoch stats:     Loss: 0.4254 - F1-Score: 0.8421 - Accuracy-Score: 0.8603 - AUROC: 0.9451 - AP: 0.9287
[37m2024-06-25 05:42:10,991 [INFO] - Validation epoch stats:   Loss: 0.6653 - F1-Score: 0.5565 - Accuracy-Score: 0.5905 - AUROC: 0.7973 - AP: 0.8725
[37m2024-06-25 05:42:10,993 [INFO] - New best model - save checkpoint
[37m2024-06-25 05:42:11,132 [INFO] - Epoch: 32/50
[37m2024-06-25 05:42:11,254 [INFO] - Training epoch stats:     Loss: 0.4230 - F1-Score: 0.8464 - Accuracy-Score: 0.8632 - AUROC: 0.9463 - AP: 0.9300
[37m2024-06-25 05:42:11,676 [INFO] - Validation epoch stats:   Loss: 0.6656 - F1-Score: 0.5580 - Accuracy-Score: 0.5913 - AUROC: 0.7973 - AP: 0.8725
[37m2024-06-25 05:42:11,677 [INFO] - New best model - save checkpoint
[37m2024-06-25 05:42:11,821 [INFO] - Epoch: 33/50
[37m2024-06-25 05:42:11,943 [INFO] - Training epoch stats:     Loss: 0.4202 - F1-Score: 0.8488 - Accuracy-Score: 0.8646 - AUROC: 0.9457 - AP: 0.9301
[37m2024-06-25 05:42:12,381 [INFO] - Validation epoch stats:   Loss: 0.6656 - F1-Score: 0.5600 - Accuracy-Score: 0.5926 - AUROC: 0.7974 - AP: 0.8726
[37m2024-06-25 05:42:12,382 [INFO] - New best model - save checkpoint
[37m2024-06-25 05:42:12,520 [INFO] - Epoch: 34/50
[37m2024-06-25 05:42:12,639 [INFO] - Training epoch stats:     Loss: 0.4173 - F1-Score: 0.8482 - Accuracy-Score: 0.8650 - AUROC: 0.9458 - AP: 0.9293
[37m2024-06-25 05:42:13,012 [INFO] - Validation epoch stats:   Loss: 0.6656 - F1-Score: 0.5615 - Accuracy-Score: 0.5934 - AUROC: 0.7975 - AP: 0.8727
[37m2024-06-25 05:42:13,013 [INFO] - New best model - save checkpoint
[37m2024-06-25 05:42:13,146 [INFO] - Epoch: 35/50
[37m2024-06-25 05:42:13,263 [INFO] - Training epoch stats:     Loss: 0.4158 - F1-Score: 0.8499 - Accuracy-Score: 0.8657 - AUROC: 0.9458 - AP: 0.9297
[37m2024-06-25 05:42:13,685 [INFO] - Validation epoch stats:   Loss: 0.6658 - F1-Score: 0.5633 - Accuracy-Score: 0.5945 - AUROC: 0.7976 - AP: 0.8727
[37m2024-06-25 05:42:13,686 [INFO] - New best model - save checkpoint
[37m2024-06-25 05:42:13,842 [INFO] - Epoch: 36/50
[37m2024-06-25 05:42:13,959 [INFO] - Training epoch stats:     Loss: 0.4126 - F1-Score: 0.8493 - Accuracy-Score: 0.8654 - AUROC: 0.9458 - AP: 0.9295
[37m2024-06-25 05:42:14,374 [INFO] - Validation epoch stats:   Loss: 0.6661 - F1-Score: 0.5639 - Accuracy-Score: 0.5948 - AUROC: 0.7977 - AP: 0.8728
[37m2024-06-25 05:42:14,375 [INFO] - New best model - save checkpoint
[37m2024-06-25 05:42:14,538 [INFO] - Epoch: 37/50
[37m2024-06-25 05:42:14,658 [INFO] - Training epoch stats:     Loss: 0.4097 - F1-Score: 0.8504 - Accuracy-Score: 0.8661 - AUROC: 0.9466 - AP: 0.9306
[37m2024-06-25 05:42:15,069 [INFO] - Validation epoch stats:   Loss: 0.6662 - F1-Score: 0.5649 - Accuracy-Score: 0.5953 - AUROC: 0.7978 - AP: 0.8729
[37m2024-06-25 05:42:15,070 [INFO] - New best model - save checkpoint
[37m2024-06-25 05:42:15,213 [INFO] - Epoch: 38/50
[37m2024-06-25 05:42:15,329 [INFO] - Training epoch stats:     Loss: 0.4071 - F1-Score: 0.8488 - Accuracy-Score: 0.8646 - AUROC: 0.9460 - AP: 0.9300
[37m2024-06-25 05:42:15,746 [INFO] - Validation epoch stats:   Loss: 0.6662 - F1-Score: 0.5666 - Accuracy-Score: 0.5964 - AUROC: 0.7979 - AP: 0.8729
[37m2024-06-25 05:42:15,747 [INFO] - New best model - save checkpoint
[37m2024-06-25 05:42:15,924 [INFO] - Epoch: 39/50
[37m2024-06-25 05:42:16,044 [INFO] - Training epoch stats:     Loss: 0.4062 - F1-Score: 0.8521 - Accuracy-Score: 0.8676 - AUROC: 0.9466 - AP: 0.9306
[37m2024-06-25 05:42:16,465 [INFO] - Validation epoch stats:   Loss: 0.6665 - F1-Score: 0.5676 - Accuracy-Score: 0.5970 - AUROC: 0.7979 - AP: 0.8730
[37m2024-06-25 05:42:16,466 [INFO] - New best model - save checkpoint
[37m2024-06-25 05:42:16,636 [INFO] - Epoch: 40/50
[37m2024-06-25 05:42:16,767 [INFO] - Training epoch stats:     Loss: 0.4043 - F1-Score: 0.8522 - Accuracy-Score: 0.8672 - AUROC: 0.9465 - AP: 0.9303
[37m2024-06-25 05:42:17,258 [INFO] - Validation epoch stats:   Loss: 0.6665 - F1-Score: 0.5685 - Accuracy-Score: 0.5976 - AUROC: 0.7980 - AP: 0.8731
[37m2024-06-25 05:42:17,260 [INFO] - New best model - save checkpoint
[37m2024-06-25 05:42:17,514 [INFO] - Epoch: 41/50
[37m2024-06-25 05:42:17,678 [INFO] - Training epoch stats:     Loss: 0.4009 - F1-Score: 0.8498 - Accuracy-Score: 0.8654 - AUROC: 0.9468 - AP: 0.9308
[37m2024-06-25 05:42:18,568 [INFO] - Validation epoch stats:   Loss: 0.6668 - F1-Score: 0.5692 - Accuracy-Score: 0.5980 - AUROC: 0.7981 - AP: 0.8731
[37m2024-06-25 05:42:18,570 [INFO] - New best model - save checkpoint
[37m2024-06-25 05:42:18,755 [INFO] - Epoch: 42/50
[37m2024-06-25 05:42:18,923 [INFO] - Training epoch stats:     Loss: 0.4003 - F1-Score: 0.8548 - Accuracy-Score: 0.8694 - AUROC: 0.9472 - AP: 0.9312
[37m2024-06-25 05:42:19,960 [INFO] - Validation epoch stats:   Loss: 0.6669 - F1-Score: 0.5705 - Accuracy-Score: 0.5987 - AUROC: 0.7981 - AP: 0.8732
[37m2024-06-25 05:42:19,963 [INFO] - New best model - save checkpoint
[37m2024-06-25 05:42:20,236 [INFO] - Epoch: 43/50
[37m2024-06-25 05:42:20,478 [INFO] - Training epoch stats:     Loss: 0.3988 - F1-Score: 0.8506 - Accuracy-Score: 0.8661 - AUROC: 0.9474 - AP: 0.9321
[37m2024-06-25 05:42:21,265 [INFO] - Validation epoch stats:   Loss: 0.6671 - F1-Score: 0.5713 - Accuracy-Score: 0.5991 - AUROC: 0.7982 - AP: 0.8732
[37m2024-06-25 05:42:21,267 [INFO] - New best model - save checkpoint
[37m2024-06-25 05:42:21,508 [INFO] - Epoch: 44/50
[37m2024-06-25 05:42:21,695 [INFO] - Training epoch stats:     Loss: 0.3980 - F1-Score: 0.8541 - Accuracy-Score: 0.8687 - AUROC: 0.9467 - AP: 0.9306
[37m2024-06-25 05:42:22,474 [INFO] - Validation epoch stats:   Loss: 0.6673 - F1-Score: 0.5727 - Accuracy-Score: 0.6000 - AUROC: 0.7982 - AP: 0.8732
[37m2024-06-25 05:42:22,475 [INFO] - New best model - save checkpoint
[37m2024-06-25 05:42:22,636 [INFO] - Epoch: 45/50
[37m2024-06-25 05:42:22,815 [INFO] - Training epoch stats:     Loss: 0.3956 - F1-Score: 0.8548 - Accuracy-Score: 0.8694 - AUROC: 0.9474 - AP: 0.9313
[37m2024-06-25 05:42:23,656 [INFO] - Validation epoch stats:   Loss: 0.6675 - F1-Score: 0.5733 - Accuracy-Score: 0.6003 - AUROC: 0.7983 - AP: 0.8733
[37m2024-06-25 05:42:23,659 [INFO] - New best model - save checkpoint
[37m2024-06-25 05:42:23,969 [INFO] - Epoch: 46/50
[37m2024-06-25 05:42:24,099 [INFO] - Training epoch stats:     Loss: 0.3965 - F1-Score: 0.8512 - Accuracy-Score: 0.8665 - AUROC: 0.9470 - AP: 0.9311
[37m2024-06-25 05:42:25,066 [INFO] - Validation epoch stats:   Loss: 0.6677 - F1-Score: 0.5738 - Accuracy-Score: 0.6006 - AUROC: 0.7984 - AP: 0.8734
[37m2024-06-25 05:42:25,068 [INFO] - New best model - save checkpoint
[37m2024-06-25 05:42:25,355 [INFO] - Epoch: 47/50
[37m2024-06-25 05:42:25,665 [INFO] - Training epoch stats:     Loss: 0.3933 - F1-Score: 0.8504 - Accuracy-Score: 0.8661 - AUROC: 0.9473 - AP: 0.9312
[37m2024-06-25 05:42:26,665 [INFO] - Validation epoch stats:   Loss: 0.6679 - F1-Score: 0.5742 - Accuracy-Score: 0.6008 - AUROC: 0.7984 - AP: 0.8734
[37m2024-06-25 05:42:26,667 [INFO] - New best model - save checkpoint
[37m2024-06-25 05:42:26,887 [INFO] - Epoch: 48/50
[37m2024-06-25 05:42:27,009 [INFO] - Training epoch stats:     Loss: 0.3923 - F1-Score: 0.8517 - Accuracy-Score: 0.8668 - AUROC: 0.9473 - AP: 0.9309
[37m2024-06-25 05:42:27,958 [INFO] - Validation epoch stats:   Loss: 0.6680 - F1-Score: 0.5747 - Accuracy-Score: 0.6010 - AUROC: 0.7985 - AP: 0.8734
[37m2024-06-25 05:42:27,961 [INFO] - New best model - save checkpoint
[37m2024-06-25 05:42:28,159 [INFO] - Epoch: 49/50
[37m2024-06-25 05:42:28,316 [INFO] - Training epoch stats:     Loss: 0.3913 - F1-Score: 0.8518 - Accuracy-Score: 0.8668 - AUROC: 0.9473 - AP: 0.9318
[37m2024-06-25 05:42:29,087 [INFO] - Validation epoch stats:   Loss: 0.6682 - F1-Score: 0.5753 - Accuracy-Score: 0.6014 - AUROC: 0.7985 - AP: 0.8735
[37m2024-06-25 05:42:29,088 [INFO] - New best model - save checkpoint
[37m2024-06-25 05:42:29,355 [INFO] - Epoch: 50/50
[37m2024-06-25 05:42:29,495 [INFO] - Training epoch stats:     Loss: 0.3904 - F1-Score: 0.8561 - Accuracy-Score: 0.8705 - AUROC: 0.9474 - AP: 0.9315
[37m2024-06-25 05:42:30,961 [INFO] - Validation epoch stats:   Loss: 0.6683 - F1-Score: 0.5762 - Accuracy-Score: 0.6019 - AUROC: 0.7986 - AP: 0.8735
[37m2024-06-25 05:42:30,965 [INFO] - New best model - save checkpoint
[37m2024-06-25 05:42:31,300 [INFO] - Finished run w6qcrf2u
