[37m2024-06-28 12:20:58,174 [INFO] - Instantiated Logger. WandB init and config update finished.
[37m2024-06-28 12:20:58,175 [INFO] - Run ist stored here: /cellvit/logs_paper/Head-Evaluation/CoNSeP/SAM-H/Amount-DA/2024-06-28T122050_Amount-15-Seed-5
[37m2024-06-28 12:20:58,237 [INFO] - Cuda devices: [<torch.cuda.device object at 0x7f1e4e158790>]
[37m2024-06-28 12:20:58,238 [INFO] - Using GPU: cuda:0
[37m2024-06-28 12:20:58,242 [INFO] - Using device: cuda:0
[37m2024-06-28 12:20:58,247 [INFO] - Loss function:
[37m2024-06-28 12:20:58,251 [INFO] - CrossEntropyLoss()
[37m2024-06-28 12:21:36,466 [INFO] - <All keys matched successfully>
[37m2024-06-28 12:21:38,643 [INFO] -
==========================================================================================
Layer (type:depth-idx)                   Output Shape              Param #
==========================================================================================
LinearClassifier                         [1, 4]                    --
├─Linear: 1-1                            [1, 128]                  163,968
├─ReLU: 1-2                              [1, 128]                  --
├─Dropout: 1-3                           [1, 128]                  --
├─Linear: 1-4                            [1, 4]                    516
==========================================================================================
Total params: 164,484
Trainable params: 164,484
Non-trainable params: 0
Total mult-adds (M): 0.16
==========================================================================================
Input size (MB): 0.01
Forward/backward pass size (MB): 0.00
Params size (MB): 0.66
Estimated Total Size (MB): 0.66
==========================================================================================
[37m2024-06-28 12:21:38,645 [INFO] - Loaded AdamW Optimizer with following hyperparameters:
[37m2024-06-28 12:21:38,648 [INFO] - {'betas': [0.85, 0.9], 'lr': 0.0005, 'weight_decay': 0.0005}
[37m2024-06-28 12:21:38,653 [INFO] - Using early stopping with a range of 20 and maximize strategy
[37m2024-06-28 12:21:38,666 [INFO] - Caching datasets
[37m2024-06-28 12:21:40,001 [INFO] - Instantiate Trainer
[37m2024-06-28 12:21:40,012 [INFO] - Calling Trainer Fit
[37m2024-06-28 12:21:40,012 [INFO] - Starting training, total number of epochs: 50
[37m2024-06-28 12:21:40,017 [INFO] - Epoch: 1/50
[37m2024-06-28 12:21:40,023 [INFO] - Extracting training cells
[37m2024-06-28 12:21:59,788 [INFO] - Extraction detection metrics - F1: 0.772, Precision: 0.847, Recall: 0.723, Detected-Cells: 6995
[37m2024-06-28 12:22:00,157 [INFO] - Training epoch stats:     Loss: 0.4975 - F1-Score: 0.8140 - Accuracy-Score: 0.8140 - AUROC: 0.8986 - AP: 0.7036
[37m2024-06-28 12:22:01,372 [INFO] - Loaded dataset from cache: /Consep/cache/1f728da27af6daed7b166ce5447f5dec18916e3679cb7b74ddaefb4a67df10d2.h5
[37m2024-06-28 12:22:01,501 [INFO] - Validation epoch stats:   Loss: 0.4173 - F1-Score: 0.8478 - Accuracy-Score: 0.8478 - AUROC: 0.9459 - AP: 0.7175
[37m2024-06-28 12:22:01,502 [INFO] - New best model - save checkpoint
[37m2024-06-28 12:22:01,671 [INFO] - Epoch: 2/50
[37m2024-06-28 12:22:01,672 [INFO] - Extracting training cells
[37m2024-06-28 12:22:13,815 [INFO] - Extraction detection metrics - F1: 0.783, Precision: 0.843, Recall: 0.745, Detected-Cells: 6826
[37m2024-06-28 12:22:14,046 [INFO] - Training epoch stats:     Loss: 0.3533 - F1-Score: 0.8781 - Accuracy-Score: 0.8781 - AUROC: 0.9665 - AP: 0.8734
[37m2024-06-28 12:22:14,199 [INFO] - Validation epoch stats:   Loss: 0.3559 - F1-Score: 0.8589 - Accuracy-Score: 0.8589 - AUROC: 0.9625 - AP: 0.8540
[37m2024-06-28 12:22:14,200 [INFO] - New best model - save checkpoint
[37m2024-06-28 12:22:14,356 [INFO] - Epoch: 3/50
[37m2024-06-28 12:22:14,357 [INFO] - Extracting training cells
[37m2024-06-28 12:22:26,586 [INFO] - Extraction detection metrics - F1: 0.758, Precision: 0.837, Recall: 0.711, Detected-Cells: 6852
[37m2024-06-28 12:22:26,823 [INFO] - Training epoch stats:     Loss: 0.2756 - F1-Score: 0.8964 - Accuracy-Score: 0.8964 - AUROC: 0.9759 - AP: 0.9096
[37m2024-06-28 12:22:26,970 [INFO] - Validation epoch stats:   Loss: 0.3749 - F1-Score: 0.8605 - Accuracy-Score: 0.8605 - AUROC: 0.9640 - AP: 0.8583
[37m2024-06-28 12:22:26,971 [INFO] - New best model - save checkpoint
[37m2024-06-28 12:22:27,147 [INFO] - Epoch: 4/50
[37m2024-06-28 12:22:27,148 [INFO] - Extracting training cells
[37m2024-06-28 12:22:39,384 [INFO] - Extraction detection metrics - F1: 0.779, Precision: 0.855, Recall: 0.729, Detected-Cells: 7515
[37m2024-06-28 12:22:39,666 [INFO] - Training epoch stats:     Loss: 0.2175 - F1-Score: 0.9172 - Accuracy-Score: 0.9172 - AUROC: 0.9848 - AP: 0.9409
[37m2024-06-28 12:22:39,786 [INFO] - Validation epoch stats:   Loss: 0.3412 - F1-Score: 0.8694 - Accuracy-Score: 0.8694 - AUROC: 0.9664 - AP: 0.8647
[37m2024-06-28 12:22:39,787 [INFO] - New best model - save checkpoint
[37m2024-06-28 12:22:39,965 [INFO] - Epoch: 5/50
[37m2024-06-28 12:22:39,966 [INFO] - Extracting training cells
[37m2024-06-28 12:22:52,037 [INFO] - Extraction detection metrics - F1: 0.757, Precision: 0.845, Recall: 0.707, Detected-Cells: 6584
[37m2024-06-28 12:22:52,272 [INFO] - Training epoch stats:     Loss: 0.2327 - F1-Score: 0.9134 - Accuracy-Score: 0.9134 - AUROC: 0.9843 - AP: 0.9431
[37m2024-06-28 12:22:52,405 [INFO] - Validation epoch stats:   Loss: 0.3792 - F1-Score: 0.8605 - Accuracy-Score: 0.8605 - AUROC: 0.9629 - AP: 0.8544
[37m2024-06-28 12:22:52,457 [INFO] - Epoch: 6/50
[37m2024-06-28 12:22:52,458 [INFO] - Extracting training cells
[37m2024-06-28 12:23:03,840 [INFO] - Extraction detection metrics - F1: 0.774, Precision: 0.832, Recall: 0.735, Detected-Cells: 7039
[37m2024-06-28 12:23:04,119 [INFO] - Training epoch stats:     Loss: 0.2285 - F1-Score: 0.9115 - Accuracy-Score: 0.9115 - AUROC: 0.9846 - AP: 0.9542
[37m2024-06-28 12:23:04,254 [INFO] - Validation epoch stats:   Loss: 0.3791 - F1-Score: 0.8562 - Accuracy-Score: 0.8562 - AUROC: 0.9659 - AP: 0.8588
[37m2024-06-28 12:23:04,311 [INFO] - Epoch: 7/50
[37m2024-06-28 12:23:04,312 [INFO] - Extracting training cells
[37m2024-06-28 12:23:15,702 [INFO] - Extraction detection metrics - F1: 0.762, Precision: 0.830, Recall: 0.721, Detected-Cells: 6899
[37m2024-06-28 12:23:15,965 [INFO] - Training epoch stats:     Loss: 0.2555 - F1-Score: 0.9062 - Accuracy-Score: 0.9062 - AUROC: 0.9784 - AP: 0.9054
[37m2024-06-28 12:23:16,103 [INFO] - Validation epoch stats:   Loss: 0.3790 - F1-Score: 0.8613 - Accuracy-Score: 0.8613 - AUROC: 0.9492 - AP: 0.7282
[37m2024-06-28 12:23:16,159 [INFO] - Epoch: 8/50
[37m2024-06-28 12:23:16,159 [INFO] - Extracting training cells
[37m2024-06-28 12:23:30,575 [INFO] - Extraction detection metrics - F1: 0.767, Precision: 0.823, Recall: 0.729, Detected-Cells: 7274
[37m2024-06-28 12:23:30,860 [INFO] - Training epoch stats:     Loss: 0.1971 - F1-Score: 0.9233 - Accuracy-Score: 0.9233 - AUROC: 0.9884 - AP: 0.9458
[37m2024-06-28 12:23:30,998 [INFO] - Validation epoch stats:   Loss: 0.3488 - F1-Score: 0.8675 - Accuracy-Score: 0.8675 - AUROC: 0.9663 - AP: 0.8582
[37m2024-06-28 12:23:31,053 [INFO] - Epoch: 9/50
[37m2024-06-28 12:23:31,054 [INFO] - Extracting training cells
[37m2024-06-28 12:23:43,801 [INFO] - Extraction detection metrics - F1: 0.755, Precision: 0.832, Recall: 0.705, Detected-Cells: 7004
[37m2024-06-28 12:23:44,281 [INFO] - Training epoch stats:     Loss: 0.2257 - F1-Score: 0.9071 - Accuracy-Score: 0.9071 - AUROC: 0.9873 - AP: 0.9456
[37m2024-06-28 12:23:44,422 [INFO] - Validation epoch stats:   Loss: 0.3622 - F1-Score: 0.8635 - Accuracy-Score: 0.8635 - AUROC: 0.9661 - AP: 0.8587
[37m2024-06-28 12:23:44,481 [INFO] - Epoch: 10/50
[37m2024-06-28 12:23:44,481 [INFO] - Extracting training cells
[37m2024-06-28 12:23:57,800 [INFO] - Extraction detection metrics - F1: 0.775, Precision: 0.859, Recall: 0.726, Detected-Cells: 7184
[37m2024-06-28 12:23:58,279 [INFO] - Training epoch stats:     Loss: 0.2289 - F1-Score: 0.9070 - Accuracy-Score: 0.9070 - AUROC: 0.9864 - AP: 0.9427
[37m2024-06-28 12:23:58,505 [INFO] - Validation epoch stats:   Loss: 0.3499 - F1-Score: 0.8659 - Accuracy-Score: 0.8659 - AUROC: 0.9660 - AP: 0.8578
[37m2024-06-28 12:23:58,659 [INFO] - Epoch: 11/50
[37m2024-06-28 12:23:58,660 [INFO] - Extracting training cells
[37m2024-06-28 12:24:14,661 [INFO] - Extraction detection metrics - F1: 0.785, Precision: 0.842, Recall: 0.747, Detected-Cells: 7375
[37m2024-06-28 12:24:14,994 [INFO] - Training epoch stats:     Loss: 0.2206 - F1-Score: 0.9127 - Accuracy-Score: 0.9127 - AUROC: 0.9878 - AP: 0.9631
[37m2024-06-28 12:24:15,201 [INFO] - Validation epoch stats:   Loss: 0.3560 - F1-Score: 0.8642 - Accuracy-Score: 0.8642 - AUROC: 0.9670 - AP: 0.8632
[37m2024-06-28 12:24:15,202 [INFO] - New best model - save checkpoint
[37m2024-06-28 12:24:15,385 [INFO] - Epoch: 12/50
[37m2024-06-28 12:24:15,386 [INFO] - Extracting training cells
[37m2024-06-28 12:24:27,846 [INFO] - Extraction detection metrics - F1: 0.770, Precision: 0.843, Recall: 0.724, Detected-Cells: 6309
[37m2024-06-28 12:24:28,066 [INFO] - Training epoch stats:     Loss: 0.3389 - F1-Score: 0.8764 - Accuracy-Score: 0.8764 - AUROC: 0.9733 - AP: 0.9334
[37m2024-06-28 12:24:28,184 [INFO] - Validation epoch stats:   Loss: 0.3513 - F1-Score: 0.8587 - Accuracy-Score: 0.8587 - AUROC: 0.9664 - AP: 0.8571
[37m2024-06-28 12:24:28,245 [INFO] - Epoch: 13/50
[37m2024-06-28 12:24:28,246 [INFO] - Extracting training cells
[37m2024-06-28 12:24:40,337 [INFO] - Extraction detection metrics - F1: 0.789, Precision: 0.857, Recall: 0.749, Detected-Cells: 7179
[37m2024-06-28 12:24:40,634 [INFO] - Training epoch stats:     Loss: 0.3654 - F1-Score: 0.8762 - Accuracy-Score: 0.8762 - AUROC: 0.9672 - AP: 0.9057
[37m2024-06-28 12:24:40,771 [INFO] - Validation epoch stats:   Loss: 0.3482 - F1-Score: 0.8668 - Accuracy-Score: 0.8668 - AUROC: 0.9665 - AP: 0.8645
[37m2024-06-28 12:24:40,832 [INFO] - Epoch: 14/50
[37m2024-06-28 12:24:40,833 [INFO] - Extracting training cells
[37m2024-06-28 12:24:51,956 [INFO] - Extraction detection metrics - F1: 0.774, Precision: 0.839, Recall: 0.730, Detected-Cells: 6762
[37m2024-06-28 12:24:52,192 [INFO] - Training epoch stats:     Loss: 0.2104 - F1-Score: 0.9227 - Accuracy-Score: 0.9227 - AUROC: 0.9877 - AP: 0.9597
[37m2024-06-28 12:24:52,368 [INFO] - Validation epoch stats:   Loss: 0.3367 - F1-Score: 0.8673 - Accuracy-Score: 0.8673 - AUROC: 0.9683 - AP: 0.8681
[37m2024-06-28 12:24:52,369 [INFO] - New best model - save checkpoint
[37m2024-06-28 12:24:52,516 [INFO] - Epoch: 15/50
[37m2024-06-28 12:24:52,517 [INFO] - Extracting training cells
[37m2024-06-28 12:25:04,642 [INFO] - Extraction detection metrics - F1: 0.751, Precision: 0.830, Recall: 0.704, Detected-Cells: 6862
[37m2024-06-28 12:25:04,880 [INFO] - Training epoch stats:     Loss: 0.2090 - F1-Score: 0.9194 - Accuracy-Score: 0.9194 - AUROC: 0.9883 - AP: 0.9658
[37m2024-06-28 12:25:05,000 [INFO] - Validation epoch stats:   Loss: 0.3181 - F1-Score: 0.8742 - Accuracy-Score: 0.8742 - AUROC: 0.9717 - AP: 0.8752
[37m2024-06-28 12:25:05,001 [INFO] - New best model - save checkpoint
[37m2024-06-28 12:25:05,171 [INFO] - Epoch: 16/50
[37m2024-06-28 12:25:05,172 [INFO] - Extracting training cells
[37m2024-06-28 12:25:16,920 [INFO] - Extraction detection metrics - F1: 0.774, Precision: 0.834, Recall: 0.734, Detected-Cells: 7490
[37m2024-06-28 12:25:17,163 [INFO] - Training epoch stats:     Loss: 0.1708 - F1-Score: 0.9346 - Accuracy-Score: 0.9346 - AUROC: 0.9914 - AP: 0.9701
[37m2024-06-28 12:25:17,285 [INFO] - Validation epoch stats:   Loss: 0.3670 - F1-Score: 0.8572 - Accuracy-Score: 0.8572 - AUROC: 0.9698 - AP: 0.8713
[37m2024-06-28 12:25:17,344 [INFO] - Epoch: 17/50
[37m2024-06-28 12:25:17,345 [INFO] - Extracting training cells
[37m2024-06-28 12:25:29,620 [INFO] - Extraction detection metrics - F1: 0.776, Precision: 0.855, Recall: 0.723, Detected-Cells: 7356
[37m2024-06-28 12:25:29,855 [INFO] - Training epoch stats:     Loss: 0.1569 - F1-Score: 0.9400 - Accuracy-Score: 0.9400 - AUROC: 0.9928 - AP: 0.9755
[37m2024-06-28 12:25:29,970 [INFO] - Validation epoch stats:   Loss: 0.3302 - F1-Score: 0.8752 - Accuracy-Score: 0.8752 - AUROC: 0.9711 - AP: 0.8753
[37m2024-06-28 12:25:30,030 [INFO] - Epoch: 18/50
[37m2024-06-28 12:25:30,031 [INFO] - Extracting training cells
[37m2024-06-28 12:25:41,504 [INFO] - Extraction detection metrics - F1: 0.777, Precision: 0.845, Recall: 0.730, Detected-Cells: 7420
[37m2024-06-28 12:25:41,743 [INFO] - Training epoch stats:     Loss: 0.1696 - F1-Score: 0.9321 - Accuracy-Score: 0.9321 - AUROC: 0.9921 - AP: 0.9691
[37m2024-06-28 12:25:41,860 [INFO] - Validation epoch stats:   Loss: 0.3122 - F1-Score: 0.8776 - Accuracy-Score: 0.8776 - AUROC: 0.9718 - AP: 0.8813
[37m2024-06-28 12:25:41,861 [INFO] - New best model - save checkpoint
[37m2024-06-28 12:25:42,013 [INFO] - Epoch: 19/50
[37m2024-06-28 12:25:42,014 [INFO] - Extracting training cells
[37m2024-06-28 12:25:53,525 [INFO] - Extraction detection metrics - F1: 0.766, Precision: 0.835, Recall: 0.718, Detected-Cells: 6811
[37m2024-06-28 12:25:53,785 [INFO] - Training epoch stats:     Loss: 0.3050 - F1-Score: 0.8965 - Accuracy-Score: 0.8965 - AUROC: 0.9788 - AP: 0.9351
[37m2024-06-28 12:25:53,923 [INFO] - Validation epoch stats:   Loss: 0.3720 - F1-Score: 0.8634 - Accuracy-Score: 0.8634 - AUROC: 0.9640 - AP: 0.8596
[37m2024-06-28 12:25:53,995 [INFO] - Epoch: 20/50
[37m2024-06-28 12:25:53,996 [INFO] - Extracting training cells
[37m2024-06-28 12:26:05,508 [INFO] - Extraction detection metrics - F1: 0.796, Precision: 0.873, Recall: 0.744, Detected-Cells: 7436
[37m2024-06-28 12:26:05,777 [INFO] - Training epoch stats:     Loss: 0.1756 - F1-Score: 0.9326 - Accuracy-Score: 0.9326 - AUROC: 0.9915 - AP: 0.9741
[37m2024-06-28 12:26:05,921 [INFO] - Validation epoch stats:   Loss: 0.3513 - F1-Score: 0.8781 - Accuracy-Score: 0.8781 - AUROC: 0.9714 - AP: 0.8773
[37m2024-06-28 12:26:05,983 [INFO] - Epoch: 21/50
[37m2024-06-28 12:26:05,984 [INFO] - Extracting training cells
[37m2024-06-28 12:26:17,935 [INFO] - Extraction detection metrics - F1: 0.763, Precision: 0.825, Recall: 0.729, Detected-Cells: 7135
[37m2024-06-28 12:26:18,140 [INFO] - Training epoch stats:     Loss: 0.2593 - F1-Score: 0.9074 - Accuracy-Score: 0.9074 - AUROC: 0.9764 - AP: 0.8823
[37m2024-06-28 12:26:18,282 [INFO] - Validation epoch stats:   Loss: 0.3874 - F1-Score: 0.8659 - Accuracy-Score: 0.8659 - AUROC: 0.9202 - AP: 0.7408
[37m2024-06-28 12:26:18,348 [INFO] - Epoch: 22/50
[37m2024-06-28 12:26:18,348 [INFO] - Extracting training cells
[37m2024-06-28 12:26:29,713 [INFO] - Extraction detection metrics - F1: 0.767, Precision: 0.832, Recall: 0.724, Detected-Cells: 6734
[37m2024-06-28 12:26:29,926 [INFO] - Training epoch stats:     Loss: 0.1538 - F1-Score: 0.9458 - Accuracy-Score: 0.9458 - AUROC: 0.9929 - AP: 0.9746
[37m2024-06-28 12:26:30,037 [INFO] - Validation epoch stats:   Loss: 0.3610 - F1-Score: 0.8714 - Accuracy-Score: 0.8714 - AUROC: 0.9690 - AP: 0.8680
[37m2024-06-28 12:26:30,099 [INFO] - Epoch: 23/50
[37m2024-06-28 12:26:30,100 [INFO] - Extracting training cells
[37m2024-06-28 12:26:41,237 [INFO] - Extraction detection metrics - F1: 0.795, Precision: 0.862, Recall: 0.748, Detected-Cells: 7567
[37m2024-06-28 12:26:41,528 [INFO] - Training epoch stats:     Loss: 0.1586 - F1-Score: 0.9393 - Accuracy-Score: 0.9393 - AUROC: 0.9930 - AP: 0.9649
[37m2024-06-28 12:26:41,666 [INFO] - Validation epoch stats:   Loss: 0.3545 - F1-Score: 0.8745 - Accuracy-Score: 0.8745 - AUROC: 0.9629 - AP: 0.8616
[37m2024-06-28 12:26:41,726 [INFO] - Epoch: 24/50
[37m2024-06-28 12:26:41,727 [INFO] - Extracting training cells
[37m2024-06-28 12:26:53,508 [INFO] - Extraction detection metrics - F1: 0.776, Precision: 0.848, Recall: 0.729, Detected-Cells: 7450
[37m2024-06-28 12:26:53,975 [INFO] - Training epoch stats:     Loss: 0.1327 - F1-Score: 0.9499 - Accuracy-Score: 0.9499 - AUROC: 0.9946 - AP: 0.9771
[37m2024-06-28 12:26:54,110 [INFO] - Validation epoch stats:   Loss: 0.3514 - F1-Score: 0.8737 - Accuracy-Score: 0.8737 - AUROC: 0.9665 - AP: 0.8635
[37m2024-06-28 12:26:54,167 [INFO] - Epoch: 25/50
[37m2024-06-28 12:26:54,167 [INFO] - Extracting training cells
[37m2024-06-28 12:27:04,813 [INFO] - Extraction detection metrics - F1: 0.775, Precision: 0.835, Recall: 0.736, Detected-Cells: 5604
[37m2024-06-28 12:27:05,004 [INFO] - Training epoch stats:     Loss: 0.3511 - F1-Score: 0.8844 - Accuracy-Score: 0.8844 - AUROC: 0.9757 - AP: 0.9439
[37m2024-06-28 12:27:05,161 [INFO] - Validation epoch stats:   Loss: 0.3411 - F1-Score: 0.8709 - Accuracy-Score: 0.8709 - AUROC: 0.9644 - AP: 0.8613
[37m2024-06-28 12:27:05,219 [INFO] - Epoch: 26/50
[37m2024-06-28 12:27:05,219 [INFO] - Extracting training cells
[37m2024-06-28 12:27:17,155 [INFO] - Extraction detection metrics - F1: 0.793, Precision: 0.864, Recall: 0.749, Detected-Cells: 7433
[37m2024-06-28 12:27:17,444 [INFO] - Training epoch stats:     Loss: 0.2351 - F1-Score: 0.9182 - Accuracy-Score: 0.9182 - AUROC: 0.9850 - AP: 0.9142
[37m2024-06-28 12:27:17,586 [INFO] - Validation epoch stats:   Loss: 0.3380 - F1-Score: 0.8716 - Accuracy-Score: 0.8716 - AUROC: 0.9634 - AP: 0.8600
[37m2024-06-28 12:27:17,643 [INFO] - Epoch: 27/50
[37m2024-06-28 12:27:17,644 [INFO] - Extracting training cells
[37m2024-06-28 12:27:29,793 [INFO] - Extraction detection metrics - F1: 0.763, Precision: 0.844, Recall: 0.717, Detected-Cells: 7450
[37m2024-06-28 12:27:30,037 [INFO] - Training epoch stats:     Loss: 0.1473 - F1-Score: 0.9450 - Accuracy-Score: 0.9450 - AUROC: 0.9942 - AP: 0.9850
[37m2024-06-28 12:27:30,150 [INFO] - Validation epoch stats:   Loss: 0.3334 - F1-Score: 0.8749 - Accuracy-Score: 0.8749 - AUROC: 0.9670 - AP: 0.8656
[37m2024-06-28 12:27:30,207 [INFO] - Epoch: 28/50
[37m2024-06-28 12:27:30,207 [INFO] - Extracting training cells
[37m2024-06-28 12:27:41,620 [INFO] - Extraction detection metrics - F1: 0.766, Precision: 0.838, Recall: 0.717, Detected-Cells: 5937
[37m2024-06-28 12:27:41,835 [INFO] - Training epoch stats:     Loss: 0.1501 - F1-Score: 0.9468 - Accuracy-Score: 0.9468 - AUROC: 0.9935 - AP: 0.9748
[37m2024-06-28 12:27:41,970 [INFO] - Validation epoch stats:   Loss: 0.3496 - F1-Score: 0.8718 - Accuracy-Score: 0.8718 - AUROC: 0.9684 - AP: 0.8676
[37m2024-06-28 12:27:42,033 [INFO] - Epoch: 29/50
[37m2024-06-28 12:27:42,034 [INFO] - Extracting training cells
[37m2024-06-28 12:27:54,313 [INFO] - Extraction detection metrics - F1: 0.779, Precision: 0.828, Recall: 0.753, Detected-Cells: 6590
[37m2024-06-28 12:27:54,582 [INFO] - Training epoch stats:     Loss: 0.3631 - F1-Score: 0.8700 - Accuracy-Score: 0.8700 - AUROC: 0.9745 - AP: 0.9453
[37m2024-06-28 12:27:54,727 [INFO] - Validation epoch stats:   Loss: 0.3232 - F1-Score: 0.8744 - Accuracy-Score: 0.8744 - AUROC: 0.9669 - AP: 0.8676
[37m2024-06-28 12:27:54,794 [INFO] - Epoch: 30/50
[37m2024-06-28 12:27:54,794 [INFO] - Extracting training cells
[37m2024-06-28 12:28:07,607 [INFO] - Extraction detection metrics - F1: 0.764, Precision: 0.840, Recall: 0.719, Detected-Cells: 7454
[37m2024-06-28 12:28:07,979 [INFO] - Training epoch stats:     Loss: 0.1457 - F1-Score: 0.9486 - Accuracy-Score: 0.9486 - AUROC: 0.9946 - AP: 0.9817
[37m2024-06-28 12:28:08,473 [INFO] - Validation epoch stats:   Loss: 0.3328 - F1-Score: 0.8745 - Accuracy-Score: 0.8745 - AUROC: 0.9667 - AP: 0.8667
[37m2024-06-28 12:28:08,555 [INFO] - Epoch: 31/50
[37m2024-06-28 12:28:08,556 [INFO] - Extracting training cells
[37m2024-06-28 12:28:23,641 [INFO] - Extraction detection metrics - F1: 0.753, Precision: 0.832, Recall: 0.704, Detected-Cells: 6765
[37m2024-06-28 12:28:23,901 [INFO] - Training epoch stats:     Loss: 0.2444 - F1-Score: 0.9178 - Accuracy-Score: 0.9178 - AUROC: 0.9838 - AP: 0.9052
[37m2024-06-28 12:28:24,034 [INFO] - Validation epoch stats:   Loss: 0.3262 - F1-Score: 0.8766 - Accuracy-Score: 0.8766 - AUROC: 0.9677 - AP: 0.8686
[37m2024-06-28 12:28:24,103 [INFO] - Epoch: 32/50
[37m2024-06-28 12:28:24,104 [INFO] - Extracting training cells
[37m2024-06-28 12:28:35,683 [INFO] - Extraction detection metrics - F1: 0.785, Precision: 0.848, Recall: 0.744, Detected-Cells: 7497
[37m2024-06-28 12:28:35,971 [INFO] - Training epoch stats:     Loss: 0.1435 - F1-Score: 0.9453 - Accuracy-Score: 0.9453 - AUROC: 0.9944 - AP: 0.9830
[37m2024-06-28 12:28:36,110 [INFO] - Validation epoch stats:   Loss: 0.3259 - F1-Score: 0.8790 - Accuracy-Score: 0.8790 - AUROC: 0.9690 - AP: 0.8694
[37m2024-06-28 12:28:36,161 [INFO] - Epoch: 33/50
[37m2024-06-28 12:28:36,162 [INFO] - Extracting training cells
[37m2024-06-28 12:28:47,958 [INFO] - Extraction detection metrics - F1: 0.750, Precision: 0.829, Recall: 0.696, Detected-Cells: 6971
[37m2024-06-28 12:28:48,214 [INFO] - Training epoch stats:     Loss: 0.1768 - F1-Score: 0.9336 - Accuracy-Score: 0.9336 - AUROC: 0.9899 - AP: 0.9620
[37m2024-06-28 12:28:48,350 [INFO] - Validation epoch stats:   Loss: 0.3335 - F1-Score: 0.8778 - Accuracy-Score: 0.8778 - AUROC: 0.9698 - AP: 0.8715
[37m2024-06-28 12:28:48,412 [INFO] - Epoch: 34/50
[37m2024-06-28 12:28:48,413 [INFO] - Extracting training cells
[37m2024-06-28 12:29:00,353 [INFO] - Extraction detection metrics - F1: 0.769, Precision: 0.861, Recall: 0.711, Detected-Cells: 7150
[37m2024-06-28 12:29:00,651 [INFO] - Training epoch stats:     Loss: 0.1381 - F1-Score: 0.9490 - Accuracy-Score: 0.9490 - AUROC: 0.9949 - AP: 0.9781
[37m2024-06-28 12:29:00,797 [INFO] - Validation epoch stats:   Loss: 0.3320 - F1-Score: 0.8786 - Accuracy-Score: 0.8786 - AUROC: 0.9700 - AP: 0.8718
[37m2024-06-28 12:29:00,857 [INFO] - Epoch: 35/50
[37m2024-06-28 12:29:00,858 [INFO] - Extracting training cells
[37m2024-06-28 12:29:13,282 [INFO] - Extraction detection metrics - F1: 0.777, Precision: 0.854, Recall: 0.730, Detected-Cells: 7449
[37m2024-06-28 12:29:13,539 [INFO] - Training epoch stats:     Loss: 0.1308 - F1-Score: 0.9484 - Accuracy-Score: 0.9484 - AUROC: 0.9952 - AP: 0.9841
[37m2024-06-28 12:29:13,673 [INFO] - Validation epoch stats:   Loss: 0.3335 - F1-Score: 0.8797 - Accuracy-Score: 0.8797 - AUROC: 0.9701 - AP: 0.8722
[37m2024-06-28 12:29:13,747 [INFO] - Epoch: 36/50
[37m2024-06-28 12:29:13,748 [INFO] - Extracting training cells
[37m2024-06-28 12:29:25,277 [INFO] - Extraction detection metrics - F1: 0.800, Precision: 0.864, Recall: 0.762, Detected-Cells: 7378
[37m2024-06-28 12:29:25,568 [INFO] - Training epoch stats:     Loss: 0.1313 - F1-Score: 0.9511 - Accuracy-Score: 0.9511 - AUROC: 0.9948 - AP: 0.9825
[37m2024-06-28 12:29:25,703 [INFO] - Validation epoch stats:   Loss: 0.3395 - F1-Score: 0.8798 - Accuracy-Score: 0.8798 - AUROC: 0.9705 - AP: 0.8723
[37m2024-06-28 12:29:25,765 [INFO] - Epoch: 37/50
[37m2024-06-28 12:29:25,765 [INFO] - Extracting training cells
[37m2024-06-28 12:29:36,658 [INFO] - Extraction detection metrics - F1: 0.777, Precision: 0.852, Recall: 0.732, Detected-Cells: 6754
[37m2024-06-28 12:29:36,883 [INFO] - Training epoch stats:     Loss: 0.3259 - F1-Score: 0.9004 - Accuracy-Score: 0.9004 - AUROC: 0.9815 - AP: 0.9649
[37m2024-06-28 12:29:37,001 [INFO] - Validation epoch stats:   Loss: 0.3355 - F1-Score: 0.8732 - Accuracy-Score: 0.8732 - AUROC: 0.9688 - AP: 0.8695
[37m2024-06-28 12:29:37,065 [INFO] - Epoch: 38/50
[37m2024-06-28 12:29:37,065 [INFO] - Extracting training cells
[37m2024-06-28 12:29:48,237 [INFO] - Extraction detection metrics - F1: 0.772, Precision: 0.847, Recall: 0.726, Detected-Cells: 7122
[37m2024-06-28 12:29:48,522 [INFO] - Training epoch stats:     Loss: 0.2327 - F1-Score: 0.9148 - Accuracy-Score: 0.9148 - AUROC: 0.9861 - AP: 0.9640
[37m2024-06-28 12:29:48,662 [INFO] - Validation epoch stats:   Loss: 0.3252 - F1-Score: 0.8721 - Accuracy-Score: 0.8721 - AUROC: 0.9674 - AP: 0.8686
[37m2024-06-28 12:29:48,663 [INFO] - Performing early stopping!
[37m2024-06-28 12:29:48,669 [INFO] - Finished run xi6a66cj
