[37m2024-06-24 09:02:45,123 [INFO] - Instantiated Logger. WandB init and config update finished.
[37m2024-06-24 09:02:45,125 [INFO] - Run ist stored here: /cellvit/logs_paper/Head-Evaluation/ocelot/UNI/Amount/No-Aug/5/2024-06-24T090231_CellViT-UNI-5Percent
[37m2024-06-24 09:02:45,196 [INFO] - Cuda devices: [<torch.cuda.device object at 0x7fe9fcba0430>]
[37m2024-06-24 09:02:45,197 [INFO] - Using GPU: cuda:0
[37m2024-06-24 09:02:45,202 [INFO] - Using device: cuda:0
[37m2024-06-24 09:02:45,208 [INFO] - Loss function:
[37m2024-06-24 09:02:45,213 [INFO] - CrossEntropyLoss()
[37m2024-06-24 09:02:58,979 [INFO] - <All keys matched successfully>
[37m2024-06-24 09:02:59,754 [INFO] -
==========================================================================================
Layer (type:depth-idx)                   Output Shape              Param #
==========================================================================================
LinearClassifier                         [1, 2]                    --
├─Linear: 1-1                            [1, 256]                  262,400
├─ReLU: 1-2                              [1, 256]                  --
├─Dropout: 1-3                           [1, 256]                  --
├─Linear: 1-4                            [1, 2]                    514
==========================================================================================
Total params: 262,914
Trainable params: 262,914
Non-trainable params: 0
Total mult-adds (M): 0.26
==========================================================================================
Input size (MB): 0.00
Forward/backward pass size (MB): 0.00
Params size (MB): 1.05
Estimated Total Size (MB): 1.06
==========================================================================================
[37m2024-06-24 09:02:59,755 [INFO] - Loaded AdamW Optimizer with following hyperparameters:
[37m2024-06-24 09:02:59,760 [INFO] - {'lr': 5e-05, 'betas': [0.85, 0.9], 'weight_decay': 0.00055}
[37m2024-06-24 09:02:59,765 [INFO] - Using early stopping with a range of 10 and maximize strategy
[37m2024-06-24 09:02:59,782 [INFO] - Caching datasets
[37m2024-06-24 09:03:01,549 [INFO] - Instantiate Trainer
[37m2024-06-24 09:03:01,554 [INFO] - Calling Trainer Fit
[37m2024-06-24 09:03:01,555 [INFO] - Dataset is cached after first epoch
[37m2024-06-24 09:03:01,561 [INFO] - Starting training, total number of epochs: 50
[37m2024-06-24 09:03:01,566 [INFO] - Epoch: 1/50
[37m2024-06-24 09:03:01,573 [INFO] - Extracting training cells
[37m2024-06-24 09:03:17,903 [INFO] - Extraction detection metrics - F1: 0.731, Precision: 0.697, Recall: 0.828, Detected-Cells: 2633
[37m2024-06-24 09:03:17,905 [INFO] - Caching dataset 35f78a39f87c9afb0273d1c9b802f8e28bdc3ad57f1bd065d62969d8030cf21e to disk...
[37m2024-06-24 09:03:20,115 [INFO] - Training epoch stats:     Loss: 0.6607 - F1-Score: 0.6672 - Accuracy-Score: 0.6730 - AUROC: 0.7446 - AP: 0.6983
[37m2024-06-24 09:03:20,125 [INFO] - Extracting validation cells
[37m2024-06-24 09:04:14,683 [INFO] - Extraction detection metrics - F1: 0.723, Precision: 0.684, Recall: 0.810, Detected-Cells: 19610
[37m2024-06-24 09:04:14,686 [INFO] - Caching dataset bfeb7101834d8ce2518bc9a605646d8528eb104e9be34cc187c069953e6c8b62 to disk...
[37m2024-06-24 09:04:34,296 [INFO] - Validation epoch stats:   Loss: 0.6670 - F1-Score: 0.6539 - Accuracy-Score: 0.6490 - AUROC: 0.8045 - AP: 0.8642
[37m2024-06-24 09:04:34,299 [INFO] - New best model - save checkpoint
[37m2024-06-24 09:04:34,482 [INFO] - Epoch: 2/50
[37m2024-06-24 09:04:34,607 [INFO] - Training epoch stats:     Loss: 0.5846 - F1-Score: 0.8128 - Accuracy-Score: 0.8511 - AUROC: 0.9356 - AP: 0.9311
[37m2024-06-24 09:04:34,976 [INFO] - Validation epoch stats:   Loss: 0.6544 - F1-Score: 0.5996 - Accuracy-Score: 0.6245 - AUROC: 0.8606 - AP: 0.9066
[37m2024-06-24 09:04:34,977 [INFO] - New best model - save checkpoint
[37m2024-06-24 09:04:35,160 [INFO] - Epoch: 3/50
[37m2024-06-24 09:04:35,260 [INFO] - Training epoch stats:     Loss: 0.5205 - F1-Score: 0.8327 - Accuracy-Score: 0.8656 - AUROC: 0.9640 - AP: 0.9588
[37m2024-06-24 09:04:35,615 [INFO] - Validation epoch stats:   Loss: 0.6384 - F1-Score: 0.6212 - Accuracy-Score: 0.6396 - AUROC: 0.8764 - AP: 0.9172
[37m2024-06-24 09:04:35,616 [INFO] - New best model - save checkpoint
[37m2024-06-24 09:04:35,797 [INFO] - Epoch: 4/50
[37m2024-06-24 09:04:35,894 [INFO] - Training epoch stats:     Loss: 0.4608 - F1-Score: 0.8583 - Accuracy-Score: 0.8842 - AUROC: 0.9741 - AP: 0.9690
[37m2024-06-24 09:04:36,258 [INFO] - Validation epoch stats:   Loss: 0.6197 - F1-Score: 0.6570 - Accuracy-Score: 0.6639 - AUROC: 0.8827 - AP: 0.9210
[37m2024-06-24 09:04:36,259 [INFO] - New best model - save checkpoint
[37m2024-06-24 09:04:36,427 [INFO] - Epoch: 5/50
[37m2024-06-24 09:04:36,528 [INFO] - Training epoch stats:     Loss: 0.4078 - F1-Score: 0.8843 - Accuracy-Score: 0.9028 - AUROC: 0.9773 - AP: 0.9723
[37m2024-06-24 09:04:36,891 [INFO] - Validation epoch stats:   Loss: 0.5957 - F1-Score: 0.7102 - Accuracy-Score: 0.7024 - AUROC: 0.8868 - AP: 0.9232
[37m2024-06-24 09:04:36,891 [INFO] - New best model - save checkpoint
[37m2024-06-24 09:04:37,042 [INFO] - Epoch: 6/50
[37m2024-06-24 09:04:37,191 [INFO] - Training epoch stats:     Loss: 0.3574 - F1-Score: 0.8950 - Accuracy-Score: 0.9104 - AUROC: 0.9790 - AP: 0.9741
[37m2024-06-24 09:04:37,785 [INFO] - Validation epoch stats:   Loss: 0.5771 - F1-Score: 0.7345 - Accuracy-Score: 0.7211 - AUROC: 0.8881 - AP: 0.9236
[37m2024-06-24 09:04:37,785 [INFO] - New best model - save checkpoint
[37m2024-06-24 09:04:37,957 [INFO] - Epoch: 7/50
[37m2024-06-24 09:04:38,112 [INFO] - Training epoch stats:     Loss: 0.3145 - F1-Score: 0.9116 - Accuracy-Score: 0.9233 - AUROC: 0.9813 - AP: 0.9764
[37m2024-06-24 09:04:38,709 [INFO] - Validation epoch stats:   Loss: 0.5600 - F1-Score: 0.7543 - Accuracy-Score: 0.7370 - AUROC: 0.8888 - AP: 0.9238
[37m2024-06-24 09:04:38,709 [INFO] - New best model - save checkpoint
[37m2024-06-24 09:04:38,871 [INFO] - Epoch: 8/50
[37m2024-06-24 09:04:39,032 [INFO] - Training epoch stats:     Loss: 0.2861 - F1-Score: 0.9168 - Accuracy-Score: 0.9267 - AUROC: 0.9819 - AP: 0.9771
[37m2024-06-24 09:04:39,481 [INFO] - Validation epoch stats:   Loss: 0.5402 - F1-Score: 0.7798 - Accuracy-Score: 0.7581 - AUROC: 0.8899 - AP: 0.9243
[37m2024-06-24 09:04:39,482 [INFO] - New best model - save checkpoint
[37m2024-06-24 09:04:39,650 [INFO] - Epoch: 9/50
[37m2024-06-24 09:04:39,749 [INFO] - Training epoch stats:     Loss: 0.2575 - F1-Score: 0.9206 - Accuracy-Score: 0.9294 - AUROC: 0.9835 - AP: 0.9794
[37m2024-06-24 09:04:40,104 [INFO] - Validation epoch stats:   Loss: 0.5244 - F1-Score: 0.7934 - Accuracy-Score: 0.7697 - AUROC: 0.8905 - AP: 0.9246
[37m2024-06-24 09:04:40,105 [INFO] - New best model - save checkpoint
[37m2024-06-24 09:04:40,269 [INFO] - Epoch: 10/50
[37m2024-06-24 09:04:40,369 [INFO] - Training epoch stats:     Loss: 0.2315 - F1-Score: 0.9241 - Accuracy-Score: 0.9320 - AUROC: 0.9838 - AP: 0.9795
[37m2024-06-24 09:04:40,734 [INFO] - Validation epoch stats:   Loss: 0.5143 - F1-Score: 0.8012 - Accuracy-Score: 0.7767 - AUROC: 0.8910 - AP: 0.9248
[37m2024-06-24 09:04:40,735 [INFO] - New best model - save checkpoint
[37m2024-06-24 09:04:40,904 [INFO] - Epoch: 11/50
[37m2024-06-24 09:04:41,001 [INFO] - Training epoch stats:     Loss: 0.2116 - F1-Score: 0.9250 - Accuracy-Score: 0.9324 - AUROC: 0.9849 - AP: 0.9810
[37m2024-06-24 09:04:41,374 [INFO] - Validation epoch stats:   Loss: 0.5077 - F1-Score: 0.8059 - Accuracy-Score: 0.7808 - AUROC: 0.8909 - AP: 0.9246
[37m2024-06-24 09:04:41,433 [INFO] - Epoch: 12/50
[37m2024-06-24 09:04:41,530 [INFO] - Training epoch stats:     Loss: 0.1967 - F1-Score: 0.9281 - Accuracy-Score: 0.9354 - AUROC: 0.9854 - AP: 0.9817
[37m2024-06-24 09:04:41,882 [INFO] - Validation epoch stats:   Loss: 0.5103 - F1-Score: 0.8019 - Accuracy-Score: 0.7774 - AUROC: 0.8907 - AP: 0.9243
[37m2024-06-24 09:04:41,937 [INFO] - Epoch: 13/50
[37m2024-06-24 09:04:42,045 [INFO] - Training epoch stats:     Loss: 0.1841 - F1-Score: 0.9313 - Accuracy-Score: 0.9381 - AUROC: 0.9864 - AP: 0.9828
[37m2024-06-24 09:04:42,483 [INFO] - Validation epoch stats:   Loss: 0.5045 - F1-Score: 0.8078 - Accuracy-Score: 0.7826 - AUROC: 0.8913 - AP: 0.9246
[37m2024-06-24 09:04:42,483 [INFO] - New best model - save checkpoint
[37m2024-06-24 09:04:42,655 [INFO] - Epoch: 14/50
[37m2024-06-24 09:04:42,812 [INFO] - Training epoch stats:     Loss: 0.1735 - F1-Score: 0.9311 - Accuracy-Score: 0.9377 - AUROC: 0.9867 - AP: 0.9832
[37m2024-06-24 09:04:43,421 [INFO] - Validation epoch stats:   Loss: 0.4999 - F1-Score: 0.8126 - Accuracy-Score: 0.7869 - AUROC: 0.8914 - AP: 0.9249
[37m2024-06-24 09:04:43,422 [INFO] - New best model - save checkpoint
[37m2024-06-24 09:04:43,582 [INFO] - Epoch: 15/50
[37m2024-06-24 09:04:43,738 [INFO] - Training epoch stats:     Loss: 0.1689 - F1-Score: 0.9337 - Accuracy-Score: 0.9400 - AUROC: 0.9868 - AP: 0.9832
[37m2024-06-24 09:04:44,340 [INFO] - Validation epoch stats:   Loss: 0.5095 - F1-Score: 0.8047 - Accuracy-Score: 0.7798 - AUROC: 0.8905 - AP: 0.9242
[37m2024-06-24 09:04:44,404 [INFO] - Epoch: 16/50
[37m2024-06-24 09:04:44,551 [INFO] - Training epoch stats:     Loss: 0.1555 - F1-Score: 0.9346 - Accuracy-Score: 0.9408 - AUROC: 0.9881 - AP: 0.9851
[37m2024-06-24 09:04:44,915 [INFO] - Validation epoch stats:   Loss: 0.5084 - F1-Score: 0.8069 - Accuracy-Score: 0.7816 - AUROC: 0.8901 - AP: 0.9238
[37m2024-06-24 09:04:44,974 [INFO] - Epoch: 17/50
[37m2024-06-24 09:04:45,072 [INFO] - Training epoch stats:     Loss: 0.1551 - F1-Score: 0.9371 - Accuracy-Score: 0.9430 - AUROC: 0.9885 - AP: 0.9853
[37m2024-06-24 09:04:45,448 [INFO] - Validation epoch stats:   Loss: 0.5080 - F1-Score: 0.8091 - Accuracy-Score: 0.7835 - AUROC: 0.8897 - AP: 0.9236
[37m2024-06-24 09:04:45,501 [INFO] - Epoch: 18/50
[37m2024-06-24 09:04:45,599 [INFO] - Training epoch stats:     Loss: 0.1542 - F1-Score: 0.9378 - Accuracy-Score: 0.9434 - AUROC: 0.9891 - AP: 0.9862
[37m2024-06-24 09:04:46,178 [INFO] - Validation epoch stats:   Loss: 0.5069 - F1-Score: 0.8116 - Accuracy-Score: 0.7855 - AUROC: 0.8897 - AP: 0.9238
[37m2024-06-24 09:04:46,234 [INFO] - Epoch: 19/50
[37m2024-06-24 09:04:46,330 [INFO] - Training epoch stats:     Loss: 0.1469 - F1-Score: 0.9408 - Accuracy-Score: 0.9461 - AUROC: 0.9889 - AP: 0.9860
[37m2024-06-24 09:04:46,698 [INFO] - Validation epoch stats:   Loss: 0.5125 - F1-Score: 0.8090 - Accuracy-Score: 0.7830 - AUROC: 0.8891 - AP: 0.9234
[37m2024-06-24 09:04:46,757 [INFO] - Epoch: 20/50
[37m2024-06-24 09:04:46,913 [INFO] - Training epoch stats:     Loss: 0.1412 - F1-Score: 0.9385 - Accuracy-Score: 0.9442 - AUROC: 0.9897 - AP: 0.9870
[37m2024-06-24 09:04:47,504 [INFO] - Validation epoch stats:   Loss: 0.5243 - F1-Score: 0.8019 - Accuracy-Score: 0.7767 - AUROC: 0.8881 - AP: 0.9226
[37m2024-06-24 09:04:47,562 [INFO] - Epoch: 21/50
[37m2024-06-24 09:04:47,721 [INFO] - Training epoch stats:     Loss: 0.1341 - F1-Score: 0.9406 - Accuracy-Score: 0.9461 - AUROC: 0.9899 - AP: 0.9871
[37m2024-06-24 09:04:48,319 [INFO] - Validation epoch stats:   Loss: 0.5193 - F1-Score: 0.8070 - Accuracy-Score: 0.7813 - AUROC: 0.8886 - AP: 0.9232
[37m2024-06-24 09:04:48,393 [INFO] - Epoch: 22/50
[37m2024-06-24 09:04:48,551 [INFO] - Training epoch stats:     Loss: 0.1321 - F1-Score: 0.9444 - Accuracy-Score: 0.9495 - AUROC: 0.9904 - AP: 0.9878
[37m2024-06-24 09:04:49,103 [INFO] - Validation epoch stats:   Loss: 0.5260 - F1-Score: 0.8034 - Accuracy-Score: 0.7780 - AUROC: 0.8881 - AP: 0.9229
[37m2024-06-24 09:04:49,153 [INFO] - Epoch: 23/50
[37m2024-06-24 09:04:49,250 [INFO] - Training epoch stats:     Loss: 0.1326 - F1-Score: 0.9439 - Accuracy-Score: 0.9491 - AUROC: 0.9908 - AP: 0.9884
[37m2024-06-24 09:04:49,610 [INFO] - Validation epoch stats:   Loss: 0.5324 - F1-Score: 0.8008 - Accuracy-Score: 0.7758 - AUROC: 0.8880 - AP: 0.9228
[37m2024-06-24 09:04:49,664 [INFO] - Epoch: 24/50
[37m2024-06-24 09:04:49,760 [INFO] - Training epoch stats:     Loss: 0.1306 - F1-Score: 0.9456 - Accuracy-Score: 0.9506 - AUROC: 0.9910 - AP: 0.9886
[37m2024-06-24 09:04:50,129 [INFO] - Validation epoch stats:   Loss: 0.5246 - F1-Score: 0.8080 - Accuracy-Score: 0.7819 - AUROC: 0.8882 - AP: 0.9230
[37m2024-06-24 09:04:50,129 [INFO] - Performing early stopping!
[37m2024-06-24 09:04:50,135 [INFO] - Finished run 1xxk6v8i
