[37m2024-06-28 11:50:34,299 [INFO] - Instantiated Logger. WandB init and config update finished.
[37m2024-06-28 11:50:34,300 [INFO] - Run ist stored here: /cellvit/logs_paper/Head-Evaluation/CoNSeP/SAM-H/Amount-DA/2024-06-28T115025_Amount-11-Seed-5
[37m2024-06-28 11:50:34,359 [INFO] - Cuda devices: [<torch.cuda.device object at 0x7f17261ac880>]
[37m2024-06-28 11:50:34,360 [INFO] - Using GPU: cuda:0
[37m2024-06-28 11:50:34,365 [INFO] - Using device: cuda:0
[37m2024-06-28 11:50:34,371 [INFO] - Loss function:
[37m2024-06-28 11:50:34,375 [INFO] - CrossEntropyLoss()
[37m2024-06-28 11:51:10,563 [INFO] - <All keys matched successfully>
[37m2024-06-28 11:51:13,361 [INFO] -
==========================================================================================
Layer (type:depth-idx)                   Output Shape              Param #
==========================================================================================
LinearClassifier                         [1, 4]                    --
├─Linear: 1-1                            [1, 128]                  163,968
├─ReLU: 1-2                              [1, 128]                  --
├─Dropout: 1-3                           [1, 128]                  --
├─Linear: 1-4                            [1, 4]                    516
==========================================================================================
Total params: 164,484
Trainable params: 164,484
Non-trainable params: 0
Total mult-adds (M): 0.16
==========================================================================================
Input size (MB): 0.01
Forward/backward pass size (MB): 0.00
Params size (MB): 0.66
Estimated Total Size (MB): 0.66
==========================================================================================
[37m2024-06-28 11:51:13,363 [INFO] - Loaded AdamW Optimizer with following hyperparameters:
[37m2024-06-28 11:51:13,368 [INFO] - {'betas': [0.85, 0.9], 'lr': 0.0005, 'weight_decay': 0.0005}
[37m2024-06-28 11:51:13,373 [INFO] - Using early stopping with a range of 20 and maximize strategy
[37m2024-06-28 11:51:13,464 [INFO] - Caching datasets
[37m2024-06-28 11:51:14,790 [INFO] - Instantiate Trainer
[37m2024-06-28 11:51:14,796 [INFO] - Calling Trainer Fit
[37m2024-06-28 11:51:14,796 [INFO] - Starting training, total number of epochs: 50
[37m2024-06-28 11:51:14,801 [INFO] - Epoch: 1/50
[37m2024-06-28 11:51:14,806 [INFO] - Extracting training cells
[37m2024-06-28 11:51:32,478 [INFO] - Extraction detection metrics - F1: 0.768, Precision: 0.830, Recall: 0.724, Detected-Cells: 4371
[37m2024-06-28 11:51:32,757 [INFO] - Training epoch stats:     Loss: 0.6004 - F1-Score: 0.7655 - Accuracy-Score: 0.7655 - AUROC: 0.8875 - AP: 0.6875
[37m2024-06-28 11:51:33,922 [INFO] - Loaded dataset from cache: /Consep/cache/1f728da27af6daed7b166ce5447f5dec18916e3679cb7b74ddaefb4a67df10d2.h5
[37m2024-06-28 11:51:34,116 [INFO] - Validation epoch stats:   Loss: 0.3923 - F1-Score: 0.8603 - Accuracy-Score: 0.8603 - AUROC: 0.9580 - AP: 0.8488
[37m2024-06-28 11:51:34,117 [INFO] - New best model - save checkpoint
[37m2024-06-28 11:51:34,285 [INFO] - Epoch: 2/50
[37m2024-06-28 11:51:34,286 [INFO] - Extracting training cells
[37m2024-06-28 11:51:43,360 [INFO] - Extraction detection metrics - F1: 0.752, Precision: 0.817, Recall: 0.720, Detected-Cells: 4245
[37m2024-06-28 11:51:43,528 [INFO] - Training epoch stats:     Loss: 0.4414 - F1-Score: 0.8575 - Accuracy-Score: 0.8575 - AUROC: 0.9516 - AP: 0.8394
[37m2024-06-28 11:51:43,696 [INFO] - Validation epoch stats:   Loss: 0.4202 - F1-Score: 0.8443 - Accuracy-Score: 0.8443 - AUROC: 0.9531 - AP: 0.8393
[37m2024-06-28 11:51:43,745 [INFO] - Epoch: 3/50
[37m2024-06-28 11:51:43,746 [INFO] - Extracting training cells
[37m2024-06-28 11:51:52,265 [INFO] - Extraction detection metrics - F1: 0.757, Precision: 0.841, Recall: 0.708, Detected-Cells: 4543
[37m2024-06-28 11:51:52,442 [INFO] - Training epoch stats:     Loss: 0.2866 - F1-Score: 0.8924 - Accuracy-Score: 0.8924 - AUROC: 0.9745 - AP: 0.8845
[37m2024-06-28 11:51:52,595 [INFO] - Validation epoch stats:   Loss: 0.3675 - F1-Score: 0.8606 - Accuracy-Score: 0.8606 - AUROC: 0.9644 - AP: 0.8569
[37m2024-06-28 11:51:52,596 [INFO] - New best model - save checkpoint
[37m2024-06-28 11:51:52,734 [INFO] - Epoch: 4/50
[37m2024-06-28 11:51:52,735 [INFO] - Extracting training cells
[37m2024-06-28 11:52:00,560 [INFO] - Extraction detection metrics - F1: 0.764, Precision: 0.844, Recall: 0.716, Detected-Cells: 4608
[37m2024-06-28 11:52:00,741 [INFO] - Training epoch stats:     Loss: 0.2284 - F1-Score: 0.9143 - Accuracy-Score: 0.9143 - AUROC: 0.9831 - AP: 0.9208
[37m2024-06-28 11:52:00,893 [INFO] - Validation epoch stats:   Loss: 0.3588 - F1-Score: 0.8642 - Accuracy-Score: 0.8642 - AUROC: 0.9623 - AP: 0.8593
[37m2024-06-28 11:52:00,951 [INFO] - Epoch: 5/50
[37m2024-06-28 11:52:00,952 [INFO] - Extracting training cells
[37m2024-06-28 11:52:08,799 [INFO] - Extraction detection metrics - F1: 0.753, Precision: 0.819, Recall: 0.713, Detected-Cells: 4115
[37m2024-06-28 11:52:08,974 [INFO] - Training epoch stats:     Loss: 0.2482 - F1-Score: 0.9047 - Accuracy-Score: 0.9047 - AUROC: 0.9787 - AP: 0.9043
[37m2024-06-28 11:52:09,146 [INFO] - Validation epoch stats:   Loss: 0.3261 - F1-Score: 0.8742 - Accuracy-Score: 0.8742 - AUROC: 0.9641 - AP: 0.8621
[37m2024-06-28 11:52:09,205 [INFO] - Epoch: 6/50
[37m2024-06-28 11:52:09,206 [INFO] - Extracting training cells
[37m2024-06-28 11:52:18,007 [INFO] - Extraction detection metrics - F1: 0.788, Precision: 0.856, Recall: 0.744, Detected-Cells: 4283
[37m2024-06-28 11:52:18,193 [INFO] - Training epoch stats:     Loss: 0.3112 - F1-Score: 0.8788 - Accuracy-Score: 0.8788 - AUROC: 0.9724 - AP: 0.8982
[37m2024-06-28 11:52:18,338 [INFO] - Validation epoch stats:   Loss: 0.3411 - F1-Score: 0.8689 - Accuracy-Score: 0.8689 - AUROC: 0.9632 - AP: 0.8552
[37m2024-06-28 11:52:18,399 [INFO] - Epoch: 7/50
[37m2024-06-28 11:52:18,399 [INFO] - Extracting training cells
[37m2024-06-28 11:52:26,903 [INFO] - Extraction detection metrics - F1: 0.777, Precision: 0.837, Recall: 0.743, Detected-Cells: 4438
[37m2024-06-28 11:52:27,072 [INFO] - Training epoch stats:     Loss: 0.2380 - F1-Score: 0.9045 - Accuracy-Score: 0.9045 - AUROC: 0.9836 - AP: 0.9397
[37m2024-06-28 11:52:27,216 [INFO] - Validation epoch stats:   Loss: 0.3510 - F1-Score: 0.8689 - Accuracy-Score: 0.8689 - AUROC: 0.9651 - AP: 0.8596
[37m2024-06-28 11:52:27,217 [INFO] - New best model - save checkpoint
[37m2024-06-28 11:52:27,349 [INFO] - Epoch: 8/50
[37m2024-06-28 11:52:27,350 [INFO] - Extracting training cells
[37m2024-06-28 11:52:36,211 [INFO] - Extraction detection metrics - F1: 0.793, Precision: 0.844, Recall: 0.765, Detected-Cells: 4509
[37m2024-06-28 11:52:36,866 [INFO] - Training epoch stats:     Loss: 0.2125 - F1-Score: 0.9188 - Accuracy-Score: 0.9188 - AUROC: 0.9848 - AP: 0.9482
[37m2024-06-28 11:52:37,102 [INFO] - Validation epoch stats:   Loss: 0.3563 - F1-Score: 0.8685 - Accuracy-Score: 0.8685 - AUROC: 0.9641 - AP: 0.8559
[37m2024-06-28 11:52:37,165 [INFO] - Epoch: 9/50
[37m2024-06-28 11:52:37,166 [INFO] - Extracting training cells
[37m2024-06-28 11:52:46,009 [INFO] - Extraction detection metrics - F1: 0.758, Precision: 0.838, Recall: 0.713, Detected-Cells: 4631
[37m2024-06-28 11:52:46,173 [INFO] - Training epoch stats:     Loss: 0.1955 - F1-Score: 0.9233 - Accuracy-Score: 0.9233 - AUROC: 0.9873 - AP: 0.9464
[37m2024-06-28 11:52:46,299 [INFO] - Validation epoch stats:   Loss: 0.3725 - F1-Score: 0.8599 - Accuracy-Score: 0.8599 - AUROC: 0.9675 - AP: 0.8652
[37m2024-06-28 11:52:46,300 [INFO] - New best model - save checkpoint
[37m2024-06-28 11:52:46,449 [INFO] - Epoch: 10/50
[37m2024-06-28 11:52:46,449 [INFO] - Extracting training cells
[37m2024-06-28 11:52:55,753 [INFO] - Extraction detection metrics - F1: 0.765, Precision: 0.845, Recall: 0.718, Detected-Cells: 4596
[37m2024-06-28 11:52:55,930 [INFO] - Training epoch stats:     Loss: 0.1854 - F1-Score: 0.9310 - Accuracy-Score: 0.9310 - AUROC: 0.9899 - AP: 0.9586
[37m2024-06-28 11:52:56,120 [INFO] - Validation epoch stats:   Loss: 0.3242 - F1-Score: 0.8747 - Accuracy-Score: 0.8747 - AUROC: 0.9693 - AP: 0.8643
[37m2024-06-28 11:52:56,120 [INFO] - New best model - save checkpoint
[37m2024-06-28 11:52:56,257 [INFO] - Epoch: 11/50
[37m2024-06-28 11:52:56,258 [INFO] - Extracting training cells
[37m2024-06-28 11:53:04,807 [INFO] - Extraction detection metrics - F1: 0.784, Precision: 0.840, Recall: 0.752, Detected-Cells: 4614
[37m2024-06-28 11:53:04,985 [INFO] - Training epoch stats:     Loss: 0.2325 - F1-Score: 0.9064 - Accuracy-Score: 0.9064 - AUROC: 0.9855 - AP: 0.9533
[37m2024-06-28 11:53:05,139 [INFO] - Validation epoch stats:   Loss: 0.3533 - F1-Score: 0.8706 - Accuracy-Score: 0.8706 - AUROC: 0.9638 - AP: 0.8570
[37m2024-06-28 11:53:05,191 [INFO] - Epoch: 12/50
[37m2024-06-28 11:53:05,191 [INFO] - Extracting training cells
[37m2024-06-28 11:53:14,526 [INFO] - Extraction detection metrics - F1: 0.780, Precision: 0.850, Recall: 0.741, Detected-Cells: 4335
[37m2024-06-28 11:53:14,706 [INFO] - Training epoch stats:     Loss: 0.4811 - F1-Score: 0.8270 - Accuracy-Score: 0.8270 - AUROC: 0.9489 - AP: 0.8600
[37m2024-06-28 11:53:14,864 [INFO] - Validation epoch stats:   Loss: 0.3460 - F1-Score: 0.8632 - Accuracy-Score: 0.8632 - AUROC: 0.9653 - AP: 0.8505
[37m2024-06-28 11:53:14,921 [INFO] - Epoch: 13/50
[37m2024-06-28 11:53:14,922 [INFO] - Extracting training cells
[37m2024-06-28 11:53:23,083 [INFO] - Extraction detection metrics - F1: 0.779, Precision: 0.841, Recall: 0.741, Detected-Cells: 4556
[37m2024-06-28 11:53:23,233 [INFO] - Training epoch stats:     Loss: 0.4655 - F1-Score: 0.8617 - Accuracy-Score: 0.8617 - AUROC: 0.9485 - AP: 0.8684
[37m2024-06-28 11:53:23,381 [INFO] - Validation epoch stats:   Loss: 0.3744 - F1-Score: 0.8574 - Accuracy-Score: 0.8574 - AUROC: 0.9649 - AP: 0.8585
[37m2024-06-28 11:53:23,434 [INFO] - Epoch: 14/50
[37m2024-06-28 11:53:23,434 [INFO] - Extracting training cells
[37m2024-06-28 11:53:31,860 [INFO] - Extraction detection metrics - F1: 0.771, Precision: 0.841, Recall: 0.734, Detected-Cells: 4079
[37m2024-06-28 11:53:32,021 [INFO] - Training epoch stats:     Loss: 0.2117 - F1-Score: 0.9245 - Accuracy-Score: 0.9245 - AUROC: 0.9867 - AP: 0.9447
[37m2024-06-28 11:53:32,148 [INFO] - Validation epoch stats:   Loss: 0.3538 - F1-Score: 0.8697 - Accuracy-Score: 0.8697 - AUROC: 0.9658 - AP: 0.8581
[37m2024-06-28 11:53:32,212 [INFO] - Epoch: 15/50
[37m2024-06-28 11:53:32,213 [INFO] - Extracting training cells
[37m2024-06-28 11:53:40,534 [INFO] - Extraction detection metrics - F1: 0.730, Precision: 0.815, Recall: 0.681, Detected-Cells: 4024
[37m2024-06-28 11:53:40,693 [INFO] - Training epoch stats:     Loss: 0.2265 - F1-Score: 0.9160 - Accuracy-Score: 0.9160 - AUROC: 0.9855 - AP: 0.9457
[37m2024-06-28 11:53:40,839 [INFO] - Validation epoch stats:   Loss: 0.3253 - F1-Score: 0.8752 - Accuracy-Score: 0.8752 - AUROC: 0.9688 - AP: 0.8671
[37m2024-06-28 11:53:40,896 [INFO] - Epoch: 16/50
[37m2024-06-28 11:53:40,897 [INFO] - Extracting training cells
[37m2024-06-28 11:53:49,534 [INFO] - Extraction detection metrics - F1: 0.780, Precision: 0.833, Recall: 0.748, Detected-Cells: 4779
[37m2024-06-28 11:53:49,720 [INFO] - Training epoch stats:     Loss: 0.1588 - F1-Score: 0.9368 - Accuracy-Score: 0.9368 - AUROC: 0.9920 - AP: 0.9594
[37m2024-06-28 11:53:49,870 [INFO] - Validation epoch stats:   Loss: 0.3455 - F1-Score: 0.8689 - Accuracy-Score: 0.8689 - AUROC: 0.9679 - AP: 0.8633
[37m2024-06-28 11:53:49,925 [INFO] - Epoch: 17/50
[37m2024-06-28 11:53:49,926 [INFO] - Extracting training cells
[37m2024-06-28 11:53:58,094 [INFO] - Extraction detection metrics - F1: 0.787, Precision: 0.854, Recall: 0.745, Detected-Cells: 4654
[37m2024-06-28 11:53:58,277 [INFO] - Training epoch stats:     Loss: 0.1626 - F1-Score: 0.9416 - Accuracy-Score: 0.9416 - AUROC: 0.9924 - AP: 0.9663
[37m2024-06-28 11:53:58,419 [INFO] - Validation epoch stats:   Loss: 0.3433 - F1-Score: 0.8757 - Accuracy-Score: 0.8757 - AUROC: 0.9635 - AP: 0.8614
[37m2024-06-28 11:53:58,476 [INFO] - Epoch: 18/50
[37m2024-06-28 11:53:58,477 [INFO] - Extracting training cells
[37m2024-06-28 11:54:07,416 [INFO] - Extraction detection metrics - F1: 0.785, Precision: 0.850, Recall: 0.743, Detected-Cells: 4703
[37m2024-06-28 11:54:07,591 [INFO] - Training epoch stats:     Loss: 0.1662 - F1-Score: 0.9322 - Accuracy-Score: 0.9322 - AUROC: 0.9922 - AP: 0.9639
[37m2024-06-28 11:54:07,723 [INFO] - Validation epoch stats:   Loss: 0.3429 - F1-Score: 0.8687 - Accuracy-Score: 0.8687 - AUROC: 0.9670 - AP: 0.8589
[37m2024-06-28 11:54:07,791 [INFO] - Epoch: 19/50
[37m2024-06-28 11:54:07,791 [INFO] - Extracting training cells
[37m2024-06-28 11:54:15,684 [INFO] - Extraction detection metrics - F1: 0.759, Precision: 0.841, Recall: 0.713, Detected-Cells: 4366
[37m2024-06-28 11:54:15,842 [INFO] - Training epoch stats:     Loss: 0.1875 - F1-Score: 0.9306 - Accuracy-Score: 0.9306 - AUROC: 0.9899 - AP: 0.9622
[37m2024-06-28 11:54:15,982 [INFO] - Validation epoch stats:   Loss: 0.3350 - F1-Score: 0.8757 - Accuracy-Score: 0.8757 - AUROC: 0.9695 - AP: 0.8651
[37m2024-06-28 11:54:15,983 [INFO] - New best model - save checkpoint
[37m2024-06-28 11:54:16,144 [INFO] - Epoch: 20/50
[37m2024-06-28 11:54:16,144 [INFO] - Extracting training cells
[37m2024-06-28 11:54:24,446 [INFO] - Extraction detection metrics - F1: 0.758, Precision: 0.849, Recall: 0.703, Detected-Cells: 4421
[37m2024-06-28 11:54:24,666 [INFO] - Training epoch stats:     Loss: 0.1681 - F1-Score: 0.9344 - Accuracy-Score: 0.9344 - AUROC: 0.9915 - AP: 0.9639
[37m2024-06-28 11:54:25,315 [INFO] - Validation epoch stats:   Loss: 0.3383 - F1-Score: 0.8804 - Accuracy-Score: 0.8804 - AUROC: 0.9690 - AP: 0.8682
[37m2024-06-28 11:54:25,377 [INFO] - Epoch: 21/50
[37m2024-06-28 11:54:25,378 [INFO] - Extracting training cells
[37m2024-06-28 11:54:33,274 [INFO] - Extraction detection metrics - F1: 0.776, Precision: 0.817, Recall: 0.755, Detected-Cells: 4518
[37m2024-06-28 11:54:33,460 [INFO] - Training epoch stats:     Loss: 0.2074 - F1-Score: 0.9247 - Accuracy-Score: 0.9247 - AUROC: 0.9891 - AP: 0.9618
[37m2024-06-28 11:54:33,614 [INFO] - Validation epoch stats:   Loss: 0.3363 - F1-Score: 0.8725 - Accuracy-Score: 0.8725 - AUROC: 0.9650 - AP: 0.8596
[37m2024-06-28 11:54:33,670 [INFO] - Epoch: 22/50
[37m2024-06-28 11:54:33,671 [INFO] - Extracting training cells
[37m2024-06-28 11:54:42,239 [INFO] - Extraction detection metrics - F1: 0.746, Precision: 0.819, Recall: 0.698, Detected-Cells: 4153
[37m2024-06-28 11:54:42,423 [INFO] - Training epoch stats:     Loss: 0.1632 - F1-Score: 0.9359 - Accuracy-Score: 0.9359 - AUROC: 0.9928 - AP: 0.9743
[37m2024-06-28 11:54:42,580 [INFO] - Validation epoch stats:   Loss: 0.3699 - F1-Score: 0.8608 - Accuracy-Score: 0.8608 - AUROC: 0.9646 - AP: 0.8588
[37m2024-06-28 11:54:42,638 [INFO] - Epoch: 23/50
[37m2024-06-28 11:54:42,638 [INFO] - Extracting training cells
[37m2024-06-28 11:54:51,662 [INFO] - Extraction detection metrics - F1: 0.771, Precision: 0.853, Recall: 0.724, Detected-Cells: 4662
[37m2024-06-28 11:54:51,854 [INFO] - Training epoch stats:     Loss: 0.1569 - F1-Score: 0.9389 - Accuracy-Score: 0.9389 - AUROC: 0.9925 - AP: 0.9686
[37m2024-06-28 11:54:52,018 [INFO] - Validation epoch stats:   Loss: 0.4057 - F1-Score: 0.8543 - Accuracy-Score: 0.8543 - AUROC: 0.9656 - AP: 0.8656
[37m2024-06-28 11:54:52,072 [INFO] - Epoch: 24/50
[37m2024-06-28 11:54:52,073 [INFO] - Extracting training cells
[37m2024-06-28 11:55:00,559 [INFO] - Extraction detection metrics - F1: 0.775, Precision: 0.845, Recall: 0.730, Detected-Cells: 4601
[37m2024-06-28 11:55:00,958 [INFO] - Training epoch stats:     Loss: 0.1266 - F1-Score: 0.9513 - Accuracy-Score: 0.9513 - AUROC: 0.9949 - AP: 0.9752
[37m2024-06-28 11:55:01,318 [INFO] - Validation epoch stats:   Loss: 0.3333 - F1-Score: 0.8768 - Accuracy-Score: 0.8768 - AUROC: 0.9692 - AP: 0.8683
[37m2024-06-28 11:55:01,381 [INFO] - Epoch: 25/50
[37m2024-06-28 11:55:01,382 [INFO] - Extracting training cells
[37m2024-06-28 11:55:09,984 [INFO] - Extraction detection metrics - F1: 0.753, Precision: 0.816, Recall: 0.716, Detected-Cells: 3919
[37m2024-06-28 11:55:10,139 [INFO] - Training epoch stats:     Loss: 0.4169 - F1-Score: 0.8663 - Accuracy-Score: 0.8663 - AUROC: 0.9690 - AP: 0.9136
[37m2024-06-28 11:55:10,268 [INFO] - Validation epoch stats:   Loss: 0.3349 - F1-Score: 0.8721 - Accuracy-Score: 0.8721 - AUROC: 0.9669 - AP: 0.8640
[37m2024-06-28 11:55:10,322 [INFO] - Epoch: 26/50
[37m2024-06-28 11:55:10,322 [INFO] - Extracting training cells
[37m2024-06-28 11:55:18,293 [INFO] - Extraction detection metrics - F1: 0.787, Precision: 0.861, Recall: 0.742, Detected-Cells: 4685
[37m2024-06-28 11:55:18,594 [INFO] - Training epoch stats:     Loss: 0.1366 - F1-Score: 0.9475 - Accuracy-Score: 0.9475 - AUROC: 0.9947 - AP: 0.9767
[37m2024-06-28 11:55:18,884 [INFO] - Validation epoch stats:   Loss: 0.3303 - F1-Score: 0.8696 - Accuracy-Score: 0.8696 - AUROC: 0.9683 - AP: 0.8665
[37m2024-06-28 11:55:18,937 [INFO] - Epoch: 27/50
[37m2024-06-28 11:55:18,937 [INFO] - Extracting training cells
[37m2024-06-28 11:55:30,061 [INFO] - Extraction detection metrics - F1: 0.766, Precision: 0.829, Recall: 0.727, Detected-Cells: 4580
[37m2024-06-28 11:55:32,664 [INFO] - Training epoch stats:     Loss: 0.1535 - F1-Score: 0.9419 - Accuracy-Score: 0.9419 - AUROC: 0.9934 - AP: 0.9756
[37m2024-06-28 11:55:32,991 [INFO] - Validation epoch stats:   Loss: 0.3253 - F1-Score: 0.8757 - Accuracy-Score: 0.8757 - AUROC: 0.9690 - AP: 0.8674
[37m2024-06-28 11:55:33,051 [INFO] - Epoch: 28/50
[37m2024-06-28 11:55:33,051 [INFO] - Extracting training cells
[37m2024-06-28 11:55:43,599 [INFO] - Extraction detection metrics - F1: 0.762, Precision: 0.825, Recall: 0.726, Detected-Cells: 4227
[37m2024-06-28 11:55:43,762 [INFO] - Training epoch stats:     Loss: 0.1475 - F1-Score: 0.9349 - Accuracy-Score: 0.9349 - AUROC: 0.9937 - AP: 0.9781
[37m2024-06-28 11:55:43,917 [INFO] - Validation epoch stats:   Loss: 0.3257 - F1-Score: 0.8781 - Accuracy-Score: 0.8781 - AUROC: 0.9697 - AP: 0.8687
[37m2024-06-28 11:55:43,918 [INFO] - New best model - save checkpoint
[37m2024-06-28 11:55:44,059 [INFO] - Epoch: 29/50
[37m2024-06-28 11:55:44,060 [INFO] - Extracting training cells
[37m2024-06-28 11:55:54,186 [INFO] - Extraction detection metrics - F1: 0.760, Precision: 0.789, Recall: 0.750, Detected-Cells: 4269
[37m2024-06-28 11:55:54,348 [INFO] - Training epoch stats:     Loss: 0.3818 - F1-Score: 0.8758 - Accuracy-Score: 0.8758 - AUROC: 0.9713 - AP: 0.9287
[37m2024-06-28 11:55:54,521 [INFO] - Validation epoch stats:   Loss: 0.3304 - F1-Score: 0.8735 - Accuracy-Score: 0.8735 - AUROC: 0.9676 - AP: 0.8653
[37m2024-06-28 11:55:54,592 [INFO] - Epoch: 30/50
[37m2024-06-28 11:55:54,592 [INFO] - Extracting training cells
[37m2024-06-28 11:56:04,860 [INFO] - Extraction detection metrics - F1: 0.760, Precision: 0.842, Recall: 0.715, Detected-Cells: 4648
[37m2024-06-28 11:56:05,047 [INFO] - Training epoch stats:     Loss: 0.1458 - F1-Score: 0.9503 - Accuracy-Score: 0.9503 - AUROC: 0.9944 - AP: 0.9756
[37m2024-06-28 11:56:05,207 [INFO] - Validation epoch stats:   Loss: 0.3295 - F1-Score: 0.8725 - Accuracy-Score: 0.8725 - AUROC: 0.9678 - AP: 0.8666
[37m2024-06-28 11:56:05,325 [INFO] - Epoch: 31/50
[37m2024-06-28 11:56:05,326 [INFO] - Extracting training cells
[37m2024-06-28 11:56:14,279 [INFO] - Extraction detection metrics - F1: 0.764, Precision: 0.838, Recall: 0.715, Detected-Cells: 4193
[37m2024-06-28 11:56:14,461 [INFO] - Training epoch stats:     Loss: 0.1944 - F1-Score: 0.9261 - Accuracy-Score: 0.9261 - AUROC: 0.9899 - AP: 0.9636
[37m2024-06-28 11:56:14,610 [INFO] - Validation epoch stats:   Loss: 0.3344 - F1-Score: 0.8685 - Accuracy-Score: 0.8685 - AUROC: 0.9678 - AP: 0.8676
[37m2024-06-28 11:56:14,671 [INFO] - Epoch: 32/50
[37m2024-06-28 11:56:14,672 [INFO] - Extracting training cells
[37m2024-06-28 11:56:23,029 [INFO] - Extraction detection metrics - F1: 0.788, Precision: 0.848, Recall: 0.751, Detected-Cells: 4748
[37m2024-06-28 11:56:23,219 [INFO] - Training epoch stats:     Loss: 0.1267 - F1-Score: 0.9518 - Accuracy-Score: 0.9518 - AUROC: 0.9953 - AP: 0.9797
[37m2024-06-28 11:56:23,369 [INFO] - Validation epoch stats:   Loss: 0.3291 - F1-Score: 0.8788 - Accuracy-Score: 0.8788 - AUROC: 0.9681 - AP: 0.8680
[37m2024-06-28 11:56:23,426 [INFO] - Epoch: 33/50
[37m2024-06-28 11:56:23,427 [INFO] - Extracting training cells
[37m2024-06-28 11:56:32,516 [INFO] - Extraction detection metrics - F1: 0.754, Precision: 0.844, Recall: 0.707, Detected-Cells: 4524
[37m2024-06-28 11:56:32,678 [INFO] - Training epoch stats:     Loss: 0.1420 - F1-Score: 0.9454 - Accuracy-Score: 0.9454 - AUROC: 0.9931 - AP: 0.9713
[37m2024-06-28 11:56:32,812 [INFO] - Validation epoch stats:   Loss: 0.3329 - F1-Score: 0.8780 - Accuracy-Score: 0.8780 - AUROC: 0.9683 - AP: 0.8691
[37m2024-06-28 11:56:32,866 [INFO] - Epoch: 34/50
[37m2024-06-28 11:56:32,867 [INFO] - Extracting training cells
[37m2024-06-28 11:56:40,977 [INFO] - Extraction detection metrics - F1: 0.759, Precision: 0.836, Recall: 0.716, Detected-Cells: 4551
[37m2024-06-28 11:56:41,163 [INFO] - Training epoch stats:     Loss: 0.1232 - F1-Score: 0.9519 - Accuracy-Score: 0.9519 - AUROC: 0.9955 - AP: 0.9831
[37m2024-06-28 11:56:41,312 [INFO] - Validation epoch stats:   Loss: 0.3319 - F1-Score: 0.8762 - Accuracy-Score: 0.8762 - AUROC: 0.9689 - AP: 0.8702
[37m2024-06-28 11:56:41,372 [INFO] - Epoch: 35/50
[37m2024-06-28 11:56:41,373 [INFO] - Extracting training cells
[37m2024-06-28 11:56:51,051 [INFO] - Extraction detection metrics - F1: 0.774, Precision: 0.838, Recall: 0.737, Detected-Cells: 4603
[37m2024-06-28 11:56:51,221 [INFO] - Training epoch stats:     Loss: 0.1164 - F1-Score: 0.9561 - Accuracy-Score: 0.9561 - AUROC: 0.9962 - AP: 0.9838
[37m2024-06-28 11:56:51,345 [INFO] - Validation epoch stats:   Loss: 0.3329 - F1-Score: 0.8781 - Accuracy-Score: 0.8781 - AUROC: 0.9688 - AP: 0.8695
[37m2024-06-28 11:56:51,405 [INFO] - Epoch: 36/50
[37m2024-06-28 11:56:51,405 [INFO] - Extracting training cells
[37m2024-06-28 11:57:00,132 [INFO] - Extraction detection metrics - F1: 0.785, Precision: 0.836, Recall: 0.756, Detected-Cells: 4468
[37m2024-06-28 11:57:00,286 [INFO] - Training epoch stats:     Loss: 0.1895 - F1-Score: 0.9205 - Accuracy-Score: 0.9205 - AUROC: 0.9910 - AP: 0.9742
[37m2024-06-28 11:57:00,410 [INFO] - Validation epoch stats:   Loss: 0.3407 - F1-Score: 0.8725 - Accuracy-Score: 0.8725 - AUROC: 0.9680 - AP: 0.8685
[37m2024-06-28 11:57:00,473 [INFO] - Epoch: 37/50
[37m2024-06-28 11:57:00,473 [INFO] - Extracting training cells
[37m2024-06-28 11:57:08,595 [INFO] - Extraction detection metrics - F1: 0.774, Precision: 0.855, Recall: 0.729, Detected-Cells: 4308
[37m2024-06-28 11:57:08,796 [INFO] - Training epoch stats:     Loss: 0.3995 - F1-Score: 0.8767 - Accuracy-Score: 0.8767 - AUROC: 0.9662 - AP: 0.8901
[37m2024-06-28 11:57:08,944 [INFO] - Validation epoch stats:   Loss: 0.3336 - F1-Score: 0.8732 - Accuracy-Score: 0.8732 - AUROC: 0.9672 - AP: 0.8664
[37m2024-06-28 11:57:08,998 [INFO] - Epoch: 38/50
[37m2024-06-28 11:57:08,999 [INFO] - Extracting training cells
[37m2024-06-28 11:57:17,338 [INFO] - Extraction detection metrics - F1: 0.790, Precision: 0.844, Recall: 0.758, Detected-Cells: 4703
[37m2024-06-28 11:57:17,521 [INFO] - Training epoch stats:     Loss: 0.2468 - F1-Score: 0.9213 - Accuracy-Score: 0.9213 - AUROC: 0.9783 - AP: 0.9264
[37m2024-06-28 11:57:17,673 [INFO] - Validation epoch stats:   Loss: 0.3389 - F1-Score: 0.8697 - Accuracy-Score: 0.8697 - AUROC: 0.9654 - AP: 0.8620
[37m2024-06-28 11:57:17,731 [INFO] - Epoch: 39/50
[37m2024-06-28 11:57:17,732 [INFO] - Extracting training cells
[37m2024-06-28 11:57:25,405 [INFO] - Extraction detection metrics - F1: 0.752, Precision: 0.818, Recall: 0.707, Detected-Cells: 3956
[37m2024-06-28 11:57:25,530 [INFO] - Training epoch stats:     Loss: 0.1916 - F1-Score: 0.9297 - Accuracy-Score: 0.9297 - AUROC: 0.9914 - AP: 0.9733
[37m2024-06-28 11:57:25,652 [INFO] - Validation epoch stats:   Loss: 0.3323 - F1-Score: 0.8740 - Accuracy-Score: 0.8740 - AUROC: 0.9668 - AP: 0.8651
[37m2024-06-28 11:57:25,707 [INFO] - Epoch: 40/50
[37m2024-06-28 11:57:25,707 [INFO] - Extracting training cells
[37m2024-06-28 11:57:34,619 [INFO] - Extraction detection metrics - F1: 0.746, Precision: 0.842, Recall: 0.687, Detected-Cells: 4229
[37m2024-06-28 11:57:34,802 [INFO] - Training epoch stats:     Loss: 0.4920 - F1-Score: 0.8579 - Accuracy-Score: 0.8579 - AUROC: 0.9559 - AP: 0.9027
[37m2024-06-28 11:57:35,774 [INFO] - Validation epoch stats:   Loss: 0.3465 - F1-Score: 0.8668 - Accuracy-Score: 0.8668 - AUROC: 0.9646 - AP: 0.8610
[37m2024-06-28 11:57:35,977 [INFO] - Epoch: 41/50
[37m2024-06-28 11:57:35,978 [INFO] - Extracting training cells
[37m2024-06-28 11:57:45,012 [INFO] - Extraction detection metrics - F1: 0.773, Precision: 0.832, Recall: 0.741, Detected-Cells: 4265
[37m2024-06-28 11:57:45,189 [INFO] - Training epoch stats:     Loss: 0.1847 - F1-Score: 0.9353 - Accuracy-Score: 0.9353 - AUROC: 0.9900 - AP: 0.9536
[37m2024-06-28 11:57:45,338 [INFO] - Validation epoch stats:   Loss: 0.3335 - F1-Score: 0.8766 - Accuracy-Score: 0.8766 - AUROC: 0.9660 - AP: 0.8637
[37m2024-06-28 11:57:45,406 [INFO] - Epoch: 42/50
[37m2024-06-28 11:57:45,407 [INFO] - Extracting training cells
[37m2024-06-28 11:57:53,979 [INFO] - Extraction detection metrics - F1: 0.785, Precision: 0.843, Recall: 0.755, Detected-Cells: 4572
[37m2024-06-28 11:57:54,162 [INFO] - Training epoch stats:     Loss: 0.2389 - F1-Score: 0.9138 - Accuracy-Score: 0.9138 - AUROC: 0.9807 - AP: 0.9295
[37m2024-06-28 11:57:54,309 [INFO] - Validation epoch stats:   Loss: 0.3361 - F1-Score: 0.8730 - Accuracy-Score: 0.8730 - AUROC: 0.9662 - AP: 0.8638
[37m2024-06-28 11:57:54,371 [INFO] - Epoch: 43/50
[37m2024-06-28 11:57:54,371 [INFO] - Extracting training cells
[37m2024-06-28 11:58:02,651 [INFO] - Extraction detection metrics - F1: 0.779, Precision: 0.804, Recall: 0.764, Detected-Cells: 4068
[37m2024-06-28 11:58:02,810 [INFO] - Training epoch stats:     Loss: 0.2741 - F1-Score: 0.8889 - Accuracy-Score: 0.8889 - AUROC: 0.9778 - AP: 0.9160
[37m2024-06-28 11:58:02,963 [INFO] - Validation epoch stats:   Loss: 0.3314 - F1-Score: 0.8778 - Accuracy-Score: 0.8778 - AUROC: 0.9662 - AP: 0.8631
[37m2024-06-28 11:58:03,015 [INFO] - Epoch: 44/50
[37m2024-06-28 11:58:03,016 [INFO] - Extracting training cells
[37m2024-06-28 11:58:11,602 [INFO] - Extraction detection metrics - F1: 0.787, Precision: 0.842, Recall: 0.748, Detected-Cells: 4560
[37m2024-06-28 11:58:11,781 [INFO] - Training epoch stats:     Loss: 0.1490 - F1-Score: 0.9493 - Accuracy-Score: 0.9493 - AUROC: 0.9935 - AP: 0.9660
[37m2024-06-28 11:58:11,942 [INFO] - Validation epoch stats:   Loss: 0.3357 - F1-Score: 0.8749 - Accuracy-Score: 0.8749 - AUROC: 0.9663 - AP: 0.8646
[37m2024-06-28 11:58:11,996 [INFO] - Epoch: 45/50
[37m2024-06-28 11:58:11,996 [INFO] - Extracting training cells
[37m2024-06-28 11:58:19,962 [INFO] - Extraction detection metrics - F1: 0.780, Precision: 0.846, Recall: 0.739, Detected-Cells: 4624
[37m2024-06-28 11:58:20,093 [INFO] - Training epoch stats:     Loss: 0.1893 - F1-Score: 0.9548 - Accuracy-Score: 0.9548 - AUROC: 0.9899 - AP: 0.9764
[37m2024-06-28 11:58:20,219 [INFO] - Validation epoch stats:   Loss: 0.3341 - F1-Score: 0.8756 - Accuracy-Score: 0.8756 - AUROC: 0.9666 - AP: 0.8662
[37m2024-06-28 11:58:20,272 [INFO] - Epoch: 46/50
[37m2024-06-28 11:58:20,273 [INFO] - Extracting training cells
[37m2024-06-28 11:58:29,400 [INFO] - Extraction detection metrics - F1: 0.785, Precision: 0.848, Recall: 0.753, Detected-Cells: 4345
[37m2024-06-28 11:58:29,747 [INFO] - Training epoch stats:     Loss: 0.3050 - F1-Score: 0.9089 - Accuracy-Score: 0.9089 - AUROC: 0.9712 - AP: 0.9122
[37m2024-06-28 11:58:29,873 [INFO] - Validation epoch stats:   Loss: 0.3369 - F1-Score: 0.8726 - Accuracy-Score: 0.8726 - AUROC: 0.9656 - AP: 0.8637
[37m2024-06-28 11:58:29,929 [INFO] - Epoch: 47/50
[37m2024-06-28 11:58:29,929 [INFO] - Extracting training cells
[37m2024-06-28 11:58:38,311 [INFO] - Extraction detection metrics - F1: 0.775, Precision: 0.857, Recall: 0.721, Detected-Cells: 4609
[37m2024-06-28 11:58:38,537 [INFO] - Training epoch stats:     Loss: 0.1297 - F1-Score: 0.9523 - Accuracy-Score: 0.9523 - AUROC: 0.9947 - AP: 0.9805
[37m2024-06-28 11:58:38,683 [INFO] - Validation epoch stats:   Loss: 0.3383 - F1-Score: 0.8740 - Accuracy-Score: 0.8740 - AUROC: 0.9658 - AP: 0.8644
[37m2024-06-28 11:58:38,742 [INFO] - Epoch: 48/50
[37m2024-06-28 11:58:38,743 [INFO] - Extracting training cells
[37m2024-06-28 11:58:46,948 [INFO] - Extraction detection metrics - F1: 0.777, Precision: 0.840, Recall: 0.751, Detected-Cells: 4583
[37m2024-06-28 11:58:47,117 [INFO] - Training epoch stats:     Loss: 0.1665 - F1-Score: 0.9302 - Accuracy-Score: 0.9302 - AUROC: 0.9933 - AP: 0.9788
[37m2024-06-28 11:58:47,279 [INFO] - Validation epoch stats:   Loss: 0.3335 - F1-Score: 0.8783 - Accuracy-Score: 0.8783 - AUROC: 0.9666 - AP: 0.8654
[37m2024-06-28 11:58:47,280 [INFO] - Performing early stopping!
[37m2024-06-28 11:58:47,285 [INFO] - Finished run 93mn43c1
