[37m2024-06-28 10:40:21,316 [INFO] - Instantiated Logger. WandB init and config update finished.
[37m2024-06-28 10:40:21,317 [INFO] - Run ist stored here: /cellvit/logs_paper/Head-Evaluation/CoNSeP/SAM-H/Amount-DA/2024-06-28T104012_Amount-14-Seed-4
[37m2024-06-28 10:40:21,376 [INFO] - Cuda devices: [<torch.cuda.device object at 0x7f0f64f647f0>]
[37m2024-06-28 10:40:21,377 [INFO] - Using GPU: cuda:0
[37m2024-06-28 10:40:21,383 [INFO] - Using device: cuda:0
[37m2024-06-28 10:40:21,388 [INFO] - Loss function:
[37m2024-06-28 10:40:21,393 [INFO] - CrossEntropyLoss()
[37m2024-06-28 10:40:43,469 [INFO] - <All keys matched successfully>
[37m2024-06-28 10:40:44,907 [INFO] -
==========================================================================================
Layer (type:depth-idx)                   Output Shape              Param #
==========================================================================================
LinearClassifier                         [1, 4]                    --
├─Linear: 1-1                            [1, 128]                  163,968
├─ReLU: 1-2                              [1, 128]                  --
├─Dropout: 1-3                           [1, 128]                  --
├─Linear: 1-4                            [1, 4]                    516
==========================================================================================
Total params: 164,484
Trainable params: 164,484
Non-trainable params: 0
Total mult-adds (M): 0.16
==========================================================================================
Input size (MB): 0.01
Forward/backward pass size (MB): 0.00
Params size (MB): 0.66
Estimated Total Size (MB): 0.66
==========================================================================================
[37m2024-06-28 10:40:44,909 [INFO] - Loaded AdamW Optimizer with following hyperparameters:
[37m2024-06-28 10:40:44,913 [INFO] - {'betas': [0.85, 0.9], 'lr': 0.0005, 'weight_decay': 0.0005}
[37m2024-06-28 10:40:44,922 [INFO] - Using early stopping with a range of 20 and maximize strategy
[37m2024-06-28 10:40:44,936 [INFO] - Caching datasets
[37m2024-06-28 10:40:46,163 [INFO] - Instantiate Trainer
[37m2024-06-28 10:40:46,169 [INFO] - Calling Trainer Fit
[37m2024-06-28 10:40:46,169 [INFO] - Starting training, total number of epochs: 50
[37m2024-06-28 10:40:46,174 [INFO] - Epoch: 1/50
[37m2024-06-28 10:40:46,180 [INFO] - Extracting training cells
[37m2024-06-28 10:41:01,861 [INFO] - Extraction detection metrics - F1: 0.773, Precision: 0.838, Recall: 0.736, Detected-Cells: 4554
[37m2024-06-28 10:41:02,205 [INFO] - Training epoch stats:     Loss: 0.5744 - F1-Score: 0.7835 - Accuracy-Score: 0.7835 - AUROC: 0.8855 - AP: 0.6879
[37m2024-06-28 10:41:03,579 [INFO] - Loaded dataset from cache: /Consep/cache/1f728da27af6daed7b166ce5447f5dec18916e3679cb7b74ddaefb4a67df10d2.h5
[37m2024-06-28 10:41:03,680 [INFO] - Validation epoch stats:   Loss: 0.4091 - F1-Score: 0.8417 - Accuracy-Score: 0.8417 - AUROC: 0.9507 - AP: 0.8321
[37m2024-06-28 10:41:03,681 [INFO] - New best model - save checkpoint
[37m2024-06-28 10:41:03,849 [INFO] - Epoch: 2/50
[37m2024-06-28 10:41:03,849 [INFO] - Extracting training cells
[37m2024-06-28 10:41:14,329 [INFO] - Extraction detection metrics - F1: 0.791, Precision: 0.852, Recall: 0.751, Detected-Cells: 5380
[37m2024-06-28 10:41:14,857 [INFO] - Training epoch stats:     Loss: 0.2964 - F1-Score: 0.8816 - Accuracy-Score: 0.8816 - AUROC: 0.9701 - AP: 0.8660
[37m2024-06-28 10:41:15,017 [INFO] - Validation epoch stats:   Loss: 0.3607 - F1-Score: 0.8659 - Accuracy-Score: 0.8659 - AUROC: 0.9608 - AP: 0.8528
[37m2024-06-28 10:41:15,018 [INFO] - New best model - save checkpoint
[37m2024-06-28 10:41:15,355 [INFO] - Epoch: 3/50
[37m2024-06-28 10:41:15,356 [INFO] - Extracting training cells
[37m2024-06-28 10:41:26,288 [INFO] - Extraction detection metrics - F1: 0.771, Precision: 0.832, Recall: 0.733, Detected-Cells: 5215
[37m2024-06-28 10:41:27,170 [INFO] - Training epoch stats:     Loss: 0.3334 - F1-Score: 0.8838 - Accuracy-Score: 0.8838 - AUROC: 0.9700 - AP: 0.8807
[37m2024-06-28 10:41:27,301 [INFO] - Validation epoch stats:   Loss: 0.3337 - F1-Score: 0.8702 - Accuracy-Score: 0.8702 - AUROC: 0.9672 - AP: 0.8653
[37m2024-06-28 10:41:27,302 [INFO] - New best model - save checkpoint
[37m2024-06-28 10:41:27,486 [INFO] - Epoch: 4/50
[37m2024-06-28 10:41:27,486 [INFO] - Extracting training cells
[37m2024-06-28 10:41:38,107 [INFO] - Extraction detection metrics - F1: 0.752, Precision: 0.832, Recall: 0.704, Detected-Cells: 5329
[37m2024-06-28 10:41:38,320 [INFO] - Training epoch stats:     Loss: 0.2060 - F1-Score: 0.9300 - Accuracy-Score: 0.9300 - AUROC: 0.9863 - AP: 0.9377
[37m2024-06-28 10:41:38,450 [INFO] - Validation epoch stats:   Loss: 0.3327 - F1-Score: 0.8737 - Accuracy-Score: 0.8737 - AUROC: 0.9682 - AP: 0.8628
[37m2024-06-28 10:41:38,451 [INFO] - New best model - save checkpoint
[37m2024-06-28 10:41:38,594 [INFO] - Epoch: 5/50
[37m2024-06-28 10:41:38,595 [INFO] - Extracting training cells
[37m2024-06-28 10:41:49,334 [INFO] - Extraction detection metrics - F1: 0.769, Precision: 0.858, Recall: 0.717, Detected-Cells: 5486
[37m2024-06-28 10:41:49,539 [INFO] - Training epoch stats:     Loss: 0.2191 - F1-Score: 0.9192 - Accuracy-Score: 0.9192 - AUROC: 0.9835 - AP: 0.9168
[37m2024-06-28 10:41:49,667 [INFO] - Validation epoch stats:   Loss: 0.3341 - F1-Score: 0.8720 - Accuracy-Score: 0.8720 - AUROC: 0.9697 - AP: 0.8666
[37m2024-06-28 10:41:49,668 [INFO] - New best model - save checkpoint
[37m2024-06-28 10:41:49,821 [INFO] - Epoch: 6/50
[37m2024-06-28 10:41:49,822 [INFO] - Extracting training cells
[37m2024-06-28 10:42:01,207 [INFO] - Extraction detection metrics - F1: 0.757, Precision: 0.848, Recall: 0.702, Detected-Cells: 5209
[37m2024-06-28 10:42:01,388 [INFO] - Training epoch stats:     Loss: 0.2781 - F1-Score: 0.8877 - Accuracy-Score: 0.8877 - AUROC: 0.9727 - AP: 0.8821
[37m2024-06-28 10:42:01,499 [INFO] - Validation epoch stats:   Loss: 0.3473 - F1-Score: 0.8629 - Accuracy-Score: 0.8629 - AUROC: 0.9663 - AP: 0.8542
[37m2024-06-28 10:42:01,542 [INFO] - Epoch: 7/50
[37m2024-06-28 10:42:01,543 [INFO] - Extracting training cells
[37m2024-06-28 10:42:10,886 [INFO] - Extraction detection metrics - F1: 0.792, Precision: 0.864, Recall: 0.750, Detected-Cells: 5676
[37m2024-06-28 10:42:11,111 [INFO] - Training epoch stats:     Loss: 0.1818 - F1-Score: 0.9318 - Accuracy-Score: 0.9318 - AUROC: 0.9883 - AP: 0.9382
[37m2024-06-28 10:42:11,245 [INFO] - Validation epoch stats:   Loss: 0.3423 - F1-Score: 0.8754 - Accuracy-Score: 0.8754 - AUROC: 0.9678 - AP: 0.8624
[37m2024-06-28 10:42:11,323 [INFO] - Epoch: 8/50
[37m2024-06-28 10:42:11,324 [INFO] - Extracting training cells
[37m2024-06-28 10:42:20,893 [INFO] - Extraction detection metrics - F1: 0.780, Precision: 0.853, Recall: 0.733, Detected-Cells: 5558
[37m2024-06-28 10:42:21,089 [INFO] - Training epoch stats:     Loss: 0.3027 - F1-Score: 0.9054 - Accuracy-Score: 0.9054 - AUROC: 0.9745 - AP: 0.8987
[37m2024-06-28 10:42:21,223 [INFO] - Validation epoch stats:   Loss: 0.3338 - F1-Score: 0.8713 - Accuracy-Score: 0.8713 - AUROC: 0.9680 - AP: 0.8639
[37m2024-06-28 10:42:21,290 [INFO] - Epoch: 9/50
[37m2024-06-28 10:42:21,291 [INFO] - Extracting training cells
[37m2024-06-28 10:42:31,257 [INFO] - Extraction detection metrics - F1: 0.781, Precision: 0.854, Recall: 0.741, Detected-Cells: 5200
[37m2024-06-28 10:42:31,468 [INFO] - Training epoch stats:     Loss: 0.2017 - F1-Score: 0.9231 - Accuracy-Score: 0.9231 - AUROC: 0.9877 - AP: 0.9435
[37m2024-06-28 10:42:31,602 [INFO] - Validation epoch stats:   Loss: 0.3134 - F1-Score: 0.8786 - Accuracy-Score: 0.8786 - AUROC: 0.9685 - AP: 0.8640
[37m2024-06-28 10:42:31,654 [INFO] - Epoch: 10/50
[37m2024-06-28 10:42:31,655 [INFO] - Extracting training cells
[37m2024-06-28 10:42:42,450 [INFO] - Extraction detection metrics - F1: 0.755, Precision: 0.839, Recall: 0.707, Detected-Cells: 5411
[37m2024-06-28 10:42:42,661 [INFO] - Training epoch stats:     Loss: 0.1794 - F1-Score: 0.9316 - Accuracy-Score: 0.9316 - AUROC: 0.9889 - AP: 0.9413
[37m2024-06-28 10:42:42,792 [INFO] - Validation epoch stats:   Loss: 0.3587 - F1-Score: 0.8659 - Accuracy-Score: 0.8659 - AUROC: 0.9685 - AP: 0.8654
[37m2024-06-28 10:42:42,862 [INFO] - Epoch: 11/50
[37m2024-06-28 10:42:42,863 [INFO] - Extracting training cells
[37m2024-06-28 10:42:53,306 [INFO] - Extraction detection metrics - F1: 0.762, Precision: 0.843, Recall: 0.713, Detected-Cells: 4932
[37m2024-06-28 10:42:53,487 [INFO] - Training epoch stats:     Loss: 0.4023 - F1-Score: 0.8631 - Accuracy-Score: 0.8631 - AUROC: 0.9625 - AP: 0.8864
[37m2024-06-28 10:42:53,619 [INFO] - Validation epoch stats:   Loss: 0.3228 - F1-Score: 0.8776 - Accuracy-Score: 0.8776 - AUROC: 0.9683 - AP: 0.8662
[37m2024-06-28 10:42:53,686 [INFO] - Epoch: 12/50
[37m2024-06-28 10:42:53,686 [INFO] - Extracting training cells
[37m2024-06-28 10:43:04,233 [INFO] - Extraction detection metrics - F1: 0.781, Precision: 0.841, Recall: 0.740, Detected-Cells: 5495
[37m2024-06-28 10:43:04,463 [INFO] - Training epoch stats:     Loss: 0.1640 - F1-Score: 0.9374 - Accuracy-Score: 0.9374 - AUROC: 0.9918 - AP: 0.9585
[37m2024-06-28 10:43:04,599 [INFO] - Validation epoch stats:   Loss: 0.4244 - F1-Score: 0.8455 - Accuracy-Score: 0.8455 - AUROC: 0.9672 - AP: 0.8596
[37m2024-06-28 10:43:04,655 [INFO] - Epoch: 13/50
[37m2024-06-28 10:43:04,656 [INFO] - Extracting training cells
[37m2024-06-28 10:43:14,128 [INFO] - Extraction detection metrics - F1: 0.772, Precision: 0.853, Recall: 0.725, Detected-Cells: 5509
[37m2024-06-28 10:43:14,326 [INFO] - Training epoch stats:     Loss: 0.3061 - F1-Score: 0.8940 - Accuracy-Score: 0.8940 - AUROC: 0.9765 - AP: 0.9313
[37m2024-06-28 10:43:14,456 [INFO] - Validation epoch stats:   Loss: 0.3505 - F1-Score: 0.8723 - Accuracy-Score: 0.8723 - AUROC: 0.9646 - AP: 0.8567
[37m2024-06-28 10:43:14,547 [INFO] - Epoch: 14/50
[37m2024-06-28 10:43:14,547 [INFO] - Extracting training cells
[37m2024-06-28 10:43:24,359 [INFO] - Extraction detection metrics - F1: 0.769, Precision: 0.840, Recall: 0.723, Detected-Cells: 5138
[37m2024-06-28 10:43:24,560 [INFO] - Training epoch stats:     Loss: 0.2069 - F1-Score: 0.9130 - Accuracy-Score: 0.9130 - AUROC: 0.9857 - AP: 0.9350
[37m2024-06-28 10:43:24,686 [INFO] - Validation epoch stats:   Loss: 0.3251 - F1-Score: 0.8752 - Accuracy-Score: 0.8752 - AUROC: 0.9693 - AP: 0.8639
[37m2024-06-28 10:43:24,752 [INFO] - Epoch: 15/50
[37m2024-06-28 10:43:24,752 [INFO] - Extracting training cells
[37m2024-06-28 10:43:36,398 [INFO] - Extraction detection metrics - F1: 0.763, Precision: 0.826, Recall: 0.717, Detected-Cells: 5316
[37m2024-06-28 10:43:36,617 [INFO] - Training epoch stats:     Loss: 0.1706 - F1-Score: 0.9402 - Accuracy-Score: 0.9402 - AUROC: 0.9900 - AP: 0.9526
[37m2024-06-28 10:43:36,750 [INFO] - Validation epoch stats:   Loss: 0.3328 - F1-Score: 0.8752 - Accuracy-Score: 0.8752 - AUROC: 0.9707 - AP: 0.8675
[37m2024-06-28 10:43:36,751 [INFO] - New best model - save checkpoint
[37m2024-06-28 10:43:36,897 [INFO] - Epoch: 16/50
[37m2024-06-28 10:43:36,898 [INFO] - Extracting training cells
[37m2024-06-28 10:43:46,713 [INFO] - Extraction detection metrics - F1: 0.761, Precision: 0.826, Recall: 0.721, Detected-Cells: 4939
[37m2024-06-28 10:43:47,067 [INFO] - Training epoch stats:     Loss: 0.2266 - F1-Score: 0.9180 - Accuracy-Score: 0.9180 - AUROC: 0.9852 - AP: 0.9411
[37m2024-06-28 10:43:47,371 [INFO] - Validation epoch stats:   Loss: 0.3127 - F1-Score: 0.8828 - Accuracy-Score: 0.8828 - AUROC: 0.9715 - AP: 0.8680
[37m2024-06-28 10:43:47,372 [INFO] - New best model - save checkpoint
[37m2024-06-28 10:43:47,647 [INFO] - Epoch: 17/50
[37m2024-06-28 10:43:47,647 [INFO] - Extracting training cells
[37m2024-06-28 10:44:01,704 [INFO] - Extraction detection metrics - F1: 0.763, Precision: 0.827, Recall: 0.724, Detected-Cells: 4980
[37m2024-06-28 10:44:01,981 [INFO] - Training epoch stats:     Loss: 0.1768 - F1-Score: 0.9357 - Accuracy-Score: 0.9357 - AUROC: 0.9909 - AP: 0.9645
[37m2024-06-28 10:44:02,152 [INFO] - Validation epoch stats:   Loss: 0.3279 - F1-Score: 0.8708 - Accuracy-Score: 0.8708 - AUROC: 0.9709 - AP: 0.8690
[37m2024-06-28 10:44:02,222 [INFO] - Epoch: 18/50
[37m2024-06-28 10:44:02,222 [INFO] - Extracting training cells
[37m2024-06-28 10:44:13,174 [INFO] - Extraction detection metrics - F1: 0.775, Precision: 0.839, Recall: 0.737, Detected-Cells: 5453
[37m2024-06-28 10:44:13,468 [INFO] - Training epoch stats:     Loss: 0.2926 - F1-Score: 0.8847 - Accuracy-Score: 0.8847 - AUROC: 0.9783 - AP: 0.9301
[37m2024-06-28 10:44:13,602 [INFO] - Validation epoch stats:   Loss: 0.3411 - F1-Score: 0.8671 - Accuracy-Score: 0.8671 - AUROC: 0.9651 - AP: 0.8604
[37m2024-06-28 10:44:13,653 [INFO] - Epoch: 19/50
[37m2024-06-28 10:44:13,653 [INFO] - Extracting training cells
[37m2024-06-28 10:44:24,299 [INFO] - Extraction detection metrics - F1: 0.765, Precision: 0.839, Recall: 0.718, Detected-Cells: 5431
[37m2024-06-28 10:44:24,481 [INFO] - Training epoch stats:     Loss: 0.1886 - F1-Score: 0.9280 - Accuracy-Score: 0.9280 - AUROC: 0.9890 - AP: 0.9570
[37m2024-06-28 10:44:24,607 [INFO] - Validation epoch stats:   Loss: 0.3331 - F1-Score: 0.8805 - Accuracy-Score: 0.8805 - AUROC: 0.9677 - AP: 0.8654
[37m2024-06-28 10:44:24,665 [INFO] - Epoch: 20/50
[37m2024-06-28 10:44:24,665 [INFO] - Extracting training cells
[37m2024-06-28 10:44:34,482 [INFO] - Extraction detection metrics - F1: 0.782, Precision: 0.861, Recall: 0.730, Detected-Cells: 5556
[37m2024-06-28 10:44:34,687 [INFO] - Training epoch stats:     Loss: 0.1517 - F1-Score: 0.9410 - Accuracy-Score: 0.9410 - AUROC: 0.9929 - AP: 0.9659
[37m2024-06-28 10:44:34,826 [INFO] - Validation epoch stats:   Loss: 0.3535 - F1-Score: 0.8738 - Accuracy-Score: 0.8738 - AUROC: 0.9652 - AP: 0.8658
[37m2024-06-28 10:44:34,909 [INFO] - Epoch: 21/50
[37m2024-06-28 10:44:34,910 [INFO] - Extracting training cells
[37m2024-06-28 10:44:45,039 [INFO] - Extraction detection metrics - F1: 0.772, Precision: 0.838, Recall: 0.732, Detected-Cells: 5578
[37m2024-06-28 10:44:45,371 [INFO] - Training epoch stats:     Loss: 0.1492 - F1-Score: 0.9435 - Accuracy-Score: 0.9435 - AUROC: 0.9928 - AP: 0.9629
[37m2024-06-28 10:44:45,481 [INFO] - Validation epoch stats:   Loss: 0.3325 - F1-Score: 0.8774 - Accuracy-Score: 0.8774 - AUROC: 0.9673 - AP: 0.8645
[37m2024-06-28 10:44:45,569 [INFO] - Epoch: 22/50
[37m2024-06-28 10:44:45,569 [INFO] - Extracting training cells
[37m2024-06-28 10:44:56,279 [INFO] - Extraction detection metrics - F1: 0.791, Precision: 0.840, Recall: 0.760, Detected-Cells: 5446
[37m2024-06-28 10:44:56,457 [INFO] - Training epoch stats:     Loss: 0.2085 - F1-Score: 0.9142 - Accuracy-Score: 0.9142 - AUROC: 0.9890 - AP: 0.9640
[37m2024-06-28 10:44:56,588 [INFO] - Validation epoch stats:   Loss: 0.3127 - F1-Score: 0.8831 - Accuracy-Score: 0.8831 - AUROC: 0.9732 - AP: 0.8773
[37m2024-06-28 10:44:56,589 [INFO] - New best model - save checkpoint
[37m2024-06-28 10:44:56,747 [INFO] - Epoch: 23/50
[37m2024-06-28 10:44:56,748 [INFO] - Extracting training cells
[37m2024-06-28 10:45:08,408 [INFO] - Extraction detection metrics - F1: 0.770, Precision: 0.866, Recall: 0.715, Detected-Cells: 5510
[37m2024-06-28 10:45:08,699 [INFO] - Training epoch stats:     Loss: 0.2540 - F1-Score: 0.9134 - Accuracy-Score: 0.9134 - AUROC: 0.9838 - AP: 0.9556
[37m2024-06-28 10:45:08,973 [INFO] - Validation epoch stats:   Loss: 0.3398 - F1-Score: 0.8733 - Accuracy-Score: 0.8733 - AUROC: 0.9616 - AP: 0.8570
[37m2024-06-28 10:45:09,073 [INFO] - Epoch: 24/50
[37m2024-06-28 10:45:09,074 [INFO] - Extracting training cells
[37m2024-06-28 10:45:21,116 [INFO] - Extraction detection metrics - F1: 0.754, Precision: 0.837, Recall: 0.704, Detected-Cells: 5422
[37m2024-06-28 10:45:21,350 [INFO] - Training epoch stats:     Loss: 0.1477 - F1-Score: 0.9417 - Accuracy-Score: 0.9417 - AUROC: 0.9933 - AP: 0.9675
[37m2024-06-28 10:45:21,485 [INFO] - Validation epoch stats:   Loss: 0.3458 - F1-Score: 0.8781 - Accuracy-Score: 0.8781 - AUROC: 0.9673 - AP: 0.8638
[37m2024-06-28 10:45:21,569 [INFO] - Epoch: 25/50
[37m2024-06-28 10:45:21,570 [INFO] - Extracting training cells
[37m2024-06-28 10:45:32,599 [INFO] - Extraction detection metrics - F1: 0.772, Precision: 0.830, Recall: 0.742, Detected-Cells: 4855
[37m2024-06-28 10:45:32,776 [INFO] - Training epoch stats:     Loss: 0.2427 - F1-Score: 0.9127 - Accuracy-Score: 0.9127 - AUROC: 0.9859 - AP: 0.9414
[37m2024-06-28 10:45:32,911 [INFO] - Validation epoch stats:   Loss: 0.3368 - F1-Score: 0.8747 - Accuracy-Score: 0.8747 - AUROC: 0.9682 - AP: 0.8651
[37m2024-06-28 10:45:32,971 [INFO] - Epoch: 26/50
[37m2024-06-28 10:45:32,972 [INFO] - Extracting training cells
[37m2024-06-28 10:45:42,968 [INFO] - Extraction detection metrics - F1: 0.776, Precision: 0.843, Recall: 0.734, Detected-Cells: 5580
[37m2024-06-28 10:45:43,465 [INFO] - Training epoch stats:     Loss: 0.1328 - F1-Score: 0.9482 - Accuracy-Score: 0.9482 - AUROC: 0.9949 - AP: 0.9784
[37m2024-06-28 10:45:43,571 [INFO] - Validation epoch stats:   Loss: 0.3260 - F1-Score: 0.8802 - Accuracy-Score: 0.8802 - AUROC: 0.9690 - AP: 0.8664
[37m2024-06-28 10:45:43,639 [INFO] - Epoch: 27/50
[37m2024-06-28 10:45:43,640 [INFO] - Extracting training cells
[37m2024-06-28 10:45:53,853 [INFO] - Extraction detection metrics - F1: 0.781, Precision: 0.834, Recall: 0.748, Detected-Cells: 5103
[37m2024-06-28 10:45:54,048 [INFO] - Training epoch stats:     Loss: 0.2463 - F1-Score: 0.9144 - Accuracy-Score: 0.9144 - AUROC: 0.9797 - AP: 0.9372
[37m2024-06-28 10:45:54,181 [INFO] - Validation epoch stats:   Loss: 0.3393 - F1-Score: 0.8740 - Accuracy-Score: 0.8740 - AUROC: 0.9669 - AP: 0.8620
[37m2024-06-28 10:45:54,246 [INFO] - Epoch: 28/50
[37m2024-06-28 10:45:54,246 [INFO] - Extracting training cells
[37m2024-06-28 10:46:03,816 [INFO] - Extraction detection metrics - F1: 0.740, Precision: 0.836, Recall: 0.693, Detected-Cells: 5349
[37m2024-06-28 10:46:04,009 [INFO] - Training epoch stats:     Loss: 0.1496 - F1-Score: 0.9443 - Accuracy-Score: 0.9443 - AUROC: 0.9934 - AP: 0.9712
[37m2024-06-28 10:46:04,144 [INFO] - Validation epoch stats:   Loss: 0.3341 - F1-Score: 0.8769 - Accuracy-Score: 0.8769 - AUROC: 0.9666 - AP: 0.8619
[37m2024-06-28 10:46:04,216 [INFO] - Epoch: 29/50
[37m2024-06-28 10:46:04,217 [INFO] - Extracting training cells
[37m2024-06-28 10:46:14,855 [INFO] - Extraction detection metrics - F1: 0.780, Precision: 0.862, Recall: 0.728, Detected-Cells: 5162
[37m2024-06-28 10:46:15,029 [INFO] - Training epoch stats:     Loss: 0.1733 - F1-Score: 0.9417 - Accuracy-Score: 0.9417 - AUROC: 0.9928 - AP: 0.9740
[37m2024-06-28 10:46:15,159 [INFO] - Validation epoch stats:   Loss: 0.3300 - F1-Score: 0.8817 - Accuracy-Score: 0.8817 - AUROC: 0.9668 - AP: 0.8627
[37m2024-06-28 10:46:15,217 [INFO] - Epoch: 30/50
[37m2024-06-28 10:46:15,218 [INFO] - Extracting training cells
[37m2024-06-28 10:46:26,153 [INFO] - Extraction detection metrics - F1: 0.782, Precision: 0.854, Recall: 0.736, Detected-Cells: 5591
[37m2024-06-28 10:46:26,374 [INFO] - Training epoch stats:     Loss: 0.1287 - F1-Score: 0.9517 - Accuracy-Score: 0.9517 - AUROC: 0.9947 - AP: 0.9737
[37m2024-06-28 10:46:26,703 [INFO] - Validation epoch stats:   Loss: 0.3240 - F1-Score: 0.8797 - Accuracy-Score: 0.8797 - AUROC: 0.9676 - AP: 0.8659
[37m2024-06-28 10:46:26,775 [INFO] - Epoch: 31/50
[37m2024-06-28 10:46:26,776 [INFO] - Extracting training cells
[37m2024-06-28 10:46:36,911 [INFO] - Extraction detection metrics - F1: 0.766, Precision: 0.842, Recall: 0.721, Detected-Cells: 5226
[37m2024-06-28 10:46:37,116 [INFO] - Training epoch stats:     Loss: 0.1460 - F1-Score: 0.9392 - Accuracy-Score: 0.9392 - AUROC: 0.9944 - AP: 0.9754
[37m2024-06-28 10:46:37,250 [INFO] - Validation epoch stats:   Loss: 0.3241 - F1-Score: 0.8816 - Accuracy-Score: 0.8816 - AUROC: 0.9679 - AP: 0.8662
[37m2024-06-28 10:46:37,327 [INFO] - Epoch: 32/50
[37m2024-06-28 10:46:37,328 [INFO] - Extracting training cells
[37m2024-06-28 10:46:47,718 [INFO] - Extraction detection metrics - F1: 0.766, Precision: 0.848, Recall: 0.714, Detected-Cells: 5365
[37m2024-06-28 10:46:47,918 [INFO] - Training epoch stats:     Loss: 0.1348 - F1-Score: 0.9534 - Accuracy-Score: 0.9534 - AUROC: 0.9942 - AP: 0.9785
[37m2024-06-28 10:46:48,071 [INFO] - Validation epoch stats:   Loss: 0.3215 - F1-Score: 0.8828 - Accuracy-Score: 0.8828 - AUROC: 0.9682 - AP: 0.8665
[37m2024-06-28 10:46:48,153 [INFO] - Epoch: 33/50
[37m2024-06-28 10:46:48,154 [INFO] - Extracting training cells
[37m2024-06-28 10:46:59,127 [INFO] - Extraction detection metrics - F1: 0.766, Precision: 0.855, Recall: 0.711, Detected-Cells: 5002
[37m2024-06-28 10:46:59,331 [INFO] - Training epoch stats:     Loss: 0.1439 - F1-Score: 0.9438 - Accuracy-Score: 0.9438 - AUROC: 0.9943 - AP: 0.9775
[37m2024-06-28 10:46:59,459 [INFO] - Validation epoch stats:   Loss: 0.3243 - F1-Score: 0.8807 - Accuracy-Score: 0.8807 - AUROC: 0.9665 - AP: 0.8641
[37m2024-06-28 10:46:59,518 [INFO] - Epoch: 34/50
[37m2024-06-28 10:46:59,518 [INFO] - Extracting training cells
[37m2024-06-28 10:47:10,667 [INFO] - Extraction detection metrics - F1: 0.777, Precision: 0.849, Recall: 0.728, Detected-Cells: 5351
[37m2024-06-28 10:47:10,843 [INFO] - Training epoch stats:     Loss: 0.2723 - F1-Score: 0.9228 - Accuracy-Score: 0.9228 - AUROC: 0.9710 - AP: 0.8802
[37m2024-06-28 10:47:10,953 [INFO] - Validation epoch stats:   Loss: 0.3190 - F1-Score: 0.8816 - Accuracy-Score: 0.8816 - AUROC: 0.9666 - AP: 0.8635
[37m2024-06-28 10:47:11,005 [INFO] - Epoch: 35/50
[37m2024-06-28 10:47:11,006 [INFO] - Extracting training cells
[37m2024-06-28 10:47:21,502 [INFO] - Extraction detection metrics - F1: 0.745, Precision: 0.823, Recall: 0.697, Detected-Cells: 4784
[37m2024-06-28 10:47:21,674 [INFO] - Training epoch stats:     Loss: 0.4053 - F1-Score: 0.8783 - Accuracy-Score: 0.8783 - AUROC: 0.9605 - AP: 0.8483
[37m2024-06-28 10:47:21,782 [INFO] - Validation epoch stats:   Loss: 0.3170 - F1-Score: 0.8800 - Accuracy-Score: 0.8800 - AUROC: 0.9654 - AP: 0.8515
[37m2024-06-28 10:47:21,849 [INFO] - Epoch: 36/50
[37m2024-06-28 10:47:21,849 [INFO] - Extracting training cells
[37m2024-06-28 10:47:31,326 [INFO] - Extraction detection metrics - F1: 0.761, Precision: 0.825, Recall: 0.720, Detected-Cells: 5058
[37m2024-06-28 10:47:31,514 [INFO] - Training epoch stats:     Loss: 0.1959 - F1-Score: 0.9373 - Accuracy-Score: 0.9373 - AUROC: 0.9885 - AP: 0.9557
[37m2024-06-28 10:47:31,643 [INFO] - Validation epoch stats:   Loss: 0.3137 - F1-Score: 0.8788 - Accuracy-Score: 0.8788 - AUROC: 0.9679 - AP: 0.8589
[37m2024-06-28 10:47:31,692 [INFO] - Epoch: 37/50
[37m2024-06-28 10:47:31,692 [INFO] - Extracting training cells
[37m2024-06-28 10:47:41,224 [INFO] - Extraction detection metrics - F1: 0.760, Precision: 0.832, Recall: 0.710, Detected-Cells: 5363
[37m2024-06-28 10:47:41,457 [INFO] - Training epoch stats:     Loss: 0.1215 - F1-Score: 0.9564 - Accuracy-Score: 0.9564 - AUROC: 0.9954 - AP: 0.9753
[37m2024-06-28 10:47:41,594 [INFO] - Validation epoch stats:   Loss: 0.3129 - F1-Score: 0.8814 - Accuracy-Score: 0.8814 - AUROC: 0.9695 - AP: 0.8677
[37m2024-06-28 10:47:41,674 [INFO] - Epoch: 38/50
[37m2024-06-28 10:47:41,675 [INFO] - Extracting training cells
[37m2024-06-28 10:47:52,763 [INFO] - Extraction detection metrics - F1: 0.766, Precision: 0.838, Recall: 0.726, Detected-Cells: 5300
[37m2024-06-28 10:47:52,985 [INFO] - Training epoch stats:     Loss: 0.2190 - F1-Score: 0.9166 - Accuracy-Score: 0.9166 - AUROC: 0.9830 - AP: 0.9344
[37m2024-06-28 10:47:53,111 [INFO] - Validation epoch stats:   Loss: 0.3170 - F1-Score: 0.8781 - Accuracy-Score: 0.8781 - AUROC: 0.9685 - AP: 0.8661
[37m2024-06-28 10:47:53,185 [INFO] - Epoch: 39/50
[37m2024-06-28 10:47:53,186 [INFO] - Extracting training cells
[37m2024-06-28 10:48:04,092 [INFO] - Extraction detection metrics - F1: 0.764, Precision: 0.850, Recall: 0.718, Detected-Cells: 5344
[37m2024-06-28 10:48:04,291 [INFO] - Training epoch stats:     Loss: 0.2521 - F1-Score: 0.9096 - Accuracy-Score: 0.9096 - AUROC: 0.9844 - AP: 0.9501
[37m2024-06-28 10:48:04,448 [INFO] - Validation epoch stats:   Loss: 0.3252 - F1-Score: 0.8720 - Accuracy-Score: 0.8720 - AUROC: 0.9674 - AP: 0.8658
[37m2024-06-28 10:48:04,512 [INFO] - Epoch: 40/50
[37m2024-06-28 10:48:04,513 [INFO] - Extracting training cells
[37m2024-06-28 10:48:15,978 [INFO] - Extraction detection metrics - F1: 0.763, Precision: 0.836, Recall: 0.716, Detected-Cells: 5318
[37m2024-06-28 10:48:16,192 [INFO] - Training epoch stats:     Loss: 0.1321 - F1-Score: 0.9528 - Accuracy-Score: 0.9528 - AUROC: 0.9955 - AP: 0.9781
[37m2024-06-28 10:48:16,325 [INFO] - Validation epoch stats:   Loss: 0.3222 - F1-Score: 0.8781 - Accuracy-Score: 0.8781 - AUROC: 0.9679 - AP: 0.8668
[37m2024-06-28 10:48:16,398 [INFO] - Epoch: 41/50
[37m2024-06-28 10:48:16,399 [INFO] - Extracting training cells
[37m2024-06-28 10:48:29,084 [INFO] - Extraction detection metrics - F1: 0.770, Precision: 0.850, Recall: 0.723, Detected-Cells: 5246
[37m2024-06-28 10:48:29,305 [INFO] - Training epoch stats:     Loss: 0.1662 - F1-Score: 0.9379 - Accuracy-Score: 0.9379 - AUROC: 0.9931 - AP: 0.9700
[37m2024-06-28 10:48:29,438 [INFO] - Validation epoch stats:   Loss: 0.3159 - F1-Score: 0.8835 - Accuracy-Score: 0.8835 - AUROC: 0.9686 - AP: 0.8683
[37m2024-06-28 10:48:29,483 [INFO] - Epoch: 42/50
[37m2024-06-28 10:48:29,484 [INFO] - Extracting training cells
[37m2024-06-28 10:48:40,719 [INFO] - Extraction detection metrics - F1: 0.771, Precision: 0.835, Recall: 0.730, Detected-Cells: 5430
[37m2024-06-28 10:48:40,929 [INFO] - Training epoch stats:     Loss: 0.4561 - F1-Score: 0.8902 - Accuracy-Score: 0.8902 - AUROC: 0.9581 - AP: 0.8889
[37m2024-06-28 10:48:41,045 [INFO] - Validation epoch stats:   Loss: 0.3166 - F1-Score: 0.8797 - Accuracy-Score: 0.8797 - AUROC: 0.9662 - AP: 0.8649
[37m2024-06-28 10:48:41,046 [INFO] - Performing early stopping!
[37m2024-06-28 10:48:41,052 [INFO] - Finished run nj0ri8i7
