[37m2024-06-25 08:51:18,585 [INFO] - Instantiated Logger. WandB init and config update finished.
[37m2024-06-25 08:51:18,586 [INFO] - Run ist stored here: /cellvit/logs_paper/Head-Evaluation/ocelot/ViT256/Amount/No-Aug/25/2024-06-25T085111_CellViT-256-25Percent
[37m2024-06-25 08:51:18,644 [INFO] - Cuda devices: [<torch.cuda.device object at 0x7f659bda45b0>]
[37m2024-06-25 08:51:18,645 [INFO] - Using GPU: cuda:0
[37m2024-06-25 08:51:18,649 [INFO] - Using device: cuda:0
[37m2024-06-25 08:51:18,653 [INFO] - Loss function:
[37m2024-06-25 08:51:18,657 [INFO] - CrossEntropyLoss()
[37m2024-06-25 08:51:21,572 [INFO] - <All keys matched successfully>
[37m2024-06-25 08:51:22,436 [INFO] -
==========================================================================================
Layer (type:depth-idx)                   Output Shape              Param #
==========================================================================================
LinearClassifier                         [1, 2]                    --
├─Linear: 1-1                            [1, 256]                  98,560
├─ReLU: 1-2                              [1, 256]                  --
├─Dropout: 1-3                           [1, 256]                  --
├─Linear: 1-4                            [1, 2]                    514
==========================================================================================
Total params: 99,074
Trainable params: 99,074
Non-trainable params: 0
Total mult-adds (M): 0.10
==========================================================================================
Input size (MB): 0.00
Forward/backward pass size (MB): 0.00
Params size (MB): 0.40
Estimated Total Size (MB): 0.40
==========================================================================================
[37m2024-06-25 08:51:22,438 [INFO] - Loaded AdamW Optimizer with following hyperparameters:
[37m2024-06-25 08:51:22,442 [INFO] - {'betas': [0.85, 0.9], 'lr': 4.4403255414468894e-05, 'weight_decay': 8.22969479387945e-05}
[37m2024-06-25 08:51:22,447 [INFO] - Using early stopping with a range of 10 and maximize strategy
[37m2024-06-25 08:51:22,466 [INFO] - Caching datasets
[37m2024-06-25 08:51:25,323 [INFO] - Instantiate Trainer
[37m2024-06-25 08:51:25,326 [INFO] - Calling Trainer Fit
[37m2024-06-25 08:51:25,328 [INFO] - Dataset is cached after first epoch
[37m2024-06-25 08:51:25,333 [INFO] - Starting training, total number of epochs: 50
[37m2024-06-25 08:51:25,338 [INFO] - Epoch: 1/50
[37m2024-06-25 08:51:26,314 [INFO] - Loaded dataset from cache: /OCELOT-Orig/cache/d242567a28b987eba24b686d40c6ef36da7ef796d55abaff114d14992f801ce4.h5
[37m2024-06-25 08:51:27,329 [INFO] - Training epoch stats:     Loss: 0.6486 - F1-Score: 0.7842 - Accuracy-Score: 0.6985 - AUROC: 0.7370 - AP: 0.8293
[37m2024-06-25 08:51:28,660 [INFO] - Loaded dataset from cache: /OCELOT-Orig/cache/84a96648cf0731d52e69bfe32a74428f944857015825e7a06ae5f471f93f4855.h5
[37m2024-06-25 08:51:29,021 [INFO] - Validation epoch stats:   Loss: 0.6172 - F1-Score: 0.8123 - Accuracy-Score: 0.7099 - AUROC: 0.8407 - AP: 0.8949
[37m2024-06-25 08:51:29,021 [INFO] - New best model - save checkpoint
[37m2024-06-25 08:51:29,166 [INFO] - Epoch: 2/50
[37m2024-06-25 08:51:29,724 [INFO] - Training epoch stats:     Loss: 0.5730 - F1-Score: 0.8264 - Accuracy-Score: 0.7354 - AUROC: 0.8763 - AP: 0.9151
[37m2024-06-25 08:51:30,328 [INFO] - Validation epoch stats:   Loss: 0.5577 - F1-Score: 0.8359 - Accuracy-Score: 0.7578 - AUROC: 0.8718 - AP: 0.9207
[37m2024-06-25 08:51:30,329 [INFO] - New best model - save checkpoint
[37m2024-06-25 08:51:30,483 [INFO] - Epoch: 3/50
[37m2024-06-25 08:51:31,076 [INFO] - Training epoch stats:     Loss: 0.5103 - F1-Score: 0.8509 - Accuracy-Score: 0.7836 - AUROC: 0.8969 - AP: 0.9326
[37m2024-06-25 08:51:31,438 [INFO] - Validation epoch stats:   Loss: 0.5073 - F1-Score: 0.8511 - Accuracy-Score: 0.7928 - AUROC: 0.8797 - AP: 0.9279
[37m2024-06-25 08:51:31,439 [INFO] - New best model - save checkpoint
[37m2024-06-25 08:51:31,575 [INFO] - Epoch: 4/50
[37m2024-06-25 08:51:32,045 [INFO] - Training epoch stats:     Loss: 0.4567 - F1-Score: 0.8721 - Accuracy-Score: 0.8216 - AUROC: 0.9038 - AP: 0.9378
[37m2024-06-25 08:51:32,405 [INFO] - Validation epoch stats:   Loss: 0.4690 - F1-Score: 0.8539 - Accuracy-Score: 0.8053 - AUROC: 0.8837 - AP: 0.9313
[37m2024-06-25 08:51:32,406 [INFO] - New best model - save checkpoint
[37m2024-06-25 08:51:32,558 [INFO] - Epoch: 5/50
[37m2024-06-25 08:51:33,039 [INFO] - Training epoch stats:     Loss: 0.4163 - F1-Score: 0.8796 - Accuracy-Score: 0.8366 - AUROC: 0.9089 - AP: 0.9410
[37m2024-06-25 08:51:33,423 [INFO] - Validation epoch stats:   Loss: 0.4431 - F1-Score: 0.8548 - Accuracy-Score: 0.8116 - AUROC: 0.8869 - AP: 0.9336
[37m2024-06-25 08:51:33,424 [INFO] - New best model - save checkpoint
[37m2024-06-25 08:51:33,575 [INFO] - Epoch: 6/50
[37m2024-06-25 08:51:34,341 [INFO] - Training epoch stats:     Loss: 0.3879 - F1-Score: 0.8824 - Accuracy-Score: 0.8430 - AUROC: 0.9137 - AP: 0.9442
[37m2024-06-25 08:51:34,941 [INFO] - Validation epoch stats:   Loss: 0.4279 - F1-Score: 0.8548 - Accuracy-Score: 0.8144 - AUROC: 0.8889 - AP: 0.9352
[37m2024-06-25 08:51:34,942 [INFO] - New best model - save checkpoint
[37m2024-06-25 08:51:35,088 [INFO] - Epoch: 7/50
[37m2024-06-25 08:51:35,560 [INFO] - Training epoch stats:     Loss: 0.3673 - F1-Score: 0.8868 - Accuracy-Score: 0.8501 - AUROC: 0.9179 - AP: 0.9464
[37m2024-06-25 08:51:35,918 [INFO] - Validation epoch stats:   Loss: 0.4178 - F1-Score: 0.8554 - Accuracy-Score: 0.8165 - AUROC: 0.8907 - AP: 0.9364
[37m2024-06-25 08:51:35,919 [INFO] - New best model - save checkpoint
[37m2024-06-25 08:51:36,059 [INFO] - Epoch: 8/50
[37m2024-06-25 08:51:36,531 [INFO] - Training epoch stats:     Loss: 0.3538 - F1-Score: 0.8882 - Accuracy-Score: 0.8530 - AUROC: 0.9216 - AP: 0.9490
[37m2024-06-25 08:51:36,895 [INFO] - Validation epoch stats:   Loss: 0.4132 - F1-Score: 0.8558 - Accuracy-Score: 0.8187 - AUROC: 0.8921 - AP: 0.9373
[37m2024-06-25 08:51:36,896 [INFO] - New best model - save checkpoint
[37m2024-06-25 08:51:37,026 [INFO] - Epoch: 9/50
[37m2024-06-25 08:51:37,624 [INFO] - Training epoch stats:     Loss: 0.3420 - F1-Score: 0.8918 - Accuracy-Score: 0.8582 - AUROC: 0.9251 - AP: 0.9516
[37m2024-06-25 08:51:38,454 [INFO] - Validation epoch stats:   Loss: 0.4078 - F1-Score: 0.8583 - Accuracy-Score: 0.8215 - AUROC: 0.8934 - AP: 0.9381
[37m2024-06-25 08:51:38,455 [INFO] - New best model - save checkpoint
[37m2024-06-25 08:51:38,584 [INFO] - Epoch: 10/50
[37m2024-06-25 08:51:39,052 [INFO] - Training epoch stats:     Loss: 0.3333 - F1-Score: 0.8934 - Accuracy-Score: 0.8607 - AUROC: 0.9283 - AP: 0.9538
[37m2024-06-25 08:51:39,405 [INFO] - Validation epoch stats:   Loss: 0.4047 - F1-Score: 0.8597 - Accuracy-Score: 0.8232 - AUROC: 0.8943 - AP: 0.9386
[37m2024-06-25 08:51:39,406 [INFO] - New best model - save checkpoint
[37m2024-06-25 08:51:39,536 [INFO] - Epoch: 11/50
[37m2024-06-25 08:51:40,004 [INFO] - Training epoch stats:     Loss: 0.3263 - F1-Score: 0.8949 - Accuracy-Score: 0.8628 - AUROC: 0.9308 - AP: 0.9556
[37m2024-06-25 08:51:40,361 [INFO] - Validation epoch stats:   Loss: 0.4038 - F1-Score: 0.8600 - Accuracy-Score: 0.8239 - AUROC: 0.8948 - AP: 0.9389
[37m2024-06-25 08:51:40,362 [INFO] - New best model - save checkpoint
[37m2024-06-25 08:51:40,522 [INFO] - Epoch: 12/50
[37m2024-06-25 08:51:40,993 [INFO] - Training epoch stats:     Loss: 0.3198 - F1-Score: 0.8966 - Accuracy-Score: 0.8653 - AUROC: 0.9335 - AP: 0.9576
[37m2024-06-25 08:51:41,354 [INFO] - Validation epoch stats:   Loss: 0.4037 - F1-Score: 0.8596 - Accuracy-Score: 0.8237 - AUROC: 0.8953 - AP: 0.9392
[37m2024-06-25 08:51:41,354 [INFO] - New best model - save checkpoint
[37m2024-06-25 08:51:41,509 [INFO] - Epoch: 13/50
[37m2024-06-25 08:51:42,019 [INFO] - Training epoch stats:     Loss: 0.3137 - F1-Score: 0.8972 - Accuracy-Score: 0.8662 - AUROC: 0.9353 - AP: 0.9588
[37m2024-06-25 08:51:42,392 [INFO] - Validation epoch stats:   Loss: 0.4027 - F1-Score: 0.8602 - Accuracy-Score: 0.8245 - AUROC: 0.8957 - AP: 0.9393
[37m2024-06-25 08:51:42,393 [INFO] - New best model - save checkpoint
[37m2024-06-25 08:51:42,526 [INFO] - Epoch: 14/50
[37m2024-06-25 08:51:43,129 [INFO] - Training epoch stats:     Loss: 0.3089 - F1-Score: 0.8981 - Accuracy-Score: 0.8675 - AUROC: 0.9375 - AP: 0.9605
[37m2024-06-25 08:51:43,552 [INFO] - Validation epoch stats:   Loss: 0.4030 - F1-Score: 0.8606 - Accuracy-Score: 0.8253 - AUROC: 0.8957 - AP: 0.9393
[37m2024-06-25 08:51:43,612 [INFO] - Epoch: 15/50
[37m2024-06-25 08:51:44,186 [INFO] - Training epoch stats:     Loss: 0.3044 - F1-Score: 0.8997 - Accuracy-Score: 0.8696 - AUROC: 0.9393 - AP: 0.9618
[37m2024-06-25 08:51:44,612 [INFO] - Validation epoch stats:   Loss: 0.4025 - F1-Score: 0.8609 - Accuracy-Score: 0.8257 - AUROC: 0.8960 - AP: 0.9395
[37m2024-06-25 08:51:44,613 [INFO] - New best model - save checkpoint
[37m2024-06-25 08:51:44,747 [INFO] - Epoch: 16/50
[37m2024-06-25 08:51:45,325 [INFO] - Training epoch stats:     Loss: 0.3007 - F1-Score: 0.9009 - Accuracy-Score: 0.8713 - AUROC: 0.9406 - AP: 0.9628
[37m2024-06-25 08:51:45,744 [INFO] - Validation epoch stats:   Loss: 0.4034 - F1-Score: 0.8601 - Accuracy-Score: 0.8250 - AUROC: 0.8958 - AP: 0.9394
[37m2024-06-25 08:51:45,786 [INFO] - Epoch: 17/50
[37m2024-06-25 08:51:46,366 [INFO] - Training epoch stats:     Loss: 0.2969 - F1-Score: 0.9028 - Accuracy-Score: 0.8736 - AUROC: 0.9424 - AP: 0.9641
[37m2024-06-25 08:51:46,788 [INFO] - Validation epoch stats:   Loss: 0.4036 - F1-Score: 0.8597 - Accuracy-Score: 0.8246 - AUROC: 0.8959 - AP: 0.9394
[37m2024-06-25 08:51:46,835 [INFO] - Epoch: 18/50
[37m2024-06-25 08:51:47,403 [INFO] - Training epoch stats:     Loss: 0.2936 - F1-Score: 0.9035 - Accuracy-Score: 0.8744 - AUROC: 0.9437 - AP: 0.9652
[37m2024-06-25 08:51:47,815 [INFO] - Validation epoch stats:   Loss: 0.4054 - F1-Score: 0.8591 - Accuracy-Score: 0.8242 - AUROC: 0.8956 - AP: 0.9392
[37m2024-06-25 08:51:47,875 [INFO] - Epoch: 19/50
[37m2024-06-25 08:51:48,403 [INFO] - Training epoch stats:     Loss: 0.2908 - F1-Score: 0.9055 - Accuracy-Score: 0.8772 - AUROC: 0.9446 - AP: 0.9658
[37m2024-06-25 08:51:48,785 [INFO] - Validation epoch stats:   Loss: 0.4044 - F1-Score: 0.8596 - Accuracy-Score: 0.8244 - AUROC: 0.8956 - AP: 0.9392
[37m2024-06-25 08:51:48,835 [INFO] - Epoch: 20/50
[37m2024-06-25 08:51:49,491 [INFO] - Training epoch stats:     Loss: 0.2879 - F1-Score: 0.9054 - Accuracy-Score: 0.8772 - AUROC: 0.9461 - AP: 0.9667
[37m2024-06-25 08:51:49,905 [INFO] - Validation epoch stats:   Loss: 0.4050 - F1-Score: 0.8592 - Accuracy-Score: 0.8240 - AUROC: 0.8955 - AP: 0.9391
[37m2024-06-25 08:51:49,955 [INFO] - Epoch: 21/50
[37m2024-06-25 08:51:50,605 [INFO] - Training epoch stats:     Loss: 0.2851 - F1-Score: 0.9085 - Accuracy-Score: 0.8812 - AUROC: 0.9471 - AP: 0.9674
[37m2024-06-25 08:51:51,024 [INFO] - Validation epoch stats:   Loss: 0.4056 - F1-Score: 0.8596 - Accuracy-Score: 0.8247 - AUROC: 0.8954 - AP: 0.9391
[37m2024-06-25 08:51:51,061 [INFO] - Epoch: 22/50
[37m2024-06-25 08:51:51,639 [INFO] - Training epoch stats:     Loss: 0.2834 - F1-Score: 0.9083 - Accuracy-Score: 0.8810 - AUROC: 0.9479 - AP: 0.9680
[37m2024-06-25 08:51:52,121 [INFO] - Validation epoch stats:   Loss: 0.4060 - F1-Score: 0.8600 - Accuracy-Score: 0.8251 - AUROC: 0.8952 - AP: 0.9389
[37m2024-06-25 08:51:52,166 [INFO] - Epoch: 23/50
[37m2024-06-25 08:51:52,745 [INFO] - Training epoch stats:     Loss: 0.2805 - F1-Score: 0.9088 - Accuracy-Score: 0.8814 - AUROC: 0.9488 - AP: 0.9686
[37m2024-06-25 08:51:53,160 [INFO] - Validation epoch stats:   Loss: 0.4081 - F1-Score: 0.8584 - Accuracy-Score: 0.8236 - AUROC: 0.8949 - AP: 0.9388
[37m2024-06-25 08:51:53,219 [INFO] - Epoch: 24/50
[37m2024-06-25 08:51:53,802 [INFO] - Training epoch stats:     Loss: 0.2781 - F1-Score: 0.9098 - Accuracy-Score: 0.8828 - AUROC: 0.9495 - AP: 0.9691
[37m2024-06-25 08:51:54,561 [INFO] - Validation epoch stats:   Loss: 0.4074 - F1-Score: 0.8599 - Accuracy-Score: 0.8250 - AUROC: 0.8948 - AP: 0.9387
[37m2024-06-25 08:51:54,606 [INFO] - Epoch: 25/50
[37m2024-06-25 08:51:55,197 [INFO] - Training epoch stats:     Loss: 0.2769 - F1-Score: 0.9106 - Accuracy-Score: 0.8838 - AUROC: 0.9504 - AP: 0.9695
[37m2024-06-25 08:51:55,625 [INFO] - Validation epoch stats:   Loss: 0.4082 - F1-Score: 0.8595 - Accuracy-Score: 0.8244 - AUROC: 0.8945 - AP: 0.9386
[37m2024-06-25 08:51:55,626 [INFO] - Performing early stopping!
[37m2024-06-25 08:51:55,633 [INFO] - Finished run 2ljadqnc
