[37m2024-06-28 06:42:17,290 [INFO] - Instantiated Logger. WandB init and config update finished.
[37m2024-06-28 06:42:17,355 [INFO] - Run ist stored here: /cellvit/logs_paper/Head-Evaluation/CoNSeP/SAM-H/Amount/2024-06-28T064205_Amount-11-Seed-5
[37m2024-06-28 06:42:17,554 [INFO] - Cuda devices: [<torch.cuda.device object at 0x7f0efc548610>]
[37m2024-06-28 06:42:17,555 [INFO] - Using GPU: cuda:0
[37m2024-06-28 06:42:17,561 [INFO] - Using device: cuda:0
[37m2024-06-28 06:42:17,566 [INFO] - Loss function:
[37m2024-06-28 06:42:17,570 [INFO] - CrossEntropyLoss()
[37m2024-06-28 06:44:53,861 [INFO] - <All keys matched successfully>
[37m2024-06-28 06:44:56,178 [INFO] -
==========================================================================================
Layer (type:depth-idx)                   Output Shape              Param #
==========================================================================================
LinearClassifier                         [1, 4]                    --
├─Linear: 1-1                            [1, 128]                  163,968
├─ReLU: 1-2                              [1, 128]                  --
├─Dropout: 1-3                           [1, 128]                  --
├─Linear: 1-4                            [1, 4]                    516
==========================================================================================
Total params: 164,484
Trainable params: 164,484
Non-trainable params: 0
Total mult-adds (M): 0.16
==========================================================================================
Input size (MB): 0.01
Forward/backward pass size (MB): 0.00
Params size (MB): 0.66
Estimated Total Size (MB): 0.66
==========================================================================================
[37m2024-06-28 06:44:56,179 [INFO] - Loaded AdamW Optimizer with following hyperparameters:
[37m2024-06-28 06:44:56,184 [INFO] - {'betas': [0.85, 0.9], 'lr': 0.0005, 'weight_decay': 0.0005}
[37m2024-06-28 06:44:56,189 [INFO] - Using early stopping with a range of 20 and maximize strategy
[37m2024-06-28 06:44:56,264 [INFO] - Caching datasets
[37m2024-06-28 06:44:59,582 [INFO] - Instantiate Trainer
[37m2024-06-28 06:44:59,589 [INFO] - Calling Trainer Fit
[37m2024-06-28 06:44:59,589 [INFO] - Dataset is cached after first epoch
[37m2024-06-28 06:44:59,594 [INFO] - Starting training, total number of epochs: 50
[37m2024-06-28 06:44:59,599 [INFO] - Epoch: 1/50
[37m2024-06-28 06:45:00,756 [INFO] - Loaded dataset from cache: /Consep/cache/84e0de751e63f1bb8e6de4184527c184adb85c9b98abfe3f7e840225caa12ed5.h5
[37m2024-06-28 06:45:01,484 [INFO] - Training epoch stats:     Loss: 0.5763 - F1-Score: 0.7790 - Accuracy-Score: 0.7790 - AUROC: 0.8918 - AP: 0.7014
[37m2024-06-28 06:45:03,135 [INFO] - Loaded dataset from cache: /Consep/cache/1f728da27af6daed7b166ce5447f5dec18916e3679cb7b74ddaefb4a67df10d2.h5
[37m2024-06-28 06:45:03,282 [INFO] - Validation epoch stats:   Loss: 0.4144 - F1-Score: 0.8524 - Accuracy-Score: 0.8524 - AUROC: 0.9568 - AP: 0.8460
[37m2024-06-28 06:45:03,283 [INFO] - New best model - save checkpoint
[37m2024-06-28 06:45:03,504 [INFO] - Epoch: 2/50
[37m2024-06-28 06:45:03,762 [INFO] - Training epoch stats:     Loss: 0.2251 - F1-Score: 0.9121 - Accuracy-Score: 0.9121 - AUROC: 0.9817 - AP: 0.8986
[37m2024-06-28 06:45:04,377 [INFO] - Validation epoch stats:   Loss: 0.3749 - F1-Score: 0.8589 - Accuracy-Score: 0.8589 - AUROC: 0.9576 - AP: 0.8515
[37m2024-06-28 06:45:04,379 [INFO] - New best model - save checkpoint
[37m2024-06-28 06:45:04,673 [INFO] - Epoch: 3/50
[37m2024-06-28 06:45:04,906 [INFO] - Training epoch stats:     Loss: 0.1681 - F1-Score: 0.9375 - Accuracy-Score: 0.9375 - AUROC: 0.9896 - AP: 0.9515
[37m2024-06-28 06:45:05,061 [INFO] - Validation epoch stats:   Loss: 0.3789 - F1-Score: 0.8567 - Accuracy-Score: 0.8567 - AUROC: 0.9580 - AP: 0.8505
[37m2024-06-28 06:45:05,062 [INFO] - New best model - save checkpoint
[37m2024-06-28 06:45:05,461 [INFO] - Epoch: 4/50
[37m2024-06-28 06:45:05,706 [INFO] - Training epoch stats:     Loss: 0.1398 - F1-Score: 0.9517 - Accuracy-Score: 0.9517 - AUROC: 0.9941 - AP: 0.9707
[37m2024-06-28 06:45:05,870 [INFO] - Validation epoch stats:   Loss: 0.3701 - F1-Score: 0.8677 - Accuracy-Score: 0.8677 - AUROC: 0.9564 - AP: 0.8457
[37m2024-06-28 06:45:05,945 [INFO] - Epoch: 5/50
[37m2024-06-28 06:45:06,173 [INFO] - Training epoch stats:     Loss: 0.1154 - F1-Score: 0.9545 - Accuracy-Score: 0.9545 - AUROC: 0.9957 - AP: 0.9787
[37m2024-06-28 06:45:06,638 [INFO] - Validation epoch stats:   Loss: 0.3703 - F1-Score: 0.8670 - Accuracy-Score: 0.8670 - AUROC: 0.9562 - AP: 0.8528
[37m2024-06-28 06:45:06,696 [INFO] - Epoch: 6/50
[37m2024-06-28 06:45:06,923 [INFO] - Training epoch stats:     Loss: 0.1021 - F1-Score: 0.9646 - Accuracy-Score: 0.9646 - AUROC: 0.9973 - AP: 0.9863
[37m2024-06-28 06:45:07,155 [INFO] - Validation epoch stats:   Loss: 0.3840 - F1-Score: 0.8671 - Accuracy-Score: 0.8671 - AUROC: 0.9534 - AP: 0.8514
[37m2024-06-28 06:45:07,212 [INFO] - Epoch: 7/50
[37m2024-06-28 06:45:07,863 [INFO] - Training epoch stats:     Loss: 0.0807 - F1-Score: 0.9740 - Accuracy-Score: 0.9740 - AUROC: 0.9984 - AP: 0.9917
[37m2024-06-28 06:45:08,262 [INFO] - Validation epoch stats:   Loss: 0.3933 - F1-Score: 0.8641 - Accuracy-Score: 0.8641 - AUROC: 0.9527 - AP: 0.8485
[37m2024-06-28 06:45:08,454 [INFO] - Epoch: 8/50
[37m2024-06-28 06:45:08,686 [INFO] - Training epoch stats:     Loss: 0.0661 - F1-Score: 0.9764 - Accuracy-Score: 0.9764 - AUROC: 0.9986 - AP: 0.9933
[37m2024-06-28 06:45:09,081 [INFO] - Validation epoch stats:   Loss: 0.4327 - F1-Score: 0.8555 - Accuracy-Score: 0.8555 - AUROC: 0.9507 - AP: 0.8477
[37m2024-06-28 06:45:09,144 [INFO] - Epoch: 9/50
[37m2024-06-28 06:45:09,418 [INFO] - Training epoch stats:     Loss: 0.0504 - F1-Score: 0.9828 - Accuracy-Score: 0.9828 - AUROC: 0.9994 - AP: 0.9973
[37m2024-06-28 06:45:09,843 [INFO] - Validation epoch stats:   Loss: 0.4227 - F1-Score: 0.8651 - Accuracy-Score: 0.8651 - AUROC: 0.9534 - AP: 0.8507
[37m2024-06-28 06:45:09,900 [INFO] - Epoch: 10/50
[37m2024-06-28 06:45:10,290 [INFO] - Training epoch stats:     Loss: 0.0431 - F1-Score: 0.9877 - Accuracy-Score: 0.9877 - AUROC: 0.9995 - AP: 0.9979
[37m2024-06-28 06:45:10,555 [INFO] - Validation epoch stats:   Loss: 0.4512 - F1-Score: 0.8603 - Accuracy-Score: 0.8603 - AUROC: 0.9496 - AP: 0.8462
[37m2024-06-28 06:45:10,624 [INFO] - Epoch: 11/50
[37m2024-06-28 06:45:10,898 [INFO] - Training epoch stats:     Loss: 0.0343 - F1-Score: 0.9910 - Accuracy-Score: 0.9910 - AUROC: 0.9997 - AP: 0.9983
[37m2024-06-28 06:45:11,100 [INFO] - Validation epoch stats:   Loss: 0.4500 - F1-Score: 0.8720 - Accuracy-Score: 0.8720 - AUROC: 0.9509 - AP: 0.8443
[37m2024-06-28 06:45:11,160 [INFO] - Epoch: 12/50
[37m2024-06-28 06:45:11,470 [INFO] - Training epoch stats:     Loss: 0.0290 - F1-Score: 0.9910 - Accuracy-Score: 0.9910 - AUROC: 0.9998 - AP: 0.9988
[37m2024-06-28 06:45:11,766 [INFO] - Validation epoch stats:   Loss: 0.5030 - F1-Score: 0.8596 - Accuracy-Score: 0.8596 - AUROC: 0.9499 - AP: 0.8461
[37m2024-06-28 06:45:11,835 [INFO] - Epoch: 13/50
[37m2024-06-28 06:45:12,065 [INFO] - Training epoch stats:     Loss: 0.0240 - F1-Score: 0.9953 - Accuracy-Score: 0.9953 - AUROC: 0.9999 - AP: 0.9995
[37m2024-06-28 06:45:12,357 [INFO] - Validation epoch stats:   Loss: 0.4736 - F1-Score: 0.8692 - Accuracy-Score: 0.8692 - AUROC: 0.9516 - AP: 0.8478
[37m2024-06-28 06:45:12,416 [INFO] - Epoch: 14/50
[37m2024-06-28 06:45:12,651 [INFO] - Training epoch stats:     Loss: 0.0208 - F1-Score: 0.9947 - Accuracy-Score: 0.9947 - AUROC: 0.9999 - AP: 0.9996
[37m2024-06-28 06:45:12,824 [INFO] - Validation epoch stats:   Loss: 0.4984 - F1-Score: 0.8713 - Accuracy-Score: 0.8713 - AUROC: 0.9504 - AP: 0.8460
[37m2024-06-28 06:45:12,903 [INFO] - Epoch: 15/50
[37m2024-06-28 06:45:13,142 [INFO] - Training epoch stats:     Loss: 0.0152 - F1-Score: 0.9973 - Accuracy-Score: 0.9973 - AUROC: 1.0000 - AP: 0.9999
[37m2024-06-28 06:45:13,303 [INFO] - Validation epoch stats:   Loss: 0.5074 - F1-Score: 0.8709 - Accuracy-Score: 0.8709 - AUROC: 0.9507 - AP: 0.8436
[37m2024-06-28 06:45:13,385 [INFO] - Epoch: 16/50
[37m2024-06-28 06:45:13,640 [INFO] - Training epoch stats:     Loss: 0.0121 - F1-Score: 0.9977 - Accuracy-Score: 0.9977 - AUROC: 1.0000 - AP: 0.9999
[37m2024-06-28 06:45:13,866 [INFO] - Validation epoch stats:   Loss: 0.5723 - F1-Score: 0.8704 - Accuracy-Score: 0.8704 - AUROC: 0.9490 - AP: 0.8403
[37m2024-06-28 06:45:13,923 [INFO] - Epoch: 17/50
[37m2024-06-28 06:45:14,165 [INFO] - Training epoch stats:     Loss: 0.0157 - F1-Score: 0.9977 - Accuracy-Score: 0.9977 - AUROC: 0.9999 - AP: 0.9997
[37m2024-06-28 06:45:14,344 [INFO] - Validation epoch stats:   Loss: 0.5454 - F1-Score: 0.8649 - Accuracy-Score: 0.8649 - AUROC: 0.9486 - AP: 0.8447
[37m2024-06-28 06:45:14,423 [INFO] - Epoch: 18/50
[37m2024-06-28 06:45:14,651 [INFO] - Training epoch stats:     Loss: 0.0110 - F1-Score: 0.9984 - Accuracy-Score: 0.9984 - AUROC: 1.0000 - AP: 0.9999
[37m2024-06-28 06:45:14,866 [INFO] - Validation epoch stats:   Loss: 0.5598 - F1-Score: 0.8711 - Accuracy-Score: 0.8711 - AUROC: 0.9519 - AP: 0.8454
[37m2024-06-28 06:45:14,925 [INFO] - Epoch: 19/50
[37m2024-06-28 06:45:15,649 [INFO] - Training epoch stats:     Loss: 0.0113 - F1-Score: 0.9986 - Accuracy-Score: 0.9986 - AUROC: 0.9999 - AP: 0.9998
[37m2024-06-28 06:45:15,795 [INFO] - Validation epoch stats:   Loss: 0.6165 - F1-Score: 0.8647 - Accuracy-Score: 0.8647 - AUROC: 0.9487 - AP: 0.8415
[37m2024-06-28 06:45:15,855 [INFO] - Epoch: 20/50
[37m2024-06-28 06:45:16,102 [INFO] - Training epoch stats:     Loss: 0.0087 - F1-Score: 0.9980 - Accuracy-Score: 0.9980 - AUROC: 1.0000 - AP: 1.0000
[37m2024-06-28 06:45:16,258 [INFO] - Validation epoch stats:   Loss: 0.6015 - F1-Score: 0.8764 - Accuracy-Score: 0.8764 - AUROC: 0.9523 - AP: 0.8437
[37m2024-06-28 06:45:16,316 [INFO] - Epoch: 21/50
[37m2024-06-28 06:45:16,561 [INFO] - Training epoch stats:     Loss: 0.0081 - F1-Score: 0.9984 - Accuracy-Score: 0.9984 - AUROC: 1.0000 - AP: 0.9998
[37m2024-06-28 06:45:16,714 [INFO] - Validation epoch stats:   Loss: 0.6181 - F1-Score: 0.8678 - Accuracy-Score: 0.8678 - AUROC: 0.9494 - AP: 0.8408
[37m2024-06-28 06:45:16,807 [INFO] - Epoch: 22/50
[37m2024-06-28 06:45:17,263 [INFO] - Training epoch stats:     Loss: 0.0085 - F1-Score: 0.9984 - Accuracy-Score: 0.9984 - AUROC: 1.0000 - AP: 0.9999
[37m2024-06-28 06:45:17,498 [INFO] - Validation epoch stats:   Loss: 0.6265 - F1-Score: 0.8716 - Accuracy-Score: 0.8716 - AUROC: 0.9479 - AP: 0.8368
[37m2024-06-28 06:45:17,564 [INFO] - Epoch: 23/50
[37m2024-06-28 06:45:18,130 [INFO] - Training epoch stats:     Loss: 0.0081 - F1-Score: 0.9969 - Accuracy-Score: 0.9969 - AUROC: 1.0000 - AP: 0.9999
[37m2024-06-28 06:45:18,293 [INFO] - Validation epoch stats:   Loss: 0.6097 - F1-Score: 0.8783 - Accuracy-Score: 0.8783 - AUROC: 0.9484 - AP: 0.8382
[37m2024-06-28 06:45:18,294 [INFO] - Performing early stopping!
[37m2024-06-28 06:45:18,300 [INFO] - Finished run 3bsmhebx
