[37m2024-05-16 13:57:15,237 [INFO] - Instantiated Logger. WandB init and config update finished.
[37m2024-05-16 13:57:15,239 [INFO] - Run ist stored here: /cellvit/logs_paper/Head-Evaluation/CoNSeP/SAM-H/Amount-DA/2024-05-16T135701_Amount-9
[37m2024-05-16 13:57:15,316 [INFO] - Cuda devices: [<torch.cuda.device object at 0x7f65b0c1e740>]
[37m2024-05-16 13:57:15,329 [INFO] - Using GPU: cuda:0
[37m2024-05-16 13:57:15,339 [INFO] - Using device: cuda:0
[37m2024-05-16 13:57:15,349 [INFO] - Loss function:
[37m2024-05-16 13:57:15,359 [INFO] - CrossEntropyLoss()
[37m2024-05-16 13:57:26,554 [INFO] - <All keys matched successfully>
[37m2024-05-16 13:57:27,429 [INFO] -
==========================================================================================
Layer (type:depth-idx)                   Output Shape              Param #
==========================================================================================
LinearClassifier                         [1, 4]                    --
├─Linear: 1-1                            [1, 128]                  163,968
├─ReLU: 1-2                              [1, 128]                  --
├─Dropout: 1-3                           [1, 128]                  --
├─Linear: 1-4                            [1, 4]                    516
==========================================================================================
Total params: 164,484
Trainable params: 164,484
Non-trainable params: 0
Total mult-adds (M): 0.16
==========================================================================================
Input size (MB): 0.01
Forward/backward pass size (MB): 0.00
Params size (MB): 0.66
Estimated Total Size (MB): 0.66
==========================================================================================
[37m2024-05-16 13:57:27,431 [INFO] - Loaded AdamW Optimizer with following hyperparameters:
[37m2024-05-16 13:57:27,439 [INFO] - {'betas': [0.85, 0.9], 'lr': 0.0005, 'weight_decay': 0.0005}
[37m2024-05-16 13:57:27,449 [INFO] - Using early stopping with a range of 20 and maximize strategy
[37m2024-05-16 13:57:27,474 [INFO] - Caching datasets
[37m2024-05-16 13:57:28,334 [INFO] - Instantiate Trainer
[37m2024-05-16 13:57:28,337 [INFO] - Calling Trainer Fit
[37m2024-05-16 13:57:28,350 [INFO] - Starting training, total number of epochs: 50
[37m2024-05-16 13:57:28,361 [INFO] - Epoch: 1/50
[37m2024-05-16 13:57:28,372 [INFO] - Extracting training cells
[37m2024-05-16 13:57:37,316 [INFO] - Extraction detection metrics - F1: 0.743, Precision: 0.822, Recall: 0.694, Detected-Cells: 3284
[37m2024-05-16 13:57:37,523 [INFO] - Training epoch stats:     Loss: 0.5590 - F1-Score: 0.7899 - Accuracy-Score: 0.7899 - AUROC: 0.8985 - AP: 0.6822
[37m2024-05-16 13:57:38,307 [INFO] - Loaded dataset from cache: /Consep/cache/1f728da27af6daed7b166ce5447f5dec18916e3679cb7b74ddaefb4a67df10d2.h5
[37m2024-05-16 13:57:38,424 [INFO] - Validation epoch stats:   Loss: 0.4976 - F1-Score: 0.8330 - Accuracy-Score: 0.8330 - AUROC: 0.8486 - AP: 0.6748
[37m2024-05-16 13:57:38,425 [INFO] - New best model - save checkpoint
[37m2024-05-16 13:57:38,673 [INFO] - Epoch: 2/50
[37m2024-05-16 13:57:38,674 [INFO] - Extracting training cells
[37m2024-05-16 13:57:45,319 [INFO] - Extraction detection metrics - F1: 0.737, Precision: 0.789, Recall: 0.705, Detected-Cells: 3301
[37m2024-05-16 13:57:45,431 [INFO] - Training epoch stats:     Loss: 0.3182 - F1-Score: 0.8840 - Accuracy-Score: 0.8840 - AUROC: 0.9594 - AP: 0.8215
[37m2024-05-16 13:57:45,555 [INFO] - Validation epoch stats:   Loss: 0.3813 - F1-Score: 0.8565 - Accuracy-Score: 0.8565 - AUROC: 0.9352 - AP: 0.7122
[37m2024-05-16 13:57:45,556 [INFO] - New best model - save checkpoint
[37m2024-05-16 13:57:45,787 [INFO] - Epoch: 3/50
[37m2024-05-16 13:57:45,788 [INFO] - Extracting training cells
[37m2024-05-16 13:57:51,716 [INFO] - Extraction detection metrics - F1: 0.751, Precision: 0.836, Recall: 0.698, Detected-Cells: 3577
[37m2024-05-16 13:57:51,849 [INFO] - Training epoch stats:     Loss: 0.2940 - F1-Score: 0.8935 - Accuracy-Score: 0.8935 - AUROC: 0.9723 - AP: 0.8837
[37m2024-05-16 13:57:51,987 [INFO] - Validation epoch stats:   Loss: 0.4095 - F1-Score: 0.8381 - Accuracy-Score: 0.8381 - AUROC: 0.9616 - AP: 0.8571
[37m2024-05-16 13:57:51,988 [INFO] - New best model - save checkpoint
[37m2024-05-16 13:57:52,228 [INFO] - Epoch: 4/50
[37m2024-05-16 13:57:52,229 [INFO] - Extracting training cells
[37m2024-05-16 13:57:59,066 [INFO] - Extraction detection metrics - F1: 0.781, Precision: 0.835, Recall: 0.743, Detected-Cells: 3610
[37m2024-05-16 13:57:59,186 [INFO] - Training epoch stats:     Loss: 0.2225 - F1-Score: 0.9139 - Accuracy-Score: 0.9139 - AUROC: 0.9827 - AP: 0.9277
[37m2024-05-16 13:57:59,323 [INFO] - Validation epoch stats:   Loss: 0.3896 - F1-Score: 0.8582 - Accuracy-Score: 0.8582 - AUROC: 0.9628 - AP: 0.8505
[37m2024-05-16 13:57:59,324 [INFO] - New best model - save checkpoint
[37m2024-05-16 13:57:59,556 [INFO] - Epoch: 5/50
[37m2024-05-16 13:57:59,556 [INFO] - Extracting training cells
[37m2024-05-16 13:58:06,488 [INFO] - Extraction detection metrics - F1: 0.757, Precision: 0.837, Recall: 0.712, Detected-Cells: 3663
[37m2024-05-16 13:58:06,612 [INFO] - Training epoch stats:     Loss: 0.2403 - F1-Score: 0.9075 - Accuracy-Score: 0.9075 - AUROC: 0.9817 - AP: 0.9222
[37m2024-05-16 13:58:06,725 [INFO] - Validation epoch stats:   Loss: 0.3667 - F1-Score: 0.8646 - Accuracy-Score: 0.8646 - AUROC: 0.9620 - AP: 0.8557
[37m2024-05-16 13:58:06,789 [INFO] - Epoch: 6/50
[37m2024-05-16 13:58:06,790 [INFO] - Extracting training cells
[37m2024-05-16 13:58:13,117 [INFO] - Extraction detection metrics - F1: 0.747, Precision: 0.835, Recall: 0.705, Detected-Cells: 3364
[37m2024-05-16 13:58:13,238 [INFO] - Training epoch stats:     Loss: 0.6947 - F1-Score: 0.7812 - Accuracy-Score: 0.7812 - AUROC: 0.9015 - AP: 0.7612
[37m2024-05-16 13:58:13,364 [INFO] - Validation epoch stats:   Loss: 0.5577 - F1-Score: 0.8054 - Accuracy-Score: 0.8054 - AUROC: 0.9498 - AP: 0.8261
[37m2024-05-16 13:58:13,427 [INFO] - Epoch: 7/50
[37m2024-05-16 13:58:13,428 [INFO] - Extracting training cells
[37m2024-05-16 13:58:19,679 [INFO] - Extraction detection metrics - F1: 0.751, Precision: 0.852, Recall: 0.691, Detected-Cells: 3552
[37m2024-05-16 13:58:19,811 [INFO] - Training epoch stats:     Loss: 0.2976 - F1-Score: 0.8984 - Accuracy-Score: 0.8984 - AUROC: 0.9774 - AP: 0.9143
[37m2024-05-16 13:58:19,956 [INFO] - Validation epoch stats:   Loss: 0.3702 - F1-Score: 0.8634 - Accuracy-Score: 0.8634 - AUROC: 0.9628 - AP: 0.8563
[37m2024-05-16 13:58:20,022 [INFO] - Epoch: 8/50
[37m2024-05-16 13:58:20,023 [INFO] - Extracting training cells
[37m2024-05-16 13:58:26,725 [INFO] - Extraction detection metrics - F1: 0.761, Precision: 0.831, Recall: 0.715, Detected-Cells: 3640
[37m2024-05-16 13:58:26,868 [INFO] - Training epoch stats:     Loss: 0.2218 - F1-Score: 0.9137 - Accuracy-Score: 0.9137 - AUROC: 0.9847 - AP: 0.9381
[37m2024-05-16 13:58:27,028 [INFO] - Validation epoch stats:   Loss: 0.3522 - F1-Score: 0.8663 - Accuracy-Score: 0.8663 - AUROC: 0.9570 - AP: 0.8458
[37m2024-05-16 13:58:27,092 [INFO] - Epoch: 9/50
[37m2024-05-16 13:58:27,092 [INFO] - Extracting training cells
[37m2024-05-16 13:58:33,696 [INFO] - Extraction detection metrics - F1: 0.752, Precision: 0.832, Recall: 0.712, Detected-Cells: 3586
[37m2024-05-16 13:58:33,819 [INFO] - Training epoch stats:     Loss: 0.5466 - F1-Score: 0.8321 - Accuracy-Score: 0.8321 - AUROC: 0.9301 - AP: 0.8115
[37m2024-05-16 13:58:33,932 [INFO] - Validation epoch stats:   Loss: 0.4502 - F1-Score: 0.8287 - Accuracy-Score: 0.8287 - AUROC: 0.9463 - AP: 0.8319
[37m2024-05-16 13:58:33,996 [INFO] - Epoch: 10/50
[37m2024-05-16 13:58:33,997 [INFO] - Extracting training cells
[37m2024-05-16 13:58:40,147 [INFO] - Extraction detection metrics - F1: 0.752, Precision: 0.860, Recall: 0.685, Detected-Cells: 3312
[37m2024-05-16 13:58:40,267 [INFO] - Training epoch stats:     Loss: 0.3959 - F1-Score: 0.8732 - Accuracy-Score: 0.8732 - AUROC: 0.9512 - AP: 0.8490
[37m2024-05-16 13:58:40,407 [INFO] - Validation epoch stats:   Loss: 0.3966 - F1-Score: 0.8541 - Accuracy-Score: 0.8541 - AUROC: 0.9373 - AP: 0.7106
[37m2024-05-16 13:58:40,467 [INFO] - Epoch: 11/50
[37m2024-05-16 13:58:40,468 [INFO] - Extracting training cells
[37m2024-05-16 13:58:47,477 [INFO] - Extraction detection metrics - F1: 0.744, Precision: 0.827, Recall: 0.688, Detected-Cells: 3465
[37m2024-05-16 13:58:47,595 [INFO] - Training epoch stats:     Loss: 0.2518 - F1-Score: 0.9074 - Accuracy-Score: 0.9074 - AUROC: 0.9814 - AP: 0.9279
[37m2024-05-16 13:58:47,711 [INFO] - Validation epoch stats:   Loss: 0.3632 - F1-Score: 0.8594 - Accuracy-Score: 0.8594 - AUROC: 0.9656 - AP: 0.8595
[37m2024-05-16 13:58:47,712 [INFO] - New best model - save checkpoint
[37m2024-05-16 13:58:47,949 [INFO] - Epoch: 12/50
[37m2024-05-16 13:58:47,950 [INFO] - Extracting training cells
[37m2024-05-16 13:58:54,864 [INFO] - Extraction detection metrics - F1: 0.784, Precision: 0.854, Recall: 0.739, Detected-Cells: 3749
[37m2024-05-16 13:58:54,989 [INFO] - Training epoch stats:     Loss: 0.1790 - F1-Score: 0.9357 - Accuracy-Score: 0.9357 - AUROC: 0.9899 - AP: 0.9530
[37m2024-05-16 13:58:55,105 [INFO] - Validation epoch stats:   Loss: 0.3383 - F1-Score: 0.8747 - Accuracy-Score: 0.8747 - AUROC: 0.9639 - AP: 0.8587
[37m2024-05-16 13:58:55,165 [INFO] - Epoch: 13/50
[37m2024-05-16 13:58:55,165 [INFO] - Extracting training cells
[37m2024-05-16 13:59:01,623 [INFO] - Extraction detection metrics - F1: 0.746, Precision: 0.821, Recall: 0.714, Detected-Cells: 3422
[37m2024-05-16 13:59:01,761 [INFO] - Training epoch stats:     Loss: 0.5076 - F1-Score: 0.8410 - Accuracy-Score: 0.8410 - AUROC: 0.9447 - AP: 0.8540
[37m2024-05-16 13:59:01,900 [INFO] - Validation epoch stats:   Loss: 0.4538 - F1-Score: 0.8436 - Accuracy-Score: 0.8436 - AUROC: 0.9582 - AP: 0.8388
[37m2024-05-16 13:59:01,968 [INFO] - Epoch: 14/50
[37m2024-05-16 13:59:01,969 [INFO] - Extracting training cells
[37m2024-05-16 13:59:08,707 [INFO] - Extraction detection metrics - F1: 0.759, Precision: 0.859, Recall: 0.699, Detected-Cells: 3393
[37m2024-05-16 13:59:08,838 [INFO] - Training epoch stats:     Loss: 0.3184 - F1-Score: 0.8865 - Accuracy-Score: 0.8865 - AUROC: 0.9721 - AP: 0.9244
[37m2024-05-16 13:59:08,980 [INFO] - Validation epoch stats:   Loss: 0.3823 - F1-Score: 0.8587 - Accuracy-Score: 0.8587 - AUROC: 0.9639 - AP: 0.8476
[37m2024-05-16 13:59:09,042 [INFO] - Epoch: 15/50
[37m2024-05-16 13:59:09,042 [INFO] - Extracting training cells
[37m2024-05-16 13:59:15,595 [INFO] - Extraction detection metrics - F1: 0.775, Precision: 0.846, Recall: 0.735, Detected-Cells: 3644
[37m2024-05-16 13:59:15,734 [INFO] - Training epoch stats:     Loss: 0.4642 - F1-Score: 0.8334 - Accuracy-Score: 0.8334 - AUROC: 0.9478 - AP: 0.8588
[37m2024-05-16 13:59:15,874 [INFO] - Validation epoch stats:   Loss: 0.3897 - F1-Score: 0.8678 - Accuracy-Score: 0.8678 - AUROC: 0.9564 - AP: 0.8448
[37m2024-05-16 13:59:15,942 [INFO] - Epoch: 16/50
[37m2024-05-16 13:59:15,943 [INFO] - Extracting training cells
[37m2024-05-16 13:59:22,336 [INFO] - Extraction detection metrics - F1: 0.770, Precision: 0.846, Recall: 0.723, Detected-Cells: 3686
[37m2024-05-16 13:59:22,462 [INFO] - Training epoch stats:     Loss: 0.1888 - F1-Score: 0.9376 - Accuracy-Score: 0.9376 - AUROC: 0.9891 - AP: 0.9565
[37m2024-05-16 13:59:22,577 [INFO] - Validation epoch stats:   Loss: 0.3952 - F1-Score: 0.8605 - Accuracy-Score: 0.8605 - AUROC: 0.9600 - AP: 0.8519
[37m2024-05-16 13:59:22,639 [INFO] - Epoch: 17/50
[37m2024-05-16 13:59:22,640 [INFO] - Extracting training cells
[37m2024-05-16 13:59:28,997 [INFO] - Extraction detection metrics - F1: 0.775, Precision: 0.855, Recall: 0.728, Detected-Cells: 3720
[37m2024-05-16 13:59:29,151 [INFO] - Training epoch stats:     Loss: 0.1452 - F1-Score: 0.9476 - Accuracy-Score: 0.9476 - AUROC: 0.9932 - AP: 0.9718
[37m2024-05-16 13:59:29,293 [INFO] - Validation epoch stats:   Loss: 0.3947 - F1-Score: 0.8531 - Accuracy-Score: 0.8531 - AUROC: 0.9630 - AP: 0.8595
[37m2024-05-16 13:59:29,360 [INFO] - Epoch: 18/50
[37m2024-05-16 13:59:29,361 [INFO] - Extracting training cells
[37m2024-05-16 13:59:35,875 [INFO] - Extraction detection metrics - F1: 0.757, Precision: 0.848, Recall: 0.707, Detected-Cells: 3703
[37m2024-05-16 13:59:36,033 [INFO] - Training epoch stats:     Loss: 0.1710 - F1-Score: 0.9349 - Accuracy-Score: 0.9349 - AUROC: 0.9906 - AP: 0.9585
[37m2024-05-16 13:59:36,178 [INFO] - Validation epoch stats:   Loss: 0.3891 - F1-Score: 0.8560 - Accuracy-Score: 0.8560 - AUROC: 0.9605 - AP: 0.8544
[37m2024-05-16 13:59:36,238 [INFO] - Epoch: 19/50
[37m2024-05-16 13:59:36,239 [INFO] - Extracting training cells
[37m2024-05-16 13:59:43,083 [INFO] - Extraction detection metrics - F1: 0.718, Precision: 0.786, Recall: 0.678, Detected-Cells: 3192
[37m2024-05-16 13:59:43,205 [INFO] - Training epoch stats:     Loss: 0.2549 - F1-Score: 0.9110 - Accuracy-Score: 0.9110 - AUROC: 0.9847 - AP: 0.9535
[37m2024-05-16 13:59:43,343 [INFO] - Validation epoch stats:   Loss: 0.4700 - F1-Score: 0.8237 - Accuracy-Score: 0.8237 - AUROC: 0.9578 - AP: 0.8526
[37m2024-05-16 13:59:43,411 [INFO] - Epoch: 20/50
[37m2024-05-16 13:59:43,411 [INFO] - Extracting training cells
[37m2024-05-16 13:59:50,412 [INFO] - Extraction detection metrics - F1: 0.686, Precision: 0.817, Recall: 0.617, Detected-Cells: 3144
[37m2024-05-16 13:59:50,542 [INFO] - Training epoch stats:     Loss: 0.6722 - F1-Score: 0.7968 - Accuracy-Score: 0.7968 - AUROC: 0.8971 - AP: 0.7824
[37m2024-05-16 13:59:50,684 [INFO] - Validation epoch stats:   Loss: 0.5984 - F1-Score: 0.7878 - Accuracy-Score: 0.7878 - AUROC: 0.9423 - AP: 0.8131
[37m2024-05-16 13:59:50,753 [INFO] - Epoch: 21/50
[37m2024-05-16 13:59:50,753 [INFO] - Extracting training cells
[37m2024-05-16 13:59:57,494 [INFO] - Extraction detection metrics - F1: 0.763, Precision: 0.832, Recall: 0.719, Detected-Cells: 3637
[37m2024-05-16 13:59:57,648 [INFO] - Training epoch stats:     Loss: 0.2299 - F1-Score: 0.9247 - Accuracy-Score: 0.9247 - AUROC: 0.9882 - AP: 0.9539
[37m2024-05-16 13:59:57,791 [INFO] - Validation epoch stats:   Loss: 0.3801 - F1-Score: 0.8675 - Accuracy-Score: 0.8675 - AUROC: 0.9577 - AP: 0.8450
[37m2024-05-16 13:59:57,854 [INFO] - Epoch: 22/50
[37m2024-05-16 13:59:57,855 [INFO] - Extracting training cells
[37m2024-05-16 14:00:05,418 [INFO] - Extraction detection metrics - F1: 0.719, Precision: 0.807, Recall: 0.661, Detected-Cells: 3102
[37m2024-05-16 14:00:05,545 [INFO] - Training epoch stats:     Loss: 0.2618 - F1-Score: 0.9136 - Accuracy-Score: 0.9136 - AUROC: 0.9757 - AP: 0.8997
[37m2024-05-16 14:00:05,688 [INFO] - Validation epoch stats:   Loss: 0.4610 - F1-Score: 0.8369 - Accuracy-Score: 0.8369 - AUROC: 0.9274 - AP: 0.7174
[37m2024-05-16 14:00:05,762 [INFO] - Epoch: 23/50
[37m2024-05-16 14:00:05,762 [INFO] - Extracting training cells
[37m2024-05-16 14:00:12,153 [INFO] - Extraction detection metrics - F1: 0.752, Precision: 0.821, Recall: 0.711, Detected-Cells: 3352
[37m2024-05-16 14:00:12,296 [INFO] - Training epoch stats:     Loss: 0.2114 - F1-Score: 0.9236 - Accuracy-Score: 0.9236 - AUROC: 0.9797 - AP: 0.9301
[37m2024-05-16 14:00:12,444 [INFO] - Validation epoch stats:   Loss: 0.4110 - F1-Score: 0.8472 - Accuracy-Score: 0.8472 - AUROC: 0.9450 - AP: 0.7194
[37m2024-05-16 14:00:12,510 [INFO] - Epoch: 24/50
[37m2024-05-16 14:00:12,511 [INFO] - Extracting training cells
[37m2024-05-16 14:00:19,297 [INFO] - Extraction detection metrics - F1: 0.773, Precision: 0.834, Recall: 0.736, Detected-Cells: 3738
[37m2024-05-16 14:00:19,444 [INFO] - Training epoch stats:     Loss: 0.1619 - F1-Score: 0.9393 - Accuracy-Score: 0.9393 - AUROC: 0.9929 - AP: 0.9667
[37m2024-05-16 14:00:19,589 [INFO] - Validation epoch stats:   Loss: 0.3484 - F1-Score: 0.8696 - Accuracy-Score: 0.8696 - AUROC: 0.9647 - AP: 0.8589
[37m2024-05-16 14:00:19,660 [INFO] - Epoch: 25/50
[37m2024-05-16 14:00:19,661 [INFO] - Extracting training cells
[37m2024-05-16 14:00:26,728 [INFO] - Extraction detection metrics - F1: 0.755, Precision: 0.843, Recall: 0.700, Detected-Cells: 3598
[37m2024-05-16 14:00:26,858 [INFO] - Training epoch stats:     Loss: 0.1488 - F1-Score: 0.9389 - Accuracy-Score: 0.9389 - AUROC: 0.9931 - AP: 0.9690
[37m2024-05-16 14:00:26,978 [INFO] - Validation epoch stats:   Loss: 0.3384 - F1-Score: 0.8714 - Accuracy-Score: 0.8714 - AUROC: 0.9656 - AP: 0.8607
[37m2024-05-16 14:00:26,979 [INFO] - New best model - save checkpoint
[37m2024-05-16 14:00:27,237 [INFO] - Epoch: 26/50
[37m2024-05-16 14:00:27,237 [INFO] - Extracting training cells
[37m2024-05-16 14:00:33,618 [INFO] - Extraction detection metrics - F1: 0.774, Precision: 0.842, Recall: 0.732, Detected-Cells: 3701
[37m2024-05-16 14:00:33,770 [INFO] - Training epoch stats:     Loss: 0.3350 - F1-Score: 0.9173 - Accuracy-Score: 0.9173 - AUROC: 0.9747 - AP: 0.9360
[37m2024-05-16 14:00:33,915 [INFO] - Validation epoch stats:   Loss: 0.3364 - F1-Score: 0.8708 - Accuracy-Score: 0.8708 - AUROC: 0.9646 - AP: 0.8592
[37m2024-05-16 14:00:33,985 [INFO] - Epoch: 27/50
[37m2024-05-16 14:00:33,986 [INFO] - Extracting training cells
[37m2024-05-16 14:00:42,608 [INFO] - Extraction detection metrics - F1: 0.767, Precision: 0.837, Recall: 0.724, Detected-Cells: 3624
[37m2024-05-16 14:00:42,785 [INFO] - Training epoch stats:     Loss: 0.1647 - F1-Score: 0.9396 - Accuracy-Score: 0.9396 - AUROC: 0.9922 - AP: 0.9710
[37m2024-05-16 14:00:42,967 [INFO] - Validation epoch stats:   Loss: 0.3415 - F1-Score: 0.8685 - Accuracy-Score: 0.8685 - AUROC: 0.9642 - AP: 0.8604
[37m2024-05-16 14:00:43,033 [INFO] - Epoch: 28/50
[37m2024-05-16 14:00:43,034 [INFO] - Extracting training cells
[37m2024-05-16 14:00:50,087 [INFO] - Extraction detection metrics - F1: 0.744, Precision: 0.803, Recall: 0.711, Detected-Cells: 3354
[37m2024-05-16 14:00:50,228 [INFO] - Training epoch stats:     Loss: 0.2076 - F1-Score: 0.9231 - Accuracy-Score: 0.9231 - AUROC: 0.9895 - AP: 0.9514
[37m2024-05-16 14:00:50,385 [INFO] - Validation epoch stats:   Loss: 0.3356 - F1-Score: 0.8711 - Accuracy-Score: 0.8711 - AUROC: 0.9652 - AP: 0.8619
[37m2024-05-16 14:00:50,447 [INFO] - Epoch: 29/50
[37m2024-05-16 14:00:50,448 [INFO] - Extracting training cells
[37m2024-05-16 14:00:57,774 [INFO] - Extraction detection metrics - F1: 0.764, Precision: 0.857, Recall: 0.709, Detected-Cells: 3682
[37m2024-05-16 14:00:58,407 [INFO] - Training epoch stats:     Loss: 0.1432 - F1-Score: 0.9443 - Accuracy-Score: 0.9443 - AUROC: 0.9942 - AP: 0.9751
[37m2024-05-16 14:00:58,584 [INFO] - Validation epoch stats:   Loss: 0.3380 - F1-Score: 0.8704 - Accuracy-Score: 0.8704 - AUROC: 0.9656 - AP: 0.8632
[37m2024-05-16 14:00:58,585 [INFO] - New best model - save checkpoint
[37m2024-05-16 14:00:58,816 [INFO] - Epoch: 30/50
[37m2024-05-16 14:00:58,817 [INFO] - Extracting training cells
[37m2024-05-16 14:01:06,411 [INFO] - Extraction detection metrics - F1: 0.765, Precision: 0.837, Recall: 0.727, Detected-Cells: 3522
[37m2024-05-16 14:01:06,543 [INFO] - Training epoch stats:     Loss: 0.5859 - F1-Score: 0.8379 - Accuracy-Score: 0.8379 - AUROC: 0.9365 - AP: 0.8033
[37m2024-05-16 14:01:06,665 [INFO] - Validation epoch stats:   Loss: 0.3472 - F1-Score: 0.8689 - Accuracy-Score: 0.8689 - AUROC: 0.9643 - AP: 0.8614
[37m2024-05-16 14:01:06,730 [INFO] - Epoch: 31/50
[37m2024-05-16 14:01:06,730 [INFO] - Extracting training cells
[37m2024-05-16 14:01:12,907 [INFO] - Extraction detection metrics - F1: 0.769, Precision: 0.849, Recall: 0.723, Detected-Cells: 3586
[37m2024-05-16 14:01:13,032 [INFO] - Training epoch stats:     Loss: 0.2255 - F1-Score: 0.9216 - Accuracy-Score: 0.9216 - AUROC: 0.9837 - AP: 0.9161
[37m2024-05-16 14:01:13,161 [INFO] - Validation epoch stats:   Loss: 0.3522 - F1-Score: 0.8666 - Accuracy-Score: 0.8666 - AUROC: 0.9632 - AP: 0.8600
[37m2024-05-16 14:01:13,220 [INFO] - Epoch: 32/50
[37m2024-05-16 14:01:13,220 [INFO] - Extracting training cells
[37m2024-05-16 14:01:20,283 [INFO] - Extraction detection metrics - F1: 0.765, Precision: 0.818, Recall: 0.739, Detected-Cells: 3767
[37m2024-05-16 14:01:20,437 [INFO] - Training epoch stats:     Loss: 0.1508 - F1-Score: 0.9466 - Accuracy-Score: 0.9466 - AUROC: 0.9945 - AP: 0.9765
[37m2024-05-16 14:01:20,583 [INFO] - Validation epoch stats:   Loss: 0.3517 - F1-Score: 0.8661 - Accuracy-Score: 0.8661 - AUROC: 0.9631 - AP: 0.8588
[37m2024-05-16 14:01:20,650 [INFO] - Epoch: 33/50
[37m2024-05-16 14:01:20,651 [INFO] - Extracting training cells
[37m2024-05-16 14:01:28,316 [INFO] - Extraction detection metrics - F1: 0.719, Precision: 0.819, Recall: 0.658, Detected-Cells: 2833
[37m2024-05-16 14:01:28,438 [INFO] - Training epoch stats:     Loss: 0.2191 - F1-Score: 0.9153 - Accuracy-Score: 0.9153 - AUROC: 0.9900 - AP: 0.9747
[37m2024-05-16 14:01:28,579 [INFO] - Validation epoch stats:   Loss: 0.3551 - F1-Score: 0.8658 - Accuracy-Score: 0.8658 - AUROC: 0.9629 - AP: 0.8585
[37m2024-05-16 14:01:28,645 [INFO] - Epoch: 34/50
[37m2024-05-16 14:01:28,645 [INFO] - Extracting training cells
[37m2024-05-16 14:01:35,421 [INFO] - Extraction detection metrics - F1: 0.752, Precision: 0.841, Recall: 0.700, Detected-Cells: 3588
[37m2024-05-16 14:01:35,565 [INFO] - Training epoch stats:     Loss: 0.1399 - F1-Score: 0.9551 - Accuracy-Score: 0.9551 - AUROC: 0.9956 - AP: 0.9793
[37m2024-05-16 14:01:35,712 [INFO] - Validation epoch stats:   Loss: 0.3836 - F1-Score: 0.8584 - Accuracy-Score: 0.8584 - AUROC: 0.9628 - AP: 0.8575
[37m2024-05-16 14:01:35,783 [INFO] - Epoch: 35/50
[37m2024-05-16 14:01:35,784 [INFO] - Extracting training cells
[37m2024-05-16 14:01:43,235 [INFO] - Extraction detection metrics - F1: 0.723, Precision: 0.811, Recall: 0.680, Detected-Cells: 3343
[37m2024-05-16 14:01:43,368 [INFO] - Training epoch stats:     Loss: 0.1514 - F1-Score: 0.9429 - Accuracy-Score: 0.9429 - AUROC: 0.9943 - AP: 0.9789
[37m2024-05-16 14:01:43,486 [INFO] - Validation epoch stats:   Loss: 0.3577 - F1-Score: 0.8666 - Accuracy-Score: 0.8666 - AUROC: 0.9629 - AP: 0.8568
[37m2024-05-16 14:01:43,548 [INFO] - Epoch: 36/50
[37m2024-05-16 14:01:43,548 [INFO] - Extracting training cells
[37m2024-05-16 14:01:49,588 [INFO] - Extraction detection metrics - F1: 0.708, Precision: 0.769, Recall: 0.677, Detected-Cells: 3391
[37m2024-05-16 14:01:49,729 [INFO] - Training epoch stats:     Loss: 0.1613 - F1-Score: 0.9449 - Accuracy-Score: 0.9449 - AUROC: 0.9923 - AP: 0.9497
[37m2024-05-16 14:01:49,872 [INFO] - Validation epoch stats:   Loss: 0.3589 - F1-Score: 0.8653 - Accuracy-Score: 0.8653 - AUROC: 0.9635 - AP: 0.8587
[37m2024-05-16 14:01:49,936 [INFO] - Epoch: 37/50
[37m2024-05-16 14:01:49,936 [INFO] - Extracting training cells
[37m2024-05-16 14:01:55,650 [INFO] - Extraction detection metrics - F1: 0.724, Precision: 0.783, Recall: 0.692, Detected-Cells: 2126
[37m2024-05-16 14:01:55,734 [INFO] - Training epoch stats:     Loss: 0.5879 - F1-Score: 0.7973 - Accuracy-Score: 0.7973 - AUROC: 0.9385 - AP: 0.8279
[37m2024-05-16 14:01:55,851 [INFO] - Validation epoch stats:   Loss: 0.3791 - F1-Score: 0.8586 - Accuracy-Score: 0.8586 - AUROC: 0.9625 - AP: 0.8578
[37m2024-05-16 14:01:55,912 [INFO] - Epoch: 38/50
[37m2024-05-16 14:01:55,912 [INFO] - Extracting training cells
[37m2024-05-16 14:02:02,618 [INFO] - Extraction detection metrics - F1: 0.717, Precision: 0.819, Recall: 0.656, Detected-Cells: 3280
[37m2024-05-16 14:02:02,749 [INFO] - Training epoch stats:     Loss: 0.1547 - F1-Score: 0.9421 - Accuracy-Score: 0.9421 - AUROC: 0.9942 - AP: 0.9803
[37m2024-05-16 14:02:02,894 [INFO] - Validation epoch stats:   Loss: 0.3650 - F1-Score: 0.8639 - Accuracy-Score: 0.8639 - AUROC: 0.9618 - AP: 0.8564
[37m2024-05-16 14:02:02,961 [INFO] - Epoch: 39/50
[37m2024-05-16 14:02:02,961 [INFO] - Extracting training cells
[37m2024-05-16 14:02:09,826 [INFO] - Extraction detection metrics - F1: 0.752, Precision: 0.841, Recall: 0.699, Detected-Cells: 3605
[37m2024-05-16 14:02:09,950 [INFO] - Training epoch stats:     Loss: 0.1467 - F1-Score: 0.9445 - Accuracy-Score: 0.9445 - AUROC: 0.9942 - AP: 0.9769
[37m2024-05-16 14:02:10,069 [INFO] - Validation epoch stats:   Loss: 0.3597 - F1-Score: 0.8653 - Accuracy-Score: 0.8653 - AUROC: 0.9616 - AP: 0.8567
[37m2024-05-16 14:02:10,131 [INFO] - Epoch: 40/50
[37m2024-05-16 14:02:10,132 [INFO] - Extracting training cells
[37m2024-05-16 14:02:16,724 [INFO] - Extraction detection metrics - F1: 0.736, Precision: 0.813, Recall: 0.695, Detected-Cells: 3633
[37m2024-05-16 14:02:16,875 [INFO] - Training epoch stats:     Loss: 0.1676 - F1-Score: 0.9378 - Accuracy-Score: 0.9378 - AUROC: 0.9914 - AP: 0.9672
[37m2024-05-16 14:02:17,022 [INFO] - Validation epoch stats:   Loss: 0.3451 - F1-Score: 0.8685 - Accuracy-Score: 0.8685 - AUROC: 0.9625 - AP: 0.8570
[37m2024-05-16 14:02:17,086 [INFO] - Epoch: 41/50
[37m2024-05-16 14:02:17,086 [INFO] - Extracting training cells
[37m2024-05-16 14:02:23,868 [INFO] - Extraction detection metrics - F1: 0.736, Precision: 0.817, Recall: 0.689, Detected-Cells: 3202
[37m2024-05-16 14:02:23,990 [INFO] - Training epoch stats:     Loss: 0.1878 - F1-Score: 0.9279 - Accuracy-Score: 0.9279 - AUROC: 0.9906 - AP: 0.9552
[37m2024-05-16 14:02:24,128 [INFO] - Validation epoch stats:   Loss: 0.3600 - F1-Score: 0.8635 - Accuracy-Score: 0.8635 - AUROC: 0.9624 - AP: 0.8570
[37m2024-05-16 14:02:24,190 [INFO] - Epoch: 42/50
[37m2024-05-16 14:02:24,190 [INFO] - Extracting training cells
[37m2024-05-16 14:02:30,847 [INFO] - Extraction detection metrics - F1: 0.737, Precision: 0.821, Recall: 0.683, Detected-Cells: 3345
[37m2024-05-16 14:02:30,977 [INFO] - Training epoch stats:     Loss: 0.1781 - F1-Score: 0.9318 - Accuracy-Score: 0.9318 - AUROC: 0.9921 - AP: 0.9732
[37m2024-05-16 14:02:31,123 [INFO] - Validation epoch stats:   Loss: 0.3662 - F1-Score: 0.8627 - Accuracy-Score: 0.8627 - AUROC: 0.9615 - AP: 0.8558
[37m2024-05-16 14:02:31,180 [INFO] - Epoch: 43/50
[37m2024-05-16 14:02:31,181 [INFO] - Extracting training cells
[37m2024-05-16 14:02:37,417 [INFO] - Extraction detection metrics - F1: 0.734, Precision: 0.819, Recall: 0.688, Detected-Cells: 3013
[37m2024-05-16 14:02:37,848 [INFO] - Training epoch stats:     Loss: 0.3145 - F1-Score: 0.8745 - Accuracy-Score: 0.8745 - AUROC: 0.9757 - AP: 0.9329
[37m2024-05-16 14:02:37,993 [INFO] - Validation epoch stats:   Loss: 0.3664 - F1-Score: 0.8582 - Accuracy-Score: 0.8582 - AUROC: 0.9609 - AP: 0.8554
[37m2024-05-16 14:02:38,064 [INFO] - Epoch: 44/50
[37m2024-05-16 14:02:38,064 [INFO] - Extracting training cells
[37m2024-05-16 14:02:44,452 [INFO] - Extraction detection metrics - F1: 0.759, Precision: 0.815, Recall: 0.725, Detected-Cells: 3521
[37m2024-05-16 14:02:44,593 [INFO] - Training epoch stats:     Loss: 0.2861 - F1-Score: 0.8997 - Accuracy-Score: 0.8997 - AUROC: 0.9777 - AP: 0.9042
[37m2024-05-16 14:02:44,737 [INFO] - Validation epoch stats:   Loss: 0.3576 - F1-Score: 0.8629 - Accuracy-Score: 0.8629 - AUROC: 0.9615 - AP: 0.8457
[37m2024-05-16 14:02:44,796 [INFO] - Epoch: 45/50
[37m2024-05-16 14:02:44,796 [INFO] - Extracting training cells
[37m2024-05-16 14:02:51,826 [INFO] - Extraction detection metrics - F1: 0.740, Precision: 0.851, Recall: 0.681, Detected-Cells: 3608
[37m2024-05-16 14:02:51,961 [INFO] - Training epoch stats:     Loss: 0.1492 - F1-Score: 0.9435 - Accuracy-Score: 0.9435 - AUROC: 0.9943 - AP: 0.9755
[37m2024-05-16 14:02:52,106 [INFO] - Validation epoch stats:   Loss: 0.3508 - F1-Score: 0.8649 - Accuracy-Score: 0.8649 - AUROC: 0.9626 - AP: 0.8491
[37m2024-05-16 14:02:52,166 [INFO] - Epoch: 46/50
[37m2024-05-16 14:02:52,166 [INFO] - Extracting training cells
[37m2024-05-16 14:02:58,875 [INFO] - Extraction detection metrics - F1: 0.766, Precision: 0.851, Recall: 0.712, Detected-Cells: 3629
[37m2024-05-16 14:02:58,986 [INFO] - Training epoch stats:     Loss: 0.1709 - F1-Score: 0.9347 - Accuracy-Score: 0.9347 - AUROC: 0.9917 - AP: 0.9626
[37m2024-05-16 14:02:59,105 [INFO] - Validation epoch stats:   Loss: 0.3428 - F1-Score: 0.8701 - Accuracy-Score: 0.8701 - AUROC: 0.9637 - AP: 0.8564
[37m2024-05-16 14:02:59,161 [INFO] - Epoch: 47/50
[37m2024-05-16 14:02:59,161 [INFO] - Extracting training cells
[37m2024-05-16 14:03:05,523 [INFO] - Extraction detection metrics - F1: 0.748, Precision: 0.858, Recall: 0.688, Detected-Cells: 3611
[37m2024-05-16 14:03:05,664 [INFO] - Training epoch stats:     Loss: 0.2647 - F1-Score: 0.9111 - Accuracy-Score: 0.9111 - AUROC: 0.9762 - AP: 0.9187
[37m2024-05-16 14:03:05,826 [INFO] - Validation epoch stats:   Loss: 0.3849 - F1-Score: 0.8551 - Accuracy-Score: 0.8551 - AUROC: 0.9623 - AP: 0.8546
[37m2024-05-16 14:03:05,886 [INFO] - Epoch: 48/50
[37m2024-05-16 14:03:05,886 [INFO] - Extracting training cells
[37m2024-05-16 14:03:12,605 [INFO] - Extraction detection metrics - F1: 0.750, Precision: 0.844, Recall: 0.688, Detected-Cells: 3433
[37m2024-05-16 14:03:12,752 [INFO] - Training epoch stats:     Loss: 0.6662 - F1-Score: 0.8648 - Accuracy-Score: 0.8648 - AUROC: 0.9293 - AP: 0.8286
[37m2024-05-16 14:03:12,902 [INFO] - Validation epoch stats:   Loss: 0.3667 - F1-Score: 0.8568 - Accuracy-Score: 0.8568 - AUROC: 0.9605 - AP: 0.8532
[37m2024-05-16 14:03:12,964 [INFO] - Epoch: 49/50
[37m2024-05-16 14:03:12,965 [INFO] - Extracting training cells
[37m2024-05-16 14:03:19,853 [INFO] - Extraction detection metrics - F1: 0.769, Precision: 0.839, Recall: 0.723, Detected-Cells: 3633
[37m2024-05-16 14:03:19,987 [INFO] - Training epoch stats:     Loss: 0.1523 - F1-Score: 0.9518 - Accuracy-Score: 0.9518 - AUROC: 0.9953 - AP: 0.9783
[37m2024-05-16 14:03:20,105 [INFO] - Validation epoch stats:   Loss: 0.3598 - F1-Score: 0.8601 - Accuracy-Score: 0.8601 - AUROC: 0.9608 - AP: 0.8560
[37m2024-05-16 14:03:20,106 [INFO] - Performing early stopping!
[37m2024-05-16 14:03:20,120 [INFO] - Finished run 3t9e06rr
