[37m2024-06-25 12:04:47,416 [INFO] - Instantiated Logger. WandB init and config update finished.
[37m2024-06-25 12:04:47,417 [INFO] - Run ist stored here: /cellvit/logs_paper/Head-Evaluation/ocelot/SAM-H/Amount/No-Aug/100/2024-06-25T120440_CellViT-SAM-H-100Percent
[37m2024-06-25 12:04:47,481 [INFO] - Cuda devices: [<torch.cuda.device object at 0x7fc253784550>]
[37m2024-06-25 12:04:47,482 [INFO] - Using GPU: cuda:0
[37m2024-06-25 12:04:47,486 [INFO] - Using device: cuda:0
[37m2024-06-25 12:04:47,490 [INFO] - Loss function:
[37m2024-06-25 12:04:47,495 [INFO] - CrossEntropyLoss()
[37m2024-06-25 12:05:10,180 [INFO] - <All keys matched successfully>
[37m2024-06-25 12:05:12,577 [INFO] -
==========================================================================================
Layer (type:depth-idx)                   Output Shape              Param #
==========================================================================================
LinearClassifier                         [1, 2]                    --
├─Linear: 1-1                            [1, 256]                  327,936
├─ReLU: 1-2                              [1, 256]                  --
├─Dropout: 1-3                           [1, 256]                  --
├─Linear: 1-4                            [1, 2]                    514
==========================================================================================
Total params: 328,450
Trainable params: 328,450
Non-trainable params: 0
Total mult-adds (M): 0.33
==========================================================================================
Input size (MB): 0.01
Forward/backward pass size (MB): 0.00
Params size (MB): 1.31
Estimated Total Size (MB): 1.32
==========================================================================================
[37m2024-06-25 12:05:12,581 [INFO] - Loaded AdamW Optimizer with following hyperparameters:
[37m2024-06-25 12:05:12,585 [INFO] - {'lr': 0.000454128407501709, 'betas': [0.85, 0.9], 'weight_decay': 0.00021428574971482908}
[37m2024-06-25 12:05:12,590 [INFO] - Using early stopping with a range of 10 and maximize strategy
[37m2024-06-25 12:05:12,609 [INFO] - Caching datasets
[37m2024-06-25 12:05:19,025 [INFO] - Instantiate Trainer
[37m2024-06-25 12:05:19,030 [INFO] - Calling Trainer Fit
[37m2024-06-25 12:05:19,032 [INFO] - Dataset is cached after first epoch
[37m2024-06-25 12:05:19,037 [INFO] - Starting training, total number of epochs: 50
[37m2024-06-25 12:05:19,042 [INFO] - Epoch: 1/50
[37m2024-06-25 12:05:29,009 [INFO] - Loaded dataset from cache: /OCELOT-Orig/cache/4a0a8e0efa3443457874c1071c46cb9932ef3b8c97e7cc9314e8acafab991163.h5
[37m2024-06-25 12:05:31,478 [INFO] - Training epoch stats:     Loss: 0.2514 - F1-Score: 0.9161 - Accuracy-Score: 0.8949 - AUROC: 0.9581 - AP: 0.9723
[37m2024-06-25 12:05:35,659 [INFO] - Loaded dataset from cache: /OCELOT-Orig/cache/9ff11b1b2a6bd112bf58be22b2a4e8e5324b0fa345815c6cbebb312c75de3bfd.h5
[37m2024-06-25 12:05:36,054 [INFO] - Validation epoch stats:   Loss: 0.3497 - F1-Score: 0.8911 - Accuracy-Score: 0.8618 - AUROC: 0.9311 - AP: 0.9580
[37m2024-06-25 12:05:36,055 [INFO] - New best model - save checkpoint
[37m2024-06-25 12:05:36,513 [INFO] - Epoch: 2/50
[37m2024-06-25 12:05:38,766 [INFO] - Training epoch stats:     Loss: 0.1500 - F1-Score: 0.9530 - Accuracy-Score: 0.9414 - AUROC: 0.9851 - AP: 0.9902
[37m2024-06-25 12:05:39,259 [INFO] - Validation epoch stats:   Loss: 0.3564 - F1-Score: 0.9006 - Accuracy-Score: 0.8721 - AUROC: 0.9384 - AP: 0.9629
[37m2024-06-25 12:05:39,260 [INFO] - New best model - save checkpoint
[37m2024-06-25 12:05:39,603 [INFO] - Epoch: 3/50
[37m2024-06-25 12:05:41,971 [INFO] - Training epoch stats:     Loss: 0.1093 - F1-Score: 0.9662 - Accuracy-Score: 0.9579 - AUROC: 0.9921 - AP: 0.9949
[37m2024-06-25 12:05:42,536 [INFO] - Validation epoch stats:   Loss: 0.4351 - F1-Score: 0.8687 - Accuracy-Score: 0.8400 - AUROC: 0.9276 - AP: 0.9555
[37m2024-06-25 12:05:42,641 [INFO] - Epoch: 4/50
[37m2024-06-25 12:05:45,767 [INFO] - Training epoch stats:     Loss: 0.0821 - F1-Score: 0.9756 - Accuracy-Score: 0.9697 - AUROC: 0.9956 - AP: 0.9972
[37m2024-06-25 12:05:46,265 [INFO] - Validation epoch stats:   Loss: 0.4435 - F1-Score: 0.8821 - Accuracy-Score: 0.8523 - AUROC: 0.9298 - AP: 0.9564
[37m2024-06-25 12:05:46,532 [INFO] - Epoch: 5/50
[37m2024-06-25 12:05:48,772 [INFO] - Training epoch stats:     Loss: 0.0609 - F1-Score: 0.9826 - Accuracy-Score: 0.9783 - AUROC: 0.9977 - AP: 0.9986
[37m2024-06-25 12:05:49,342 [INFO] - Validation epoch stats:   Loss: 0.4729 - F1-Score: 0.8877 - Accuracy-Score: 0.8592 - AUROC: 0.9325 - AP: 0.9588
[37m2024-06-25 12:05:49,448 [INFO] - Epoch: 6/50
[37m2024-06-25 12:05:51,767 [INFO] - Training epoch stats:     Loss: 0.0473 - F1-Score: 0.9867 - Accuracy-Score: 0.9835 - AUROC: 0.9986 - AP: 0.9991
[37m2024-06-25 12:05:52,337 [INFO] - Validation epoch stats:   Loss: 0.5132 - F1-Score: 0.8861 - Accuracy-Score: 0.8560 - AUROC: 0.9288 - AP: 0.9540
[37m2024-06-25 12:05:52,447 [INFO] - Epoch: 7/50
[37m2024-06-25 12:05:54,673 [INFO] - Training epoch stats:     Loss: 0.0346 - F1-Score: 0.9906 - Accuracy-Score: 0.9884 - AUROC: 0.9993 - AP: 0.9996
[37m2024-06-25 12:05:55,108 [INFO] - Validation epoch stats:   Loss: 0.5951 - F1-Score: 0.8755 - Accuracy-Score: 0.8444 - AUROC: 0.9227 - AP: 0.9498
[37m2024-06-25 12:05:55,327 [INFO] - Epoch: 8/50
[37m2024-06-25 12:05:58,660 [INFO] - Training epoch stats:     Loss: 0.0275 - F1-Score: 0.9930 - Accuracy-Score: 0.9914 - AUROC: 0.9996 - AP: 0.9997
[37m2024-06-25 12:05:59,874 [INFO] - Validation epoch stats:   Loss: 0.6744 - F1-Score: 0.8640 - Accuracy-Score: 0.8359 - AUROC: 0.9261 - AP: 0.9528
[37m2024-06-25 12:06:00,008 [INFO] - Epoch: 9/50
[37m2024-06-25 12:06:02,680 [INFO] - Training epoch stats:     Loss: 0.0198 - F1-Score: 0.9955 - Accuracy-Score: 0.9944 - AUROC: 0.9998 - AP: 0.9999
[37m2024-06-25 12:06:03,335 [INFO] - Validation epoch stats:   Loss: 0.6462 - F1-Score: 0.8835 - Accuracy-Score: 0.8541 - AUROC: 0.9264 - AP: 0.9505
[37m2024-06-25 12:06:03,541 [INFO] - Epoch: 10/50
[37m2024-06-25 12:06:06,568 [INFO] - Training epoch stats:     Loss: 0.0151 - F1-Score: 0.9967 - Accuracy-Score: 0.9960 - AUROC: 0.9999 - AP: 0.9999
[37m2024-06-25 12:06:07,039 [INFO] - Validation epoch stats:   Loss: 0.7553 - F1-Score: 0.8754 - Accuracy-Score: 0.8463 - AUROC: 0.9235 - AP: 0.9481
[37m2024-06-25 12:06:07,122 [INFO] - Epoch: 11/50
[37m2024-06-25 12:06:09,358 [INFO] - Training epoch stats:     Loss: 0.0118 - F1-Score: 0.9977 - Accuracy-Score: 0.9971 - AUROC: 0.9999 - AP: 1.0000
[37m2024-06-25 12:06:09,855 [INFO] - Validation epoch stats:   Loss: 0.6979 - F1-Score: 0.8933 - Accuracy-Score: 0.8620 - AUROC: 0.9272 - AP: 0.9474
[37m2024-06-25 12:06:09,943 [INFO] - Epoch: 12/50
[37m2024-06-25 12:06:12,164 [INFO] - Training epoch stats:     Loss: 0.0098 - F1-Score: 0.9979 - Accuracy-Score: 0.9974 - AUROC: 1.0000 - AP: 1.0000
[37m2024-06-25 12:06:12,723 [INFO] - Validation epoch stats:   Loss: 0.8257 - F1-Score: 0.8741 - Accuracy-Score: 0.8420 - AUROC: 0.9158 - AP: 0.9402
[37m2024-06-25 12:06:12,725 [INFO] - Performing early stopping!
[37m2024-06-25 12:06:12,732 [INFO] - Finished run uytlmoog
