[37m2024-05-16 14:39:55,666 [INFO] - Instantiated Logger. WandB init and config update finished.
[37m2024-05-16 14:39:55,667 [INFO] - Run ist stored here: /cellvit/logs_paper/Head-Evaluation/CoNSeP/SAM-H/Amount-DA/2024-05-16T143945_Amount-15
[37m2024-05-16 14:39:55,743 [INFO] - Cuda devices: [<torch.cuda.device object at 0x7f8a0f2827d0>]
[37m2024-05-16 14:39:55,743 [INFO] - Using GPU: cuda:0
[37m2024-05-16 14:39:55,752 [INFO] - Using device: cuda:0
[37m2024-05-16 14:39:55,761 [INFO] - Loss function:
[37m2024-05-16 14:39:55,770 [INFO] - CrossEntropyLoss()
[37m2024-05-16 14:40:07,169 [INFO] - <All keys matched successfully>
[37m2024-05-16 14:40:07,970 [INFO] -
==========================================================================================
Layer (type:depth-idx)                   Output Shape              Param #
==========================================================================================
LinearClassifier                         [1, 4]                    --
├─Linear: 1-1                            [1, 128]                  163,968
├─ReLU: 1-2                              [1, 128]                  --
├─Dropout: 1-3                           [1, 128]                  --
├─Linear: 1-4                            [1, 4]                    516
==========================================================================================
Total params: 164,484
Trainable params: 164,484
Non-trainable params: 0
Total mult-adds (M): 0.16
==========================================================================================
Input size (MB): 0.01
Forward/backward pass size (MB): 0.00
Params size (MB): 0.66
Estimated Total Size (MB): 0.66
==========================================================================================
[37m2024-05-16 14:40:07,972 [INFO] - Loaded AdamW Optimizer with following hyperparameters:
[37m2024-05-16 14:40:07,981 [INFO] - {'betas': [0.85, 0.9], 'lr': 0.0005, 'weight_decay': 0.0005}
[37m2024-05-16 14:40:07,991 [INFO] - Using early stopping with a range of 20 and maximize strategy
[37m2024-05-16 14:40:08,017 [INFO] - Caching datasets
[37m2024-05-16 14:40:08,986 [INFO] - Instantiate Trainer
[37m2024-05-16 14:40:08,990 [INFO] - Calling Trainer Fit
[37m2024-05-16 14:40:08,997 [INFO] - Starting training, total number of epochs: 50
[37m2024-05-16 14:40:09,007 [INFO] - Epoch: 1/50
[37m2024-05-16 14:40:09,017 [INFO] - Extracting training cells
[37m2024-05-16 14:40:24,414 [INFO] - Extraction detection metrics - F1: 0.770, Precision: 0.825, Recall: 0.733, Detected-Cells: 7326
[37m2024-05-16 14:40:24,717 [INFO] - Training epoch stats:     Loss: 0.3873 - F1-Score: 0.8549 - Accuracy-Score: 0.8549 - AUROC: 0.9476 - AP: 0.7976
[37m2024-05-16 14:40:25,674 [INFO] - Loaded dataset from cache: /Consep/cache/1f728da27af6daed7b166ce5447f5dec18916e3679cb7b74ddaefb4a67df10d2.h5
[37m2024-05-16 14:40:25,812 [INFO] - Validation epoch stats:   Loss: 0.4268 - F1-Score: 0.8405 - Accuracy-Score: 0.8405 - AUROC: 0.9516 - AP: 0.8244
[37m2024-05-16 14:40:25,813 [INFO] - New best model - save checkpoint
[37m2024-05-16 14:40:26,069 [INFO] - Epoch: 2/50
[37m2024-05-16 14:40:26,071 [INFO] - Extracting training cells
[37m2024-05-16 14:40:37,674 [INFO] - Extraction detection metrics - F1: 0.773, Precision: 0.841, Recall: 0.736, Detected-Cells: 6501
[37m2024-05-16 14:40:37,916 [INFO] - Training epoch stats:     Loss: 0.3223 - F1-Score: 0.8819 - Accuracy-Score: 0.8819 - AUROC: 0.9705 - AP: 0.8944
[37m2024-05-16 14:40:38,104 [INFO] - Validation epoch stats:   Loss: 0.3759 - F1-Score: 0.8587 - Accuracy-Score: 0.8587 - AUROC: 0.9612 - AP: 0.8531
[37m2024-05-16 14:40:38,105 [INFO] - New best model - save checkpoint
[37m2024-05-16 14:40:38,374 [INFO] - Epoch: 3/50
[37m2024-05-16 14:40:38,374 [INFO] - Extracting training cells
[37m2024-05-16 14:40:51,849 [INFO] - Extraction detection metrics - F1: 0.768, Precision: 0.845, Recall: 0.717, Detected-Cells: 7046
[37m2024-05-16 14:40:52,067 [INFO] - Training epoch stats:     Loss: 0.2783 - F1-Score: 0.9036 - Accuracy-Score: 0.9036 - AUROC: 0.9744 - AP: 0.9092
[37m2024-05-16 14:40:52,176 [INFO] - Validation epoch stats:   Loss: 0.3839 - F1-Score: 0.8532 - Accuracy-Score: 0.8532 - AUROC: 0.9597 - AP: 0.8509
[37m2024-05-16 14:40:52,238 [INFO] - Epoch: 4/50
[37m2024-05-16 14:40:52,238 [INFO] - Extracting training cells
[37m2024-05-16 14:41:03,287 [INFO] - Extraction detection metrics - F1: 0.777, Precision: 0.850, Recall: 0.734, Detected-Cells: 7181
[37m2024-05-16 14:41:03,537 [INFO] - Training epoch stats:     Loss: 0.2269 - F1-Score: 0.9167 - Accuracy-Score: 0.9167 - AUROC: 0.9841 - AP: 0.9427
[37m2024-05-16 14:41:03,671 [INFO] - Validation epoch stats:   Loss: 0.3903 - F1-Score: 0.8526 - Accuracy-Score: 0.8526 - AUROC: 0.9607 - AP: 0.8532
[37m2024-05-16 14:41:03,732 [INFO] - Epoch: 5/50
[37m2024-05-16 14:41:03,732 [INFO] - Extracting training cells
[37m2024-05-16 14:41:15,170 [INFO] - Extraction detection metrics - F1: 0.779, Precision: 0.843, Recall: 0.739, Detected-Cells: 7403
[37m2024-05-16 14:41:15,422 [INFO] - Training epoch stats:     Loss: 0.2267 - F1-Score: 0.9161 - Accuracy-Score: 0.9161 - AUROC: 0.9848 - AP: 0.9305
[37m2024-05-16 14:41:15,554 [INFO] - Validation epoch stats:   Loss: 0.3511 - F1-Score: 0.8610 - Accuracy-Score: 0.8610 - AUROC: 0.9688 - AP: 0.8659
[37m2024-05-16 14:41:15,555 [INFO] - New best model - save checkpoint
[37m2024-05-16 14:41:15,800 [INFO] - Epoch: 6/50
[37m2024-05-16 14:41:15,801 [INFO] - Extracting training cells
[37m2024-05-16 14:41:26,882 [INFO] - Extraction detection metrics - F1: 0.775, Precision: 0.853, Recall: 0.727, Detected-Cells: 7430
[37m2024-05-16 14:41:27,165 [INFO] - Training epoch stats:     Loss: 0.2125 - F1-Score: 0.9170 - Accuracy-Score: 0.9170 - AUROC: 0.9868 - AP: 0.9457
[37m2024-05-16 14:41:27,300 [INFO] - Validation epoch stats:   Loss: 0.3391 - F1-Score: 0.8644 - Accuracy-Score: 0.8644 - AUROC: 0.9698 - AP: 0.8689
[37m2024-05-16 14:41:27,301 [INFO] - New best model - save checkpoint
[37m2024-05-16 14:41:27,533 [INFO] - Epoch: 7/50
[37m2024-05-16 14:41:27,534 [INFO] - Extracting training cells
[37m2024-05-16 14:41:37,830 [INFO] - Extraction detection metrics - F1: 0.789, Precision: 0.852, Recall: 0.745, Detected-Cells: 6827
[37m2024-05-16 14:41:38,112 [INFO] - Training epoch stats:     Loss: 0.2132 - F1-Score: 0.9259 - Accuracy-Score: 0.9259 - AUROC: 0.9856 - AP: 0.9465
[37m2024-05-16 14:41:38,269 [INFO] - Validation epoch stats:   Loss: 0.3959 - F1-Score: 0.8457 - Accuracy-Score: 0.8457 - AUROC: 0.9622 - AP: 0.8545
[37m2024-05-16 14:41:38,331 [INFO] - Epoch: 8/50
[37m2024-05-16 14:41:38,331 [INFO] - Extracting training cells
[37m2024-05-16 14:41:49,642 [INFO] - Extraction detection metrics - F1: 0.781, Precision: 0.861, Recall: 0.729, Detected-Cells: 7500
[37m2024-05-16 14:41:49,897 [INFO] - Training epoch stats:     Loss: 0.2008 - F1-Score: 0.9219 - Accuracy-Score: 0.9219 - AUROC: 0.9879 - AP: 0.9531
[37m2024-05-16 14:41:50,028 [INFO] - Validation epoch stats:   Loss: 0.3967 - F1-Score: 0.8462 - Accuracy-Score: 0.8462 - AUROC: 0.9587 - AP: 0.8477
[37m2024-05-16 14:41:50,082 [INFO] - Epoch: 9/50
[37m2024-05-16 14:41:50,083 [INFO] - Extracting training cells
[37m2024-05-16 14:42:01,292 [INFO] - Extraction detection metrics - F1: 0.740, Precision: 0.845, Recall: 0.700, Detected-Cells: 7279
[37m2024-05-16 14:42:01,543 [INFO] - Training epoch stats:     Loss: 0.3309 - F1-Score: 0.8853 - Accuracy-Score: 0.8853 - AUROC: 0.9730 - AP: 0.9244
[37m2024-05-16 14:42:01,675 [INFO] - Validation epoch stats:   Loss: 0.3628 - F1-Score: 0.8608 - Accuracy-Score: 0.8608 - AUROC: 0.9651 - AP: 0.8573
[37m2024-05-16 14:42:01,737 [INFO] - Epoch: 10/50
[37m2024-05-16 14:42:01,738 [INFO] - Extracting training cells
[37m2024-05-16 14:42:12,626 [INFO] - Extraction detection metrics - F1: 0.767, Precision: 0.836, Recall: 0.720, Detected-Cells: 7224
[37m2024-05-16 14:42:12,869 [INFO] - Training epoch stats:     Loss: 0.2702 - F1-Score: 0.8981 - Accuracy-Score: 0.8981 - AUROC: 0.9823 - AP: 0.9339
[37m2024-05-16 14:42:13,005 [INFO] - Validation epoch stats:   Loss: 0.3774 - F1-Score: 0.8558 - Accuracy-Score: 0.8558 - AUROC: 0.9600 - AP: 0.8504
[37m2024-05-16 14:42:13,063 [INFO] - Epoch: 11/50
[37m2024-05-16 14:42:13,064 [INFO] - Extracting training cells
[37m2024-05-16 14:42:24,148 [INFO] - Extraction detection metrics - F1: 0.768, Precision: 0.843, Recall: 0.717, Detected-Cells: 6953
[37m2024-05-16 14:42:24,407 [INFO] - Training epoch stats:     Loss: 0.2494 - F1-Score: 0.9074 - Accuracy-Score: 0.9074 - AUROC: 0.9844 - AP: 0.9513
[37m2024-05-16 14:42:24,542 [INFO] - Validation epoch stats:   Loss: 0.3480 - F1-Score: 0.8606 - Accuracy-Score: 0.8606 - AUROC: 0.9658 - AP: 0.8551
[37m2024-05-16 14:42:24,598 [INFO] - Epoch: 12/50
[37m2024-05-16 14:42:24,599 [INFO] - Extracting training cells
[37m2024-05-16 14:42:35,967 [INFO] - Extraction detection metrics - F1: 0.784, Precision: 0.854, Recall: 0.740, Detected-Cells: 7546
[37m2024-05-16 14:42:36,229 [INFO] - Training epoch stats:     Loss: 0.1705 - F1-Score: 0.9344 - Accuracy-Score: 0.9344 - AUROC: 0.9917 - AP: 0.9676
[37m2024-05-16 14:42:36,357 [INFO] - Validation epoch stats:   Loss: 0.3493 - F1-Score: 0.8678 - Accuracy-Score: 0.8678 - AUROC: 0.9674 - AP: 0.8587
[37m2024-05-16 14:42:36,409 [INFO] - Epoch: 13/50
[37m2024-05-16 14:42:36,410 [INFO] - Extracting training cells
[37m2024-05-16 14:42:46,916 [INFO] - Extraction detection metrics - F1: 0.787, Precision: 0.838, Recall: 0.753, Detected-Cells: 6790
[37m2024-05-16 14:42:47,155 [INFO] - Training epoch stats:     Loss: 0.2574 - F1-Score: 0.9043 - Accuracy-Score: 0.9043 - AUROC: 0.9851 - AP: 0.9617
[37m2024-05-16 14:42:47,290 [INFO] - Validation epoch stats:   Loss: 0.3421 - F1-Score: 0.8666 - Accuracy-Score: 0.8666 - AUROC: 0.9703 - AP: 0.8691
[37m2024-05-16 14:42:47,291 [INFO] - New best model - save checkpoint
[37m2024-05-16 14:42:47,548 [INFO] - Epoch: 14/50
[37m2024-05-16 14:42:47,549 [INFO] - Extracting training cells
[37m2024-05-16 14:42:59,031 [INFO] - Extraction detection metrics - F1: 0.790, Precision: 0.856, Recall: 0.746, Detected-Cells: 7485
[37m2024-05-16 14:42:59,267 [INFO] - Training epoch stats:     Loss: 0.1959 - F1-Score: 0.9230 - Accuracy-Score: 0.9230 - AUROC: 0.9885 - AP: 0.9651
[37m2024-05-16 14:42:59,374 [INFO] - Validation epoch stats:   Loss: 0.3294 - F1-Score: 0.8714 - Accuracy-Score: 0.8714 - AUROC: 0.9673 - AP: 0.8633
[37m2024-05-16 14:42:59,437 [INFO] - Epoch: 15/50
[37m2024-05-16 14:42:59,437 [INFO] - Extracting training cells
[37m2024-05-16 14:43:10,417 [INFO] - Extraction detection metrics - F1: 0.790, Precision: 0.851, Recall: 0.748, Detected-Cells: 7465
[37m2024-05-16 14:43:10,690 [INFO] - Training epoch stats:     Loss: 0.1851 - F1-Score: 0.9289 - Accuracy-Score: 0.9289 - AUROC: 0.9902 - AP: 0.9733
[37m2024-05-16 14:43:10,826 [INFO] - Validation epoch stats:   Loss: 0.3902 - F1-Score: 0.8565 - Accuracy-Score: 0.8565 - AUROC: 0.9648 - AP: 0.8610
[37m2024-05-16 14:43:10,883 [INFO] - Epoch: 16/50
[37m2024-05-16 14:43:10,884 [INFO] - Extracting training cells
[37m2024-05-16 14:43:21,433 [INFO] - Extraction detection metrics - F1: 0.774, Precision: 0.838, Recall: 0.734, Detected-Cells: 7337
[37m2024-05-16 14:43:21,875 [INFO] - Training epoch stats:     Loss: 0.2320 - F1-Score: 0.9150 - Accuracy-Score: 0.9150 - AUROC: 0.9831 - AP: 0.8926
[37m2024-05-16 14:43:22,010 [INFO] - Validation epoch stats:   Loss: 0.3519 - F1-Score: 0.8668 - Accuracy-Score: 0.8668 - AUROC: 0.9528 - AP: 0.7700
[37m2024-05-16 14:43:22,071 [INFO] - Epoch: 17/50
[37m2024-05-16 14:43:22,072 [INFO] - Extracting training cells
[37m2024-05-16 14:43:32,602 [INFO] - Extraction detection metrics - F1: 0.789, Precision: 0.852, Recall: 0.750, Detected-Cells: 7590
[37m2024-05-16 14:43:32,835 [INFO] - Training epoch stats:     Loss: 0.1598 - F1-Score: 0.9373 - Accuracy-Score: 0.9373 - AUROC: 0.9929 - AP: 0.9739
[37m2024-05-16 14:43:32,944 [INFO] - Validation epoch stats:   Loss: 0.3411 - F1-Score: 0.8786 - Accuracy-Score: 0.8786 - AUROC: 0.9676 - AP: 0.8667
[37m2024-05-16 14:43:33,005 [INFO] - Epoch: 18/50
[37m2024-05-16 14:43:33,006 [INFO] - Extracting training cells
[37m2024-05-16 14:43:43,891 [INFO] - Extraction detection metrics - F1: 0.765, Precision: 0.848, Recall: 0.718, Detected-Cells: 7424
[37m2024-05-16 14:43:44,110 [INFO] - Training epoch stats:     Loss: 0.2384 - F1-Score: 0.9172 - Accuracy-Score: 0.9172 - AUROC: 0.9830 - AP: 0.8731
[37m2024-05-16 14:43:44,217 [INFO] - Validation epoch stats:   Loss: 0.3701 - F1-Score: 0.8641 - Accuracy-Score: 0.8641 - AUROC: 0.9562 - AP: 0.7476
[37m2024-05-16 14:43:44,280 [INFO] - Epoch: 19/50
[37m2024-05-16 14:43:44,280 [INFO] - Extracting training cells
[37m2024-05-16 14:43:54,844 [INFO] - Extraction detection metrics - F1: 0.770, Precision: 0.850, Recall: 0.723, Detected-Cells: 6883
[37m2024-05-16 14:43:55,087 [INFO] - Training epoch stats:     Loss: 0.2009 - F1-Score: 0.9220 - Accuracy-Score: 0.9220 - AUROC: 0.9901 - AP: 0.9616
[37m2024-05-16 14:43:55,223 [INFO] - Validation epoch stats:   Loss: 0.3678 - F1-Score: 0.8659 - Accuracy-Score: 0.8659 - AUROC: 0.9672 - AP: 0.8617
[37m2024-05-16 14:43:55,283 [INFO] - Epoch: 20/50
[37m2024-05-16 14:43:55,283 [INFO] - Extracting training cells
[37m2024-05-16 14:44:06,801 [INFO] - Extraction detection metrics - F1: 0.749, Precision: 0.835, Recall: 0.700, Detected-Cells: 6918
[37m2024-05-16 14:44:07,037 [INFO] - Training epoch stats:     Loss: 0.3362 - F1-Score: 0.8891 - Accuracy-Score: 0.8891 - AUROC: 0.9753 - AP: 0.9367
[37m2024-05-16 14:44:07,169 [INFO] - Validation epoch stats:   Loss: 0.4058 - F1-Score: 0.8517 - Accuracy-Score: 0.8517 - AUROC: 0.9617 - AP: 0.8472
[37m2024-05-16 14:44:07,225 [INFO] - Epoch: 21/50
[37m2024-05-16 14:44:07,226 [INFO] - Extracting training cells
[37m2024-05-16 14:44:17,972 [INFO] - Extraction detection metrics - F1: 0.762, Precision: 0.850, Recall: 0.714, Detected-Cells: 7416
[37m2024-05-16 14:44:18,245 [INFO] - Training epoch stats:     Loss: 0.1581 - F1-Score: 0.9382 - Accuracy-Score: 0.9382 - AUROC: 0.9928 - AP: 0.9803
[37m2024-05-16 14:44:18,383 [INFO] - Validation epoch stats:   Loss: 0.3415 - F1-Score: 0.8725 - Accuracy-Score: 0.8725 - AUROC: 0.9687 - AP: 0.8667
[37m2024-05-16 14:44:18,448 [INFO] - Epoch: 22/50
[37m2024-05-16 14:44:18,449 [INFO] - Extracting training cells
[37m2024-05-16 14:44:29,701 [INFO] - Extraction detection metrics - F1: 0.755, Precision: 0.822, Recall: 0.718, Detected-Cells: 6136
[37m2024-05-16 14:44:29,947 [INFO] - Training epoch stats:     Loss: 0.2458 - F1-Score: 0.9073 - Accuracy-Score: 0.9073 - AUROC: 0.9823 - AP: 0.9506
[37m2024-05-16 14:44:30,108 [INFO] - Validation epoch stats:   Loss: 0.3489 - F1-Score: 0.8601 - Accuracy-Score: 0.8601 - AUROC: 0.9625 - AP: 0.8578
[37m2024-05-16 14:44:30,170 [INFO] - Epoch: 23/50
[37m2024-05-16 14:44:30,170 [INFO] - Extracting training cells
[37m2024-05-16 14:44:41,821 [INFO] - Extraction detection metrics - F1: 0.773, Precision: 0.848, Recall: 0.735, Detected-Cells: 7393
[37m2024-05-16 14:44:42,113 [INFO] - Training epoch stats:     Loss: 0.2590 - F1-Score: 0.9134 - Accuracy-Score: 0.9134 - AUROC: 0.9765 - AP: 0.9027
[37m2024-05-16 14:44:42,275 [INFO] - Validation epoch stats:   Loss: 0.3666 - F1-Score: 0.8562 - Accuracy-Score: 0.8562 - AUROC: 0.9515 - AP: 0.8423
[37m2024-05-16 14:44:42,336 [INFO] - Epoch: 24/50
[37m2024-05-16 14:44:42,337 [INFO] - Extracting training cells
[37m2024-05-16 14:44:54,520 [INFO] - Extraction detection metrics - F1: 0.781, Precision: 0.844, Recall: 0.745, Detected-Cells: 7541
[37m2024-05-16 14:44:54,837 [INFO] - Training epoch stats:     Loss: 0.1510 - F1-Score: 0.9430 - Accuracy-Score: 0.9430 - AUROC: 0.9930 - AP: 0.9782
[37m2024-05-16 14:44:55,001 [INFO] - Validation epoch stats:   Loss: 0.3405 - F1-Score: 0.8735 - Accuracy-Score: 0.8735 - AUROC: 0.9660 - AP: 0.8680
[37m2024-05-16 14:44:55,072 [INFO] - Epoch: 25/50
[37m2024-05-16 14:44:55,072 [INFO] - Extracting training cells
[37m2024-05-16 14:45:06,285 [INFO] - Extraction detection metrics - F1: 0.790, Precision: 0.853, Recall: 0.747, Detected-Cells: 7424
[37m2024-05-16 14:45:06,579 [INFO] - Training epoch stats:     Loss: 0.2900 - F1-Score: 0.9165 - Accuracy-Score: 0.9165 - AUROC: 0.9735 - AP: 0.8584
[37m2024-05-16 14:45:06,742 [INFO] - Validation epoch stats:   Loss: 0.3348 - F1-Score: 0.8694 - Accuracy-Score: 0.8694 - AUROC: 0.9653 - AP: 0.8680
[37m2024-05-16 14:45:06,812 [INFO] - Epoch: 26/50
[37m2024-05-16 14:45:06,813 [INFO] - Extracting training cells
[37m2024-05-16 14:45:18,089 [INFO] - Extraction detection metrics - F1: 0.774, Precision: 0.859, Recall: 0.731, Detected-Cells: 7553
[37m2024-05-16 14:45:18,328 [INFO] - Training epoch stats:     Loss: 0.3529 - F1-Score: 0.9101 - Accuracy-Score: 0.9101 - AUROC: 0.9772 - AP: 0.9493
[37m2024-05-16 14:45:18,436 [INFO] - Validation epoch stats:   Loss: 0.3219 - F1-Score: 0.8694 - Accuracy-Score: 0.8694 - AUROC: 0.9641 - AP: 0.8666
[37m2024-05-16 14:45:18,495 [INFO] - Epoch: 27/50
[37m2024-05-16 14:45:18,495 [INFO] - Extracting training cells
[37m2024-05-16 14:45:29,807 [INFO] - Extraction detection metrics - F1: 0.773, Precision: 0.857, Recall: 0.722, Detected-Cells: 7011
[37m2024-05-16 14:45:30,031 [INFO] - Training epoch stats:     Loss: 0.1731 - F1-Score: 0.9330 - Accuracy-Score: 0.9330 - AUROC: 0.9927 - AP: 0.9767
[37m2024-05-16 14:45:30,136 [INFO] - Validation epoch stats:   Loss: 0.3301 - F1-Score: 0.8670 - Accuracy-Score: 0.8670 - AUROC: 0.9651 - AP: 0.8680
[37m2024-05-16 14:45:30,196 [INFO] - Epoch: 28/50
[37m2024-05-16 14:45:30,197 [INFO] - Extracting training cells
[37m2024-05-16 14:45:40,964 [INFO] - Extraction detection metrics - F1: 0.744, Precision: 0.825, Recall: 0.709, Detected-Cells: 7030
[37m2024-05-16 14:45:41,234 [INFO] - Training epoch stats:     Loss: 0.1818 - F1-Score: 0.9306 - Accuracy-Score: 0.9306 - AUROC: 0.9917 - AP: 0.9768
[37m2024-05-16 14:45:41,394 [INFO] - Validation epoch stats:   Loss: 0.3363 - F1-Score: 0.8675 - Accuracy-Score: 0.8675 - AUROC: 0.9660 - AP: 0.8696
[37m2024-05-16 14:45:41,461 [INFO] - Epoch: 29/50
[37m2024-05-16 14:45:41,462 [INFO] - Extracting training cells
[37m2024-05-16 14:45:52,464 [INFO] - Extraction detection metrics - F1: 0.761, Precision: 0.831, Recall: 0.713, Detected-Cells: 7169
[37m2024-05-16 14:45:52,805 [INFO] - Training epoch stats:     Loss: 0.1440 - F1-Score: 0.9428 - Accuracy-Score: 0.9428 - AUROC: 0.9942 - AP: 0.9780
[37m2024-05-16 14:45:52,919 [INFO] - Validation epoch stats:   Loss: 0.3395 - F1-Score: 0.8706 - Accuracy-Score: 0.8706 - AUROC: 0.9671 - AP: 0.8706
[37m2024-05-16 14:45:52,984 [INFO] - Epoch: 30/50
[37m2024-05-16 14:45:52,984 [INFO] - Extracting training cells
[37m2024-05-16 14:46:04,201 [INFO] - Extraction detection metrics - F1: 0.787, Precision: 0.853, Recall: 0.747, Detected-Cells: 7494
[37m2024-05-16 14:46:04,541 [INFO] - Training epoch stats:     Loss: 0.2484 - F1-Score: 0.9202 - Accuracy-Score: 0.9202 - AUROC: 0.9866 - AP: 0.9690
[37m2024-05-16 14:46:04,727 [INFO] - Validation epoch stats:   Loss: 0.3257 - F1-Score: 0.8720 - Accuracy-Score: 0.8720 - AUROC: 0.9647 - AP: 0.8682
[37m2024-05-16 14:46:04,798 [INFO] - Epoch: 31/50
[37m2024-05-16 14:46:04,799 [INFO] - Extracting training cells
[37m2024-05-16 14:46:16,593 [INFO] - Extraction detection metrics - F1: 0.765, Precision: 0.834, Recall: 0.725, Detected-Cells: 6965
[37m2024-05-16 14:46:16,988 [INFO] - Training epoch stats:     Loss: 0.1960 - F1-Score: 0.9245 - Accuracy-Score: 0.9245 - AUROC: 0.9895 - AP: 0.9500
[37m2024-05-16 14:46:17,100 [INFO] - Validation epoch stats:   Loss: 0.3236 - F1-Score: 0.8747 - Accuracy-Score: 0.8747 - AUROC: 0.9648 - AP: 0.8657
[37m2024-05-16 14:46:17,163 [INFO] - Epoch: 32/50
[37m2024-05-16 14:46:17,164 [INFO] - Extracting training cells
[37m2024-05-16 14:46:28,203 [INFO] - Extraction detection metrics - F1: 0.787, Precision: 0.841, Recall: 0.751, Detected-Cells: 7442
[37m2024-05-16 14:46:28,442 [INFO] - Training epoch stats:     Loss: 0.3055 - F1-Score: 0.9117 - Accuracy-Score: 0.9117 - AUROC: 0.9788 - AP: 0.9502
[37m2024-05-16 14:46:28,553 [INFO] - Validation epoch stats:   Loss: 0.3301 - F1-Score: 0.8713 - Accuracy-Score: 0.8713 - AUROC: 0.9620 - AP: 0.8631
[37m2024-05-16 14:46:28,610 [INFO] - Epoch: 33/50
[37m2024-05-16 14:46:28,610 [INFO] - Extracting training cells
[37m2024-05-16 14:46:40,093 [INFO] - Extraction detection metrics - F1: 0.762, Precision: 0.844, Recall: 0.708, Detected-Cells: 6606
[37m2024-05-16 14:46:40,347 [INFO] - Training epoch stats:     Loss: 0.1584 - F1-Score: 0.9432 - Accuracy-Score: 0.9432 - AUROC: 0.9944 - AP: 0.9841
[37m2024-05-16 14:46:40,506 [INFO] - Validation epoch stats:   Loss: 0.3241 - F1-Score: 0.8737 - Accuracy-Score: 0.8737 - AUROC: 0.9641 - AP: 0.8668
[37m2024-05-16 14:46:40,507 [INFO] - Performing early stopping!
[37m2024-05-16 14:46:40,519 [INFO] - Finished run o5lvdlka
