[37m2024-06-28 11:59:15,241 [INFO] - Instantiated Logger. WandB init and config update finished.
[37m2024-06-28 11:59:15,242 [INFO] - Run ist stored here: /cellvit/logs_paper/Head-Evaluation/CoNSeP/SAM-H/Amount-DA/2024-06-28T115906_Amount-12-Seed-5
[37m2024-06-28 11:59:15,305 [INFO] - Cuda devices: [<torch.cuda.device object at 0x7f4728b98850>]
[37m2024-06-28 11:59:15,311 [INFO] - Using GPU: cuda:0
[37m2024-06-28 11:59:15,315 [INFO] - Using device: cuda:0
[37m2024-06-28 11:59:15,320 [INFO] - Loss function:
[37m2024-06-28 11:59:15,325 [INFO] - CrossEntropyLoss()
[37m2024-06-28 11:59:35,269 [INFO] - <All keys matched successfully>
[37m2024-06-28 11:59:37,066 [INFO] -
==========================================================================================
Layer (type:depth-idx)                   Output Shape              Param #
==========================================================================================
LinearClassifier                         [1, 4]                    --
├─Linear: 1-1                            [1, 128]                  163,968
├─ReLU: 1-2                              [1, 128]                  --
├─Dropout: 1-3                           [1, 128]                  --
├─Linear: 1-4                            [1, 4]                    516
==========================================================================================
Total params: 164,484
Trainable params: 164,484
Non-trainable params: 0
Total mult-adds (M): 0.16
==========================================================================================
Input size (MB): 0.01
Forward/backward pass size (MB): 0.00
Params size (MB): 0.66
Estimated Total Size (MB): 0.66
==========================================================================================
[37m2024-06-28 11:59:37,067 [INFO] - Loaded AdamW Optimizer with following hyperparameters:
[37m2024-06-28 11:59:37,072 [INFO] - {'betas': [0.85, 0.9], 'lr': 0.0005, 'weight_decay': 0.0005}
[37m2024-06-28 11:59:37,077 [INFO] - Using early stopping with a range of 20 and maximize strategy
[37m2024-06-28 11:59:37,093 [INFO] - Caching datasets
[37m2024-06-28 11:59:38,141 [INFO] - Instantiate Trainer
[37m2024-06-28 11:59:38,146 [INFO] - Calling Trainer Fit
[37m2024-06-28 11:59:38,148 [INFO] - Starting training, total number of epochs: 50
[37m2024-06-28 11:59:38,153 [INFO] - Epoch: 1/50
[37m2024-06-28 11:59:38,158 [INFO] - Extracting training cells
[37m2024-06-28 11:59:53,488 [INFO] - Extraction detection metrics - F1: 0.754, Precision: 0.824, Recall: 0.708, Detected-Cells: 4287
[37m2024-06-28 11:59:53,755 [INFO] - Training epoch stats:     Loss: 0.6713 - F1-Score: 0.7401 - Accuracy-Score: 0.7401 - AUROC: 0.8774 - AP: 0.6598
[37m2024-06-28 11:59:55,076 [INFO] - Loaded dataset from cache: /Consep/cache/1f728da27af6daed7b166ce5447f5dec18916e3679cb7b74ddaefb4a67df10d2.h5
[37m2024-06-28 11:59:55,287 [INFO] - Validation epoch stats:   Loss: 0.3835 - F1-Score: 0.8574 - Accuracy-Score: 0.8574 - AUROC: 0.9537 - AP: 0.8387
[37m2024-06-28 11:59:55,288 [INFO] - New best model - save checkpoint
[37m2024-06-28 11:59:55,458 [INFO] - Epoch: 2/50
[37m2024-06-28 11:59:55,459 [INFO] - Extracting training cells
[37m2024-06-28 12:00:04,023 [INFO] - Extraction detection metrics - F1: 0.775, Precision: 0.821, Recall: 0.741, Detected-Cells: 4356
[37m2024-06-28 12:00:04,220 [INFO] - Training epoch stats:     Loss: 0.4356 - F1-Score: 0.8476 - Accuracy-Score: 0.8476 - AUROC: 0.9426 - AP: 0.8089
[37m2024-06-28 12:00:04,385 [INFO] - Validation epoch stats:   Loss: 0.3774 - F1-Score: 0.8510 - Accuracy-Score: 0.8510 - AUROC: 0.9586 - AP: 0.8445
[37m2024-06-28 12:00:04,386 [INFO] - New best model - save checkpoint
[37m2024-06-28 12:00:04,573 [INFO] - Epoch: 3/50
[37m2024-06-28 12:00:04,573 [INFO] - Extracting training cells
[37m2024-06-28 12:00:15,935 [INFO] - Extraction detection metrics - F1: 0.764, Precision: 0.823, Recall: 0.724, Detected-Cells: 4627
[37m2024-06-28 12:00:16,117 [INFO] - Training epoch stats:     Loss: 0.2874 - F1-Score: 0.8924 - Accuracy-Score: 0.8924 - AUROC: 0.9706 - AP: 0.8752
[37m2024-06-28 12:00:16,268 [INFO] - Validation epoch stats:   Loss: 0.3483 - F1-Score: 0.8665 - Accuracy-Score: 0.8665 - AUROC: 0.9657 - AP: 0.8606
[37m2024-06-28 12:00:16,269 [INFO] - New best model - save checkpoint
[37m2024-06-28 12:00:16,438 [INFO] - Epoch: 4/50
[37m2024-06-28 12:00:16,439 [INFO] - Extracting training cells
[37m2024-06-28 12:00:26,088 [INFO] - Extraction detection metrics - F1: 0.777, Precision: 0.858, Recall: 0.729, Detected-Cells: 4840
[37m2024-06-28 12:00:26,257 [INFO] - Training epoch stats:     Loss: 0.2329 - F1-Score: 0.9143 - Accuracy-Score: 0.9143 - AUROC: 0.9809 - AP: 0.9157
[37m2024-06-28 12:00:26,405 [INFO] - Validation epoch stats:   Loss: 0.3550 - F1-Score: 0.8605 - Accuracy-Score: 0.8605 - AUROC: 0.9655 - AP: 0.8615
[37m2024-06-28 12:00:26,464 [INFO] - Epoch: 5/50
[37m2024-06-28 12:00:26,465 [INFO] - Extracting training cells
[37m2024-06-28 12:00:34,465 [INFO] - Extraction detection metrics - F1: 0.756, Precision: 0.819, Recall: 0.712, Detected-Cells: 4202
[37m2024-06-28 12:00:34,640 [INFO] - Training epoch stats:     Loss: 0.2489 - F1-Score: 0.9067 - Accuracy-Score: 0.9067 - AUROC: 0.9769 - AP: 0.9011
[37m2024-06-28 12:00:34,792 [INFO] - Validation epoch stats:   Loss: 0.3348 - F1-Score: 0.8714 - Accuracy-Score: 0.8714 - AUROC: 0.9647 - AP: 0.8633
[37m2024-06-28 12:00:34,852 [INFO] - Epoch: 6/50
[37m2024-06-28 12:00:34,853 [INFO] - Extracting training cells
[37m2024-06-28 12:00:45,414 [INFO] - Extraction detection metrics - F1: 0.781, Precision: 0.837, Recall: 0.749, Detected-Cells: 4422
[37m2024-06-28 12:00:45,564 [INFO] - Training epoch stats:     Loss: 0.2827 - F1-Score: 0.8964 - Accuracy-Score: 0.8964 - AUROC: 0.9744 - AP: 0.9041
[37m2024-06-28 12:00:45,727 [INFO] - Validation epoch stats:   Loss: 0.3556 - F1-Score: 0.8560 - Accuracy-Score: 0.8560 - AUROC: 0.9647 - AP: 0.8610
[37m2024-06-28 12:00:45,778 [INFO] - Epoch: 7/50
[37m2024-06-28 12:00:45,779 [INFO] - Extracting training cells
[37m2024-06-28 12:00:54,632 [INFO] - Extraction detection metrics - F1: 0.765, Precision: 0.828, Recall: 0.731, Detected-Cells: 4244
[37m2024-06-28 12:00:54,834 [INFO] - Training epoch stats:     Loss: 0.3782 - F1-Score: 0.8718 - Accuracy-Score: 0.8718 - AUROC: 0.9672 - AP: 0.8935
[37m2024-06-28 12:00:54,983 [INFO] - Validation epoch stats:   Loss: 0.4102 - F1-Score: 0.8330 - Accuracy-Score: 0.8330 - AUROC: 0.9593 - AP: 0.8479
[37m2024-06-28 12:00:55,042 [INFO] - Epoch: 8/50
[37m2024-06-28 12:00:55,042 [INFO] - Extracting training cells
[37m2024-06-28 12:01:04,567 [INFO] - Extraction detection metrics - F1: 0.788, Precision: 0.840, Recall: 0.757, Detected-Cells: 4621
[37m2024-06-28 12:01:05,273 [INFO] - Training epoch stats:     Loss: 0.2640 - F1-Score: 0.9087 - Accuracy-Score: 0.9087 - AUROC: 0.9791 - AP: 0.8891
[37m2024-06-28 12:01:05,448 [INFO] - Validation epoch stats:   Loss: 0.3499 - F1-Score: 0.8625 - Accuracy-Score: 0.8625 - AUROC: 0.9624 - AP: 0.7531
[37m2024-06-28 12:01:05,512 [INFO] - Epoch: 9/50
[37m2024-06-28 12:01:05,513 [INFO] - Extracting training cells
[37m2024-06-28 12:01:15,875 [INFO] - Extraction detection metrics - F1: 0.772, Precision: 0.839, Recall: 0.729, Detected-Cells: 4779
[37m2024-06-28 12:01:16,050 [INFO] - Training epoch stats:     Loss: 0.2012 - F1-Score: 0.9201 - Accuracy-Score: 0.9201 - AUROC: 0.9880 - AP: 0.9350
[37m2024-06-28 12:01:16,192 [INFO] - Validation epoch stats:   Loss: 0.3619 - F1-Score: 0.8615 - Accuracy-Score: 0.8615 - AUROC: 0.9671 - AP: 0.8616
[37m2024-06-28 12:01:16,193 [INFO] - New best model - save checkpoint
[37m2024-06-28 12:01:16,351 [INFO] - Epoch: 10/50
[37m2024-06-28 12:01:16,352 [INFO] - Extracting training cells
[37m2024-06-28 12:01:27,022 [INFO] - Extraction detection metrics - F1: 0.782, Precision: 0.851, Recall: 0.739, Detected-Cells: 4778
[37m2024-06-28 12:01:27,769 [INFO] - Training epoch stats:     Loss: 0.1892 - F1-Score: 0.9261 - Accuracy-Score: 0.9261 - AUROC: 0.9897 - AP: 0.9505
[37m2024-06-28 12:01:28,013 [INFO] - Validation epoch stats:   Loss: 0.3266 - F1-Score: 0.8714 - Accuracy-Score: 0.8714 - AUROC: 0.9704 - AP: 0.8681
[37m2024-06-28 12:01:28,014 [INFO] - New best model - save checkpoint
[37m2024-06-28 12:01:28,179 [INFO] - Epoch: 11/50
[37m2024-06-28 12:01:28,180 [INFO] - Extracting training cells
[37m2024-06-28 12:01:37,272 [INFO] - Extraction detection metrics - F1: 0.773, Precision: 0.837, Recall: 0.736, Detected-Cells: 4658
[37m2024-06-28 12:01:37,451 [INFO] - Training epoch stats:     Loss: 0.2532 - F1-Score: 0.9047 - Accuracy-Score: 0.9047 - AUROC: 0.9838 - AP: 0.9460
[37m2024-06-28 12:01:37,604 [INFO] - Validation epoch stats:   Loss: 0.3489 - F1-Score: 0.8658 - Accuracy-Score: 0.8658 - AUROC: 0.9657 - AP: 0.8593
[37m2024-06-28 12:01:37,670 [INFO] - Epoch: 12/50
[37m2024-06-28 12:01:37,671 [INFO] - Extracting training cells
[37m2024-06-28 12:01:48,242 [INFO] - Extraction detection metrics - F1: 0.771, Precision: 0.842, Recall: 0.733, Detected-Cells: 4418
[37m2024-06-28 12:01:48,409 [INFO] - Training epoch stats:     Loss: 0.4601 - F1-Score: 0.8246 - Accuracy-Score: 0.8246 - AUROC: 0.9505 - AP: 0.8736
[37m2024-06-28 12:01:48,960 [INFO] - Validation epoch stats:   Loss: 0.3545 - F1-Score: 0.8608 - Accuracy-Score: 0.8608 - AUROC: 0.9664 - AP: 0.8596
[37m2024-06-28 12:01:49,160 [INFO] - Epoch: 13/50
[37m2024-06-28 12:01:49,161 [INFO] - Extracting training cells
[37m2024-06-28 12:01:59,410 [INFO] - Extraction detection metrics - F1: 0.783, Precision: 0.846, Recall: 0.741, Detected-Cells: 4648
[37m2024-06-28 12:01:59,574 [INFO] - Training epoch stats:     Loss: 0.4669 - F1-Score: 0.8688 - Accuracy-Score: 0.8688 - AUROC: 0.9510 - AP: 0.8784
[37m2024-06-28 12:01:59,699 [INFO] - Validation epoch stats:   Loss: 0.3929 - F1-Score: 0.8481 - Accuracy-Score: 0.8481 - AUROC: 0.9622 - AP: 0.8553
[37m2024-06-28 12:01:59,756 [INFO] - Epoch: 14/50
[37m2024-06-28 12:01:59,757 [INFO] - Extracting training cells
[37m2024-06-28 12:02:08,733 [INFO] - Extraction detection metrics - F1: 0.767, Precision: 0.832, Recall: 0.725, Detected-Cells: 4056
[37m2024-06-28 12:02:08,870 [INFO] - Training epoch stats:     Loss: 0.2288 - F1-Score: 0.9157 - Accuracy-Score: 0.9157 - AUROC: 0.9855 - AP: 0.9427
[37m2024-06-28 12:02:09,002 [INFO] - Validation epoch stats:   Loss: 0.3256 - F1-Score: 0.8718 - Accuracy-Score: 0.8718 - AUROC: 0.9706 - AP: 0.8706
[37m2024-06-28 12:02:09,003 [INFO] - New best model - save checkpoint
[37m2024-06-28 12:02:09,163 [INFO] - Epoch: 15/50
[37m2024-06-28 12:02:09,164 [INFO] - Extracting training cells
[37m2024-06-28 12:02:19,170 [INFO] - Extraction detection metrics - F1: 0.754, Precision: 0.830, Recall: 0.705, Detected-Cells: 4242
[37m2024-06-28 12:02:19,336 [INFO] - Training epoch stats:     Loss: 0.2349 - F1-Score: 0.9071 - Accuracy-Score: 0.9071 - AUROC: 0.9821 - AP: 0.9171
[37m2024-06-28 12:02:19,455 [INFO] - Validation epoch stats:   Loss: 0.3285 - F1-Score: 0.8725 - Accuracy-Score: 0.8725 - AUROC: 0.9697 - AP: 0.8021
[37m2024-06-28 12:02:19,515 [INFO] - Epoch: 16/50
[37m2024-06-28 12:02:19,516 [INFO] - Extracting training cells
[37m2024-06-28 12:02:29,355 [INFO] - Extraction detection metrics - F1: 0.774, Precision: 0.849, Recall: 0.730, Detected-Cells: 4810
[37m2024-06-28 12:02:29,512 [INFO] - Training epoch stats:     Loss: 0.1688 - F1-Score: 0.9339 - Accuracy-Score: 0.9339 - AUROC: 0.9912 - AP: 0.9566
[37m2024-06-28 12:02:29,630 [INFO] - Validation epoch stats:   Loss: 0.3295 - F1-Score: 0.8759 - Accuracy-Score: 0.8759 - AUROC: 0.9708 - AP: 0.8749
[37m2024-06-28 12:02:29,631 [INFO] - New best model - save checkpoint
[37m2024-06-28 12:02:29,782 [INFO] - Epoch: 17/50
[37m2024-06-28 12:02:29,782 [INFO] - Extracting training cells
[37m2024-06-28 12:02:38,270 [INFO] - Extraction detection metrics - F1: 0.786, Precision: 0.860, Recall: 0.740, Detected-Cells: 4808
[37m2024-06-28 12:02:38,425 [INFO] - Training epoch stats:     Loss: 0.1568 - F1-Score: 0.9416 - Accuracy-Score: 0.9416 - AUROC: 0.9921 - AP: 0.9609
[37m2024-06-28 12:02:38,555 [INFO] - Validation epoch stats:   Loss: 0.3254 - F1-Score: 0.8752 - Accuracy-Score: 0.8752 - AUROC: 0.9701 - AP: 0.8726
[37m2024-06-28 12:02:38,618 [INFO] - Epoch: 18/50
[37m2024-06-28 12:02:38,619 [INFO] - Extracting training cells
[37m2024-06-28 12:02:47,666 [INFO] - Extraction detection metrics - F1: 0.785, Precision: 0.851, Recall: 0.742, Detected-Cells: 4826
[37m2024-06-28 12:02:47,903 [INFO] - Training epoch stats:     Loss: 0.1721 - F1-Score: 0.9351 - Accuracy-Score: 0.9351 - AUROC: 0.9910 - AP: 0.9608
[37m2024-06-28 12:02:48,176 [INFO] - Validation epoch stats:   Loss: 0.3192 - F1-Score: 0.8737 - Accuracy-Score: 0.8737 - AUROC: 0.9698 - AP: 0.8744
[37m2024-06-28 12:02:48,298 [INFO] - Epoch: 19/50
[37m2024-06-28 12:02:48,299 [INFO] - Extracting training cells
[37m2024-06-28 12:02:58,981 [INFO] - Extraction detection metrics - F1: 0.759, Precision: 0.830, Recall: 0.713, Detected-Cells: 4385
[37m2024-06-28 12:02:59,126 [INFO] - Training epoch stats:     Loss: 0.2802 - F1-Score: 0.8999 - Accuracy-Score: 0.8999 - AUROC: 0.9704 - AP: 0.8853
[37m2024-06-28 12:02:59,258 [INFO] - Validation epoch stats:   Loss: 0.3587 - F1-Score: 0.8647 - Accuracy-Score: 0.8647 - AUROC: 0.9556 - AP: 0.7437
[37m2024-06-28 12:02:59,327 [INFO] - Epoch: 20/50
[37m2024-06-28 12:02:59,327 [INFO] - Extracting training cells
[37m2024-06-28 12:03:08,364 [INFO] - Extraction detection metrics - F1: 0.776, Precision: 0.865, Recall: 0.722, Detected-Cells: 4586
[37m2024-06-28 12:03:08,535 [INFO] - Training epoch stats:     Loss: 0.1839 - F1-Score: 0.9294 - Accuracy-Score: 0.9294 - AUROC: 0.9898 - AP: 0.9479
[37m2024-06-28 12:03:08,691 [INFO] - Validation epoch stats:   Loss: 0.3520 - F1-Score: 0.8675 - Accuracy-Score: 0.8675 - AUROC: 0.9680 - AP: 0.8686
[37m2024-06-28 12:03:08,758 [INFO] - Epoch: 21/50
[37m2024-06-28 12:03:08,759 [INFO] - Extracting training cells
[37m2024-06-28 12:03:17,499 [INFO] - Extraction detection metrics - F1: 0.778, Precision: 0.826, Recall: 0.755, Detected-Cells: 4577
[37m2024-06-28 12:03:18,069 [INFO] - Training epoch stats:     Loss: 0.3600 - F1-Score: 0.8755 - Accuracy-Score: 0.8755 - AUROC: 0.9673 - AP: 0.9030
[37m2024-06-28 12:03:18,762 [INFO] - Validation epoch stats:   Loss: 0.3723 - F1-Score: 0.8472 - Accuracy-Score: 0.8472 - AUROC: 0.9624 - AP: 0.8574
[37m2024-06-28 12:03:18,828 [INFO] - Epoch: 22/50
[37m2024-06-28 12:03:18,828 [INFO] - Extracting training cells
[37m2024-06-28 12:03:30,446 [INFO] - Extraction detection metrics - F1: 0.777, Precision: 0.840, Recall: 0.735, Detected-Cells: 4412
[37m2024-06-28 12:03:30,631 [INFO] - Training epoch stats:     Loss: 0.1721 - F1-Score: 0.9365 - Accuracy-Score: 0.9365 - AUROC: 0.9922 - AP: 0.9684
[37m2024-06-28 12:03:30,792 [INFO] - Validation epoch stats:   Loss: 0.3446 - F1-Score: 0.8697 - Accuracy-Score: 0.8697 - AUROC: 0.9660 - AP: 0.8634
[37m2024-06-28 12:03:30,851 [INFO] - Epoch: 23/50
[37m2024-06-28 12:03:30,851 [INFO] - Extracting training cells
[37m2024-06-28 12:03:39,905 [INFO] - Extraction detection metrics - F1: 0.771, Precision: 0.848, Recall: 0.725, Detected-Cells: 4744
[37m2024-06-28 12:03:40,171 [INFO] - Training epoch stats:     Loss: 0.1625 - F1-Score: 0.9401 - Accuracy-Score: 0.9401 - AUROC: 0.9926 - AP: 0.9679
[37m2024-06-28 12:03:40,300 [INFO] - Validation epoch stats:   Loss: 0.3470 - F1-Score: 0.8666 - Accuracy-Score: 0.8666 - AUROC: 0.9655 - AP: 0.8642
[37m2024-06-28 12:03:40,364 [INFO] - Epoch: 24/50
[37m2024-06-28 12:03:40,365 [INFO] - Extracting training cells
[37m2024-06-28 12:03:48,874 [INFO] - Extraction detection metrics - F1: 0.775, Precision: 0.843, Recall: 0.736, Detected-Cells: 4841
[37m2024-06-28 12:03:49,194 [INFO] - Training epoch stats:     Loss: 0.1197 - F1-Score: 0.9533 - Accuracy-Score: 0.9533 - AUROC: 0.9957 - AP: 0.9820
[37m2024-06-28 12:03:49,325 [INFO] - Validation epoch stats:   Loss: 0.3406 - F1-Score: 0.8682 - Accuracy-Score: 0.8682 - AUROC: 0.9689 - AP: 0.8707
[37m2024-06-28 12:03:49,388 [INFO] - Epoch: 25/50
[37m2024-06-28 12:03:49,389 [INFO] - Extracting training cells
[37m2024-06-28 12:03:59,054 [INFO] - Extraction detection metrics - F1: 0.789, Precision: 0.832, Recall: 0.760, Detected-Cells: 4191
[37m2024-06-28 12:03:59,199 [INFO] - Training epoch stats:     Loss: 0.4541 - F1-Score: 0.8683 - Accuracy-Score: 0.8683 - AUROC: 0.9641 - AP: 0.9188
[37m2024-06-28 12:03:59,350 [INFO] - Validation epoch stats:   Loss: 0.3359 - F1-Score: 0.8654 - Accuracy-Score: 0.8654 - AUROC: 0.9668 - AP: 0.8670
[37m2024-06-28 12:03:59,405 [INFO] - Epoch: 26/50
[37m2024-06-28 12:03:59,406 [INFO] - Extracting training cells
[37m2024-06-28 12:04:09,869 [INFO] - Extraction detection metrics - F1: 0.768, Precision: 0.846, Recall: 0.727, Detected-Cells: 4780
[37m2024-06-28 12:04:10,054 [INFO] - Training epoch stats:     Loss: 0.1325 - F1-Score: 0.9508 - Accuracy-Score: 0.9508 - AUROC: 0.9953 - AP: 0.9784
[37m2024-06-28 12:04:10,203 [INFO] - Validation epoch stats:   Loss: 0.3323 - F1-Score: 0.8661 - Accuracy-Score: 0.8661 - AUROC: 0.9680 - AP: 0.8692
[37m2024-06-28 12:04:10,260 [INFO] - Epoch: 27/50
[37m2024-06-28 12:04:10,260 [INFO] - Extracting training cells
[37m2024-06-28 12:04:21,476 [INFO] - Extraction detection metrics - F1: 0.776, Precision: 0.847, Recall: 0.731, Detected-Cells: 4761
[37m2024-06-28 12:04:21,662 [INFO] - Training epoch stats:     Loss: 0.1555 - F1-Score: 0.9399 - Accuracy-Score: 0.9399 - AUROC: 0.9934 - AP: 0.9752
[37m2024-06-28 12:04:21,818 [INFO] - Validation epoch stats:   Loss: 0.3204 - F1-Score: 0.8762 - Accuracy-Score: 0.8762 - AUROC: 0.9685 - AP: 0.8693
[37m2024-06-28 12:04:21,883 [INFO] - Epoch: 28/50
[37m2024-06-28 12:04:21,884 [INFO] - Extracting training cells
[37m2024-06-28 12:04:31,468 [INFO] - Extraction detection metrics - F1: 0.749, Precision: 0.820, Recall: 0.703, Detected-Cells: 4234
[37m2024-06-28 12:04:31,648 [INFO] - Training epoch stats:     Loss: 0.1482 - F1-Score: 0.9438 - Accuracy-Score: 0.9438 - AUROC: 0.9943 - AP: 0.9824
[37m2024-06-28 12:04:31,808 [INFO] - Validation epoch stats:   Loss: 0.3254 - F1-Score: 0.8732 - Accuracy-Score: 0.8732 - AUROC: 0.9691 - AP: 0.8710
[37m2024-06-28 12:04:31,867 [INFO] - Epoch: 29/50
[37m2024-06-28 12:04:31,868 [INFO] - Extracting training cells
[37m2024-06-28 12:04:40,184 [INFO] - Extraction detection metrics - F1: 0.779, Precision: 0.814, Recall: 0.760, Detected-Cells: 4249
[37m2024-06-28 12:04:40,340 [INFO] - Training epoch stats:     Loss: 0.4344 - F1-Score: 0.8668 - Accuracy-Score: 0.8668 - AUROC: 0.9639 - AP: 0.9036
[37m2024-06-28 12:04:40,473 [INFO] - Validation epoch stats:   Loss: 0.3252 - F1-Score: 0.8730 - Accuracy-Score: 0.8730 - AUROC: 0.9675 - AP: 0.8678
[37m2024-06-28 12:04:40,534 [INFO] - Epoch: 30/50
[37m2024-06-28 12:04:40,535 [INFO] - Extracting training cells
[37m2024-06-28 12:04:50,719 [INFO] - Extraction detection metrics - F1: 0.776, Precision: 0.845, Recall: 0.736, Detected-Cells: 4842
[37m2024-06-28 12:04:52,258 [INFO] - Training epoch stats:     Loss: 0.1539 - F1-Score: 0.9488 - Accuracy-Score: 0.9488 - AUROC: 0.9938 - AP: 0.9752
[37m2024-06-28 12:04:52,563 [INFO] - Validation epoch stats:   Loss: 0.3309 - F1-Score: 0.8658 - Accuracy-Score: 0.8658 - AUROC: 0.9674 - AP: 0.8682
[37m2024-06-28 12:04:52,638 [INFO] - Epoch: 31/50
[37m2024-06-28 12:04:52,638 [INFO] - Extracting training cells
[37m2024-06-28 12:05:03,842 [INFO] - Extraction detection metrics - F1: 0.753, Precision: 0.842, Recall: 0.699, Detected-Cells: 4115
[37m2024-06-28 12:05:04,056 [INFO] - Training epoch stats:     Loss: 0.3606 - F1-Score: 0.8756 - Accuracy-Score: 0.8756 - AUROC: 0.9670 - AP: 0.8884
[37m2024-06-28 12:05:04,217 [INFO] - Validation epoch stats:   Loss: 0.3454 - F1-Score: 0.8610 - Accuracy-Score: 0.8610 - AUROC: 0.9667 - AP: 0.8671
[37m2024-06-28 12:05:04,277 [INFO] - Epoch: 32/50
[37m2024-06-28 12:05:04,278 [INFO] - Extracting training cells
[37m2024-06-28 12:05:13,061 [INFO] - Extraction detection metrics - F1: 0.786, Precision: 0.847, Recall: 0.744, Detected-Cells: 4742
[37m2024-06-28 12:05:13,270 [INFO] - Training epoch stats:     Loss: 0.1494 - F1-Score: 0.9462 - Accuracy-Score: 0.9462 - AUROC: 0.9946 - AP: 0.9765
[37m2024-06-28 12:05:13,436 [INFO] - Validation epoch stats:   Loss: 0.3238 - F1-Score: 0.8726 - Accuracy-Score: 0.8726 - AUROC: 0.9679 - AP: 0.8695
[37m2024-06-28 12:05:13,505 [INFO] - Epoch: 33/50
[37m2024-06-28 12:05:13,506 [INFO] - Extracting training cells
[37m2024-06-28 12:05:22,440 [INFO] - Extraction detection metrics - F1: 0.760, Precision: 0.857, Recall: 0.698, Detected-Cells: 4590
[37m2024-06-28 12:05:22,689 [INFO] - Training epoch stats:     Loss: 0.1637 - F1-Score: 0.9420 - Accuracy-Score: 0.9420 - AUROC: 0.9921 - AP: 0.9671
[37m2024-06-28 12:05:22,963 [INFO] - Validation epoch stats:   Loss: 0.3218 - F1-Score: 0.8768 - Accuracy-Score: 0.8768 - AUROC: 0.9691 - AP: 0.8714
[37m2024-06-28 12:05:23,108 [INFO] - Epoch: 34/50
[37m2024-06-28 12:05:23,108 [INFO] - Extracting training cells
[37m2024-06-28 12:05:33,971 [INFO] - Extraction detection metrics - F1: 0.757, Precision: 0.846, Recall: 0.707, Detected-Cells: 4674
[37m2024-06-28 12:05:36,665 [INFO] - Training epoch stats:     Loss: 0.1326 - F1-Score: 0.9487 - Accuracy-Score: 0.9487 - AUROC: 0.9947 - AP: 0.9786
[37m2024-06-28 12:05:37,376 [INFO] - Validation epoch stats:   Loss: 0.3210 - F1-Score: 0.8764 - Accuracy-Score: 0.8764 - AUROC: 0.9692 - AP: 0.8726
[37m2024-06-28 12:05:37,436 [INFO] - Epoch: 35/50
[37m2024-06-28 12:05:37,437 [INFO] - Extracting training cells
[37m2024-06-28 12:05:47,454 [INFO] - Extraction detection metrics - F1: 0.786, Precision: 0.847, Recall: 0.748, Detected-Cells: 4807
[37m2024-06-28 12:05:47,661 [INFO] - Training epoch stats:     Loss: 0.1258 - F1-Score: 0.9526 - Accuracy-Score: 0.9526 - AUROC: 0.9948 - AP: 0.9812
[37m2024-06-28 12:05:47,817 [INFO] - Validation epoch stats:   Loss: 0.3244 - F1-Score: 0.8766 - Accuracy-Score: 0.8766 - AUROC: 0.9689 - AP: 0.8721
[37m2024-06-28 12:05:47,876 [INFO] - Epoch: 36/50
[37m2024-06-28 12:05:47,877 [INFO] - Extracting training cells
[37m2024-06-28 12:05:57,446 [INFO] - Extraction detection metrics - F1: 0.782, Precision: 0.860, Recall: 0.741, Detected-Cells: 4613
[37m2024-06-28 12:05:57,612 [INFO] - Training epoch stats:     Loss: 0.1598 - F1-Score: 0.9465 - Accuracy-Score: 0.9465 - AUROC: 0.9939 - AP: 0.9785
[37m2024-06-28 12:05:57,748 [INFO] - Validation epoch stats:   Loss: 0.3229 - F1-Score: 0.8768 - Accuracy-Score: 0.8768 - AUROC: 0.9693 - AP: 0.8721
[37m2024-06-28 12:05:57,749 [INFO] - Performing early stopping!
[37m2024-06-28 12:05:57,755 [INFO] - Finished run lqidfrqe
