[37m2024-06-25 09:47:08,509 [INFO] - Instantiated Logger. WandB init and config update finished.
[37m2024-06-25 09:47:08,510 [INFO] - Run ist stored here: /cellvit/logs_paper/Head-Evaluation/ocelot/UNI/Amount/No-Aug/75/2024-06-25T094659_CellViT-UNI-75Percent
[37m2024-06-25 09:47:08,569 [INFO] - Cuda devices: [<torch.cuda.device object at 0x7f3ebfda8490>]
[37m2024-06-25 09:47:08,569 [INFO] - Using GPU: cuda:0
[37m2024-06-25 09:47:08,574 [INFO] - Using device: cuda:0
[37m2024-06-25 09:47:08,579 [INFO] - Loss function:
[37m2024-06-25 09:47:08,583 [INFO] - CrossEntropyLoss()
[37m2024-06-25 09:47:20,178 [INFO] - <All keys matched successfully>
[37m2024-06-25 09:47:20,880 [INFO] -
==========================================================================================
Layer (type:depth-idx)                   Output Shape              Param #
==========================================================================================
LinearClassifier                         [1, 2]                    --
├─Linear: 1-1                            [1, 256]                  262,400
├─ReLU: 1-2                              [1, 256]                  --
├─Dropout: 1-3                           [1, 256]                  --
├─Linear: 1-4                            [1, 2]                    514
==========================================================================================
Total params: 262,914
Trainable params: 262,914
Non-trainable params: 0
Total mult-adds (M): 0.26
==========================================================================================
Input size (MB): 0.00
Forward/backward pass size (MB): 0.00
Params size (MB): 1.05
Estimated Total Size (MB): 1.06
==========================================================================================
[37m2024-06-25 09:47:20,883 [INFO] - Loaded AdamW Optimizer with following hyperparameters:
[37m2024-06-25 09:47:20,887 [INFO] - {'lr': 5e-05, 'betas': [0.85, 0.9], 'weight_decay': 0.00055}
[37m2024-06-25 09:47:20,892 [INFO] - Using early stopping with a range of 10 and maximize strategy
[37m2024-06-25 09:47:20,913 [INFO] - Caching datasets
[37m2024-06-25 09:47:25,151 [INFO] - Instantiate Trainer
[37m2024-06-25 09:47:25,156 [INFO] - Calling Trainer Fit
[37m2024-06-25 09:47:25,157 [INFO] - Dataset is cached after first epoch
[37m2024-06-25 09:47:25,162 [INFO] - Starting training, total number of epochs: 50
[37m2024-06-25 09:47:25,167 [INFO] - Epoch: 1/50
[37m2024-06-25 09:47:32,176 [INFO] - Loaded dataset from cache: /OCELOT-Orig/cache/0981084deee7e67b60d28cf8292826f24b92e65912855fed23a4cbced8d08c06.h5
[37m2024-06-25 09:47:33,970 [INFO] - Training epoch stats:     Loss: 0.4367 - F1-Score: 0.8607 - Accuracy-Score: 0.8119 - AUROC: 0.9133 - AP: 0.9414
[37m2024-06-25 09:47:37,609 [INFO] - Loaded dataset from cache: /OCELOT-Orig/cache/bfeb7101834d8ce2518bc9a605646d8528eb104e9be34cc187c069953e6c8b62.h5
[37m2024-06-25 09:47:38,274 [INFO] - Validation epoch stats:   Loss: 0.3302 - F1-Score: 0.9073 - Accuracy-Score: 0.8807 - AUROC: 0.9357 - AP: 0.9563
[37m2024-06-25 09:47:38,274 [INFO] - New best model - save checkpoint
[37m2024-06-25 09:47:38,524 [INFO] - Epoch: 2/50
[37m2024-06-25 09:47:39,963 [INFO] - Training epoch stats:     Loss: 0.2541 - F1-Score: 0.9190 - Accuracy-Score: 0.8994 - AUROC: 0.9613 - AP: 0.9730
[37m2024-06-25 09:47:40,351 [INFO] - Validation epoch stats:   Loss: 0.3264 - F1-Score: 0.8985 - Accuracy-Score: 0.8703 - AUROC: 0.9295 - AP: 0.9510
[37m2024-06-25 09:47:40,472 [INFO] - Epoch: 3/50
[37m2024-06-25 09:47:42,177 [INFO] - Training epoch stats:     Loss: 0.2156 - F1-Score: 0.9324 - Accuracy-Score: 0.9164 - AUROC: 0.9706 - AP: 0.9793
[37m2024-06-25 09:47:42,817 [INFO] - Validation epoch stats:   Loss: 0.3452 - F1-Score: 0.8894 - Accuracy-Score: 0.8597 - AUROC: 0.9223 - AP: 0.9453
[37m2024-06-25 09:47:42,936 [INFO] - Epoch: 4/50
[37m2024-06-25 09:47:44,458 [INFO] - Training epoch stats:     Loss: 0.1960 - F1-Score: 0.9394 - Accuracy-Score: 0.9250 - AUROC: 0.9752 - AP: 0.9825
[37m2024-06-25 09:47:44,837 [INFO] - Validation epoch stats:   Loss: 0.3744 - F1-Score: 0.8719 - Accuracy-Score: 0.8417 - AUROC: 0.9176 - AP: 0.9409
[37m2024-06-25 09:47:44,937 [INFO] - Epoch: 5/50
[37m2024-06-25 09:47:46,765 [INFO] - Training epoch stats:     Loss: 0.1828 - F1-Score: 0.9439 - Accuracy-Score: 0.9307 - AUROC: 0.9783 - AP: 0.9847
[37m2024-06-25 09:47:47,176 [INFO] - Validation epoch stats:   Loss: 0.3843 - F1-Score: 0.8730 - Accuracy-Score: 0.8422 - AUROC: 0.9136 - AP: 0.9370
[37m2024-06-25 09:47:47,290 [INFO] - Epoch: 6/50
[37m2024-06-25 09:47:48,758 [INFO] - Training epoch stats:     Loss: 0.1728 - F1-Score: 0.9472 - Accuracy-Score: 0.9350 - AUROC: 0.9804 - AP: 0.9862
[37m2024-06-25 09:47:49,182 [INFO] - Validation epoch stats:   Loss: 0.3954 - F1-Score: 0.8707 - Accuracy-Score: 0.8392 - AUROC: 0.9096 - AP: 0.9335
[37m2024-06-25 09:47:49,286 [INFO] - Epoch: 7/50
[37m2024-06-25 09:47:51,061 [INFO] - Training epoch stats:     Loss: 0.1642 - F1-Score: 0.9497 - Accuracy-Score: 0.9380 - AUROC: 0.9823 - AP: 0.9875
[37m2024-06-25 09:47:51,480 [INFO] - Validation epoch stats:   Loss: 0.4013 - F1-Score: 0.8712 - Accuracy-Score: 0.8397 - AUROC: 0.9089 - AP: 0.9327
[37m2024-06-25 09:47:51,605 [INFO] - Epoch: 8/50
[37m2024-06-25 09:47:53,171 [INFO] - Training epoch stats:     Loss: 0.1571 - F1-Score: 0.9517 - Accuracy-Score: 0.9404 - AUROC: 0.9837 - AP: 0.9885
[37m2024-06-25 09:47:53,601 [INFO] - Validation epoch stats:   Loss: 0.4089 - F1-Score: 0.8718 - Accuracy-Score: 0.8402 - AUROC: 0.9069 - AP: 0.9307
[37m2024-06-25 09:47:53,697 [INFO] - Epoch: 9/50
[37m2024-06-25 09:47:55,372 [INFO] - Training epoch stats:     Loss: 0.1509 - F1-Score: 0.9540 - Accuracy-Score: 0.9434 - AUROC: 0.9849 - AP: 0.9893
[37m2024-06-25 09:47:55,821 [INFO] - Validation epoch stats:   Loss: 0.4131 - F1-Score: 0.8716 - Accuracy-Score: 0.8399 - AUROC: 0.9069 - AP: 0.9304
[37m2024-06-25 09:47:55,937 [INFO] - Epoch: 10/50
[37m2024-06-25 09:48:00,581 [INFO] - Training epoch stats:     Loss: 0.1450 - F1-Score: 0.9557 - Accuracy-Score: 0.9455 - AUROC: 0.9861 - AP: 0.9902
[37m2024-06-25 09:48:01,819 [INFO] - Validation epoch stats:   Loss: 0.4165 - F1-Score: 0.8738 - Accuracy-Score: 0.8422 - AUROC: 0.9075 - AP: 0.9308
[37m2024-06-25 09:48:01,936 [INFO] - Epoch: 11/50
[37m2024-06-25 09:48:03,968 [INFO] - Training epoch stats:     Loss: 0.1408 - F1-Score: 0.9566 - Accuracy-Score: 0.9466 - AUROC: 0.9868 - AP: 0.9907
[37m2024-06-25 09:48:04,466 [INFO] - Validation epoch stats:   Loss: 0.4293 - F1-Score: 0.8696 - Accuracy-Score: 0.8378 - AUROC: 0.9048 - AP: 0.9284
[37m2024-06-25 09:48:04,467 [INFO] - Performing early stopping!
[37m2024-06-25 09:48:04,475 [INFO] - Finished run as7oi7og
