[37m2024-06-28 10:49:05,827 [INFO] - Instantiated Logger. WandB init and config update finished.
[37m2024-06-28 10:49:05,828 [INFO] - Run ist stored here: /cellvit/logs_paper/Head-Evaluation/CoNSeP/SAM-H/Amount-DA/2024-06-28T104856_Amount-15-Seed-4
[37m2024-06-28 10:49:05,898 [INFO] - Cuda devices: [<torch.cuda.device object at 0x7ff791d988b0>]
[37m2024-06-28 10:49:05,899 [INFO] - Using GPU: cuda:0
[37m2024-06-28 10:49:05,905 [INFO] - Using device: cuda:0
[37m2024-06-28 10:49:05,916 [INFO] - Loss function:
[37m2024-06-28 10:49:05,922 [INFO] - CrossEntropyLoss()
[37m2024-06-28 10:49:36,954 [INFO] - <All keys matched successfully>
[37m2024-06-28 10:49:37,942 [INFO] -
==========================================================================================
Layer (type:depth-idx)                   Output Shape              Param #
==========================================================================================
LinearClassifier                         [1, 4]                    --
├─Linear: 1-1                            [1, 128]                  163,968
├─ReLU: 1-2                              [1, 128]                  --
├─Dropout: 1-3                           [1, 128]                  --
├─Linear: 1-4                            [1, 4]                    516
==========================================================================================
Total params: 164,484
Trainable params: 164,484
Non-trainable params: 0
Total mult-adds (M): 0.16
==========================================================================================
Input size (MB): 0.01
Forward/backward pass size (MB): 0.00
Params size (MB): 0.66
Estimated Total Size (MB): 0.66
==========================================================================================
[37m2024-06-28 10:49:37,943 [INFO] - Loaded AdamW Optimizer with following hyperparameters:
[37m2024-06-28 10:49:37,948 [INFO] - {'betas': [0.85, 0.9], 'lr': 0.0005, 'weight_decay': 0.0005}
[37m2024-06-28 10:49:37,953 [INFO] - Using early stopping with a range of 20 and maximize strategy
[37m2024-06-28 10:49:37,968 [INFO] - Caching datasets
[37m2024-06-28 10:49:39,159 [INFO] - Instantiate Trainer
[37m2024-06-28 10:49:39,163 [INFO] - Calling Trainer Fit
[37m2024-06-28 10:49:39,165 [INFO] - Starting training, total number of epochs: 50
[37m2024-06-28 10:49:39,170 [INFO] - Epoch: 1/50
[37m2024-06-28 10:49:39,175 [INFO] - Extracting training cells
[37m2024-06-28 10:49:57,979 [INFO] - Extraction detection metrics - F1: 0.772, Precision: 0.846, Recall: 0.728, Detected-Cells: 6435
[37m2024-06-28 10:49:58,330 [INFO] - Training epoch stats:     Loss: 0.4172 - F1-Score: 0.8517 - Accuracy-Score: 0.8517 - AUROC: 0.9385 - AP: 0.8122
[37m2024-06-28 10:49:59,727 [INFO] - Loaded dataset from cache: /Consep/cache/1f728da27af6daed7b166ce5447f5dec18916e3679cb7b74ddaefb4a67df10d2.h5
[37m2024-06-28 10:49:59,851 [INFO] - Validation epoch stats:   Loss: 0.4205 - F1-Score: 0.8383 - Accuracy-Score: 0.8383 - AUROC: 0.9459 - AP: 0.8115
[37m2024-06-28 10:49:59,852 [INFO] - New best model - save checkpoint
[37m2024-06-28 10:50:00,029 [INFO] - Epoch: 2/50
[37m2024-06-28 10:50:00,031 [INFO] - Extracting training cells
[37m2024-06-28 10:50:11,453 [INFO] - Extraction detection metrics - F1: 0.802, Precision: 0.863, Recall: 0.760, Detected-Cells: 7435
[37m2024-06-28 10:50:11,718 [INFO] - Training epoch stats:     Loss: 0.2540 - F1-Score: 0.9037 - Accuracy-Score: 0.9037 - AUROC: 0.9781 - AP: 0.9115
[37m2024-06-28 10:50:11,835 [INFO] - Validation epoch stats:   Loss: 0.4432 - F1-Score: 0.8459 - Accuracy-Score: 0.8459 - AUROC: 0.9586 - AP: 0.8434
[37m2024-06-28 10:50:11,836 [INFO] - New best model - save checkpoint
[37m2024-06-28 10:50:11,990 [INFO] - Epoch: 3/50
[37m2024-06-28 10:50:11,991 [INFO] - Extracting training cells
[37m2024-06-28 10:50:23,476 [INFO] - Extraction detection metrics - F1: 0.771, Precision: 0.844, Recall: 0.731, Detected-Cells: 6953
[37m2024-06-28 10:50:23,686 [INFO] - Training epoch stats:     Loss: 0.3603 - F1-Score: 0.8716 - Accuracy-Score: 0.8716 - AUROC: 0.9652 - AP: 0.8915
[37m2024-06-28 10:50:23,797 [INFO] - Validation epoch stats:   Loss: 0.3837 - F1-Score: 0.8584 - Accuracy-Score: 0.8584 - AUROC: 0.9632 - AP: 0.8512
[37m2024-06-28 10:50:23,798 [INFO] - New best model - save checkpoint
[37m2024-06-28 10:50:23,957 [INFO] - Epoch: 4/50
[37m2024-06-28 10:50:23,958 [INFO] - Extracting training cells
[37m2024-06-28 10:50:37,230 [INFO] - Extraction detection metrics - F1: 0.772, Precision: 0.850, Recall: 0.726, Detected-Cells: 7355
[37m2024-06-28 10:50:37,489 [INFO] - Training epoch stats:     Loss: 0.2165 - F1-Score: 0.9162 - Accuracy-Score: 0.9162 - AUROC: 0.9865 - AP: 0.9446
[37m2024-06-28 10:50:37,624 [INFO] - Validation epoch stats:   Loss: 0.3476 - F1-Score: 0.8687 - Accuracy-Score: 0.8687 - AUROC: 0.9682 - AP: 0.8613
[37m2024-06-28 10:50:37,625 [INFO] - New best model - save checkpoint
[37m2024-06-28 10:50:37,777 [INFO] - Epoch: 5/50
[37m2024-06-28 10:50:37,778 [INFO] - Extracting training cells
[37m2024-06-28 10:50:49,313 [INFO] - Extraction detection metrics - F1: 0.793, Precision: 0.857, Recall: 0.750, Detected-Cells: 7554
[37m2024-06-28 10:50:49,925 [INFO] - Training epoch stats:     Loss: 0.2175 - F1-Score: 0.9159 - Accuracy-Score: 0.9159 - AUROC: 0.9849 - AP: 0.9430
[37m2024-06-28 10:50:50,058 [INFO] - Validation epoch stats:   Loss: 0.3493 - F1-Score: 0.8696 - Accuracy-Score: 0.8696 - AUROC: 0.9648 - AP: 0.8556
[37m2024-06-28 10:50:50,119 [INFO] - Epoch: 6/50
[37m2024-06-28 10:50:50,120 [INFO] - Extracting training cells
[37m2024-06-28 10:51:02,807 [INFO] - Extraction detection metrics - F1: 0.769, Precision: 0.845, Recall: 0.717, Detected-Cells: 7179
[37m2024-06-28 10:51:03,085 [INFO] - Training epoch stats:     Loss: 0.2685 - F1-Score: 0.8959 - Accuracy-Score: 0.8959 - AUROC: 0.9800 - AP: 0.9317
[37m2024-06-28 10:51:03,219 [INFO] - Validation epoch stats:   Loss: 0.3901 - F1-Score: 0.8481 - Accuracy-Score: 0.8481 - AUROC: 0.9608 - AP: 0.8454
[37m2024-06-28 10:51:03,283 [INFO] - Epoch: 7/50
[37m2024-06-28 10:51:03,284 [INFO] - Extracting training cells
[37m2024-06-28 10:51:13,939 [INFO] - Extraction detection metrics - F1: 0.805, Precision: 0.869, Recall: 0.766, Detected-Cells: 7661
[37m2024-06-28 10:51:14,223 [INFO] - Training epoch stats:     Loss: 0.1862 - F1-Score: 0.9282 - Accuracy-Score: 0.9282 - AUROC: 0.9898 - AP: 0.9631
[37m2024-06-28 10:51:14,358 [INFO] - Validation epoch stats:   Loss: 0.3745 - F1-Score: 0.8641 - Accuracy-Score: 0.8641 - AUROC: 0.9671 - AP: 0.8579
[37m2024-06-28 10:51:14,419 [INFO] - Epoch: 8/50
[37m2024-06-28 10:51:14,420 [INFO] - Extracting training cells
[37m2024-06-28 10:51:27,075 [INFO] - Extraction detection metrics - F1: 0.780, Precision: 0.854, Recall: 0.735, Detected-Cells: 7230
[37m2024-06-28 10:51:27,376 [INFO] - Training epoch stats:     Loss: 0.3243 - F1-Score: 0.8914 - Accuracy-Score: 0.8914 - AUROC: 0.9724 - AP: 0.9011
[37m2024-06-28 10:51:27,515 [INFO] - Validation epoch stats:   Loss: 0.3598 - F1-Score: 0.8599 - Accuracy-Score: 0.8599 - AUROC: 0.9644 - AP: 0.8596
[37m2024-06-28 10:51:27,579 [INFO] - Epoch: 9/50
[37m2024-06-28 10:51:27,579 [INFO] - Extracting training cells
[37m2024-06-28 10:51:39,718 [INFO] - Extraction detection metrics - F1: 0.770, Precision: 0.851, Recall: 0.723, Detected-Cells: 7009
[37m2024-06-28 10:51:40,206 [INFO] - Training epoch stats:     Loss: 0.2144 - F1-Score: 0.9163 - Accuracy-Score: 0.9163 - AUROC: 0.9860 - AP: 0.9405
[37m2024-06-28 10:51:40,341 [INFO] - Validation epoch stats:   Loss: 0.3428 - F1-Score: 0.8641 - Accuracy-Score: 0.8641 - AUROC: 0.9683 - AP: 0.8655
[37m2024-06-28 10:51:40,342 [INFO] - New best model - save checkpoint
[37m2024-06-28 10:51:40,491 [INFO] - Epoch: 10/50
[37m2024-06-28 10:51:40,492 [INFO] - Extracting training cells
[37m2024-06-28 10:51:52,877 [INFO] - Extraction detection metrics - F1: 0.775, Precision: 0.848, Recall: 0.730, Detected-Cells: 7377
[37m2024-06-28 10:51:53,141 [INFO] - Training epoch stats:     Loss: 0.1921 - F1-Score: 0.9226 - Accuracy-Score: 0.9226 - AUROC: 0.9892 - AP: 0.9502
[37m2024-06-28 10:51:53,277 [INFO] - Validation epoch stats:   Loss: 0.3381 - F1-Score: 0.8713 - Accuracy-Score: 0.8713 - AUROC: 0.9696 - AP: 0.8705
[37m2024-06-28 10:51:53,278 [INFO] - New best model - save checkpoint
[37m2024-06-28 10:51:53,426 [INFO] - Epoch: 11/50
[37m2024-06-28 10:51:53,427 [INFO] - Extracting training cells
[37m2024-06-28 10:52:05,068 [INFO] - Extraction detection metrics - F1: 0.774, Precision: 0.842, Recall: 0.729, Detected-Cells: 6834
[37m2024-06-28 10:52:05,326 [INFO] - Training epoch stats:     Loss: 0.3222 - F1-Score: 0.8793 - Accuracy-Score: 0.8793 - AUROC: 0.9747 - AP: 0.9367
[37m2024-06-28 10:52:05,437 [INFO] - Validation epoch stats:   Loss: 0.3330 - F1-Score: 0.8735 - Accuracy-Score: 0.8735 - AUROC: 0.9687 - AP: 0.8699
[37m2024-06-28 10:52:05,495 [INFO] - Epoch: 12/50
[37m2024-06-28 10:52:05,495 [INFO] - Extracting training cells
[37m2024-06-28 10:52:16,255 [INFO] - Extraction detection metrics - F1: 0.771, Precision: 0.851, Recall: 0.722, Detected-Cells: 7355
[37m2024-06-28 10:52:16,810 [INFO] - Training epoch stats:     Loss: 0.1747 - F1-Score: 0.9347 - Accuracy-Score: 0.9347 - AUROC: 0.9913 - AP: 0.9727
[37m2024-06-28 10:52:17,002 [INFO] - Validation epoch stats:   Loss: 0.3606 - F1-Score: 0.8682 - Accuracy-Score: 0.8682 - AUROC: 0.9675 - AP: 0.8673
[37m2024-06-28 10:52:17,061 [INFO] - Epoch: 13/50
[37m2024-06-28 10:52:17,062 [INFO] - Extracting training cells
[37m2024-06-28 10:52:27,829 [INFO] - Extraction detection metrics - F1: 0.784, Precision: 0.860, Recall: 0.740, Detected-Cells: 7572
[37m2024-06-28 10:52:28,055 [INFO] - Training epoch stats:     Loss: 0.2132 - F1-Score: 0.9275 - Accuracy-Score: 0.9275 - AUROC: 0.9882 - AP: 0.9671
[37m2024-06-28 10:52:28,171 [INFO] - Validation epoch stats:   Loss: 0.3734 - F1-Score: 0.8658 - Accuracy-Score: 0.8658 - AUROC: 0.9675 - AP: 0.8661
[37m2024-06-28 10:52:28,236 [INFO] - Epoch: 14/50
[37m2024-06-28 10:52:28,237 [INFO] - Extracting training cells
[37m2024-06-28 10:52:39,253 [INFO] - Extraction detection metrics - F1: 0.781, Precision: 0.849, Recall: 0.733, Detected-Cells: 7068
[37m2024-06-28 10:52:39,547 [INFO] - Training epoch stats:     Loss: 0.2066 - F1-Score: 0.9151 - Accuracy-Score: 0.9151 - AUROC: 0.9887 - AP: 0.9650
[37m2024-06-28 10:52:39,668 [INFO] - Validation epoch stats:   Loss: 0.3473 - F1-Score: 0.8677 - Accuracy-Score: 0.8677 - AUROC: 0.9671 - AP: 0.8597
[37m2024-06-28 10:52:39,726 [INFO] - Epoch: 15/50
[37m2024-06-28 10:52:39,727 [INFO] - Extracting training cells
[37m2024-06-28 10:52:53,059 [INFO] - Extraction detection metrics - F1: 0.771, Precision: 0.844, Recall: 0.730, Detected-Cells: 7230
[37m2024-06-28 10:52:53,485 [INFO] - Training epoch stats:     Loss: 0.2554 - F1-Score: 0.9076 - Accuracy-Score: 0.9076 - AUROC: 0.9824 - AP: 0.9366
[37m2024-06-28 10:52:53,765 [INFO] - Validation epoch stats:   Loss: 0.3489 - F1-Score: 0.8678 - Accuracy-Score: 0.8678 - AUROC: 0.9688 - AP: 0.8675
[37m2024-06-28 10:52:53,904 [INFO] - Epoch: 16/50
[37m2024-06-28 10:52:53,905 [INFO] - Extracting training cells
[37m2024-06-28 10:53:09,269 [INFO] - Extraction detection metrics - F1: 0.780, Precision: 0.836, Recall: 0.739, Detected-Cells: 6894
[37m2024-06-28 10:53:09,501 [INFO] - Training epoch stats:     Loss: 0.2133 - F1-Score: 0.9205 - Accuracy-Score: 0.9205 - AUROC: 0.9891 - AP: 0.9660
[37m2024-06-28 10:53:09,616 [INFO] - Validation epoch stats:   Loss: 0.3710 - F1-Score: 0.8605 - Accuracy-Score: 0.8605 - AUROC: 0.9677 - AP: 0.8601
[37m2024-06-28 10:53:09,668 [INFO] - Epoch: 17/50
[37m2024-06-28 10:53:09,668 [INFO] - Extracting training cells
[37m2024-06-28 10:53:22,436 [INFO] - Extraction detection metrics - F1: 0.768, Precision: 0.833, Recall: 0.729, Detected-Cells: 6957
[37m2024-06-28 10:53:22,673 [INFO] - Training epoch stats:     Loss: 0.1664 - F1-Score: 0.9375 - Accuracy-Score: 0.9375 - AUROC: 0.9922 - AP: 0.9763
[37m2024-06-28 10:53:22,808 [INFO] - Validation epoch stats:   Loss: 0.3217 - F1-Score: 0.8747 - Accuracy-Score: 0.8747 - AUROC: 0.9712 - AP: 0.8745
[37m2024-06-28 10:53:22,809 [INFO] - New best model - save checkpoint
[37m2024-06-28 10:53:22,984 [INFO] - Epoch: 18/50
[37m2024-06-28 10:53:22,985 [INFO] - Extracting training cells
[37m2024-06-28 10:53:35,390 [INFO] - Extraction detection metrics - F1: 0.787, Precision: 0.842, Recall: 0.750, Detected-Cells: 7413
[37m2024-06-28 10:53:35,682 [INFO] - Training epoch stats:     Loss: 0.2660 - F1-Score: 0.8977 - Accuracy-Score: 0.8977 - AUROC: 0.9849 - AP: 0.9627
[37m2024-06-28 10:53:35,832 [INFO] - Validation epoch stats:   Loss: 0.3636 - F1-Score: 0.8551 - Accuracy-Score: 0.8551 - AUROC: 0.9667 - AP: 0.8629
[37m2024-06-28 10:53:35,889 [INFO] - Epoch: 19/50
[37m2024-06-28 10:53:35,890 [INFO] - Extracting training cells
[37m2024-06-28 10:53:49,071 [INFO] - Extraction detection metrics - F1: 0.777, Precision: 0.851, Recall: 0.728, Detected-Cells: 7400
[37m2024-06-28 10:53:49,960 [INFO] - Training epoch stats:     Loss: 0.1787 - F1-Score: 0.9338 - Accuracy-Score: 0.9338 - AUROC: 0.9910 - AP: 0.9732
[37m2024-06-28 10:53:50,200 [INFO] - Validation epoch stats:   Loss: 0.3306 - F1-Score: 0.8790 - Accuracy-Score: 0.8790 - AUROC: 0.9718 - AP: 0.8773
[37m2024-06-28 10:53:50,201 [INFO] - New best model - save checkpoint
[37m2024-06-28 10:53:50,453 [INFO] - Epoch: 20/50
[37m2024-06-28 10:53:50,453 [INFO] - Extracting training cells
[37m2024-06-28 10:54:04,485 [INFO] - Extraction detection metrics - F1: 0.781, Precision: 0.859, Recall: 0.730, Detected-Cells: 7459
[37m2024-06-28 10:54:04,785 [INFO] - Training epoch stats:     Loss: 0.1478 - F1-Score: 0.9402 - Accuracy-Score: 0.9402 - AUROC: 0.9934 - AP: 0.9773
[37m2024-06-28 10:54:04,920 [INFO] - Validation epoch stats:   Loss: 0.3580 - F1-Score: 0.8740 - Accuracy-Score: 0.8740 - AUROC: 0.9684 - AP: 0.8675
[37m2024-06-28 10:54:04,975 [INFO] - Epoch: 21/50
[37m2024-06-28 10:54:04,975 [INFO] - Extracting training cells
[37m2024-06-28 10:54:17,203 [INFO] - Extraction detection metrics - F1: 0.782, Precision: 0.848, Recall: 0.741, Detected-Cells: 7588
[37m2024-06-28 10:54:17,514 [INFO] - Training epoch stats:     Loss: 0.1490 - F1-Score: 0.9387 - Accuracy-Score: 0.9387 - AUROC: 0.9936 - AP: 0.9806
[37m2024-06-28 10:54:17,659 [INFO] - Validation epoch stats:   Loss: 0.3368 - F1-Score: 0.8697 - Accuracy-Score: 0.8697 - AUROC: 0.9686 - AP: 0.8688
[37m2024-06-28 10:54:17,712 [INFO] - Epoch: 22/50
[37m2024-06-28 10:54:17,713 [INFO] - Extracting training cells
[37m2024-06-28 10:54:29,898 [INFO] - Extraction detection metrics - F1: 0.797, Precision: 0.850, Recall: 0.771, Detected-Cells: 7547
[37m2024-06-28 10:54:30,163 [INFO] - Training epoch stats:     Loss: 0.1817 - F1-Score: 0.9225 - Accuracy-Score: 0.9225 - AUROC: 0.9921 - AP: 0.9777
[37m2024-06-28 10:54:30,276 [INFO] - Validation epoch stats:   Loss: 0.3842 - F1-Score: 0.8649 - Accuracy-Score: 0.8649 - AUROC: 0.9619 - AP: 0.8583
[37m2024-06-28 10:54:30,327 [INFO] - Epoch: 23/50
[37m2024-06-28 10:54:30,327 [INFO] - Extracting training cells
[37m2024-06-28 10:54:42,206 [INFO] - Extraction detection metrics - F1: 0.790, Precision: 0.873, Recall: 0.738, Detected-Cells: 7485
[37m2024-06-28 10:54:42,484 [INFO] - Training epoch stats:     Loss: 0.2248 - F1-Score: 0.9208 - Accuracy-Score: 0.9208 - AUROC: 0.9878 - AP: 0.9622
[37m2024-06-28 10:54:42,618 [INFO] - Validation epoch stats:   Loss: 0.3500 - F1-Score: 0.8675 - Accuracy-Score: 0.8675 - AUROC: 0.9641 - AP: 0.8602
[37m2024-06-28 10:54:42,675 [INFO] - Epoch: 24/50
[37m2024-06-28 10:54:42,676 [INFO] - Extracting training cells
[37m2024-06-28 10:54:55,051 [INFO] - Extraction detection metrics - F1: 0.770, Precision: 0.840, Recall: 0.723, Detected-Cells: 7416
[37m2024-06-28 10:54:55,337 [INFO] - Training epoch stats:     Loss: 0.1483 - F1-Score: 0.9424 - Accuracy-Score: 0.9424 - AUROC: 0.9940 - AP: 0.9799
[37m2024-06-28 10:54:55,472 [INFO] - Validation epoch stats:   Loss: 0.3646 - F1-Score: 0.8671 - Accuracy-Score: 0.8671 - AUROC: 0.9635 - AP: 0.8611
[37m2024-06-28 10:54:55,529 [INFO] - Epoch: 25/50
[37m2024-06-28 10:54:55,529 [INFO] - Extracting training cells
[37m2024-06-28 10:55:07,817 [INFO] - Extraction detection metrics - F1: 0.783, Precision: 0.835, Recall: 0.753, Detected-Cells: 6878
[37m2024-06-28 10:55:08,094 [INFO] - Training epoch stats:     Loss: 0.2147 - F1-Score: 0.9152 - Accuracy-Score: 0.9152 - AUROC: 0.9895 - AP: 0.9694
[37m2024-06-28 10:55:08,235 [INFO] - Validation epoch stats:   Loss: 0.3547 - F1-Score: 0.8692 - Accuracy-Score: 0.8692 - AUROC: 0.9647 - AP: 0.8644
[37m2024-06-28 10:55:08,293 [INFO] - Epoch: 26/50
[37m2024-06-28 10:55:08,294 [INFO] - Extracting training cells
[37m2024-06-28 10:55:20,744 [INFO] - Extraction detection metrics - F1: 0.779, Precision: 0.846, Recall: 0.741, Detected-Cells: 7563
[37m2024-06-28 10:55:21,011 [INFO] - Training epoch stats:     Loss: 0.1452 - F1-Score: 0.9431 - Accuracy-Score: 0.9431 - AUROC: 0.9946 - AP: 0.9830
[37m2024-06-28 10:55:21,137 [INFO] - Validation epoch stats:   Loss: 0.3522 - F1-Score: 0.8716 - Accuracy-Score: 0.8716 - AUROC: 0.9666 - AP: 0.8661
[37m2024-06-28 10:55:21,187 [INFO] - Epoch: 27/50
[37m2024-06-28 10:55:21,187 [INFO] - Extracting training cells
[37m2024-06-28 10:55:32,589 [INFO] - Extraction detection metrics - F1: 0.783, Precision: 0.841, Recall: 0.753, Detected-Cells: 7177
[37m2024-06-28 10:55:32,877 [INFO] - Training epoch stats:     Loss: 0.2080 - F1-Score: 0.9277 - Accuracy-Score: 0.9277 - AUROC: 0.9883 - AP: 0.9744
[37m2024-06-28 10:55:33,024 [INFO] - Validation epoch stats:   Loss: 0.3518 - F1-Score: 0.8647 - Accuracy-Score: 0.8647 - AUROC: 0.9644 - AP: 0.8600
[37m2024-06-28 10:55:33,078 [INFO] - Epoch: 28/50
[37m2024-06-28 10:55:33,079 [INFO] - Extracting training cells
[37m2024-06-28 10:55:44,758 [INFO] - Extraction detection metrics - F1: 0.774, Precision: 0.843, Recall: 0.727, Detected-Cells: 7257
[37m2024-06-28 10:55:45,047 [INFO] - Training epoch stats:     Loss: 0.1486 - F1-Score: 0.9417 - Accuracy-Score: 0.9417 - AUROC: 0.9944 - AP: 0.9832
[37m2024-06-28 10:55:45,195 [INFO] - Validation epoch stats:   Loss: 0.3431 - F1-Score: 0.8747 - Accuracy-Score: 0.8747 - AUROC: 0.9656 - AP: 0.8647
[37m2024-06-28 10:55:45,247 [INFO] - Epoch: 29/50
[37m2024-06-28 10:55:45,248 [INFO] - Extracting training cells
[37m2024-06-28 10:55:56,810 [INFO] - Extraction detection metrics - F1: 0.791, Precision: 0.856, Recall: 0.746, Detected-Cells: 7151
[37m2024-06-28 10:55:57,075 [INFO] - Training epoch stats:     Loss: 0.1826 - F1-Score: 0.9414 - Accuracy-Score: 0.9414 - AUROC: 0.9889 - AP: 0.8999
[37m2024-06-28 10:55:57,211 [INFO] - Validation epoch stats:   Loss: 0.3556 - F1-Score: 0.8704 - Accuracy-Score: 0.8704 - AUROC: 0.9652 - AP: 0.8642
[37m2024-06-28 10:55:57,261 [INFO] - Epoch: 30/50
[37m2024-06-28 10:55:57,262 [INFO] - Extracting training cells
[37m2024-06-28 10:56:09,474 [INFO] - Extraction detection metrics - F1: 0.770, Precision: 0.853, Recall: 0.723, Detected-Cells: 7400
[37m2024-06-28 10:56:09,754 [INFO] - Training epoch stats:     Loss: 0.1391 - F1-Score: 0.9473 - Accuracy-Score: 0.9473 - AUROC: 0.9945 - AP: 0.9837
[37m2024-06-28 10:56:09,890 [INFO] - Validation epoch stats:   Loss: 0.3518 - F1-Score: 0.8697 - Accuracy-Score: 0.8697 - AUROC: 0.9648 - AP: 0.8645
[37m2024-06-28 10:56:09,944 [INFO] - Epoch: 31/50
[37m2024-06-28 10:56:09,945 [INFO] - Extracting training cells
[37m2024-06-28 10:56:22,144 [INFO] - Extraction detection metrics - F1: 0.756, Precision: 0.838, Recall: 0.709, Detected-Cells: 7036
[37m2024-06-28 10:56:22,416 [INFO] - Training epoch stats:     Loss: 0.1523 - F1-Score: 0.9412 - Accuracy-Score: 0.9412 - AUROC: 0.9941 - AP: 0.9817
[37m2024-06-28 10:56:22,755 [INFO] - Validation epoch stats:   Loss: 0.3563 - F1-Score: 0.8711 - Accuracy-Score: 0.8711 - AUROC: 0.9639 - AP: 0.8635
[37m2024-06-28 10:56:22,852 [INFO] - Epoch: 32/50
[37m2024-06-28 10:56:22,853 [INFO] - Extracting training cells
[37m2024-06-28 10:56:34,554 [INFO] - Extraction detection metrics - F1: 0.775, Precision: 0.848, Recall: 0.726, Detected-Cells: 7364
[37m2024-06-28 10:56:34,827 [INFO] - Training epoch stats:     Loss: 0.1434 - F1-Score: 0.9487 - Accuracy-Score: 0.9487 - AUROC: 0.9947 - AP: 0.9825
[37m2024-06-28 10:56:34,961 [INFO] - Validation epoch stats:   Loss: 0.3542 - F1-Score: 0.8713 - Accuracy-Score: 0.8713 - AUROC: 0.9651 - AP: 0.8656
[37m2024-06-28 10:56:35,009 [INFO] - Epoch: 33/50
[37m2024-06-28 10:56:35,010 [INFO] - Extracting training cells
[37m2024-06-28 10:56:47,911 [INFO] - Extraction detection metrics - F1: 0.775, Precision: 0.858, Recall: 0.720, Detected-Cells: 6874
[37m2024-06-28 10:56:48,190 [INFO] - Training epoch stats:     Loss: 0.1440 - F1-Score: 0.9446 - Accuracy-Score: 0.9446 - AUROC: 0.9945 - AP: 0.9817
[37m2024-06-28 10:56:48,324 [INFO] - Validation epoch stats:   Loss: 0.3524 - F1-Score: 0.8711 - Accuracy-Score: 0.8711 - AUROC: 0.9631 - AP: 0.8625
[37m2024-06-28 10:56:48,383 [INFO] - Epoch: 34/50
[37m2024-06-28 10:56:48,383 [INFO] - Extracting training cells
[37m2024-06-28 10:57:01,777 [INFO] - Extraction detection metrics - F1: 0.776, Precision: 0.855, Recall: 0.731, Detected-Cells: 7095
[37m2024-06-28 10:57:02,054 [INFO] - Training epoch stats:     Loss: 0.2068 - F1-Score: 0.9321 - Accuracy-Score: 0.9321 - AUROC: 0.9865 - AP: 0.9645
[37m2024-06-28 10:57:02,207 [INFO] - Validation epoch stats:   Loss: 0.3412 - F1-Score: 0.8701 - Accuracy-Score: 0.8701 - AUROC: 0.9639 - AP: 0.8659
[37m2024-06-28 10:57:02,259 [INFO] - Epoch: 35/50
[37m2024-06-28 10:57:02,259 [INFO] - Extracting training cells
[37m2024-06-28 10:57:13,528 [INFO] - Extraction detection metrics - F1: 0.743, Precision: 0.834, Recall: 0.689, Detected-Cells: 6126
[37m2024-06-28 10:57:13,869 [INFO] - Training epoch stats:     Loss: 0.5163 - F1-Score: 0.8431 - Accuracy-Score: 0.8431 - AUROC: 0.9492 - AP: 0.8560
[37m2024-06-28 10:57:14,167 [INFO] - Validation epoch stats:   Loss: 0.3591 - F1-Score: 0.8556 - Accuracy-Score: 0.8556 - AUROC: 0.9610 - AP: 0.8592
[37m2024-06-28 10:57:14,229 [INFO] - Epoch: 36/50
[37m2024-06-28 10:57:14,230 [INFO] - Extracting training cells
[37m2024-06-28 10:57:28,465 [INFO] - Extraction detection metrics - F1: 0.759, Precision: 0.834, Recall: 0.715, Detected-Cells: 6997
[37m2024-06-28 10:57:28,737 [INFO] - Training epoch stats:     Loss: 0.1860 - F1-Score: 0.9348 - Accuracy-Score: 0.9348 - AUROC: 0.9915 - AP: 0.9785
[37m2024-06-28 10:57:28,879 [INFO] - Validation epoch stats:   Loss: 0.3408 - F1-Score: 0.8701 - Accuracy-Score: 0.8701 - AUROC: 0.9647 - AP: 0.8657
[37m2024-06-28 10:57:28,929 [INFO] - Epoch: 37/50
[37m2024-06-28 10:57:28,930 [INFO] - Extracting training cells
[37m2024-06-28 10:57:42,103 [INFO] - Extraction detection metrics - F1: 0.775, Precision: 0.840, Recall: 0.729, Detected-Cells: 7423
[37m2024-06-28 10:57:42,374 [INFO] - Training epoch stats:     Loss: 0.1305 - F1-Score: 0.9484 - Accuracy-Score: 0.9484 - AUROC: 0.9952 - AP: 0.9880
[37m2024-06-28 10:57:42,520 [INFO] - Validation epoch stats:   Loss: 0.3479 - F1-Score: 0.8718 - Accuracy-Score: 0.8718 - AUROC: 0.9665 - AP: 0.8686
[37m2024-06-28 10:57:42,567 [INFO] - Epoch: 38/50
[37m2024-06-28 10:57:42,568 [INFO] - Extracting training cells
[37m2024-06-28 10:57:54,705 [INFO] - Extraction detection metrics - F1: 0.780, Precision: 0.826, Recall: 0.756, Detected-Cells: 7295
[37m2024-06-28 10:57:54,999 [INFO] - Training epoch stats:     Loss: 0.1997 - F1-Score: 0.9261 - Accuracy-Score: 0.9261 - AUROC: 0.9887 - AP: 0.9681
[37m2024-06-28 10:57:55,135 [INFO] - Validation epoch stats:   Loss: 0.3391 - F1-Score: 0.8726 - Accuracy-Score: 0.8726 - AUROC: 0.9659 - AP: 0.8682
[37m2024-06-28 10:57:55,193 [INFO] - Epoch: 39/50
[37m2024-06-28 10:57:55,194 [INFO] - Extracting training cells
[37m2024-06-28 10:58:09,764 [INFO] - Extraction detection metrics - F1: 0.788, Precision: 0.867, Recall: 0.737, Detected-Cells: 7277
[37m2024-06-28 10:58:10,077 [INFO] - Training epoch stats:     Loss: 0.1744 - F1-Score: 0.9387 - Accuracy-Score: 0.9387 - AUROC: 0.9928 - AP: 0.9813
[37m2024-06-28 10:58:10,225 [INFO] - Validation epoch stats:   Loss: 0.3412 - F1-Score: 0.8754 - Accuracy-Score: 0.8754 - AUROC: 0.9653 - AP: 0.8665
[37m2024-06-28 10:58:10,226 [INFO] - Performing early stopping!
[37m2024-06-28 10:58:10,231 [INFO] - Finished run 4igf9v6e
