[37m2024-06-28 06:12:53,059 [INFO] - Instantiated Logger. WandB init and config update finished.
[37m2024-06-28 06:12:53,062 [INFO] - Run ist stored here: /cellvit/logs_paper/Head-Evaluation/CoNSeP/SAM-H/Amount/2024-06-28T061228_Amount-1-Seed-5
[37m2024-06-28 06:12:53,379 [INFO] - Cuda devices: [<torch.cuda.device object at 0x7f423777c6a0>]
[37m2024-06-28 06:12:53,379 [INFO] - Using GPU: cuda:0
[37m2024-06-28 06:12:53,385 [INFO] - Using device: cuda:0
[37m2024-06-28 06:12:53,455 [INFO] - Loss function:
[37m2024-06-28 06:12:53,460 [INFO] - CrossEntropyLoss()
[37m2024-06-28 06:14:54,257 [INFO] - <All keys matched successfully>
[37m2024-06-28 06:14:56,875 [INFO] -
==========================================================================================
Layer (type:depth-idx)                   Output Shape              Param #
==========================================================================================
LinearClassifier                         [1, 4]                    --
├─Linear: 1-1                            [1, 128]                  163,968
├─ReLU: 1-2                              [1, 128]                  --
├─Dropout: 1-3                           [1, 128]                  --
├─Linear: 1-4                            [1, 4]                    516
==========================================================================================
Total params: 164,484
Trainable params: 164,484
Non-trainable params: 0
Total mult-adds (M): 0.16
==========================================================================================
Input size (MB): 0.01
Forward/backward pass size (MB): 0.00
Params size (MB): 0.66
Estimated Total Size (MB): 0.66
==========================================================================================
[37m2024-06-28 06:14:56,878 [INFO] - Loaded AdamW Optimizer with following hyperparameters:
[37m2024-06-28 06:14:56,884 [INFO] - {'betas': [0.85, 0.9], 'lr': 0.0005, 'weight_decay': 0.0005}
[37m2024-06-28 06:14:56,894 [INFO] - Using early stopping with a range of 20 and maximize strategy
[37m2024-06-28 06:14:56,914 [INFO] - Caching datasets
[37m2024-06-28 06:14:57,592 [INFO] - Instantiate Trainer
[37m2024-06-28 06:14:57,596 [INFO] - Calling Trainer Fit
[37m2024-06-28 06:14:57,622 [INFO] - Dataset is cached after first epoch
[37m2024-06-28 06:14:57,627 [INFO] - Starting training, total number of epochs: 50
[37m2024-06-28 06:14:57,634 [INFO] - Epoch: 1/50
[37m2024-06-28 06:14:57,789 [INFO] - Loaded dataset from cache: /Consep/cache/e75dc1661d1f9fb390a61638462c7ebbc796f669bec8a7202d15b01fd762cee7.h5
[37m2024-06-28 06:14:58,153 [INFO] - Training epoch stats:     Loss: 1.6568 - F1-Score: 0.2236 - Accuracy-Score: 0.2236 - AUROC: 0.5165 - AP: 0.2683
[37m2024-06-28 06:14:59,612 [INFO] - Loaded dataset from cache: /Consep/cache/1f728da27af6daed7b166ce5447f5dec18916e3679cb7b74ddaefb4a67df10d2.h5
[37m2024-06-28 06:14:59,771 [INFO] - Validation epoch stats:   Loss: 1.2358 - F1-Score: 0.5304 - Accuracy-Score: 0.5304 - AUROC: 0.7726 - AP: 0.4622
[37m2024-06-28 06:14:59,771 [INFO] - New best model - save checkpoint
[37m2024-06-28 06:15:00,044 [INFO] - Epoch: 2/50
[37m2024-06-28 06:15:00,101 [INFO] - Training epoch stats:     Loss: 0.6359 - F1-Score: 0.8040 - Accuracy-Score: 0.8040 - AUROC: 0.8333 - AP: 0.5847
[37m2024-06-28 06:15:00,264 [INFO] - Validation epoch stats:   Loss: 1.0532 - F1-Score: 0.7211 - Accuracy-Score: 0.7211 - AUROC: 0.8160 - AP: 0.5545
[37m2024-06-28 06:15:00,265 [INFO] - New best model - save checkpoint
[37m2024-06-28 06:15:00,541 [INFO] - Epoch: 3/50
[37m2024-06-28 06:15:00,588 [INFO] - Training epoch stats:     Loss: 0.3516 - F1-Score: 0.8836 - Accuracy-Score: 0.8836 - AUROC: 0.9345 - AP: 0.7835
[37m2024-06-28 06:15:00,726 [INFO] - Validation epoch stats:   Loss: 0.8480 - F1-Score: 0.7137 - Accuracy-Score: 0.7137 - AUROC: 0.8290 - AP: 0.6185
[37m2024-06-28 06:15:00,728 [INFO] - New best model - save checkpoint
[37m2024-06-28 06:15:00,949 [INFO] - Epoch: 4/50
[37m2024-06-28 06:15:00,994 [INFO] - Training epoch stats:     Loss: 0.2175 - F1-Score: 0.9357 - Accuracy-Score: 0.9357 - AUROC: 0.9758 - AP: 0.8544
[37m2024-06-28 06:15:01,162 [INFO] - Validation epoch stats:   Loss: 0.9270 - F1-Score: 0.6121 - Accuracy-Score: 0.6121 - AUROC: 0.8306 - AP: 0.6117
[37m2024-06-28 06:15:01,163 [INFO] - New best model - save checkpoint
[37m2024-06-28 06:15:01,413 [INFO] - Epoch: 5/50
[37m2024-06-28 06:15:01,458 [INFO] - Training epoch stats:     Loss: 0.1939 - F1-Score: 0.9433 - Accuracy-Score: 0.9433 - AUROC: 0.9852 - AP: 0.8916
[37m2024-06-28 06:15:01,666 [INFO] - Validation epoch stats:   Loss: 0.9379 - F1-Score: 0.6141 - Accuracy-Score: 0.6141 - AUROC: 0.8398 - AP: 0.6092
[37m2024-06-28 06:15:01,667 [INFO] - New best model - save checkpoint
[37m2024-06-28 06:15:01,843 [INFO] - Epoch: 6/50
[37m2024-06-28 06:15:02,162 [INFO] - Training epoch stats:     Loss: 0.1536 - F1-Score: 0.9556 - Accuracy-Score: 0.9556 - AUROC: 0.9911 - AP: 0.9332
[37m2024-06-28 06:15:02,593 [INFO] - Validation epoch stats:   Loss: 0.9065 - F1-Score: 0.6428 - Accuracy-Score: 0.6428 - AUROC: 0.8514 - AP: 0.6259
[37m2024-06-28 06:15:02,594 [INFO] - New best model - save checkpoint
[37m2024-06-28 06:15:02,855 [INFO] - Epoch: 7/50
[37m2024-06-28 06:15:03,468 [INFO] - Training epoch stats:     Loss: 0.1148 - F1-Score: 0.9617 - Accuracy-Score: 0.9617 - AUROC: 0.9936 - AP: 0.9439
[37m2024-06-28 06:15:04,412 [INFO] - Validation epoch stats:   Loss: 0.9245 - F1-Score: 0.6655 - Accuracy-Score: 0.6655 - AUROC: 0.8596 - AP: 0.6353
[37m2024-06-28 06:15:04,414 [INFO] - New best model - save checkpoint
[37m2024-06-28 06:15:04,656 [INFO] - Epoch: 8/50
[37m2024-06-28 06:15:04,768 [INFO] - Training epoch stats:     Loss: 0.1008 - F1-Score: 0.9617 - Accuracy-Score: 0.9617 - AUROC: 0.9958 - AP: 0.9767
[37m2024-06-28 06:15:04,913 [INFO] - Validation epoch stats:   Loss: 0.8151 - F1-Score: 0.6933 - Accuracy-Score: 0.6933 - AUROC: 0.8717 - AP: 0.6419
[37m2024-06-28 06:15:04,914 [INFO] - New best model - save checkpoint
[37m2024-06-28 06:15:05,129 [INFO] - Epoch: 9/50
[37m2024-06-28 06:15:05,166 [INFO] - Training epoch stats:     Loss: 0.0797 - F1-Score: 0.9770 - Accuracy-Score: 0.9770 - AUROC: 0.9978 - AP: 0.9822
[37m2024-06-28 06:15:05,356 [INFO] - Validation epoch stats:   Loss: 0.8604 - F1-Score: 0.6794 - Accuracy-Score: 0.6794 - AUROC: 0.8784 - AP: 0.6396
[37m2024-06-28 06:15:05,357 [INFO] - New best model - save checkpoint
[37m2024-06-28 06:15:05,630 [INFO] - Epoch: 10/50
[37m2024-06-28 06:15:05,677 [INFO] - Training epoch stats:     Loss: 0.0692 - F1-Score: 0.9832 - Accuracy-Score: 0.9832 - AUROC: 0.9985 - AP: 0.9825
[37m2024-06-28 06:15:05,954 [INFO] - Validation epoch stats:   Loss: 1.0229 - F1-Score: 0.6447 - Accuracy-Score: 0.6447 - AUROC: 0.8769 - AP: 0.6359
[37m2024-06-28 06:15:06,000 [INFO] - Epoch: 11/50
[37m2024-06-28 06:15:06,098 [INFO] - Training epoch stats:     Loss: 0.0509 - F1-Score: 0.9832 - Accuracy-Score: 0.9832 - AUROC: 0.9995 - AP: 0.9955
[37m2024-06-28 06:15:06,265 [INFO] - Validation epoch stats:   Loss: 0.9607 - F1-Score: 0.6718 - Accuracy-Score: 0.6718 - AUROC: 0.8747 - AP: 0.6367
[37m2024-06-28 06:15:06,315 [INFO] - Epoch: 12/50
[37m2024-06-28 06:15:06,391 [INFO] - Training epoch stats:     Loss: 0.0461 - F1-Score: 0.9877 - Accuracy-Score: 0.9877 - AUROC: 0.9997 - AP: 0.9972
[37m2024-06-28 06:15:06,771 [INFO] - Validation epoch stats:   Loss: 0.8725 - F1-Score: 0.7010 - Accuracy-Score: 0.7010 - AUROC: 0.8761 - AP: 0.6397
[37m2024-06-28 06:15:06,911 [INFO] - Epoch: 13/50
[37m2024-06-28 06:15:07,054 [INFO] - Training epoch stats:     Loss: 0.0322 - F1-Score: 0.9954 - Accuracy-Score: 0.9954 - AUROC: 1.0000 - AP: 1.0000
[37m2024-06-28 06:15:07,234 [INFO] - Validation epoch stats:   Loss: 1.0123 - F1-Score: 0.6744 - Accuracy-Score: 0.6744 - AUROC: 0.8776 - AP: 0.6410
[37m2024-06-28 06:15:07,355 [INFO] - Epoch: 14/50
[37m2024-06-28 06:15:07,395 [INFO] - Training epoch stats:     Loss: 0.0318 - F1-Score: 0.9954 - Accuracy-Score: 0.9954 - AUROC: 1.0000 - AP: 1.0000
[37m2024-06-28 06:15:07,566 [INFO] - Validation epoch stats:   Loss: 0.9839 - F1-Score: 0.6890 - Accuracy-Score: 0.6890 - AUROC: 0.8801 - AP: 0.6434
[37m2024-06-28 06:15:07,567 [INFO] - New best model - save checkpoint
[37m2024-06-28 06:15:07,855 [INFO] - Epoch: 15/50
[37m2024-06-28 06:15:07,895 [INFO] - Training epoch stats:     Loss: 0.0241 - F1-Score: 0.9939 - Accuracy-Score: 0.9939 - AUROC: 1.0000 - AP: 1.0000
[37m2024-06-28 06:15:08,060 [INFO] - Validation epoch stats:   Loss: 0.8520 - F1-Score: 0.7216 - Accuracy-Score: 0.7216 - AUROC: 0.8802 - AP: 0.6443
[37m2024-06-28 06:15:08,061 [INFO] - New best model - save checkpoint
[37m2024-06-28 06:15:08,255 [INFO] - Epoch: 16/50
[37m2024-06-28 06:15:08,298 [INFO] - Training epoch stats:     Loss: 0.0211 - F1-Score: 0.9985 - Accuracy-Score: 0.9985 - AUROC: 1.0000 - AP: 1.0000
[37m2024-06-28 06:15:08,438 [INFO] - Validation epoch stats:   Loss: 0.9793 - F1-Score: 0.7012 - Accuracy-Score: 0.7012 - AUROC: 0.8784 - AP: 0.6419
[37m2024-06-28 06:15:08,496 [INFO] - Epoch: 17/50
[37m2024-06-28 06:15:08,535 [INFO] - Training epoch stats:     Loss: 0.0157 - F1-Score: 0.9985 - Accuracy-Score: 0.9985 - AUROC: 1.0000 - AP: 1.0000
[37m2024-06-28 06:15:08,681 [INFO] - Validation epoch stats:   Loss: 1.0484 - F1-Score: 0.6967 - Accuracy-Score: 0.6967 - AUROC: 0.8784 - AP: 0.6412
[37m2024-06-28 06:15:08,735 [INFO] - Epoch: 18/50
[37m2024-06-28 06:15:08,778 [INFO] - Training epoch stats:     Loss: 0.0134 - F1-Score: 0.9985 - Accuracy-Score: 0.9985 - AUROC: 1.0000 - AP: 1.0000
[37m2024-06-28 06:15:08,917 [INFO] - Validation epoch stats:   Loss: 0.9541 - F1-Score: 0.7171 - Accuracy-Score: 0.7171 - AUROC: 0.8809 - AP: 0.6440
[37m2024-06-28 06:15:08,918 [INFO] - New best model - save checkpoint
[37m2024-06-28 06:15:09,122 [INFO] - Epoch: 19/50
[37m2024-06-28 06:15:09,168 [INFO] - Training epoch stats:     Loss: 0.0107 - F1-Score: 0.9985 - Accuracy-Score: 0.9985 - AUROC: 1.0000 - AP: 1.0000
[37m2024-06-28 06:15:09,317 [INFO] - Validation epoch stats:   Loss: 0.9949 - F1-Score: 0.7103 - Accuracy-Score: 0.7103 - AUROC: 0.8823 - AP: 0.6452
[37m2024-06-28 06:15:09,318 [INFO] - New best model - save checkpoint
[37m2024-06-28 06:15:09,541 [INFO] - Epoch: 20/50
[37m2024-06-28 06:15:09,587 [INFO] - Training epoch stats:     Loss: 0.0135 - F1-Score: 0.9954 - Accuracy-Score: 0.9954 - AUROC: 1.0000 - AP: 1.0000
[37m2024-06-28 06:15:10,057 [INFO] - Validation epoch stats:   Loss: 1.0116 - F1-Score: 0.7077 - Accuracy-Score: 0.7077 - AUROC: 0.8823 - AP: 0.6449
[37m2024-06-28 06:15:10,115 [INFO] - Epoch: 21/50
[37m2024-06-28 06:15:10,158 [INFO] - Training epoch stats:     Loss: 0.0116 - F1-Score: 0.9985 - Accuracy-Score: 0.9985 - AUROC: 1.0000 - AP: 1.0000
[37m2024-06-28 06:15:10,299 [INFO] - Validation epoch stats:   Loss: 1.0143 - F1-Score: 0.7185 - Accuracy-Score: 0.7185 - AUROC: 0.8820 - AP: 0.6443
[37m2024-06-28 06:15:10,354 [INFO] - Epoch: 22/50
[37m2024-06-28 06:15:10,394 [INFO] - Training epoch stats:     Loss: 0.0115 - F1-Score: 0.9985 - Accuracy-Score: 0.9985 - AUROC: 1.0000 - AP: 1.0000
[37m2024-06-28 06:15:10,547 [INFO] - Validation epoch stats:   Loss: 0.9811 - F1-Score: 0.7245 - Accuracy-Score: 0.7245 - AUROC: 0.8828 - AP: 0.6446
[37m2024-06-28 06:15:10,548 [INFO] - New best model - save checkpoint
[37m2024-06-28 06:15:10,755 [INFO] - Epoch: 23/50
[37m2024-06-28 06:15:10,802 [INFO] - Training epoch stats:     Loss: 0.0084 - F1-Score: 0.9985 - Accuracy-Score: 0.9985 - AUROC: 1.0000 - AP: 1.0000
[37m2024-06-28 06:15:10,949 [INFO] - Validation epoch stats:   Loss: 0.9201 - F1-Score: 0.7424 - Accuracy-Score: 0.7424 - AUROC: 0.8824 - AP: 0.6457
[37m2024-06-28 06:15:11,014 [INFO] - Epoch: 24/50
[37m2024-06-28 06:15:11,083 [INFO] - Training epoch stats:     Loss: 0.0070 - F1-Score: 0.9985 - Accuracy-Score: 0.9985 - AUROC: 1.0000 - AP: 1.0000
[37m2024-06-28 06:15:11,231 [INFO] - Validation epoch stats:   Loss: 1.1313 - F1-Score: 0.7070 - Accuracy-Score: 0.7070 - AUROC: 0.8807 - AP: 0.6440
[37m2024-06-28 06:15:11,299 [INFO] - Epoch: 25/50
[37m2024-06-28 06:15:11,380 [INFO] - Training epoch stats:     Loss: 0.0079 - F1-Score: 0.9985 - Accuracy-Score: 0.9985 - AUROC: 1.0000 - AP: 1.0000
[37m2024-06-28 06:15:11,556 [INFO] - Validation epoch stats:   Loss: 1.1250 - F1-Score: 0.7068 - Accuracy-Score: 0.7068 - AUROC: 0.8808 - AP: 0.6435
[37m2024-06-28 06:15:11,598 [INFO] - Epoch: 26/50
[37m2024-06-28 06:15:11,699 [INFO] - Training epoch stats:     Loss: 0.0064 - F1-Score: 0.9969 - Accuracy-Score: 0.9969 - AUROC: 1.0000 - AP: 1.0000
[37m2024-06-28 06:15:11,860 [INFO] - Validation epoch stats:   Loss: 1.1107 - F1-Score: 0.7085 - Accuracy-Score: 0.7085 - AUROC: 0.8811 - AP: 0.6439
[37m2024-06-28 06:15:11,912 [INFO] - Epoch: 27/50
[37m2024-06-28 06:15:11,987 [INFO] - Training epoch stats:     Loss: 0.0064 - F1-Score: 0.9969 - Accuracy-Score: 0.9969 - AUROC: 1.0000 - AP: 1.0000
[37m2024-06-28 06:15:12,130 [INFO] - Validation epoch stats:   Loss: 1.0853 - F1-Score: 0.7113 - Accuracy-Score: 0.7113 - AUROC: 0.8814 - AP: 0.6443
[37m2024-06-28 06:15:12,219 [INFO] - Epoch: 28/50
[37m2024-06-28 06:15:12,302 [INFO] - Training epoch stats:     Loss: 0.0055 - F1-Score: 1.0000 - Accuracy-Score: 1.0000 - AUROC: 1.0000 - AP: 1.0000
[37m2024-06-28 06:15:12,450 [INFO] - Validation epoch stats:   Loss: 1.0541 - F1-Score: 0.7166 - Accuracy-Score: 0.7166 - AUROC: 0.8817 - AP: 0.6442
[37m2024-06-28 06:15:12,531 [INFO] - Epoch: 29/50
[37m2024-06-28 06:15:12,599 [INFO] - Training epoch stats:     Loss: 0.0063 - F1-Score: 0.9969 - Accuracy-Score: 0.9969 - AUROC: 1.0000 - AP: 1.0000
[37m2024-06-28 06:15:12,745 [INFO] - Validation epoch stats:   Loss: 1.0394 - F1-Score: 0.7195 - Accuracy-Score: 0.7195 - AUROC: 0.8817 - AP: 0.6444
[37m2024-06-28 06:15:12,801 [INFO] - Epoch: 30/50
[37m2024-06-28 06:15:12,846 [INFO] - Training epoch stats:     Loss: 0.0051 - F1-Score: 0.9985 - Accuracy-Score: 0.9985 - AUROC: 1.0000 - AP: 1.0000
[37m2024-06-28 06:15:12,997 [INFO] - Validation epoch stats:   Loss: 1.0388 - F1-Score: 0.7197 - Accuracy-Score: 0.7197 - AUROC: 0.8815 - AP: 0.6441
[37m2024-06-28 06:15:13,083 [INFO] - Epoch: 31/50
[37m2024-06-28 06:15:13,160 [INFO] - Training epoch stats:     Loss: 0.0061 - F1-Score: 0.9985 - Accuracy-Score: 0.9985 - AUROC: 1.0000 - AP: 1.0000
[37m2024-06-28 06:15:13,305 [INFO] - Validation epoch stats:   Loss: 1.0516 - F1-Score: 0.7185 - Accuracy-Score: 0.7185 - AUROC: 0.8814 - AP: 0.6440
[37m2024-06-28 06:15:13,362 [INFO] - Epoch: 32/50
[37m2024-06-28 06:15:13,403 [INFO] - Training epoch stats:     Loss: 0.0049 - F1-Score: 1.0000 - Accuracy-Score: 1.0000 - AUROC: 1.0000 - AP: 1.0000
[37m2024-06-28 06:15:13,549 [INFO] - Validation epoch stats:   Loss: 1.0673 - F1-Score: 0.7171 - Accuracy-Score: 0.7171 - AUROC: 0.8812 - AP: 0.6438
[37m2024-06-28 06:15:13,600 [INFO] - Epoch: 33/50
[37m2024-06-28 06:15:13,640 [INFO] - Training epoch stats:     Loss: 0.0059 - F1-Score: 0.9985 - Accuracy-Score: 0.9985 - AUROC: 1.0000 - AP: 1.0000
[37m2024-06-28 06:15:13,795 [INFO] - Validation epoch stats:   Loss: 1.0845 - F1-Score: 0.7142 - Accuracy-Score: 0.7142 - AUROC: 0.8810 - AP: 0.6437
[37m2024-06-28 06:15:13,852 [INFO] - Epoch: 34/50
[37m2024-06-28 06:15:13,897 [INFO] - Training epoch stats:     Loss: 0.0051 - F1-Score: 0.9969 - Accuracy-Score: 0.9969 - AUROC: 1.0000 - AP: 1.0000
[37m2024-06-28 06:15:14,042 [INFO] - Validation epoch stats:   Loss: 1.0988 - F1-Score: 0.7123 - Accuracy-Score: 0.7123 - AUROC: 0.8809 - AP: 0.6438
[37m2024-06-28 06:15:14,096 [INFO] - Epoch: 35/50
[37m2024-06-28 06:15:14,139 [INFO] - Training epoch stats:     Loss: 0.0047 - F1-Score: 0.9985 - Accuracy-Score: 0.9985 - AUROC: 1.0000 - AP: 1.0000
[37m2024-06-28 06:15:14,280 [INFO] - Validation epoch stats:   Loss: 1.0996 - F1-Score: 0.7127 - Accuracy-Score: 0.7127 - AUROC: 0.8810 - AP: 0.6436
[37m2024-06-28 06:15:14,343 [INFO] - Epoch: 36/50
[37m2024-06-28 06:15:14,388 [INFO] - Training epoch stats:     Loss: 0.0038 - F1-Score: 0.9985 - Accuracy-Score: 0.9985 - AUROC: 1.0000 - AP: 1.0000
[37m2024-06-28 06:15:14,535 [INFO] - Validation epoch stats:   Loss: 1.1023 - F1-Score: 0.7140 - Accuracy-Score: 0.7140 - AUROC: 0.8810 - AP: 0.6438
[37m2024-06-28 06:15:14,594 [INFO] - Epoch: 37/50
[37m2024-06-28 06:15:14,640 [INFO] - Training epoch stats:     Loss: 0.0055 - F1-Score: 0.9985 - Accuracy-Score: 0.9985 - AUROC: 1.0000 - AP: 1.0000
[37m2024-06-28 06:15:14,782 [INFO] - Validation epoch stats:   Loss: 1.0952 - F1-Score: 0.7183 - Accuracy-Score: 0.7183 - AUROC: 0.8811 - AP: 0.6438
[37m2024-06-28 06:15:14,855 [INFO] - Epoch: 38/50
[37m2024-06-28 06:15:14,990 [INFO] - Training epoch stats:     Loss: 0.0045 - F1-Score: 0.9985 - Accuracy-Score: 0.9985 - AUROC: 1.0000 - AP: 1.0000
[37m2024-06-28 06:15:15,153 [INFO] - Validation epoch stats:   Loss: 1.0743 - F1-Score: 0.7243 - Accuracy-Score: 0.7243 - AUROC: 0.8814 - AP: 0.6443
[37m2024-06-28 06:15:15,215 [INFO] - Epoch: 39/50
[37m2024-06-28 06:15:15,260 [INFO] - Training epoch stats:     Loss: 0.0059 - F1-Score: 0.9985 - Accuracy-Score: 0.9985 - AUROC: 1.0000 - AP: 1.0000
[37m2024-06-28 06:15:15,418 [INFO] - Validation epoch stats:   Loss: 1.0694 - F1-Score: 0.7255 - Accuracy-Score: 0.7255 - AUROC: 0.8818 - AP: 0.6448
[37m2024-06-28 06:15:15,471 [INFO] - Epoch: 40/50
[37m2024-06-28 06:15:15,516 [INFO] - Training epoch stats:     Loss: 0.0048 - F1-Score: 0.9969 - Accuracy-Score: 0.9969 - AUROC: 1.0000 - AP: 1.0000
[37m2024-06-28 06:15:15,660 [INFO] - Validation epoch stats:   Loss: 1.0972 - F1-Score: 0.7200 - Accuracy-Score: 0.7200 - AUROC: 0.8818 - AP: 0.6446
[37m2024-06-28 06:15:15,716 [INFO] - Epoch: 41/50
[37m2024-06-28 06:15:15,759 [INFO] - Training epoch stats:     Loss: 0.0037 - F1-Score: 1.0000 - Accuracy-Score: 1.0000 - AUROC: 1.0000 - AP: 1.0000
[37m2024-06-28 06:15:15,903 [INFO] - Validation epoch stats:   Loss: 1.1046 - F1-Score: 0.7192 - Accuracy-Score: 0.7192 - AUROC: 0.8816 - AP: 0.6443
[37m2024-06-28 06:15:15,955 [INFO] - Epoch: 42/50
[37m2024-06-28 06:15:15,997 [INFO] - Training epoch stats:     Loss: 0.0043 - F1-Score: 0.9969 - Accuracy-Score: 0.9969 - AUROC: 1.0000 - AP: 1.0000
[37m2024-06-28 06:15:16,139 [INFO] - Validation epoch stats:   Loss: 1.1079 - F1-Score: 0.7195 - Accuracy-Score: 0.7195 - AUROC: 0.8815 - AP: 0.6441
[37m2024-06-28 06:15:16,140 [INFO] - Performing early stopping!
[37m2024-06-28 06:15:16,146 [INFO] - Finished run 4v0gwn0n
