[37m2024-06-21 12:48:45,054 [INFO] - Instantiated Logger. WandB init and config update finished.
[37m2024-06-21 12:48:45,056 [INFO] - Run ist stored here: /cellvit/logs_paper/Head-Evaluation/ocelot/UNI/Amount/No-Aug/100/2024-06-21T124836_CellViT-UNI-100Percent
[37m2024-06-21 12:48:45,117 [INFO] - Cuda devices: [<torch.cuda.device object at 0x7f497618c550>]
[37m2024-06-21 12:48:45,122 [INFO] - Using GPU: cuda:0
[37m2024-06-21 12:48:45,127 [INFO] - Using device: cuda:0
[37m2024-06-21 12:48:45,131 [INFO] - Loss function:
[37m2024-06-21 12:48:45,154 [INFO] - CrossEntropyLoss()
[37m2024-06-21 12:49:15,367 [INFO] - <All keys matched successfully>
[37m2024-06-21 12:49:16,598 [INFO] -
==========================================================================================
Layer (type:depth-idx)                   Output Shape              Param #
==========================================================================================
LinearClassifier                         [1, 2]                    --
├─Linear: 1-1                            [1, 256]                  262,400
├─ReLU: 1-2                              [1, 256]                  --
├─Dropout: 1-3                           [1, 256]                  --
├─Linear: 1-4                            [1, 2]                    514
==========================================================================================
Total params: 262,914
Trainable params: 262,914
Non-trainable params: 0
Total mult-adds (M): 0.26
==========================================================================================
Input size (MB): 0.00
Forward/backward pass size (MB): 0.00
Params size (MB): 1.05
Estimated Total Size (MB): 1.06
==========================================================================================
[37m2024-06-21 12:49:16,605 [INFO] - Loaded AdamW Optimizer with following hyperparameters:
[37m2024-06-21 12:49:16,611 [INFO] - {'lr': 5e-05, 'betas': [0.85, 0.9], 'weight_decay': 0.00055}
[37m2024-06-21 12:49:16,655 [INFO] - Using early stopping with a range of 10 and maximize strategy
[37m2024-06-21 12:49:16,680 [INFO] - Caching datasets
[37m2024-06-21 12:49:25,607 [INFO] - Instantiate Trainer
[37m2024-06-21 12:49:25,613 [INFO] - Calling Trainer Fit
[37m2024-06-21 12:49:25,620 [INFO] - Dataset is cached after first epoch
[37m2024-06-21 12:49:25,626 [INFO] - Starting training, total number of epochs: 50
[37m2024-06-21 12:49:25,631 [INFO] - Epoch: 1/50
[37m2024-06-21 12:49:25,637 [INFO] - Extracting training cells
[37m2024-06-21 12:52:08,412 [INFO] - Extraction detection metrics - F1: 0.686, Precision: 0.656, Recall: 0.786, Detected-Cells: 50372
[37m2024-06-21 12:52:08,416 [INFO] - Caching dataset f6098e4f8085ee14a1d66602742f253989316101ace520909583d2700f0a7344 to disk...
[37m2024-06-21 12:52:44,757 [INFO] - Training epoch stats:     Loss: 0.4155 - F1-Score: 0.8662 - Accuracy-Score: 0.8251 - AUROC: 0.9098 - AP: 0.9375
[37m2024-06-21 12:52:48,610 [INFO] - Loaded dataset from cache: /OCELOT-Orig/cache/bfeb7101834d8ce2518bc9a605646d8528eb104e9be34cc187c069953e6c8b62.h5
[37m2024-06-21 12:52:48,998 [INFO] - Validation epoch stats:   Loss: 0.3177 - F1-Score: 0.9051 - Accuracy-Score: 0.8798 - AUROC: 0.9394 - AP: 0.9604
[37m2024-06-21 12:52:49,004 [INFO] - New best model - save checkpoint
[37m2024-06-21 12:52:49,201 [INFO] - Epoch: 2/50
[37m2024-06-21 12:52:51,170 [INFO] - Training epoch stats:     Loss: 0.2576 - F1-Score: 0.9170 - Accuracy-Score: 0.8969 - AUROC: 0.9586 - AP: 0.9712
[37m2024-06-21 12:52:51,543 [INFO] - Validation epoch stats:   Loss: 0.3396 - F1-Score: 0.8816 - Accuracy-Score: 0.8538 - AUROC: 0.9319 - AP: 0.9553
[37m2024-06-21 12:52:51,613 [INFO] - Epoch: 3/50
[37m2024-06-21 12:52:53,278 [INFO] - Training epoch stats:     Loss: 0.2254 - F1-Score: 0.9275 - Accuracy-Score: 0.9104 - AUROC: 0.9676 - AP: 0.9775
[37m2024-06-21 12:52:53,798 [INFO] - Validation epoch stats:   Loss: 0.3529 - F1-Score: 0.8756 - Accuracy-Score: 0.8459 - AUROC: 0.9255 - AP: 0.9506
[37m2024-06-21 12:52:53,863 [INFO] - Epoch: 4/50
[37m2024-06-21 12:52:56,475 [INFO] - Training epoch stats:     Loss: 0.2056 - F1-Score: 0.9351 - Accuracy-Score: 0.9198 - AUROC: 0.9730 - AP: 0.9811
[37m2024-06-21 12:52:57,302 [INFO] - Validation epoch stats:   Loss: 0.3685 - F1-Score: 0.8713 - Accuracy-Score: 0.8410 - AUROC: 0.9218 - AP: 0.9478
[37m2024-06-21 12:52:57,368 [INFO] - Epoch: 5/50
[37m2024-06-21 12:52:59,366 [INFO] - Training epoch stats:     Loss: 0.1915 - F1-Score: 0.9400 - Accuracy-Score: 0.9261 - AUROC: 0.9764 - AP: 0.9834
[37m2024-06-21 12:52:59,758 [INFO] - Validation epoch stats:   Loss: 0.3804 - F1-Score: 0.8701 - Accuracy-Score: 0.8397 - AUROC: 0.9188 - AP: 0.9460
[37m2024-06-21 12:52:59,834 [INFO] - Epoch: 6/50
[37m2024-06-21 12:53:02,170 [INFO] - Training epoch stats:     Loss: 0.1797 - F1-Score: 0.9445 - Accuracy-Score: 0.9316 - AUROC: 0.9792 - AP: 0.9854
[37m2024-06-21 12:53:02,657 [INFO] - Validation epoch stats:   Loss: 0.3811 - F1-Score: 0.8724 - Accuracy-Score: 0.8416 - AUROC: 0.9184 - AP: 0.9456
[37m2024-06-21 12:53:02,729 [INFO] - Epoch: 7/50
[37m2024-06-21 12:53:04,675 [INFO] - Training epoch stats:     Loss: 0.1694 - F1-Score: 0.9477 - Accuracy-Score: 0.9356 - AUROC: 0.9814 - AP: 0.9869
[37m2024-06-21 12:53:05,216 [INFO] - Validation epoch stats:   Loss: 0.4043 - F1-Score: 0.8653 - Accuracy-Score: 0.8343 - AUROC: 0.9143 - AP: 0.9428
[37m2024-06-21 12:53:05,282 [INFO] - Epoch: 8/50
[37m2024-06-21 12:53:08,676 [INFO] - Training epoch stats:     Loss: 0.1610 - F1-Score: 0.9507 - Accuracy-Score: 0.9393 - AUROC: 0.9832 - AP: 0.9880
[37m2024-06-21 12:53:09,232 [INFO] - Validation epoch stats:   Loss: 0.4030 - F1-Score: 0.8685 - Accuracy-Score: 0.8372 - AUROC: 0.9148 - AP: 0.9436
[37m2024-06-21 12:53:09,306 [INFO] - Epoch: 9/50
[37m2024-06-21 12:53:11,366 [INFO] - Training epoch stats:     Loss: 0.1540 - F1-Score: 0.9531 - Accuracy-Score: 0.9423 - AUROC: 0.9844 - AP: 0.9889
[37m2024-06-21 12:53:11,749 [INFO] - Validation epoch stats:   Loss: 0.4122 - F1-Score: 0.8671 - Accuracy-Score: 0.8360 - AUROC: 0.9140 - AP: 0.9434
[37m2024-06-21 12:53:11,828 [INFO] - Epoch: 10/50
[37m2024-06-21 12:53:14,272 [INFO] - Training epoch stats:     Loss: 0.1475 - F1-Score: 0.9548 - Accuracy-Score: 0.9445 - AUROC: 0.9857 - AP: 0.9897
[37m2024-06-21 12:53:14,952 [INFO] - Validation epoch stats:   Loss: 0.4273 - F1-Score: 0.8630 - Accuracy-Score: 0.8322 - AUROC: 0.9127 - AP: 0.9427
[37m2024-06-21 12:53:15,030 [INFO] - Epoch: 11/50
[37m2024-06-21 12:53:17,170 [INFO] - Training epoch stats:     Loss: 0.1410 - F1-Score: 0.9570 - Accuracy-Score: 0.9471 - AUROC: 0.9869 - AP: 0.9906
[37m2024-06-21 12:53:17,639 [INFO] - Validation epoch stats:   Loss: 0.4336 - F1-Score: 0.8642 - Accuracy-Score: 0.8338 - AUROC: 0.9128 - AP: 0.9427
[37m2024-06-21 12:53:17,645 [INFO] - Performing early stopping!
[37m2024-06-21 12:53:17,654 [INFO] - Finished run p3sawiu8
