[37m2024-08-15 20:44:33,959 [INFO] - Instantiated Logger. WandB init and config update finished.
[37m2024-08-15 20:44:33,960 [INFO] - Run ist stored here: /cellvit/logs_paper/Head-Evaluation/ocelot/Virchow2/Amount/Aug/100/Seed-4/2024-08-15T204425_CellViT-Virchow2-100Percent
[37m2024-08-15 20:44:34,024 [INFO] - Cuda devices: [<torch.cuda.device object at 0x7fafc4418520>]
[37m2024-08-15 20:44:34,030 [INFO] - Using GPU: cuda:0
[37m2024-08-15 20:44:34,039 [INFO] - Using device: cuda:0
[37m2024-08-15 20:44:34,045 [INFO] - Loss function:
[37m2024-08-15 20:44:34,050 [INFO] - CrossEntropyLoss()
[37m2024-08-15 20:44:41,370 [INFO] - Loading checkpoint ./checkpoints/CellViT-Virchow2-x40-AMP.pth
[37m2024-08-15 20:44:42,378 [INFO] - <All keys matched successfully>
[37m2024-08-15 20:44:43,612 [INFO] -
==========================================================================================
Layer (type:depth-idx)                   Output Shape              Param #
==========================================================================================
LinearClassifier                         [1, 2]                    --
├─Linear: 1-1                            [1, 128]                  163,968
├─ReLU: 1-2                              [1, 128]                  --
├─Dropout: 1-3                           [1, 128]                  --
├─Linear: 1-4                            [1, 2]                    258
==========================================================================================
Total params: 164,226
Trainable params: 164,226
Non-trainable params: 0
Total mult-adds (M): 0.16
==========================================================================================
Input size (MB): 0.01
Forward/backward pass size (MB): 0.00
Params size (MB): 0.66
Estimated Total Size (MB): 0.66
==========================================================================================
[37m2024-08-15 20:44:43,619 [INFO] - Loaded AdamW Optimizer with following hyperparameters:
[37m2024-08-15 20:44:43,624 [INFO] - {'betas': [0.85, 0.9], 'lr': 0.009409727686291442, 'weight_decay': 0.00014345992571792625}
[37m2024-08-15 20:44:43,629 [INFO] - Using early stopping with a range of 20 and maximize strategy
[37m2024-08-15 20:44:43,653 [INFO] - Caching datasets
[37m2024-08-15 20:44:49,345 [INFO] - Instantiate Trainer
[37m2024-08-15 20:44:49,357 [INFO] - Calling Trainer Fit
[37m2024-08-15 20:44:49,363 [INFO] - Starting training, total number of epochs: 50
[37m2024-08-15 20:44:49,369 [INFO] - Epoch: 1/50
[37m2024-08-15 20:44:49,374 [INFO] - Extracting training cells
[37m2024-08-15 20:48:51,865 [INFO] - Extraction detection metrics - F1: 0.623, Precision: 0.596, Recall: 0.722, Detected-Cells: 44572
[37m2024-08-15 20:48:53,865 [INFO] - Training epoch stats:     Loss: 0.2228 - F1-Score: 0.9269 - Accuracy-Score: 0.9115 - AUROC: 0.9677 - AP: 0.9737
[37m2024-08-15 20:48:57,886 [INFO] - Loaded dataset from cache: /OCELOT-Orig/cache/d3f39bcf5e12d4434d29435a83ab7bcf9794a8be57cbfca649b939673729a883.h5
[37m2024-08-15 20:48:58,279 [INFO] - Validation epoch stats:   Loss: 0.4121 - F1-Score: 0.8920 - Accuracy-Score: 0.8640 - AUROC: 0.9292 - AP: 0.9550
[37m2024-08-15 20:48:58,284 [INFO] - New best model - save checkpoint
[37m2024-08-15 20:48:58,462 [INFO] - Epoch: 2/50
[37m2024-08-15 20:48:58,468 [INFO] - Extracting training cells
[37m2024-08-15 20:53:02,300 [INFO] - Extraction detection metrics - F1: 0.625, Precision: 0.593, Recall: 0.729, Detected-Cells: 44516
[37m2024-08-15 20:53:03,768 [INFO] - Training epoch stats:     Loss: 0.1647 - F1-Score: 0.9475 - Accuracy-Score: 0.9350 - AUROC: 0.9822 - AP: 0.9877
[37m2024-08-15 20:53:04,403 [INFO] - Validation epoch stats:   Loss: 0.4378 - F1-Score: 0.8980 - Accuracy-Score: 0.8678 - AUROC: 0.9197 - AP: 0.9439
[37m2024-08-15 20:53:04,475 [INFO] - Epoch: 3/50
[37m2024-08-15 20:53:04,480 [INFO] - Extracting training cells
[37m2024-08-15 20:57:00,492 [INFO] - Extraction detection metrics - F1: 0.623, Precision: 0.591, Recall: 0.727, Detected-Cells: 45110
[37m2024-08-15 20:57:02,094 [INFO] - Training epoch stats:     Loss: 0.1458 - F1-Score: 0.9553 - Accuracy-Score: 0.9453 - AUROC: 0.9856 - AP: 0.9889
[37m2024-08-15 20:57:02,561 [INFO] - Validation epoch stats:   Loss: 0.3937 - F1-Score: 0.9034 - Accuracy-Score: 0.8772 - AUROC: 0.9359 - AP: 0.9566
[37m2024-08-15 20:57:02,568 [INFO] - New best model - save checkpoint
[37m2024-08-15 20:57:02,716 [INFO] - Epoch: 4/50
[37m2024-08-15 20:57:02,720 [INFO] - Extracting training cells
[37m2024-08-15 21:01:03,789 [INFO] - Extraction detection metrics - F1: 0.618, Precision: 0.589, Recall: 0.717, Detected-Cells: 43961
[37m2024-08-15 21:01:05,369 [INFO] - Training epoch stats:     Loss: 0.1420 - F1-Score: 0.9544 - Accuracy-Score: 0.9445 - AUROC: 0.9867 - AP: 0.9901
[37m2024-08-15 21:01:05,760 [INFO] - Validation epoch stats:   Loss: 0.4246 - F1-Score: 0.8992 - Accuracy-Score: 0.8730 - AUROC: 0.9362 - AP: 0.9571
[37m2024-08-15 21:01:05,766 [INFO] - New best model - save checkpoint
[37m2024-08-15 21:01:05,928 [INFO] - Epoch: 5/50
[37m2024-08-15 21:01:05,934 [INFO] - Extracting training cells
[37m2024-08-15 21:05:05,963 [INFO] - Extraction detection metrics - F1: 0.618, Precision: 0.589, Recall: 0.719, Detected-Cells: 43569
[37m2024-08-15 21:05:07,868 [INFO] - Training epoch stats:     Loss: 0.1336 - F1-Score: 0.9585 - Accuracy-Score: 0.9490 - AUROC: 0.9883 - AP: 0.9917
[37m2024-08-15 21:05:08,332 [INFO] - Validation epoch stats:   Loss: 0.4459 - F1-Score: 0.8934 - Accuracy-Score: 0.8658 - AUROC: 0.9293 - AP: 0.9485
[37m2024-08-15 21:05:08,400 [INFO] - Epoch: 6/50
[37m2024-08-15 21:05:08,406 [INFO] - Extracting training cells
[37m2024-08-15 21:09:09,708 [INFO] - Extraction detection metrics - F1: 0.619, Precision: 0.593, Recall: 0.720, Detected-Cells: 44516
[37m2024-08-15 21:09:11,358 [INFO] - Training epoch stats:     Loss: 0.1283 - F1-Score: 0.9604 - Accuracy-Score: 0.9518 - AUROC: 0.9891 - AP: 0.9918
[37m2024-08-15 21:09:11,813 [INFO] - Validation epoch stats:   Loss: 0.5456 - F1-Score: 0.8906 - Accuracy-Score: 0.8648 - AUROC: 0.9318 - AP: 0.9556
[37m2024-08-15 21:09:11,899 [INFO] - Epoch: 7/50
[37m2024-08-15 21:09:11,905 [INFO] - Extracting training cells
[37m2024-08-15 21:13:10,904 [INFO] - Extraction detection metrics - F1: 0.619, Precision: 0.591, Recall: 0.723, Detected-Cells: 44294
[37m2024-08-15 21:13:12,484 [INFO] - Training epoch stats:     Loss: 0.1229 - F1-Score: 0.9610 - Accuracy-Score: 0.9526 - AUROC: 0.9900 - AP: 0.9926
[37m2024-08-15 21:13:13,008 [INFO] - Validation epoch stats:   Loss: 0.4819 - F1-Score: 0.8882 - Accuracy-Score: 0.8579 - AUROC: 0.9240 - AP: 0.9489
[37m2024-08-15 21:13:13,086 [INFO] - Epoch: 8/50
[37m2024-08-15 21:13:13,091 [INFO] - Extracting training cells
[37m2024-08-15 21:17:11,768 [INFO] - Extraction detection metrics - F1: 0.616, Precision: 0.588, Recall: 0.719, Detected-Cells: 44389
[37m2024-08-15 21:17:13,558 [INFO] - Training epoch stats:     Loss: 0.1278 - F1-Score: 0.9619 - Accuracy-Score: 0.9530 - AUROC: 0.9895 - AP: 0.9926
[37m2024-08-15 21:17:14,022 [INFO] - Validation epoch stats:   Loss: 0.4131 - F1-Score: 0.8957 - Accuracy-Score: 0.8681 - AUROC: 0.9329 - AP: 0.9566
[37m2024-08-15 21:17:14,099 [INFO] - Epoch: 9/50
[37m2024-08-15 21:17:14,103 [INFO] - Extracting training cells
[37m2024-08-15 21:21:12,521 [INFO] - Extraction detection metrics - F1: 0.610, Precision: 0.579, Recall: 0.716, Detected-Cells: 43420
[37m2024-08-15 21:21:14,170 [INFO] - Training epoch stats:     Loss: 0.1155 - F1-Score: 0.9633 - Accuracy-Score: 0.9555 - AUROC: 0.9912 - AP: 0.9936
[37m2024-08-15 21:21:14,590 [INFO] - Validation epoch stats:   Loss: 0.6583 - F1-Score: 0.8905 - Accuracy-Score: 0.8584 - AUROC: 0.9118 - AP: 0.9346
[37m2024-08-15 21:21:14,658 [INFO] - Epoch: 10/50
[37m2024-08-15 21:21:14,663 [INFO] - Extracting training cells
[37m2024-08-15 21:25:14,801 [INFO] - Extraction detection metrics - F1: 0.619, Precision: 0.587, Recall: 0.723, Detected-Cells: 44613
[37m2024-08-15 21:25:16,237 [INFO] - Training epoch stats:     Loss: 0.1137 - F1-Score: 0.9649 - Accuracy-Score: 0.9571 - AUROC: 0.9915 - AP: 0.9937
[37m2024-08-15 21:25:16,622 [INFO] - Validation epoch stats:   Loss: 0.5401 - F1-Score: 0.8947 - Accuracy-Score: 0.8668 - AUROC: 0.9288 - AP: 0.9527
[37m2024-08-15 21:25:16,680 [INFO] - Epoch: 11/50
[37m2024-08-15 21:25:16,686 [INFO] - Extracting training cells
[37m2024-08-15 21:29:14,856 [INFO] - Extraction detection metrics - F1: 0.624, Precision: 0.591, Recall: 0.729, Detected-Cells: 44659
[37m2024-08-15 21:29:16,659 [INFO] - Training epoch stats:     Loss: 0.1094 - F1-Score: 0.9654 - Accuracy-Score: 0.9577 - AUROC: 0.9921 - AP: 0.9941
[37m2024-08-15 21:29:17,129 [INFO] - Validation epoch stats:   Loss: 0.4816 - F1-Score: 0.8952 - Accuracy-Score: 0.8667 - AUROC: 0.9313 - AP: 0.9541
[37m2024-08-15 21:29:17,194 [INFO] - Epoch: 12/50
[37m2024-08-15 21:29:17,199 [INFO] - Extracting training cells
[37m2024-08-15 21:33:18,769 [INFO] - Extraction detection metrics - F1: 0.618, Precision: 0.584, Recall: 0.724, Detected-Cells: 44512
[37m2024-08-15 21:33:20,658 [INFO] - Training epoch stats:     Loss: 0.1120 - F1-Score: 0.9644 - Accuracy-Score: 0.9563 - AUROC: 0.9918 - AP: 0.9940
[37m2024-08-15 21:33:21,102 [INFO] - Validation epoch stats:   Loss: 0.6288 - F1-Score: 0.8829 - Accuracy-Score: 0.8541 - AUROC: 0.9226 - AP: 0.9513
[37m2024-08-15 21:33:21,177 [INFO] - Epoch: 13/50
[37m2024-08-15 21:33:21,182 [INFO] - Extracting training cells
[37m2024-08-15 21:37:17,183 [INFO] - Extraction detection metrics - F1: 0.622, Precision: 0.590, Recall: 0.725, Detected-Cells: 44701
[37m2024-08-15 21:37:19,081 [INFO] - Training epoch stats:     Loss: 0.1098 - F1-Score: 0.9656 - Accuracy-Score: 0.9581 - AUROC: 0.9922 - AP: 0.9940
[37m2024-08-15 21:37:19,579 [INFO] - Validation epoch stats:   Loss: 0.6299 - F1-Score: 0.8921 - Accuracy-Score: 0.8636 - AUROC: 0.9234 - AP: 0.9485
[37m2024-08-15 21:37:19,645 [INFO] - Epoch: 14/50
[37m2024-08-15 21:37:19,650 [INFO] - Extracting training cells
[37m2024-08-15 21:41:17,075 [INFO] - Extraction detection metrics - F1: 0.624, Precision: 0.595, Recall: 0.727, Detected-Cells: 44769
[37m2024-08-15 21:41:18,782 [INFO] - Training epoch stats:     Loss: 0.1046 - F1-Score: 0.9675 - Accuracy-Score: 0.9601 - AUROC: 0.9930 - AP: 0.9947
[37m2024-08-15 21:41:19,313 [INFO] - Validation epoch stats:   Loss: 0.6496 - F1-Score: 0.8952 - Accuracy-Score: 0.8682 - AUROC: 0.9269 - AP: 0.9503
[37m2024-08-15 21:41:19,385 [INFO] - Epoch: 15/50
[37m2024-08-15 21:41:19,391 [INFO] - Extracting training cells
[37m2024-08-15 21:45:18,947 [INFO] - Extraction detection metrics - F1: 0.614, Precision: 0.585, Recall: 0.715, Detected-Cells: 43176
[37m2024-08-15 21:45:20,756 [INFO] - Training epoch stats:     Loss: 0.1096 - F1-Score: 0.9667 - Accuracy-Score: 0.9590 - AUROC: 0.9922 - AP: 0.9944
[37m2024-08-15 21:45:21,154 [INFO] - Validation epoch stats:   Loss: 0.6134 - F1-Score: 0.8912 - Accuracy-Score: 0.8601 - AUROC: 0.9174 - AP: 0.9419
[37m2024-08-15 21:45:21,213 [INFO] - Epoch: 16/50
[37m2024-08-15 21:45:21,218 [INFO] - Extracting training cells
[37m2024-08-15 21:49:19,824 [INFO] - Extraction detection metrics - F1: 0.620, Precision: 0.587, Recall: 0.723, Detected-Cells: 43913
[37m2024-08-15 21:49:21,429 [INFO] - Training epoch stats:     Loss: 0.1119 - F1-Score: 0.9653 - Accuracy-Score: 0.9580 - AUROC: 0.9919 - AP: 0.9937
[37m2024-08-15 21:49:21,818 [INFO] - Validation epoch stats:   Loss: 0.7301 - F1-Score: 0.8892 - Accuracy-Score: 0.8607 - AUROC: 0.9119 - AP: 0.9327
[37m2024-08-15 21:49:21,881 [INFO] - Epoch: 17/50
[37m2024-08-15 21:49:21,887 [INFO] - Extracting training cells
[37m2024-08-15 21:53:22,041 [INFO] - Extraction detection metrics - F1: 0.619, Precision: 0.591, Recall: 0.722, Detected-Cells: 43874
[37m2024-08-15 21:53:23,616 [INFO] - Training epoch stats:     Loss: 0.0978 - F1-Score: 0.9698 - Accuracy-Score: 0.9629 - AUROC: 0.9938 - AP: 0.9957
[37m2024-08-15 21:53:24,032 [INFO] - Validation epoch stats:   Loss: 0.8345 - F1-Score: 0.8874 - Accuracy-Score: 0.8588 - AUROC: 0.9110 - AP: 0.9303
[37m2024-08-15 21:53:24,095 [INFO] - Epoch: 18/50
[37m2024-08-15 21:53:24,100 [INFO] - Extracting training cells
[37m2024-08-15 21:57:30,383 [INFO] - Extraction detection metrics - F1: 0.614, Precision: 0.588, Recall: 0.714, Detected-Cells: 44079
[37m2024-08-15 21:57:32,255 [INFO] - Training epoch stats:     Loss: 0.1056 - F1-Score: 0.9672 - Accuracy-Score: 0.9602 - AUROC: 0.9928 - AP: 0.9944
[37m2024-08-15 21:57:32,702 [INFO] - Validation epoch stats:   Loss: 0.7746 - F1-Score: 0.8887 - Accuracy-Score: 0.8590 - AUROC: 0.9096 - AP: 0.9324
[37m2024-08-15 21:57:32,761 [INFO] - Epoch: 19/50
[37m2024-08-15 21:57:32,766 [INFO] - Extracting training cells
[37m2024-08-15 22:01:32,614 [INFO] - Extraction detection metrics - F1: 0.626, Precision: 0.591, Recall: 0.730, Detected-Cells: 45024
[37m2024-08-15 22:01:34,332 [INFO] - Training epoch stats:     Loss: 0.1078 - F1-Score: 0.9671 - Accuracy-Score: 0.9595 - AUROC: 0.9927 - AP: 0.9945
[37m2024-08-15 22:01:34,813 [INFO] - Validation epoch stats:   Loss: 0.6565 - F1-Score: 0.8738 - Accuracy-Score: 0.8440 - AUROC: 0.9143 - AP: 0.9377
[37m2024-08-15 22:01:34,871 [INFO] - Epoch: 20/50
[37m2024-08-15 22:01:34,876 [INFO] - Extracting training cells
[37m2024-08-15 22:05:34,023 [INFO] - Extraction detection metrics - F1: 0.618, Precision: 0.586, Recall: 0.721, Detected-Cells: 44005
[37m2024-08-15 22:05:35,424 [INFO] - Training epoch stats:     Loss: 0.1065 - F1-Score: 0.9665 - Accuracy-Score: 0.9591 - AUROC: 0.9927 - AP: 0.9947
[37m2024-08-15 22:05:35,842 [INFO] - Validation epoch stats:   Loss: 0.6044 - F1-Score: 0.8940 - Accuracy-Score: 0.8660 - AUROC: 0.9210 - AP: 0.9416
[37m2024-08-15 22:05:35,905 [INFO] - Epoch: 21/50
[37m2024-08-15 22:05:35,910 [INFO] - Extracting training cells
[37m2024-08-15 22:09:36,417 [INFO] - Extraction detection metrics - F1: 0.615, Precision: 0.585, Recall: 0.717, Detected-Cells: 45039
[37m2024-08-15 22:09:38,555 [INFO] - Training epoch stats:     Loss: 0.0974 - F1-Score: 0.9700 - Accuracy-Score: 0.9637 - AUROC: 0.9941 - AP: 0.9956
[37m2024-08-15 22:09:38,942 [INFO] - Validation epoch stats:   Loss: 0.6010 - F1-Score: 0.8932 - Accuracy-Score: 0.8652 - AUROC: 0.9238 - AP: 0.9451
[37m2024-08-15 22:09:39,026 [INFO] - Epoch: 22/50
[37m2024-08-15 22:09:39,031 [INFO] - Extracting training cells
[37m2024-08-15 22:13:37,681 [INFO] - Extraction detection metrics - F1: 0.626, Precision: 0.593, Recall: 0.731, Detected-Cells: 44264
[37m2024-08-15 22:13:39,559 [INFO] - Training epoch stats:     Loss: 0.0977 - F1-Score: 0.9671 - Accuracy-Score: 0.9597 - AUROC: 0.9939 - AP: 0.9956
[37m2024-08-15 22:13:40,021 [INFO] - Validation epoch stats:   Loss: 0.6769 - F1-Score: 0.8906 - Accuracy-Score: 0.8630 - AUROC: 0.9256 - AP: 0.9477
[37m2024-08-15 22:13:40,093 [INFO] - Epoch: 23/50
[37m2024-08-15 22:13:40,098 [INFO] - Extracting training cells
[37m2024-08-15 22:17:38,081 [INFO] - Extraction detection metrics - F1: 0.616, Precision: 0.585, Recall: 0.722, Detected-Cells: 43523
[37m2024-08-15 22:17:39,756 [INFO] - Training epoch stats:     Loss: 0.1023 - F1-Score: 0.9687 - Accuracy-Score: 0.9611 - AUROC: 0.9931 - AP: 0.9949
[37m2024-08-15 22:17:40,212 [INFO] - Validation epoch stats:   Loss: 0.7123 - F1-Score: 0.8877 - Accuracy-Score: 0.8572 - AUROC: 0.9110 - AP: 0.9298
[37m2024-08-15 22:17:40,293 [INFO] - Epoch: 24/50
[37m2024-08-15 22:17:40,298 [INFO] - Extracting training cells
[37m2024-08-15 22:21:39,048 [INFO] - Extraction detection metrics - F1: 0.622, Precision: 0.592, Recall: 0.728, Detected-Cells: 43972
[37m2024-08-15 22:21:40,868 [INFO] - Training epoch stats:     Loss: 0.1105 - F1-Score: 0.9661 - Accuracy-Score: 0.9594 - AUROC: 0.9922 - AP: 0.9935
[37m2024-08-15 22:21:41,336 [INFO] - Validation epoch stats:   Loss: 0.6476 - F1-Score: 0.8908 - Accuracy-Score: 0.8617 - AUROC: 0.9119 - AP: 0.9277
[37m2024-08-15 22:21:41,341 [INFO] - Performing early stopping!
[37m2024-08-15 22:21:41,355 [INFO] - Finished run hdhmq5rj
