[37m2024-06-25 05:54:16,961 [INFO] - Instantiated Logger. WandB init and config update finished.
[37m2024-06-25 05:54:16,962 [INFO] - Run ist stored here: /cellvit/logs_paper/Head-Evaluation/ocelot/ViT256/Amount/Aug/10/2024-06-25T055407_CellViT-ViT256-10Percent
[37m2024-06-25 05:54:17,025 [INFO] - Cuda devices: [<torch.cuda.device object at 0x7f7789f8c640>]
[37m2024-06-25 05:54:17,026 [INFO] - Using GPU: cuda:0
[37m2024-06-25 05:54:17,032 [INFO] - Using device: cuda:0
[37m2024-06-25 05:54:17,037 [INFO] - Loss function:
[37m2024-06-25 05:54:17,042 [INFO] - CrossEntropyLoss()
[37m2024-06-25 05:54:20,080 [INFO] - <All keys matched successfully>
[37m2024-06-25 05:54:20,441 [INFO] -
==========================================================================================
Layer (type:depth-idx)                   Output Shape              Param #
==========================================================================================
LinearClassifier                         [1, 2]                    --
├─Linear: 1-1                            [1, 256]                  98,560
├─ReLU: 1-2                              [1, 256]                  --
├─Dropout: 1-3                           [1, 256]                  --
├─Linear: 1-4                            [1, 2]                    514
==========================================================================================
Total params: 99,074
Trainable params: 99,074
Non-trainable params: 0
Total mult-adds (M): 0.10
==========================================================================================
Input size (MB): 0.00
Forward/backward pass size (MB): 0.00
Params size (MB): 0.40
Estimated Total Size (MB): 0.40
==========================================================================================
[37m2024-06-25 05:54:20,442 [INFO] - Loaded AdamW Optimizer with following hyperparameters:
[37m2024-06-25 05:54:20,448 [INFO] - {'betas': [0.85, 0.9], 'lr': 4.4403255414468894e-05, 'weight_decay': 8.22969479387945e-05}
[37m2024-06-25 05:54:20,453 [INFO] - Using early stopping with a range of 10 and maximize strategy
[37m2024-06-25 05:54:20,473 [INFO] - Caching datasets
[37m2024-06-25 05:54:22,602 [INFO] - Instantiate Trainer
[37m2024-06-25 05:54:22,606 [INFO] - Calling Trainer Fit
[37m2024-06-25 05:54:22,608 [INFO] - Starting training, total number of epochs: 50
[37m2024-06-25 05:54:22,613 [INFO] - Epoch: 1/50
[37m2024-06-25 05:54:22,618 [INFO] - Extracting training cells
[37m2024-06-25 05:54:46,214 [INFO] - Extraction detection metrics - F1: 0.716, Precision: 0.696, Recall: 0.790, Detected-Cells: 5299
[37m2024-06-25 05:54:46,495 [INFO] - Training epoch stats:     Loss: 0.6889 - F1-Score: 0.5646 - Accuracy-Score: 0.5544 - AUROC: 0.6047 - AP: 0.6935
[37m2024-06-25 05:54:47,805 [INFO] - Loaded dataset from cache: /OCELOT-Orig/cache/84a96648cf0731d52e69bfe32a74428f944857015825e7a06ae5f471f93f4855.h5
[37m2024-06-25 05:54:48,161 [INFO] - Validation epoch stats:   Loss: 0.6783 - F1-Score: 0.7413 - Accuracy-Score: 0.6734 - AUROC: 0.7108 - AP: 0.8058
[37m2024-06-25 05:54:48,161 [INFO] - New best model - save checkpoint
[37m2024-06-25 05:54:48,299 [INFO] - Epoch: 2/50
[37m2024-06-25 05:54:48,300 [INFO] - Extracting training cells
[37m2024-06-25 05:55:07,440 [INFO] - Extraction detection metrics - F1: 0.726, Precision: 0.714, Recall: 0.816, Detected-Cells: 5918
[37m2024-06-25 05:55:07,650 [INFO] - Training epoch stats:     Loss: 0.6565 - F1-Score: 0.8050 - Accuracy-Score: 0.7198 - AUROC: 0.7969 - AP: 0.8413
[37m2024-06-25 05:55:08,024 [INFO] - Validation epoch stats:   Loss: 0.6527 - F1-Score: 0.8165 - Accuracy-Score: 0.7309 - AUROC: 0.7975 - AP: 0.8706
[37m2024-06-25 05:55:08,025 [INFO] - New best model - save checkpoint
[37m2024-06-25 05:55:08,173 [INFO] - Epoch: 3/50
[37m2024-06-25 05:55:08,174 [INFO] - Extracting training cells
[37m2024-06-25 05:55:26,447 [INFO] - Extraction detection metrics - F1: 0.691, Precision: 0.670, Recall: 0.786, Detected-Cells: 5559
[37m2024-06-25 05:55:26,646 [INFO] - Training epoch stats:     Loss: 0.6267 - F1-Score: 0.8151 - Accuracy-Score: 0.7188 - AUROC: 0.8331 - AP: 0.8780
[37m2024-06-25 05:55:27,027 [INFO] - Validation epoch stats:   Loss: 0.6339 - F1-Score: 0.8197 - Accuracy-Score: 0.7298 - AUROC: 0.8170 - AP: 0.8838
[37m2024-06-25 05:55:27,028 [INFO] - New best model - save checkpoint
[37m2024-06-25 05:55:27,168 [INFO] - Epoch: 4/50
[37m2024-06-25 05:55:27,169 [INFO] - Extracting training cells
[37m2024-06-25 05:55:46,109 [INFO] - Extraction detection metrics - F1: 0.704, Precision: 0.683, Recall: 0.798, Detected-Cells: 5498
[37m2024-06-25 05:55:46,305 [INFO] - Training epoch stats:     Loss: 0.6038 - F1-Score: 0.8241 - Accuracy-Score: 0.7259 - AUROC: 0.8338 - AP: 0.8828
[37m2024-06-25 05:55:46,760 [INFO] - Validation epoch stats:   Loss: 0.6154 - F1-Score: 0.8210 - Accuracy-Score: 0.7302 - AUROC: 0.8294 - AP: 0.8913
[37m2024-06-25 05:55:46,763 [INFO] - New best model - save checkpoint
[37m2024-06-25 05:55:46,917 [INFO] - Epoch: 5/50
[37m2024-06-25 05:55:46,917 [INFO] - Extracting training cells
[37m2024-06-25 05:56:04,676 [INFO] - Extraction detection metrics - F1: 0.709, Precision: 0.683, Recall: 0.805, Detected-Cells: 5711
[37m2024-06-25 05:56:05,085 [INFO] - Training epoch stats:     Loss: 0.5782 - F1-Score: 0.8281 - Accuracy-Score: 0.7363 - AUROC: 0.8639 - AP: 0.9081
[37m2024-06-25 05:56:05,877 [INFO] - Validation epoch stats:   Loss: 0.5988 - F1-Score: 0.8269 - Accuracy-Score: 0.7432 - AUROC: 0.8382 - AP: 0.8967
[37m2024-06-25 05:56:05,878 [INFO] - New best model - save checkpoint
[37m2024-06-25 05:56:06,026 [INFO] - Epoch: 6/50
[37m2024-06-25 05:56:06,027 [INFO] - Extracting training cells
[37m2024-06-25 05:56:23,926 [INFO] - Extraction detection metrics - F1: 0.700, Precision: 0.683, Recall: 0.791, Detected-Cells: 5673
[37m2024-06-25 05:56:24,100 [INFO] - Training epoch stats:     Loss: 0.5690 - F1-Score: 0.8164 - Accuracy-Score: 0.7328 - AUROC: 0.8716 - AP: 0.8948
[37m2024-06-25 05:56:24,475 [INFO] - Validation epoch stats:   Loss: 0.5856 - F1-Score: 0.8362 - Accuracy-Score: 0.7659 - AUROC: 0.8443 - AP: 0.9010
[37m2024-06-25 05:56:24,476 [INFO] - New best model - save checkpoint
[37m2024-06-25 05:56:24,612 [INFO] - Epoch: 7/50
[37m2024-06-25 05:56:24,612 [INFO] - Extracting training cells
[37m2024-06-25 05:56:43,009 [INFO] - Extraction detection metrics - F1: 0.723, Precision: 0.698, Recall: 0.815, Detected-Cells: 5905
[37m2024-06-25 05:56:43,305 [INFO] - Training epoch stats:     Loss: 0.5299 - F1-Score: 0.8541 - Accuracy-Score: 0.7865 - AUROC: 0.8847 - AP: 0.9233
[37m2024-06-25 05:56:43,727 [INFO] - Validation epoch stats:   Loss: 0.5712 - F1-Score: 0.8385 - Accuracy-Score: 0.7734 - AUROC: 0.8461 - AP: 0.9025
[37m2024-06-25 05:56:43,728 [INFO] - New best model - save checkpoint
[37m2024-06-25 05:56:43,877 [INFO] - Epoch: 8/50
[37m2024-06-25 05:56:43,878 [INFO] - Extracting training cells
[37m2024-06-25 05:57:04,355 [INFO] - Extraction detection metrics - F1: 0.720, Precision: 0.698, Recall: 0.815, Detected-Cells: 5966
[37m2024-06-25 05:57:04,546 [INFO] - Training epoch stats:     Loss: 0.5179 - F1-Score: 0.8424 - Accuracy-Score: 0.7734 - AUROC: 0.8881 - AP: 0.9212
[37m2024-06-25 05:57:04,862 [INFO] - Validation epoch stats:   Loss: 0.5590 - F1-Score: 0.8405 - Accuracy-Score: 0.7808 - AUROC: 0.8495 - AP: 0.9048
[37m2024-06-25 05:57:04,863 [INFO] - New best model - save checkpoint
[37m2024-06-25 05:57:05,009 [INFO] - Epoch: 9/50
[37m2024-06-25 05:57:05,010 [INFO] - Extracting training cells
[37m2024-06-25 05:57:24,133 [INFO] - Extraction detection metrics - F1: 0.710, Precision: 0.682, Recall: 0.812, Detected-Cells: 5504
[37m2024-06-25 05:57:24,337 [INFO] - Training epoch stats:     Loss: 0.5061 - F1-Score: 0.8451 - Accuracy-Score: 0.7872 - AUROC: 0.8873 - AP: 0.9150
[37m2024-06-25 05:57:24,713 [INFO] - Validation epoch stats:   Loss: 0.5501 - F1-Score: 0.8426 - Accuracy-Score: 0.7890 - AUROC: 0.8524 - AP: 0.9069
[37m2024-06-25 05:57:24,714 [INFO] - New best model - save checkpoint
[37m2024-06-25 05:57:24,857 [INFO] - Epoch: 10/50
[37m2024-06-25 05:57:24,857 [INFO] - Extracting training cells
[37m2024-06-25 05:57:44,441 [INFO] - Extraction detection metrics - F1: 0.726, Precision: 0.699, Recall: 0.823, Detected-Cells: 5841
[37m2024-06-25 05:57:44,655 [INFO] - Training epoch stats:     Loss: 0.4927 - F1-Score: 0.8504 - Accuracy-Score: 0.7932 - AUROC: 0.8890 - AP: 0.9203
[37m2024-06-25 05:57:45,059 [INFO] - Validation epoch stats:   Loss: 0.5408 - F1-Score: 0.8418 - Accuracy-Score: 0.7914 - AUROC: 0.8540 - AP: 0.9082
[37m2024-06-25 05:57:45,059 [INFO] - New best model - save checkpoint
[37m2024-06-25 05:57:45,207 [INFO] - Epoch: 11/50
[37m2024-06-25 05:57:45,207 [INFO] - Extracting training cells
[37m2024-06-25 05:58:03,157 [INFO] - Extraction detection metrics - F1: 0.719, Precision: 0.697, Recall: 0.807, Detected-Cells: 5858
[37m2024-06-25 05:58:03,327 [INFO] - Training epoch stats:     Loss: 0.4698 - F1-Score: 0.8702 - Accuracy-Score: 0.8220 - AUROC: 0.8974 - AP: 0.9290
[37m2024-06-25 05:58:03,637 [INFO] - Validation epoch stats:   Loss: 0.5321 - F1-Score: 0.8414 - Accuracy-Score: 0.7933 - AUROC: 0.8552 - AP: 0.9091
[37m2024-06-25 05:58:03,638 [INFO] - New best model - save checkpoint
[37m2024-06-25 05:58:03,805 [INFO] - Epoch: 12/50
[37m2024-06-25 05:58:03,805 [INFO] - Extracting training cells
[37m2024-06-25 05:58:27,524 [INFO] - Extraction detection metrics - F1: 0.713, Precision: 0.682, Recall: 0.816, Detected-Cells: 5407
[37m2024-06-25 05:58:27,823 [INFO] - Training epoch stats:     Loss: 0.4826 - F1-Score: 0.8545 - Accuracy-Score: 0.8104 - AUROC: 0.8847 - AP: 0.9101
[37m2024-06-25 05:58:28,295 [INFO] - Validation epoch stats:   Loss: 0.5264 - F1-Score: 0.8402 - Accuracy-Score: 0.7943 - AUROC: 0.8560 - AP: 0.9097
[37m2024-06-25 05:58:28,296 [INFO] - New best model - save checkpoint
[37m2024-06-25 05:58:28,511 [INFO] - Epoch: 13/50
[37m2024-06-25 05:58:28,511 [INFO] - Extracting training cells
[37m2024-06-25 05:58:48,367 [INFO] - Extraction detection metrics - F1: 0.716, Precision: 0.688, Recall: 0.814, Detected-Cells: 5710
[37m2024-06-25 05:58:48,571 [INFO] - Training epoch stats:     Loss: 0.4569 - F1-Score: 0.8698 - Accuracy-Score: 0.8285 - AUROC: 0.8983 - AP: 0.9235
[37m2024-06-25 05:58:48,950 [INFO] - Validation epoch stats:   Loss: 0.5196 - F1-Score: 0.8382 - Accuracy-Score: 0.7930 - AUROC: 0.8572 - AP: 0.9106
[37m2024-06-25 05:58:48,951 [INFO] - New best model - save checkpoint
[37m2024-06-25 05:58:49,103 [INFO] - Epoch: 14/50
[37m2024-06-25 05:58:49,103 [INFO] - Extracting training cells
[37m2024-06-25 05:59:07,369 [INFO] - Extraction detection metrics - F1: 0.711, Precision: 0.690, Recall: 0.801, Detected-Cells: 5481
[37m2024-06-25 05:59:07,571 [INFO] - Training epoch stats:     Loss: 0.4661 - F1-Score: 0.8542 - Accuracy-Score: 0.8112 - AUROC: 0.8840 - AP: 0.9118
[37m2024-06-25 05:59:07,951 [INFO] - Validation epoch stats:   Loss: 0.5152 - F1-Score: 0.8363 - Accuracy-Score: 0.7925 - AUROC: 0.8581 - AP: 0.9111
[37m2024-06-25 05:59:07,952 [INFO] - New best model - save checkpoint
[37m2024-06-25 05:59:08,099 [INFO] - Epoch: 15/50
[37m2024-06-25 05:59:08,099 [INFO] - Extracting training cells
[37m2024-06-25 05:59:29,057 [INFO] - Extraction detection metrics - F1: 0.714, Precision: 0.689, Recall: 0.811, Detected-Cells: 5677
[37m2024-06-25 05:59:29,491 [INFO] - Training epoch stats:     Loss: 0.4300 - F1-Score: 0.8804 - Accuracy-Score: 0.8386 - AUROC: 0.8974 - AP: 0.9190
[37m2024-06-25 05:59:29,868 [INFO] - Validation epoch stats:   Loss: 0.5093 - F1-Score: 0.8355 - Accuracy-Score: 0.7922 - AUROC: 0.8587 - AP: 0.9116
[37m2024-06-25 05:59:29,869 [INFO] - New best model - save checkpoint
[37m2024-06-25 05:59:30,006 [INFO] - Epoch: 16/50
[37m2024-06-25 05:59:30,006 [INFO] - Extracting training cells
[37m2024-06-25 05:59:48,908 [INFO] - Extraction detection metrics - F1: 0.710, Precision: 0.676, Recall: 0.818, Detected-Cells: 5619
[37m2024-06-25 05:59:49,108 [INFO] - Training epoch stats:     Loss: 0.4235 - F1-Score: 0.8826 - Accuracy-Score: 0.8452 - AUROC: 0.9064 - AP: 0.9329
[37m2024-06-25 05:59:49,500 [INFO] - Validation epoch stats:   Loss: 0.5046 - F1-Score: 0.8349 - Accuracy-Score: 0.7924 - AUROC: 0.8594 - AP: 0.9121
[37m2024-06-25 05:59:49,500 [INFO] - New best model - save checkpoint
[37m2024-06-25 05:59:49,651 [INFO] - Epoch: 17/50
[37m2024-06-25 05:59:49,651 [INFO] - Extracting training cells
[37m2024-06-25 06:00:11,911 [INFO] - Extraction detection metrics - F1: 0.701, Precision: 0.680, Recall: 0.791, Detected-Cells: 5484
[37m2024-06-25 06:00:12,129 [INFO] - Training epoch stats:     Loss: 0.4266 - F1-Score: 0.8716 - Accuracy-Score: 0.8366 - AUROC: 0.9017 - AP: 0.9253
[37m2024-06-25 06:00:12,584 [INFO] - Validation epoch stats:   Loss: 0.5010 - F1-Score: 0.8335 - Accuracy-Score: 0.7915 - AUROC: 0.8598 - AP: 0.9123
[37m2024-06-25 06:00:12,586 [INFO] - New best model - save checkpoint
[37m2024-06-25 06:00:12,725 [INFO] - Epoch: 18/50
[37m2024-06-25 06:00:12,725 [INFO] - Extracting training cells
[37m2024-06-25 06:00:30,826 [INFO] - Extraction detection metrics - F1: 0.724, Precision: 0.696, Recall: 0.828, Detected-Cells: 6022
[37m2024-06-25 06:00:31,040 [INFO] - Training epoch stats:     Loss: 0.4139 - F1-Score: 0.8803 - Accuracy-Score: 0.8447 - AUROC: 0.9097 - AP: 0.9325
[37m2024-06-25 06:00:31,425 [INFO] - Validation epoch stats:   Loss: 0.4969 - F1-Score: 0.8328 - Accuracy-Score: 0.7916 - AUROC: 0.8603 - AP: 0.9128
[37m2024-06-25 06:00:31,426 [INFO] - New best model - save checkpoint
[37m2024-06-25 06:00:31,562 [INFO] - Epoch: 19/50
[37m2024-06-25 06:00:31,563 [INFO] - Extracting training cells
[37m2024-06-25 06:00:52,186 [INFO] - Extraction detection metrics - F1: 0.723, Precision: 0.701, Recall: 0.815, Detected-Cells: 5677
[37m2024-06-25 06:00:52,413 [INFO] - Training epoch stats:     Loss: 0.4096 - F1-Score: 0.8794 - Accuracy-Score: 0.8436 - AUROC: 0.9077 - AP: 0.9336
[37m2024-06-25 06:00:52,842 [INFO] - Validation epoch stats:   Loss: 0.4927 - F1-Score: 0.8335 - Accuracy-Score: 0.7926 - AUROC: 0.8615 - AP: 0.9134
[37m2024-06-25 06:00:52,843 [INFO] - New best model - save checkpoint
[37m2024-06-25 06:00:52,999 [INFO] - Epoch: 20/50
[37m2024-06-25 06:00:53,000 [INFO] - Extracting training cells
[37m2024-06-25 06:01:13,427 [INFO] - Extraction detection metrics - F1: 0.710, Precision: 0.690, Recall: 0.808, Detected-Cells: 5618
[37m2024-06-25 06:01:13,625 [INFO] - Training epoch stats:     Loss: 0.3984 - F1-Score: 0.8833 - Accuracy-Score: 0.8501 - AUROC: 0.9175 - AP: 0.9397
[37m2024-06-25 06:01:14,009 [INFO] - Validation epoch stats:   Loss: 0.4898 - F1-Score: 0.8332 - Accuracy-Score: 0.7925 - AUROC: 0.8618 - AP: 0.9136
[37m2024-06-25 06:01:14,010 [INFO] - New best model - save checkpoint
[37m2024-06-25 06:01:14,153 [INFO] - Epoch: 21/50
[37m2024-06-25 06:01:14,154 [INFO] - Extracting training cells
[37m2024-06-25 06:01:34,558 [INFO] - Extraction detection metrics - F1: 0.694, Precision: 0.664, Recall: 0.796, Detected-Cells: 5440
[37m2024-06-25 06:01:34,732 [INFO] - Training epoch stats:     Loss: 0.3953 - F1-Score: 0.8880 - Accuracy-Score: 0.8555 - AUROC: 0.9152 - AP: 0.9370
[37m2024-06-25 06:01:35,058 [INFO] - Validation epoch stats:   Loss: 0.4870 - F1-Score: 0.8328 - Accuracy-Score: 0.7920 - AUROC: 0.8618 - AP: 0.9135
[37m2024-06-25 06:01:35,089 [INFO] - Epoch: 22/50
[37m2024-06-25 06:01:35,089 [INFO] - Extracting training cells
[37m2024-06-25 06:01:59,617 [INFO] - Extraction detection metrics - F1: 0.723, Precision: 0.691, Recall: 0.830, Detected-Cells: 5879
[37m2024-06-25 06:01:59,838 [INFO] - Training epoch stats:     Loss: 0.3997 - F1-Score: 0.8791 - Accuracy-Score: 0.8454 - AUROC: 0.9106 - AP: 0.9336
[37m2024-06-25 06:02:00,615 [INFO] - Validation epoch stats:   Loss: 0.4859 - F1-Score: 0.8315 - Accuracy-Score: 0.7910 - AUROC: 0.8617 - AP: 0.9133
[37m2024-06-25 06:02:00,667 [INFO] - Epoch: 23/50
[37m2024-06-25 06:02:00,667 [INFO] - Extracting training cells
[37m2024-06-25 06:02:18,610 [INFO] - Extraction detection metrics - F1: 0.705, Precision: 0.699, Recall: 0.797, Detected-Cells: 5578
[37m2024-06-25 06:02:18,811 [INFO] - Training epoch stats:     Loss: 0.3932 - F1-Score: 0.8800 - Accuracy-Score: 0.8431 - AUROC: 0.9075 - AP: 0.9370
[37m2024-06-25 06:02:19,202 [INFO] - Validation epoch stats:   Loss: 0.4837 - F1-Score: 0.8310 - Accuracy-Score: 0.7904 - AUROC: 0.8617 - AP: 0.9134
[37m2024-06-25 06:02:19,245 [INFO] - Epoch: 24/50
[37m2024-06-25 06:02:19,246 [INFO] - Extracting training cells
[37m2024-06-25 06:02:39,519 [INFO] - Extraction detection metrics - F1: 0.731, Precision: 0.704, Recall: 0.834, Detected-Cells: 5979
[37m2024-06-25 06:02:39,739 [INFO] - Training epoch stats:     Loss: 0.3662 - F1-Score: 0.8951 - Accuracy-Score: 0.8634 - AUROC: 0.9301 - AP: 0.9519
[37m2024-06-25 06:02:40,144 [INFO] - Validation epoch stats:   Loss: 0.4816 - F1-Score: 0.8302 - Accuracy-Score: 0.7895 - AUROC: 0.8614 - AP: 0.9132
[37m2024-06-25 06:02:40,189 [INFO] - Epoch: 25/50
[37m2024-06-25 06:02:40,190 [INFO] - Extracting training cells
[37m2024-06-25 06:02:59,566 [INFO] - Extraction detection metrics - F1: 0.721, Precision: 0.700, Recall: 0.814, Detected-Cells: 5698
[37m2024-06-25 06:02:59,784 [INFO] - Training epoch stats:     Loss: 0.3645 - F1-Score: 0.8959 - Accuracy-Score: 0.8654 - AUROC: 0.9282 - AP: 0.9469
[37m2024-06-25 06:03:00,174 [INFO] - Validation epoch stats:   Loss: 0.4772 - F1-Score: 0.8321 - Accuracy-Score: 0.7904 - AUROC: 0.8613 - AP: 0.9133
[37m2024-06-25 06:03:00,218 [INFO] - Epoch: 26/50
[37m2024-06-25 06:03:00,218 [INFO] - Extracting training cells
[37m2024-06-25 06:03:24,879 [INFO] - Extraction detection metrics - F1: 0.718, Precision: 0.693, Recall: 0.811, Detected-Cells: 5891
[37m2024-06-25 06:03:25,075 [INFO] - Training epoch stats:     Loss: 0.3718 - F1-Score: 0.8876 - Accuracy-Score: 0.8540 - AUROC: 0.9187 - AP: 0.9426
[37m2024-06-25 06:03:25,466 [INFO] - Validation epoch stats:   Loss: 0.4768 - F1-Score: 0.8310 - Accuracy-Score: 0.7899 - AUROC: 0.8613 - AP: 0.9132
[37m2024-06-25 06:03:25,523 [INFO] - Epoch: 27/50
[37m2024-06-25 06:03:25,524 [INFO] - Extracting training cells
[37m2024-06-25 06:03:43,922 [INFO] - Extraction detection metrics - F1: 0.714, Precision: 0.690, Recall: 0.808, Detected-Cells: 5751
[37m2024-06-25 06:03:44,135 [INFO] - Training epoch stats:     Loss: 0.3685 - F1-Score: 0.8913 - Accuracy-Score: 0.8578 - AUROC: 0.9232 - AP: 0.9454
[37m2024-06-25 06:03:44,532 [INFO] - Validation epoch stats:   Loss: 0.4767 - F1-Score: 0.8300 - Accuracy-Score: 0.7892 - AUROC: 0.8613 - AP: 0.9132
[37m2024-06-25 06:03:44,579 [INFO] - Epoch: 28/50
[37m2024-06-25 06:03:44,580 [INFO] - Extracting training cells
[37m2024-06-25 06:04:08,192 [INFO] - Extraction detection metrics - F1: 0.704, Precision: 0.686, Recall: 0.799, Detected-Cells: 5623
[37m2024-06-25 06:04:08,398 [INFO] - Training epoch stats:     Loss: 0.3832 - F1-Score: 0.8779 - Accuracy-Score: 0.8415 - AUROC: 0.9121 - AP: 0.9394
[37m2024-06-25 06:04:08,818 [INFO] - Validation epoch stats:   Loss: 0.4774 - F1-Score: 0.8284 - Accuracy-Score: 0.7880 - AUROC: 0.8610 - AP: 0.9130
[37m2024-06-25 06:04:08,870 [INFO] - Epoch: 29/50
[37m2024-06-25 06:04:08,871 [INFO] - Extracting training cells
[37m2024-06-25 06:04:27,909 [INFO] - Extraction detection metrics - F1: 0.715, Precision: 0.704, Recall: 0.801, Detected-Cells: 5877
[37m2024-06-25 06:04:28,095 [INFO] - Training epoch stats:     Loss: 0.3678 - F1-Score: 0.8857 - Accuracy-Score: 0.8516 - AUROC: 0.9202 - AP: 0.9466
[37m2024-06-25 06:04:28,416 [INFO] - Validation epoch stats:   Loss: 0.4775 - F1-Score: 0.8283 - Accuracy-Score: 0.7883 - AUROC: 0.8610 - AP: 0.9130
[37m2024-06-25 06:04:28,479 [INFO] - Epoch: 30/50
[37m2024-06-25 06:04:28,480 [INFO] - Extracting training cells
[37m2024-06-25 06:04:49,311 [INFO] - Extraction detection metrics - F1: 0.711, Precision: 0.689, Recall: 0.803, Detected-Cells: 5644
[37m2024-06-25 06:04:49,524 [INFO] - Training epoch stats:     Loss: 0.3778 - F1-Score: 0.8820 - Accuracy-Score: 0.8418 - AUROC: 0.9075 - AP: 0.9448
[37m2024-06-25 06:04:49,914 [INFO] - Validation epoch stats:   Loss: 0.4753 - F1-Score: 0.8284 - Accuracy-Score: 0.7882 - AUROC: 0.8614 - AP: 0.9132
[37m2024-06-25 06:04:49,914 [INFO] - Performing early stopping!
[37m2024-06-25 06:04:49,920 [INFO] - Finished run 06jxshly
