[37m2024-08-11 19:39:47,637 [INFO] - Instantiated Logger. WandB init and config update finished.
[37m2024-08-11 19:39:47,639 [INFO] - Run ist stored here: /cellvit/logs_paper/Head-Evaluation/ocelot/Virchow/Amount/No-Aug/5/Seed-2/2024-08-11T193938_CellViT-Virchow-5Percent
[37m2024-08-11 19:39:47,708 [INFO] - Cuda devices: [<torch.cuda.device object at 0x7f6064517040>]
[37m2024-08-11 19:39:47,713 [INFO] - Using GPU: cuda:0
[37m2024-08-11 19:39:47,718 [INFO] - Using device: cuda:0
[37m2024-08-11 19:39:47,724 [INFO] - Loss function:
[37m2024-08-11 19:39:47,729 [INFO] - CrossEntropyLoss()
[37m2024-08-11 19:40:05,178 [INFO] - <All keys matched successfully>
[37m2024-08-11 19:40:10,219 [INFO] -
==========================================================================================
Layer (type:depth-idx)                   Output Shape              Param #
==========================================================================================
LinearClassifier                         [1, 2]                    --
├─Linear: 1-1                            [1, 128]                  163,968
├─ReLU: 1-2                              [1, 128]                  --
├─Dropout: 1-3                           [1, 128]                  --
├─Linear: 1-4                            [1, 2]                    258
==========================================================================================
Total params: 164,226
Trainable params: 164,226
Non-trainable params: 0
Total mult-adds (M): 0.16
==========================================================================================
Input size (MB): 0.01
Forward/backward pass size (MB): 0.00
Params size (MB): 0.66
Estimated Total Size (MB): 0.66
==========================================================================================
[37m2024-08-11 19:40:10,222 [INFO] - Loaded AdamW Optimizer with following hyperparameters:
[37m2024-08-11 19:40:10,228 [INFO] - {'betas': [0.85, 0.9], 'lr': 0.0004303882065443299, 'weight_decay': 0.0006034678620960006}
[37m2024-08-11 19:40:10,234 [INFO] - Using early stopping with a range of 20 and maximize strategy
[37m2024-08-11 19:40:10,254 [INFO] - Caching datasets
[37m2024-08-11 19:40:12,286 [INFO] - Instantiate Trainer
[37m2024-08-11 19:40:12,293 [INFO] - Calling Trainer Fit
[37m2024-08-11 19:40:12,299 [INFO] - Dataset is cached after first epoch
[37m2024-08-11 19:40:12,306 [INFO] - Starting training, total number of epochs: 50
[37m2024-08-11 19:40:12,312 [INFO] - Epoch: 1/50
[37m2024-08-11 19:40:12,907 [INFO] - Loaded dataset from cache: /OCELOT-Orig/cache/e9314d76c2e1129f38e6fcb5b3ac71974840f657ccba7d21b407b8fa36ddadce.h5
[37m2024-08-11 19:40:13,388 [INFO] - Training epoch stats:     Loss: 0.4861 - F1-Score: 0.8046 - Accuracy-Score: 0.8279 - AUROC: 0.9203 - AP: 0.9046
[37m2024-08-11 19:40:19,509 [INFO] - Loaded dataset from cache: /OCELOT-Orig/cache/b9c748f76a42e9a5b6619f0756b1e70745a509b6263a3cac0bf6f7cad71394d3.h5
[37m2024-08-11 19:40:19,960 [INFO] - Validation epoch stats:   Loss: 0.5802 - F1-Score: 0.6823 - Accuracy-Score: 0.6795 - AUROC: 0.8816 - AP: 0.9201
[37m2024-08-11 19:40:19,970 [INFO] - New best model - save checkpoint
[37m2024-08-11 19:40:20,185 [INFO] - Epoch: 2/50
[37m2024-08-11 19:40:20,317 [INFO] - Training epoch stats:     Loss: 0.2280 - F1-Score: 0.9178 - Accuracy-Score: 0.9280 - AUROC: 0.9802 - AP: 0.9754
[37m2024-08-11 19:40:20,758 [INFO] - Validation epoch stats:   Loss: 0.5319 - F1-Score: 0.7614 - Accuracy-Score: 0.7421 - AUROC: 0.8909 - AP: 0.9281
[37m2024-08-11 19:40:20,764 [INFO] - New best model - save checkpoint
[37m2024-08-11 19:40:20,965 [INFO] - Epoch: 3/50
[37m2024-08-11 19:40:21,089 [INFO] - Training epoch stats:     Loss: 0.1626 - F1-Score: 0.9315 - Accuracy-Score: 0.9399 - AUROC: 0.9858 - AP: 0.9818
[37m2024-08-11 19:40:21,562 [INFO] - Validation epoch stats:   Loss: 0.6009 - F1-Score: 0.7335 - Accuracy-Score: 0.7212 - AUROC: 0.8942 - AP: 0.9326
[37m2024-08-11 19:40:21,573 [INFO] - New best model - save checkpoint
[37m2024-08-11 19:40:21,832 [INFO] - Epoch: 4/50
[37m2024-08-11 19:40:21,955 [INFO] - Training epoch stats:     Loss: 0.1364 - F1-Score: 0.9371 - Accuracy-Score: 0.9452 - AUROC: 0.9893 - AP: 0.9863
[37m2024-08-11 19:40:22,385 [INFO] - Validation epoch stats:   Loss: 0.5910 - F1-Score: 0.7603 - Accuracy-Score: 0.7429 - AUROC: 0.8948 - AP: 0.9343
[37m2024-08-11 19:40:22,402 [INFO] - New best model - save checkpoint
[37m2024-08-11 19:40:22,582 [INFO] - Epoch: 5/50
[37m2024-08-11 19:40:22,707 [INFO] - Training epoch stats:     Loss: 0.1201 - F1-Score: 0.9446 - Accuracy-Score: 0.9513 - AUROC: 0.9922 - AP: 0.9899
[37m2024-08-11 19:40:23,126 [INFO] - Validation epoch stats:   Loss: 0.6504 - F1-Score: 0.7390 - Accuracy-Score: 0.7264 - AUROC: 0.8947 - AP: 0.9354
[37m2024-08-11 19:40:23,188 [INFO] - Epoch: 6/50
[37m2024-08-11 19:40:23,310 [INFO] - Training epoch stats:     Loss: 0.1091 - F1-Score: 0.9496 - Accuracy-Score: 0.9563 - AUROC: 0.9935 - AP: 0.9916
[37m2024-08-11 19:40:23,749 [INFO] - Validation epoch stats:   Loss: 0.6377 - F1-Score: 0.7553 - Accuracy-Score: 0.7391 - AUROC: 0.8926 - AP: 0.9346
[37m2024-08-11 19:40:23,808 [INFO] - Epoch: 7/50
[37m2024-08-11 19:40:23,931 [INFO] - Training epoch stats:     Loss: 0.0970 - F1-Score: 0.9562 - Accuracy-Score: 0.9616 - AUROC: 0.9948 - AP: 0.9933
[37m2024-08-11 19:40:24,365 [INFO] - Validation epoch stats:   Loss: 0.6931 - F1-Score: 0.7374 - Accuracy-Score: 0.7250 - AUROC: 0.8915 - AP: 0.9344
[37m2024-08-11 19:40:24,427 [INFO] - Epoch: 8/50
[37m2024-08-11 19:40:24,548 [INFO] - Training epoch stats:     Loss: 0.0925 - F1-Score: 0.9573 - Accuracy-Score: 0.9628 - AUROC: 0.9954 - AP: 0.9941
[37m2024-08-11 19:40:24,967 [INFO] - Validation epoch stats:   Loss: 0.6454 - F1-Score: 0.7693 - Accuracy-Score: 0.7503 - AUROC: 0.8903 - AP: 0.9335
[37m2024-08-11 19:40:25,031 [INFO] - Epoch: 9/50
[37m2024-08-11 19:40:25,154 [INFO] - Training epoch stats:     Loss: 0.0873 - F1-Score: 0.9616 - Accuracy-Score: 0.9665 - AUROC: 0.9961 - AP: 0.9950
[37m2024-08-11 19:40:25,574 [INFO] - Validation epoch stats:   Loss: 0.6950 - F1-Score: 0.7540 - Accuracy-Score: 0.7378 - AUROC: 0.8887 - AP: 0.9324
[37m2024-08-11 19:40:25,633 [INFO] - Epoch: 10/50
[37m2024-08-11 19:40:25,751 [INFO] - Training epoch stats:     Loss: 0.0818 - F1-Score: 0.9636 - Accuracy-Score: 0.9681 - AUROC: 0.9966 - AP: 0.9956
[37m2024-08-11 19:40:26,180 [INFO] - Validation epoch stats:   Loss: 0.7107 - F1-Score: 0.7537 - Accuracy-Score: 0.7374 - AUROC: 0.8871 - AP: 0.9319
[37m2024-08-11 19:40:26,244 [INFO] - Epoch: 11/50
[37m2024-08-11 19:40:26,365 [INFO] - Training epoch stats:     Loss: 0.0747 - F1-Score: 0.9696 - Accuracy-Score: 0.9734 - AUROC: 0.9972 - AP: 0.9963
[37m2024-08-11 19:40:26,792 [INFO] - Validation epoch stats:   Loss: 0.7382 - F1-Score: 0.7490 - Accuracy-Score: 0.7338 - AUROC: 0.8865 - AP: 0.9314
[37m2024-08-11 19:40:26,858 [INFO] - Epoch: 12/50
[37m2024-08-11 19:40:26,974 [INFO] - Training epoch stats:     Loss: 0.0736 - F1-Score: 0.9710 - Accuracy-Score: 0.9747 - AUROC: 0.9973 - AP: 0.9965
[37m2024-08-11 19:40:27,394 [INFO] - Validation epoch stats:   Loss: 0.7170 - F1-Score: 0.7631 - Accuracy-Score: 0.7443 - AUROC: 0.8854 - AP: 0.9307
[37m2024-08-11 19:40:27,538 [INFO] - Epoch: 13/50
[37m2024-08-11 19:40:27,659 [INFO] - Training epoch stats:     Loss: 0.0701 - F1-Score: 0.9695 - Accuracy-Score: 0.9734 - AUROC: 0.9976 - AP: 0.9968
[37m2024-08-11 19:40:28,076 [INFO] - Validation epoch stats:   Loss: 0.7889 - F1-Score: 0.7413 - Accuracy-Score: 0.7270 - AUROC: 0.8821 - AP: 0.9289
[37m2024-08-11 19:40:28,236 [INFO] - Epoch: 14/50
[37m2024-08-11 19:40:28,361 [INFO] - Training epoch stats:     Loss: 0.0675 - F1-Score: 0.9758 - Accuracy-Score: 0.9787 - AUROC: 0.9980 - AP: 0.9974
[37m2024-08-11 19:40:28,789 [INFO] - Validation epoch stats:   Loss: 0.7964 - F1-Score: 0.7432 - Accuracy-Score: 0.7284 - AUROC: 0.8817 - AP: 0.9283
[37m2024-08-11 19:40:28,865 [INFO] - Epoch: 15/50
[37m2024-08-11 19:40:28,988 [INFO] - Training epoch stats:     Loss: 0.0616 - F1-Score: 0.9775 - Accuracy-Score: 0.9804 - AUROC: 0.9982 - AP: 0.9977
[37m2024-08-11 19:40:29,414 [INFO] - Validation epoch stats:   Loss: 0.7817 - F1-Score: 0.7539 - Accuracy-Score: 0.7368 - AUROC: 0.8821 - AP: 0.9283
[37m2024-08-11 19:40:29,478 [INFO] - Epoch: 16/50
[37m2024-08-11 19:40:29,595 [INFO] - Training epoch stats:     Loss: 0.0593 - F1-Score: 0.9794 - Accuracy-Score: 0.9820 - AUROC: 0.9984 - AP: 0.9979
[37m2024-08-11 19:40:30,020 [INFO] - Validation epoch stats:   Loss: 0.7811 - F1-Score: 0.7587 - Accuracy-Score: 0.7405 - AUROC: 0.8813 - AP: 0.9282
[37m2024-08-11 19:40:30,081 [INFO] - Epoch: 17/50
[37m2024-08-11 19:40:30,209 [INFO] - Training epoch stats:     Loss: 0.0580 - F1-Score: 0.9785 - Accuracy-Score: 0.9812 - AUROC: 0.9985 - AP: 0.9981
[37m2024-08-11 19:40:30,639 [INFO] - Validation epoch stats:   Loss: 0.8225 - F1-Score: 0.7465 - Accuracy-Score: 0.7306 - AUROC: 0.8798 - AP: 0.9271
[37m2024-08-11 19:40:30,706 [INFO] - Epoch: 18/50
[37m2024-08-11 19:40:30,847 [INFO] - Training epoch stats:     Loss: 0.0547 - F1-Score: 0.9790 - Accuracy-Score: 0.9816 - AUROC: 0.9988 - AP: 0.9984
[37m2024-08-11 19:40:31,290 [INFO] - Validation epoch stats:   Loss: 0.8191 - F1-Score: 0.7530 - Accuracy-Score: 0.7357 - AUROC: 0.8796 - AP: 0.9270
[37m2024-08-11 19:40:31,436 [INFO] - Epoch: 19/50
[37m2024-08-11 19:40:31,560 [INFO] - Training epoch stats:     Loss: 0.0521 - F1-Score: 0.9822 - Accuracy-Score: 0.9845 - AUROC: 0.9989 - AP: 0.9986
[37m2024-08-11 19:40:32,303 [INFO] - Validation epoch stats:   Loss: 0.8320 - F1-Score: 0.7535 - Accuracy-Score: 0.7362 - AUROC: 0.8787 - AP: 0.9265
[37m2024-08-11 19:40:32,384 [INFO] - Epoch: 20/50
[37m2024-08-11 19:40:32,503 [INFO] - Training epoch stats:     Loss: 0.0506 - F1-Score: 0.9827 - Accuracy-Score: 0.9849 - AUROC: 0.9990 - AP: 0.9987
[37m2024-08-11 19:40:32,932 [INFO] - Validation epoch stats:   Loss: 0.8435 - F1-Score: 0.7530 - Accuracy-Score: 0.7357 - AUROC: 0.8779 - AP: 0.9259
[37m2024-08-11 19:40:32,998 [INFO] - Epoch: 21/50
[37m2024-08-11 19:40:33,125 [INFO] - Training epoch stats:     Loss: 0.0503 - F1-Score: 0.9827 - Accuracy-Score: 0.9849 - AUROC: 0.9991 - AP: 0.9988
[37m2024-08-11 19:40:33,550 [INFO] - Validation epoch stats:   Loss: 0.8926 - F1-Score: 0.7392 - Accuracy-Score: 0.7250 - AUROC: 0.8772 - AP: 0.9255
[37m2024-08-11 19:40:33,617 [INFO] - Epoch: 22/50
[37m2024-08-11 19:40:33,737 [INFO] - Training epoch stats:     Loss: 0.0475 - F1-Score: 0.9836 - Accuracy-Score: 0.9857 - AUROC: 0.9992 - AP: 0.9990
[37m2024-08-11 19:40:34,154 [INFO] - Validation epoch stats:   Loss: 0.8601 - F1-Score: 0.7534 - Accuracy-Score: 0.7358 - AUROC: 0.8767 - AP: 0.9252
[37m2024-08-11 19:40:34,217 [INFO] - Epoch: 23/50
[37m2024-08-11 19:40:34,342 [INFO] - Training epoch stats:     Loss: 0.0461 - F1-Score: 0.9860 - Accuracy-Score: 0.9877 - AUROC: 0.9993 - AP: 0.9990
[37m2024-08-11 19:40:34,758 [INFO] - Validation epoch stats:   Loss: 0.8685 - F1-Score: 0.7528 - Accuracy-Score: 0.7350 - AUROC: 0.8759 - AP: 0.9244
[37m2024-08-11 19:40:34,820 [INFO] - Epoch: 24/50
[37m2024-08-11 19:40:34,942 [INFO] - Training epoch stats:     Loss: 0.0458 - F1-Score: 0.9865 - Accuracy-Score: 0.9881 - AUROC: 0.9993 - AP: 0.9990
[37m2024-08-11 19:40:35,377 [INFO] - Validation epoch stats:   Loss: 0.9055 - F1-Score: 0.7440 - Accuracy-Score: 0.7284 - AUROC: 0.8754 - AP: 0.9243
[37m2024-08-11 19:40:35,382 [INFO] - Performing early stopping!
[37m2024-08-11 19:40:35,389 [INFO] - Finished run 0jq70cor
