[37m2024-06-28 09:23:26,964 [INFO] - Instantiated Logger. WandB init and config update finished.
[37m2024-06-28 09:23:26,966 [INFO] - Run ist stored here: /cellvit/logs_paper/Head-Evaluation/CoNSeP/SAM-H/Amount-DA/2024-06-28T092317_Amount-15-Seed-3
[37m2024-06-28 09:23:27,029 [INFO] - Cuda devices: [<torch.cuda.device object at 0x7fe285b90820>]
[37m2024-06-28 09:23:27,030 [INFO] - Using GPU: cuda:0
[37m2024-06-28 09:23:27,035 [INFO] - Using device: cuda:0
[37m2024-06-28 09:23:27,041 [INFO] - Loss function:
[37m2024-06-28 09:23:27,046 [INFO] - CrossEntropyLoss()
[37m2024-06-28 09:23:43,978 [INFO] - <All keys matched successfully>
[37m2024-06-28 09:23:45,059 [INFO] -
==========================================================================================
Layer (type:depth-idx)                   Output Shape              Param #
==========================================================================================
LinearClassifier                         [1, 4]                    --
├─Linear: 1-1                            [1, 128]                  163,968
├─ReLU: 1-2                              [1, 128]                  --
├─Dropout: 1-3                           [1, 128]                  --
├─Linear: 1-4                            [1, 4]                    516
==========================================================================================
Total params: 164,484
Trainable params: 164,484
Non-trainable params: 0
Total mult-adds (M): 0.16
==========================================================================================
Input size (MB): 0.01
Forward/backward pass size (MB): 0.00
Params size (MB): 0.66
Estimated Total Size (MB): 0.66
==========================================================================================
[37m2024-06-28 09:23:45,060 [INFO] - Loaded AdamW Optimizer with following hyperparameters:
[37m2024-06-28 09:23:45,066 [INFO] - {'betas': [0.85, 0.9], 'lr': 0.0005, 'weight_decay': 0.0005}
[37m2024-06-28 09:23:45,072 [INFO] - Using early stopping with a range of 20 and maximize strategy
[37m2024-06-28 09:23:45,089 [INFO] - Caching datasets
[37m2024-06-28 09:23:46,286 [INFO] - Instantiate Trainer
[37m2024-06-28 09:23:46,290 [INFO] - Calling Trainer Fit
[37m2024-06-28 09:23:46,291 [INFO] - Starting training, total number of epochs: 50
[37m2024-06-28 09:23:46,296 [INFO] - Epoch: 1/50
[37m2024-06-28 09:23:46,302 [INFO] - Extracting training cells
[37m2024-06-28 09:24:02,861 [INFO] - Extraction detection metrics - F1: 0.769, Precision: 0.847, Recall: 0.722, Detected-Cells: 6543
[37m2024-06-28 09:24:03,194 [INFO] - Training epoch stats:     Loss: 0.4494 - F1-Score: 0.8378 - Accuracy-Score: 0.8378 - AUROC: 0.9239 - AP: 0.7468
[37m2024-06-28 09:24:04,401 [INFO] - Loaded dataset from cache: /Consep/cache/1f728da27af6daed7b166ce5447f5dec18916e3679cb7b74ddaefb4a67df10d2.h5
[37m2024-06-28 09:24:04,522 [INFO] - Validation epoch stats:   Loss: 0.4668 - F1-Score: 0.8390 - Accuracy-Score: 0.8390 - AUROC: 0.9035 - AP: 0.6801
[37m2024-06-28 09:24:04,523 [INFO] - New best model - save checkpoint
[37m2024-06-28 09:24:04,657 [INFO] - Epoch: 2/50
[37m2024-06-28 09:24:04,658 [INFO] - Extracting training cells
[37m2024-06-28 09:24:16,340 [INFO] - Extraction detection metrics - F1: 0.774, Precision: 0.868, Recall: 0.721, Detected-Cells: 7516
[37m2024-06-28 09:24:16,643 [INFO] - Training epoch stats:     Loss: 0.2534 - F1-Score: 0.9062 - Accuracy-Score: 0.9062 - AUROC: 0.9771 - AP: 0.9084
[37m2024-06-28 09:24:16,777 [INFO] - Validation epoch stats:   Loss: 0.3633 - F1-Score: 0.8694 - Accuracy-Score: 0.8694 - AUROC: 0.9643 - AP: 0.8557
[37m2024-06-28 09:24:16,778 [INFO] - New best model - save checkpoint
[37m2024-06-28 09:24:16,926 [INFO] - Epoch: 3/50
[37m2024-06-28 09:24:16,927 [INFO] - Extracting training cells
[37m2024-06-28 09:24:28,117 [INFO] - Extraction detection metrics - F1: 0.772, Precision: 0.851, Recall: 0.725, Detected-Cells: 7069
[37m2024-06-28 09:24:28,406 [INFO] - Training epoch stats:     Loss: 0.2384 - F1-Score: 0.9129 - Accuracy-Score: 0.9129 - AUROC: 0.9822 - AP: 0.9353
[37m2024-06-28 09:24:28,546 [INFO] - Validation epoch stats:   Loss: 0.3377 - F1-Score: 0.8651 - Accuracy-Score: 0.8651 - AUROC: 0.9671 - AP: 0.8592
[37m2024-06-28 09:24:28,547 [INFO] - New best model - save checkpoint
[37m2024-06-28 09:24:28,702 [INFO] - Epoch: 4/50
[37m2024-06-28 09:24:28,702 [INFO] - Extracting training cells
[37m2024-06-28 09:24:41,880 [INFO] - Extraction detection metrics - F1: 0.755, Precision: 0.847, Recall: 0.699, Detected-Cells: 6633
[37m2024-06-28 09:24:42,136 [INFO] - Training epoch stats:     Loss: 0.3918 - F1-Score: 0.8569 - Accuracy-Score: 0.8569 - AUROC: 0.9662 - AP: 0.8914
[37m2024-06-28 09:24:42,271 [INFO] - Validation epoch stats:   Loss: 0.3767 - F1-Score: 0.8563 - Accuracy-Score: 0.8563 - AUROC: 0.9641 - AP: 0.8537
[37m2024-06-28 09:24:42,324 [INFO] - Epoch: 5/50
[37m2024-06-28 09:24:42,324 [INFO] - Extracting training cells
[37m2024-06-28 09:24:53,500 [INFO] - Extraction detection metrics - F1: 0.777, Precision: 0.845, Recall: 0.735, Detected-Cells: 7548
[37m2024-06-28 09:24:53,785 [INFO] - Training epoch stats:     Loss: 0.2338 - F1-Score: 0.9087 - Accuracy-Score: 0.9087 - AUROC: 0.9824 - AP: 0.9201
[37m2024-06-28 09:24:53,925 [INFO] - Validation epoch stats:   Loss: 0.3826 - F1-Score: 0.8581 - Accuracy-Score: 0.8581 - AUROC: 0.9656 - AP: 0.8568
[37m2024-06-28 09:24:53,980 [INFO] - Epoch: 6/50
[37m2024-06-28 09:24:53,981 [INFO] - Extracting training cells
[37m2024-06-28 09:25:05,359 [INFO] - Extraction detection metrics - F1: 0.786, Precision: 0.852, Recall: 0.743, Detected-Cells: 7541
[37m2024-06-28 09:25:05,647 [INFO] - Training epoch stats:     Loss: 0.2086 - F1-Score: 0.9199 - Accuracy-Score: 0.9199 - AUROC: 0.9868 - AP: 0.9493
[37m2024-06-28 09:25:05,783 [INFO] - Validation epoch stats:   Loss: 0.3501 - F1-Score: 0.8697 - Accuracy-Score: 0.8697 - AUROC: 0.9682 - AP: 0.8663
[37m2024-06-28 09:25:05,784 [INFO] - New best model - save checkpoint
[37m2024-06-28 09:25:05,942 [INFO] - Epoch: 7/50
[37m2024-06-28 09:25:05,942 [INFO] - Extracting training cells
[37m2024-06-28 09:25:18,014 [INFO] - Extraction detection metrics - F1: 0.778, Precision: 0.851, Recall: 0.732, Detected-Cells: 7138
[37m2024-06-28 09:25:18,244 [INFO] - Training epoch stats:     Loss: 0.2203 - F1-Score: 0.9165 - Accuracy-Score: 0.9165 - AUROC: 0.9872 - AP: 0.9546
[37m2024-06-28 09:25:18,352 [INFO] - Validation epoch stats:   Loss: 0.3298 - F1-Score: 0.8694 - Accuracy-Score: 0.8694 - AUROC: 0.9710 - AP: 0.8715
[37m2024-06-28 09:25:18,352 [INFO] - New best model - save checkpoint
[37m2024-06-28 09:25:18,503 [INFO] - Epoch: 8/50
[37m2024-06-28 09:25:18,504 [INFO] - Extracting training cells
[37m2024-06-28 09:25:29,462 [INFO] - Extraction detection metrics - F1: 0.781, Precision: 0.858, Recall: 0.728, Detected-Cells: 7305
[37m2024-06-28 09:25:29,762 [INFO] - Training epoch stats:     Loss: 0.1878 - F1-Score: 0.9285 - Accuracy-Score: 0.9285 - AUROC: 0.9898 - AP: 0.9658
[37m2024-06-28 09:25:29,897 [INFO] - Validation epoch stats:   Loss: 0.3295 - F1-Score: 0.8725 - Accuracy-Score: 0.8725 - AUROC: 0.9698 - AP: 0.8680
[37m2024-06-28 09:25:29,962 [INFO] - Epoch: 9/50
[37m2024-06-28 09:25:29,963 [INFO] - Extracting training cells
[37m2024-06-28 09:25:41,935 [INFO] - Extraction detection metrics - F1: 0.769, Precision: 0.845, Recall: 0.725, Detected-Cells: 6826
[37m2024-06-28 09:25:42,352 [INFO] - Training epoch stats:     Loss: 0.2784 - F1-Score: 0.8904 - Accuracy-Score: 0.8904 - AUROC: 0.9798 - AP: 0.9345
[37m2024-06-28 09:25:42,483 [INFO] - Validation epoch stats:   Loss: 0.3431 - F1-Score: 0.8678 - Accuracy-Score: 0.8678 - AUROC: 0.9669 - AP: 0.8667
[37m2024-06-28 09:25:42,542 [INFO] - Epoch: 10/50
[37m2024-06-28 09:25:42,542 [INFO] - Extracting training cells
[37m2024-06-28 09:25:53,295 [INFO] - Extraction detection metrics - F1: 0.758, Precision: 0.839, Recall: 0.710, Detected-Cells: 6944
[37m2024-06-28 09:25:53,556 [INFO] - Training epoch stats:     Loss: 0.3099 - F1-Score: 0.8858 - Accuracy-Score: 0.8858 - AUROC: 0.9760 - AP: 0.9303
[37m2024-06-28 09:25:53,699 [INFO] - Validation epoch stats:   Loss: 0.3519 - F1-Score: 0.8654 - Accuracy-Score: 0.8654 - AUROC: 0.9643 - AP: 0.8625
[37m2024-06-28 09:25:53,762 [INFO] - Epoch: 11/50
[37m2024-06-28 09:25:53,763 [INFO] - Extracting training cells
[37m2024-06-28 09:26:05,470 [INFO] - Extraction detection metrics - F1: 0.785, Precision: 0.859, Recall: 0.738, Detected-Cells: 7023
[37m2024-06-28 09:26:05,704 [INFO] - Training epoch stats:     Loss: 0.2417 - F1-Score: 0.9016 - Accuracy-Score: 0.9016 - AUROC: 0.9831 - AP: 0.9350
[37m2024-06-28 09:26:05,821 [INFO] - Validation epoch stats:   Loss: 0.3704 - F1-Score: 0.8565 - Accuracy-Score: 0.8565 - AUROC: 0.9659 - AP: 0.8623
[37m2024-06-28 09:26:05,875 [INFO] - Epoch: 12/50
[37m2024-06-28 09:26:05,876 [INFO] - Extracting training cells
[37m2024-06-28 09:26:18,457 [INFO] - Extraction detection metrics - F1: 0.758, Precision: 0.836, Recall: 0.707, Detected-Cells: 7296
[37m2024-06-28 09:26:18,721 [INFO] - Training epoch stats:     Loss: 0.1925 - F1-Score: 0.9263 - Accuracy-Score: 0.9263 - AUROC: 0.9896 - AP: 0.9560
[37m2024-06-28 09:26:18,863 [INFO] - Validation epoch stats:   Loss: 0.3638 - F1-Score: 0.8558 - Accuracy-Score: 0.8558 - AUROC: 0.9719 - AP: 0.8792
[37m2024-06-28 09:26:18,864 [INFO] - New best model - save checkpoint
[37m2024-06-28 09:26:19,017 [INFO] - Epoch: 13/50
[37m2024-06-28 09:26:19,017 [INFO] - Extracting training cells
[37m2024-06-28 09:26:31,222 [INFO] - Extraction detection metrics - F1: 0.773, Precision: 0.856, Recall: 0.720, Detected-Cells: 7382
[37m2024-06-28 09:26:31,442 [INFO] - Training epoch stats:     Loss: 0.1597 - F1-Score: 0.9359 - Accuracy-Score: 0.9359 - AUROC: 0.9928 - AP: 0.9767
[37m2024-06-28 09:26:31,564 [INFO] - Validation epoch stats:   Loss: 0.3391 - F1-Score: 0.8683 - Accuracy-Score: 0.8683 - AUROC: 0.9710 - AP: 0.8743
[37m2024-06-28 09:26:31,623 [INFO] - Epoch: 14/50
[37m2024-06-28 09:26:31,624 [INFO] - Extracting training cells
[37m2024-06-28 09:26:43,147 [INFO] - Extraction detection metrics - F1: 0.787, Precision: 0.855, Recall: 0.747, Detected-Cells: 7504
[37m2024-06-28 09:26:43,418 [INFO] - Training epoch stats:     Loss: 0.1612 - F1-Score: 0.9379 - Accuracy-Score: 0.9379 - AUROC: 0.9908 - AP: 0.9619
[37m2024-06-28 09:26:43,549 [INFO] - Validation epoch stats:   Loss: 0.3516 - F1-Score: 0.8613 - Accuracy-Score: 0.8613 - AUROC: 0.9690 - AP: 0.8679
[37m2024-06-28 09:26:43,607 [INFO] - Epoch: 15/50
[37m2024-06-28 09:26:43,608 [INFO] - Extracting training cells
[37m2024-06-28 09:26:55,666 [INFO] - Extraction detection metrics - F1: 0.775, Precision: 0.861, Recall: 0.724, Detected-Cells: 7418
[37m2024-06-28 09:26:55,977 [INFO] - Training epoch stats:     Loss: 0.1599 - F1-Score: 0.9388 - Accuracy-Score: 0.9388 - AUROC: 0.9919 - AP: 0.9704
[37m2024-06-28 09:26:56,125 [INFO] - Validation epoch stats:   Loss: 0.3505 - F1-Score: 0.8649 - Accuracy-Score: 0.8649 - AUROC: 0.9678 - AP: 0.8646
[37m2024-06-28 09:26:56,188 [INFO] - Epoch: 16/50
[37m2024-06-28 09:26:56,189 [INFO] - Extracting training cells
[37m2024-06-28 09:27:07,541 [INFO] - Extraction detection metrics - F1: 0.775, Precision: 0.846, Recall: 0.730, Detected-Cells: 7442
[37m2024-06-28 09:27:07,834 [INFO] - Training epoch stats:     Loss: 0.1684 - F1-Score: 0.9343 - Accuracy-Score: 0.9343 - AUROC: 0.9912 - AP: 0.9580
[37m2024-06-28 09:27:08,169 [INFO] - Validation epoch stats:   Loss: 0.3603 - F1-Score: 0.8606 - Accuracy-Score: 0.8606 - AUROC: 0.9658 - AP: 0.8616
[37m2024-06-28 09:27:08,223 [INFO] - Epoch: 17/50
[37m2024-06-28 09:27:08,224 [INFO] - Extracting training cells
[37m2024-06-28 09:27:20,570 [INFO] - Extraction detection metrics - F1: 0.772, Precision: 0.861, Recall: 0.717, Detected-Cells: 7219
[37m2024-06-28 09:27:20,862 [INFO] - Training epoch stats:     Loss: 0.2753 - F1-Score: 0.8958 - Accuracy-Score: 0.8958 - AUROC: 0.9826 - AP: 0.9512
[37m2024-06-28 09:27:20,980 [INFO] - Validation epoch stats:   Loss: 0.3613 - F1-Score: 0.8629 - Accuracy-Score: 0.8629 - AUROC: 0.9659 - AP: 0.8615
[37m2024-06-28 09:27:21,038 [INFO] - Epoch: 18/50
[37m2024-06-28 09:27:21,038 [INFO] - Extracting training cells
[37m2024-06-28 09:27:32,236 [INFO] - Extraction detection metrics - F1: 0.793, Precision: 0.853, Recall: 0.755, Detected-Cells: 7339
[37m2024-06-28 09:27:32,478 [INFO] - Training epoch stats:     Loss: 0.1865 - F1-Score: 0.9240 - Accuracy-Score: 0.9240 - AUROC: 0.9907 - AP: 0.9685
[37m2024-06-28 09:27:32,614 [INFO] - Validation epoch stats:   Loss: 0.3601 - F1-Score: 0.8618 - Accuracy-Score: 0.8618 - AUROC: 0.9641 - AP: 0.8601
[37m2024-06-28 09:27:32,678 [INFO] - Epoch: 19/50
[37m2024-06-28 09:27:32,678 [INFO] - Extracting training cells
[37m2024-06-28 09:27:44,253 [INFO] - Extraction detection metrics - F1: 0.781, Precision: 0.853, Recall: 0.737, Detected-Cells: 7558
[37m2024-06-28 09:27:44,534 [INFO] - Training epoch stats:     Loss: 0.1623 - F1-Score: 0.9397 - Accuracy-Score: 0.9397 - AUROC: 0.9927 - AP: 0.9750
[37m2024-06-28 09:27:44,669 [INFO] - Validation epoch stats:   Loss: 0.3612 - F1-Score: 0.8625 - Accuracy-Score: 0.8625 - AUROC: 0.9638 - AP: 0.8592
[37m2024-06-28 09:27:44,736 [INFO] - Epoch: 20/50
[37m2024-06-28 09:27:44,737 [INFO] - Extracting training cells
[37m2024-06-28 09:27:55,696 [INFO] - Extraction detection metrics - F1: 0.782, Precision: 0.853, Recall: 0.734, Detected-Cells: 7242
[37m2024-06-28 09:27:55,942 [INFO] - Training epoch stats:     Loss: 0.1548 - F1-Score: 0.9392 - Accuracy-Score: 0.9392 - AUROC: 0.9935 - AP: 0.9763
[37m2024-06-28 09:27:56,056 [INFO] - Validation epoch stats:   Loss: 0.3543 - F1-Score: 0.8737 - Accuracy-Score: 0.8737 - AUROC: 0.9666 - AP: 0.8638
[37m2024-06-28 09:27:56,119 [INFO] - Epoch: 21/50
[37m2024-06-28 09:27:56,120 [INFO] - Extracting training cells
[37m2024-06-28 09:28:06,650 [INFO] - Extraction detection metrics - F1: 0.760, Precision: 0.841, Recall: 0.716, Detected-Cells: 6959
[37m2024-06-28 09:28:06,929 [INFO] - Training epoch stats:     Loss: 0.2632 - F1-Score: 0.9083 - Accuracy-Score: 0.9083 - AUROC: 0.9778 - AP: 0.9098
[37m2024-06-28 09:28:07,064 [INFO] - Validation epoch stats:   Loss: 0.3676 - F1-Score: 0.8702 - Accuracy-Score: 0.8702 - AUROC: 0.9266 - AP: 0.7374
[37m2024-06-28 09:28:07,127 [INFO] - Epoch: 22/50
[37m2024-06-28 09:28:07,128 [INFO] - Extracting training cells
[37m2024-06-28 09:28:18,473 [INFO] - Extraction detection metrics - F1: 0.758, Precision: 0.846, Recall: 0.705, Detected-Cells: 6950
[37m2024-06-28 09:28:18,756 [INFO] - Training epoch stats:     Loss: 0.2175 - F1-Score: 0.9144 - Accuracy-Score: 0.9144 - AUROC: 0.9873 - AP: 0.9693
[37m2024-06-28 09:28:18,907 [INFO] - Validation epoch stats:   Loss: 0.3646 - F1-Score: 0.8641 - Accuracy-Score: 0.8641 - AUROC: 0.9668 - AP: 0.8577
[37m2024-06-28 09:28:18,960 [INFO] - Epoch: 23/50
[37m2024-06-28 09:28:18,961 [INFO] - Extracting training cells
[37m2024-06-28 09:28:31,172 [INFO] - Extraction detection metrics - F1: 0.784, Precision: 0.859, Recall: 0.740, Detected-Cells: 7550
[37m2024-06-28 09:28:31,421 [INFO] - Training epoch stats:     Loss: 0.1380 - F1-Score: 0.9493 - Accuracy-Score: 0.9493 - AUROC: 0.9944 - AP: 0.9782
[37m2024-06-28 09:28:31,533 [INFO] - Validation epoch stats:   Loss: 0.3324 - F1-Score: 0.8764 - Accuracy-Score: 0.8764 - AUROC: 0.9688 - AP: 0.8654
[37m2024-06-28 09:28:31,590 [INFO] - Epoch: 24/50
[37m2024-06-28 09:28:31,591 [INFO] - Extracting training cells
[37m2024-06-28 09:28:44,133 [INFO] - Extraction detection metrics - F1: 0.784, Precision: 0.853, Recall: 0.743, Detected-Cells: 7411
[37m2024-06-28 09:28:44,408 [INFO] - Training epoch stats:     Loss: 0.1461 - F1-Score: 0.9439 - Accuracy-Score: 0.9439 - AUROC: 0.9934 - AP: 0.9797
[37m2024-06-28 09:28:44,542 [INFO] - Validation epoch stats:   Loss: 0.3468 - F1-Score: 0.8742 - Accuracy-Score: 0.8742 - AUROC: 0.9675 - AP: 0.8683
[37m2024-06-28 09:28:44,609 [INFO] - Epoch: 25/50
[37m2024-06-28 09:28:44,609 [INFO] - Extracting training cells
[37m2024-06-28 09:28:55,650 [INFO] - Extraction detection metrics - F1: 0.765, Precision: 0.861, Recall: 0.709, Detected-Cells: 6341
[37m2024-06-28 09:28:55,888 [INFO] - Training epoch stats:     Loss: 0.1686 - F1-Score: 0.9434 - Accuracy-Score: 0.9434 - AUROC: 0.9909 - AP: 0.9698
[37m2024-06-28 09:28:56,022 [INFO] - Validation epoch stats:   Loss: 0.3435 - F1-Score: 0.8737 - Accuracy-Score: 0.8737 - AUROC: 0.9676 - AP: 0.8688
[37m2024-06-28 09:28:56,085 [INFO] - Epoch: 26/50
[37m2024-06-28 09:28:56,086 [INFO] - Extracting training cells
[37m2024-06-28 09:29:07,965 [INFO] - Extraction detection metrics - F1: 0.769, Precision: 0.832, Recall: 0.729, Detected-Cells: 7432
[37m2024-06-28 09:29:08,257 [INFO] - Training epoch stats:     Loss: 0.1382 - F1-Score: 0.9450 - Accuracy-Score: 0.9450 - AUROC: 0.9941 - AP: 0.9849
[37m2024-06-28 09:29:08,394 [INFO] - Validation epoch stats:   Loss: 0.3386 - F1-Score: 0.8761 - Accuracy-Score: 0.8761 - AUROC: 0.9690 - AP: 0.8728
[37m2024-06-28 09:29:08,459 [INFO] - Epoch: 27/50
[37m2024-06-28 09:29:08,460 [INFO] - Extracting training cells
[37m2024-06-28 09:29:19,880 [INFO] - Extraction detection metrics - F1: 0.777, Precision: 0.858, Recall: 0.725, Detected-Cells: 7432
[37m2024-06-28 09:29:20,136 [INFO] - Training epoch stats:     Loss: 0.1386 - F1-Score: 0.9469 - Accuracy-Score: 0.9469 - AUROC: 0.9947 - AP: 0.9797
[37m2024-06-28 09:29:20,256 [INFO] - Validation epoch stats:   Loss: 0.3381 - F1-Score: 0.8747 - Accuracy-Score: 0.8747 - AUROC: 0.9682 - AP: 0.8717
[37m2024-06-28 09:29:20,314 [INFO] - Epoch: 28/50
[37m2024-06-28 09:29:20,315 [INFO] - Extracting training cells
[37m2024-06-28 09:29:31,500 [INFO] - Extraction detection metrics - F1: 0.789, Precision: 0.856, Recall: 0.745, Detected-Cells: 7255
[37m2024-06-28 09:29:31,788 [INFO] - Training epoch stats:     Loss: 0.1808 - F1-Score: 0.9417 - Accuracy-Score: 0.9417 - AUROC: 0.9886 - AP: 0.9708
[37m2024-06-28 09:29:31,971 [INFO] - Validation epoch stats:   Loss: 0.3358 - F1-Score: 0.8720 - Accuracy-Score: 0.8720 - AUROC: 0.9666 - AP: 0.8677
[37m2024-06-28 09:29:32,031 [INFO] - Epoch: 29/50
[37m2024-06-28 09:29:32,031 [INFO] - Extracting training cells
[37m2024-06-28 09:29:43,843 [INFO] - Extraction detection metrics - F1: 0.775, Precision: 0.852, Recall: 0.729, Detected-Cells: 7330
[37m2024-06-28 09:29:44,135 [INFO] - Training epoch stats:     Loss: 0.1774 - F1-Score: 0.9304 - Accuracy-Score: 0.9304 - AUROC: 0.9913 - AP: 0.9725
[37m2024-06-28 09:29:44,272 [INFO] - Validation epoch stats:   Loss: 0.3311 - F1-Score: 0.8738 - Accuracy-Score: 0.8738 - AUROC: 0.9690 - AP: 0.8747
[37m2024-06-28 09:29:44,343 [INFO] - Epoch: 30/50
[37m2024-06-28 09:29:44,344 [INFO] - Extracting training cells
[37m2024-06-28 09:29:55,185 [INFO] - Extraction detection metrics - F1: 0.788, Precision: 0.848, Recall: 0.754, Detected-Cells: 6913
[37m2024-06-28 09:29:55,492 [INFO] - Training epoch stats:     Loss: 0.1490 - F1-Score: 0.9382 - Accuracy-Score: 0.9382 - AUROC: 0.9939 - AP: 0.9833
[37m2024-06-28 09:29:55,629 [INFO] - Validation epoch stats:   Loss: 0.3389 - F1-Score: 0.8754 - Accuracy-Score: 0.8754 - AUROC: 0.9689 - AP: 0.8730
[37m2024-06-28 09:29:55,686 [INFO] - Epoch: 31/50
[37m2024-06-28 09:29:55,687 [INFO] - Extracting training cells
[37m2024-06-28 09:30:07,488 [INFO] - Extraction detection metrics - F1: 0.748, Precision: 0.840, Recall: 0.700, Detected-Cells: 7215
[37m2024-06-28 09:30:07,735 [INFO] - Training epoch stats:     Loss: 0.3026 - F1-Score: 0.9242 - Accuracy-Score: 0.9242 - AUROC: 0.9823 - AP: 0.9355
[37m2024-06-28 09:30:07,848 [INFO] - Validation epoch stats:   Loss: 0.3254 - F1-Score: 0.8781 - Accuracy-Score: 0.8781 - AUROC: 0.9670 - AP: 0.8686
[37m2024-06-28 09:30:07,930 [INFO] - Epoch: 32/50
[37m2024-06-28 09:30:07,931 [INFO] - Extracting training cells
[37m2024-06-28 09:30:19,105 [INFO] - Extraction detection metrics - F1: 0.771, Precision: 0.823, Recall: 0.743, Detected-Cells: 6985
[37m2024-06-28 09:30:19,371 [INFO] - Training epoch stats:     Loss: 0.2176 - F1-Score: 0.9204 - Accuracy-Score: 0.9204 - AUROC: 0.9875 - AP: 0.9708
[37m2024-06-28 09:30:19,487 [INFO] - Validation epoch stats:   Loss: 0.3288 - F1-Score: 0.8761 - Accuracy-Score: 0.8761 - AUROC: 0.9670 - AP: 0.8693
[37m2024-06-28 09:30:19,488 [INFO] - Performing early stopping!
[37m2024-06-28 09:30:19,494 [INFO] - Finished run lax01gc8
