[37m2024-06-28 11:23:37,588 [INFO] - Instantiated Logger. WandB init and config update finished.
[37m2024-06-28 11:23:37,589 [INFO] - Run ist stored here: /cellvit/logs_paper/Head-Evaluation/CoNSeP/SAM-H/Amount-DA/2024-06-28T112328_Amount-5-Seed-5
[37m2024-06-28 11:23:37,663 [INFO] - Cuda devices: [<torch.cuda.device object at 0x7fb7227907f0>]
[37m2024-06-28 11:23:37,664 [INFO] - Using GPU: cuda:0
[37m2024-06-28 11:23:37,669 [INFO] - Using device: cuda:0
[37m2024-06-28 11:23:37,674 [INFO] - Loss function:
[37m2024-06-28 11:23:37,678 [INFO] - CrossEntropyLoss()
[37m2024-06-28 11:24:16,261 [INFO] - <All keys matched successfully>
[37m2024-06-28 11:24:17,633 [INFO] -
==========================================================================================
Layer (type:depth-idx)                   Output Shape              Param #
==========================================================================================
LinearClassifier                         [1, 4]                    --
├─Linear: 1-1                            [1, 128]                  163,968
├─ReLU: 1-2                              [1, 128]                  --
├─Dropout: 1-3                           [1, 128]                  --
├─Linear: 1-4                            [1, 4]                    516
==========================================================================================
Total params: 164,484
Trainable params: 164,484
Non-trainable params: 0
Total mult-adds (M): 0.16
==========================================================================================
Input size (MB): 0.01
Forward/backward pass size (MB): 0.00
Params size (MB): 0.66
Estimated Total Size (MB): 0.66
==========================================================================================
[37m2024-06-28 11:24:17,635 [INFO] - Loaded AdamW Optimizer with following hyperparameters:
[37m2024-06-28 11:24:17,639 [INFO] - {'betas': [0.85, 0.9], 'lr': 0.0005, 'weight_decay': 0.0005}
[37m2024-06-28 11:24:17,644 [INFO] - Using early stopping with a range of 20 and maximize strategy
[37m2024-06-28 11:24:17,658 [INFO] - Caching datasets
[37m2024-06-28 11:24:18,430 [INFO] - Instantiate Trainer
[37m2024-06-28 11:24:18,435 [INFO] - Calling Trainer Fit
[37m2024-06-28 11:24:18,437 [INFO] - Starting training, total number of epochs: 50
[37m2024-06-28 11:24:18,442 [INFO] - Epoch: 1/50
[37m2024-06-28 11:24:18,447 [INFO] - Extracting training cells
[37m2024-06-28 11:24:25,687 [INFO] - Extraction detection metrics - F1: 0.747, Precision: 0.861, Recall: 0.672, Detected-Cells: 1951
[37m2024-06-28 11:24:25,826 [INFO] - Training epoch stats:     Loss: 0.9800 - F1-Score: 0.5725 - Accuracy-Score: 0.5725 - AUROC: 0.7807 - AP: 0.5621
[37m2024-06-28 11:24:27,010 [INFO] - Loaded dataset from cache: /Consep/cache/1f728da27af6daed7b166ce5447f5dec18916e3679cb7b74ddaefb4a67df10d2.h5
[37m2024-06-28 11:24:27,130 [INFO] - Validation epoch stats:   Loss: 0.4463 - F1-Score: 0.8227 - Accuracy-Score: 0.8227 - AUROC: 0.9469 - AP: 0.8341
[37m2024-06-28 11:24:27,130 [INFO] - New best model - save checkpoint
[37m2024-06-28 11:24:27,276 [INFO] - Epoch: 2/50
[37m2024-06-28 11:24:27,278 [INFO] - Extracting training cells
[37m2024-06-28 11:24:31,153 [INFO] - Extraction detection metrics - F1: 0.737, Precision: 0.839, Recall: 0.674, Detected-Cells: 1575
[37m2024-06-28 11:24:31,226 [INFO] - Training epoch stats:     Loss: 0.5800 - F1-Score: 0.8076 - Accuracy-Score: 0.8076 - AUROC: 0.9156 - AP: 0.7083
[37m2024-06-28 11:24:31,358 [INFO] - Validation epoch stats:   Loss: 0.6225 - F1-Score: 0.7609 - Accuracy-Score: 0.7609 - AUROC: 0.9377 - AP: 0.8119
[37m2024-06-28 11:24:31,417 [INFO] - Epoch: 3/50
[37m2024-06-28 11:24:31,417 [INFO] - Extracting training cells
[37m2024-06-28 11:24:35,855 [INFO] - Extraction detection metrics - F1: 0.696, Precision: 0.898, Recall: 0.612, Detected-Cells: 2055
[37m2024-06-28 11:24:35,953 [INFO] - Training epoch stats:     Loss: 0.3453 - F1-Score: 0.8798 - Accuracy-Score: 0.8798 - AUROC: 0.9707 - AP: 0.8941
[37m2024-06-28 11:24:36,085 [INFO] - Validation epoch stats:   Loss: 0.4305 - F1-Score: 0.8390 - Accuracy-Score: 0.8390 - AUROC: 0.9480 - AP: 0.8351
[37m2024-06-28 11:24:36,086 [INFO] - New best model - save checkpoint
[37m2024-06-28 11:24:36,247 [INFO] - Epoch: 4/50
[37m2024-06-28 11:24:36,248 [INFO] - Extracting training cells
[37m2024-06-28 11:24:40,124 [INFO] - Extraction detection metrics - F1: 0.728, Precision: 0.857, Recall: 0.647, Detected-Cells: 1900
[37m2024-06-28 11:24:40,209 [INFO] - Training epoch stats:     Loss: 0.2835 - F1-Score: 0.8953 - Accuracy-Score: 0.8953 - AUROC: 0.9796 - AP: 0.9246
[37m2024-06-28 11:24:40,346 [INFO] - Validation epoch stats:   Loss: 0.4688 - F1-Score: 0.8282 - Accuracy-Score: 0.8282 - AUROC: 0.9502 - AP: 0.8388
[37m2024-06-28 11:24:40,347 [INFO] - New best model - save checkpoint
[37m2024-06-28 11:24:40,528 [INFO] - Epoch: 5/50
[37m2024-06-28 11:24:40,528 [INFO] - Extracting training cells
[37m2024-06-28 11:24:43,791 [INFO] - Extraction detection metrics - F1: 0.691, Precision: 0.835, Recall: 0.599, Detected-Cells: 1156
[37m2024-06-28 11:24:43,845 [INFO] - Training epoch stats:     Loss: 0.5359 - F1-Score: 0.8010 - Accuracy-Score: 0.8010 - AUROC: 0.9375 - AP: 0.7634
[37m2024-06-28 11:24:43,973 [INFO] - Validation epoch stats:   Loss: 0.5528 - F1-Score: 0.7885 - Accuracy-Score: 0.7885 - AUROC: 0.9470 - AP: 0.8373
[37m2024-06-28 11:24:44,033 [INFO] - Epoch: 6/50
[37m2024-06-28 11:24:44,034 [INFO] - Extracting training cells
[37m2024-06-28 11:24:47,889 [INFO] - Extraction detection metrics - F1: 0.768, Precision: 0.876, Recall: 0.701, Detected-Cells: 1881
[37m2024-06-28 11:24:47,968 [INFO] - Training epoch stats:     Loss: 0.6586 - F1-Score: 0.7959 - Accuracy-Score: 0.7959 - AUROC: 0.9263 - AP: 0.8070
[37m2024-06-28 11:24:48,098 [INFO] - Validation epoch stats:   Loss: 0.5459 - F1-Score: 0.7909 - Accuracy-Score: 0.7909 - AUROC: 0.9450 - AP: 0.8277
[37m2024-06-28 11:24:48,149 [INFO] - Epoch: 7/50
[37m2024-06-28 11:24:48,149 [INFO] - Extracting training cells
[37m2024-06-28 11:24:51,701 [INFO] - Extraction detection metrics - F1: 0.655, Precision: 0.792, Recall: 0.578, Detected-Cells: 1412
[37m2024-06-28 11:24:52,005 [INFO] - Training epoch stats:     Loss: 0.4078 - F1-Score: 0.8647 - Accuracy-Score: 0.8647 - AUROC: 0.9592 - AP: 0.8634
[37m2024-06-28 11:24:52,147 [INFO] - Validation epoch stats:   Loss: 0.5961 - F1-Score: 0.7873 - Accuracy-Score: 0.7873 - AUROC: 0.9431 - AP: 0.8248
[37m2024-06-28 11:24:52,217 [INFO] - Epoch: 8/50
[37m2024-06-28 11:24:52,218 [INFO] - Extracting training cells
[37m2024-06-28 11:24:56,596 [INFO] - Extraction detection metrics - F1: 0.739, Precision: 0.889, Recall: 0.666, Detected-Cells: 2066
[37m2024-06-28 11:24:56,673 [INFO] - Training epoch stats:     Loss: 0.2643 - F1-Score: 0.9003 - Accuracy-Score: 0.9003 - AUROC: 0.9827 - AP: 0.9377
[37m2024-06-28 11:24:56,811 [INFO] - Validation epoch stats:   Loss: 0.4454 - F1-Score: 0.8333 - Accuracy-Score: 0.8333 - AUROC: 0.9505 - AP: 0.8399
[37m2024-06-28 11:24:56,812 [INFO] - New best model - save checkpoint
[37m2024-06-28 11:24:56,972 [INFO] - Epoch: 9/50
[37m2024-06-28 11:24:56,973 [INFO] - Extracting training cells
[37m2024-06-28 11:25:01,629 [INFO] - Extraction detection metrics - F1: 0.751, Precision: 0.883, Recall: 0.668, Detected-Cells: 1935
[37m2024-06-28 11:25:01,719 [INFO] - Training epoch stats:     Loss: 0.2753 - F1-Score: 0.9003 - Accuracy-Score: 0.9003 - AUROC: 0.9826 - AP: 0.9412
[37m2024-06-28 11:25:01,862 [INFO] - Validation epoch stats:   Loss: 0.4345 - F1-Score: 0.8354 - Accuracy-Score: 0.8354 - AUROC: 0.9495 - AP: 0.8347
[37m2024-06-28 11:25:01,929 [INFO] - Epoch: 10/50
[37m2024-06-28 11:25:01,930 [INFO] - Extracting training cells
[37m2024-06-28 11:25:06,959 [INFO] - Extraction detection metrics - F1: 0.759, Precision: 0.868, Recall: 0.688, Detected-Cells: 2028
[37m2024-06-28 11:25:07,053 [INFO] - Training epoch stats:     Loss: 0.2382 - F1-Score: 0.9142 - Accuracy-Score: 0.9142 - AUROC: 0.9852 - AP: 0.9487
[37m2024-06-28 11:25:07,194 [INFO] - Validation epoch stats:   Loss: 0.5494 - F1-Score: 0.7966 - Accuracy-Score: 0.7966 - AUROC: 0.9416 - AP: 0.8147
[37m2024-06-28 11:25:07,247 [INFO] - Epoch: 11/50
[37m2024-06-28 11:25:07,248 [INFO] - Extracting training cells
[37m2024-06-28 11:25:11,351 [INFO] - Extraction detection metrics - F1: 0.772, Precision: 0.878, Recall: 0.704, Detected-Cells: 2012
[37m2024-06-28 11:25:11,433 [INFO] - Training epoch stats:     Loss: 0.3150 - F1-Score: 0.8837 - Accuracy-Score: 0.8837 - AUROC: 0.9701 - AP: 0.9078
[37m2024-06-28 11:25:11,573 [INFO] - Validation epoch stats:   Loss: 0.4580 - F1-Score: 0.8172 - Accuracy-Score: 0.8172 - AUROC: 0.9471 - AP: 0.8210
[37m2024-06-28 11:25:11,647 [INFO] - Epoch: 12/50
[37m2024-06-28 11:25:11,647 [INFO] - Extracting training cells
[37m2024-06-28 11:25:16,018 [INFO] - Extraction detection metrics - F1: 0.761, Precision: 0.870, Recall: 0.696, Detected-Cells: 2094
[37m2024-06-28 11:25:16,114 [INFO] - Training epoch stats:     Loss: 0.1914 - F1-Score: 0.9360 - Accuracy-Score: 0.9360 - AUROC: 0.9895 - AP: 0.9611
[37m2024-06-28 11:25:16,251 [INFO] - Validation epoch stats:   Loss: 0.4705 - F1-Score: 0.8210 - Accuracy-Score: 0.8210 - AUROC: 0.9472 - AP: 0.8274
[37m2024-06-28 11:25:16,314 [INFO] - Epoch: 13/50
[37m2024-06-28 11:25:16,314 [INFO] - Extracting training cells
[37m2024-06-28 11:25:20,087 [INFO] - Extraction detection metrics - F1: 0.757, Precision: 0.864, Recall: 0.688, Detected-Cells: 1743
[37m2024-06-28 11:25:20,164 [INFO] - Training epoch stats:     Loss: 1.2073 - F1-Score: 0.6890 - Accuracy-Score: 0.6890 - AUROC: 0.8420 - AP: 0.6519
[37m2024-06-28 11:25:20,313 [INFO] - Validation epoch stats:   Loss: 0.7622 - F1-Score: 0.7022 - Accuracy-Score: 0.7022 - AUROC: 0.8765 - AP: 0.6537
[37m2024-06-28 11:25:20,384 [INFO] - Epoch: 14/50
[37m2024-06-28 11:25:20,385 [INFO] - Extracting training cells
[37m2024-06-28 11:25:24,605 [INFO] - Extraction detection metrics - F1: 0.804, Precision: 0.895, Recall: 0.740, Detected-Cells: 2104
[37m2024-06-28 11:25:24,710 [INFO] - Training epoch stats:     Loss: 0.4190 - F1-Score: 0.8679 - Accuracy-Score: 0.8679 - AUROC: 0.9780 - AP: 0.9129
[37m2024-06-28 11:25:24,862 [INFO] - Validation epoch stats:   Loss: 0.5946 - F1-Score: 0.7604 - Accuracy-Score: 0.7604 - AUROC: 0.9290 - AP: 0.7950
[37m2024-06-28 11:25:24,976 [INFO] - Epoch: 15/50
[37m2024-06-28 11:25:24,976 [INFO] - Extracting training cells
[37m2024-06-28 11:25:30,046 [INFO] - Extraction detection metrics - F1: 0.716, Precision: 0.879, Recall: 0.628, Detected-Cells: 1894
[37m2024-06-28 11:25:30,140 [INFO] - Training epoch stats:     Loss: 0.2579 - F1-Score: 0.9176 - Accuracy-Score: 0.9176 - AUROC: 0.9855 - AP: 0.9511
[37m2024-06-28 11:25:30,278 [INFO] - Validation epoch stats:   Loss: 0.4445 - F1-Score: 0.8373 - Accuracy-Score: 0.8373 - AUROC: 0.9443 - AP: 0.8279
[37m2024-06-28 11:25:30,337 [INFO] - Epoch: 16/50
[37m2024-06-28 11:25:30,337 [INFO] - Extracting training cells
[37m2024-06-28 11:25:33,994 [INFO] - Extraction detection metrics - F1: 0.763, Precision: 0.877, Recall: 0.693, Detected-Cells: 2046
[37m2024-06-28 11:25:34,083 [INFO] - Training epoch stats:     Loss: 0.2139 - F1-Score: 0.9203 - Accuracy-Score: 0.9203 - AUROC: 0.9873 - AP: 0.9558
[37m2024-06-28 11:25:34,230 [INFO] - Validation epoch stats:   Loss: 0.4907 - F1-Score: 0.8205 - Accuracy-Score: 0.8205 - AUROC: 0.9426 - AP: 0.8258
[37m2024-06-28 11:25:34,285 [INFO] - Epoch: 17/50
[37m2024-06-28 11:25:34,285 [INFO] - Extracting training cells
[37m2024-06-28 11:25:38,135 [INFO] - Extraction detection metrics - F1: 0.749, Precision: 0.864, Recall: 0.670, Detected-Cells: 1931
[37m2024-06-28 11:25:38,218 [INFO] - Training epoch stats:     Loss: 0.2894 - F1-Score: 0.8928 - Accuracy-Score: 0.8928 - AUROC: 0.9779 - AP: 0.9240
[37m2024-06-28 11:25:38,350 [INFO] - Validation epoch stats:   Loss: 0.4535 - F1-Score: 0.8285 - Accuracy-Score: 0.8285 - AUROC: 0.9441 - AP: 0.8225
[37m2024-06-28 11:25:38,407 [INFO] - Epoch: 18/50
[37m2024-06-28 11:25:38,408 [INFO] - Extracting training cells
[37m2024-06-28 11:25:42,963 [INFO] - Extraction detection metrics - F1: 0.744, Precision: 0.899, Recall: 0.657, Detected-Cells: 1995
[37m2024-06-28 11:25:43,066 [INFO] - Training epoch stats:     Loss: 0.1942 - F1-Score: 0.9308 - Accuracy-Score: 0.9308 - AUROC: 0.9900 - AP: 0.9602
[37m2024-06-28 11:25:43,215 [INFO] - Validation epoch stats:   Loss: 0.4963 - F1-Score: 0.8145 - Accuracy-Score: 0.8145 - AUROC: 0.9445 - AP: 0.8202
[37m2024-06-28 11:25:43,269 [INFO] - Epoch: 19/50
[37m2024-06-28 11:25:43,270 [INFO] - Extracting training cells
[37m2024-06-28 11:25:47,929 [INFO] - Extraction detection metrics - F1: 0.719, Precision: 0.838, Recall: 0.655, Detected-Cells: 1983
[37m2024-06-28 11:25:48,021 [INFO] - Training epoch stats:     Loss: 0.2286 - F1-Score: 0.9153 - Accuracy-Score: 0.9153 - AUROC: 0.9857 - AP: 0.9510
[37m2024-06-28 11:25:48,165 [INFO] - Validation epoch stats:   Loss: 0.4845 - F1-Score: 0.8120 - Accuracy-Score: 0.8120 - AUROC: 0.9431 - AP: 0.8201
[37m2024-06-28 11:25:48,240 [INFO] - Epoch: 20/50
[37m2024-06-28 11:25:48,241 [INFO] - Extracting training cells
[37m2024-06-28 11:25:52,844 [INFO] - Extraction detection metrics - F1: 0.719, Precision: 0.831, Recall: 0.665, Detected-Cells: 1692
[37m2024-06-28 11:25:52,919 [INFO] - Training epoch stats:     Loss: 0.2437 - F1-Score: 0.9178 - Accuracy-Score: 0.9178 - AUROC: 0.9809 - AP: 0.9400
[37m2024-06-28 11:25:53,065 [INFO] - Validation epoch stats:   Loss: 0.5959 - F1-Score: 0.7872 - Accuracy-Score: 0.7872 - AUROC: 0.9386 - AP: 0.8080
[37m2024-06-28 11:25:53,118 [INFO] - Epoch: 21/50
[37m2024-06-28 11:25:53,119 [INFO] - Extracting training cells
[37m2024-06-28 11:25:58,174 [INFO] - Extraction detection metrics - F1: 0.730, Precision: 0.844, Recall: 0.652, Detected-Cells: 1553
[37m2024-06-28 11:25:58,243 [INFO] - Training epoch stats:     Loss: 0.3066 - F1-Score: 0.8963 - Accuracy-Score: 0.8963 - AUROC: 0.9755 - AP: 0.9209
[37m2024-06-28 11:25:58,390 [INFO] - Validation epoch stats:   Loss: 0.5413 - F1-Score: 0.8033 - Accuracy-Score: 0.8033 - AUROC: 0.9410 - AP: 0.7655
[37m2024-06-28 11:25:58,444 [INFO] - Epoch: 22/50
[37m2024-06-28 11:25:58,445 [INFO] - Extracting training cells
[37m2024-06-28 11:26:02,660 [INFO] - Extraction detection metrics - F1: 0.724, Precision: 0.874, Recall: 0.641, Detected-Cells: 2028
[37m2024-06-28 11:26:02,762 [INFO] - Training epoch stats:     Loss: 0.2265 - F1-Score: 0.9196 - Accuracy-Score: 0.9196 - AUROC: 0.9878 - AP: 0.9566
[37m2024-06-28 11:26:02,901 [INFO] - Validation epoch stats:   Loss: 0.5234 - F1-Score: 0.8002 - Accuracy-Score: 0.8002 - AUROC: 0.9388 - AP: 0.8136
[37m2024-06-28 11:26:02,965 [INFO] - Epoch: 23/50
[37m2024-06-28 11:26:02,965 [INFO] - Extracting training cells
[37m2024-06-28 11:26:06,776 [INFO] - Extraction detection metrics - F1: 0.758, Precision: 0.875, Recall: 0.689, Detected-Cells: 2080
[37m2024-06-28 11:26:06,867 [INFO] - Training epoch stats:     Loss: 0.2091 - F1-Score: 0.9245 - Accuracy-Score: 0.9245 - AUROC: 0.9898 - AP: 0.9634
[37m2024-06-28 11:26:07,004 [INFO] - Validation epoch stats:   Loss: 0.4535 - F1-Score: 0.8313 - Accuracy-Score: 0.8313 - AUROC: 0.9469 - AP: 0.8272
[37m2024-06-28 11:26:07,069 [INFO] - Epoch: 24/50
[37m2024-06-28 11:26:07,070 [INFO] - Extracting training cells
[37m2024-06-28 11:26:11,276 [INFO] - Extraction detection metrics - F1: 0.758, Precision: 0.871, Recall: 0.686, Detected-Cells: 2060
[37m2024-06-28 11:26:11,442 [INFO] - Training epoch stats:     Loss: 0.1478 - F1-Score: 0.9388 - Accuracy-Score: 0.9388 - AUROC: 0.9929 - AP: 0.9709
[37m2024-06-28 11:26:11,577 [INFO] - Validation epoch stats:   Loss: 0.4930 - F1-Score: 0.8239 - Accuracy-Score: 0.8239 - AUROC: 0.9438 - AP: 0.8170
[37m2024-06-28 11:26:11,620 [INFO] - Epoch: 25/50
[37m2024-06-28 11:26:11,620 [INFO] - Extracting training cells
[37m2024-06-28 11:26:15,377 [INFO] - Extraction detection metrics - F1: 0.727, Precision: 0.841, Recall: 0.662, Detected-Cells: 1592
[37m2024-06-28 11:26:15,452 [INFO] - Training epoch stats:     Loss: 0.4844 - F1-Score: 0.8599 - Accuracy-Score: 0.8599 - AUROC: 0.9534 - AP: 0.8419
[37m2024-06-28 11:26:15,588 [INFO] - Validation epoch stats:   Loss: 0.5032 - F1-Score: 0.8211 - Accuracy-Score: 0.8211 - AUROC: 0.9427 - AP: 0.8158
[37m2024-06-28 11:26:15,639 [INFO] - Epoch: 26/50
[37m2024-06-28 11:26:15,640 [INFO] - Extracting training cells
[37m2024-06-28 11:26:19,388 [INFO] - Extraction detection metrics - F1: 0.750, Precision: 0.869, Recall: 0.683, Detected-Cells: 1738
[37m2024-06-28 11:26:19,471 [INFO] - Training epoch stats:     Loss: 0.2036 - F1-Score: 0.9304 - Accuracy-Score: 0.9304 - AUROC: 0.9870 - AP: 0.9393
[37m2024-06-28 11:26:19,612 [INFO] - Validation epoch stats:   Loss: 0.5038 - F1-Score: 0.8182 - Accuracy-Score: 0.8182 - AUROC: 0.9419 - AP: 0.8155
[37m2024-06-28 11:26:19,676 [INFO] - Epoch: 27/50
[37m2024-06-28 11:26:19,677 [INFO] - Extracting training cells
[37m2024-06-28 11:26:24,187 [INFO] - Extraction detection metrics - F1: 0.732, Precision: 0.881, Recall: 0.651, Detected-Cells: 2054
[37m2024-06-28 11:26:24,285 [INFO] - Training epoch stats:     Loss: 0.1802 - F1-Score: 0.9377 - Accuracy-Score: 0.9377 - AUROC: 0.9932 - AP: 0.9741
[37m2024-06-28 11:26:24,416 [INFO] - Validation epoch stats:   Loss: 0.5169 - F1-Score: 0.8096 - Accuracy-Score: 0.8096 - AUROC: 0.9409 - AP: 0.8140
[37m2024-06-28 11:26:24,473 [INFO] - Epoch: 28/50
[37m2024-06-28 11:26:24,474 [INFO] - Extracting training cells
[37m2024-06-28 11:26:29,023 [INFO] - Extraction detection metrics - F1: 0.758, Precision: 0.881, Recall: 0.687, Detected-Cells: 2038
[37m2024-06-28 11:26:29,459 [INFO] - Training epoch stats:     Loss: 0.1459 - F1-Score: 0.9431 - Accuracy-Score: 0.9431 - AUROC: 0.9952 - AP: 0.9800
[37m2024-06-28 11:26:29,581 [INFO] - Validation epoch stats:   Loss: 0.5155 - F1-Score: 0.8054 - Accuracy-Score: 0.8054 - AUROC: 0.9407 - AP: 0.8126
[37m2024-06-28 11:26:29,581 [INFO] - Performing early stopping!
[37m2024-06-28 11:26:29,586 [INFO] - Finished run 6c759vxt
