[37m2024-08-11 19:14:17,458 [INFO] - Instantiated Logger. WandB init and config update finished.
[37m2024-08-11 19:14:17,458 [INFO] - Run ist stored here: /cellvit/logs_paper/Head-Evaluation/ocelot/Virchow/Amount/No-Aug/10/Seed-1/2024-08-11T191406_CellViT-Virchow-10Percent
[37m2024-08-11 19:14:17,533 [INFO] - Cuda devices: [<torch.cuda.device object at 0x7f237bbc30a0>]
[37m2024-08-11 19:14:17,539 [INFO] - Using GPU: cuda:0
[37m2024-08-11 19:14:17,543 [INFO] - Using device: cuda:0
[37m2024-08-11 19:14:17,548 [INFO] - Loss function:
[37m2024-08-11 19:14:17,552 [INFO] - CrossEntropyLoss()
[37m2024-08-11 19:14:26,068 [INFO] - <All keys matched successfully>
[37m2024-08-11 19:14:27,449 [INFO] -
==========================================================================================
Layer (type:depth-idx)                   Output Shape              Param #
==========================================================================================
LinearClassifier                         [1, 2]                    --
├─Linear: 1-1                            [1, 128]                  163,968
├─ReLU: 1-2                              [1, 128]                  --
├─Dropout: 1-3                           [1, 128]                  --
├─Linear: 1-4                            [1, 2]                    258
==========================================================================================
Total params: 164,226
Trainable params: 164,226
Non-trainable params: 0
Total mult-adds (M): 0.16
==========================================================================================
Input size (MB): 0.01
Forward/backward pass size (MB): 0.00
Params size (MB): 0.66
Estimated Total Size (MB): 0.66
==========================================================================================
[37m2024-08-11 19:14:27,457 [INFO] - Loaded AdamW Optimizer with following hyperparameters:
[37m2024-08-11 19:14:27,463 [INFO] - {'betas': [0.85, 0.9], 'lr': 0.0004303882065443299, 'weight_decay': 0.0006034678620960006}
[37m2024-08-11 19:14:27,468 [INFO] - Using early stopping with a range of 20 and maximize strategy
[37m2024-08-11 19:14:27,489 [INFO] - Caching datasets
[37m2024-08-11 19:14:29,821 [INFO] - Instantiate Trainer
[37m2024-08-11 19:14:29,834 [INFO] - Calling Trainer Fit
[37m2024-08-11 19:14:29,839 [INFO] - Dataset is cached after first epoch
[37m2024-08-11 19:14:29,844 [INFO] - Starting training, total number of epochs: 50
[37m2024-08-11 19:14:29,850 [INFO] - Epoch: 1/50
[37m2024-08-11 19:14:29,856 [INFO] - Extracting training cells
[37m2024-08-11 19:15:05,233 [INFO] - Extraction detection metrics - F1: 0.632, Precision: 0.612, Recall: 0.726, Detected-Cells: 5295
[37m2024-08-11 19:15:05,236 [INFO] - Caching dataset dc49e777c93251e51f6136208954ee0d960724437c4b039f157b3f9e0e43b5b2 to disk...
[37m2024-08-11 19:15:09,307 [INFO] - Training epoch stats:     Loss: 0.4091 - F1-Score: 0.8539 - Accuracy-Score: 0.8102 - AUROC: 0.9173 - AP: 0.9455
[37m2024-08-11 19:15:13,722 [INFO] - Loaded dataset from cache: /OCELOT-Orig/cache/b9c748f76a42e9a5b6619f0756b1e70745a509b6263a3cac0bf6f7cad71394d3.h5
[37m2024-08-11 19:15:14,102 [INFO] - Validation epoch stats:   Loss: 0.3996 - F1-Score: 0.8768 - Accuracy-Score: 0.8471 - AUROC: 0.9048 - AP: 0.9399
[37m2024-08-11 19:15:14,108 [INFO] - New best model - save checkpoint
[37m2024-08-11 19:15:14,290 [INFO] - Epoch: 2/50
[37m2024-08-11 19:15:14,521 [INFO] - Training epoch stats:     Loss: 0.1783 - F1-Score: 0.9478 - Accuracy-Score: 0.9369 - AUROC: 0.9816 - AP: 0.9873
[37m2024-08-11 19:15:14,951 [INFO] - Validation epoch stats:   Loss: 0.4141 - F1-Score: 0.8693 - Accuracy-Score: 0.8382 - AUROC: 0.8995 - AP: 0.9387
[37m2024-08-11 19:15:15,020 [INFO] - Epoch: 3/50
[37m2024-08-11 19:15:15,253 [INFO] - Training epoch stats:     Loss: 0.1332 - F1-Score: 0.9604 - Accuracy-Score: 0.9522 - AUROC: 0.9890 - AP: 0.9924
[37m2024-08-11 19:15:15,673 [INFO] - Validation epoch stats:   Loss: 0.4483 - F1-Score: 0.8585 - Accuracy-Score: 0.8282 - AUROC: 0.8971 - AP: 0.9357
[37m2024-08-11 19:15:15,736 [INFO] - Epoch: 4/50
[37m2024-08-11 19:15:15,959 [INFO] - Training epoch stats:     Loss: 0.1144 - F1-Score: 0.9659 - Accuracy-Score: 0.9588 - AUROC: 0.9924 - AP: 0.9948
[37m2024-08-11 19:15:16,373 [INFO] - Validation epoch stats:   Loss: 0.4641 - F1-Score: 0.8586 - Accuracy-Score: 0.8266 - AUROC: 0.8934 - AP: 0.9330
[37m2024-08-11 19:15:16,447 [INFO] - Epoch: 5/50
[37m2024-08-11 19:15:16,669 [INFO] - Training epoch stats:     Loss: 0.1017 - F1-Score: 0.9666 - Accuracy-Score: 0.9598 - AUROC: 0.9939 - AP: 0.9959
[37m2024-08-11 19:15:17,069 [INFO] - Validation epoch stats:   Loss: 0.4846 - F1-Score: 0.8533 - Accuracy-Score: 0.8216 - AUROC: 0.8923 - AP: 0.9323
[37m2024-08-11 19:15:17,137 [INFO] - Epoch: 6/50
[37m2024-08-11 19:15:17,360 [INFO] - Training epoch stats:     Loss: 0.0918 - F1-Score: 0.9710 - Accuracy-Score: 0.9651 - AUROC: 0.9950 - AP: 0.9967
[37m2024-08-11 19:15:17,754 [INFO] - Validation epoch stats:   Loss: 0.5386 - F1-Score: 0.8329 - Accuracy-Score: 0.8035 - AUROC: 0.8905 - AP: 0.9311
[37m2024-08-11 19:15:17,827 [INFO] - Epoch: 7/50
[37m2024-08-11 19:15:18,013 [INFO] - Training epoch stats:     Loss: 0.0845 - F1-Score: 0.9754 - Accuracy-Score: 0.9703 - AUROC: 0.9957 - AP: 0.9971
[37m2024-08-11 19:15:18,350 [INFO] - Validation epoch stats:   Loss: 0.5467 - F1-Score: 0.8357 - Accuracy-Score: 0.8052 - AUROC: 0.8878 - AP: 0.9294
[37m2024-08-11 19:15:18,417 [INFO] - Epoch: 8/50
[37m2024-08-11 19:15:18,598 [INFO] - Training epoch stats:     Loss: 0.0793 - F1-Score: 0.9748 - Accuracy-Score: 0.9696 - AUROC: 0.9964 - AP: 0.9976
[37m2024-08-11 19:15:18,946 [INFO] - Validation epoch stats:   Loss: 0.5497 - F1-Score: 0.8418 - Accuracy-Score: 0.8104 - AUROC: 0.8878 - AP: 0.9291
[37m2024-08-11 19:15:19,008 [INFO] - Epoch: 9/50
[37m2024-08-11 19:15:19,193 [INFO] - Training epoch stats:     Loss: 0.0729 - F1-Score: 0.9782 - Accuracy-Score: 0.9737 - AUROC: 0.9970 - AP: 0.9980
[37m2024-08-11 19:15:19,554 [INFO] - Validation epoch stats:   Loss: 0.6086 - F1-Score: 0.8202 - Accuracy-Score: 0.7913 - AUROC: 0.8856 - AP: 0.9278
[37m2024-08-11 19:15:19,621 [INFO] - Epoch: 10/50
[37m2024-08-11 19:15:19,804 [INFO] - Training epoch stats:     Loss: 0.0692 - F1-Score: 0.9806 - Accuracy-Score: 0.9766 - AUROC: 0.9973 - AP: 0.9982
[37m2024-08-11 19:15:20,183 [INFO] - Validation epoch stats:   Loss: 0.6149 - F1-Score: 0.8220 - Accuracy-Score: 0.7923 - AUROC: 0.8834 - AP: 0.9259
[37m2024-08-11 19:15:20,244 [INFO] - Epoch: 11/50
[37m2024-08-11 19:15:20,476 [INFO] - Training epoch stats:     Loss: 0.0647 - F1-Score: 0.9810 - Accuracy-Score: 0.9771 - AUROC: 0.9977 - AP: 0.9984
[37m2024-08-11 19:15:20,931 [INFO] - Validation epoch stats:   Loss: 0.6436 - F1-Score: 0.8146 - Accuracy-Score: 0.7855 - AUROC: 0.8829 - AP: 0.9255
[37m2024-08-11 19:15:21,001 [INFO] - Epoch: 12/50
[37m2024-08-11 19:15:21,226 [INFO] - Training epoch stats:     Loss: 0.0609 - F1-Score: 0.9835 - Accuracy-Score: 0.9802 - AUROC: 0.9980 - AP: 0.9986
[37m2024-08-11 19:15:21,645 [INFO] - Validation epoch stats:   Loss: 0.6404 - F1-Score: 0.8213 - Accuracy-Score: 0.7910 - AUROC: 0.8814 - AP: 0.9243
[37m2024-08-11 19:15:21,708 [INFO] - Epoch: 13/50
[37m2024-08-11 19:15:21,933 [INFO] - Training epoch stats:     Loss: 0.0583 - F1-Score: 0.9832 - Accuracy-Score: 0.9798 - AUROC: 0.9982 - AP: 0.9988
[37m2024-08-11 19:15:22,329 [INFO] - Validation epoch stats:   Loss: 0.6285 - F1-Score: 0.8320 - Accuracy-Score: 0.8002 - AUROC: 0.8816 - AP: 0.9242
[37m2024-08-11 19:15:22,393 [INFO] - Epoch: 14/50
[37m2024-08-11 19:15:22,622 [INFO] - Training epoch stats:     Loss: 0.0559 - F1-Score: 0.9849 - Accuracy-Score: 0.9819 - AUROC: 0.9983 - AP: 0.9988
[37m2024-08-11 19:15:23,011 [INFO] - Validation epoch stats:   Loss: 0.6676 - F1-Score: 0.8199 - Accuracy-Score: 0.7895 - AUROC: 0.8802 - AP: 0.9236
[37m2024-08-11 19:15:23,081 [INFO] - Epoch: 15/50
[37m2024-08-11 19:15:23,285 [INFO] - Training epoch stats:     Loss: 0.0518 - F1-Score: 0.9870 - Accuracy-Score: 0.9843 - AUROC: 0.9987 - AP: 0.9991
[37m2024-08-11 19:15:23,717 [INFO] - Validation epoch stats:   Loss: 0.6905 - F1-Score: 0.8164 - Accuracy-Score: 0.7866 - AUROC: 0.8801 - AP: 0.9237
[37m2024-08-11 19:15:23,785 [INFO] - Epoch: 16/50
[37m2024-08-11 19:15:24,190 [INFO] - Training epoch stats:     Loss: 0.0486 - F1-Score: 0.9871 - Accuracy-Score: 0.9845 - AUROC: 0.9989 - AP: 0.9993
[37m2024-08-11 19:15:24,532 [INFO] - Validation epoch stats:   Loss: 0.7043 - F1-Score: 0.8164 - Accuracy-Score: 0.7862 - AUROC: 0.8789 - AP: 0.9225
[37m2024-08-11 19:15:24,590 [INFO] - Epoch: 17/50
[37m2024-08-11 19:15:24,771 [INFO] - Training epoch stats:     Loss: 0.0470 - F1-Score: 0.9876 - Accuracy-Score: 0.9851 - AUROC: 0.9990 - AP: 0.9993
[37m2024-08-11 19:15:25,109 [INFO] - Validation epoch stats:   Loss: 0.6899 - F1-Score: 0.8255 - Accuracy-Score: 0.7932 - AUROC: 0.8769 - AP: 0.9207
[37m2024-08-11 19:15:25,169 [INFO] - Epoch: 18/50
[37m2024-08-11 19:15:25,355 [INFO] - Training epoch stats:     Loss: 0.0447 - F1-Score: 0.9898 - Accuracy-Score: 0.9877 - AUROC: 0.9991 - AP: 0.9994
[37m2024-08-11 19:15:25,691 [INFO] - Validation epoch stats:   Loss: 0.7213 - F1-Score: 0.8183 - Accuracy-Score: 0.7875 - AUROC: 0.8771 - AP: 0.9210
[37m2024-08-11 19:15:25,758 [INFO] - Epoch: 19/50
[37m2024-08-11 19:15:25,971 [INFO] - Training epoch stats:     Loss: 0.0419 - F1-Score: 0.9898 - Accuracy-Score: 0.9877 - AUROC: 0.9993 - AP: 0.9995
[37m2024-08-11 19:15:26,386 [INFO] - Validation epoch stats:   Loss: 0.7332 - F1-Score: 0.8171 - Accuracy-Score: 0.7863 - AUROC: 0.8770 - AP: 0.9209
[37m2024-08-11 19:15:26,457 [INFO] - Epoch: 20/50
[37m2024-08-11 19:15:26,677 [INFO] - Training epoch stats:     Loss: 0.0410 - F1-Score: 0.9904 - Accuracy-Score: 0.9885 - AUROC: 0.9993 - AP: 0.9995
[37m2024-08-11 19:15:27,084 [INFO] - Validation epoch stats:   Loss: 0.7539 - F1-Score: 0.8131 - Accuracy-Score: 0.7826 - AUROC: 0.8758 - AP: 0.9204
[37m2024-08-11 19:15:27,152 [INFO] - Epoch: 21/50
[37m2024-08-11 19:15:27,374 [INFO] - Training epoch stats:     Loss: 0.0393 - F1-Score: 0.9901 - Accuracy-Score: 0.9881 - AUROC: 0.9994 - AP: 0.9996
[37m2024-08-11 19:15:27,789 [INFO] - Validation epoch stats:   Loss: 0.7914 - F1-Score: 0.8028 - Accuracy-Score: 0.7735 - AUROC: 0.8747 - AP: 0.9197
[37m2024-08-11 19:15:27,796 [INFO] - Performing early stopping!
[37m2024-08-11 19:15:27,804 [INFO] - Finished run ppt1ogxc
