[37m2024-06-28 11:34:53,485 [INFO] - Instantiated Logger. WandB init and config update finished.
[37m2024-06-28 11:34:53,486 [INFO] - Run ist stored here: /cellvit/logs_paper/Head-Evaluation/CoNSeP/SAM-H/Amount-DA/2024-06-28T113445_Amount-8-Seed-5
[37m2024-06-28 11:34:53,551 [INFO] - Cuda devices: [<torch.cuda.device object at 0x7fd8acd80880>]
[37m2024-06-28 11:34:53,552 [INFO] - Using GPU: cuda:0
[37m2024-06-28 11:34:53,557 [INFO] - Using device: cuda:0
[37m2024-06-28 11:34:53,562 [INFO] - Loss function:
[37m2024-06-28 11:34:53,567 [INFO] - CrossEntropyLoss()
[37m2024-06-28 11:35:14,076 [INFO] - <All keys matched successfully>
[37m2024-06-28 11:35:15,177 [INFO] -
==========================================================================================
Layer (type:depth-idx)                   Output Shape              Param #
==========================================================================================
LinearClassifier                         [1, 4]                    --
├─Linear: 1-1                            [1, 128]                  163,968
├─ReLU: 1-2                              [1, 128]                  --
├─Dropout: 1-3                           [1, 128]                  --
├─Linear: 1-4                            [1, 4]                    516
==========================================================================================
Total params: 164,484
Trainable params: 164,484
Non-trainable params: 0
Total mult-adds (M): 0.16
==========================================================================================
Input size (MB): 0.01
Forward/backward pass size (MB): 0.00
Params size (MB): 0.66
Estimated Total Size (MB): 0.66
==========================================================================================
[37m2024-06-28 11:35:15,179 [INFO] - Loaded AdamW Optimizer with following hyperparameters:
[37m2024-06-28 11:35:15,184 [INFO] - {'betas': [0.85, 0.9], 'lr': 0.0005, 'weight_decay': 0.0005}
[37m2024-06-28 11:35:15,190 [INFO] - Using early stopping with a range of 20 and maximize strategy
[37m2024-06-28 11:35:15,207 [INFO] - Caching datasets
[37m2024-06-28 11:35:16,133 [INFO] - Instantiate Trainer
[37m2024-06-28 11:35:16,138 [INFO] - Calling Trainer Fit
[37m2024-06-28 11:35:16,140 [INFO] - Starting training, total number of epochs: 50
[37m2024-06-28 11:35:16,148 [INFO] - Epoch: 1/50
[37m2024-06-28 11:35:16,153 [INFO] - Extracting training cells
[37m2024-06-28 11:35:26,643 [INFO] - Extraction detection metrics - F1: 0.732, Precision: 0.833, Recall: 0.676, Detected-Cells: 3504
[37m2024-06-28 11:35:26,874 [INFO] - Training epoch stats:     Loss: 0.7018 - F1-Score: 0.7295 - Accuracy-Score: 0.7295 - AUROC: 0.8605 - AP: 0.6428
[37m2024-06-28 11:35:28,174 [INFO] - Loaded dataset from cache: /Consep/cache/1f728da27af6daed7b166ce5447f5dec18916e3679cb7b74ddaefb4a67df10d2.h5
[37m2024-06-28 11:35:28,300 [INFO] - Validation epoch stats:   Loss: 0.4585 - F1-Score: 0.8304 - Accuracy-Score: 0.8304 - AUROC: 0.9476 - AP: 0.8350
[37m2024-06-28 11:35:28,301 [INFO] - New best model - save checkpoint
[37m2024-06-28 11:35:28,458 [INFO] - Epoch: 2/50
[37m2024-06-28 11:35:28,459 [INFO] - Extracting training cells
[37m2024-06-28 11:35:34,805 [INFO] - Extraction detection metrics - F1: 0.761, Precision: 0.834, Recall: 0.721, Detected-Cells: 3366
[37m2024-06-28 11:35:34,950 [INFO] - Training epoch stats:     Loss: 0.5033 - F1-Score: 0.8414 - Accuracy-Score: 0.8414 - AUROC: 0.9405 - AP: 0.8123
[37m2024-06-28 11:35:35,094 [INFO] - Validation epoch stats:   Loss: 0.4812 - F1-Score: 0.8054 - Accuracy-Score: 0.8054 - AUROC: 0.9443 - AP: 0.8226
[37m2024-06-28 11:35:35,152 [INFO] - Epoch: 3/50
[37m2024-06-28 11:35:35,152 [INFO] - Extracting training cells
[37m2024-06-28 11:35:42,302 [INFO] - Extraction detection metrics - F1: 0.753, Precision: 0.839, Recall: 0.711, Detected-Cells: 3653
[37m2024-06-28 11:35:42,462 [INFO] - Training epoch stats:     Loss: 0.2956 - F1-Score: 0.8935 - Accuracy-Score: 0.8935 - AUROC: 0.9708 - AP: 0.8724
[37m2024-06-28 11:35:42,955 [INFO] - Validation epoch stats:   Loss: 0.3843 - F1-Score: 0.8572 - Accuracy-Score: 0.8572 - AUROC: 0.9601 - AP: 0.8523
[37m2024-06-28 11:35:42,956 [INFO] - New best model - save checkpoint
[37m2024-06-28 11:35:43,149 [INFO] - Epoch: 4/50
[37m2024-06-28 11:35:43,150 [INFO] - Extracting training cells
[37m2024-06-28 11:35:49,685 [INFO] - Extraction detection metrics - F1: 0.721, Precision: 0.800, Recall: 0.671, Detected-Cells: 3392
[37m2024-06-28 11:35:49,840 [INFO] - Training epoch stats:     Loss: 0.2221 - F1-Score: 0.9136 - Accuracy-Score: 0.9136 - AUROC: 0.9834 - AP: 0.9242
[37m2024-06-28 11:35:50,162 [INFO] - Validation epoch stats:   Loss: 0.3503 - F1-Score: 0.8635 - Accuracy-Score: 0.8635 - AUROC: 0.9635 - AP: 0.8554
[37m2024-06-28 11:35:50,164 [INFO] - New best model - save checkpoint
[37m2024-06-28 11:35:50,443 [INFO] - Epoch: 5/50
[37m2024-06-28 11:35:50,444 [INFO] - Extracting training cells
[37m2024-06-28 11:35:56,445 [INFO] - Extraction detection metrics - F1: 0.685, Precision: 0.762, Recall: 0.643, Detected-Cells: 2661
[37m2024-06-28 11:35:56,573 [INFO] - Training epoch stats:     Loss: 0.3822 - F1-Score: 0.8711 - Accuracy-Score: 0.8711 - AUROC: 0.9625 - AP: 0.8513
[37m2024-06-28 11:35:56,712 [INFO] - Validation epoch stats:   Loss: 0.4061 - F1-Score: 0.8435 - Accuracy-Score: 0.8435 - AUROC: 0.9563 - AP: 0.8426
[37m2024-06-28 11:35:56,770 [INFO] - Epoch: 6/50
[37m2024-06-28 11:35:56,771 [INFO] - Extracting training cells
[37m2024-06-28 11:36:03,277 [INFO] - Extraction detection metrics - F1: 0.736, Precision: 0.829, Recall: 0.695, Detected-Cells: 3561
[37m2024-06-28 11:36:03,423 [INFO] - Training epoch stats:     Loss: 0.3429 - F1-Score: 0.8778 - Accuracy-Score: 0.8778 - AUROC: 0.9723 - AP: 0.9122
[37m2024-06-28 11:36:03,568 [INFO] - Validation epoch stats:   Loss: 0.4166 - F1-Score: 0.8455 - Accuracy-Score: 0.8455 - AUROC: 0.9568 - AP: 0.8460
[37m2024-06-28 11:36:03,627 [INFO] - Epoch: 7/50
[37m2024-06-28 11:36:03,628 [INFO] - Extracting training cells
[37m2024-06-28 11:36:09,435 [INFO] - Extraction detection metrics - F1: 0.759, Precision: 0.812, Recall: 0.731, Detected-Cells: 2770
[37m2024-06-28 11:36:09,532 [INFO] - Training epoch stats:     Loss: 0.3362 - F1-Score: 0.8726 - Accuracy-Score: 0.8726 - AUROC: 0.9675 - AP: 0.8764
[37m2024-06-28 11:36:09,650 [INFO] - Validation epoch stats:   Loss: 0.4160 - F1-Score: 0.8484 - Accuracy-Score: 0.8484 - AUROC: 0.9599 - AP: 0.8488
[37m2024-06-28 11:36:09,710 [INFO] - Epoch: 8/50
[37m2024-06-28 11:36:09,710 [INFO] - Extracting training cells
[37m2024-06-28 11:36:18,006 [INFO] - Extraction detection metrics - F1: 0.790, Precision: 0.836, Recall: 0.761, Detected-Cells: 3676
[37m2024-06-28 11:36:18,165 [INFO] - Training epoch stats:     Loss: 0.2065 - F1-Score: 0.9211 - Accuracy-Score: 0.9211 - AUROC: 0.9860 - AP: 0.9353
[37m2024-06-28 11:36:18,310 [INFO] - Validation epoch stats:   Loss: 0.3934 - F1-Score: 0.8546 - Accuracy-Score: 0.8546 - AUROC: 0.9602 - AP: 0.8503
[37m2024-06-28 11:36:18,379 [INFO] - Epoch: 9/50
[37m2024-06-28 11:36:18,379 [INFO] - Extracting training cells
[37m2024-06-28 11:36:24,923 [INFO] - Extraction detection metrics - F1: 0.761, Precision: 0.839, Recall: 0.721, Detected-Cells: 3705
[37m2024-06-28 11:36:25,087 [INFO] - Training epoch stats:     Loss: 0.1938 - F1-Score: 0.9287 - Accuracy-Score: 0.9287 - AUROC: 0.9870 - AP: 0.9480
[37m2024-06-28 11:36:25,234 [INFO] - Validation epoch stats:   Loss: 0.3440 - F1-Score: 0.8689 - Accuracy-Score: 0.8689 - AUROC: 0.9650 - AP: 0.8607
[37m2024-06-28 11:36:25,236 [INFO] - New best model - save checkpoint
[37m2024-06-28 11:36:25,384 [INFO] - Epoch: 10/50
[37m2024-06-28 11:36:25,384 [INFO] - Extracting training cells
[37m2024-06-28 11:36:32,863 [INFO] - Extraction detection metrics - F1: 0.756, Precision: 0.839, Recall: 0.706, Detected-Cells: 3616
[37m2024-06-28 11:36:33,017 [INFO] - Training epoch stats:     Loss: 0.1977 - F1-Score: 0.9248 - Accuracy-Score: 0.9248 - AUROC: 0.9883 - AP: 0.9457
[37m2024-06-28 11:36:33,166 [INFO] - Validation epoch stats:   Loss: 0.3754 - F1-Score: 0.8524 - Accuracy-Score: 0.8524 - AUROC: 0.9620 - AP: 0.8591
[37m2024-06-28 11:36:33,243 [INFO] - Epoch: 11/50
[37m2024-06-28 11:36:33,243 [INFO] - Extracting training cells
[37m2024-06-28 11:36:40,192 [INFO] - Extraction detection metrics - F1: 0.730, Precision: 0.812, Recall: 0.691, Detected-Cells: 3404
[37m2024-06-28 11:36:40,336 [INFO] - Training epoch stats:     Loss: 0.3570 - F1-Score: 0.8675 - Accuracy-Score: 0.8675 - AUROC: 0.9694 - AP: 0.9209
[37m2024-06-28 11:36:40,476 [INFO] - Validation epoch stats:   Loss: 0.3892 - F1-Score: 0.8493 - Accuracy-Score: 0.8493 - AUROC: 0.9563 - AP: 0.8437
[37m2024-06-28 11:36:40,544 [INFO] - Epoch: 12/50
[37m2024-06-28 11:36:40,545 [INFO] - Extracting training cells
[37m2024-06-28 11:36:47,565 [INFO] - Extraction detection metrics - F1: 0.750, Precision: 0.825, Recall: 0.711, Detected-Cells: 3600
[37m2024-06-28 11:36:47,750 [INFO] - Training epoch stats:     Loss: 0.2982 - F1-Score: 0.9067 - Accuracy-Score: 0.9067 - AUROC: 0.9707 - AP: 0.8828
[37m2024-06-28 11:36:47,905 [INFO] - Validation epoch stats:   Loss: 0.3846 - F1-Score: 0.8666 - Accuracy-Score: 0.8666 - AUROC: 0.9303 - AP: 0.7065
[37m2024-06-28 11:36:47,963 [INFO] - Epoch: 13/50
[37m2024-06-28 11:36:47,963 [INFO] - Extracting training cells
[37m2024-06-28 11:36:54,813 [INFO] - Extraction detection metrics - F1: 0.732, Precision: 0.808, Recall: 0.692, Detected-Cells: 3154
[37m2024-06-28 11:36:54,950 [INFO] - Training epoch stats:     Loss: 0.6833 - F1-Score: 0.8022 - Accuracy-Score: 0.8022 - AUROC: 0.8965 - AP: 0.7329
[37m2024-06-28 11:36:55,098 [INFO] - Validation epoch stats:   Loss: 0.5560 - F1-Score: 0.7763 - Accuracy-Score: 0.7763 - AUROC: 0.9447 - AP: 0.7521
[37m2024-06-28 11:36:55,158 [INFO] - Epoch: 14/50
[37m2024-06-28 11:36:55,159 [INFO] - Extracting training cells
[37m2024-06-28 11:37:01,535 [INFO] - Extraction detection metrics - F1: 0.732, Precision: 0.797, Recall: 0.694, Detected-Cells: 3182
[37m2024-06-28 11:37:01,639 [INFO] - Training epoch stats:     Loss: 0.2688 - F1-Score: 0.9139 - Accuracy-Score: 0.9139 - AUROC: 0.9810 - AP: 0.9256
[37m2024-06-28 11:37:01,790 [INFO] - Validation epoch stats:   Loss: 0.3920 - F1-Score: 0.8603 - Accuracy-Score: 0.8603 - AUROC: 0.9630 - AP: 0.8505
[37m2024-06-28 11:37:01,845 [INFO] - Epoch: 15/50
[37m2024-06-28 11:37:01,845 [INFO] - Extracting training cells
[37m2024-06-28 11:37:08,565 [INFO] - Extraction detection metrics - F1: 0.728, Precision: 0.805, Recall: 0.673, Detected-Cells: 3317
[37m2024-06-28 11:37:08,689 [INFO] - Training epoch stats:     Loss: 0.2100 - F1-Score: 0.9219 - Accuracy-Score: 0.9219 - AUROC: 0.9866 - AP: 0.9335
[37m2024-06-28 11:37:08,918 [INFO] - Validation epoch stats:   Loss: 0.3697 - F1-Score: 0.8629 - Accuracy-Score: 0.8629 - AUROC: 0.9636 - AP: 0.8583
[37m2024-06-28 11:37:08,975 [INFO] - Epoch: 16/50
[37m2024-06-28 11:37:08,975 [INFO] - Extracting training cells
[37m2024-06-28 11:37:17,279 [INFO] - Extraction detection metrics - F1: 0.774, Precision: 0.842, Recall: 0.738, Detected-Cells: 3735
[37m2024-06-28 11:37:17,458 [INFO] - Training epoch stats:     Loss: 0.1805 - F1-Score: 0.9301 - Accuracy-Score: 0.9301 - AUROC: 0.9890 - AP: 0.9541
[37m2024-06-28 11:37:17,610 [INFO] - Validation epoch stats:   Loss: 0.3523 - F1-Score: 0.8661 - Accuracy-Score: 0.8661 - AUROC: 0.9626 - AP: 0.8480
[37m2024-06-28 11:37:17,661 [INFO] - Epoch: 17/50
[37m2024-06-28 11:37:17,662 [INFO] - Extracting training cells
[37m2024-06-28 11:37:25,657 [INFO] - Extraction detection metrics - F1: 0.725, Precision: 0.799, Recall: 0.678, Detected-Cells: 3441
[37m2024-06-28 11:37:25,779 [INFO] - Training epoch stats:     Loss: 0.2111 - F1-Score: 0.9178 - Accuracy-Score: 0.9178 - AUROC: 0.9865 - AP: 0.9524
[37m2024-06-28 11:37:25,928 [INFO] - Validation epoch stats:   Loss: 0.3477 - F1-Score: 0.8649 - Accuracy-Score: 0.8649 - AUROC: 0.9595 - AP: 0.8451
[37m2024-06-28 11:37:25,979 [INFO] - Epoch: 18/50
[37m2024-06-28 11:37:25,980 [INFO] - Extracting training cells
[37m2024-06-28 11:37:33,817 [INFO] - Extraction detection metrics - F1: 0.743, Precision: 0.830, Recall: 0.692, Detected-Cells: 3533
[37m2024-06-28 11:37:33,937 [INFO] - Training epoch stats:     Loss: 0.1655 - F1-Score: 0.9428 - Accuracy-Score: 0.9428 - AUROC: 0.9912 - AP: 0.9640
[37m2024-06-28 11:37:34,075 [INFO] - Validation epoch stats:   Loss: 0.3787 - F1-Score: 0.8596 - Accuracy-Score: 0.8596 - AUROC: 0.9589 - AP: 0.8481
[37m2024-06-28 11:37:34,139 [INFO] - Epoch: 19/50
[37m2024-06-28 11:37:34,139 [INFO] - Extracting training cells
[37m2024-06-28 11:37:40,361 [INFO] - Extraction detection metrics - F1: 0.765, Precision: 0.822, Recall: 0.731, Detected-Cells: 3688
[37m2024-06-28 11:37:40,471 [INFO] - Training epoch stats:     Loss: 0.1602 - F1-Score: 0.9417 - Accuracy-Score: 0.9417 - AUROC: 0.9913 - AP: 0.9584
[37m2024-06-28 11:37:40,588 [INFO] - Validation epoch stats:   Loss: 0.3550 - F1-Score: 0.8654 - Accuracy-Score: 0.8654 - AUROC: 0.9603 - AP: 0.8421
[37m2024-06-28 11:37:40,647 [INFO] - Epoch: 20/50
[37m2024-06-28 11:37:40,648 [INFO] - Extracting training cells
[37m2024-06-28 11:37:46,559 [INFO] - Extraction detection metrics - F1: 0.735, Precision: 0.802, Recall: 0.699, Detected-Cells: 2945
[37m2024-06-28 11:37:46,675 [INFO] - Training epoch stats:     Loss: 0.1959 - F1-Score: 0.9277 - Accuracy-Score: 0.9277 - AUROC: 0.9869 - AP: 0.9380
[37m2024-06-28 11:37:46,819 [INFO] - Validation epoch stats:   Loss: 0.3975 - F1-Score: 0.8493 - Accuracy-Score: 0.8493 - AUROC: 0.9564 - AP: 0.8400
[37m2024-06-28 11:37:46,879 [INFO] - Epoch: 21/50
[37m2024-06-28 11:37:46,880 [INFO] - Extracting training cells
[37m2024-06-28 11:37:54,446 [INFO] - Extraction detection metrics - F1: 0.757, Precision: 0.808, Recall: 0.733, Detected-Cells: 2964
[37m2024-06-28 11:37:54,571 [INFO] - Training epoch stats:     Loss: 0.3294 - F1-Score: 0.8688 - Accuracy-Score: 0.8688 - AUROC: 0.9693 - AP: 0.9051
[37m2024-06-28 11:37:54,711 [INFO] - Validation epoch stats:   Loss: 0.3997 - F1-Score: 0.8460 - Accuracy-Score: 0.8460 - AUROC: 0.9543 - AP: 0.8429
[37m2024-06-28 11:37:54,774 [INFO] - Epoch: 22/50
[37m2024-06-28 11:37:54,774 [INFO] - Extracting training cells
[37m2024-06-28 11:38:03,091 [INFO] - Extraction detection metrics - F1: 0.732, Precision: 0.800, Recall: 0.694, Detected-Cells: 3587
[37m2024-06-28 11:38:03,249 [INFO] - Training epoch stats:     Loss: 0.1671 - F1-Score: 0.9350 - Accuracy-Score: 0.9350 - AUROC: 0.9897 - AP: 0.9544
[37m2024-06-28 11:38:03,397 [INFO] - Validation epoch stats:   Loss: 0.4607 - F1-Score: 0.8393 - Accuracy-Score: 0.8393 - AUROC: 0.9518 - AP: 0.8076
[37m2024-06-28 11:38:03,452 [INFO] - Epoch: 23/50
[37m2024-06-28 11:38:03,452 [INFO] - Extracting training cells
[37m2024-06-28 11:38:11,519 [INFO] - Extraction detection metrics - F1: 0.765, Precision: 0.831, Recall: 0.727, Detected-Cells: 3708
[37m2024-06-28 11:38:11,676 [INFO] - Training epoch stats:     Loss: 0.1676 - F1-Score: 0.9388 - Accuracy-Score: 0.9388 - AUROC: 0.9906 - AP: 0.9633
[37m2024-06-28 11:38:11,825 [INFO] - Validation epoch stats:   Loss: 0.4100 - F1-Score: 0.8520 - Accuracy-Score: 0.8520 - AUROC: 0.9558 - AP: 0.8449
[37m2024-06-28 11:38:11,885 [INFO] - Epoch: 24/50
[37m2024-06-28 11:38:11,885 [INFO] - Extracting training cells
[37m2024-06-28 11:38:18,999 [INFO] - Extraction detection metrics - F1: 0.751, Precision: 0.829, Recall: 0.706, Detected-Cells: 3595
[37m2024-06-28 11:38:19,156 [INFO] - Training epoch stats:     Loss: 0.1394 - F1-Score: 0.9497 - Accuracy-Score: 0.9497 - AUROC: 0.9939 - AP: 0.9706
[37m2024-06-28 11:38:19,304 [INFO] - Validation epoch stats:   Loss: 0.4610 - F1-Score: 0.8392 - Accuracy-Score: 0.8392 - AUROC: 0.9553 - AP: 0.8427
[37m2024-06-28 11:38:19,370 [INFO] - Epoch: 25/50
[37m2024-06-28 11:38:19,371 [INFO] - Extracting training cells
[37m2024-06-28 11:38:25,847 [INFO] - Extraction detection metrics - F1: 0.768, Precision: 0.840, Recall: 0.729, Detected-Cells: 3423
[37m2024-06-28 11:38:25,984 [INFO] - Training epoch stats:     Loss: 0.3602 - F1-Score: 0.9021 - Accuracy-Score: 0.9021 - AUROC: 0.9748 - AP: 0.9367
[37m2024-06-28 11:38:26,123 [INFO] - Validation epoch stats:   Loss: 0.4238 - F1-Score: 0.8455 - Accuracy-Score: 0.8455 - AUROC: 0.9547 - AP: 0.8425
[37m2024-06-28 11:38:26,184 [INFO] - Epoch: 26/50
[37m2024-06-28 11:38:26,184 [INFO] - Extracting training cells
[37m2024-06-28 11:38:32,552 [INFO] - Extraction detection metrics - F1: 0.758, Precision: 0.822, Recall: 0.722, Detected-Cells: 3170
[37m2024-06-28 11:38:32,675 [INFO] - Training epoch stats:     Loss: 0.2018 - F1-Score: 0.9199 - Accuracy-Score: 0.9199 - AUROC: 0.9884 - AP: 0.9409
[37m2024-06-28 11:38:32,819 [INFO] - Validation epoch stats:   Loss: 0.4170 - F1-Score: 0.8457 - Accuracy-Score: 0.8457 - AUROC: 0.9545 - AP: 0.8419
[37m2024-06-28 11:38:32,882 [INFO] - Epoch: 27/50
[37m2024-06-28 11:38:32,882 [INFO] - Extracting training cells
[37m2024-06-28 11:38:39,968 [INFO] - Extraction detection metrics - F1: 0.740, Precision: 0.829, Recall: 0.685, Detected-Cells: 3455
[37m2024-06-28 11:38:40,113 [INFO] - Training epoch stats:     Loss: 0.1599 - F1-Score: 0.9441 - Accuracy-Score: 0.9441 - AUROC: 0.9917 - AP: 0.9668
[37m2024-06-28 11:38:40,258 [INFO] - Validation epoch stats:   Loss: 0.3970 - F1-Score: 0.8544 - Accuracy-Score: 0.8544 - AUROC: 0.9559 - AP: 0.8432
[37m2024-06-28 11:38:40,311 [INFO] - Epoch: 28/50
[37m2024-06-28 11:38:40,312 [INFO] - Extracting training cells
[37m2024-06-28 11:38:47,967 [INFO] - Extraction detection metrics - F1: 0.743, Precision: 0.832, Recall: 0.692, Detected-Cells: 3470
[37m2024-06-28 11:38:48,111 [INFO] - Training epoch stats:     Loss: 0.1361 - F1-Score: 0.9504 - Accuracy-Score: 0.9504 - AUROC: 0.9949 - AP: 0.9760
[37m2024-06-28 11:38:48,260 [INFO] - Validation epoch stats:   Loss: 0.4144 - F1-Score: 0.8471 - Accuracy-Score: 0.8471 - AUROC: 0.9561 - AP: 0.8434
[37m2024-06-28 11:38:48,326 [INFO] - Epoch: 29/50
[37m2024-06-28 11:38:48,326 [INFO] - Extracting training cells
[37m2024-06-28 11:38:54,369 [INFO] - Extraction detection metrics - F1: 0.751, Precision: 0.813, Recall: 0.725, Detected-Cells: 2630
[37m2024-06-28 11:38:54,489 [INFO] - Training epoch stats:     Loss: 0.5791 - F1-Score: 0.8114 - Accuracy-Score: 0.8114 - AUROC: 0.9271 - AP: 0.8263
[37m2024-06-28 11:38:54,631 [INFO] - Validation epoch stats:   Loss: 0.4166 - F1-Score: 0.8447 - Accuracy-Score: 0.8447 - AUROC: 0.9544 - AP: 0.8409
[37m2024-06-28 11:38:54,632 [INFO] - Performing early stopping!
[37m2024-06-28 11:38:54,637 [INFO] - Finished run xmxsnya9
