[37m2024-08-11 21:33:39,085 [INFO] - Instantiated Logger. WandB init and config update finished.
[37m2024-08-11 21:33:39,086 [INFO] - Run ist stored here: /cellvit/logs_paper/Head-Evaluation/ocelot/Virchow/Amount/Aug/75/Seed-1/2024-08-11T213328_CellViT-Virchow-75Percent
[37m2024-08-11 21:33:39,155 [INFO] - Cuda devices: [<torch.cuda.device object at 0x7f7999dfbf40>]
[37m2024-08-11 21:33:39,161 [INFO] - Using GPU: cuda:0
[37m2024-08-11 21:33:39,167 [INFO] - Using device: cuda:0
[37m2024-08-11 21:33:39,172 [INFO] - Loss function:
[37m2024-08-11 21:33:39,178 [INFO] - CrossEntropyLoss()
[37m2024-08-11 21:33:47,855 [INFO] - <All keys matched successfully>
[37m2024-08-11 21:33:49,110 [INFO] -
==========================================================================================
Layer (type:depth-idx)                   Output Shape              Param #
==========================================================================================
LinearClassifier                         [1, 2]                    --
├─Linear: 1-1                            [1, 128]                  163,968
├─ReLU: 1-2                              [1, 128]                  --
├─Dropout: 1-3                           [1, 128]                  --
├─Linear: 1-4                            [1, 2]                    258
==========================================================================================
Total params: 164,226
Trainable params: 164,226
Non-trainable params: 0
Total mult-adds (M): 0.16
==========================================================================================
Input size (MB): 0.01
Forward/backward pass size (MB): 0.00
Params size (MB): 0.66
Estimated Total Size (MB): 0.66
==========================================================================================
[37m2024-08-11 21:33:49,117 [INFO] - Loaded AdamW Optimizer with following hyperparameters:
[37m2024-08-11 21:33:49,122 [INFO] - {'betas': [0.85, 0.9], 'lr': 0.0004303882065443299, 'weight_decay': 0.0006034678620960006}
[37m2024-08-11 21:33:49,127 [INFO] - Using early stopping with a range of 20 and maximize strategy
[37m2024-08-11 21:33:49,151 [INFO] - Caching datasets
[37m2024-08-11 21:33:54,620 [INFO] - Instantiate Trainer
[37m2024-08-11 21:33:54,632 [INFO] - Calling Trainer Fit
[37m2024-08-11 21:33:54,637 [INFO] - Starting training, total number of epochs: 50
[37m2024-08-11 21:33:54,643 [INFO] - Epoch: 1/50
[37m2024-08-11 21:33:54,648 [INFO] - Extracting training cells
[37m2024-08-11 21:36:55,089 [INFO] - Extraction detection metrics - F1: 0.613, Precision: 0.592, Recall: 0.700, Detected-Cells: 32556
[37m2024-08-11 21:36:56,158 [INFO] - Training epoch stats:     Loss: 0.2810 - F1-Score: 0.9049 - Accuracy-Score: 0.8837 - AUROC: 0.9508 - AP: 0.9629
[37m2024-08-11 21:37:00,049 [INFO] - Loaded dataset from cache: /OCELOT-Orig/cache/b9c748f76a42e9a5b6619f0756b1e70745a509b6263a3cac0bf6f7cad71394d3.h5
[37m2024-08-11 21:37:00,655 [INFO] - Validation epoch stats:   Loss: 0.4105 - F1-Score: 0.8729 - Accuracy-Score: 0.8420 - AUROC: 0.9054 - AP: 0.9330
[37m2024-08-11 21:37:00,661 [INFO] - New best model - save checkpoint
[37m2024-08-11 21:37:00,835 [INFO] - Epoch: 2/50
[37m2024-08-11 21:37:00,841 [INFO] - Extracting training cells
[37m2024-08-11 21:39:57,905 [INFO] - Extraction detection metrics - F1: 0.615, Precision: 0.596, Recall: 0.698, Detected-Cells: 33291
[37m2024-08-11 21:39:58,917 [INFO] - Training epoch stats:     Loss: 0.1835 - F1-Score: 0.9431 - Accuracy-Score: 0.9303 - AUROC: 0.9774 - AP: 0.9832
[37m2024-08-11 21:39:59,285 [INFO] - Validation epoch stats:   Loss: 0.4419 - F1-Score: 0.8650 - Accuracy-Score: 0.8336 - AUROC: 0.9048 - AP: 0.9346
[37m2024-08-11 21:39:59,342 [INFO] - Epoch: 3/50
[37m2024-08-11 21:39:59,346 [INFO] - Extracting training cells
[37m2024-08-11 21:42:56,530 [INFO] - Extraction detection metrics - F1: 0.607, Precision: 0.584, Recall: 0.694, Detected-Cells: 32209
[37m2024-08-11 21:42:57,519 [INFO] - Training epoch stats:     Loss: 0.1659 - F1-Score: 0.9458 - Accuracy-Score: 0.9359 - AUROC: 0.9816 - AP: 0.9843
[37m2024-08-11 21:42:57,939 [INFO] - Validation epoch stats:   Loss: 0.4866 - F1-Score: 0.8615 - Accuracy-Score: 0.8284 - AUROC: 0.8985 - AP: 0.9304
[37m2024-08-11 21:42:58,008 [INFO] - Epoch: 4/50
[37m2024-08-11 21:42:58,013 [INFO] - Extracting training cells
[37m2024-08-11 21:45:54,610 [INFO] - Extraction detection metrics - F1: 0.612, Precision: 0.587, Recall: 0.700, Detected-Cells: 32784
[37m2024-08-11 21:45:55,854 [INFO] - Training epoch stats:     Loss: 0.1557 - F1-Score: 0.9505 - Accuracy-Score: 0.9403 - AUROC: 0.9832 - AP: 0.9859
[37m2024-08-11 21:45:56,365 [INFO] - Validation epoch stats:   Loss: 0.4638 - F1-Score: 0.8717 - Accuracy-Score: 0.8397 - AUROC: 0.9064 - AP: 0.9389
[37m2024-08-11 21:45:56,373 [INFO] - New best model - save checkpoint
[37m2024-08-11 21:45:56,565 [INFO] - Epoch: 5/50
[37m2024-08-11 21:45:56,570 [INFO] - Extracting training cells
[37m2024-08-11 21:48:55,064 [INFO] - Extraction detection metrics - F1: 0.617, Precision: 0.598, Recall: 0.701, Detected-Cells: 33168
[37m2024-08-11 21:48:56,871 [INFO] - Training epoch stats:     Loss: 0.1472 - F1-Score: 0.9549 - Accuracy-Score: 0.9448 - AUROC: 0.9852 - AP: 0.9888
[37m2024-08-11 21:48:57,313 [INFO] - Validation epoch stats:   Loss: 0.5236 - F1-Score: 0.8516 - Accuracy-Score: 0.8200 - AUROC: 0.9011 - AP: 0.9363
[37m2024-08-11 21:48:57,388 [INFO] - Epoch: 6/50
[37m2024-08-11 21:48:57,394 [INFO] - Extracting training cells
[37m2024-08-11 21:52:00,232 [INFO] - Extraction detection metrics - F1: 0.619, Precision: 0.599, Recall: 0.706, Detected-Cells: 33454
[37m2024-08-11 21:52:01,475 [INFO] - Training epoch stats:     Loss: 0.1287 - F1-Score: 0.9595 - Accuracy-Score: 0.9512 - AUROC: 0.9891 - AP: 0.9922
[37m2024-08-11 21:52:01,940 [INFO] - Validation epoch stats:   Loss: 0.5300 - F1-Score: 0.8610 - Accuracy-Score: 0.8303 - AUROC: 0.9048 - AP: 0.9359
[37m2024-08-11 21:52:02,006 [INFO] - Epoch: 7/50
[37m2024-08-11 21:52:02,011 [INFO] - Extracting training cells
[37m2024-08-11 21:55:01,244 [INFO] - Extraction detection metrics - F1: 0.617, Precision: 0.597, Recall: 0.704, Detected-Cells: 33168
[37m2024-08-11 21:55:02,655 [INFO] - Training epoch stats:     Loss: 0.1267 - F1-Score: 0.9599 - Accuracy-Score: 0.9516 - AUROC: 0.9892 - AP: 0.9919
[37m2024-08-11 21:55:03,187 [INFO] - Validation epoch stats:   Loss: 0.5182 - F1-Score: 0.8634 - Accuracy-Score: 0.8317 - AUROC: 0.9022 - AP: 0.9341
[37m2024-08-11 21:55:03,260 [INFO] - Epoch: 8/50
[37m2024-08-11 21:55:03,266 [INFO] - Extracting training cells
[37m2024-08-11 21:58:00,355 [INFO] - Extraction detection metrics - F1: 0.618, Precision: 0.597, Recall: 0.701, Detected-Cells: 33244
[37m2024-08-11 21:58:01,373 [INFO] - Training epoch stats:     Loss: 0.1232 - F1-Score: 0.9619 - Accuracy-Score: 0.9535 - AUROC: 0.9897 - AP: 0.9926
[37m2024-08-11 21:58:01,734 [INFO] - Validation epoch stats:   Loss: 0.5762 - F1-Score: 0.8483 - Accuracy-Score: 0.8171 - AUROC: 0.8985 - AP: 0.9330
[37m2024-08-11 21:58:01,799 [INFO] - Epoch: 9/50
[37m2024-08-11 21:58:01,804 [INFO] - Extracting training cells
[37m2024-08-11 22:01:01,826 [INFO] - Extraction detection metrics - F1: 0.616, Precision: 0.591, Recall: 0.704, Detected-Cells: 33232
[37m2024-08-11 22:01:03,370 [INFO] - Training epoch stats:     Loss: 0.1099 - F1-Score: 0.9661 - Accuracy-Score: 0.9590 - AUROC: 0.9917 - AP: 0.9937
[37m2024-08-11 22:01:03,905 [INFO] - Validation epoch stats:   Loss: 0.5464 - F1-Score: 0.8556 - Accuracy-Score: 0.8216 - AUROC: 0.8966 - AP: 0.9302
[37m2024-08-11 22:01:03,984 [INFO] - Epoch: 10/50
[37m2024-08-11 22:01:03,992 [INFO] - Extracting training cells
[37m2024-08-11 22:04:03,340 [INFO] - Extraction detection metrics - F1: 0.621, Precision: 0.597, Recall: 0.707, Detected-Cells: 33115
[37m2024-08-11 22:04:04,658 [INFO] - Training epoch stats:     Loss: 0.1137 - F1-Score: 0.9641 - Accuracy-Score: 0.9570 - AUROC: 0.9910 - AP: 0.9928
[37m2024-08-11 22:04:05,198 [INFO] - Validation epoch stats:   Loss: 0.5638 - F1-Score: 0.8520 - Accuracy-Score: 0.8190 - AUROC: 0.8950 - AP: 0.9285
[37m2024-08-11 22:04:05,261 [INFO] - Epoch: 11/50
[37m2024-08-11 22:04:05,267 [INFO] - Extracting training cells
[37m2024-08-11 22:07:02,981 [INFO] - Extraction detection metrics - F1: 0.620, Precision: 0.598, Recall: 0.706, Detected-Cells: 33417
[37m2024-08-11 22:07:04,220 [INFO] - Training epoch stats:     Loss: 0.0981 - F1-Score: 0.9701 - Accuracy-Score: 0.9633 - AUROC: 0.9936 - AP: 0.9955
[37m2024-08-11 22:07:04,579 [INFO] - Validation epoch stats:   Loss: 0.5956 - F1-Score: 0.8453 - Accuracy-Score: 0.8131 - AUROC: 0.8973 - AP: 0.9313
[37m2024-08-11 22:07:04,648 [INFO] - Epoch: 12/50
[37m2024-08-11 22:07:04,653 [INFO] - Extracting training cells
[37m2024-08-11 22:10:02,663 [INFO] - Extraction detection metrics - F1: 0.617, Precision: 0.595, Recall: 0.702, Detected-Cells: 33274
[37m2024-08-11 22:10:03,704 [INFO] - Training epoch stats:     Loss: 0.0980 - F1-Score: 0.9699 - Accuracy-Score: 0.9636 - AUROC: 0.9935 - AP: 0.9952
[37m2024-08-11 22:10:04,097 [INFO] - Validation epoch stats:   Loss: 0.6208 - F1-Score: 0.8328 - Accuracy-Score: 0.8009 - AUROC: 0.8942 - AP: 0.9302
[37m2024-08-11 22:10:04,156 [INFO] - Epoch: 13/50
[37m2024-08-11 22:10:04,160 [INFO] - Extracting training cells
[37m2024-08-11 22:13:01,101 [INFO] - Extraction detection metrics - F1: 0.616, Precision: 0.596, Recall: 0.699, Detected-Cells: 32761
[37m2024-08-11 22:13:02,349 [INFO] - Training epoch stats:     Loss: 0.1048 - F1-Score: 0.9681 - Accuracy-Score: 0.9616 - AUROC: 0.9924 - AP: 0.9939
[37m2024-08-11 22:13:02,708 [INFO] - Validation epoch stats:   Loss: 0.5664 - F1-Score: 0.8517 - Accuracy-Score: 0.8193 - AUROC: 0.8990 - AP: 0.9330
[37m2024-08-11 22:13:02,787 [INFO] - Epoch: 14/50
[37m2024-08-11 22:13:02,793 [INFO] - Extracting training cells
[37m2024-08-11 22:15:59,575 [INFO] - Extraction detection metrics - F1: 0.619, Precision: 0.597, Recall: 0.700, Detected-Cells: 32894
[37m2024-08-11 22:16:00,964 [INFO] - Training epoch stats:     Loss: 0.0965 - F1-Score: 0.9708 - Accuracy-Score: 0.9642 - AUROC: 0.9939 - AP: 0.9959
[37m2024-08-11 22:16:01,488 [INFO] - Validation epoch stats:   Loss: 0.5643 - F1-Score: 0.8540 - Accuracy-Score: 0.8227 - AUROC: 0.9024 - AP: 0.9336
[37m2024-08-11 22:16:01,562 [INFO] - Epoch: 15/50
[37m2024-08-11 22:16:01,568 [INFO] - Extracting training cells
[37m2024-08-11 22:18:59,523 [INFO] - Extraction detection metrics - F1: 0.620, Precision: 0.596, Recall: 0.709, Detected-Cells: 33745
[37m2024-08-11 22:19:00,755 [INFO] - Training epoch stats:     Loss: 0.0920 - F1-Score: 0.9723 - Accuracy-Score: 0.9666 - AUROC: 0.9942 - AP: 0.9958
[37m2024-08-11 22:19:01,105 [INFO] - Validation epoch stats:   Loss: 0.5769 - F1-Score: 0.8528 - Accuracy-Score: 0.8215 - AUROC: 0.9004 - AP: 0.9322
[37m2024-08-11 22:19:01,180 [INFO] - Epoch: 16/50
[37m2024-08-11 22:19:01,185 [INFO] - Extracting training cells
[37m2024-08-11 22:21:58,194 [INFO] - Extraction detection metrics - F1: 0.612, Precision: 0.587, Recall: 0.697, Detected-Cells: 32910
[37m2024-08-11 22:21:59,229 [INFO] - Training epoch stats:     Loss: 0.0838 - F1-Score: 0.9744 - Accuracy-Score: 0.9692 - AUROC: 0.9954 - AP: 0.9967
[37m2024-08-11 22:21:59,702 [INFO] - Validation epoch stats:   Loss: 0.5431 - F1-Score: 0.8712 - Accuracy-Score: 0.8406 - AUROC: 0.9093 - AP: 0.9389
[37m2024-08-11 22:21:59,708 [INFO] - New best model - save checkpoint
[37m2024-08-11 22:21:59,889 [INFO] - Epoch: 17/50
[37m2024-08-11 22:21:59,894 [INFO] - Extracting training cells
[37m2024-08-11 22:24:57,549 [INFO] - Extraction detection metrics - F1: 0.616, Precision: 0.595, Recall: 0.704, Detected-Cells: 32993
[37m2024-08-11 22:24:58,980 [INFO] - Training epoch stats:     Loss: 0.0830 - F1-Score: 0.9742 - Accuracy-Score: 0.9694 - AUROC: 0.9954 - AP: 0.9965
[37m2024-08-11 22:24:59,591 [INFO] - Validation epoch stats:   Loss: 0.5758 - F1-Score: 0.8595 - Accuracy-Score: 0.8290 - AUROC: 0.9075 - AP: 0.9379
[37m2024-08-11 22:24:59,662 [INFO] - Epoch: 18/50
[37m2024-08-11 22:24:59,667 [INFO] - Extracting training cells
[37m2024-08-11 22:27:59,555 [INFO] - Extraction detection metrics - F1: 0.622, Precision: 0.603, Recall: 0.704, Detected-Cells: 33444
[37m2024-08-11 22:28:00,963 [INFO] - Training epoch stats:     Loss: 0.0850 - F1-Score: 0.9753 - Accuracy-Score: 0.9695 - AUROC: 0.9949 - AP: 0.9964
[37m2024-08-11 22:28:01,481 [INFO] - Validation epoch stats:   Loss: 0.5737 - F1-Score: 0.8616 - Accuracy-Score: 0.8309 - AUROC: 0.9067 - AP: 0.9367
[37m2024-08-11 22:28:01,580 [INFO] - Epoch: 19/50
[37m2024-08-11 22:28:01,585 [INFO] - Extracting training cells
[37m2024-08-11 22:30:59,427 [INFO] - Extraction detection metrics - F1: 0.607, Precision: 0.594, Recall: 0.686, Detected-Cells: 32521
[37m2024-08-11 22:31:00,660 [INFO] - Training epoch stats:     Loss: 0.0868 - F1-Score: 0.9742 - Accuracy-Score: 0.9687 - AUROC: 0.9948 - AP: 0.9963
[37m2024-08-11 22:31:01,004 [INFO] - Validation epoch stats:   Loss: 0.6128 - F1-Score: 0.8491 - Accuracy-Score: 0.8169 - AUROC: 0.8967 - AP: 0.9283
[37m2024-08-11 22:31:01,065 [INFO] - Epoch: 20/50
[37m2024-08-11 22:31:01,071 [INFO] - Extracting training cells
[37m2024-08-11 22:34:01,504 [INFO] - Extraction detection metrics - F1: 0.610, Precision: 0.589, Recall: 0.695, Detected-Cells: 33075
[37m2024-08-11 22:34:02,527 [INFO] - Training epoch stats:     Loss: 0.0782 - F1-Score: 0.9770 - Accuracy-Score: 0.9722 - AUROC: 0.9959 - AP: 0.9970
[37m2024-08-11 22:34:02,889 [INFO] - Validation epoch stats:   Loss: 0.6506 - F1-Score: 0.8436 - Accuracy-Score: 0.8126 - AUROC: 0.8990 - AP: 0.9309
[37m2024-08-11 22:34:02,956 [INFO] - Epoch: 21/50
[37m2024-08-11 22:34:02,961 [INFO] - Extracting training cells
[37m2024-08-11 22:36:59,853 [INFO] - Extraction detection metrics - F1: 0.608, Precision: 0.586, Recall: 0.694, Detected-Cells: 32688
[37m2024-08-11 22:37:00,853 [INFO] - Training epoch stats:     Loss: 0.0822 - F1-Score: 0.9760 - Accuracy-Score: 0.9707 - AUROC: 0.9954 - AP: 0.9967
[37m2024-08-11 22:37:01,389 [INFO] - Validation epoch stats:   Loss: 0.6231 - F1-Score: 0.8518 - Accuracy-Score: 0.8197 - AUROC: 0.8948 - AP: 0.9274
[37m2024-08-11 22:37:01,459 [INFO] - Epoch: 22/50
[37m2024-08-11 22:37:01,468 [INFO] - Extracting training cells
[37m2024-08-11 22:40:01,799 [INFO] - Extraction detection metrics - F1: 0.615, Precision: 0.593, Recall: 0.706, Detected-Cells: 33191
[37m2024-08-11 22:40:02,855 [INFO] - Training epoch stats:     Loss: 0.0770 - F1-Score: 0.9773 - Accuracy-Score: 0.9725 - AUROC: 0.9961 - AP: 0.9972
[37m2024-08-11 22:40:03,205 [INFO] - Validation epoch stats:   Loss: 0.6161 - F1-Score: 0.8541 - Accuracy-Score: 0.8229 - AUROC: 0.9010 - AP: 0.9316
[37m2024-08-11 22:40:03,274 [INFO] - Epoch: 23/50
[37m2024-08-11 22:40:03,279 [INFO] - Extracting training cells
[37m2024-08-11 22:43:01,074 [INFO] - Extraction detection metrics - F1: 0.612, Precision: 0.596, Recall: 0.695, Detected-Cells: 33519
[37m2024-08-11 22:43:02,370 [INFO] - Training epoch stats:     Loss: 0.0891 - F1-Score: 0.9734 - Accuracy-Score: 0.9681 - AUROC: 0.9943 - AP: 0.9957
[37m2024-08-11 22:43:02,871 [INFO] - Validation epoch stats:   Loss: 0.6390 - F1-Score: 0.8434 - Accuracy-Score: 0.8122 - AUROC: 0.8969 - AP: 0.9291
[37m2024-08-11 22:43:02,936 [INFO] - Epoch: 24/50
[37m2024-08-11 22:43:02,942 [INFO] - Extracting training cells
[37m2024-08-11 22:46:01,954 [INFO] - Extraction detection metrics - F1: 0.616, Precision: 0.598, Recall: 0.702, Detected-Cells: 32855
[37m2024-08-11 22:46:03,166 [INFO] - Training epoch stats:     Loss: 0.0865 - F1-Score: 0.9756 - Accuracy-Score: 0.9706 - AUROC: 0.9947 - AP: 0.9961
[37m2024-08-11 22:46:03,649 [INFO] - Validation epoch stats:   Loss: 0.6233 - F1-Score: 0.8542 - Accuracy-Score: 0.8229 - AUROC: 0.8991 - AP: 0.9309
[37m2024-08-11 22:46:03,718 [INFO] - Epoch: 25/50
[37m2024-08-11 22:46:03,725 [INFO] - Extracting training cells
[37m2024-08-11 22:49:02,543 [INFO] - Extraction detection metrics - F1: 0.614, Precision: 0.588, Recall: 0.704, Detected-Cells: 32995
[37m2024-08-11 22:49:03,855 [INFO] - Training epoch stats:     Loss: 0.0780 - F1-Score: 0.9780 - Accuracy-Score: 0.9732 - AUROC: 0.9958 - AP: 0.9968
[37m2024-08-11 22:49:04,214 [INFO] - Validation epoch stats:   Loss: 0.6483 - F1-Score: 0.8511 - Accuracy-Score: 0.8205 - AUROC: 0.8983 - AP: 0.9290
[37m2024-08-11 22:49:04,281 [INFO] - Epoch: 26/50
[37m2024-08-11 22:49:04,289 [INFO] - Extracting training cells
[37m2024-08-11 22:52:02,350 [INFO] - Extraction detection metrics - F1: 0.613, Precision: 0.591, Recall: 0.704, Detected-Cells: 33369
[37m2024-08-11 22:52:03,480 [INFO] - Training epoch stats:     Loss: 0.0689 - F1-Score: 0.9810 - Accuracy-Score: 0.9770 - AUROC: 0.9966 - AP: 0.9975
[37m2024-08-11 22:52:04,097 [INFO] - Validation epoch stats:   Loss: 0.6145 - F1-Score: 0.8609 - Accuracy-Score: 0.8308 - AUROC: 0.9047 - AP: 0.9341
[37m2024-08-11 22:52:04,159 [INFO] - Epoch: 27/50
[37m2024-08-11 22:52:04,165 [INFO] - Extracting training cells
[37m2024-08-11 22:55:02,081 [INFO] - Extraction detection metrics - F1: 0.610, Precision: 0.590, Recall: 0.692, Detected-Cells: 33229
[37m2024-08-11 22:55:03,557 [INFO] - Training epoch stats:     Loss: 0.0730 - F1-Score: 0.9787 - Accuracy-Score: 0.9744 - AUROC: 0.9962 - AP: 0.9970
[37m2024-08-11 22:55:03,976 [INFO] - Validation epoch stats:   Loss: 0.6117 - F1-Score: 0.8633 - Accuracy-Score: 0.8326 - AUROC: 0.9037 - AP: 0.9342
[37m2024-08-11 22:55:04,041 [INFO] - Epoch: 28/50
[37m2024-08-11 22:55:04,047 [INFO] - Extracting training cells
[37m2024-08-11 22:58:01,291 [INFO] - Extraction detection metrics - F1: 0.620, Precision: 0.597, Recall: 0.708, Detected-Cells: 33125
[37m2024-08-11 22:58:02,303 [INFO] - Training epoch stats:     Loss: 0.0760 - F1-Score: 0.9782 - Accuracy-Score: 0.9736 - AUROC: 0.9958 - AP: 0.9968
[37m2024-08-11 22:58:02,647 [INFO] - Validation epoch stats:   Loss: 0.6367 - F1-Score: 0.8559 - Accuracy-Score: 0.8259 - AUROC: 0.9032 - AP: 0.9326
[37m2024-08-11 22:58:02,700 [INFO] - Epoch: 29/50
[37m2024-08-11 22:58:02,705 [INFO] - Extracting training cells
[37m2024-08-11 23:01:00,555 [INFO] - Extraction detection metrics - F1: 0.610, Precision: 0.585, Recall: 0.697, Detected-Cells: 33033
[37m2024-08-11 23:01:02,082 [INFO] - Training epoch stats:     Loss: 0.0756 - F1-Score: 0.9786 - Accuracy-Score: 0.9742 - AUROC: 0.9960 - AP: 0.9970
[37m2024-08-11 23:01:02,426 [INFO] - Validation epoch stats:   Loss: 0.6269 - F1-Score: 0.8565 - Accuracy-Score: 0.8250 - AUROC: 0.9007 - AP: 0.9307
[37m2024-08-11 23:01:02,486 [INFO] - Epoch: 30/50
[37m2024-08-11 23:01:02,491 [INFO] - Extracting training cells
[37m2024-08-11 23:04:01,662 [INFO] - Extraction detection metrics - F1: 0.627, Precision: 0.603, Recall: 0.715, Detected-Cells: 33910
[37m2024-08-11 23:04:02,957 [INFO] - Training epoch stats:     Loss: 0.0706 - F1-Score: 0.9798 - Accuracy-Score: 0.9755 - AUROC: 0.9965 - AP: 0.9975
[37m2024-08-11 23:04:03,422 [INFO] - Validation epoch stats:   Loss: 0.6053 - F1-Score: 0.8647 - Accuracy-Score: 0.8334 - AUROC: 0.9036 - AP: 0.9327
[37m2024-08-11 23:04:03,494 [INFO] - Epoch: 31/50
[37m2024-08-11 23:04:03,500 [INFO] - Extracting training cells
[37m2024-08-11 23:07:00,641 [INFO] - Extraction detection metrics - F1: 0.612, Precision: 0.593, Recall: 0.696, Detected-Cells: 32480
[37m2024-08-11 23:07:02,320 [INFO] - Training epoch stats:     Loss: 0.0764 - F1-Score: 0.9781 - Accuracy-Score: 0.9738 - AUROC: 0.9957 - AP: 0.9965
[37m2024-08-11 23:07:02,791 [INFO] - Validation epoch stats:   Loss: 0.6200 - F1-Score: 0.8589 - Accuracy-Score: 0.8274 - AUROC: 0.9011 - AP: 0.9305
[37m2024-08-11 23:07:02,858 [INFO] - Epoch: 32/50
[37m2024-08-11 23:07:02,863 [INFO] - Extracting training cells
[37m2024-08-11 23:10:00,603 [INFO] - Extraction detection metrics - F1: 0.617, Precision: 0.595, Recall: 0.701, Detected-Cells: 32832
[37m2024-08-11 23:10:01,357 [INFO] - Training epoch stats:     Loss: 0.0694 - F1-Score: 0.9802 - Accuracy-Score: 0.9762 - AUROC: 0.9968 - AP: 0.9976
[37m2024-08-11 23:10:01,702 [INFO] - Validation epoch stats:   Loss: 0.6376 - F1-Score: 0.8559 - Accuracy-Score: 0.8244 - AUROC: 0.8994 - AP: 0.9293
[37m2024-08-11 23:10:01,762 [INFO] - Epoch: 33/50
[37m2024-08-11 23:10:01,767 [INFO] - Extracting training cells
[37m2024-08-11 23:12:56,717 [INFO] - Extraction detection metrics - F1: 0.612, Precision: 0.589, Recall: 0.699, Detected-Cells: 33049
[37m2024-08-11 23:12:57,764 [INFO] - Training epoch stats:     Loss: 0.0663 - F1-Score: 0.9813 - Accuracy-Score: 0.9775 - AUROC: 0.9972 - AP: 0.9980
[37m2024-08-11 23:12:58,294 [INFO] - Validation epoch stats:   Loss: 0.6489 - F1-Score: 0.8576 - Accuracy-Score: 0.8268 - AUROC: 0.9008 - AP: 0.9303
[37m2024-08-11 23:12:58,366 [INFO] - Epoch: 34/50
[37m2024-08-11 23:12:58,372 [INFO] - Extracting training cells
[37m2024-08-11 23:15:54,415 [INFO] - Extraction detection metrics - F1: 0.611, Precision: 0.589, Recall: 0.698, Detected-Cells: 32554
[37m2024-08-11 23:15:55,419 [INFO] - Training epoch stats:     Loss: 0.0773 - F1-Score: 0.9790 - Accuracy-Score: 0.9749 - AUROC: 0.9954 - AP: 0.9960
[37m2024-08-11 23:15:55,760 [INFO] - Validation epoch stats:   Loss: 0.6362 - F1-Score: 0.8587 - Accuracy-Score: 0.8273 - AUROC: 0.8995 - AP: 0.9283
[37m2024-08-11 23:15:55,826 [INFO] - Epoch: 35/50
[37m2024-08-11 23:15:55,831 [INFO] - Extracting training cells
[37m2024-08-11 23:18:56,857 [INFO] - Extraction detection metrics - F1: 0.616, Precision: 0.595, Recall: 0.701, Detected-Cells: 32975
[37m2024-08-11 23:18:57,892 [INFO] - Training epoch stats:     Loss: 0.0702 - F1-Score: 0.9787 - Accuracy-Score: 0.9744 - AUROC: 0.9966 - AP: 0.9976
[37m2024-08-11 23:18:58,240 [INFO] - Validation epoch stats:   Loss: 0.6237 - F1-Score: 0.8618 - Accuracy-Score: 0.8311 - AUROC: 0.9037 - AP: 0.9325
[37m2024-08-11 23:18:58,317 [INFO] - Epoch: 36/50
[37m2024-08-11 23:18:58,323 [INFO] - Extracting training cells
[37m2024-08-11 23:21:57,877 [INFO] - Extraction detection metrics - F1: 0.625, Precision: 0.601, Recall: 0.712, Detected-Cells: 33606
[37m2024-08-11 23:21:58,921 [INFO] - Training epoch stats:     Loss: 0.0702 - F1-Score: 0.9802 - Accuracy-Score: 0.9760 - AUROC: 0.9964 - AP: 0.9972
[37m2024-08-11 23:21:59,303 [INFO] - Validation epoch stats:   Loss: 0.6114 - F1-Score: 0.8673 - Accuracy-Score: 0.8364 - AUROC: 0.9042 - AP: 0.9319
[37m2024-08-11 23:21:59,308 [INFO] - Performing early stopping!
[37m2024-08-11 23:21:59,315 [INFO] - Finished run i3agfkjq
