[37m2024-06-25 08:13:22,269 [INFO] - Instantiated Logger. WandB init and config update finished.
[37m2024-06-25 08:13:22,269 [INFO] - Run ist stored here: /cellvit/logs_paper/Head-Evaluation/ocelot/UNI/Amount/Aug/50/2024-06-25T081311_CellViT-UNI-50Percent
[37m2024-06-25 08:13:22,378 [INFO] - Cuda devices: [<torch.cuda.device object at 0x7fe12b99c640>]
[37m2024-06-25 08:13:22,382 [INFO] - Using GPU: cuda:0
[37m2024-06-25 08:13:22,386 [INFO] - Using device: cuda:0
[37m2024-06-25 08:13:22,390 [INFO] - Loss function:
[37m2024-06-25 08:13:22,395 [INFO] - CrossEntropyLoss()
[37m2024-06-25 08:13:36,469 [INFO] - <All keys matched successfully>
[37m2024-06-25 08:13:37,274 [INFO] -
==========================================================================================
Layer (type:depth-idx)                   Output Shape              Param #
==========================================================================================
LinearClassifier                         [1, 2]                    --
├─Linear: 1-1                            [1, 256]                  262,400
├─ReLU: 1-2                              [1, 256]                  --
├─Dropout: 1-3                           [1, 256]                  --
├─Linear: 1-4                            [1, 2]                    514
==========================================================================================
Total params: 262,914
Trainable params: 262,914
Non-trainable params: 0
Total mult-adds (M): 0.26
==========================================================================================
Input size (MB): 0.00
Forward/backward pass size (MB): 0.00
Params size (MB): 1.05
Estimated Total Size (MB): 1.06
==========================================================================================
[37m2024-06-25 08:13:37,276 [INFO] - Loaded AdamW Optimizer with following hyperparameters:
[37m2024-06-25 08:13:37,280 [INFO] - {'lr': 5e-05, 'betas': [0.85, 0.9], 'weight_decay': 0.00055}
[37m2024-06-25 08:13:37,285 [INFO] - Using early stopping with a range of 10 and maximize strategy
[37m2024-06-25 08:13:37,306 [INFO] - Caching datasets
[37m2024-06-25 08:13:41,031 [INFO] - Instantiate Trainer
[37m2024-06-25 08:13:41,037 [INFO] - Calling Trainer Fit
[37m2024-06-25 08:13:41,037 [INFO] - Starting training, total number of epochs: 50
[37m2024-06-25 08:13:41,042 [INFO] - Epoch: 1/50
[37m2024-06-25 08:13:41,046 [INFO] - Extracting training cells
[37m2024-06-25 08:15:08,138 [INFO] - Extraction detection metrics - F1: 0.668, Precision: 0.639, Recall: 0.760, Detected-Cells: 24614
[37m2024-06-25 08:15:09,061 [INFO] - Training epoch stats:     Loss: 0.4965 - F1-Score: 0.8374 - Accuracy-Score: 0.7597 - AUROC: 0.8710 - AP: 0.9265
[37m2024-06-25 08:15:12,201 [INFO] - Loaded dataset from cache: /OCELOT-Orig/cache/bfeb7101834d8ce2518bc9a605646d8528eb104e9be34cc187c069953e6c8b62.h5
[37m2024-06-25 08:15:12,561 [INFO] - Validation epoch stats:   Loss: 0.3883 - F1-Score: 0.8959 - Accuracy-Score: 0.8599 - AUROC: 0.9296 - AP: 0.9553
[37m2024-06-25 08:15:12,562 [INFO] - New best model - save checkpoint
[37m2024-06-25 08:15:12,809 [INFO] - Epoch: 2/50
[37m2024-06-25 08:15:12,810 [INFO] - Extracting training cells
[37m2024-06-25 08:16:29,631 [INFO] - Extraction detection metrics - F1: 0.667, Precision: 0.637, Recall: 0.758, Detected-Cells: 23974
[37m2024-06-25 08:16:30,385 [INFO] - Training epoch stats:     Loss: 0.2937 - F1-Score: 0.9164 - Accuracy-Score: 0.8884 - AUROC: 0.9499 - AP: 0.9690
[37m2024-06-25 08:16:30,717 [INFO] - Validation epoch stats:   Loss: 0.3246 - F1-Score: 0.9044 - Accuracy-Score: 0.8759 - AUROC: 0.9327 - AP: 0.9557
[37m2024-06-25 08:16:30,717 [INFO] - New best model - save checkpoint
[37m2024-06-25 08:16:30,942 [INFO] - Epoch: 3/50
[37m2024-06-25 08:16:30,943 [INFO] - Extracting training cells
[37m2024-06-25 08:17:51,741 [INFO] - Extraction detection metrics - F1: 0.672, Precision: 0.646, Recall: 0.767, Detected-Cells: 23879
[37m2024-06-25 08:17:52,576 [INFO] - Training epoch stats:     Loss: 0.2467 - F1-Score: 0.9287 - Accuracy-Score: 0.9064 - AUROC: 0.9607 - AP: 0.9746
[37m2024-06-25 08:17:52,989 [INFO] - Validation epoch stats:   Loss: 0.3264 - F1-Score: 0.9014 - Accuracy-Score: 0.8725 - AUROC: 0.9290 - AP: 0.9512
[37m2024-06-25 08:17:53,079 [INFO] - Epoch: 4/50
[37m2024-06-25 08:17:53,079 [INFO] - Extracting training cells
[37m2024-06-25 08:19:13,346 [INFO] - Extraction detection metrics - F1: 0.675, Precision: 0.648, Recall: 0.769, Detected-Cells: 24513
[37m2024-06-25 08:19:14,097 [INFO] - Training epoch stats:     Loss: 0.2216 - F1-Score: 0.9344 - Accuracy-Score: 0.9141 - AUROC: 0.9671 - AP: 0.9796
[37m2024-06-25 08:19:14,688 [INFO] - Validation epoch stats:   Loss: 0.3294 - F1-Score: 0.9000 - Accuracy-Score: 0.8702 - AUROC: 0.9269 - AP: 0.9494
[37m2024-06-25 08:19:14,789 [INFO] - Epoch: 5/50
[37m2024-06-25 08:19:14,790 [INFO] - Extracting training cells
[37m2024-06-25 08:20:28,928 [INFO] - Extraction detection metrics - F1: 0.665, Precision: 0.638, Recall: 0.757, Detected-Cells: 24200
[37m2024-06-25 08:20:29,589 [INFO] - Training epoch stats:     Loss: 0.2001 - F1-Score: 0.9425 - Accuracy-Score: 0.9243 - AUROC: 0.9729 - AP: 0.9836
[37m2024-06-25 08:20:29,925 [INFO] - Validation epoch stats:   Loss: 0.3422 - F1-Score: 0.8939 - Accuracy-Score: 0.8632 - AUROC: 0.9229 - AP: 0.9470
[37m2024-06-25 08:20:30,011 [INFO] - Epoch: 6/50
[37m2024-06-25 08:20:30,011 [INFO] - Extracting training cells
[37m2024-06-25 08:21:43,705 [INFO] - Extraction detection metrics - F1: 0.664, Precision: 0.636, Recall: 0.758, Detected-Cells: 23994
[37m2024-06-25 08:21:44,434 [INFO] - Training epoch stats:     Loss: 0.1961 - F1-Score: 0.9425 - Accuracy-Score: 0.9244 - AUROC: 0.9731 - AP: 0.9835
[37m2024-06-25 08:21:44,773 [INFO] - Validation epoch stats:   Loss: 0.3488 - F1-Score: 0.8945 - Accuracy-Score: 0.8628 - AUROC: 0.9201 - AP: 0.9443
[37m2024-06-25 08:21:44,855 [INFO] - Epoch: 7/50
[37m2024-06-25 08:21:44,856 [INFO] - Extracting training cells
[37m2024-06-25 08:23:03,145 [INFO] - Extraction detection metrics - F1: 0.667, Precision: 0.641, Recall: 0.759, Detected-Cells: 23946
[37m2024-06-25 08:23:03,895 [INFO] - Training epoch stats:     Loss: 0.1895 - F1-Score: 0.9478 - Accuracy-Score: 0.9302 - AUROC: 0.9738 - AP: 0.9828
[37m2024-06-25 08:23:04,304 [INFO] - Validation epoch stats:   Loss: 0.3538 - F1-Score: 0.8917 - Accuracy-Score: 0.8602 - AUROC: 0.9199 - AP: 0.9441
[37m2024-06-25 08:23:04,388 [INFO] - Epoch: 8/50
[37m2024-06-25 08:23:04,388 [INFO] - Extracting training cells
[37m2024-06-25 08:24:19,660 [INFO] - Extraction detection metrics - F1: 0.664, Precision: 0.635, Recall: 0.756, Detected-Cells: 23556
[37m2024-06-25 08:24:20,379 [INFO] - Training epoch stats:     Loss: 0.1808 - F1-Score: 0.9470 - Accuracy-Score: 0.9311 - AUROC: 0.9765 - AP: 0.9849
[37m2024-06-25 08:24:20,725 [INFO] - Validation epoch stats:   Loss: 0.3515 - F1-Score: 0.8945 - Accuracy-Score: 0.8629 - AUROC: 0.9213 - AP: 0.9453
[37m2024-06-25 08:24:20,820 [INFO] - Epoch: 9/50
[37m2024-06-25 08:24:20,821 [INFO] - Extracting training cells
[37m2024-06-25 08:25:39,684 [INFO] - Extraction detection metrics - F1: 0.666, Precision: 0.635, Recall: 0.761, Detected-Cells: 23922
[37m2024-06-25 08:25:40,412 [INFO] - Training epoch stats:     Loss: 0.1849 - F1-Score: 0.9472 - Accuracy-Score: 0.9305 - AUROC: 0.9758 - AP: 0.9845
[37m2024-06-25 08:25:40,765 [INFO] - Validation epoch stats:   Loss: 0.3548 - F1-Score: 0.8916 - Accuracy-Score: 0.8593 - AUROC: 0.9195 - AP: 0.9438
[37m2024-06-25 08:25:40,862 [INFO] - Epoch: 10/50
[37m2024-06-25 08:25:40,863 [INFO] - Extracting training cells
[37m2024-06-25 08:26:55,852 [INFO] - Extraction detection metrics - F1: 0.670, Precision: 0.639, Recall: 0.766, Detected-Cells: 24371
[37m2024-06-25 08:26:56,641 [INFO] - Training epoch stats:     Loss: 0.1671 - F1-Score: 0.9531 - Accuracy-Score: 0.9385 - AUROC: 0.9796 - AP: 0.9870
[37m2024-06-25 08:26:57,001 [INFO] - Validation epoch stats:   Loss: 0.3601 - F1-Score: 0.8912 - Accuracy-Score: 0.8586 - AUROC: 0.9194 - AP: 0.9436
[37m2024-06-25 08:26:57,093 [INFO] - Epoch: 11/50
[37m2024-06-25 08:26:57,094 [INFO] - Extracting training cells
[37m2024-06-25 08:28:11,439 [INFO] - Extraction detection metrics - F1: 0.665, Precision: 0.639, Recall: 0.752, Detected-Cells: 24168
[37m2024-06-25 08:28:12,181 [INFO] - Training epoch stats:     Loss: 0.1626 - F1-Score: 0.9536 - Accuracy-Score: 0.9386 - AUROC: 0.9816 - AP: 0.9895
[37m2024-06-25 08:28:12,523 [INFO] - Validation epoch stats:   Loss: 0.3678 - F1-Score: 0.8907 - Accuracy-Score: 0.8578 - AUROC: 0.9185 - AP: 0.9425
[37m2024-06-25 08:28:12,610 [INFO] - Epoch: 12/50
[37m2024-06-25 08:28:12,610 [INFO] - Extracting training cells
[37m2024-06-25 08:29:28,320 [INFO] - Extraction detection metrics - F1: 0.665, Precision: 0.637, Recall: 0.756, Detected-Cells: 23984
[37m2024-06-25 08:29:29,160 [INFO] - Training epoch stats:     Loss: 0.1669 - F1-Score: 0.9523 - Accuracy-Score: 0.9380 - AUROC: 0.9801 - AP: 0.9874
[37m2024-06-25 08:29:29,568 [INFO] - Validation epoch stats:   Loss: 0.3688 - F1-Score: 0.8906 - Accuracy-Score: 0.8577 - AUROC: 0.9178 - AP: 0.9414
[37m2024-06-25 08:29:29,568 [INFO] - Performing early stopping!
[37m2024-06-25 08:29:29,578 [INFO] - Finished run 2kdbfaa5
