[37m2024-05-16 14:31:04,107 [INFO] - Instantiated Logger. WandB init and config update finished.
[37m2024-05-16 14:31:04,109 [INFO] - Run ist stored here: /cellvit/logs_paper/Head-Evaluation/CoNSeP/SAM-H/Amount-DA/2024-05-16T143054_Amount-14
[37m2024-05-16 14:31:04,168 [INFO] - Cuda devices: [<torch.cuda.device object at 0x7f32f825a770>]
[37m2024-05-16 14:31:04,169 [INFO] - Using GPU: cuda:0
[37m2024-05-16 14:31:04,179 [INFO] - Using device: cuda:0
[37m2024-05-16 14:31:04,189 [INFO] - Loss function:
[37m2024-05-16 14:31:04,199 [INFO] - CrossEntropyLoss()
[37m2024-05-16 14:31:15,368 [INFO] - <All keys matched successfully>
[37m2024-05-16 14:31:16,157 [INFO] -
==========================================================================================
Layer (type:depth-idx)                   Output Shape              Param #
==========================================================================================
LinearClassifier                         [1, 4]                    --
├─Linear: 1-1                            [1, 128]                  163,968
├─ReLU: 1-2                              [1, 128]                  --
├─Dropout: 1-3                           [1, 128]                  --
├─Linear: 1-4                            [1, 4]                    516
==========================================================================================
Total params: 164,484
Trainable params: 164,484
Non-trainable params: 0
Total mult-adds (M): 0.16
==========================================================================================
Input size (MB): 0.01
Forward/backward pass size (MB): 0.00
Params size (MB): 0.66
Estimated Total Size (MB): 0.66
==========================================================================================
[37m2024-05-16 14:31:16,158 [INFO] - Loaded AdamW Optimizer with following hyperparameters:
[37m2024-05-16 14:31:16,167 [INFO] - {'betas': [0.85, 0.9], 'lr': 0.0005, 'weight_decay': 0.0005}
[37m2024-05-16 14:31:16,176 [INFO] - Using early stopping with a range of 20 and maximize strategy
[37m2024-05-16 14:31:16,196 [INFO] - Caching datasets
[37m2024-05-16 14:31:17,129 [INFO] - Instantiate Trainer
[37m2024-05-16 14:31:17,132 [INFO] - Calling Trainer Fit
[37m2024-05-16 14:31:17,140 [INFO] - Starting training, total number of epochs: 50
[37m2024-05-16 14:31:17,149 [INFO] - Epoch: 1/50
[37m2024-05-16 14:31:17,158 [INFO] - Extracting training cells
[37m2024-05-16 14:31:30,573 [INFO] - Extraction detection metrics - F1: 0.763, Precision: 0.823, Recall: 0.722, Detected-Cells: 5332
[37m2024-05-16 14:31:30,827 [INFO] - Training epoch stats:     Loss: 0.4616 - F1-Score: 0.8366 - Accuracy-Score: 0.8366 - AUROC: 0.9293 - AP: 0.7455
[37m2024-05-16 14:31:31,451 [INFO] - Loaded dataset from cache: /Consep/cache/1f728da27af6daed7b166ce5447f5dec18916e3679cb7b74ddaefb4a67df10d2.h5
[37m2024-05-16 14:31:31,548 [INFO] - Validation epoch stats:   Loss: 0.3660 - F1-Score: 0.8606 - Accuracy-Score: 0.8606 - AUROC: 0.9569 - AP: 0.8442
[37m2024-05-16 14:31:31,549 [INFO] - New best model - save checkpoint
[37m2024-05-16 14:31:31,777 [INFO] - Epoch: 2/50
[37m2024-05-16 14:31:31,778 [INFO] - Extracting training cells
[37m2024-05-16 14:31:41,131 [INFO] - Extraction detection metrics - F1: 0.762, Precision: 0.843, Recall: 0.724, Detected-Cells: 5025
[37m2024-05-16 14:31:41,525 [INFO] - Training epoch stats:     Loss: 0.3244 - F1-Score: 0.8856 - Accuracy-Score: 0.8856 - AUROC: 0.9676 - AP: 0.8816
[37m2024-05-16 14:31:41,654 [INFO] - Validation epoch stats:   Loss: 0.3951 - F1-Score: 0.8469 - Accuracy-Score: 0.8469 - AUROC: 0.9580 - AP: 0.8554
[37m2024-05-16 14:31:41,655 [INFO] - New best model - save checkpoint
[37m2024-05-16 14:31:41,908 [INFO] - Epoch: 3/50
[37m2024-05-16 14:31:41,908 [INFO] - Extracting training cells
[37m2024-05-16 14:31:51,371 [INFO] - Extraction detection metrics - F1: 0.750, Precision: 0.847, Recall: 0.690, Detected-Cells: 5219
[37m2024-05-16 14:31:51,556 [INFO] - Training epoch stats:     Loss: 0.3185 - F1-Score: 0.8940 - Accuracy-Score: 0.8940 - AUROC: 0.9658 - AP: 0.8253
[37m2024-05-16 14:31:51,683 [INFO] - Validation epoch stats:   Loss: 0.3553 - F1-Score: 0.8639 - Accuracy-Score: 0.8639 - AUROC: 0.9524 - AP: 0.7329
[37m2024-05-16 14:31:51,741 [INFO] - Epoch: 4/50
[37m2024-05-16 14:31:51,742 [INFO] - Extracting training cells
[37m2024-05-16 14:32:01,171 [INFO] - Extraction detection metrics - F1: 0.763, Precision: 0.843, Recall: 0.721, Detected-Cells: 5211
[37m2024-05-16 14:32:01,375 [INFO] - Training epoch stats:     Loss: 0.2183 - F1-Score: 0.9223 - Accuracy-Score: 0.9223 - AUROC: 0.9838 - AP: 0.9308
[37m2024-05-16 14:32:01,506 [INFO] - Validation epoch stats:   Loss: 0.3884 - F1-Score: 0.8593 - Accuracy-Score: 0.8593 - AUROC: 0.9668 - AP: 0.8641
[37m2024-05-16 14:32:01,506 [INFO] - New best model - save checkpoint
[37m2024-05-16 14:32:01,766 [INFO] - Epoch: 5/50
[37m2024-05-16 14:32:01,766 [INFO] - Extracting training cells
[37m2024-05-16 14:32:12,345 [INFO] - Extraction detection metrics - F1: 0.752, Precision: 0.830, Recall: 0.703, Detected-Cells: 5308
[37m2024-05-16 14:32:12,538 [INFO] - Training epoch stats:     Loss: 0.2260 - F1-Score: 0.9167 - Accuracy-Score: 0.9167 - AUROC: 0.9827 - AP: 0.9238
[37m2024-05-16 14:32:12,669 [INFO] - Validation epoch stats:   Loss: 0.3445 - F1-Score: 0.8637 - Accuracy-Score: 0.8637 - AUROC: 0.9701 - AP: 0.8657
[37m2024-05-16 14:32:12,670 [INFO] - New best model - save checkpoint
[37m2024-05-16 14:32:12,925 [INFO] - Epoch: 6/50
[37m2024-05-16 14:32:12,926 [INFO] - Extracting training cells
[37m2024-05-16 14:32:22,480 [INFO] - Extraction detection metrics - F1: 0.763, Precision: 0.836, Recall: 0.715, Detected-Cells: 5379
[37m2024-05-16 14:32:22,657 [INFO] - Training epoch stats:     Loss: 0.2171 - F1-Score: 0.9167 - Accuracy-Score: 0.9167 - AUROC: 0.9832 - AP: 0.9205
[37m2024-05-16 14:32:22,761 [INFO] - Validation epoch stats:   Loss: 0.3152 - F1-Score: 0.8718 - Accuracy-Score: 0.8718 - AUROC: 0.9724 - AP: 0.8733
[37m2024-05-16 14:32:22,762 [INFO] - New best model - save checkpoint
[37m2024-05-16 14:32:23,023 [INFO] - Epoch: 7/50
[37m2024-05-16 14:32:23,024 [INFO] - Extracting training cells
[37m2024-05-16 14:32:32,508 [INFO] - Extraction detection metrics - F1: 0.765, Precision: 0.831, Recall: 0.722, Detected-Cells: 5272
[37m2024-05-16 14:32:32,727 [INFO] - Training epoch stats:     Loss: 0.2407 - F1-Score: 0.9139 - Accuracy-Score: 0.9139 - AUROC: 0.9799 - AP: 0.8901
[37m2024-05-16 14:32:32,884 [INFO] - Validation epoch stats:   Loss: 0.3456 - F1-Score: 0.8671 - Accuracy-Score: 0.8671 - AUROC: 0.9449 - AP: 0.7301
[37m2024-05-16 14:32:32,945 [INFO] - Epoch: 8/50
[37m2024-05-16 14:32:32,946 [INFO] - Extracting training cells
[37m2024-05-16 14:32:44,033 [INFO] - Extraction detection metrics - F1: 0.780, Precision: 0.843, Recall: 0.740, Detected-Cells: 5617
[37m2024-05-16 14:32:44,261 [INFO] - Training epoch stats:     Loss: 0.1914 - F1-Score: 0.9275 - Accuracy-Score: 0.9275 - AUROC: 0.9869 - AP: 0.9255
[37m2024-05-16 14:32:44,422 [INFO] - Validation epoch stats:   Loss: 0.3142 - F1-Score: 0.8759 - Accuracy-Score: 0.8759 - AUROC: 0.9719 - AP: 0.8726
[37m2024-05-16 14:32:44,485 [INFO] - Epoch: 9/50
[37m2024-05-16 14:32:44,486 [INFO] - Extracting training cells
[37m2024-05-16 14:32:54,417 [INFO] - Extraction detection metrics - F1: 0.761, Precision: 0.844, Recall: 0.717, Detected-Cells: 5426
[37m2024-05-16 14:32:54,588 [INFO] - Training epoch stats:     Loss: 0.3794 - F1-Score: 0.8769 - Accuracy-Score: 0.8769 - AUROC: 0.9602 - AP: 0.8729
[37m2024-05-16 14:32:54,690 [INFO] - Validation epoch stats:   Loss: 0.3337 - F1-Score: 0.8673 - Accuracy-Score: 0.8673 - AUROC: 0.9695 - AP: 0.8715
[37m2024-05-16 14:32:54,755 [INFO] - Epoch: 10/50
[37m2024-05-16 14:32:54,756 [INFO] - Extracting training cells
[37m2024-05-16 14:33:05,437 [INFO] - Extraction detection metrics - F1: 0.756, Precision: 0.835, Recall: 0.709, Detected-Cells: 5411
[37m2024-05-16 14:33:05,615 [INFO] - Training epoch stats:     Loss: 0.2874 - F1-Score: 0.9032 - Accuracy-Score: 0.9032 - AUROC: 0.9782 - AP: 0.9245
[37m2024-05-16 14:33:05,717 [INFO] - Validation epoch stats:   Loss: 0.3293 - F1-Score: 0.8706 - Accuracy-Score: 0.8706 - AUROC: 0.9672 - AP: 0.8685
[37m2024-05-16 14:33:05,779 [INFO] - Epoch: 11/50
[37m2024-05-16 14:33:05,779 [INFO] - Extracting training cells
[37m2024-05-16 14:33:15,418 [INFO] - Extraction detection metrics - F1: 0.743, Precision: 0.826, Recall: 0.695, Detected-Cells: 4967
[37m2024-05-16 14:33:15,606 [INFO] - Training epoch stats:     Loss: 0.2549 - F1-Score: 0.8951 - Accuracy-Score: 0.8951 - AUROC: 0.9816 - AP: 0.9330
[37m2024-05-16 14:33:15,883 [INFO] - Validation epoch stats:   Loss: 0.3310 - F1-Score: 0.8709 - Accuracy-Score: 0.8709 - AUROC: 0.9659 - AP: 0.8642
[37m2024-05-16 14:33:15,948 [INFO] - Epoch: 12/50
[37m2024-05-16 14:33:15,948 [INFO] - Extracting training cells
[37m2024-05-16 14:33:25,670 [INFO] - Extraction detection metrics - F1: 0.788, Precision: 0.849, Recall: 0.748, Detected-Cells: 5673
[37m2024-05-16 14:33:25,879 [INFO] - Training epoch stats:     Loss: 0.1645 - F1-Score: 0.9374 - Accuracy-Score: 0.9374 - AUROC: 0.9892 - AP: 0.9514
[37m2024-05-16 14:33:26,007 [INFO] - Validation epoch stats:   Loss: 0.3317 - F1-Score: 0.8728 - Accuracy-Score: 0.8728 - AUROC: 0.9701 - AP: 0.8720
[37m2024-05-16 14:33:26,065 [INFO] - Epoch: 13/50
[37m2024-05-16 14:33:26,065 [INFO] - Extracting training cells
[37m2024-05-16 14:33:34,748 [INFO] - Extraction detection metrics - F1: 0.762, Precision: 0.840, Recall: 0.715, Detected-Cells: 4667
[37m2024-05-16 14:33:34,929 [INFO] - Training epoch stats:     Loss: 0.3310 - F1-Score: 0.8839 - Accuracy-Score: 0.8839 - AUROC: 0.9697 - AP: 0.9009
[37m2024-05-16 14:33:35,056 [INFO] - Validation epoch stats:   Loss: 0.3384 - F1-Score: 0.8677 - Accuracy-Score: 0.8677 - AUROC: 0.9646 - AP: 0.8618
[37m2024-05-16 14:33:35,115 [INFO] - Epoch: 14/50
[37m2024-05-16 14:33:35,115 [INFO] - Extracting training cells
[37m2024-05-16 14:33:45,038 [INFO] - Extraction detection metrics - F1: 0.776, Precision: 0.857, Recall: 0.728, Detected-Cells: 5534
[37m2024-05-16 14:33:45,240 [INFO] - Training epoch stats:     Loss: 0.2023 - F1-Score: 0.9239 - Accuracy-Score: 0.9239 - AUROC: 0.9874 - AP: 0.9427
[37m2024-05-16 14:33:45,368 [INFO] - Validation epoch stats:   Loss: 0.3168 - F1-Score: 0.8742 - Accuracy-Score: 0.8742 - AUROC: 0.9691 - AP: 0.8678
[37m2024-05-16 14:33:45,425 [INFO] - Epoch: 15/50
[37m2024-05-16 14:33:45,426 [INFO] - Extracting training cells
[37m2024-05-16 14:33:54,763 [INFO] - Extraction detection metrics - F1: 0.791, Precision: 0.853, Recall: 0.750, Detected-Cells: 5611
[37m2024-05-16 14:33:54,966 [INFO] - Training epoch stats:     Loss: 0.1997 - F1-Score: 0.9244 - Accuracy-Score: 0.9244 - AUROC: 0.9864 - AP: 0.9425
[37m2024-05-16 14:33:55,093 [INFO] - Validation epoch stats:   Loss: 0.3422 - F1-Score: 0.8647 - Accuracy-Score: 0.8647 - AUROC: 0.9651 - AP: 0.8640
[37m2024-05-16 14:33:55,156 [INFO] - Epoch: 16/50
[37m2024-05-16 14:33:55,156 [INFO] - Extracting training cells
[37m2024-05-16 14:34:03,944 [INFO] - Extraction detection metrics - F1: 0.772, Precision: 0.841, Recall: 0.732, Detected-Cells: 5496
[37m2024-05-16 14:34:04,144 [INFO] - Training epoch stats:     Loss: 0.1882 - F1-Score: 0.9349 - Accuracy-Score: 0.9349 - AUROC: 0.9910 - AP: 0.9651
[37m2024-05-16 14:34:04,274 [INFO] - Validation epoch stats:   Loss: 0.3153 - F1-Score: 0.8798 - Accuracy-Score: 0.8798 - AUROC: 0.9677 - AP: 0.8726
[37m2024-05-16 14:34:04,338 [INFO] - Epoch: 17/50
[37m2024-05-16 14:34:04,338 [INFO] - Extracting training cells
[37m2024-05-16 14:34:13,813 [INFO] - Extraction detection metrics - F1: 0.787, Precision: 0.847, Recall: 0.745, Detected-Cells: 5578
[37m2024-05-16 14:34:14,017 [INFO] - Training epoch stats:     Loss: 0.1587 - F1-Score: 0.9407 - Accuracy-Score: 0.9407 - AUROC: 0.9918 - AP: 0.9655
[37m2024-05-16 14:34:14,142 [INFO] - Validation epoch stats:   Loss: 0.3115 - F1-Score: 0.8788 - Accuracy-Score: 0.8788 - AUROC: 0.9670 - AP: 0.8726
[37m2024-05-16 14:34:14,201 [INFO] - Epoch: 18/50
[37m2024-05-16 14:34:14,202 [INFO] - Extracting training cells
[37m2024-05-16 14:34:23,730 [INFO] - Extraction detection metrics - F1: 0.745, Precision: 0.825, Recall: 0.703, Detected-Cells: 5376
[37m2024-05-16 14:34:23,925 [INFO] - Training epoch stats:     Loss: 0.2074 - F1-Score: 0.9267 - Accuracy-Score: 0.9267 - AUROC: 0.9880 - AP: 0.9524
[37m2024-05-16 14:34:24,050 [INFO] - Validation epoch stats:   Loss: 0.3007 - F1-Score: 0.8835 - Accuracy-Score: 0.8835 - AUROC: 0.9713 - AP: 0.8797
[37m2024-05-16 14:34:24,110 [INFO] - Epoch: 19/50
[37m2024-05-16 14:34:24,110 [INFO] - Extracting training cells
[37m2024-05-16 14:34:33,239 [INFO] - Extraction detection metrics - F1: 0.727, Precision: 0.816, Recall: 0.681, Detected-Cells: 4665
[37m2024-05-16 14:34:33,392 [INFO] - Training epoch stats:     Loss: 0.2063 - F1-Score: 0.9218 - Accuracy-Score: 0.9218 - AUROC: 0.9855 - AP: 0.9411
[37m2024-05-16 14:34:33,494 [INFO] - Validation epoch stats:   Loss: 0.3198 - F1-Score: 0.8721 - Accuracy-Score: 0.8721 - AUROC: 0.9684 - AP: 0.8700
[37m2024-05-16 14:34:33,557 [INFO] - Epoch: 20/50
[37m2024-05-16 14:34:33,557 [INFO] - Extracting training cells
[37m2024-05-16 14:34:43,329 [INFO] - Extraction detection metrics - F1: 0.755, Precision: 0.832, Recall: 0.707, Detected-Cells: 5194
[37m2024-05-16 14:34:43,502 [INFO] - Training epoch stats:     Loss: 0.4096 - F1-Score: 0.8739 - Accuracy-Score: 0.8739 - AUROC: 0.9604 - AP: 0.8956
[37m2024-05-16 14:34:43,775 [INFO] - Validation epoch stats:   Loss: 0.3552 - F1-Score: 0.8649 - Accuracy-Score: 0.8649 - AUROC: 0.9637 - AP: 0.8605
[37m2024-05-16 14:34:43,838 [INFO] - Epoch: 21/50
[37m2024-05-16 14:34:43,838 [INFO] - Extracting training cells
[37m2024-05-16 14:34:52,856 [INFO] - Extraction detection metrics - F1: 0.769, Precision: 0.835, Recall: 0.726, Detected-Cells: 5421
[37m2024-05-16 14:34:53,071 [INFO] - Training epoch stats:     Loss: 0.1595 - F1-Score: 0.9408 - Accuracy-Score: 0.9408 - AUROC: 0.9924 - AP: 0.9661
[37m2024-05-16 14:34:53,200 [INFO] - Validation epoch stats:   Loss: 0.3203 - F1-Score: 0.8836 - Accuracy-Score: 0.8836 - AUROC: 0.9700 - AP: 0.8759
[37m2024-05-16 14:34:53,266 [INFO] - Epoch: 22/50
[37m2024-05-16 14:34:53,267 [INFO] - Extracting training cells
[37m2024-05-16 14:35:03,085 [INFO] - Extraction detection metrics - F1: 0.745, Precision: 0.810, Recall: 0.712, Detected-Cells: 4554
[37m2024-05-16 14:35:03,250 [INFO] - Training epoch stats:     Loss: 0.3197 - F1-Score: 0.8852 - Accuracy-Score: 0.8852 - AUROC: 0.9689 - AP: 0.8679
[37m2024-05-16 14:35:03,376 [INFO] - Validation epoch stats:   Loss: 0.3391 - F1-Score: 0.8666 - Accuracy-Score: 0.8666 - AUROC: 0.9670 - AP: 0.8511
[37m2024-05-16 14:35:03,439 [INFO] - Epoch: 23/50
[37m2024-05-16 14:35:03,440 [INFO] - Extracting training cells
[37m2024-05-16 14:35:12,801 [INFO] - Extraction detection metrics - F1: 0.756, Precision: 0.839, Recall: 0.714, Detected-Cells: 5348
[37m2024-05-16 14:35:13,001 [INFO] - Training epoch stats:     Loss: 0.1694 - F1-Score: 0.9340 - Accuracy-Score: 0.9340 - AUROC: 0.9923 - AP: 0.9663
[37m2024-05-16 14:35:13,130 [INFO] - Validation epoch stats:   Loss: 0.3056 - F1-Score: 0.8841 - Accuracy-Score: 0.8841 - AUROC: 0.9716 - AP: 0.8773
[37m2024-05-16 14:35:13,193 [INFO] - Epoch: 24/50
[37m2024-05-16 14:35:13,194 [INFO] - Extracting training cells
[37m2024-05-16 14:35:23,215 [INFO] - Extraction detection metrics - F1: 0.777, Precision: 0.830, Recall: 0.743, Detected-Cells: 5556
[37m2024-05-16 14:35:23,433 [INFO] - Training epoch stats:     Loss: 0.1287 - F1-Score: 0.9532 - Accuracy-Score: 0.9532 - AUROC: 0.9951 - AP: 0.9750
[37m2024-05-16 14:35:23,560 [INFO] - Validation epoch stats:   Loss: 0.3210 - F1-Score: 0.8812 - Accuracy-Score: 0.8812 - AUROC: 0.9725 - AP: 0.8764
[37m2024-05-16 14:35:23,561 [INFO] - New best model - save checkpoint
[37m2024-05-16 14:35:23,805 [INFO] - Epoch: 25/50
[37m2024-05-16 14:35:23,806 [INFO] - Extracting training cells
[37m2024-05-16 14:35:33,365 [INFO] - Extraction detection metrics - F1: 0.774, Precision: 0.846, Recall: 0.730, Detected-Cells: 5541
[37m2024-05-16 14:35:33,571 [INFO] - Training epoch stats:     Loss: 0.2184 - F1-Score: 0.9348 - Accuracy-Score: 0.9348 - AUROC: 0.9875 - AP: 0.9553
[37m2024-05-16 14:35:33,698 [INFO] - Validation epoch stats:   Loss: 0.3105 - F1-Score: 0.8828 - Accuracy-Score: 0.8828 - AUROC: 0.9729 - AP: 0.8774
[37m2024-05-16 14:35:33,699 [INFO] - New best model - save checkpoint
[37m2024-05-16 14:35:33,924 [INFO] - Epoch: 26/50
[37m2024-05-16 14:35:33,925 [INFO] - Extracting training cells
[37m2024-05-16 14:35:43,175 [INFO] - Extraction detection metrics - F1: 0.783, Precision: 0.854, Recall: 0.738, Detected-Cells: 5546
[37m2024-05-16 14:35:43,381 [INFO] - Training epoch stats:     Loss: 0.4251 - F1-Score: 0.9028 - Accuracy-Score: 0.9028 - AUROC: 0.9654 - AP: 0.9018
[37m2024-05-16 14:35:43,509 [INFO] - Validation epoch stats:   Loss: 0.3054 - F1-Score: 0.8781 - Accuracy-Score: 0.8781 - AUROC: 0.9724 - AP: 0.8766
[37m2024-05-16 14:35:43,572 [INFO] - Epoch: 27/50
[37m2024-05-16 14:35:43,573 [INFO] - Extracting training cells
[37m2024-05-16 14:35:53,210 [INFO] - Extraction detection metrics - F1: 0.757, Precision: 0.835, Recall: 0.709, Detected-Cells: 5031
[37m2024-05-16 14:35:53,403 [INFO] - Training epoch stats:     Loss: 0.1511 - F1-Score: 0.9414 - Accuracy-Score: 0.9414 - AUROC: 0.9937 - AP: 0.9706
[37m2024-05-16 14:35:53,529 [INFO] - Validation epoch stats:   Loss: 0.3023 - F1-Score: 0.8814 - Accuracy-Score: 0.8814 - AUROC: 0.9733 - AP: 0.8795
[37m2024-05-16 14:35:53,529 [INFO] - New best model - save checkpoint
[37m2024-05-16 14:35:53,757 [INFO] - Epoch: 28/50
[37m2024-05-16 14:35:53,758 [INFO] - Extracting training cells
[37m2024-05-16 14:36:02,779 [INFO] - Extraction detection metrics - F1: 0.734, Precision: 0.806, Recall: 0.696, Detected-Cells: 4963
[37m2024-05-16 14:36:02,966 [INFO] - Training epoch stats:     Loss: 0.1782 - F1-Score: 0.9277 - Accuracy-Score: 0.9277 - AUROC: 0.9910 - AP: 0.9618
[37m2024-05-16 14:36:03,094 [INFO] - Validation epoch stats:   Loss: 0.3030 - F1-Score: 0.8843 - Accuracy-Score: 0.8843 - AUROC: 0.9736 - AP: 0.8801
[37m2024-05-16 14:36:03,095 [INFO] - New best model - save checkpoint
[37m2024-05-16 14:36:03,326 [INFO] - Epoch: 29/50
[37m2024-05-16 14:36:03,326 [INFO] - Extracting training cells
[37m2024-05-16 14:36:12,248 [INFO] - Extraction detection metrics - F1: 0.762, Precision: 0.845, Recall: 0.713, Detected-Cells: 5449
[37m2024-05-16 14:36:12,449 [INFO] - Training epoch stats:     Loss: 0.1312 - F1-Score: 0.9534 - Accuracy-Score: 0.9534 - AUROC: 0.9944 - AP: 0.9752
[37m2024-05-16 14:36:12,773 [INFO] - Validation epoch stats:   Loss: 0.3031 - F1-Score: 0.8845 - Accuracy-Score: 0.8845 - AUROC: 0.9736 - AP: 0.8799
[37m2024-05-16 14:36:12,834 [INFO] - Epoch: 30/50
[37m2024-05-16 14:36:12,835 [INFO] - Extracting training cells
[37m2024-05-16 14:36:22,521 [INFO] - Extraction detection metrics - F1: 0.767, Precision: 0.846, Recall: 0.725, Detected-Cells: 5468
[37m2024-05-16 14:36:22,751 [INFO] - Training epoch stats:     Loss: 0.2744 - F1-Score: 0.9113 - Accuracy-Score: 0.9113 - AUROC: 0.9830 - AP: 0.9510
[37m2024-05-16 14:36:22,906 [INFO] - Validation epoch stats:   Loss: 0.3039 - F1-Score: 0.8819 - Accuracy-Score: 0.8819 - AUROC: 0.9716 - AP: 0.8770
[37m2024-05-16 14:36:22,970 [INFO] - Epoch: 31/50
[37m2024-05-16 14:36:22,970 [INFO] - Extracting training cells
[37m2024-05-16 14:36:33,494 [INFO] - Extraction detection metrics - F1: 0.751, Precision: 0.828, Recall: 0.712, Detected-Cells: 5016
[37m2024-05-16 14:36:33,667 [INFO] - Training epoch stats:     Loss: 0.1841 - F1-Score: 0.9288 - Accuracy-Score: 0.9288 - AUROC: 0.9922 - AP: 0.9748
[37m2024-05-16 14:36:33,774 [INFO] - Validation epoch stats:   Loss: 0.3073 - F1-Score: 0.8816 - Accuracy-Score: 0.8816 - AUROC: 0.9713 - AP: 0.8772
[37m2024-05-16 14:36:33,843 [INFO] - Epoch: 32/50
[37m2024-05-16 14:36:33,844 [INFO] - Extracting training cells
[37m2024-05-16 14:36:43,660 [INFO] - Extraction detection metrics - F1: 0.771, Precision: 0.839, Recall: 0.732, Detected-Cells: 5528
[37m2024-05-16 14:36:43,904 [INFO] - Training epoch stats:     Loss: 0.3321 - F1-Score: 0.9135 - Accuracy-Score: 0.9135 - AUROC: 0.9661 - AP: 0.8964
[37m2024-05-16 14:36:44,068 [INFO] - Validation epoch stats:   Loss: 0.3265 - F1-Score: 0.8718 - Accuracy-Score: 0.8718 - AUROC: 0.9699 - AP: 0.8767
[37m2024-05-16 14:36:44,131 [INFO] - Epoch: 33/50
[37m2024-05-16 14:36:44,143 [INFO] - Extracting training cells
[37m2024-05-16 14:36:55,744 [INFO] - Extraction detection metrics - F1: 0.750, Precision: 0.837, Recall: 0.695, Detected-Cells: 4694
[37m2024-05-16 14:36:55,929 [INFO] - Training epoch stats:     Loss: 0.1574 - F1-Score: 0.9495 - Accuracy-Score: 0.9495 - AUROC: 0.9941 - AP: 0.9747
[37m2024-05-16 14:36:56,066 [INFO] - Validation epoch stats:   Loss: 0.3108 - F1-Score: 0.8764 - Accuracy-Score: 0.8764 - AUROC: 0.9709 - AP: 0.8787
[37m2024-05-16 14:36:56,126 [INFO] - Epoch: 34/50
[37m2024-05-16 14:36:56,126 [INFO] - Extracting training cells
[37m2024-05-16 14:37:06,870 [INFO] - Extraction detection metrics - F1: 0.758, Precision: 0.856, Recall: 0.697, Detected-Cells: 5291
[37m2024-05-16 14:37:07,055 [INFO] - Training epoch stats:     Loss: 0.1329 - F1-Score: 0.9541 - Accuracy-Score: 0.9541 - AUROC: 0.9955 - AP: 0.9783
[37m2024-05-16 14:37:07,184 [INFO] - Validation epoch stats:   Loss: 0.3125 - F1-Score: 0.8807 - Accuracy-Score: 0.8807 - AUROC: 0.9714 - AP: 0.8788
[37m2024-05-16 14:37:07,235 [INFO] - Epoch: 35/50
[37m2024-05-16 14:37:07,235 [INFO] - Extracting training cells
[37m2024-05-16 14:37:16,575 [INFO] - Extraction detection metrics - F1: 0.763, Precision: 0.833, Recall: 0.719, Detected-Cells: 4856
[37m2024-05-16 14:37:16,720 [INFO] - Training epoch stats:     Loss: 0.1228 - F1-Score: 0.9557 - Accuracy-Score: 0.9557 - AUROC: 0.9957 - AP: 0.9789
[37m2024-05-16 14:37:16,822 [INFO] - Validation epoch stats:   Loss: 0.3126 - F1-Score: 0.8797 - Accuracy-Score: 0.8797 - AUROC: 0.9720 - AP: 0.8792
[37m2024-05-16 14:37:16,883 [INFO] - Epoch: 36/50
[37m2024-05-16 14:37:16,883 [INFO] - Extracting training cells
[37m2024-05-16 14:37:25,888 [INFO] - Extraction detection metrics - F1: 0.741, Precision: 0.797, Recall: 0.703, Detected-Cells: 4997
[37m2024-05-16 14:37:26,070 [INFO] - Training epoch stats:     Loss: 0.2901 - F1-Score: 0.9145 - Accuracy-Score: 0.9145 - AUROC: 0.9801 - AP: 0.9433
[37m2024-05-16 14:37:26,199 [INFO] - Validation epoch stats:   Loss: 0.3057 - F1-Score: 0.8821 - Accuracy-Score: 0.8821 - AUROC: 0.9709 - AP: 0.8782
[37m2024-05-16 14:37:26,259 [INFO] - Epoch: 37/50
[37m2024-05-16 14:37:26,259 [INFO] - Extracting training cells
[37m2024-05-16 14:37:35,553 [INFO] - Extraction detection metrics - F1: 0.744, Precision: 0.808, Recall: 0.709, Detected-Cells: 4657
[37m2024-05-16 14:37:35,731 [INFO] - Training epoch stats:     Loss: 0.1578 - F1-Score: 0.9369 - Accuracy-Score: 0.9369 - AUROC: 0.9934 - AP: 0.9749
[37m2024-05-16 14:37:35,863 [INFO] - Validation epoch stats:   Loss: 0.3100 - F1-Score: 0.8786 - Accuracy-Score: 0.8786 - AUROC: 0.9708 - AP: 0.8779
[37m2024-05-16 14:37:35,927 [INFO] - Epoch: 38/50
[37m2024-05-16 14:37:35,928 [INFO] - Extracting training cells
[37m2024-05-16 14:37:45,374 [INFO] - Extraction detection metrics - F1: 0.774, Precision: 0.844, Recall: 0.728, Detected-Cells: 5019
[37m2024-05-16 14:37:45,551 [INFO] - Training epoch stats:     Loss: 0.1326 - F1-Score: 0.9544 - Accuracy-Score: 0.9544 - AUROC: 0.9952 - AP: 0.9773
[37m2024-05-16 14:37:45,679 [INFO] - Validation epoch stats:   Loss: 0.3066 - F1-Score: 0.8817 - Accuracy-Score: 0.8817 - AUROC: 0.9711 - AP: 0.8776
[37m2024-05-16 14:37:45,738 [INFO] - Epoch: 39/50
[37m2024-05-16 14:37:45,738 [INFO] - Extracting training cells
[37m2024-05-16 14:37:55,782 [INFO] - Extraction detection metrics - F1: 0.770, Precision: 0.849, Recall: 0.716, Detected-Cells: 5413
[37m2024-05-16 14:37:55,979 [INFO] - Training epoch stats:     Loss: 0.1262 - F1-Score: 0.9503 - Accuracy-Score: 0.9503 - AUROC: 0.9950 - AP: 0.9727
[37m2024-05-16 14:37:56,108 [INFO] - Validation epoch stats:   Loss: 0.3091 - F1-Score: 0.8792 - Accuracy-Score: 0.8792 - AUROC: 0.9712 - AP: 0.8781
[37m2024-05-16 14:37:56,161 [INFO] - Epoch: 40/50
[37m2024-05-16 14:37:56,161 [INFO] - Extracting training cells
[37m2024-05-16 14:38:05,678 [INFO] - Extraction detection metrics - F1: 0.776, Precision: 0.830, Recall: 0.742, Detected-Cells: 5344
[37m2024-05-16 14:38:05,859 [INFO] - Training epoch stats:     Loss: 0.2393 - F1-Score: 0.9124 - Accuracy-Score: 0.9124 - AUROC: 0.9854 - AP: 0.9602
[37m2024-05-16 14:38:05,986 [INFO] - Validation epoch stats:   Loss: 0.3109 - F1-Score: 0.8811 - Accuracy-Score: 0.8811 - AUROC: 0.9698 - AP: 0.8770
[37m2024-05-16 14:38:06,046 [INFO] - Epoch: 41/50
[37m2024-05-16 14:38:06,046 [INFO] - Extracting training cells
[37m2024-05-16 14:38:15,282 [INFO] - Extraction detection metrics - F1: 0.768, Precision: 0.835, Recall: 0.725, Detected-Cells: 5353
[37m2024-05-16 14:38:15,470 [INFO] - Training epoch stats:     Loss: 0.1440 - F1-Score: 0.9419 - Accuracy-Score: 0.9419 - AUROC: 0.9945 - AP: 0.9768
[37m2024-05-16 14:38:15,599 [INFO] - Validation epoch stats:   Loss: 0.3111 - F1-Score: 0.8807 - Accuracy-Score: 0.8807 - AUROC: 0.9699 - AP: 0.8766
[37m2024-05-16 14:38:15,657 [INFO] - Epoch: 42/50
[37m2024-05-16 14:38:15,658 [INFO] - Extracting training cells
[37m2024-05-16 14:38:25,464 [INFO] - Extraction detection metrics - F1: 0.744, Precision: 0.818, Recall: 0.695, Detected-Cells: 4727
[37m2024-05-16 14:38:25,629 [INFO] - Training epoch stats:     Loss: 0.1584 - F1-Score: 0.9403 - Accuracy-Score: 0.9403 - AUROC: 0.9926 - AP: 0.9714
[37m2024-05-16 14:38:25,758 [INFO] - Validation epoch stats:   Loss: 0.3030 - F1-Score: 0.8847 - Accuracy-Score: 0.8847 - AUROC: 0.9705 - AP: 0.8780
[37m2024-05-16 14:38:25,818 [INFO] - Epoch: 43/50
[37m2024-05-16 14:38:25,819 [INFO] - Extracting training cells
[37m2024-05-16 14:38:34,668 [INFO] - Extraction detection metrics - F1: 0.746, Precision: 0.829, Recall: 0.700, Detected-Cells: 4739
[37m2024-05-16 14:38:34,814 [INFO] - Training epoch stats:     Loss: 0.2064 - F1-Score: 0.9126 - Accuracy-Score: 0.9126 - AUROC: 0.9890 - AP: 0.9613
[37m2024-05-16 14:38:34,917 [INFO] - Validation epoch stats:   Loss: 0.3070 - F1-Score: 0.8821 - Accuracy-Score: 0.8821 - AUROC: 0.9714 - AP: 0.8796
[37m2024-05-16 14:38:34,977 [INFO] - Epoch: 44/50
[37m2024-05-16 14:38:34,977 [INFO] - Extracting training cells
[37m2024-05-16 14:38:43,898 [INFO] - Extraction detection metrics - F1: 0.773, Precision: 0.825, Recall: 0.743, Detected-Cells: 5284
[37m2024-05-16 14:38:44,088 [INFO] - Training epoch stats:     Loss: 0.2495 - F1-Score: 0.9061 - Accuracy-Score: 0.9061 - AUROC: 0.9857 - AP: 0.9218
[37m2024-05-16 14:38:44,215 [INFO] - Validation epoch stats:   Loss: 0.3093 - F1-Score: 0.8790 - Accuracy-Score: 0.8790 - AUROC: 0.9700 - AP: 0.8767
[37m2024-05-16 14:38:44,278 [INFO] - Epoch: 45/50
[37m2024-05-16 14:38:44,279 [INFO] - Extracting training cells
[37m2024-05-16 14:38:53,579 [INFO] - Extraction detection metrics - F1: 0.752, Precision: 0.849, Recall: 0.693, Detected-Cells: 5320
[37m2024-05-16 14:38:53,776 [INFO] - Training epoch stats:     Loss: 0.1321 - F1-Score: 0.9547 - Accuracy-Score: 0.9547 - AUROC: 0.9955 - AP: 0.9808
[37m2024-05-16 14:38:53,908 [INFO] - Validation epoch stats:   Loss: 0.3054 - F1-Score: 0.8838 - Accuracy-Score: 0.8838 - AUROC: 0.9708 - AP: 0.8780
[37m2024-05-16 14:38:53,964 [INFO] - Epoch: 46/50
[37m2024-05-16 14:38:53,964 [INFO] - Extracting training cells
[37m2024-05-16 14:39:03,106 [INFO] - Extraction detection metrics - F1: 0.768, Precision: 0.836, Recall: 0.724, Detected-Cells: 5095
[37m2024-05-16 14:39:03,261 [INFO] - Training epoch stats:     Loss: 0.1582 - F1-Score: 0.9354 - Accuracy-Score: 0.9354 - AUROC: 0.9931 - AP: 0.9735
[37m2024-05-16 14:39:03,368 [INFO] - Validation epoch stats:   Loss: 0.3046 - F1-Score: 0.8864 - Accuracy-Score: 0.8864 - AUROC: 0.9718 - AP: 0.8795
[37m2024-05-16 14:39:03,432 [INFO] - Epoch: 47/50
[37m2024-05-16 14:39:03,433 [INFO] - Extracting training cells
[37m2024-05-16 14:39:12,574 [INFO] - Extraction detection metrics - F1: 0.767, Precision: 0.838, Recall: 0.720, Detected-Cells: 5415
[37m2024-05-16 14:39:12,779 [INFO] - Training epoch stats:     Loss: 0.2533 - F1-Score: 0.9199 - Accuracy-Score: 0.9199 - AUROC: 0.9862 - AP: 0.9588
[37m2024-05-16 14:39:12,910 [INFO] - Validation epoch stats:   Loss: 0.3100 - F1-Score: 0.8800 - Accuracy-Score: 0.8800 - AUROC: 0.9702 - AP: 0.8776
[37m2024-05-16 14:39:12,966 [INFO] - Epoch: 48/50
[37m2024-05-16 14:39:12,966 [INFO] - Extracting training cells
[37m2024-05-16 14:39:22,784 [INFO] - Extraction detection metrics - F1: 0.770, Precision: 0.840, Recall: 0.725, Detected-Cells: 5467
[37m2024-05-16 14:39:23,151 [INFO] - Training epoch stats:     Loss: 0.2801 - F1-Score: 0.9171 - Accuracy-Score: 0.9171 - AUROC: 0.9739 - AP: 0.8981
[37m2024-05-16 14:39:23,279 [INFO] - Validation epoch stats:   Loss: 0.3183 - F1-Score: 0.8759 - Accuracy-Score: 0.8759 - AUROC: 0.9677 - AP: 0.8714
[37m2024-05-16 14:39:23,280 [INFO] - Performing early stopping!
[37m2024-05-16 14:39:23,291 [INFO] - Finished run yfwdicht
