[37m2024-08-11 19:42:25,139 [INFO] - Instantiated Logger. WandB init and config update finished.
[37m2024-08-11 19:42:25,141 [INFO] - Run ist stored here: /cellvit/logs_paper/Head-Evaluation/ocelot/Virchow/Amount/No-Aug/25/Seed-3/2024-08-11T194215_CellViT-Virchow-25Percent
[37m2024-08-11 19:42:25,222 [INFO] - Cuda devices: [<torch.cuda.device object at 0x7f68af50ee30>]
[37m2024-08-11 19:42:25,228 [INFO] - Using GPU: cuda:0
[37m2024-08-11 19:42:25,233 [INFO] - Using device: cuda:0
[37m2024-08-11 19:42:25,239 [INFO] - Loss function:
[37m2024-08-11 19:42:25,244 [INFO] - CrossEntropyLoss()
[37m2024-08-11 19:42:53,081 [INFO] - <All keys matched successfully>
[37m2024-08-11 19:42:55,555 [INFO] -
==========================================================================================
Layer (type:depth-idx)                   Output Shape              Param #
==========================================================================================
LinearClassifier                         [1, 2]                    --
├─Linear: 1-1                            [1, 128]                  163,968
├─ReLU: 1-2                              [1, 128]                  --
├─Dropout: 1-3                           [1, 128]                  --
├─Linear: 1-4                            [1, 2]                    258
==========================================================================================
Total params: 164,226
Trainable params: 164,226
Non-trainable params: 0
Total mult-adds (M): 0.16
==========================================================================================
Input size (MB): 0.01
Forward/backward pass size (MB): 0.00
Params size (MB): 0.66
Estimated Total Size (MB): 0.66
==========================================================================================
[37m2024-08-11 19:42:55,580 [INFO] - Loaded AdamW Optimizer with following hyperparameters:
[37m2024-08-11 19:42:55,585 [INFO] - {'betas': [0.85, 0.9], 'lr': 0.0004303882065443299, 'weight_decay': 0.0006034678620960006}
[37m2024-08-11 19:42:55,590 [INFO] - Using early stopping with a range of 20 and maximize strategy
[37m2024-08-11 19:42:55,613 [INFO] - Caching datasets
[37m2024-08-11 19:42:58,579 [INFO] - Instantiate Trainer
[37m2024-08-11 19:42:58,592 [INFO] - Calling Trainer Fit
[37m2024-08-11 19:42:58,597 [INFO] - Dataset is cached after first epoch
[37m2024-08-11 19:42:58,602 [INFO] - Starting training, total number of epochs: 50
[37m2024-08-11 19:42:58,607 [INFO] - Epoch: 1/50
[37m2024-08-11 19:43:02,015 [INFO] - Loaded dataset from cache: /OCELOT-Orig/cache/8dc9c688244a030831053c6e6ce7a69f57d5cad335365554de327377c2d6b882.h5
[37m2024-08-11 19:43:02,903 [INFO] - Training epoch stats:     Loss: 0.3116 - F1-Score: 0.8984 - Accuracy-Score: 0.8666 - AUROC: 0.9427 - AP: 0.9621
[37m2024-08-11 19:43:07,536 [INFO] - Loaded dataset from cache: /OCELOT-Orig/cache/b9c748f76a42e9a5b6619f0756b1e70745a509b6263a3cac0bf6f7cad71394d3.h5
[37m2024-08-11 19:43:07,967 [INFO] - Validation epoch stats:   Loss: 0.3776 - F1-Score: 0.8859 - Accuracy-Score: 0.8563 - AUROC: 0.9124 - AP: 0.9432
[37m2024-08-11 19:43:07,973 [INFO] - New best model - save checkpoint
[37m2024-08-11 19:43:08,194 [INFO] - Epoch: 2/50
[37m2024-08-11 19:43:08,779 [INFO] - Training epoch stats:     Loss: 0.1540 - F1-Score: 0.9549 - Accuracy-Score: 0.9431 - AUROC: 0.9842 - AP: 0.9896
[37m2024-08-11 19:43:09,208 [INFO] - Validation epoch stats:   Loss: 0.4243 - F1-Score: 0.8729 - Accuracy-Score: 0.8433 - AUROC: 0.9092 - AP: 0.9408
[37m2024-08-11 19:43:09,271 [INFO] - Epoch: 3/50
[37m2024-08-11 19:43:09,762 [INFO] - Training epoch stats:     Loss: 0.1306 - F1-Score: 0.9620 - Accuracy-Score: 0.9522 - AUROC: 0.9887 - AP: 0.9926
[37m2024-08-11 19:43:10,140 [INFO] - Validation epoch stats:   Loss: 0.4651 - F1-Score: 0.8618 - Accuracy-Score: 0.8319 - AUROC: 0.9054 - AP: 0.9376
[37m2024-08-11 19:43:10,207 [INFO] - Epoch: 4/50
[37m2024-08-11 19:43:10,651 [INFO] - Training epoch stats:     Loss: 0.1147 - F1-Score: 0.9656 - Accuracy-Score: 0.9568 - AUROC: 0.9914 - AP: 0.9946
[37m2024-08-11 19:43:11,060 [INFO] - Validation epoch stats:   Loss: 0.4745 - F1-Score: 0.8659 - Accuracy-Score: 0.8357 - AUROC: 0.9047 - AP: 0.9365
[37m2024-08-11 19:43:11,133 [INFO] - Epoch: 5/50
[37m2024-08-11 19:43:11,682 [INFO] - Training epoch stats:     Loss: 0.1042 - F1-Score: 0.9687 - Accuracy-Score: 0.9605 - AUROC: 0.9929 - AP: 0.9956
[37m2024-08-11 19:43:12,106 [INFO] - Validation epoch stats:   Loss: 0.5590 - F1-Score: 0.8370 - Accuracy-Score: 0.8084 - AUROC: 0.8999 - AP: 0.9313
[37m2024-08-11 19:43:12,170 [INFO] - Epoch: 6/50
[37m2024-08-11 19:43:12,733 [INFO] - Training epoch stats:     Loss: 0.0977 - F1-Score: 0.9709 - Accuracy-Score: 0.9634 - AUROC: 0.9938 - AP: 0.9962
[37m2024-08-11 19:43:13,168 [INFO] - Validation epoch stats:   Loss: 0.5748 - F1-Score: 0.8393 - Accuracy-Score: 0.8103 - AUROC: 0.8988 - AP: 0.9324
[37m2024-08-11 19:43:13,231 [INFO] - Epoch: 7/50
[37m2024-08-11 19:43:13,791 [INFO] - Training epoch stats:     Loss: 0.0894 - F1-Score: 0.9739 - Accuracy-Score: 0.9671 - AUROC: 0.9949 - AP: 0.9969
[37m2024-08-11 19:43:14,166 [INFO] - Validation epoch stats:   Loss: 0.5832 - F1-Score: 0.8419 - Accuracy-Score: 0.8125 - AUROC: 0.8990 - AP: 0.9318
[37m2024-08-11 19:43:14,224 [INFO] - Epoch: 8/50
[37m2024-08-11 19:43:14,713 [INFO] - Training epoch stats:     Loss: 0.0837 - F1-Score: 0.9751 - Accuracy-Score: 0.9687 - AUROC: 0.9955 - AP: 0.9973
[37m2024-08-11 19:43:15,462 [INFO] - Validation epoch stats:   Loss: 0.5811 - F1-Score: 0.8496 - Accuracy-Score: 0.8200 - AUROC: 0.9001 - AP: 0.9325
[37m2024-08-11 19:43:15,528 [INFO] - Epoch: 9/50
[37m2024-08-11 19:43:16,082 [INFO] - Training epoch stats:     Loss: 0.0794 - F1-Score: 0.9764 - Accuracy-Score: 0.9704 - AUROC: 0.9961 - AP: 0.9976
[37m2024-08-11 19:43:16,545 [INFO] - Validation epoch stats:   Loss: 0.5986 - F1-Score: 0.8502 - Accuracy-Score: 0.8206 - AUROC: 0.9017 - AP: 0.9359
[37m2024-08-11 19:43:16,608 [INFO] - Epoch: 10/50
[37m2024-08-11 19:43:17,193 [INFO] - Training epoch stats:     Loss: 0.0736 - F1-Score: 0.9780 - Accuracy-Score: 0.9724 - AUROC: 0.9967 - AP: 0.9980
[37m2024-08-11 19:43:17,679 [INFO] - Validation epoch stats:   Loss: 0.5962 - F1-Score: 0.8545 - Accuracy-Score: 0.8247 - AUROC: 0.9008 - AP: 0.9344
[37m2024-08-11 19:43:17,745 [INFO] - Epoch: 11/50
[37m2024-08-11 19:43:18,316 [INFO] - Training epoch stats:     Loss: 0.0698 - F1-Score: 0.9793 - Accuracy-Score: 0.9740 - AUROC: 0.9970 - AP: 0.9982
[37m2024-08-11 19:43:18,755 [INFO] - Validation epoch stats:   Loss: 0.6186 - F1-Score: 0.8489 - Accuracy-Score: 0.8196 - AUROC: 0.9028 - AP: 0.9362
[37m2024-08-11 19:43:18,824 [INFO] - Epoch: 12/50
[37m2024-08-11 19:43:19,390 [INFO] - Training epoch stats:     Loss: 0.0675 - F1-Score: 0.9801 - Accuracy-Score: 0.9750 - AUROC: 0.9973 - AP: 0.9984
[37m2024-08-11 19:43:19,826 [INFO] - Validation epoch stats:   Loss: 0.6086 - F1-Score: 0.8545 - Accuracy-Score: 0.8244 - AUROC: 0.9010 - AP: 0.9350
[37m2024-08-11 19:43:19,895 [INFO] - Epoch: 13/50
[37m2024-08-11 19:43:20,469 [INFO] - Training epoch stats:     Loss: 0.0616 - F1-Score: 0.9823 - Accuracy-Score: 0.9778 - AUROC: 0.9978 - AP: 0.9987
[37m2024-08-11 19:43:20,933 [INFO] - Validation epoch stats:   Loss: 0.6767 - F1-Score: 0.8396 - Accuracy-Score: 0.8103 - AUROC: 0.8981 - AP: 0.9332
[37m2024-08-11 19:43:20,996 [INFO] - Epoch: 14/50
[37m2024-08-11 19:43:21,569 [INFO] - Training epoch stats:     Loss: 0.0586 - F1-Score: 0.9833 - Accuracy-Score: 0.9790 - AUROC: 0.9980 - AP: 0.9988
[37m2024-08-11 19:43:22,029 [INFO] - Validation epoch stats:   Loss: 0.6918 - F1-Score: 0.8373 - Accuracy-Score: 0.8079 - AUROC: 0.8969 - AP: 0.9321
[37m2024-08-11 19:43:22,086 [INFO] - Epoch: 15/50
[37m2024-08-11 19:43:22,646 [INFO] - Training epoch stats:     Loss: 0.0567 - F1-Score: 0.9838 - Accuracy-Score: 0.9797 - AUROC: 0.9982 - AP: 0.9989
[37m2024-08-11 19:43:23,117 [INFO] - Validation epoch stats:   Loss: 0.7359 - F1-Score: 0.8300 - Accuracy-Score: 0.8019 - AUROC: 0.8986 - AP: 0.9333
[37m2024-08-11 19:43:23,172 [INFO] - Epoch: 16/50
[37m2024-08-11 19:43:23,757 [INFO] - Training epoch stats:     Loss: 0.0531 - F1-Score: 0.9851 - Accuracy-Score: 0.9814 - AUROC: 0.9985 - AP: 0.9991
[37m2024-08-11 19:43:24,227 [INFO] - Validation epoch stats:   Loss: 0.6873 - F1-Score: 0.8467 - Accuracy-Score: 0.8171 - AUROC: 0.8987 - AP: 0.9333
[37m2024-08-11 19:43:24,292 [INFO] - Epoch: 17/50
[37m2024-08-11 19:43:24,851 [INFO] - Training epoch stats:     Loss: 0.0501 - F1-Score: 0.9859 - Accuracy-Score: 0.9824 - AUROC: 0.9986 - AP: 0.9992
[37m2024-08-11 19:43:25,268 [INFO] - Validation epoch stats:   Loss: 0.7029 - F1-Score: 0.8445 - Accuracy-Score: 0.8151 - AUROC: 0.8998 - AP: 0.9341
[37m2024-08-11 19:43:25,326 [INFO] - Epoch: 18/50
[37m2024-08-11 19:43:25,795 [INFO] - Training epoch stats:     Loss: 0.0479 - F1-Score: 0.9869 - Accuracy-Score: 0.9836 - AUROC: 0.9988 - AP: 0.9993
[37m2024-08-11 19:43:26,181 [INFO] - Validation epoch stats:   Loss: 0.7225 - F1-Score: 0.8420 - Accuracy-Score: 0.8127 - AUROC: 0.8985 - AP: 0.9334
[37m2024-08-11 19:43:26,241 [INFO] - Epoch: 19/50
[37m2024-08-11 19:43:26,796 [INFO] - Training epoch stats:     Loss: 0.0457 - F1-Score: 0.9879 - Accuracy-Score: 0.9848 - AUROC: 0.9990 - AP: 0.9994
[37m2024-08-11 19:43:27,214 [INFO] - Validation epoch stats:   Loss: 0.7800 - F1-Score: 0.8334 - Accuracy-Score: 0.8048 - AUROC: 0.8974 - AP: 0.9324
[37m2024-08-11 19:43:27,282 [INFO] - Epoch: 20/50
[37m2024-08-11 19:43:27,842 [INFO] - Training epoch stats:     Loss: 0.0438 - F1-Score: 0.9885 - Accuracy-Score: 0.9856 - AUROC: 0.9991 - AP: 0.9994
[37m2024-08-11 19:43:28,275 [INFO] - Validation epoch stats:   Loss: 0.7466 - F1-Score: 0.8423 - Accuracy-Score: 0.8129 - AUROC: 0.8982 - AP: 0.9330
[37m2024-08-11 19:43:28,338 [INFO] - Epoch: 21/50
[37m2024-08-11 19:43:28,934 [INFO] - Training epoch stats:     Loss: 0.0423 - F1-Score: 0.9894 - Accuracy-Score: 0.9867 - AUROC: 0.9991 - AP: 0.9995
[37m2024-08-11 19:43:29,369 [INFO] - Validation epoch stats:   Loss: 0.7725 - F1-Score: 0.8408 - Accuracy-Score: 0.8115 - AUROC: 0.8975 - AP: 0.9320
[37m2024-08-11 19:43:29,374 [INFO] - Performing early stopping!
[37m2024-08-11 19:43:29,381 [INFO] - Finished run uh25t8k5
