[37m2024-06-28 06:33:12,467 [INFO] - Instantiated Logger. WandB init and config update finished.
[37m2024-06-28 06:33:12,469 [INFO] - Run ist stored here: /cellvit/logs_paper/Head-Evaluation/CoNSeP/SAM-H/Amount/2024-06-28T063303_Amount-8-Seed-5
[37m2024-06-28 06:33:12,534 [INFO] - Cuda devices: [<torch.cuda.device object at 0x7f8ba8974640>]
[37m2024-06-28 06:33:12,535 [INFO] - Using GPU: cuda:0
[37m2024-06-28 06:33:12,554 [INFO] - Using device: cuda:0
[37m2024-06-28 06:33:12,560 [INFO] - Loss function:
[37m2024-06-28 06:33:12,563 [INFO] - CrossEntropyLoss()
[37m2024-06-28 06:35:30,164 [INFO] - <All keys matched successfully>
[37m2024-06-28 06:35:47,967 [INFO] -
==========================================================================================
Layer (type:depth-idx)                   Output Shape              Param #
==========================================================================================
LinearClassifier                         [1, 4]                    --
├─Linear: 1-1                            [1, 128]                  163,968
├─ReLU: 1-2                              [1, 128]                  --
├─Dropout: 1-3                           [1, 128]                  --
├─Linear: 1-4                            [1, 4]                    516
==========================================================================================
Total params: 164,484
Trainable params: 164,484
Non-trainable params: 0
Total mult-adds (M): 0.16
==========================================================================================
Input size (MB): 0.01
Forward/backward pass size (MB): 0.00
Params size (MB): 0.66
Estimated Total Size (MB): 0.66
==========================================================================================
[37m2024-06-28 06:35:47,979 [INFO] - Loaded AdamW Optimizer with following hyperparameters:
[37m2024-06-28 06:35:47,979 [INFO] - {'betas': [0.85, 0.9], 'lr': 0.0005, 'weight_decay': 0.0005}
[37m2024-06-28 06:35:47,984 [INFO] - Using early stopping with a range of 20 and maximize strategy
[37m2024-06-28 06:35:48,000 [INFO] - Caching datasets
[37m2024-06-28 06:35:48,943 [INFO] - Instantiate Trainer
[37m2024-06-28 06:35:48,948 [INFO] - Calling Trainer Fit
[37m2024-06-28 06:35:48,950 [INFO] - Dataset is cached after first epoch
[37m2024-06-28 06:35:48,955 [INFO] - Starting training, total number of epochs: 50
[37m2024-06-28 06:35:48,961 [INFO] - Epoch: 1/50
[37m2024-06-28 06:35:49,833 [INFO] - Loaded dataset from cache: /Consep/cache/1325164cab005ae26d0c24b56c05f0caedfb200d324af36dac545831e010d206.h5
[37m2024-06-28 06:35:50,464 [INFO] - Training epoch stats:     Loss: 0.6711 - F1-Score: 0.7476 - Accuracy-Score: 0.7476 - AUROC: 0.8663 - AP: 0.6544
[37m2024-06-28 06:35:51,806 [INFO] - Loaded dataset from cache: /Consep/cache/1f728da27af6daed7b166ce5447f5dec18916e3679cb7b74ddaefb4a67df10d2.h5
[37m2024-06-28 06:35:52,012 [INFO] - Validation epoch stats:   Loss: 0.3958 - F1-Score: 0.8508 - Accuracy-Score: 0.8508 - AUROC: 0.9502 - AP: 0.8334
[37m2024-06-28 06:35:52,013 [INFO] - New best model - save checkpoint
[37m2024-06-28 06:35:52,164 [INFO] - Epoch: 2/50
[37m2024-06-28 06:35:52,322 [INFO] - Training epoch stats:     Loss: 0.2424 - F1-Score: 0.9112 - Accuracy-Score: 0.9112 - AUROC: 0.9765 - AP: 0.8888
[37m2024-06-28 06:35:52,444 [INFO] - Validation epoch stats:   Loss: 0.4053 - F1-Score: 0.8438 - Accuracy-Score: 0.8438 - AUROC: 0.9503 - AP: 0.8429
[37m2024-06-28 06:35:52,445 [INFO] - New best model - save checkpoint
[37m2024-06-28 06:35:52,594 [INFO] - Epoch: 3/50
[37m2024-06-28 06:35:52,751 [INFO] - Training epoch stats:     Loss: 0.1861 - F1-Score: 0.9308 - Accuracy-Score: 0.9308 - AUROC: 0.9868 - AP: 0.9372
[37m2024-06-28 06:35:52,872 [INFO] - Validation epoch stats:   Loss: 0.3974 - F1-Score: 0.8519 - Accuracy-Score: 0.8519 - AUROC: 0.9507 - AP: 0.8482
[37m2024-06-28 06:35:52,873 [INFO] - New best model - save checkpoint
[37m2024-06-28 06:35:53,044 [INFO] - Epoch: 4/50
[37m2024-06-28 06:35:53,202 [INFO] - Training epoch stats:     Loss: 0.1400 - F1-Score: 0.9504 - Accuracy-Score: 0.9504 - AUROC: 0.9928 - AP: 0.9650
[37m2024-06-28 06:35:53,325 [INFO] - Validation epoch stats:   Loss: 0.4089 - F1-Score: 0.8520 - Accuracy-Score: 0.8520 - AUROC: 0.9505 - AP: 0.8450
[37m2024-06-28 06:35:53,378 [INFO] - Epoch: 5/50
[37m2024-06-28 06:35:53,532 [INFO] - Training epoch stats:     Loss: 0.1137 - F1-Score: 0.9574 - Accuracy-Score: 0.9574 - AUROC: 0.9958 - AP: 0.9766
[37m2024-06-28 06:35:53,750 [INFO] - Validation epoch stats:   Loss: 0.3993 - F1-Score: 0.8591 - Accuracy-Score: 0.8591 - AUROC: 0.9484 - AP: 0.8384
[37m2024-06-28 06:35:53,817 [INFO] - Epoch: 6/50
[37m2024-06-28 06:35:53,964 [INFO] - Training epoch stats:     Loss: 0.0885 - F1-Score: 0.9684 - Accuracy-Score: 0.9684 - AUROC: 0.9979 - AP: 0.9863
[37m2024-06-28 06:35:54,085 [INFO] - Validation epoch stats:   Loss: 0.4181 - F1-Score: 0.8587 - Accuracy-Score: 0.8587 - AUROC: 0.9467 - AP: 0.8390
[37m2024-06-28 06:35:54,153 [INFO] - Epoch: 7/50
[37m2024-06-28 06:35:54,300 [INFO] - Training epoch stats:     Loss: 0.0694 - F1-Score: 0.9775 - Accuracy-Score: 0.9775 - AUROC: 0.9987 - AP: 0.9925
[37m2024-06-28 06:35:54,418 [INFO] - Validation epoch stats:   Loss: 0.4387 - F1-Score: 0.8548 - Accuracy-Score: 0.8548 - AUROC: 0.9443 - AP: 0.8331
[37m2024-06-28 06:35:54,488 [INFO] - Epoch: 8/50
[37m2024-06-28 06:35:54,637 [INFO] - Training epoch stats:     Loss: 0.0520 - F1-Score: 0.9859 - Accuracy-Score: 0.9859 - AUROC: 0.9996 - AP: 0.9971
[37m2024-06-28 06:35:54,984 [INFO] - Validation epoch stats:   Loss: 0.4487 - F1-Score: 0.8605 - Accuracy-Score: 0.8605 - AUROC: 0.9429 - AP: 0.8348
[37m2024-06-28 06:35:55,037 [INFO] - Epoch: 9/50
[37m2024-06-28 06:35:55,425 [INFO] - Training epoch stats:     Loss: 0.0460 - F1-Score: 0.9875 - Accuracy-Score: 0.9875 - AUROC: 0.9997 - AP: 0.9983
[37m2024-06-28 06:35:55,564 [INFO] - Validation epoch stats:   Loss: 0.4928 - F1-Score: 0.8536 - Accuracy-Score: 0.8536 - AUROC: 0.9398 - AP: 0.8284
[37m2024-06-28 06:35:55,615 [INFO] - Epoch: 10/50
[37m2024-06-28 06:35:55,866 [INFO] - Training epoch stats:     Loss: 0.0381 - F1-Score: 0.9893 - Accuracy-Score: 0.9893 - AUROC: 0.9997 - AP: 0.9982
[37m2024-06-28 06:35:56,172 [INFO] - Validation epoch stats:   Loss: 0.4816 - F1-Score: 0.8594 - Accuracy-Score: 0.8594 - AUROC: 0.9426 - AP: 0.8299
[37m2024-06-28 06:35:56,247 [INFO] - Epoch: 11/50
[37m2024-06-28 06:35:56,404 [INFO] - Training epoch stats:     Loss: 0.0297 - F1-Score: 0.9929 - Accuracy-Score: 0.9929 - AUROC: 0.9999 - AP: 0.9993
[37m2024-06-28 06:35:56,595 [INFO] - Validation epoch stats:   Loss: 0.5198 - F1-Score: 0.8553 - Accuracy-Score: 0.8553 - AUROC: 0.9406 - AP: 0.8279
[37m2024-06-28 06:35:56,645 [INFO] - Epoch: 12/50
[37m2024-06-28 06:35:56,812 [INFO] - Training epoch stats:     Loss: 0.0237 - F1-Score: 0.9956 - Accuracy-Score: 0.9956 - AUROC: 0.9999 - AP: 0.9995
[37m2024-06-28 06:35:56,941 [INFO] - Validation epoch stats:   Loss: 0.5270 - F1-Score: 0.8568 - Accuracy-Score: 0.8568 - AUROC: 0.9388 - AP: 0.8267
[37m2024-06-28 06:35:57,030 [INFO] - Epoch: 13/50
[37m2024-06-28 06:35:57,873 [INFO] - Training epoch stats:     Loss: 0.0220 - F1-Score: 0.9963 - Accuracy-Score: 0.9963 - AUROC: 0.9999 - AP: 0.9998
[37m2024-06-28 06:35:58,171 [INFO] - Validation epoch stats:   Loss: 0.6055 - F1-Score: 0.8460 - Accuracy-Score: 0.8460 - AUROC: 0.9399 - AP: 0.8295
[37m2024-06-28 06:35:58,223 [INFO] - Epoch: 14/50
[37m2024-06-28 06:35:58,562 [INFO] - Training epoch stats:     Loss: 0.0154 - F1-Score: 0.9976 - Accuracy-Score: 0.9976 - AUROC: 1.0000 - AP: 0.9999
[37m2024-06-28 06:35:58,737 [INFO] - Validation epoch stats:   Loss: 0.5917 - F1-Score: 0.8581 - Accuracy-Score: 0.8581 - AUROC: 0.9393 - AP: 0.8288
[37m2024-06-28 06:35:58,855 [INFO] - Epoch: 15/50
[37m2024-06-28 06:35:59,039 [INFO] - Training epoch stats:     Loss: 0.0134 - F1-Score: 0.9976 - Accuracy-Score: 0.9976 - AUROC: 1.0000 - AP: 0.9999
[37m2024-06-28 06:35:59,227 [INFO] - Validation epoch stats:   Loss: 0.6316 - F1-Score: 0.8496 - Accuracy-Score: 0.8496 - AUROC: 0.9392 - AP: 0.8273
[37m2024-06-28 06:35:59,287 [INFO] - Epoch: 16/50
[37m2024-06-28 06:35:59,559 [INFO] - Training epoch stats:     Loss: 0.0115 - F1-Score: 0.9987 - Accuracy-Score: 0.9987 - AUROC: 1.0000 - AP: 0.9999
[37m2024-06-28 06:35:59,766 [INFO] - Validation epoch stats:   Loss: 0.6192 - F1-Score: 0.8553 - Accuracy-Score: 0.8553 - AUROC: 0.9369 - AP: 0.8255
[37m2024-06-28 06:35:59,910 [INFO] - Epoch: 17/50
[37m2024-06-28 06:36:00,134 [INFO] - Training epoch stats:     Loss: 0.0092 - F1-Score: 0.9984 - Accuracy-Score: 0.9984 - AUROC: 1.0000 - AP: 1.0000
[37m2024-06-28 06:36:00,274 [INFO] - Validation epoch stats:   Loss: 0.6838 - F1-Score: 0.8507 - Accuracy-Score: 0.8507 - AUROC: 0.9363 - AP: 0.8253
[37m2024-06-28 06:36:00,355 [INFO] - Epoch: 18/50
[37m2024-06-28 06:36:00,517 [INFO] - Training epoch stats:     Loss: 0.0079 - F1-Score: 0.9982 - Accuracy-Score: 0.9982 - AUROC: 1.0000 - AP: 0.9999
[37m2024-06-28 06:36:01,068 [INFO] - Validation epoch stats:   Loss: 0.7422 - F1-Score: 0.8435 - Accuracy-Score: 0.8435 - AUROC: 0.9384 - AP: 0.8246
[37m2024-06-28 06:36:01,121 [INFO] - Epoch: 19/50
[37m2024-06-28 06:36:01,374 [INFO] - Training epoch stats:     Loss: 0.0072 - F1-Score: 0.9990 - Accuracy-Score: 0.9990 - AUROC: 1.0000 - AP: 1.0000
[37m2024-06-28 06:36:01,609 [INFO] - Validation epoch stats:   Loss: 0.7508 - F1-Score: 0.8452 - Accuracy-Score: 0.8452 - AUROC: 0.9384 - AP: 0.8231
[37m2024-06-28 06:36:01,715 [INFO] - Epoch: 20/50
[37m2024-06-28 06:36:01,970 [INFO] - Training epoch stats:     Loss: 0.0083 - F1-Score: 0.9984 - Accuracy-Score: 0.9984 - AUROC: 1.0000 - AP: 0.9999
[37m2024-06-28 06:36:02,963 [INFO] - Validation epoch stats:   Loss: 0.6857 - F1-Score: 0.8603 - Accuracy-Score: 0.8603 - AUROC: 0.9404 - AP: 0.8297
[37m2024-06-28 06:36:03,116 [INFO] - Epoch: 21/50
[37m2024-06-28 06:36:03,328 [INFO] - Training epoch stats:     Loss: 0.0057 - F1-Score: 0.9992 - Accuracy-Score: 0.9992 - AUROC: 1.0000 - AP: 0.9999
[37m2024-06-28 06:36:03,495 [INFO] - Validation epoch stats:   Loss: 0.7150 - F1-Score: 0.8555 - Accuracy-Score: 0.8555 - AUROC: 0.9391 - AP: 0.8269
[37m2024-06-28 06:36:03,546 [INFO] - Epoch: 22/50
[37m2024-06-28 06:36:03,775 [INFO] - Training epoch stats:     Loss: 0.0049 - F1-Score: 0.9992 - Accuracy-Score: 0.9992 - AUROC: 1.0000 - AP: 1.0000
[37m2024-06-28 06:36:04,056 [INFO] - Validation epoch stats:   Loss: 0.7737 - F1-Score: 0.8524 - Accuracy-Score: 0.8524 - AUROC: 0.9372 - AP: 0.8217
[37m2024-06-28 06:36:04,138 [INFO] - Epoch: 23/50
[37m2024-06-28 06:36:04,307 [INFO] - Training epoch stats:     Loss: 0.0071 - F1-Score: 0.9992 - Accuracy-Score: 0.9992 - AUROC: 1.0000 - AP: 0.9998
[37m2024-06-28 06:36:04,866 [INFO] - Validation epoch stats:   Loss: 0.8355 - F1-Score: 0.8405 - Accuracy-Score: 0.8405 - AUROC: 0.9344 - AP: 0.8145
[37m2024-06-28 06:36:04,867 [INFO] - Performing early stopping!
[37m2024-06-28 06:36:04,875 [INFO] - Finished run kie3z30i
