[37m2024-06-25 08:07:52,606 [INFO] - Instantiated Logger. WandB init and config update finished.
[37m2024-06-25 08:07:52,607 [INFO] - Run ist stored here: /cellvit/logs_paper/Head-Evaluation/ocelot/ViT256/Amount/Aug/100/2024-06-25T080742_CellViT-ViT256-100Percent
[37m2024-06-25 08:07:52,668 [INFO] - Cuda devices: [<torch.cuda.device object at 0x7f289f78c610>]
[37m2024-06-25 08:07:52,672 [INFO] - Using GPU: cuda:0
[37m2024-06-25 08:07:52,676 [INFO] - Using device: cuda:0
[37m2024-06-25 08:07:52,680 [INFO] - Loss function:
[37m2024-06-25 08:07:52,684 [INFO] - CrossEntropyLoss()
[37m2024-06-25 08:07:55,874 [INFO] - <All keys matched successfully>
[37m2024-06-25 08:07:56,216 [INFO] -
==========================================================================================
Layer (type:depth-idx)                   Output Shape              Param #
==========================================================================================
LinearClassifier                         [1, 2]                    --
├─Linear: 1-1                            [1, 256]                  98,560
├─ReLU: 1-2                              [1, 256]                  --
├─Dropout: 1-3                           [1, 256]                  --
├─Linear: 1-4                            [1, 2]                    514
==========================================================================================
Total params: 99,074
Trainable params: 99,074
Non-trainable params: 0
Total mult-adds (M): 0.10
==========================================================================================
Input size (MB): 0.00
Forward/backward pass size (MB): 0.00
Params size (MB): 0.40
Estimated Total Size (MB): 0.40
==========================================================================================
[37m2024-06-25 08:07:56,218 [INFO] - Loaded AdamW Optimizer with following hyperparameters:
[37m2024-06-25 08:07:56,223 [INFO] - {'betas': [0.85, 0.9], 'lr': 4.4403255414468894e-05, 'weight_decay': 8.22969479387945e-05}
[37m2024-06-25 08:07:56,228 [INFO] - Using early stopping with a range of 10 and maximize strategy
[37m2024-06-25 08:07:56,246 [INFO] - Caching datasets
[37m2024-06-25 08:08:00,707 [INFO] - Instantiate Trainer
[37m2024-06-25 08:08:00,710 [INFO] - Calling Trainer Fit
[37m2024-06-25 08:08:00,713 [INFO] - Starting training, total number of epochs: 50
[37m2024-06-25 08:08:00,717 [INFO] - Epoch: 1/50
[37m2024-06-25 08:08:00,720 [INFO] - Extracting training cells
[37m2024-06-25 08:10:41,547 [INFO] - Extraction detection metrics - F1: 0.702, Precision: 0.687, Recall: 0.780, Detected-Cells: 48310
[37m2024-06-25 08:10:43,171 [INFO] - Training epoch stats:     Loss: 0.5897 - F1-Score: 0.8024 - Accuracy-Score: 0.7227 - AUROC: 0.8009 - AP: 0.8583
[37m2024-06-25 08:10:45,073 [INFO] - Loaded dataset from cache: /OCELOT-Orig/cache/84a96648cf0731d52e69bfe32a74428f944857015825e7a06ae5f471f93f4855.h5
[37m2024-06-25 08:10:46,181 [INFO] - Validation epoch stats:   Loss: 0.4946 - F1-Score: 0.8573 - Accuracy-Score: 0.8091 - AUROC: 0.8898 - AP: 0.9335
[37m2024-06-25 08:10:46,184 [INFO] - New best model - save checkpoint
[37m2024-06-25 08:10:46,484 [INFO] - Epoch: 2/50
[37m2024-06-25 08:10:46,486 [INFO] - Extracting training cells
[37m2024-06-25 08:13:15,399 [INFO] - Extraction detection metrics - F1: 0.694, Precision: 0.681, Recall: 0.774, Detected-Cells: 47691
[37m2024-06-25 08:13:17,265 [INFO] - Training epoch stats:     Loss: 0.4316 - F1-Score: 0.8626 - Accuracy-Score: 0.8225 - AUROC: 0.8948 - AP: 0.9236
[37m2024-06-25 08:13:17,765 [INFO] - Validation epoch stats:   Loss: 0.4023 - F1-Score: 0.8635 - Accuracy-Score: 0.8260 - AUROC: 0.9004 - AP: 0.9403
[37m2024-06-25 08:13:17,766 [INFO] - New best model - save checkpoint
[37m2024-06-25 08:13:17,929 [INFO] - Epoch: 3/50
[37m2024-06-25 08:13:17,930 [INFO] - Extracting training cells
[37m2024-06-25 08:15:59,662 [INFO] - Extraction detection metrics - F1: 0.700, Precision: 0.684, Recall: 0.784, Detected-Cells: 48672
[37m2024-06-25 08:16:01,359 [INFO] - Training epoch stats:     Loss: 0.3882 - F1-Score: 0.8695 - Accuracy-Score: 0.8348 - AUROC: 0.9013 - AP: 0.9285
[37m2024-06-25 08:16:01,843 [INFO] - Validation epoch stats:   Loss: 0.3810 - F1-Score: 0.8696 - Accuracy-Score: 0.8363 - AUROC: 0.9096 - AP: 0.9461
[37m2024-06-25 08:16:01,844 [INFO] - New best model - save checkpoint
[37m2024-06-25 08:16:02,003 [INFO] - Epoch: 4/50
[37m2024-06-25 08:16:02,004 [INFO] - Extracting training cells
[37m2024-06-25 08:18:31,637 [INFO] - Extraction detection metrics - F1: 0.699, Precision: 0.684, Recall: 0.781, Detected-Cells: 47573
[37m2024-06-25 08:18:33,064 [INFO] - Training epoch stats:     Loss: 0.3744 - F1-Score: 0.8708 - Accuracy-Score: 0.8343 - AUROC: 0.9055 - AP: 0.9355
[37m2024-06-25 08:18:33,428 [INFO] - Validation epoch stats:   Loss: 0.3808 - F1-Score: 0.8682 - Accuracy-Score: 0.8359 - AUROC: 0.9102 - AP: 0.9457
[37m2024-06-25 08:18:33,430 [INFO] - New best model - save checkpoint
[37m2024-06-25 08:18:33,579 [INFO] - Epoch: 5/50
[37m2024-06-25 08:18:33,580 [INFO] - Extracting training cells
[37m2024-06-25 08:20:57,531 [INFO] - Extraction detection metrics - F1: 0.701, Precision: 0.682, Recall: 0.784, Detected-Cells: 49179
[37m2024-06-25 08:20:59,457 [INFO] - Training epoch stats:     Loss: 0.3646 - F1-Score: 0.8746 - Accuracy-Score: 0.8427 - AUROC: 0.9117 - AP: 0.9370
[37m2024-06-25 08:20:59,803 [INFO] - Validation epoch stats:   Loss: 0.3799 - F1-Score: 0.8672 - Accuracy-Score: 0.8334 - AUROC: 0.9072 - AP: 0.9434
[37m2024-06-25 08:20:59,857 [INFO] - Epoch: 6/50
[37m2024-06-25 08:20:59,857 [INFO] - Extracting training cells
[37m2024-06-25 08:23:23,485 [INFO] - Extraction detection metrics - F1: 0.698, Precision: 0.682, Recall: 0.781, Detected-Cells: 48142
[37m2024-06-25 08:23:25,564 [INFO] - Training epoch stats:     Loss: 0.3564 - F1-Score: 0.8787 - Accuracy-Score: 0.8473 - AUROC: 0.9156 - AP: 0.9407
[37m2024-06-25 08:23:25,990 [INFO] - Validation epoch stats:   Loss: 0.3844 - F1-Score: 0.8648 - Accuracy-Score: 0.8326 - AUROC: 0.9086 - AP: 0.9445
[37m2024-06-25 08:23:26,036 [INFO] - Epoch: 7/50
[37m2024-06-25 08:23:26,037 [INFO] - Extracting training cells
[37m2024-06-25 08:25:59,319 [INFO] - Extraction detection metrics - F1: 0.706, Precision: 0.690, Recall: 0.789, Detected-Cells: 49183
[37m2024-06-25 08:26:01,465 [INFO] - Training epoch stats:     Loss: 0.3486 - F1-Score: 0.8803 - Accuracy-Score: 0.8489 - AUROC: 0.9192 - AP: 0.9432
[37m2024-06-25 08:26:01,892 [INFO] - Validation epoch stats:   Loss: 0.3863 - F1-Score: 0.8639 - Accuracy-Score: 0.8320 - AUROC: 0.9079 - AP: 0.9434
[37m2024-06-25 08:26:01,944 [INFO] - Epoch: 8/50
[37m2024-06-25 08:26:01,945 [INFO] - Extracting training cells
[37m2024-06-25 08:28:36,855 [INFO] - Extraction detection metrics - F1: 0.701, Precision: 0.686, Recall: 0.783, Detected-Cells: 49369
[37m2024-06-25 08:28:38,256 [INFO] - Training epoch stats:     Loss: 0.3442 - F1-Score: 0.8803 - Accuracy-Score: 0.8497 - AUROC: 0.9219 - AP: 0.9447
[37m2024-06-25 08:28:38,595 [INFO] - Validation epoch stats:   Loss: 0.3818 - F1-Score: 0.8663 - Accuracy-Score: 0.8334 - AUROC: 0.9077 - AP: 0.9436
[37m2024-06-25 08:28:38,645 [INFO] - Epoch: 9/50
[37m2024-06-25 08:28:38,646 [INFO] - Extracting training cells
[37m2024-06-25 08:31:11,812 [INFO] - Extraction detection metrics - F1: 0.702, Precision: 0.684, Recall: 0.787, Detected-Cells: 48227
[37m2024-06-25 08:31:13,467 [INFO] - Training epoch stats:     Loss: 0.3335 - F1-Score: 0.8864 - Accuracy-Score: 0.8572 - AUROC: 0.9267 - AP: 0.9470
[37m2024-06-25 08:31:14,065 [INFO] - Validation epoch stats:   Loss: 0.3838 - F1-Score: 0.8668 - Accuracy-Score: 0.8347 - AUROC: 0.9086 - AP: 0.9440
[37m2024-06-25 08:31:14,114 [INFO] - Epoch: 10/50
[37m2024-06-25 08:31:14,114 [INFO] - Extracting training cells
[37m2024-06-25 08:33:45,822 [INFO] - Extraction detection metrics - F1: 0.702, Precision: 0.688, Recall: 0.784, Detected-Cells: 49327
[37m2024-06-25 08:33:47,368 [INFO] - Training epoch stats:     Loss: 0.3245 - F1-Score: 0.8867 - Accuracy-Score: 0.8582 - AUROC: 0.9311 - AP: 0.9516
[37m2024-06-25 08:33:48,021 [INFO] - Validation epoch stats:   Loss: 0.3889 - F1-Score: 0.8658 - Accuracy-Score: 0.8344 - AUROC: 0.9084 - AP: 0.9437
[37m2024-06-25 08:33:48,076 [INFO] - Epoch: 11/50
[37m2024-06-25 08:33:48,077 [INFO] - Extracting training cells
[37m2024-06-25 08:36:19,930 [INFO] - Extraction detection metrics - F1: 0.703, Precision: 0.686, Recall: 0.785, Detected-Cells: 48750
[37m2024-06-25 08:36:21,558 [INFO] - Training epoch stats:     Loss: 0.3285 - F1-Score: 0.8867 - Accuracy-Score: 0.8577 - AUROC: 0.9289 - AP: 0.9490
[37m2024-06-25 08:36:21,919 [INFO] - Validation epoch stats:   Loss: 0.3878 - F1-Score: 0.8650 - Accuracy-Score: 0.8328 - AUROC: 0.9070 - AP: 0.9423
[37m2024-06-25 08:36:21,968 [INFO] - Epoch: 12/50
[37m2024-06-25 08:36:21,968 [INFO] - Extracting training cells
[37m2024-06-25 08:38:48,470 [INFO] - Extraction detection metrics - F1: 0.706, Precision: 0.690, Recall: 0.787, Detected-Cells: 47848
[37m2024-06-25 08:38:50,168 [INFO] - Training epoch stats:     Loss: 0.3273 - F1-Score: 0.8882 - Accuracy-Score: 0.8586 - AUROC: 0.9293 - AP: 0.9512
[37m2024-06-25 08:38:50,520 [INFO] - Validation epoch stats:   Loss: 0.3950 - F1-Score: 0.8610 - Accuracy-Score: 0.8290 - AUROC: 0.9056 - AP: 0.9414
[37m2024-06-25 08:38:50,574 [INFO] - Epoch: 13/50
[37m2024-06-25 08:38:50,575 [INFO] - Extracting training cells
[37m2024-06-25 08:41:26,485 [INFO] - Extraction detection metrics - F1: 0.698, Precision: 0.683, Recall: 0.781, Detected-Cells: 49131
[37m2024-06-25 08:41:27,965 [INFO] - Training epoch stats:     Loss: 0.3208 - F1-Score: 0.8901 - Accuracy-Score: 0.8618 - AUROC: 0.9326 - AP: 0.9529
[37m2024-06-25 08:41:28,527 [INFO] - Validation epoch stats:   Loss: 0.3938 - F1-Score: 0.8628 - Accuracy-Score: 0.8311 - AUROC: 0.9064 - AP: 0.9420
[37m2024-06-25 08:41:28,573 [INFO] - Epoch: 14/50
[37m2024-06-25 08:41:28,574 [INFO] - Extracting training cells
[37m2024-06-25 08:43:58,520 [INFO] - Extraction detection metrics - F1: 0.696, Precision: 0.681, Recall: 0.779, Detected-Cells: 47353
[37m2024-06-25 08:44:00,384 [INFO] - Training epoch stats:     Loss: 0.3221 - F1-Score: 0.8911 - Accuracy-Score: 0.8623 - AUROC: 0.9317 - AP: 0.9522
[37m2024-06-25 08:44:00,957 [INFO] - Validation epoch stats:   Loss: 0.3909 - F1-Score: 0.8644 - Accuracy-Score: 0.8326 - AUROC: 0.9076 - AP: 0.9430
[37m2024-06-25 08:44:00,958 [INFO] - Performing early stopping!
[37m2024-06-25 08:44:00,965 [INFO] - Finished run qr5extb2
