[37m2024-06-28 08:34:07,085 [INFO] - Instantiated Logger. WandB init and config update finished.
[37m2024-06-28 08:34:07,087 [INFO] - Run ist stored here: /cellvit/logs_paper/Head-Evaluation/CoNSeP/SAM-H/Amount-DA/2024-06-28T083358_Amount-5-Seed-3
[37m2024-06-28 08:34:07,152 [INFO] - Cuda devices: [<torch.cuda.device object at 0x7fe009d987f0>]
[37m2024-06-28 08:34:07,153 [INFO] - Using GPU: cuda:0
[37m2024-06-28 08:34:07,159 [INFO] - Using device: cuda:0
[37m2024-06-28 08:34:07,164 [INFO] - Loss function:
[37m2024-06-28 08:34:07,169 [INFO] - CrossEntropyLoss()
[37m2024-06-28 08:34:24,281 [INFO] - <All keys matched successfully>
[37m2024-06-28 08:34:25,345 [INFO] -
==========================================================================================
Layer (type:depth-idx)                   Output Shape              Param #
==========================================================================================
LinearClassifier                         [1, 4]                    --
├─Linear: 1-1                            [1, 128]                  163,968
├─ReLU: 1-2                              [1, 128]                  --
├─Dropout: 1-3                           [1, 128]                  --
├─Linear: 1-4                            [1, 4]                    516
==========================================================================================
Total params: 164,484
Trainable params: 164,484
Non-trainable params: 0
Total mult-adds (M): 0.16
==========================================================================================
Input size (MB): 0.01
Forward/backward pass size (MB): 0.00
Params size (MB): 0.66
Estimated Total Size (MB): 0.66
==========================================================================================
[37m2024-06-28 08:34:25,348 [INFO] - Loaded AdamW Optimizer with following hyperparameters:
[37m2024-06-28 08:34:25,352 [INFO] - {'betas': [0.85, 0.9], 'lr': 0.0005, 'weight_decay': 0.0005}
[37m2024-06-28 08:34:25,358 [INFO] - Using early stopping with a range of 20 and maximize strategy
[37m2024-06-28 08:34:25,372 [INFO] - Caching datasets
[37m2024-06-28 08:34:26,142 [INFO] - Instantiate Trainer
[37m2024-06-28 08:34:26,147 [INFO] - Calling Trainer Fit
[37m2024-06-28 08:34:26,150 [INFO] - Starting training, total number of epochs: 50
[37m2024-06-28 08:34:26,155 [INFO] - Epoch: 1/50
[37m2024-06-28 08:34:26,160 [INFO] - Extracting training cells
[37m2024-06-28 08:34:32,696 [INFO] - Extraction detection metrics - F1: 0.775, Precision: 0.864, Recall: 0.716, Detected-Cells: 1912
[37m2024-06-28 08:34:32,861 [INFO] - Training epoch stats:     Loss: 0.7667 - F1-Score: 0.6982 - Accuracy-Score: 0.6982 - AUROC: 0.8293 - AP: 0.6013
[37m2024-06-28 08:34:34,095 [INFO] - Loaded dataset from cache: /Consep/cache/1f728da27af6daed7b166ce5447f5dec18916e3679cb7b74ddaefb4a67df10d2.h5
[37m2024-06-28 08:34:34,222 [INFO] - Validation epoch stats:   Loss: 0.6350 - F1-Score: 0.7580 - Accuracy-Score: 0.7580 - AUROC: 0.8308 - AP: 0.6536
[37m2024-06-28 08:34:34,223 [INFO] - New best model - save checkpoint
[37m2024-06-28 08:34:34,372 [INFO] - Epoch: 2/50
[37m2024-06-28 08:34:34,373 [INFO] - Extracting training cells
[37m2024-06-28 08:34:38,422 [INFO] - Extraction detection metrics - F1: 0.740, Precision: 0.879, Recall: 0.666, Detected-Cells: 2042
[37m2024-06-28 08:34:38,511 [INFO] - Training epoch stats:     Loss: 0.3781 - F1-Score: 0.8756 - Accuracy-Score: 0.8756 - AUROC: 0.9575 - AP: 0.8503
[37m2024-06-28 08:34:38,645 [INFO] - Validation epoch stats:   Loss: 0.5438 - F1-Score: 0.8153 - Accuracy-Score: 0.8153 - AUROC: 0.9387 - AP: 0.8181
[37m2024-06-28 08:34:38,646 [INFO] - New best model - save checkpoint
[37m2024-06-28 08:34:38,836 [INFO] - Epoch: 3/50
[37m2024-06-28 08:34:38,836 [INFO] - Extracting training cells
[37m2024-06-28 08:34:42,308 [INFO] - Extraction detection metrics - F1: 0.754, Precision: 0.865, Recall: 0.679, Detected-Cells: 1587
[37m2024-06-28 08:34:42,383 [INFO] - Training epoch stats:     Loss: 0.4276 - F1-Score: 0.8557 - Accuracy-Score: 0.8557 - AUROC: 0.9568 - AP: 0.8647
[37m2024-06-28 08:34:42,516 [INFO] - Validation epoch stats:   Loss: 0.5277 - F1-Score: 0.8031 - Accuracy-Score: 0.8031 - AUROC: 0.9469 - AP: 0.8307
[37m2024-06-28 08:34:42,517 [INFO] - New best model - save checkpoint
[37m2024-06-28 08:34:42,709 [INFO] - Epoch: 4/50
[37m2024-06-28 08:34:42,710 [INFO] - Extracting training cells
[37m2024-06-28 08:34:47,248 [INFO] - Extraction detection metrics - F1: 0.797, Precision: 0.890, Recall: 0.736, Detected-Cells: 2081
[37m2024-06-28 08:34:47,342 [INFO] - Training epoch stats:     Loss: 0.3040 - F1-Score: 0.8967 - Accuracy-Score: 0.8967 - AUROC: 0.9776 - AP: 0.9117
[37m2024-06-28 08:34:47,486 [INFO] - Validation epoch stats:   Loss: 0.5179 - F1-Score: 0.8079 - Accuracy-Score: 0.8079 - AUROC: 0.9454 - AP: 0.8338
[37m2024-06-28 08:34:47,535 [INFO] - Epoch: 5/50
[37m2024-06-28 08:34:47,535 [INFO] - Extracting training cells
[37m2024-06-28 08:34:51,677 [INFO] - Extraction detection metrics - F1: 0.723, Precision: 0.862, Recall: 0.641, Detected-Cells: 1927
[37m2024-06-28 08:34:51,763 [INFO] - Training epoch stats:     Loss: 0.2820 - F1-Score: 0.9061 - Accuracy-Score: 0.9061 - AUROC: 0.9769 - AP: 0.9166
[37m2024-06-28 08:34:51,899 [INFO] - Validation epoch stats:   Loss: 0.4365 - F1-Score: 0.8381 - Accuracy-Score: 0.8381 - AUROC: 0.9503 - AP: 0.8408
[37m2024-06-28 08:34:51,900 [INFO] - New best model - save checkpoint
[37m2024-06-28 08:34:52,056 [INFO] - Epoch: 6/50
[37m2024-06-28 08:34:52,056 [INFO] - Extracting training cells
[37m2024-06-28 08:34:55,991 [INFO] - Extraction detection metrics - F1: 0.768, Precision: 0.879, Recall: 0.703, Detected-Cells: 2117
[37m2024-06-28 08:34:56,081 [INFO] - Training epoch stats:     Loss: 0.2279 - F1-Score: 0.9154 - Accuracy-Score: 0.9154 - AUROC: 0.9843 - AP: 0.9423
[37m2024-06-28 08:34:56,212 [INFO] - Validation epoch stats:   Loss: 0.4384 - F1-Score: 0.8376 - Accuracy-Score: 0.8376 - AUROC: 0.9546 - AP: 0.8460
[37m2024-06-28 08:34:56,213 [INFO] - New best model - save checkpoint
[37m2024-06-28 08:34:56,365 [INFO] - Epoch: 7/50
[37m2024-06-28 08:34:56,366 [INFO] - Extracting training cells
[37m2024-06-28 08:35:00,551 [INFO] - Extraction detection metrics - F1: 0.709, Precision: 0.803, Recall: 0.668, Detected-Cells: 1701
[37m2024-06-28 08:35:00,865 [INFO] - Training epoch stats:     Loss: 0.3230 - F1-Score: 0.8942 - Accuracy-Score: 0.8942 - AUROC: 0.9672 - AP: 0.8765
[37m2024-06-28 08:35:00,996 [INFO] - Validation epoch stats:   Loss: 0.4694 - F1-Score: 0.8316 - Accuracy-Score: 0.8316 - AUROC: 0.9484 - AP: 0.7937
[37m2024-06-28 08:35:01,056 [INFO] - Epoch: 8/50
[37m2024-06-28 08:35:01,057 [INFO] - Extracting training cells
[37m2024-06-28 08:35:04,917 [INFO] - Extraction detection metrics - F1: 0.738, Precision: 0.848, Recall: 0.668, Detected-Cells: 1970
[37m2024-06-28 08:35:05,005 [INFO] - Training epoch stats:     Loss: 0.2551 - F1-Score: 0.9041 - Accuracy-Score: 0.9041 - AUROC: 0.9855 - AP: 0.9441
[37m2024-06-28 08:35:05,141 [INFO] - Validation epoch stats:   Loss: 0.4362 - F1-Score: 0.8440 - Accuracy-Score: 0.8440 - AUROC: 0.9489 - AP: 0.8219
[37m2024-06-28 08:35:05,200 [INFO] - Epoch: 9/50
[37m2024-06-28 08:35:05,201 [INFO] - Extracting training cells
[37m2024-06-28 08:35:08,985 [INFO] - Extraction detection metrics - F1: 0.675, Precision: 0.803, Recall: 0.603, Detected-Cells: 1326
[37m2024-06-28 08:35:09,050 [INFO] - Training epoch stats:     Loss: 0.2813 - F1-Score: 0.9087 - Accuracy-Score: 0.9087 - AUROC: 0.9735 - AP: 0.8707
[37m2024-06-28 08:35:09,181 [INFO] - Validation epoch stats:   Loss: 0.5781 - F1-Score: 0.7944 - Accuracy-Score: 0.7944 - AUROC: 0.9444 - AP: 0.8324
[37m2024-06-28 08:35:09,247 [INFO] - Epoch: 10/50
[37m2024-06-28 08:35:09,248 [INFO] - Extracting training cells
[37m2024-06-28 08:35:13,490 [INFO] - Extraction detection metrics - F1: 0.721, Precision: 0.825, Recall: 0.656, Detected-Cells: 1666
[37m2024-06-28 08:35:13,578 [INFO] - Training epoch stats:     Loss: 0.7622 - F1-Score: 0.7803 - Accuracy-Score: 0.7803 - AUROC: 0.8960 - AP: 0.7528
[37m2024-06-28 08:35:13,729 [INFO] - Validation epoch stats:   Loss: 0.6455 - F1-Score: 0.7638 - Accuracy-Score: 0.7638 - AUROC: 0.9170 - AP: 0.7914
[37m2024-06-28 08:35:13,787 [INFO] - Epoch: 11/50
[37m2024-06-28 08:35:13,787 [INFO] - Extracting training cells
[37m2024-06-28 08:35:17,950 [INFO] - Extraction detection metrics - F1: 0.707, Precision: 0.885, Recall: 0.633, Detected-Cells: 2034
[37m2024-06-28 08:35:18,034 [INFO] - Training epoch stats:     Loss: 0.4239 - F1-Score: 0.8653 - Accuracy-Score: 0.8653 - AUROC: 0.9704 - AP: 0.9004
[37m2024-06-28 08:35:18,170 [INFO] - Validation epoch stats:   Loss: 0.5089 - F1-Score: 0.8215 - Accuracy-Score: 0.8215 - AUROC: 0.9395 - AP: 0.8228
[37m2024-06-28 08:35:18,231 [INFO] - Epoch: 12/50
[37m2024-06-28 08:35:18,232 [INFO] - Extracting training cells
[37m2024-06-28 08:35:22,699 [INFO] - Extraction detection metrics - F1: 0.703, Precision: 0.878, Recall: 0.615, Detected-Cells: 1964
[37m2024-06-28 08:35:22,791 [INFO] - Training epoch stats:     Loss: 0.2770 - F1-Score: 0.9063 - Accuracy-Score: 0.9063 - AUROC: 0.9802 - AP: 0.9374
[37m2024-06-28 08:35:22,924 [INFO] - Validation epoch stats:   Loss: 0.4382 - F1-Score: 0.8369 - Accuracy-Score: 0.8369 - AUROC: 0.9494 - AP: 0.8391
[37m2024-06-28 08:35:22,991 [INFO] - Epoch: 13/50
[37m2024-06-28 08:35:22,991 [INFO] - Extracting training cells
[37m2024-06-28 08:35:27,430 [INFO] - Extraction detection metrics - F1: 0.721, Precision: 0.870, Recall: 0.638, Detected-Cells: 1955
[37m2024-06-28 08:35:27,506 [INFO] - Training epoch stats:     Loss: 0.2220 - F1-Score: 0.9192 - Accuracy-Score: 0.9192 - AUROC: 0.9874 - AP: 0.9556
[37m2024-06-28 08:35:27,619 [INFO] - Validation epoch stats:   Loss: 0.4964 - F1-Score: 0.8186 - Accuracy-Score: 0.8186 - AUROC: 0.9464 - AP: 0.8351
[37m2024-06-28 08:35:27,670 [INFO] - Epoch: 14/50
[37m2024-06-28 08:35:27,671 [INFO] - Extracting training cells
[37m2024-06-28 08:35:31,386 [INFO] - Extraction detection metrics - F1: 0.751, Precision: 0.852, Recall: 0.683, Detected-Cells: 1932
[37m2024-06-28 08:35:31,477 [INFO] - Training epoch stats:     Loss: 0.5469 - F1-Score: 0.8571 - Accuracy-Score: 0.8571 - AUROC: 0.9361 - AP: 0.8042
[37m2024-06-28 08:35:31,619 [INFO] - Validation epoch stats:   Loss: 0.5843 - F1-Score: 0.7703 - Accuracy-Score: 0.7703 - AUROC: 0.8833 - AP: 0.6775
[37m2024-06-28 08:35:31,673 [INFO] - Epoch: 15/50
[37m2024-06-28 08:35:31,674 [INFO] - Extracting training cells
[37m2024-06-28 08:35:36,080 [INFO] - Extraction detection metrics - F1: 0.722, Precision: 0.866, Recall: 0.642, Detected-Cells: 1921
[37m2024-06-28 08:35:36,165 [INFO] - Training epoch stats:     Loss: 0.2580 - F1-Score: 0.9099 - Accuracy-Score: 0.9099 - AUROC: 0.9779 - AP: 0.9288
[37m2024-06-28 08:35:36,295 [INFO] - Validation epoch stats:   Loss: 0.4741 - F1-Score: 0.8172 - Accuracy-Score: 0.8172 - AUROC: 0.9482 - AP: 0.7917
[37m2024-06-28 08:35:36,359 [INFO] - Epoch: 16/50
[37m2024-06-28 08:35:36,359 [INFO] - Extracting training cells
[37m2024-06-28 08:35:40,550 [INFO] - Extraction detection metrics - F1: 0.754, Precision: 0.886, Recall: 0.677, Detected-Cells: 1996
[37m2024-06-28 08:35:40,650 [INFO] - Training epoch stats:     Loss: 0.2134 - F1-Score: 0.9233 - Accuracy-Score: 0.9233 - AUROC: 0.9876 - AP: 0.9589
[37m2024-06-28 08:35:40,785 [INFO] - Validation epoch stats:   Loss: 0.4074 - F1-Score: 0.8447 - Accuracy-Score: 0.8447 - AUROC: 0.9567 - AP: 0.8404
[37m2024-06-28 08:35:40,786 [INFO] - New best model - save checkpoint
[37m2024-06-28 08:35:40,944 [INFO] - Epoch: 17/50
[37m2024-06-28 08:35:40,944 [INFO] - Extracting training cells
[37m2024-06-28 08:35:45,341 [INFO] - Extraction detection metrics - F1: 0.726, Precision: 0.869, Recall: 0.641, Detected-Cells: 1727
[37m2024-06-28 08:35:45,417 [INFO] - Training epoch stats:     Loss: 0.5551 - F1-Score: 0.8078 - Accuracy-Score: 0.8078 - AUROC: 0.9355 - AP: 0.8208
[37m2024-06-28 08:35:45,547 [INFO] - Validation epoch stats:   Loss: 0.4502 - F1-Score: 0.8260 - Accuracy-Score: 0.8260 - AUROC: 0.9552 - AP: 0.8450
[37m2024-06-28 08:35:45,607 [INFO] - Epoch: 18/50
[37m2024-06-28 08:35:45,608 [INFO] - Extracting training cells
[37m2024-06-28 08:35:49,462 [INFO] - Extraction detection metrics - F1: 0.712, Precision: 0.847, Recall: 0.641, Detected-Cells: 1691
[37m2024-06-28 08:35:49,538 [INFO] - Training epoch stats:     Loss: 0.3354 - F1-Score: 0.8770 - Accuracy-Score: 0.8770 - AUROC: 0.9709 - AP: 0.8661
[37m2024-06-28 08:35:49,672 [INFO] - Validation epoch stats:   Loss: 0.4646 - F1-Score: 0.8368 - Accuracy-Score: 0.8368 - AUROC: 0.9535 - AP: 0.8352
[37m2024-06-28 08:35:49,737 [INFO] - Epoch: 19/50
[37m2024-06-28 08:35:49,737 [INFO] - Extracting training cells
[37m2024-06-28 08:35:54,223 [INFO] - Extraction detection metrics - F1: 0.767, Precision: 0.889, Recall: 0.693, Detected-Cells: 2057
[37m2024-06-28 08:35:54,324 [INFO] - Training epoch stats:     Loss: 0.1915 - F1-Score: 0.9222 - Accuracy-Score: 0.9222 - AUROC: 0.9899 - AP: 0.9597
[37m2024-06-28 08:35:54,485 [INFO] - Validation epoch stats:   Loss: 0.4257 - F1-Score: 0.8428 - Accuracy-Score: 0.8428 - AUROC: 0.9539 - AP: 0.8300
[37m2024-06-28 08:35:54,545 [INFO] - Epoch: 20/50
[37m2024-06-28 08:35:54,546 [INFO] - Extracting training cells
[37m2024-06-28 08:35:58,845 [INFO] - Extraction detection metrics - F1: 0.758, Precision: 0.868, Recall: 0.690, Detected-Cells: 2058
[37m2024-06-28 08:35:58,970 [INFO] - Training epoch stats:     Loss: 0.1535 - F1-Score: 0.9334 - Accuracy-Score: 0.9334 - AUROC: 0.9934 - AP: 0.9733
[37m2024-06-28 08:35:59,130 [INFO] - Validation epoch stats:   Loss: 0.4559 - F1-Score: 0.8380 - Accuracy-Score: 0.8380 - AUROC: 0.9499 - AP: 0.8365
[37m2024-06-28 08:35:59,190 [INFO] - Epoch: 21/50
[37m2024-06-28 08:35:59,190 [INFO] - Extracting training cells
[37m2024-06-28 08:36:03,349 [INFO] - Extraction detection metrics - F1: 0.696, Precision: 0.842, Recall: 0.636, Detected-Cells: 1596
[37m2024-06-28 08:36:03,423 [INFO] - Training epoch stats:     Loss: 0.5089 - F1-Score: 0.8503 - Accuracy-Score: 0.8503 - AUROC: 0.9398 - AP: 0.8181
[37m2024-06-28 08:36:03,552 [INFO] - Validation epoch stats:   Loss: 0.5327 - F1-Score: 0.7981 - Accuracy-Score: 0.7981 - AUROC: 0.9394 - AP: 0.8181
[37m2024-06-28 08:36:03,612 [INFO] - Epoch: 22/50
[37m2024-06-28 08:36:03,612 [INFO] - Extracting training cells
[37m2024-06-28 08:36:07,951 [INFO] - Extraction detection metrics - F1: 0.735, Precision: 0.890, Recall: 0.659, Detected-Cells: 1840
[37m2024-06-28 08:36:08,034 [INFO] - Training epoch stats:     Loss: 0.6629 - F1-Score: 0.7783 - Accuracy-Score: 0.7783 - AUROC: 0.9106 - AP: 0.7793
[37m2024-06-28 08:36:08,165 [INFO] - Validation epoch stats:   Loss: 0.6562 - F1-Score: 0.6823 - Accuracy-Score: 0.6823 - AUROC: 0.9165 - AP: 0.7921
[37m2024-06-28 08:36:08,227 [INFO] - Epoch: 23/50
[37m2024-06-28 08:36:08,228 [INFO] - Extracting training cells
[37m2024-06-28 08:36:12,170 [INFO] - Extraction detection metrics - F1: 0.753, Precision: 0.839, Recall: 0.698, Detected-Cells: 1753
[37m2024-06-28 08:36:12,252 [INFO] - Training epoch stats:     Loss: 0.3922 - F1-Score: 0.8716 - Accuracy-Score: 0.8716 - AUROC: 0.9796 - AP: 0.9033
[37m2024-06-28 08:36:12,382 [INFO] - Validation epoch stats:   Loss: 0.4805 - F1-Score: 0.8239 - Accuracy-Score: 0.8239 - AUROC: 0.9486 - AP: 0.8355
[37m2024-06-28 08:36:12,433 [INFO] - Epoch: 24/50
[37m2024-06-28 08:36:12,434 [INFO] - Extracting training cells
[37m2024-06-28 08:36:16,553 [INFO] - Extraction detection metrics - F1: 0.728, Precision: 0.890, Recall: 0.652, Detected-Cells: 2040
[37m2024-06-28 08:36:16,655 [INFO] - Training epoch stats:     Loss: 0.2027 - F1-Score: 0.9343 - Accuracy-Score: 0.9343 - AUROC: 0.9895 - AP: 0.9578
[37m2024-06-28 08:36:16,795 [INFO] - Validation epoch stats:   Loss: 0.5594 - F1-Score: 0.8023 - Accuracy-Score: 0.8023 - AUROC: 0.9473 - AP: 0.8277
[37m2024-06-28 08:36:16,857 [INFO] - Epoch: 25/50
[37m2024-06-28 08:36:16,857 [INFO] - Extracting training cells
[37m2024-06-28 08:36:21,530 [INFO] - Extraction detection metrics - F1: 0.718, Precision: 0.896, Recall: 0.631, Detected-Cells: 2041
[37m2024-06-28 08:36:21,617 [INFO] - Training epoch stats:     Loss: 0.2220 - F1-Score: 0.9167 - Accuracy-Score: 0.9167 - AUROC: 0.9899 - AP: 0.9617
[37m2024-06-28 08:36:21,750 [INFO] - Validation epoch stats:   Loss: 0.4772 - F1-Score: 0.8309 - Accuracy-Score: 0.8309 - AUROC: 0.9500 - AP: 0.8303
[37m2024-06-28 08:36:21,812 [INFO] - Epoch: 26/50
[37m2024-06-28 08:36:21,813 [INFO] - Extracting training cells
[37m2024-06-28 08:36:25,874 [INFO] - Extraction detection metrics - F1: 0.759, Precision: 0.887, Recall: 0.681, Detected-Cells: 2019
[37m2024-06-28 08:36:25,973 [INFO] - Training epoch stats:     Loss: 0.2062 - F1-Score: 0.9242 - Accuracy-Score: 0.9242 - AUROC: 0.9893 - AP: 0.9618
[37m2024-06-28 08:36:26,159 [INFO] - Validation epoch stats:   Loss: 0.4440 - F1-Score: 0.8431 - Accuracy-Score: 0.8431 - AUROC: 0.9516 - AP: 0.8339
[37m2024-06-28 08:36:26,214 [INFO] - Epoch: 27/50
[37m2024-06-28 08:36:26,215 [INFO] - Extracting training cells
[37m2024-06-28 08:36:30,135 [INFO] - Extraction detection metrics - F1: 0.693, Precision: 0.882, Recall: 0.604, Detected-Cells: 1972
[37m2024-06-28 08:36:30,246 [INFO] - Training epoch stats:     Loss: 0.2044 - F1-Score: 0.9290 - Accuracy-Score: 0.9290 - AUROC: 0.9893 - AP: 0.9604
[37m2024-06-28 08:36:30,379 [INFO] - Validation epoch stats:   Loss: 0.4497 - F1-Score: 0.8421 - Accuracy-Score: 0.8421 - AUROC: 0.9514 - AP: 0.8378
[37m2024-06-28 08:36:30,441 [INFO] - Epoch: 28/50
[37m2024-06-28 08:36:30,441 [INFO] - Extracting training cells
[37m2024-06-28 08:36:34,735 [INFO] - Extraction detection metrics - F1: 0.710, Precision: 0.855, Recall: 0.628, Detected-Cells: 1884
[37m2024-06-28 08:36:34,823 [INFO] - Training epoch stats:     Loss: 0.1766 - F1-Score: 0.9374 - Accuracy-Score: 0.9374 - AUROC: 0.9932 - AP: 0.9755
[37m2024-06-28 08:36:34,960 [INFO] - Validation epoch stats:   Loss: 0.4431 - F1-Score: 0.8443 - Accuracy-Score: 0.8443 - AUROC: 0.9519 - AP: 0.8404
[37m2024-06-28 08:36:35,022 [INFO] - Epoch: 29/50
[37m2024-06-28 08:36:35,022 [INFO] - Extracting training cells
[37m2024-06-28 08:36:39,013 [INFO] - Extraction detection metrics - F1: 0.721, Precision: 0.872, Recall: 0.643, Detected-Cells: 1989
[37m2024-06-28 08:36:39,103 [INFO] - Training epoch stats:     Loss: 0.1558 - F1-Score: 0.9447 - Accuracy-Score: 0.9447 - AUROC: 0.9934 - AP: 0.9758
[37m2024-06-28 08:36:39,238 [INFO] - Validation epoch stats:   Loss: 0.4568 - F1-Score: 0.8376 - Accuracy-Score: 0.8376 - AUROC: 0.9513 - AP: 0.8419
[37m2024-06-28 08:36:39,301 [INFO] - Epoch: 30/50
[37m2024-06-28 08:36:39,302 [INFO] - Extracting training cells
[37m2024-06-28 08:36:43,203 [INFO] - Extraction detection metrics - F1: 0.740, Precision: 0.859, Recall: 0.680, Detected-Cells: 1577
[37m2024-06-28 08:36:43,278 [INFO] - Training epoch stats:     Loss: 0.3944 - F1-Score: 0.8478 - Accuracy-Score: 0.8478 - AUROC: 0.9707 - AP: 0.9139
[37m2024-06-28 08:36:43,652 [INFO] - Validation epoch stats:   Loss: 0.4385 - F1-Score: 0.8404 - Accuracy-Score: 0.8404 - AUROC: 0.9525 - AP: 0.8442
[37m2024-06-28 08:36:43,705 [INFO] - Epoch: 31/50
[37m2024-06-28 08:36:43,706 [INFO] - Extracting training cells
[37m2024-06-28 08:36:47,923 [INFO] - Extraction detection metrics - F1: 0.756, Precision: 0.886, Recall: 0.687, Detected-Cells: 2093
[37m2024-06-28 08:36:48,012 [INFO] - Training epoch stats:     Loss: 0.1557 - F1-Score: 0.9403 - Accuracy-Score: 0.9403 - AUROC: 0.9939 - AP: 0.9776
[37m2024-06-28 08:36:48,128 [INFO] - Validation epoch stats:   Loss: 0.4292 - F1-Score: 0.8426 - Accuracy-Score: 0.8426 - AUROC: 0.9534 - AP: 0.8454
[37m2024-06-28 08:36:48,197 [INFO] - Epoch: 32/50
[37m2024-06-28 08:36:48,197 [INFO] - Extracting training cells
[37m2024-06-28 08:36:52,070 [INFO] - Extraction detection metrics - F1: 0.740, Precision: 0.864, Recall: 0.660, Detected-Cells: 1944
[37m2024-06-28 08:36:52,162 [INFO] - Training epoch stats:     Loss: 0.1626 - F1-Score: 0.9336 - Accuracy-Score: 0.9336 - AUROC: 0.9942 - AP: 0.9783
[37m2024-06-28 08:36:52,298 [INFO] - Validation epoch stats:   Loss: 0.4420 - F1-Score: 0.8399 - Accuracy-Score: 0.8399 - AUROC: 0.9527 - AP: 0.8453
[37m2024-06-28 08:36:52,364 [INFO] - Epoch: 33/50
[37m2024-06-28 08:36:52,364 [INFO] - Extracting training cells
[37m2024-06-28 08:36:56,016 [INFO] - Extraction detection metrics - F1: 0.703, Precision: 0.810, Recall: 0.645, Detected-Cells: 1001
[37m2024-06-28 08:36:56,073 [INFO] - Training epoch stats:     Loss: 0.3412 - F1-Score: 0.8811 - Accuracy-Score: 0.8811 - AUROC: 0.9682 - AP: 0.8640
[37m2024-06-28 08:36:56,209 [INFO] - Validation epoch stats:   Loss: 0.4393 - F1-Score: 0.8421 - Accuracy-Score: 0.8421 - AUROC: 0.9528 - AP: 0.8455
[37m2024-06-28 08:36:56,269 [INFO] - Epoch: 34/50
[37m2024-06-28 08:36:56,270 [INFO] - Extracting training cells
[37m2024-06-28 08:37:00,445 [INFO] - Extraction detection metrics - F1: 0.751, Precision: 0.795, Recall: 0.717, Detected-Cells: 1744
[37m2024-06-28 08:37:00,535 [INFO] - Training epoch stats:     Loss: 0.1960 - F1-Score: 0.9272 - Accuracy-Score: 0.9272 - AUROC: 0.9895 - AP: 0.9614
[37m2024-06-28 08:37:00,668 [INFO] - Validation epoch stats:   Loss: 0.4357 - F1-Score: 0.8460 - Accuracy-Score: 0.8460 - AUROC: 0.9527 - AP: 0.8431
[37m2024-06-28 08:37:00,725 [INFO] - Epoch: 35/50
[37m2024-06-28 08:37:00,726 [INFO] - Extracting training cells
[37m2024-06-28 08:37:05,457 [INFO] - Extraction detection metrics - F1: 0.750, Precision: 0.869, Recall: 0.671, Detected-Cells: 1948
[37m2024-06-28 08:37:05,558 [INFO] - Training epoch stats:     Loss: 0.1544 - F1-Score: 0.9446 - Accuracy-Score: 0.9446 - AUROC: 0.9946 - AP: 0.9804
[37m2024-06-28 08:37:05,670 [INFO] - Validation epoch stats:   Loss: 0.4388 - F1-Score: 0.8453 - Accuracy-Score: 0.8453 - AUROC: 0.9525 - AP: 0.8411
[37m2024-06-28 08:37:05,728 [INFO] - Epoch: 36/50
[37m2024-06-28 08:37:05,729 [INFO] - Extracting training cells
[37m2024-06-28 08:37:10,120 [INFO] - Extraction detection metrics - F1: 0.740, Precision: 0.880, Recall: 0.667, Detected-Cells: 2042
[37m2024-06-28 08:37:10,264 [INFO] - Training epoch stats:     Loss: 0.1501 - F1-Score: 0.9496 - Accuracy-Score: 0.9496 - AUROC: 0.9941 - AP: 0.9761
[37m2024-06-28 08:37:10,399 [INFO] - Validation epoch stats:   Loss: 0.4541 - F1-Score: 0.8350 - Accuracy-Score: 0.8350 - AUROC: 0.9518 - AP: 0.8411
[37m2024-06-28 08:37:10,400 [INFO] - Performing early stopping!
[37m2024-06-28 08:37:10,414 [INFO] - Finished run et0rvar8
