[37m2024-06-28 11:44:44,285 [INFO] - Instantiated Logger. WandB init and config update finished.
[37m2024-06-28 11:44:44,286 [INFO] - Run ist stored here: /cellvit/logs_paper/Head-Evaluation/CoNSeP/SAM-H/Amount-DA/2024-06-28T114435_Amount-10-Seed-5
[37m2024-06-28 11:44:44,348 [INFO] - Cuda devices: [<torch.cuda.device object at 0x7f8344b947f0>]
[37m2024-06-28 11:44:44,349 [INFO] - Using GPU: cuda:0
[37m2024-06-28 11:44:44,354 [INFO] - Using device: cuda:0
[37m2024-06-28 11:44:44,358 [INFO] - Loss function:
[37m2024-06-28 11:44:44,363 [INFO] - CrossEntropyLoss()
[37m2024-06-28 11:45:01,860 [INFO] - <All keys matched successfully>
[37m2024-06-28 11:45:02,911 [INFO] -
==========================================================================================
Layer (type:depth-idx)                   Output Shape              Param #
==========================================================================================
LinearClassifier                         [1, 4]                    --
├─Linear: 1-1                            [1, 128]                  163,968
├─ReLU: 1-2                              [1, 128]                  --
├─Dropout: 1-3                           [1, 128]                  --
├─Linear: 1-4                            [1, 4]                    516
==========================================================================================
Total params: 164,484
Trainable params: 164,484
Non-trainable params: 0
Total mult-adds (M): 0.16
==========================================================================================
Input size (MB): 0.01
Forward/backward pass size (MB): 0.00
Params size (MB): 0.66
Estimated Total Size (MB): 0.66
==========================================================================================
[37m2024-06-28 11:45:02,913 [INFO] - Loaded AdamW Optimizer with following hyperparameters:
[37m2024-06-28 11:45:02,917 [INFO] - {'betas': [0.85, 0.9], 'lr': 0.0005, 'weight_decay': 0.0005}
[37m2024-06-28 11:45:02,921 [INFO] - Using early stopping with a range of 20 and maximize strategy
[37m2024-06-28 11:45:02,936 [INFO] - Caching datasets
[37m2024-06-28 11:45:03,889 [INFO] - Instantiate Trainer
[37m2024-06-28 11:45:03,894 [INFO] - Calling Trainer Fit
[37m2024-06-28 11:45:03,895 [INFO] - Starting training, total number of epochs: 50
[37m2024-06-28 11:45:03,900 [INFO] - Epoch: 1/50
[37m2024-06-28 11:45:03,905 [INFO] - Extracting training cells
[37m2024-06-28 11:45:14,701 [INFO] - Extraction detection metrics - F1: 0.738, Precision: 0.819, Recall: 0.692, Detected-Cells: 3907
[37m2024-06-28 11:45:14,985 [INFO] - Training epoch stats:     Loss: 0.6474 - F1-Score: 0.7466 - Accuracy-Score: 0.7466 - AUROC: 0.8744 - AP: 0.6693
[37m2024-06-28 11:45:16,158 [INFO] - Loaded dataset from cache: /Consep/cache/1f728da27af6daed7b166ce5447f5dec18916e3679cb7b74ddaefb4a67df10d2.h5
[37m2024-06-28 11:45:16,278 [INFO] - Validation epoch stats:   Loss: 0.3991 - F1-Score: 0.8593 - Accuracy-Score: 0.8593 - AUROC: 0.9571 - AP: 0.8486
[37m2024-06-28 11:45:16,279 [INFO] - New best model - save checkpoint
[37m2024-06-28 11:45:16,427 [INFO] - Epoch: 2/50
[37m2024-06-28 11:45:16,428 [INFO] - Extracting training cells
[37m2024-06-28 11:45:23,035 [INFO] - Extraction detection metrics - F1: 0.739, Precision: 0.830, Recall: 0.693, Detected-Cells: 3839
[37m2024-06-28 11:45:23,173 [INFO] - Training epoch stats:     Loss: 0.4970 - F1-Score: 0.8401 - Accuracy-Score: 0.8401 - AUROC: 0.9409 - AP: 0.8235
[37m2024-06-28 11:45:23,314 [INFO] - Validation epoch stats:   Loss: 0.3925 - F1-Score: 0.8586 - Accuracy-Score: 0.8586 - AUROC: 0.9525 - AP: 0.8400
[37m2024-06-28 11:45:23,378 [INFO] - Epoch: 3/50
[37m2024-06-28 11:45:23,379 [INFO] - Extracting training cells
[37m2024-06-28 11:45:30,743 [INFO] - Extraction detection metrics - F1: 0.756, Precision: 0.827, Recall: 0.713, Detected-Cells: 4170
[37m2024-06-28 11:45:31,114 [INFO] - Training epoch stats:     Loss: 0.3100 - F1-Score: 0.8868 - Accuracy-Score: 0.8868 - AUROC: 0.9701 - AP: 0.8808
[37m2024-06-28 11:45:31,242 [INFO] - Validation epoch stats:   Loss: 0.3575 - F1-Score: 0.8605 - Accuracy-Score: 0.8605 - AUROC: 0.9629 - AP: 0.8564
[37m2024-06-28 11:45:31,243 [INFO] - New best model - save checkpoint
[37m2024-06-28 11:45:31,407 [INFO] - Epoch: 4/50
[37m2024-06-28 11:45:31,407 [INFO] - Extracting training cells
[37m2024-06-28 11:45:37,885 [INFO] - Extraction detection metrics - F1: 0.752, Precision: 0.827, Recall: 0.704, Detected-Cells: 4097
[37m2024-06-28 11:45:38,065 [INFO] - Training epoch stats:     Loss: 0.2396 - F1-Score: 0.9072 - Accuracy-Score: 0.9072 - AUROC: 0.9797 - AP: 0.9184
[37m2024-06-28 11:45:38,193 [INFO] - Validation epoch stats:   Loss: 0.3486 - F1-Score: 0.8642 - Accuracy-Score: 0.8642 - AUROC: 0.9647 - AP: 0.8521
[37m2024-06-28 11:45:38,193 [INFO] - New best model - save checkpoint
[37m2024-06-28 11:45:38,353 [INFO] - Epoch: 5/50
[37m2024-06-28 11:45:38,354 [INFO] - Extracting training cells
[37m2024-06-28 11:45:44,757 [INFO] - Extraction detection metrics - F1: 0.738, Precision: 0.819, Recall: 0.690, Detected-Cells: 3759
[37m2024-06-28 11:45:44,897 [INFO] - Training epoch stats:     Loss: 0.2650 - F1-Score: 0.9026 - Accuracy-Score: 0.9026 - AUROC: 0.9769 - AP: 0.8992
[37m2024-06-28 11:45:45,044 [INFO] - Validation epoch stats:   Loss: 0.3473 - F1-Score: 0.8608 - Accuracy-Score: 0.8608 - AUROC: 0.9631 - AP: 0.8607
[37m2024-06-28 11:45:45,105 [INFO] - Epoch: 6/50
[37m2024-06-28 11:45:45,106 [INFO] - Extracting training cells
[37m2024-06-28 11:45:51,698 [INFO] - Extraction detection metrics - F1: 0.756, Precision: 0.834, Recall: 0.710, Detected-Cells: 3674
[37m2024-06-28 11:45:51,822 [INFO] - Training epoch stats:     Loss: 0.3410 - F1-Score: 0.8636 - Accuracy-Score: 0.8636 - AUROC: 0.9696 - AP: 0.8848
[37m2024-06-28 11:45:51,938 [INFO] - Validation epoch stats:   Loss: 0.3432 - F1-Score: 0.8687 - Accuracy-Score: 0.8687 - AUROC: 0.9627 - AP: 0.8521
[37m2024-06-28 11:45:52,001 [INFO] - Epoch: 7/50
[37m2024-06-28 11:45:52,002 [INFO] - Extracting training cells
[37m2024-06-28 11:45:59,044 [INFO] - Extraction detection metrics - F1: 0.725, Precision: 0.830, Recall: 0.680, Detected-Cells: 3900
[37m2024-06-28 11:45:59,181 [INFO] - Training epoch stats:     Loss: 0.2791 - F1-Score: 0.8913 - Accuracy-Score: 0.8913 - AUROC: 0.9777 - AP: 0.9212
[37m2024-06-28 11:45:59,341 [INFO] - Validation epoch stats:   Loss: 0.3602 - F1-Score: 0.8663 - Accuracy-Score: 0.8663 - AUROC: 0.9615 - AP: 0.8548
[37m2024-06-28 11:45:59,399 [INFO] - Epoch: 8/50
[37m2024-06-28 11:45:59,400 [INFO] - Extracting training cells
[37m2024-06-28 11:46:07,171 [INFO] - Extraction detection metrics - F1: 0.775, Precision: 0.839, Recall: 0.742, Detected-Cells: 3974
[37m2024-06-28 11:46:07,322 [INFO] - Training epoch stats:     Loss: 0.2977 - F1-Score: 0.8845 - Accuracy-Score: 0.8845 - AUROC: 0.9759 - AP: 0.9372
[37m2024-06-28 11:46:07,461 [INFO] - Validation epoch stats:   Loss: 0.3492 - F1-Score: 0.8725 - Accuracy-Score: 0.8725 - AUROC: 0.9636 - AP: 0.8543
[37m2024-06-28 11:46:07,523 [INFO] - Epoch: 9/50
[37m2024-06-28 11:46:07,524 [INFO] - Extracting training cells
[37m2024-06-28 11:46:15,331 [INFO] - Extraction detection metrics - F1: 0.761, Precision: 0.820, Recall: 0.725, Detected-Cells: 4230
[37m2024-06-28 11:46:15,489 [INFO] - Training epoch stats:     Loss: 0.1963 - F1-Score: 0.9255 - Accuracy-Score: 0.9255 - AUROC: 0.9892 - AP: 0.9537
[37m2024-06-28 11:46:15,630 [INFO] - Validation epoch stats:   Loss: 0.3599 - F1-Score: 0.8704 - Accuracy-Score: 0.8704 - AUROC: 0.9660 - AP: 0.8579
[37m2024-06-28 11:46:15,631 [INFO] - New best model - save checkpoint
[37m2024-06-28 11:46:15,784 [INFO] - Epoch: 10/50
[37m2024-06-28 11:46:15,785 [INFO] - Extracting training cells
[37m2024-06-28 11:46:24,180 [INFO] - Extraction detection metrics - F1: 0.742, Precision: 0.825, Recall: 0.698, Detected-Cells: 4101
[37m2024-06-28 11:46:24,347 [INFO] - Training epoch stats:     Loss: 0.2076 - F1-Score: 0.9247 - Accuracy-Score: 0.9247 - AUROC: 0.9883 - AP: 0.9521
[37m2024-06-28 11:46:24,491 [INFO] - Validation epoch stats:   Loss: 0.3528 - F1-Score: 0.8605 - Accuracy-Score: 0.8605 - AUROC: 0.9685 - AP: 0.8685
[37m2024-06-28 11:46:24,492 [INFO] - New best model - save checkpoint
[37m2024-06-28 11:46:24,666 [INFO] - Epoch: 11/50
[37m2024-06-28 11:46:24,667 [INFO] - Extracting training cells
[37m2024-06-28 11:46:33,945 [INFO] - Extraction detection metrics - F1: 0.757, Precision: 0.833, Recall: 0.722, Detected-Cells: 4126
[37m2024-06-28 11:46:34,168 [INFO] - Training epoch stats:     Loss: 0.2754 - F1-Score: 0.8989 - Accuracy-Score: 0.8989 - AUROC: 0.9823 - AP: 0.9516
[37m2024-06-28 11:46:34,381 [INFO] - Validation epoch stats:   Loss: 0.3628 - F1-Score: 0.8587 - Accuracy-Score: 0.8587 - AUROC: 0.9642 - AP: 0.8557
[37m2024-06-28 11:46:34,443 [INFO] - Epoch: 12/50
[37m2024-06-28 11:46:34,444 [INFO] - Extracting training cells
[37m2024-06-28 11:46:48,605 [INFO] - Extraction detection metrics - F1: 0.764, Precision: 0.825, Recall: 0.723, Detected-Cells: 4038
[37m2024-06-28 11:46:48,765 [INFO] - Training epoch stats:     Loss: 0.4228 - F1-Score: 0.8489 - Accuracy-Score: 0.8489 - AUROC: 0.9581 - AP: 0.8844
[37m2024-06-28 11:46:48,911 [INFO] - Validation epoch stats:   Loss: 0.3529 - F1-Score: 0.8646 - Accuracy-Score: 0.8646 - AUROC: 0.9661 - AP: 0.8570
[37m2024-06-28 11:46:48,985 [INFO] - Epoch: 13/50
[37m2024-06-28 11:46:48,985 [INFO] - Extracting training cells
[37m2024-06-28 11:46:59,533 [INFO] - Extraction detection metrics - F1: 0.754, Precision: 0.826, Recall: 0.708, Detected-Cells: 3905
[37m2024-06-28 11:46:59,772 [INFO] - Training epoch stats:     Loss: 0.5582 - F1-Score: 0.8417 - Accuracy-Score: 0.8417 - AUROC: 0.9352 - AP: 0.8532
[37m2024-06-28 11:46:59,997 [INFO] - Validation epoch stats:   Loss: 0.4458 - F1-Score: 0.8189 - Accuracy-Score: 0.8189 - AUROC: 0.9565 - AP: 0.8404
[37m2024-06-28 11:47:00,062 [INFO] - Epoch: 14/50
[37m2024-06-28 11:47:00,063 [INFO] - Extracting training cells
[37m2024-06-28 11:47:07,665 [INFO] - Extraction detection metrics - F1: 0.754, Precision: 0.835, Recall: 0.709, Detected-Cells: 3562
[37m2024-06-28 11:47:07,808 [INFO] - Training epoch stats:     Loss: 0.2483 - F1-Score: 0.9141 - Accuracy-Score: 0.9141 - AUROC: 0.9838 - AP: 0.9393
[37m2024-06-28 11:47:07,956 [INFO] - Validation epoch stats:   Loss: 0.3517 - F1-Score: 0.8720 - Accuracy-Score: 0.8720 - AUROC: 0.9659 - AP: 0.8608
[37m2024-06-28 11:47:08,030 [INFO] - Epoch: 15/50
[37m2024-06-28 11:47:08,031 [INFO] - Extracting training cells
[37m2024-06-28 11:47:15,481 [INFO] - Extraction detection metrics - F1: 0.738, Precision: 0.806, Recall: 0.698, Detected-Cells: 3715
[37m2024-06-28 11:47:15,843 [INFO] - Training epoch stats:     Loss: 0.3044 - F1-Score: 0.8786 - Accuracy-Score: 0.8786 - AUROC: 0.9786 - AP: 0.9409
[37m2024-06-28 11:47:15,982 [INFO] - Validation epoch stats:   Loss: 0.3248 - F1-Score: 0.8771 - Accuracy-Score: 0.8771 - AUROC: 0.9671 - AP: 0.8641
[37m2024-06-28 11:47:16,040 [INFO] - Epoch: 16/50
[37m2024-06-28 11:47:16,041 [INFO] - Extracting training cells
[37m2024-06-28 11:47:23,200 [INFO] - Extraction detection metrics - F1: 0.757, Precision: 0.823, Recall: 0.719, Detected-Cells: 4214
[37m2024-06-28 11:47:23,365 [INFO] - Training epoch stats:     Loss: 0.1869 - F1-Score: 0.9295 - Accuracy-Score: 0.9295 - AUROC: 0.9898 - AP: 0.9595
[37m2024-06-28 11:47:23,509 [INFO] - Validation epoch stats:   Loss: 0.3406 - F1-Score: 0.8711 - Accuracy-Score: 0.8711 - AUROC: 0.9698 - AP: 0.8674
[37m2024-06-28 11:47:23,510 [INFO] - New best model - save checkpoint
[37m2024-06-28 11:47:23,659 [INFO] - Epoch: 17/50
[37m2024-06-28 11:47:23,660 [INFO] - Extracting training cells
[37m2024-06-28 11:47:30,935 [INFO] - Extraction detection metrics - F1: 0.775, Precision: 0.850, Recall: 0.729, Detected-Cells: 4200
[37m2024-06-28 11:47:31,115 [INFO] - Training epoch stats:     Loss: 0.1858 - F1-Score: 0.9336 - Accuracy-Score: 0.9336 - AUROC: 0.9891 - AP: 0.9584
[37m2024-06-28 11:47:31,272 [INFO] - Validation epoch stats:   Loss: 0.3481 - F1-Score: 0.8714 - Accuracy-Score: 0.8714 - AUROC: 0.9660 - AP: 0.8598
[37m2024-06-28 11:47:31,331 [INFO] - Epoch: 18/50
[37m2024-06-28 11:47:31,332 [INFO] - Extracting training cells
[37m2024-06-28 11:47:39,296 [INFO] - Extraction detection metrics - F1: 0.776, Precision: 0.849, Recall: 0.732, Detected-Cells: 4238
[37m2024-06-28 11:47:39,468 [INFO] - Training epoch stats:     Loss: 0.1875 - F1-Score: 0.9269 - Accuracy-Score: 0.9269 - AUROC: 0.9895 - AP: 0.9607
[37m2024-06-28 11:47:39,971 [INFO] - Validation epoch stats:   Loss: 0.3326 - F1-Score: 0.8740 - Accuracy-Score: 0.8740 - AUROC: 0.9683 - AP: 0.8632
[37m2024-06-28 11:47:40,038 [INFO] - Epoch: 19/50
[37m2024-06-28 11:47:40,039 [INFO] - Extracting training cells
[37m2024-06-28 11:47:47,976 [INFO] - Extraction detection metrics - F1: 0.753, Precision: 0.825, Recall: 0.719, Detected-Cells: 4060
[37m2024-06-28 11:47:48,153 [INFO] - Training epoch stats:     Loss: 0.3087 - F1-Score: 0.8773 - Accuracy-Score: 0.8773 - AUROC: 0.9772 - AP: 0.9375
[37m2024-06-28 11:47:48,298 [INFO] - Validation epoch stats:   Loss: 0.3357 - F1-Score: 0.8771 - Accuracy-Score: 0.8771 - AUROC: 0.9661 - AP: 0.8606
[37m2024-06-28 11:47:48,358 [INFO] - Epoch: 20/50
[37m2024-06-28 11:47:48,359 [INFO] - Extracting training cells
[37m2024-06-28 11:47:57,245 [INFO] - Extraction detection metrics - F1: 0.776, Precision: 0.860, Recall: 0.723, Detected-Cells: 4150
[37m2024-06-28 11:47:57,404 [INFO] - Training epoch stats:     Loss: 0.1744 - F1-Score: 0.9311 - Accuracy-Score: 0.9311 - AUROC: 0.9919 - AP: 0.9669
[37m2024-06-28 11:47:57,535 [INFO] - Validation epoch stats:   Loss: 0.3632 - F1-Score: 0.8699 - Accuracy-Score: 0.8699 - AUROC: 0.9629 - AP: 0.8646
[37m2024-06-28 11:47:57,590 [INFO] - Epoch: 21/50
[37m2024-06-28 11:47:57,591 [INFO] - Extracting training cells
[37m2024-06-28 11:48:04,908 [INFO] - Extraction detection metrics - F1: 0.744, Precision: 0.808, Recall: 0.715, Detected-Cells: 3992
[37m2024-06-28 11:48:05,059 [INFO] - Training epoch stats:     Loss: 0.2467 - F1-Score: 0.9098 - Accuracy-Score: 0.9098 - AUROC: 0.9850 - AP: 0.9509
[37m2024-06-28 11:48:05,185 [INFO] - Validation epoch stats:   Loss: 0.3501 - F1-Score: 0.8690 - Accuracy-Score: 0.8690 - AUROC: 0.9631 - AP: 0.8598
[37m2024-06-28 11:48:05,244 [INFO] - Epoch: 22/50
[37m2024-06-28 11:48:05,244 [INFO] - Extracting training cells
[37m2024-06-28 11:48:12,644 [INFO] - Extraction detection metrics - F1: 0.748, Precision: 0.820, Recall: 0.700, Detected-Cells: 3690
[37m2024-06-28 11:48:12,800 [INFO] - Training epoch stats:     Loss: 0.1978 - F1-Score: 0.9201 - Accuracy-Score: 0.9201 - AUROC: 0.9905 - AP: 0.9655
[37m2024-06-28 11:48:12,956 [INFO] - Validation epoch stats:   Loss: 0.3560 - F1-Score: 0.8709 - Accuracy-Score: 0.8709 - AUROC: 0.9649 - AP: 0.8538
[37m2024-06-28 11:48:13,015 [INFO] - Epoch: 23/50
[37m2024-06-28 11:48:13,016 [INFO] - Extracting training cells
[37m2024-06-28 11:48:20,616 [INFO] - Extraction detection metrics - F1: 0.740, Precision: 0.829, Recall: 0.688, Detected-Cells: 4014
[37m2024-06-28 11:48:20,765 [INFO] - Training epoch stats:     Loss: 0.1848 - F1-Score: 0.9302 - Accuracy-Score: 0.9302 - AUROC: 0.9901 - AP: 0.9594
[37m2024-06-28 11:48:20,883 [INFO] - Validation epoch stats:   Loss: 0.3466 - F1-Score: 0.8788 - Accuracy-Score: 0.8788 - AUROC: 0.9670 - AP: 0.8644
[37m2024-06-28 11:48:20,946 [INFO] - Epoch: 24/50
[37m2024-06-28 11:48:20,947 [INFO] - Extracting training cells
[37m2024-06-28 11:48:29,086 [INFO] - Extraction detection metrics - F1: 0.752, Precision: 0.829, Recall: 0.707, Detected-Cells: 4123
[37m2024-06-28 11:48:29,266 [INFO] - Training epoch stats:     Loss: 0.1300 - F1-Score: 0.9486 - Accuracy-Score: 0.9486 - AUROC: 0.9947 - AP: 0.9770
[37m2024-06-28 11:48:29,419 [INFO] - Validation epoch stats:   Loss: 0.3674 - F1-Score: 0.8658 - Accuracy-Score: 0.8658 - AUROC: 0.9669 - AP: 0.8634
[37m2024-06-28 11:48:29,476 [INFO] - Epoch: 25/50
[37m2024-06-28 11:48:29,477 [INFO] - Extracting training cells
[37m2024-06-28 11:48:38,421 [INFO] - Extraction detection metrics - F1: 0.767, Precision: 0.833, Recall: 0.726, Detected-Cells: 3832
[37m2024-06-28 11:48:38,560 [INFO] - Training epoch stats:     Loss: 0.3054 - F1-Score: 0.9001 - Accuracy-Score: 0.9001 - AUROC: 0.9806 - AP: 0.9525
[37m2024-06-28 11:48:38,702 [INFO] - Validation epoch stats:   Loss: 0.3509 - F1-Score: 0.8709 - Accuracy-Score: 0.8709 - AUROC: 0.9663 - AP: 0.8617
[37m2024-06-28 11:48:38,766 [INFO] - Epoch: 26/50
[37m2024-06-28 11:48:38,767 [INFO] - Extracting training cells
[37m2024-06-28 11:48:46,140 [INFO] - Extraction detection metrics - F1: 0.783, Precision: 0.843, Recall: 0.745, Detected-Cells: 4251
[37m2024-06-28 11:48:46,639 [INFO] - Training epoch stats:     Loss: 0.1423 - F1-Score: 0.9428 - Accuracy-Score: 0.9428 - AUROC: 0.9930 - AP: 0.9757
[37m2024-06-28 11:48:46,798 [INFO] - Validation epoch stats:   Loss: 0.3433 - F1-Score: 0.8708 - Accuracy-Score: 0.8708 - AUROC: 0.9665 - AP: 0.8626
[37m2024-06-28 11:48:46,869 [INFO] - Epoch: 27/50
[37m2024-06-28 11:48:46,869 [INFO] - Extracting training cells
[37m2024-06-28 11:48:55,662 [INFO] - Extraction detection metrics - F1: 0.740, Precision: 0.811, Recall: 0.695, Detected-Cells: 3984
[37m2024-06-28 11:48:55,808 [INFO] - Training epoch stats:     Loss: 0.1713 - F1-Score: 0.9332 - Accuracy-Score: 0.9332 - AUROC: 0.9919 - AP: 0.9744
[37m2024-06-28 11:48:55,933 [INFO] - Validation epoch stats:   Loss: 0.3322 - F1-Score: 0.8754 - Accuracy-Score: 0.8754 - AUROC: 0.9673 - AP: 0.8649
[37m2024-06-28 11:48:55,994 [INFO] - Epoch: 28/50
[37m2024-06-28 11:48:55,994 [INFO] - Extracting training cells
[37m2024-06-28 11:49:04,425 [INFO] - Extraction detection metrics - F1: 0.765, Precision: 0.804, Recall: 0.737, Detected-Cells: 4168
[37m2024-06-28 11:49:04,578 [INFO] - Training epoch stats:     Loss: 0.1312 - F1-Score: 0.9479 - Accuracy-Score: 0.9479 - AUROC: 0.9947 - AP: 0.9797
[37m2024-06-28 11:49:04,699 [INFO] - Validation epoch stats:   Loss: 0.3298 - F1-Score: 0.8773 - Accuracy-Score: 0.8773 - AUROC: 0.9679 - AP: 0.8663
[37m2024-06-28 11:49:04,756 [INFO] - Epoch: 29/50
[37m2024-06-28 11:49:04,757 [INFO] - Extracting training cells
[37m2024-06-28 11:49:11,499 [INFO] - Extraction detection metrics - F1: 0.758, Precision: 0.814, Recall: 0.734, Detected-Cells: 3773
[37m2024-06-28 11:49:11,638 [INFO] - Training epoch stats:     Loss: 0.4099 - F1-Score: 0.8571 - Accuracy-Score: 0.8571 - AUROC: 0.9679 - AP: 0.9318
[37m2024-06-28 11:49:11,762 [INFO] - Validation epoch stats:   Loss: 0.3403 - F1-Score: 0.8713 - Accuracy-Score: 0.8713 - AUROC: 0.9660 - AP: 0.8625
[37m2024-06-28 11:49:11,816 [INFO] - Epoch: 30/50
[37m2024-06-28 11:49:11,816 [INFO] - Extracting training cells
[37m2024-06-28 11:49:19,381 [INFO] - Extraction detection metrics - F1: 0.758, Precision: 0.832, Recall: 0.716, Detected-Cells: 4222
[37m2024-06-28 11:49:19,565 [INFO] - Training epoch stats:     Loss: 0.1586 - F1-Score: 0.9429 - Accuracy-Score: 0.9429 - AUROC: 0.9936 - AP: 0.9752
[37m2024-06-28 11:49:19,814 [INFO] - Validation epoch stats:   Loss: 0.3382 - F1-Score: 0.8713 - Accuracy-Score: 0.8713 - AUROC: 0.9654 - AP: 0.8626
[37m2024-06-28 11:49:19,870 [INFO] - Epoch: 31/50
[37m2024-06-28 11:49:19,871 [INFO] - Extracting training cells
[37m2024-06-28 11:49:27,708 [INFO] - Extraction detection metrics - F1: 0.730, Precision: 0.837, Recall: 0.671, Detected-Cells: 3661
[37m2024-06-28 11:49:27,854 [INFO] - Training epoch stats:     Loss: 0.2242 - F1-Score: 0.9071 - Accuracy-Score: 0.9071 - AUROC: 0.9853 - AP: 0.9558
[37m2024-06-28 11:49:27,995 [INFO] - Validation epoch stats:   Loss: 0.3363 - F1-Score: 0.8718 - Accuracy-Score: 0.8718 - AUROC: 0.9661 - AP: 0.8642
[37m2024-06-28 11:49:28,052 [INFO] - Epoch: 32/50
[37m2024-06-28 11:49:28,053 [INFO] - Extracting training cells
[37m2024-06-28 11:49:34,993 [INFO] - Extraction detection metrics - F1: 0.770, Precision: 0.845, Recall: 0.726, Detected-Cells: 4251
[37m2024-06-28 11:49:35,136 [INFO] - Training epoch stats:     Loss: 0.1337 - F1-Score: 0.9459 - Accuracy-Score: 0.9459 - AUROC: 0.9953 - AP: 0.9823
[37m2024-06-28 11:49:35,270 [INFO] - Validation epoch stats:   Loss: 0.3281 - F1-Score: 0.8795 - Accuracy-Score: 0.8795 - AUROC: 0.9673 - AP: 0.8660
[37m2024-06-28 11:49:35,330 [INFO] - Epoch: 33/50
[37m2024-06-28 11:49:35,331 [INFO] - Extracting training cells
[37m2024-06-28 11:49:44,134 [INFO] - Extraction detection metrics - F1: 0.733, Precision: 0.845, Recall: 0.681, Detected-Cells: 4122
[37m2024-06-28 11:49:44,295 [INFO] - Training epoch stats:     Loss: 0.1607 - F1-Score: 0.9408 - Accuracy-Score: 0.9408 - AUROC: 0.9925 - AP: 0.9697
[37m2024-06-28 11:49:44,451 [INFO] - Validation epoch stats:   Loss: 0.3326 - F1-Score: 0.8783 - Accuracy-Score: 0.8783 - AUROC: 0.9676 - AP: 0.8668
[37m2024-06-28 11:49:44,509 [INFO] - Epoch: 34/50
[37m2024-06-28 11:49:44,510 [INFO] - Extracting training cells
[37m2024-06-28 11:49:52,615 [INFO] - Extraction detection metrics - F1: 0.740, Precision: 0.828, Recall: 0.693, Detected-Cells: 4080
[37m2024-06-28 11:49:52,787 [INFO] - Training epoch stats:     Loss: 0.1334 - F1-Score: 0.9517 - Accuracy-Score: 0.9517 - AUROC: 0.9950 - AP: 0.9806
[37m2024-06-28 11:49:52,945 [INFO] - Validation epoch stats:   Loss: 0.3346 - F1-Score: 0.8750 - Accuracy-Score: 0.8750 - AUROC: 0.9678 - AP: 0.8676
[37m2024-06-28 11:49:53,007 [INFO] - Epoch: 35/50
[37m2024-06-28 11:49:53,008 [INFO] - Extracting training cells
[37m2024-06-28 11:50:00,708 [INFO] - Extraction detection metrics - F1: 0.759, Precision: 0.839, Recall: 0.711, Detected-Cells: 4039
[37m2024-06-28 11:50:00,828 [INFO] - Training epoch stats:     Loss: 0.1345 - F1-Score: 0.9468 - Accuracy-Score: 0.9468 - AUROC: 0.9952 - AP: 0.9805
[37m2024-06-28 11:50:00,950 [INFO] - Validation epoch stats:   Loss: 0.3333 - F1-Score: 0.8781 - Accuracy-Score: 0.8781 - AUROC: 0.9682 - AP: 0.8678
[37m2024-06-28 11:50:01,009 [INFO] - Epoch: 36/50
[37m2024-06-28 11:50:01,009 [INFO] - Extracting training cells
[37m2024-06-28 11:50:08,443 [INFO] - Extraction detection metrics - F1: 0.778, Precision: 0.849, Recall: 0.741, Detected-Cells: 4005
[37m2024-06-28 11:50:08,595 [INFO] - Training epoch stats:     Loss: 0.2615 - F1-Score: 0.9086 - Accuracy-Score: 0.9086 - AUROC: 0.9856 - AP: 0.9508
[37m2024-06-28 11:50:08,741 [INFO] - Validation epoch stats:   Loss: 0.3309 - F1-Score: 0.8771 - Accuracy-Score: 0.8771 - AUROC: 0.9686 - AP: 0.8675
[37m2024-06-28 11:50:08,742 [INFO] - Performing early stopping!
[37m2024-06-28 11:50:08,747 [INFO] - Finished run 1ier7pso
