[37m2024-06-25 13:38:43,190 [INFO] - Instantiated Logger. WandB init and config update finished.
[37m2024-06-25 13:38:43,191 [INFO] - Run ist stored here: /cellvit/logs_paper/Head-Evaluation/ocelot/SAM-H/Amount/Aug/75/2024-06-25T133835_CellViT-SAM-H-75Percent
[37m2024-06-25 13:38:43,253 [INFO] - Cuda devices: [<torch.cuda.device object at 0x7f9d3a5985e0>]
[37m2024-06-25 13:38:43,253 [INFO] - Using GPU: cuda:0
[37m2024-06-25 13:38:43,257 [INFO] - Using device: cuda:0
[37m2024-06-25 13:38:43,261 [INFO] - Loss function:
[37m2024-06-25 13:38:43,265 [INFO] - CrossEntropyLoss()
[37m2024-06-25 13:39:05,170 [INFO] - <All keys matched successfully>
[37m2024-06-25 13:39:07,929 [INFO] -
==========================================================================================
Layer (type:depth-idx)                   Output Shape              Param #
==========================================================================================
LinearClassifier                         [1, 2]                    --
├─Linear: 1-1                            [1, 256]                  327,936
├─ReLU: 1-2                              [1, 256]                  --
├─Dropout: 1-3                           [1, 256]                  --
├─Linear: 1-4                            [1, 2]                    514
==========================================================================================
Total params: 328,450
Trainable params: 328,450
Non-trainable params: 0
Total mult-adds (M): 0.33
==========================================================================================
Input size (MB): 0.01
Forward/backward pass size (MB): 0.00
Params size (MB): 1.31
Estimated Total Size (MB): 1.32
==========================================================================================
[37m2024-06-25 13:39:07,931 [INFO] - Loaded AdamW Optimizer with following hyperparameters:
[37m2024-06-25 13:39:07,935 [INFO] - {'lr': 0.000454128407501709, 'betas': [0.85, 0.9], 'weight_decay': 0.00021428574971482908}
[37m2024-06-25 13:39:07,940 [INFO] - Using early stopping with a range of 10 and maximize strategy
[37m2024-06-25 13:39:07,962 [INFO] - Caching datasets
[37m2024-06-25 13:39:13,358 [INFO] - Instantiate Trainer
[37m2024-06-25 13:39:13,364 [INFO] - Calling Trainer Fit
[37m2024-06-25 13:39:13,366 [INFO] - Starting training, total number of epochs: 50
[37m2024-06-25 13:39:13,371 [INFO] - Epoch: 1/50
[37m2024-06-25 13:39:13,375 [INFO] - Extracting training cells
[37m2024-06-25 13:41:28,598 [INFO] - Extraction detection metrics - F1: 0.708, Precision: 0.719, Recall: 0.754, Detected-Cells: 35346
[37m2024-06-25 13:41:30,070 [INFO] - Training epoch stats:     Loss: 0.2605 - F1-Score: 0.9113 - Accuracy-Score: 0.8914 - AUROC: 0.9556 - AP: 0.9686
[37m2024-06-25 13:41:33,940 [INFO] - Loaded dataset from cache: /OCELOT-Orig/cache/9ff11b1b2a6bd112bf58be22b2a4e8e5324b0fa345815c6cbebb312c75de3bfd.h5
[37m2024-06-25 13:41:34,379 [INFO] - Validation epoch stats:   Loss: 0.3504 - F1-Score: 0.8859 - Accuracy-Score: 0.8561 - AUROC: 0.9293 - AP: 0.9575
[37m2024-06-25 13:41:34,380 [INFO] - New best model - save checkpoint
[37m2024-06-25 13:41:34,610 [INFO] - Epoch: 2/50
[37m2024-06-25 13:41:34,611 [INFO] - Extracting training cells
[37m2024-06-25 13:43:39,746 [INFO] - Extraction detection metrics - F1: 0.700, Precision: 0.712, Recall: 0.747, Detected-Cells: 34616
[37m2024-06-25 13:43:41,067 [INFO] - Training epoch stats:     Loss: 0.1924 - F1-Score: 0.9386 - Accuracy-Score: 0.9239 - AUROC: 0.9754 - AP: 0.9826
[37m2024-06-25 13:43:41,580 [INFO] - Validation epoch stats:   Loss: 0.4210 - F1-Score: 0.8637 - Accuracy-Score: 0.8337 - AUROC: 0.9187 - AP: 0.9506
[37m2024-06-25 13:43:41,649 [INFO] - Epoch: 3/50
[37m2024-06-25 13:43:41,649 [INFO] - Extracting training cells
[37m2024-06-25 13:45:43,648 [INFO] - Extraction detection metrics - F1: 0.702, Precision: 0.716, Recall: 0.745, Detected-Cells: 35284
[37m2024-06-25 13:45:44,885 [INFO] - Training epoch stats:     Loss: 0.1738 - F1-Score: 0.9455 - Accuracy-Score: 0.9317 - AUROC: 0.9798 - AP: 0.9868
[37m2024-06-25 13:45:45,282 [INFO] - Validation epoch stats:   Loss: 0.3756 - F1-Score: 0.8852 - Accuracy-Score: 0.8535 - AUROC: 0.9247 - AP: 0.9540
[37m2024-06-25 13:45:45,370 [INFO] - Epoch: 4/50
[37m2024-06-25 13:45:45,371 [INFO] - Extracting training cells
[37m2024-06-25 13:47:49,050 [INFO] - Extraction detection metrics - F1: 0.707, Precision: 0.716, Recall: 0.752, Detected-Cells: 34910
[37m2024-06-25 13:47:50,156 [INFO] - Training epoch stats:     Loss: 0.1600 - F1-Score: 0.9480 - Accuracy-Score: 0.9363 - AUROC: 0.9828 - AP: 0.9873
[37m2024-06-25 13:47:50,654 [INFO] - Validation epoch stats:   Loss: 0.3833 - F1-Score: 0.8939 - Accuracy-Score: 0.8602 - AUROC: 0.9291 - AP: 0.9562
[37m2024-06-25 13:47:50,774 [INFO] - Epoch: 5/50
[37m2024-06-25 13:47:50,775 [INFO] - Extracting training cells
[37m2024-06-25 13:49:51,480 [INFO] - Extraction detection metrics - F1: 0.715, Precision: 0.726, Recall: 0.761, Detected-Cells: 36148
[37m2024-06-25 13:49:52,575 [INFO] - Training epoch stats:     Loss: 0.1420 - F1-Score: 0.9559 - Accuracy-Score: 0.9448 - AUROC: 0.9861 - AP: 0.9905
[37m2024-06-25 13:49:52,910 [INFO] - Validation epoch stats:   Loss: 0.4063 - F1-Score: 0.8842 - Accuracy-Score: 0.8531 - AUROC: 0.9229 - AP: 0.9510
[37m2024-06-25 13:49:53,002 [INFO] - Epoch: 6/50
[37m2024-06-25 13:49:53,002 [INFO] - Extracting training cells
[37m2024-06-25 13:51:54,651 [INFO] - Extraction detection metrics - F1: 0.704, Precision: 0.716, Recall: 0.750, Detected-Cells: 35112
[37m2024-06-25 13:51:55,729 [INFO] - Training epoch stats:     Loss: 0.1398 - F1-Score: 0.9553 - Accuracy-Score: 0.9441 - AUROC: 0.9865 - AP: 0.9910
[37m2024-06-25 13:51:56,082 [INFO] - Validation epoch stats:   Loss: 0.3926 - F1-Score: 0.8796 - Accuracy-Score: 0.8480 - AUROC: 0.9244 - AP: 0.9541
[37m2024-06-25 13:51:56,151 [INFO] - Epoch: 7/50
[37m2024-06-25 13:51:56,151 [INFO] - Extracting training cells
[37m2024-06-25 13:53:59,710 [INFO] - Extraction detection metrics - F1: 0.708, Precision: 0.716, Recall: 0.755, Detected-Cells: 35568
[37m2024-06-25 13:54:01,165 [INFO] - Training epoch stats:     Loss: 0.1254 - F1-Score: 0.9604 - Accuracy-Score: 0.9511 - AUROC: 0.9893 - AP: 0.9928
[37m2024-06-25 13:54:01,505 [INFO] - Validation epoch stats:   Loss: 0.4269 - F1-Score: 0.8871 - Accuracy-Score: 0.8539 - AUROC: 0.9221 - AP: 0.9492
[37m2024-06-25 13:54:01,599 [INFO] - Epoch: 8/50
[37m2024-06-25 13:54:01,599 [INFO] - Extracting training cells
[37m2024-06-25 13:56:04,739 [INFO] - Extraction detection metrics - F1: 0.710, Precision: 0.724, Recall: 0.753, Detected-Cells: 35371
[37m2024-06-25 13:56:05,828 [INFO] - Training epoch stats:     Loss: 0.1272 - F1-Score: 0.9597 - Accuracy-Score: 0.9502 - AUROC: 0.9893 - AP: 0.9928
[37m2024-06-25 13:56:06,175 [INFO] - Validation epoch stats:   Loss: 0.4229 - F1-Score: 0.8800 - Accuracy-Score: 0.8477 - AUROC: 0.9221 - AP: 0.9510
[37m2024-06-25 13:56:06,239 [INFO] - Epoch: 9/50
[37m2024-06-25 13:56:06,239 [INFO] - Extracting training cells
[37m2024-06-25 13:58:09,424 [INFO] - Extraction detection metrics - F1: 0.701, Precision: 0.712, Recall: 0.745, Detected-Cells: 35041
[37m2024-06-25 13:58:10,867 [INFO] - Training epoch stats:     Loss: 0.1278 - F1-Score: 0.9609 - Accuracy-Score: 0.9515 - AUROC: 0.9887 - AP: 0.9922
[37m2024-06-25 13:58:11,368 [INFO] - Validation epoch stats:   Loss: 0.4529 - F1-Score: 0.8690 - Accuracy-Score: 0.8361 - AUROC: 0.9136 - AP: 0.9447
[37m2024-06-25 13:58:11,449 [INFO] - Epoch: 10/50
[37m2024-06-25 13:58:11,450 [INFO] - Extracting training cells
[37m2024-06-25 14:00:15,675 [INFO] - Extraction detection metrics - F1: 0.706, Precision: 0.717, Recall: 0.751, Detected-Cells: 35161
[37m2024-06-25 14:00:16,747 [INFO] - Training epoch stats:     Loss: 0.1099 - F1-Score: 0.9658 - Accuracy-Score: 0.9580 - AUROC: 0.9918 - AP: 0.9941
[37m2024-06-25 14:00:17,081 [INFO] - Validation epoch stats:   Loss: 0.4457 - F1-Score: 0.8744 - Accuracy-Score: 0.8423 - AUROC: 0.9180 - AP: 0.9483
[37m2024-06-25 14:00:17,163 [INFO] - Epoch: 11/50
[37m2024-06-25 14:00:17,163 [INFO] - Extracting training cells
[37m2024-06-25 14:02:20,350 [INFO] - Extraction detection metrics - F1: 0.709, Precision: 0.723, Recall: 0.749, Detected-Cells: 35121
[37m2024-06-25 14:02:21,441 [INFO] - Training epoch stats:     Loss: 0.1122 - F1-Score: 0.9652 - Accuracy-Score: 0.9575 - AUROC: 0.9915 - AP: 0.9941
[37m2024-06-25 14:02:21,784 [INFO] - Validation epoch stats:   Loss: 0.4503 - F1-Score: 0.8781 - Accuracy-Score: 0.8471 - AUROC: 0.9198 - AP: 0.9489
[37m2024-06-25 14:02:21,784 [INFO] - Performing early stopping!
[37m2024-06-25 14:02:21,791 [INFO] - Finished run gx2ej5iv
