[37m2024-06-24 09:09:04,322 [INFO] - Instantiated Logger. WandB init and config update finished.
[37m2024-06-24 09:09:04,324 [INFO] - Run ist stored here: /cellvit/logs_paper/Head-Evaluation/ocelot/UNI/Amount/No-Aug/50/2024-06-24T090855_CellViT-UNI-50Percent
[37m2024-06-24 09:09:04,384 [INFO] - Cuda devices: [<torch.cuda.device object at 0x7f6906564580>]
[37m2024-06-24 09:09:04,385 [INFO] - Using GPU: cuda:0
[37m2024-06-24 09:09:04,390 [INFO] - Using device: cuda:0
[37m2024-06-24 09:09:04,395 [INFO] - Loss function:
[37m2024-06-24 09:09:04,401 [INFO] - CrossEntropyLoss()
[37m2024-06-24 09:09:17,275 [INFO] - <All keys matched successfully>
[37m2024-06-24 09:09:18,131 [INFO] -
==========================================================================================
Layer (type:depth-idx)                   Output Shape              Param #
==========================================================================================
LinearClassifier                         [1, 2]                    --
├─Linear: 1-1                            [1, 256]                  262,400
├─ReLU: 1-2                              [1, 256]                  --
├─Dropout: 1-3                           [1, 256]                  --
├─Linear: 1-4                            [1, 2]                    514
==========================================================================================
Total params: 262,914
Trainable params: 262,914
Non-trainable params: 0
Total mult-adds (M): 0.26
==========================================================================================
Input size (MB): 0.00
Forward/backward pass size (MB): 0.00
Params size (MB): 1.05
Estimated Total Size (MB): 1.06
==========================================================================================
[37m2024-06-24 09:09:18,133 [INFO] - Loaded AdamW Optimizer with following hyperparameters:
[37m2024-06-24 09:09:18,139 [INFO] - {'lr': 5e-05, 'betas': [0.85, 0.9], 'weight_decay': 0.00055}
[37m2024-06-24 09:09:18,148 [INFO] - Using early stopping with a range of 10 and maximize strategy
[37m2024-06-24 09:09:18,199 [INFO] - Caching datasets
[37m2024-06-24 09:09:22,698 [INFO] - Instantiate Trainer
[37m2024-06-24 09:09:22,704 [INFO] - Calling Trainer Fit
[37m2024-06-24 09:09:22,705 [INFO] - Dataset is cached after first epoch
[37m2024-06-24 09:09:22,711 [INFO] - Starting training, total number of epochs: 50
[37m2024-06-24 09:09:22,716 [INFO] - Epoch: 1/50
[37m2024-06-24 09:09:22,723 [INFO] - Extracting training cells
[37m2024-06-24 09:10:55,797 [INFO] - Extraction detection metrics - F1: 0.684, Precision: 0.658, Recall: 0.773, Detected-Cells: 25408
[37m2024-06-24 09:10:55,801 [INFO] - Caching dataset 6170fb9965de5421df40ea168d1c4fea82c60f686dbf4fef1adf4de44243e3a6 to disk...
[37m2024-06-24 09:11:15,297 [INFO] - Training epoch stats:     Loss: 0.4725 - F1-Score: 0.8586 - Accuracy-Score: 0.7914 - AUROC: 0.8964 - AP: 0.9381
[37m2024-06-24 09:11:18,418 [INFO] - Loaded dataset from cache: /OCELOT-Orig/cache/bfeb7101834d8ce2518bc9a605646d8528eb104e9be34cc187c069953e6c8b62.h5
[37m2024-06-24 09:11:18,714 [INFO] - Validation epoch stats:   Loss: 0.3639 - F1-Score: 0.9032 - Accuracy-Score: 0.8714 - AUROC: 0.9354 - AP: 0.9588
[37m2024-06-24 09:11:18,714 [INFO] - New best model - save checkpoint
[37m2024-06-24 09:11:18,889 [INFO] - Epoch: 2/50
[37m2024-06-24 09:11:20,074 [INFO] - Training epoch stats:     Loss: 0.2703 - F1-Score: 0.9221 - Accuracy-Score: 0.8964 - AUROC: 0.9583 - AP: 0.9757
[37m2024-06-24 09:11:20,675 [INFO] - Validation epoch stats:   Loss: 0.3162 - F1-Score: 0.9064 - Accuracy-Score: 0.8784 - AUROC: 0.9345 - AP: 0.9563
[37m2024-06-24 09:11:20,741 [INFO] - Epoch: 3/50
[37m2024-06-24 09:11:21,866 [INFO] - Training epoch stats:     Loss: 0.2176 - F1-Score: 0.9368 - Accuracy-Score: 0.9168 - AUROC: 0.9698 - AP: 0.9823
[37m2024-06-24 09:11:22,222 [INFO] - Validation epoch stats:   Loss: 0.3188 - F1-Score: 0.9045 - Accuracy-Score: 0.8755 - AUROC: 0.9323 - AP: 0.9538
[37m2024-06-24 09:11:22,296 [INFO] - Epoch: 4/50
[37m2024-06-24 09:11:23,427 [INFO] - Training epoch stats:     Loss: 0.1933 - F1-Score: 0.9444 - Accuracy-Score: 0.9270 - AUROC: 0.9754 - AP: 0.9855
[37m2024-06-24 09:11:23,784 [INFO] - Validation epoch stats:   Loss: 0.3275 - F1-Score: 0.9019 - Accuracy-Score: 0.8721 - AUROC: 0.9297 - AP: 0.9518
[37m2024-06-24 09:11:23,851 [INFO] - Epoch: 5/50
[37m2024-06-24 09:11:24,903 [INFO] - Training epoch stats:     Loss: 0.1777 - F1-Score: 0.9487 - Accuracy-Score: 0.9327 - AUROC: 0.9786 - AP: 0.9874
[37m2024-06-24 09:11:25,627 [INFO] - Validation epoch stats:   Loss: 0.3366 - F1-Score: 0.9001 - Accuracy-Score: 0.8693 - AUROC: 0.9276 - AP: 0.9504
[37m2024-06-24 09:11:25,696 [INFO] - Epoch: 6/50
[37m2024-06-24 09:11:27,054 [INFO] - Training epoch stats:     Loss: 0.1678 - F1-Score: 0.9517 - Accuracy-Score: 0.9366 - AUROC: 0.9810 - AP: 0.9887
[37m2024-06-24 09:11:27,403 [INFO] - Validation epoch stats:   Loss: 0.3460 - F1-Score: 0.8984 - Accuracy-Score: 0.8670 - AUROC: 0.9248 - AP: 0.9479
[37m2024-06-24 09:11:27,472 [INFO] - Epoch: 7/50
[37m2024-06-24 09:11:28,359 [INFO] - Training epoch stats:     Loss: 0.1592 - F1-Score: 0.9539 - Accuracy-Score: 0.9395 - AUROC: 0.9826 - AP: 0.9897
[37m2024-06-24 09:11:28,710 [INFO] - Validation epoch stats:   Loss: 0.3522 - F1-Score: 0.8963 - Accuracy-Score: 0.8649 - AUROC: 0.9233 - AP: 0.9465
[37m2024-06-24 09:11:28,768 [INFO] - Epoch: 8/50
[37m2024-06-24 09:11:29,640 [INFO] - Training epoch stats:     Loss: 0.1528 - F1-Score: 0.9568 - Accuracy-Score: 0.9434 - AUROC: 0.9839 - AP: 0.9905
[37m2024-06-24 09:11:30,014 [INFO] - Validation epoch stats:   Loss: 0.3566 - F1-Score: 0.8962 - Accuracy-Score: 0.8645 - AUROC: 0.9230 - AP: 0.9464
[37m2024-06-24 09:11:30,075 [INFO] - Epoch: 9/50
[37m2024-06-24 09:11:31,390 [INFO] - Training epoch stats:     Loss: 0.1471 - F1-Score: 0.9586 - Accuracy-Score: 0.9458 - AUROC: 0.9850 - AP: 0.9912
[37m2024-06-24 09:11:32,005 [INFO] - Validation epoch stats:   Loss: 0.3619 - F1-Score: 0.8946 - Accuracy-Score: 0.8631 - AUROC: 0.9223 - AP: 0.9458
[37m2024-06-24 09:11:32,069 [INFO] - Epoch: 10/50
[37m2024-06-24 09:11:33,049 [INFO] - Training epoch stats:     Loss: 0.1415 - F1-Score: 0.9595 - Accuracy-Score: 0.9469 - AUROC: 0.9860 - AP: 0.9917
[37m2024-06-24 09:11:33,399 [INFO] - Validation epoch stats:   Loss: 0.3674 - F1-Score: 0.8942 - Accuracy-Score: 0.8621 - AUROC: 0.9213 - AP: 0.9444
[37m2024-06-24 09:11:33,467 [INFO] - Epoch: 11/50
[37m2024-06-24 09:11:34,304 [INFO] - Training epoch stats:     Loss: 0.1383 - F1-Score: 0.9603 - Accuracy-Score: 0.9480 - AUROC: 0.9866 - AP: 0.9921
[37m2024-06-24 09:11:34,660 [INFO] - Validation epoch stats:   Loss: 0.3696 - F1-Score: 0.8947 - Accuracy-Score: 0.8622 - AUROC: 0.9217 - AP: 0.9447
[37m2024-06-24 09:11:34,661 [INFO] - Performing early stopping!
[37m2024-06-24 09:11:34,669 [INFO] - Finished run 96qlujjg
