[37m2024-06-28 07:21:54,158 [INFO] - Instantiated Logger. WandB init and config update finished.
[37m2024-06-28 07:21:54,160 [INFO] - Run ist stored here: /cellvit/logs_paper/Head-Evaluation/CoNSeP/SAM-H/Amount-DA/2024-06-28T072145_Amount-8-Seed-2
[37m2024-06-28 07:21:54,342 [INFO] - Cuda devices: [<torch.cuda.device object at 0x7fcf46d94820>]
[37m2024-06-28 07:21:54,344 [INFO] - Using GPU: cuda:0
[37m2024-06-28 07:21:54,350 [INFO] - Using device: cuda:0
[37m2024-06-28 07:21:54,362 [INFO] - Loss function:
[37m2024-06-28 07:21:54,368 [INFO] - CrossEntropyLoss()
[37m2024-06-28 07:22:12,967 [INFO] - <All keys matched successfully>
[37m2024-06-28 07:22:14,814 [INFO] -
==========================================================================================
Layer (type:depth-idx)                   Output Shape              Param #
==========================================================================================
LinearClassifier                         [1, 4]                    --
├─Linear: 1-1                            [1, 128]                  163,968
├─ReLU: 1-2                              [1, 128]                  --
├─Dropout: 1-3                           [1, 128]                  --
├─Linear: 1-4                            [1, 4]                    516
==========================================================================================
Total params: 164,484
Trainable params: 164,484
Non-trainable params: 0
Total mult-adds (M): 0.16
==========================================================================================
Input size (MB): 0.01
Forward/backward pass size (MB): 0.00
Params size (MB): 0.66
Estimated Total Size (MB): 0.66
==========================================================================================
[37m2024-06-28 07:22:14,816 [INFO] - Loaded AdamW Optimizer with following hyperparameters:
[37m2024-06-28 07:22:14,821 [INFO] - {'betas': [0.85, 0.9], 'lr': 0.0005, 'weight_decay': 0.0005}
[37m2024-06-28 07:22:14,826 [INFO] - Using early stopping with a range of 20 and maximize strategy
[37m2024-06-28 07:22:14,841 [INFO] - Caching datasets
[37m2024-06-28 07:22:15,821 [INFO] - Instantiate Trainer
[37m2024-06-28 07:22:15,828 [INFO] - Calling Trainer Fit
[37m2024-06-28 07:22:15,830 [INFO] - Starting training, total number of epochs: 50
[37m2024-06-28 07:22:15,837 [INFO] - Epoch: 1/50
[37m2024-06-28 07:22:15,843 [INFO] - Extracting training cells
[37m2024-06-28 07:22:25,842 [INFO] - Extraction detection metrics - F1: 0.711, Precision: 0.812, Recall: 0.655, Detected-Cells: 3385
[37m2024-06-28 07:22:26,055 [INFO] - Training epoch stats:     Loss: 0.5910 - F1-Score: 0.7713 - Accuracy-Score: 0.7713 - AUROC: 0.8826 - AP: 0.6784
[37m2024-06-28 07:22:27,391 [INFO] - Loaded dataset from cache: /Consep/cache/1f728da27af6daed7b166ce5447f5dec18916e3679cb7b74ddaefb4a67df10d2.h5
[37m2024-06-28 07:22:27,523 [INFO] - Validation epoch stats:   Loss: 0.4429 - F1-Score: 0.8486 - Accuracy-Score: 0.8486 - AUROC: 0.9412 - AP: 0.8157
[37m2024-06-28 07:22:27,524 [INFO] - New best model - save checkpoint
[37m2024-06-28 07:22:27,686 [INFO] - Epoch: 2/50
[37m2024-06-28 07:22:27,687 [INFO] - Extracting training cells
[37m2024-06-28 07:22:33,862 [INFO] - Extraction detection metrics - F1: 0.775, Precision: 0.852, Recall: 0.732, Detected-Cells: 3453
[37m2024-06-28 07:22:34,001 [INFO] - Training epoch stats:     Loss: 0.4560 - F1-Score: 0.8546 - Accuracy-Score: 0.8546 - AUROC: 0.9466 - AP: 0.8128
[37m2024-06-28 07:22:34,143 [INFO] - Validation epoch stats:   Loss: 0.4028 - F1-Score: 0.8462 - Accuracy-Score: 0.8462 - AUROC: 0.9495 - AP: 0.8261
[37m2024-06-28 07:22:34,144 [INFO] - New best model - save checkpoint
[37m2024-06-28 07:22:34,333 [INFO] - Epoch: 3/50
[37m2024-06-28 07:22:34,334 [INFO] - Extracting training cells
[37m2024-06-28 07:22:41,189 [INFO] - Extraction detection metrics - F1: 0.756, Precision: 0.818, Recall: 0.725, Detected-Cells: 3500
[37m2024-06-28 07:22:41,354 [INFO] - Training epoch stats:     Loss: 0.3919 - F1-Score: 0.8657 - Accuracy-Score: 0.8657 - AUROC: 0.9597 - AP: 0.8695
[37m2024-06-28 07:22:41,504 [INFO] - Validation epoch stats:   Loss: 0.3801 - F1-Score: 0.8618 - Accuracy-Score: 0.8618 - AUROC: 0.9592 - AP: 0.8491
[37m2024-06-28 07:22:41,505 [INFO] - New best model - save checkpoint
[37m2024-06-28 07:22:41,662 [INFO] - Epoch: 4/50
[37m2024-06-28 07:22:41,663 [INFO] - Extracting training cells
[37m2024-06-28 07:22:49,516 [INFO] - Extraction detection metrics - F1: 0.709, Precision: 0.814, Recall: 0.655, Detected-Cells: 3474
[37m2024-06-28 07:22:49,673 [INFO] - Training epoch stats:     Loss: 0.2804 - F1-Score: 0.9018 - Accuracy-Score: 0.9018 - AUROC: 0.9746 - AP: 0.8918
[37m2024-06-28 07:22:49,812 [INFO] - Validation epoch stats:   Loss: 0.3956 - F1-Score: 0.8493 - Accuracy-Score: 0.8493 - AUROC: 0.9542 - AP: 0.8422
[37m2024-06-28 07:22:49,875 [INFO] - Epoch: 5/50
[37m2024-06-28 07:22:49,876 [INFO] - Extracting training cells
[37m2024-06-28 07:22:56,410 [INFO] - Extraction detection metrics - F1: 0.758, Precision: 0.837, Recall: 0.710, Detected-Cells: 3603
[37m2024-06-28 07:22:56,561 [INFO] - Training epoch stats:     Loss: 0.4837 - F1-Score: 0.8490 - Accuracy-Score: 0.8490 - AUROC: 0.9409 - AP: 0.8202
[37m2024-06-28 07:22:56,703 [INFO] - Validation epoch stats:   Loss: 0.4262 - F1-Score: 0.8579 - Accuracy-Score: 0.8579 - AUROC: 0.9522 - AP: 0.8334
[37m2024-06-28 07:22:56,785 [INFO] - Epoch: 6/50
[37m2024-06-28 07:22:56,786 [INFO] - Extracting training cells
[37m2024-06-28 07:23:04,069 [INFO] - Extraction detection metrics - F1: 0.704, Precision: 0.788, Recall: 0.651, Detected-Cells: 3317
[37m2024-06-28 07:23:04,190 [INFO] - Training epoch stats:     Loss: 0.2860 - F1-Score: 0.8981 - Accuracy-Score: 0.8981 - AUROC: 0.9789 - AP: 0.9114
[37m2024-06-28 07:23:04,334 [INFO] - Validation epoch stats:   Loss: 0.3818 - F1-Score: 0.8568 - Accuracy-Score: 0.8568 - AUROC: 0.9543 - AP: 0.8478
[37m2024-06-28 07:23:04,435 [INFO] - Epoch: 7/50
[37m2024-06-28 07:23:04,435 [INFO] - Extracting training cells
[37m2024-06-28 07:23:11,003 [INFO] - Extraction detection metrics - F1: 0.768, Precision: 0.848, Recall: 0.727, Detected-Cells: 3645
[37m2024-06-28 07:23:11,159 [INFO] - Training epoch stats:     Loss: 0.2308 - F1-Score: 0.9136 - Accuracy-Score: 0.9136 - AUROC: 0.9827 - AP: 0.9170
[37m2024-06-28 07:23:11,299 [INFO] - Validation epoch stats:   Loss: 0.3559 - F1-Score: 0.8625 - Accuracy-Score: 0.8625 - AUROC: 0.9579 - AP: 0.8466
[37m2024-06-28 07:23:11,361 [INFO] - Epoch: 8/50
[37m2024-06-28 07:23:11,362 [INFO] - Extracting training cells
[37m2024-06-28 07:23:17,769 [INFO] - Extraction detection metrics - F1: 0.762, Precision: 0.839, Recall: 0.722, Detected-Cells: 3573
[37m2024-06-28 07:23:17,892 [INFO] - Training epoch stats:     Loss: 0.3157 - F1-Score: 0.8981 - Accuracy-Score: 0.8981 - AUROC: 0.9644 - AP: 0.8687
[37m2024-06-28 07:23:18,009 [INFO] - Validation epoch stats:   Loss: 0.3609 - F1-Score: 0.8675 - Accuracy-Score: 0.8675 - AUROC: 0.9607 - AP: 0.8092
[37m2024-06-28 07:23:18,010 [INFO] - New best model - save checkpoint
[37m2024-06-28 07:23:18,191 [INFO] - Epoch: 9/50
[37m2024-06-28 07:23:18,192 [INFO] - Extracting training cells
[37m2024-06-28 07:23:24,447 [INFO] - Extraction detection metrics - F1: 0.744, Precision: 0.835, Recall: 0.697, Detected-Cells: 3590
[37m2024-06-28 07:23:24,615 [INFO] - Training epoch stats:     Loss: 0.2234 - F1-Score: 0.9156 - Accuracy-Score: 0.9156 - AUROC: 0.9828 - AP: 0.9367
[37m2024-06-28 07:23:24,765 [INFO] - Validation epoch stats:   Loss: 0.3775 - F1-Score: 0.8539 - Accuracy-Score: 0.8539 - AUROC: 0.9636 - AP: 0.8516
[37m2024-06-28 07:23:24,767 [INFO] - New best model - save checkpoint
[37m2024-06-28 07:23:24,913 [INFO] - Epoch: 10/50
[37m2024-06-28 07:23:24,914 [INFO] - Extracting training cells
[37m2024-06-28 07:23:32,097 [INFO] - Extraction detection metrics - F1: 0.747, Precision: 0.822, Recall: 0.695, Detected-Cells: 3488
[37m2024-06-28 07:23:32,262 [INFO] - Training epoch stats:     Loss: 0.2413 - F1-Score: 0.9068 - Accuracy-Score: 0.9068 - AUROC: 0.9796 - AP: 0.9146
[37m2024-06-28 07:23:32,409 [INFO] - Validation epoch stats:   Loss: 0.4088 - F1-Score: 0.8457 - Accuracy-Score: 0.8457 - AUROC: 0.9553 - AP: 0.8419
[37m2024-06-28 07:23:32,478 [INFO] - Epoch: 11/50
[37m2024-06-28 07:23:32,479 [INFO] - Extracting training cells
[37m2024-06-28 07:23:39,116 [INFO] - Extraction detection metrics - F1: 0.747, Precision: 0.834, Recall: 0.699, Detected-Cells: 3436
[37m2024-06-28 07:23:39,239 [INFO] - Training epoch stats:     Loss: 0.3386 - F1-Score: 0.8900 - Accuracy-Score: 0.8900 - AUROC: 0.9635 - AP: 0.8500
[37m2024-06-28 07:23:39,362 [INFO] - Validation epoch stats:   Loss: 0.4288 - F1-Score: 0.8419 - Accuracy-Score: 0.8419 - AUROC: 0.9441 - AP: 0.7170
[37m2024-06-28 07:23:39,410 [INFO] - Epoch: 12/50
[37m2024-06-28 07:23:39,411 [INFO] - Extracting training cells
[37m2024-06-28 07:23:44,661 [INFO] - Extraction detection metrics - F1: 0.748, Precision: 0.828, Recall: 0.703, Detected-Cells: 2846
[37m2024-06-28 07:23:44,770 [INFO] - Training epoch stats:     Loss: 0.3211 - F1-Score: 0.8858 - Accuracy-Score: 0.8858 - AUROC: 0.9731 - AP: 0.9195
[37m2024-06-28 07:23:44,886 [INFO] - Validation epoch stats:   Loss: 0.3729 - F1-Score: 0.8611 - Accuracy-Score: 0.8611 - AUROC: 0.9451 - AP: 0.7200
[37m2024-06-28 07:23:44,949 [INFO] - Epoch: 13/50
[37m2024-06-28 07:23:44,949 [INFO] - Extracting training cells
[37m2024-06-28 07:23:50,644 [INFO] - Extraction detection metrics - F1: 0.750, Precision: 0.824, Recall: 0.707, Detected-Cells: 3374
[37m2024-06-28 07:23:50,777 [INFO] - Training epoch stats:     Loss: 0.4958 - F1-Score: 0.8391 - Accuracy-Score: 0.8391 - AUROC: 0.9408 - AP: 0.8074
[37m2024-06-28 07:23:50,892 [INFO] - Validation epoch stats:   Loss: 0.4337 - F1-Score: 0.8244 - Accuracy-Score: 0.8244 - AUROC: 0.9550 - AP: 0.8387
[37m2024-06-28 07:23:50,938 [INFO] - Epoch: 14/50
[37m2024-06-28 07:23:50,939 [INFO] - Extracting training cells
[37m2024-06-28 07:23:56,661 [INFO] - Extraction detection metrics - F1: 0.761, Precision: 0.846, Recall: 0.717, Detected-Cells: 3689
[37m2024-06-28 07:23:56,800 [INFO] - Training epoch stats:     Loss: 0.2335 - F1-Score: 0.9141 - Accuracy-Score: 0.9141 - AUROC: 0.9855 - AP: 0.9356
[37m2024-06-28 07:23:56,935 [INFO] - Validation epoch stats:   Loss: 0.3643 - F1-Score: 0.8704 - Accuracy-Score: 0.8704 - AUROC: 0.9616 - AP: 0.8510
[37m2024-06-28 07:23:56,987 [INFO] - Epoch: 15/50
[37m2024-06-28 07:23:56,988 [INFO] - Extracting training cells
[37m2024-06-28 07:24:03,065 [INFO] - Extraction detection metrics - F1: 0.755, Precision: 0.827, Recall: 0.708, Detected-Cells: 3064
[37m2024-06-28 07:24:03,166 [INFO] - Training epoch stats:     Loss: 0.4639 - F1-Score: 0.8476 - Accuracy-Score: 0.8476 - AUROC: 0.9523 - AP: 0.8286
[37m2024-06-28 07:24:03,309 [INFO] - Validation epoch stats:   Loss: 0.3650 - F1-Score: 0.8615 - Accuracy-Score: 0.8615 - AUROC: 0.9602 - AP: 0.7733
[37m2024-06-28 07:24:03,400 [INFO] - Epoch: 16/50
[37m2024-06-28 07:24:03,401 [INFO] - Extracting training cells
[37m2024-06-28 07:24:09,454 [INFO] - Extraction detection metrics - F1: 0.724, Precision: 0.810, Recall: 0.678, Detected-Cells: 3208
[37m2024-06-28 07:24:09,599 [INFO] - Training epoch stats:     Loss: 0.3826 - F1-Score: 0.8460 - Accuracy-Score: 0.8460 - AUROC: 0.9650 - AP: 0.8725
[37m2024-06-28 07:24:09,741 [INFO] - Validation epoch stats:   Loss: 0.3535 - F1-Score: 0.8647 - Accuracy-Score: 0.8647 - AUROC: 0.9643 - AP: 0.8546
[37m2024-06-28 07:24:09,743 [INFO] - New best model - save checkpoint
[37m2024-06-28 07:24:09,912 [INFO] - Epoch: 17/50
[37m2024-06-28 07:24:09,913 [INFO] - Extracting training cells
[37m2024-06-28 07:24:16,475 [INFO] - Extraction detection metrics - F1: 0.748, Precision: 0.837, Recall: 0.694, Detected-Cells: 3537
[37m2024-06-28 07:24:16,625 [INFO] - Training epoch stats:     Loss: 0.2189 - F1-Score: 0.9220 - Accuracy-Score: 0.9220 - AUROC: 0.9866 - AP: 0.9471
[37m2024-06-28 07:24:16,776 [INFO] - Validation epoch stats:   Loss: 0.3779 - F1-Score: 0.8642 - Accuracy-Score: 0.8642 - AUROC: 0.9640 - AP: 0.8505
[37m2024-06-28 07:24:16,840 [INFO] - Epoch: 18/50
[37m2024-06-28 07:24:16,841 [INFO] - Extracting training cells
[37m2024-06-28 07:24:22,972 [INFO] - Extraction detection metrics - F1: 0.751, Precision: 0.838, Recall: 0.711, Detected-Cells: 3715
[37m2024-06-28 07:24:23,099 [INFO] - Training epoch stats:     Loss: 0.1647 - F1-Score: 0.9378 - Accuracy-Score: 0.9378 - AUROC: 0.9915 - AP: 0.9594
[37m2024-06-28 07:24:23,212 [INFO] - Validation epoch stats:   Loss: 0.3422 - F1-Score: 0.8713 - Accuracy-Score: 0.8713 - AUROC: 0.9636 - AP: 0.8567
[37m2024-06-28 07:24:23,265 [INFO] - Epoch: 19/50
[37m2024-06-28 07:24:23,265 [INFO] - Extracting training cells
[37m2024-06-28 07:24:29,277 [INFO] - Extraction detection metrics - F1: 0.754, Precision: 0.843, Recall: 0.710, Detected-Cells: 3678
[37m2024-06-28 07:24:29,423 [INFO] - Training epoch stats:     Loss: 0.1652 - F1-Score: 0.9386 - Accuracy-Score: 0.9386 - AUROC: 0.9906 - AP: 0.9573
[37m2024-06-28 07:24:29,562 [INFO] - Validation epoch stats:   Loss: 0.3651 - F1-Score: 0.8647 - Accuracy-Score: 0.8647 - AUROC: 0.9622 - AP: 0.8531
[37m2024-06-28 07:24:29,612 [INFO] - Epoch: 20/50
[37m2024-06-28 07:24:29,613 [INFO] - Extracting training cells
[37m2024-06-28 07:24:35,379 [INFO] - Extraction detection metrics - F1: 0.788, Precision: 0.854, Recall: 0.753, Detected-Cells: 3829
[37m2024-06-28 07:24:35,505 [INFO] - Training epoch stats:     Loss: 0.1531 - F1-Score: 0.9446 - Accuracy-Score: 0.9446 - AUROC: 0.9924 - AP: 0.9601
[37m2024-06-28 07:24:35,621 [INFO] - Validation epoch stats:   Loss: 0.3920 - F1-Score: 0.8558 - Accuracy-Score: 0.8558 - AUROC: 0.9580 - AP: 0.8475
[37m2024-06-28 07:24:35,696 [INFO] - Epoch: 21/50
[37m2024-06-28 07:24:35,697 [INFO] - Extracting training cells
[37m2024-06-28 07:24:42,014 [INFO] - Extraction detection metrics - F1: 0.762, Precision: 0.816, Recall: 0.724, Detected-Cells: 3499
[37m2024-06-28 07:24:42,133 [INFO] - Training epoch stats:     Loss: 0.1906 - F1-Score: 0.9294 - Accuracy-Score: 0.9294 - AUROC: 0.9891 - AP: 0.9498
[37m2024-06-28 07:24:42,243 [INFO] - Validation epoch stats:   Loss: 0.3878 - F1-Score: 0.8538 - Accuracy-Score: 0.8538 - AUROC: 0.9566 - AP: 0.8471
[37m2024-06-28 07:24:42,312 [INFO] - Epoch: 22/50
[37m2024-06-28 07:24:42,313 [INFO] - Extracting training cells
[37m2024-06-28 07:24:48,424 [INFO] - Extraction detection metrics - F1: 0.742, Precision: 0.832, Recall: 0.703, Detected-Cells: 3463
[37m2024-06-28 07:24:48,567 [INFO] - Training epoch stats:     Loss: 0.2319 - F1-Score: 0.9090 - Accuracy-Score: 0.9090 - AUROC: 0.9865 - AP: 0.9555
[37m2024-06-28 07:24:48,708 [INFO] - Validation epoch stats:   Loss: 0.3863 - F1-Score: 0.8514 - Accuracy-Score: 0.8514 - AUROC: 0.9572 - AP: 0.8430
[37m2024-06-28 07:24:48,772 [INFO] - Epoch: 23/50
[37m2024-06-28 07:24:48,772 [INFO] - Extracting training cells
[37m2024-06-28 07:24:55,588 [INFO] - Extraction detection metrics - F1: 0.727, Precision: 0.794, Recall: 0.681, Detected-Cells: 3069
[37m2024-06-28 07:24:55,725 [INFO] - Training epoch stats:     Loss: 0.2209 - F1-Score: 0.9179 - Accuracy-Score: 0.9179 - AUROC: 0.9850 - AP: 0.8849
[37m2024-06-28 07:24:55,875 [INFO] - Validation epoch stats:   Loss: 0.3798 - F1-Score: 0.8551 - Accuracy-Score: 0.8551 - AUROC: 0.9572 - AP: 0.8385
[37m2024-06-28 07:24:55,947 [INFO] - Epoch: 24/50
[37m2024-06-28 07:24:55,947 [INFO] - Extracting training cells
[37m2024-06-28 07:25:02,185 [INFO] - Extraction detection metrics - F1: 0.737, Precision: 0.821, Recall: 0.689, Detected-Cells: 3546
[37m2024-06-28 07:25:02,374 [INFO] - Training epoch stats:     Loss: 0.1521 - F1-Score: 0.9456 - Accuracy-Score: 0.9456 - AUROC: 0.9935 - AP: 0.9725
[37m2024-06-28 07:25:02,534 [INFO] - Validation epoch stats:   Loss: 0.3735 - F1-Score: 0.8661 - Accuracy-Score: 0.8661 - AUROC: 0.9580 - AP: 0.8412
[37m2024-06-28 07:25:02,605 [INFO] - Epoch: 25/50
[37m2024-06-28 07:25:02,606 [INFO] - Extracting training cells
[37m2024-06-28 07:25:08,717 [INFO] - Extraction detection metrics - F1: 0.771, Precision: 0.838, Recall: 0.734, Detected-Cells: 3687
[37m2024-06-28 07:25:08,871 [INFO] - Training epoch stats:     Loss: 0.1305 - F1-Score: 0.9523 - Accuracy-Score: 0.9523 - AUROC: 0.9952 - AP: 0.9794
[37m2024-06-28 07:25:09,018 [INFO] - Validation epoch stats:   Loss: 0.3850 - F1-Score: 0.8613 - Accuracy-Score: 0.8613 - AUROC: 0.9587 - AP: 0.8447
[37m2024-06-28 07:25:09,074 [INFO] - Epoch: 26/50
[37m2024-06-28 07:25:09,075 [INFO] - Extracting training cells
[37m2024-06-28 07:25:15,322 [INFO] - Extraction detection metrics - F1: 0.772, Precision: 0.848, Recall: 0.735, Detected-Cells: 3759
[37m2024-06-28 07:25:15,464 [INFO] - Training epoch stats:     Loss: 0.1319 - F1-Score: 0.9542 - Accuracy-Score: 0.9542 - AUROC: 0.9948 - AP: 0.9756
[37m2024-06-28 07:25:15,583 [INFO] - Validation epoch stats:   Loss: 0.3847 - F1-Score: 0.8632 - Accuracy-Score: 0.8632 - AUROC: 0.9585 - AP: 0.8445
[37m2024-06-28 07:25:15,640 [INFO] - Epoch: 27/50
[37m2024-06-28 07:25:15,641 [INFO] - Extracting training cells
[37m2024-06-28 07:25:21,334 [INFO] - Extraction detection metrics - F1: 0.742, Precision: 0.812, Recall: 0.698, Detected-Cells: 3543
[37m2024-06-28 07:25:21,555 [INFO] - Training epoch stats:     Loss: 0.1324 - F1-Score: 0.9515 - Accuracy-Score: 0.9515 - AUROC: 0.9952 - AP: 0.9757
[37m2024-06-28 07:25:21,683 [INFO] - Validation epoch stats:   Loss: 0.3759 - F1-Score: 0.8658 - Accuracy-Score: 0.8658 - AUROC: 0.9588 - AP: 0.8445
[37m2024-06-28 07:25:21,735 [INFO] - Epoch: 28/50
[37m2024-06-28 07:25:21,736 [INFO] - Extracting training cells
[37m2024-06-28 07:25:27,612 [INFO] - Extraction detection metrics - F1: 0.698, Precision: 0.778, Recall: 0.645, Detected-Cells: 2314
[37m2024-06-28 07:25:27,716 [INFO] - Training epoch stats:     Loss: 0.7589 - F1-Score: 0.7990 - Accuracy-Score: 0.7990 - AUROC: 0.8856 - AP: 0.7181
[37m2024-06-28 07:25:27,862 [INFO] - Validation epoch stats:   Loss: 0.3687 - F1-Score: 0.8615 - Accuracy-Score: 0.8615 - AUROC: 0.9583 - AP: 0.8437
[37m2024-06-28 07:25:27,951 [INFO] - Epoch: 29/50
[37m2024-06-28 07:25:27,951 [INFO] - Extracting training cells
[37m2024-06-28 07:25:34,771 [INFO] - Extraction detection metrics - F1: 0.728, Precision: 0.809, Recall: 0.693, Detected-Cells: 3537
[37m2024-06-28 07:25:34,891 [INFO] - Training epoch stats:     Loss: 0.2145 - F1-Score: 0.9203 - Accuracy-Score: 0.9203 - AUROC: 0.9863 - AP: 0.9477
[37m2024-06-28 07:25:35,005 [INFO] - Validation epoch stats:   Loss: 0.3576 - F1-Score: 0.8629 - Accuracy-Score: 0.8629 - AUROC: 0.9573 - AP: 0.8411
[37m2024-06-28 07:25:35,078 [INFO] - Epoch: 30/50
[37m2024-06-28 07:25:35,079 [INFO] - Extracting training cells
[37m2024-06-28 07:25:41,399 [INFO] - Extraction detection metrics - F1: 0.750, Precision: 0.832, Recall: 0.709, Detected-Cells: 3700
[37m2024-06-28 07:25:41,535 [INFO] - Training epoch stats:     Loss: 0.1372 - F1-Score: 0.9486 - Accuracy-Score: 0.9486 - AUROC: 0.9956 - AP: 0.9785
[37m2024-06-28 07:25:41,649 [INFO] - Validation epoch stats:   Loss: 0.3804 - F1-Score: 0.8519 - Accuracy-Score: 0.8519 - AUROC: 0.9577 - AP: 0.8440
[37m2024-06-28 07:25:41,702 [INFO] - Epoch: 31/50
[37m2024-06-28 07:25:41,702 [INFO] - Extracting training cells
[37m2024-06-28 07:25:46,813 [INFO] - Extraction detection metrics - F1: 0.696, Precision: 0.771, Recall: 0.669, Detected-Cells: 2447
[37m2024-06-28 07:25:46,913 [INFO] - Training epoch stats:     Loss: 0.4850 - F1-Score: 0.8214 - Accuracy-Score: 0.8214 - AUROC: 0.9520 - AP: 0.8412
[37m2024-06-28 07:25:47,055 [INFO] - Validation epoch stats:   Loss: 0.3748 - F1-Score: 0.8534 - Accuracy-Score: 0.8534 - AUROC: 0.9575 - AP: 0.8436
[37m2024-06-28 07:25:47,111 [INFO] - Epoch: 32/50
[37m2024-06-28 07:25:47,112 [INFO] - Extracting training cells
[37m2024-06-28 07:25:53,006 [INFO] - Extraction detection metrics - F1: 0.745, Precision: 0.833, Recall: 0.697, Detected-Cells: 3594
[37m2024-06-28 07:25:53,160 [INFO] - Training epoch stats:     Loss: 0.1501 - F1-Score: 0.9480 - Accuracy-Score: 0.9480 - AUROC: 0.9947 - AP: 0.9762
[37m2024-06-28 07:25:53,307 [INFO] - Validation epoch stats:   Loss: 0.3646 - F1-Score: 0.8599 - Accuracy-Score: 0.8599 - AUROC: 0.9577 - AP: 0.8435
[37m2024-06-28 07:25:53,359 [INFO] - Epoch: 33/50
[37m2024-06-28 07:25:53,360 [INFO] - Extracting training cells
[37m2024-06-28 07:26:00,309 [INFO] - Extraction detection metrics - F1: 0.753, Precision: 0.822, Recall: 0.715, Detected-Cells: 3599
[37m2024-06-28 07:26:00,459 [INFO] - Training epoch stats:     Loss: 0.1577 - F1-Score: 0.9483 - Accuracy-Score: 0.9483 - AUROC: 0.9938 - AP: 0.9689
[37m2024-06-28 07:26:00,601 [INFO] - Validation epoch stats:   Loss: 0.3605 - F1-Score: 0.8651 - Accuracy-Score: 0.8651 - AUROC: 0.9582 - AP: 0.8445
[37m2024-06-28 07:26:00,657 [INFO] - Epoch: 34/50
[37m2024-06-28 07:26:00,657 [INFO] - Extracting training cells
[37m2024-06-28 07:26:06,674 [INFO] - Extraction detection metrics - F1: 0.753, Precision: 0.832, Recall: 0.712, Detected-Cells: 3691
[37m2024-06-28 07:26:06,828 [INFO] - Training epoch stats:     Loss: 0.1438 - F1-Score: 0.9483 - Accuracy-Score: 0.9483 - AUROC: 0.9940 - AP: 0.9710
[37m2024-06-28 07:26:06,984 [INFO] - Validation epoch stats:   Loss: 0.3716 - F1-Score: 0.8601 - Accuracy-Score: 0.8601 - AUROC: 0.9585 - AP: 0.8462
[37m2024-06-28 07:26:07,040 [INFO] - Epoch: 35/50
[37m2024-06-28 07:26:07,040 [INFO] - Extracting training cells
[37m2024-06-28 07:26:12,792 [INFO] - Extraction detection metrics - F1: 0.756, Precision: 0.829, Recall: 0.713, Detected-Cells: 3295
[37m2024-06-28 07:26:12,930 [INFO] - Training epoch stats:     Loss: 0.1731 - F1-Score: 0.9344 - Accuracy-Score: 0.9344 - AUROC: 0.9927 - AP: 0.9754
[37m2024-06-28 07:26:13,080 [INFO] - Validation epoch stats:   Loss: 0.3914 - F1-Score: 0.8548 - Accuracy-Score: 0.8548 - AUROC: 0.9580 - AP: 0.8464
[37m2024-06-28 07:26:13,148 [INFO] - Epoch: 36/50
[37m2024-06-28 07:26:13,149 [INFO] - Extracting training cells
[37m2024-06-28 07:26:20,289 [INFO] - Extraction detection metrics - F1: 0.760, Precision: 0.839, Recall: 0.708, Detected-Cells: 3532
[37m2024-06-28 07:26:20,443 [INFO] - Training epoch stats:     Loss: 0.1442 - F1-Score: 0.9513 - Accuracy-Score: 0.9513 - AUROC: 0.9946 - AP: 0.9764
[37m2024-06-28 07:26:20,588 [INFO] - Validation epoch stats:   Loss: 0.3801 - F1-Score: 0.8591 - Accuracy-Score: 0.8591 - AUROC: 0.9581 - AP: 0.8464
[37m2024-06-28 07:26:20,589 [INFO] - Performing early stopping!
[37m2024-06-28 07:26:20,594 [INFO] - Finished run 05cmtsy4
