[37m2024-06-24 10:29:59,534 [INFO] - Instantiated Logger. WandB init and config update finished.
[37m2024-06-24 10:29:59,535 [INFO] - Run ist stored here: /cellvit/logs_paper/Head-Evaluation/ocelot/UNI/Amount/Aug/100/2024-06-24T102951_CellViT-UNI-100Percent
[37m2024-06-24 10:29:59,602 [INFO] - Cuda devices: [<torch.cuda.device object at 0x7fc33376c700>]
[37m2024-06-24 10:29:59,603 [INFO] - Using GPU: cuda:0
[37m2024-06-24 10:29:59,607 [INFO] - Using device: cuda:0
[37m2024-06-24 10:29:59,611 [INFO] - Loss function:
[37m2024-06-24 10:29:59,615 [INFO] - CrossEntropyLoss()
[37m2024-06-24 10:30:11,872 [INFO] - <All keys matched successfully>
[37m2024-06-24 10:30:14,364 [INFO] -
==========================================================================================
Layer (type:depth-idx)                   Output Shape              Param #
==========================================================================================
LinearClassifier                         [1, 2]                    --
├─Linear: 1-1                            [1, 256]                  262,400
├─ReLU: 1-2                              [1, 256]                  --
├─Dropout: 1-3                           [1, 256]                  --
├─Linear: 1-4                            [1, 2]                    514
==========================================================================================
Total params: 262,914
Trainable params: 262,914
Non-trainable params: 0
Total mult-adds (M): 0.26
==========================================================================================
Input size (MB): 0.00
Forward/backward pass size (MB): 0.00
Params size (MB): 1.05
Estimated Total Size (MB): 1.06
==========================================================================================
[37m2024-06-24 10:30:14,366 [INFO] - Loaded AdamW Optimizer with following hyperparameters:
[37m2024-06-24 10:30:14,371 [INFO] - {'lr': 5e-05, 'betas': [0.85, 0.9], 'weight_decay': 0.00055}
[37m2024-06-24 10:30:14,375 [INFO] - Using early stopping with a range of 10 and maximize strategy
[37m2024-06-24 10:30:14,393 [INFO] - Caching datasets
[37m2024-06-24 10:30:20,442 [INFO] - Instantiate Trainer
[37m2024-06-24 10:30:20,446 [INFO] - Calling Trainer Fit
[37m2024-06-24 10:30:20,449 [INFO] - Starting training, total number of epochs: 50
[37m2024-06-24 10:30:20,454 [INFO] - Epoch: 1/50
[37m2024-06-24 10:30:20,459 [INFO] - Extracting training cells
[37m2024-06-24 10:33:22,363 [INFO] - Extraction detection metrics - F1: 0.672, Precision: 0.641, Recall: 0.774, Detected-Cells: 47448
[37m2024-06-24 10:33:24,976 [INFO] - Training epoch stats:     Loss: 0.4215 - F1-Score: 0.8662 - Accuracy-Score: 0.8240 - AUROC: 0.9109 - AP: 0.9347
[37m2024-06-24 10:33:28,739 [INFO] - Loaded dataset from cache: /OCELOT-Orig/cache/bfeb7101834d8ce2518bc9a605646d8528eb104e9be34cc187c069953e6c8b62.h5
[37m2024-06-24 10:33:29,465 [INFO] - Validation epoch stats:   Loss: 0.3165 - F1-Score: 0.9089 - Accuracy-Score: 0.8838 - AUROC: 0.9385 - AP: 0.9591
[37m2024-06-24 10:33:29,466 [INFO] - New best model - save checkpoint
[37m2024-06-24 10:33:29,661 [INFO] - Epoch: 2/50
[37m2024-06-24 10:33:29,661 [INFO] - Extracting training cells
[37m2024-06-24 10:36:24,085 [INFO] - Extraction detection metrics - F1: 0.666, Precision: 0.637, Recall: 0.767, Detected-Cells: 47142
[37m2024-06-24 10:36:26,573 [INFO] - Training epoch stats:     Loss: 0.2696 - F1-Score: 0.9141 - Accuracy-Score: 0.8925 - AUROC: 0.9535 - AP: 0.9672
[37m2024-06-24 10:36:27,246 [INFO] - Validation epoch stats:   Loss: 0.3333 - F1-Score: 0.8878 - Accuracy-Score: 0.8607 - AUROC: 0.9331 - AP: 0.9560
[37m2024-06-24 10:36:27,315 [INFO] - Epoch: 3/50
[37m2024-06-24 10:36:27,316 [INFO] - Extracting training cells
[37m2024-06-24 10:39:18,589 [INFO] - Extraction detection metrics - F1: 0.668, Precision: 0.638, Recall: 0.770, Detected-Cells: 47701
[37m2024-06-24 10:39:20,969 [INFO] - Training epoch stats:     Loss: 0.2487 - F1-Score: 0.9207 - Accuracy-Score: 0.9019 - AUROC: 0.9597 - AP: 0.9694
[37m2024-06-24 10:39:21,685 [INFO] - Validation epoch stats:   Loss: 0.3559 - F1-Score: 0.8765 - Accuracy-Score: 0.8479 - AUROC: 0.9259 - AP: 0.9502
[37m2024-06-24 10:39:21,754 [INFO] - Epoch: 4/50
[37m2024-06-24 10:39:21,755 [INFO] - Extracting training cells
[37m2024-06-24 10:42:11,528 [INFO] - Extraction detection metrics - F1: 0.671, Precision: 0.642, Recall: 0.769, Detected-Cells: 48244
[37m2024-06-24 10:42:13,080 [INFO] - Training epoch stats:     Loss: 0.2270 - F1-Score: 0.9284 - Accuracy-Score: 0.9114 - AUROC: 0.9669 - AP: 0.9767
[37m2024-06-24 10:42:13,742 [INFO] - Validation epoch stats:   Loss: 0.3503 - F1-Score: 0.8790 - Accuracy-Score: 0.8498 - AUROC: 0.9268 - AP: 0.9503
[37m2024-06-24 10:42:13,815 [INFO] - Epoch: 5/50
[37m2024-06-24 10:42:13,816 [INFO] - Extracting training cells
[37m2024-06-24 10:45:13,028 [INFO] - Extraction detection metrics - F1: 0.672, Precision: 0.643, Recall: 0.772, Detected-Cells: 48620
[37m2024-06-24 10:45:14,967 [INFO] - Training epoch stats:     Loss: 0.2184 - F1-Score: 0.9296 - Accuracy-Score: 0.9134 - AUROC: 0.9691 - AP: 0.9773
[37m2024-06-24 10:45:15,623 [INFO] - Validation epoch stats:   Loss: 0.3732 - F1-Score: 0.8708 - Accuracy-Score: 0.8411 - AUROC: 0.9208 - AP: 0.9464
[37m2024-06-24 10:45:15,697 [INFO] - Epoch: 6/50
[37m2024-06-24 10:45:15,698 [INFO] - Extracting training cells
[37m2024-06-24 10:48:11,179 [INFO] - Extraction detection metrics - F1: 0.671, Precision: 0.640, Recall: 0.768, Detected-Cells: 48333
[37m2024-06-24 10:48:13,472 [INFO] - Training epoch stats:     Loss: 0.2035 - F1-Score: 0.9380 - Accuracy-Score: 0.9227 - AUROC: 0.9728 - AP: 0.9805
[37m2024-06-24 10:48:14,240 [INFO] - Validation epoch stats:   Loss: 0.3678 - F1-Score: 0.8769 - Accuracy-Score: 0.8475 - AUROC: 0.9221 - AP: 0.9453
[37m2024-06-24 10:48:14,325 [INFO] - Epoch: 7/50
[37m2024-06-24 10:48:14,326 [INFO] - Extracting training cells
[37m2024-06-24 10:50:57,873 [INFO] - Extraction detection metrics - F1: 0.668, Precision: 0.639, Recall: 0.768, Detected-Cells: 47913
[37m2024-06-24 10:51:00,881 [INFO] - Training epoch stats:     Loss: 0.1948 - F1-Score: 0.9400 - Accuracy-Score: 0.9258 - AUROC: 0.9747 - AP: 0.9806
[37m2024-06-24 10:51:01,562 [INFO] - Validation epoch stats:   Loss: 0.3713 - F1-Score: 0.8754 - Accuracy-Score: 0.8457 - AUROC: 0.9214 - AP: 0.9452
[37m2024-06-24 10:51:01,740 [INFO] - Epoch: 8/50
[37m2024-06-24 10:51:01,740 [INFO] - Extracting training cells
[37m2024-06-24 10:54:01,838 [INFO] - Extraction detection metrics - F1: 0.662, Precision: 0.632, Recall: 0.765, Detected-Cells: 46533
[37m2024-06-24 10:54:04,468 [INFO] - Training epoch stats:     Loss: 0.2039 - F1-Score: 0.9363 - Accuracy-Score: 0.9218 - AUROC: 0.9723 - AP: 0.9794
[37m2024-06-24 10:54:05,243 [INFO] - Validation epoch stats:   Loss: 0.3917 - F1-Score: 0.8694 - Accuracy-Score: 0.8394 - AUROC: 0.9169 - AP: 0.9436
[37m2024-06-24 10:54:05,315 [INFO] - Epoch: 9/50
[37m2024-06-24 10:54:05,316 [INFO] - Extracting training cells
[37m2024-06-24 10:56:57,534 [INFO] - Extraction detection metrics - F1: 0.673, Precision: 0.640, Recall: 0.775, Detected-Cells: 48258
[37m2024-06-24 10:56:59,566 [INFO] - Training epoch stats:     Loss: 0.1833 - F1-Score: 0.9425 - Accuracy-Score: 0.9281 - AUROC: 0.9782 - AP: 0.9851
[37m2024-06-24 10:57:00,361 [INFO] - Validation epoch stats:   Loss: 0.3953 - F1-Score: 0.8683 - Accuracy-Score: 0.8383 - AUROC: 0.9183 - AP: 0.9464
[37m2024-06-24 10:57:00,432 [INFO] - Epoch: 10/50
[37m2024-06-24 10:57:00,433 [INFO] - Extracting training cells
[37m2024-06-24 10:59:57,069 [INFO] - Extraction detection metrics - F1: 0.672, Precision: 0.641, Recall: 0.773, Detected-Cells: 48227
[37m2024-06-24 10:59:59,572 [INFO] - Training epoch stats:     Loss: 0.1716 - F1-Score: 0.9472 - Accuracy-Score: 0.9347 - AUROC: 0.9806 - AP: 0.9857
[37m2024-06-24 11:00:00,195 [INFO] - Validation epoch stats:   Loss: 0.4172 - F1-Score: 0.8632 - Accuracy-Score: 0.8327 - AUROC: 0.9131 - AP: 0.9433
[37m2024-06-24 11:00:00,279 [INFO] - Epoch: 11/50
[37m2024-06-24 11:00:00,280 [INFO] - Extracting training cells
[37m2024-06-24 11:02:54,765 [INFO] - Extraction detection metrics - F1: 0.662, Precision: 0.632, Recall: 0.762, Detected-Cells: 47704
[37m2024-06-24 11:02:56,662 [INFO] - Training epoch stats:     Loss: 0.1661 - F1-Score: 0.9491 - Accuracy-Score: 0.9371 - AUROC: 0.9819 - AP: 0.9873
[37m2024-06-24 11:02:57,351 [INFO] - Validation epoch stats:   Loss: 0.4225 - F1-Score: 0.8653 - Accuracy-Score: 0.8355 - AUROC: 0.9137 - AP: 0.9430
[37m2024-06-24 11:02:57,352 [INFO] - Performing early stopping!
[37m2024-06-24 11:02:57,363 [INFO] - Finished run qststqre
